Enter the definition file path (1/2) : 
> Enter the definition file path (2/2) : 
> Choose the proof type :
1) Interactive Mode 	 2) Auto Mode
Enter the goal : =================================================
Progress: 1


No conjecture
>>> assert forall (tr:treememo), main (tr) = mainNew (tr)(rank : 0.)


1st goal of : forall (treememo1:treememo), main (treememo1) = mainNew (treememo1)

---------------------------------------
forall (treememo1:treememo), main (treememo1) = mainNew (treememo1)

0 goal(s) more...

0 conjecture(s) more...
Tactic List : 1
intro treememo1(rank:3.)
=================================================
Progress: 2


1st goal of : forall (treememo1:treememo), main (treememo1) = mainNew (treememo1)

---------------------------------------
forall (treememo1:treememo), main (treememo1) = mainNew (treememo1)

0 goal(s) more...

0 conjecture(s) more...
>>> intro treememo1(rank : 3.)


1st goal of : forall (treememo1:treememo), main (treememo1) = mainNew (treememo1)
treememo1 : treememo
---------------------------------------
main (treememo1) = mainNew (treememo1)

0 goal(s) more...

0 conjecture(s) more...
Tactic List : 0
validate generalize_common_subterm_goal
Prop: main (Mleaf (ZERO)) = mainNew (Mleaf (ZERO))
Prop: main (Mleaf (ZERO)) = mainNew (Mleaf (ZERO))
Prop: main (Mnode (ZERO) (ZERO) (Mnode (ZERO) (ZERO) (Mleaf (SUCC (ZERO))) (Mleaf (SUCC (ZERO)))) (Mleaf (ZERO))) = mainNew (Mnode (ZERO) (ZERO) (Mnode (ZERO) (ZERO) (Mleaf (SUCC (ZERO))) (Mleaf (SUCC (ZERO)))) (Mleaf (ZERO)))
Lemma List
forall (treememo1:treememo), main (treememo1) = mainNew (treememo1)
End of Lemma List


1st goal of : forall (treememo1:treememo), main (treememo1) = mainNew (treememo1)
treememo1 : treememo
---------------------------------------
main (treememo1) = mainNew (treememo1)

0 goal(s) more...

0 conjecture(s) more...
=================================================
Progress: 3


1st goal of : forall (treememo1:treememo), main (treememo1) = mainNew (treememo1)
treememo1 : treememo
---------------------------------------
main (treememo1) = mainNew (treememo1)

0 goal(s) more...

0 conjecture(s) more...
>>> assert forall (treememo1:treememo), main (treememo1) = mainNew (treememo1)(rank : 0.)


1st goal of : forall (treememo1:treememo), main (treememo1) = mainNew (treememo1)

---------------------------------------
forall (treememo1:treememo), main (treememo1) = mainNew (treememo1)

0 goal(s) more...

1 conjecture(s) more...
Tactic List : 1
intro treememo1(rank:5.)
=================================================
Progress: 4


1st goal of : forall (treememo1:treememo), main (treememo1) = mainNew (treememo1)

---------------------------------------
forall (treememo1:treememo), main (treememo1) = mainNew (treememo1)

0 goal(s) more...

1 conjecture(s) more...
>>> intro treememo1(rank : 5.)


1st goal of : forall (treememo1:treememo), main (treememo1) = mainNew (treememo1)
treememo1 : treememo
---------------------------------------
main (treememo1) = mainNew (treememo1)

0 goal(s) more...

1 conjecture(s) more...
Tactic List : 0
validate generalize_common_subterm_goal
Prop: main (Mleaf (SUCC (ZERO))) = mainNew (Mleaf (SUCC (ZERO)))
Prop: main (Mnode (ZERO) (ZERO) (Mnode (ZERO) (ZERO) (Mnode (ZERO) (ZERO) (Mleaf (ZERO)) (Mnode (ZERO) (ZERO) (Mleaf (ZERO)) (Mleaf (ZERO)))) (Mleaf (ZERO))) (Mleaf (SUCC (SUCC (ZERO))))) = mainNew (Mnode (ZERO) (ZERO) (Mnode (ZERO) (ZERO) (Mnode (ZERO) (ZERO) (Mleaf (ZERO)) (Mnode (ZERO) (ZERO) (Mleaf (ZERO)) (Mleaf (ZERO)))) (Mleaf (ZERO))) (Mleaf (SUCC (SUCC (ZERO)))))
Prop: main (Mleaf (SUCC (ZERO))) = mainNew (Mleaf (SUCC (ZERO)))
Fatal error: exception Failure("worklist is empty")
Raised at Stdlib.failwith in file "stdlib.ml", line 29, characters 17-33
Called from Dilemma__Engine.proof_auto in file "lib/engine.ml", line 284, characters 8-69
Called from Dune__exe__Main.main in file "bin/main.ml", line 24, characters 12-79
