Enter the definition file path (1/2) : 
> Enter the definition file path (2/2) : 
> Choose the proof type :
1) Interactive Mode 	 2) Auto Mode
Enter the goal : =================================================
Progress: 1


No conjecture
>>> assert forall (lst:clist), main (lst) = mainNew (lst)(rank : 0.)


1st goal of : forall (clist1:clist), main (clist1) = mainNew (clist1)

---------------------------------------
forall (clist1:clist), main (clist1) = mainNew (clist1)

0 goal(s) more...

0 conjecture(s) more...
Tactic List : 1
simpl in goal(rank:3.)
=================================================
Progress: 2


1st goal of : forall (clist1:clist), main (clist1) = mainNew (clist1)

---------------------------------------
forall (clist1:clist), main (clist1) = mainNew (clist1)

0 goal(s) more...

0 conjecture(s) more...
>>> simpl in goal(rank : 3.)


1st goal of : forall (clist1:clist), main (clist1) = mainNew (clist1)

---------------------------------------
forall (clist1:clist), match (tf4 (tf2 (clist1))) with
| Tuple2 a _ -> a = match (tf6 (clist1)) with
| Tuple2 a _ -> a

0 goal(s) more...

0 conjecture(s) more...
Tactic List : 1
intro clist1(rank:3.)
=================================================
Progress: 3


1st goal of : forall (clist1:clist), main (clist1) = mainNew (clist1)

---------------------------------------
forall (clist1:clist), match (tf4 (tf2 (clist1))) with
| Tuple2 a _ -> a = match (tf6 (clist1)) with
| Tuple2 a _ -> a

0 goal(s) more...

0 conjecture(s) more...
>>> intro clist1(rank : 3.)


1st goal of : forall (clist1:clist), main (clist1) = mainNew (clist1)
clist1 : clist
---------------------------------------
match (tf4 (tf2 (clist1))) with
| Tuple2 a _ -> a = match (tf6 (clist1)) with
| Tuple2 a _ -> a

0 goal(s) more...

0 conjecture(s) more...
Tactic List : 2
case tf4 (tf2 (clist1))(rank:3.)
case tf6 (clist1)(rank:3.)
=================================================
Progress: 4


1st goal of : forall (clist1:clist), main (clist1) = mainNew (clist1)
clist1 : clist
---------------------------------------
match (tf4 (tf2 (clist1))) with
| Tuple2 a _ -> a = match (tf6 (clist1)) with
| Tuple2 a _ -> a

0 goal(s) more...

0 conjecture(s) more...
>>> case tf4 (tf2 (clist1))(rank : 3.)


1st goal of : forall (clist1:clist), main (clist1) = mainNew (clist1)
clist1 : clist
Case1 : tf4 (tf2 (clist1)) = Tuple2 (nat1) (nat2)
---------------------------------------
nat1 = match (tf6 (clist1)) with
| Tuple2 a _ -> a

0 goal(s) more...

0 conjecture(s) more...
Tactic List : 0
validate generalize_common_subterm_goal
Prop: ZERO = match (tf6 (Single (ZERO))) with
| Tuple2 a _ -> a
Prop: ZERO = match (tf6 (Cnil)) with
| Tuple2 a _ -> a
Prop: ZERO = match (tf6 (Cnil)) with
| Tuple2 a _ -> a
Lemma List
forall (clist1:clist) (nat1:nat), nat1 = match (tf6 (clist1)) with
| Tuple2 a _ -> a
End of Lemma List


1st goal of : forall (clist1:clist), main (clist1) = mainNew (clist1)
clist1 : clist
Case1 : tf4 (tf2 (clist1)) = Tuple2 (nat1) (nat2)
---------------------------------------
nat1 = match (tf6 (clist1)) with
| Tuple2 a _ -> a

0 goal(s) more...

0 conjecture(s) more...
=================================================
Progress: 5


1st goal of : forall (clist1:clist), main (clist1) = mainNew (clist1)
clist1 : clist
Case1 : tf4 (tf2 (clist1)) = Tuple2 (nat1) (nat2)
---------------------------------------
nat1 = match (tf6 (clist1)) with
| Tuple2 a _ -> a

0 goal(s) more...

0 conjecture(s) more...
>>> assert forall (clist1:clist) (nat1:nat), nat1 = match (tf6 (clist1)) with
| Tuple2 a _ -> a(rank : 0.)


1st goal of : forall (clist1:clist) (nat1:nat), nat1 = match (tf6 (clist1)) with
| Tuple2 a _ -> a

---------------------------------------
forall (clist1:clist) (nat1:nat), nat1 = match (tf6 (clist1)) with
| Tuple2 a _ -> a

0 goal(s) more...

1 conjecture(s) more...
Tactic List : 2
intro clist1(rank:5.)
intro nat1(rank:5.)
=================================================
Progress: 6


1st goal of : forall (clist1:clist), main (clist1) = mainNew (clist1)
clist1 : clist
---------------------------------------
match (tf4 (tf2 (clist1))) with
| Tuple2 a _ -> a = match (tf6 (clist1)) with
| Tuple2 a _ -> a

0 goal(s) more...

0 conjecture(s) more...
>>> case tf6 (clist1)(rank : 3.)


1st goal of : forall (clist1:clist), main (clist1) = mainNew (clist1)
clist1 : clist
Case1 : tf6 (clist1) = Tuple2 (nat1) (nat2)
---------------------------------------
match (tf4 (tf2 (clist1))) with
| Tuple2 a _ -> a = nat1

0 goal(s) more...

0 conjecture(s) more...
Tactic List : 0
validate generalize_common_subterm_goal
Prop: match (tf4 (tf2 (ConCats (Cnil) (Single (ZERO))))) with
| Tuple2 a _ -> a = ZERO
Prop: match (tf4 (tf2 (Single (SUCC (ZERO))))) with
| Tuple2 a _ -> a = ZERO
Prop: match (tf4 (tf2 (ConCats (Cnil) (Single (SUCC (ZERO)))))) with
| Tuple2 a _ -> a = ZERO
asdf
=================================================
Progress: 7


1st goal of : forall (clist1:clist) (nat1:nat), nat1 = match (tf6 (clist1)) with
| Tuple2 a _ -> a

---------------------------------------
forall (clist1:clist) (nat1:nat), nat1 = match (tf6 (clist1)) with
| Tuple2 a _ -> a

0 goal(s) more...

1 conjecture(s) more...
>>> intro clist1(rank : 5.)


1st goal of : forall (clist1:clist) (nat1:nat), nat1 = match (tf6 (clist1)) with
| Tuple2 a _ -> a
clist1 : clist
---------------------------------------
forall (nat1:nat), nat1 = match (tf6 (clist1)) with
| Tuple2 a _ -> a

0 goal(s) more...

1 conjecture(s) more...
Tactic List : 1
intro nat1(rank:5.)
=================================================
Progress: 8


1st goal of : forall (clist1:clist) (nat1:nat), nat1 = match (tf6 (clist1)) with
| Tuple2 a _ -> a

---------------------------------------
forall (clist1:clist) (nat1:nat), nat1 = match (tf6 (clist1)) with
| Tuple2 a _ -> a

0 goal(s) more...

1 conjecture(s) more...
>>> intro nat1(rank : 5.)


1st goal of : forall (clist1:clist) (nat1:nat), nat1 = match (tf6 (clist1)) with
| Tuple2 a _ -> a
nat1 : nat
---------------------------------------
forall (clist1:clist), nat1 = match (tf6 (clist1)) with
| Tuple2 a _ -> a

0 goal(s) more...

1 conjecture(s) more...
Tactic List : 0
validate generalize_common_subterm_goal
Prop: ZERO = match (tf6 (Single (ZERO))) with
| Tuple2 a _ -> a
Prop: ZERO = match (tf6 (Cnil)) with
| Tuple2 a _ -> a
Prop: ZERO = match (tf6 (Cnil)) with
| Tuple2 a _ -> a
Lemma List
forall (clist1:clist) (nat1:nat), nat1 = match (tf6 (clist1)) with
| Tuple2 a _ -> a
End of Lemma List


1st goal of : forall (clist1:clist) (nat1:nat), nat1 = match (tf6 (clist1)) with
| Tuple2 a _ -> a
nat1 : nat
---------------------------------------
forall (clist1:clist), nat1 = match (tf6 (clist1)) with
| Tuple2 a _ -> a

0 goal(s) more...

1 conjecture(s) more...
=================================================
Progress: 9


1st goal of : forall (clist1:clist) (nat1:nat), nat1 = match (tf6 (clist1)) with
| Tuple2 a _ -> a
nat1 : nat
---------------------------------------
forall (clist1:clist), nat1 = match (tf6 (clist1)) with
| Tuple2 a _ -> a

0 goal(s) more...

1 conjecture(s) more...
>>> assert forall (clist1:clist) (nat1:nat), nat1 = match (tf6 (clist1)) with
| Tuple2 a _ -> a(rank : 0.)


1st goal of : forall (clist1:clist) (nat1:nat), nat1 = match (tf6 (clist1)) with
| Tuple2 a _ -> a

---------------------------------------
forall (clist1:clist) (nat1:nat), nat1 = match (tf6 (clist1)) with
| Tuple2 a _ -> a

0 goal(s) more...

2 conjecture(s) more...
Tactic List : 2
intro clist1(rank:7.)
intro nat1(rank:7.)
=================================================
Progress: 10


1st goal of : forall (clist1:clist) (nat1:nat), nat1 = match (tf6 (clist1)) with
| Tuple2 a _ -> a
clist1 : clist
---------------------------------------
forall (nat1:nat), nat1 = match (tf6 (clist1)) with
| Tuple2 a _ -> a

0 goal(s) more...

1 conjecture(s) more...
>>> intro nat1(rank : 5.)


1st goal of : forall (clist1:clist) (nat1:nat), nat1 = match (tf6 (clist1)) with
| Tuple2 a _ -> a
clist1 : clist
nat1 : nat
---------------------------------------
nat1 = match (tf6 (clist1)) with
| Tuple2 a _ -> a

0 goal(s) more...

1 conjecture(s) more...
Tactic List : 0
validate generalize_common_subterm_goal
Prop: SUCC (ZERO) = match (tf6 (Cnil)) with
| Tuple2 a _ -> a
Prop: SUCC (ZERO) = match (tf6 (Cnil)) with
| Tuple2 a _ -> a
Prop: SUCC (ZERO) = match (tf6 (ConCats (Single (ZERO)) (ConCats (ConCats (ConCats (ConCats (ConCats (Cnil) (ConCats (Single (ZERO)) (Single (SUCC (ZERO))))) (Single (ZERO))) (Single (ZERO))) (Cnil)) (ConCats (Single (SUCC (ZERO))) (Cnil))))) with
| Tuple2 a _ -> a
asdf
=================================================
Progress: 11


1st goal of : forall (clist1:clist) (nat1:nat), nat1 = match (tf6 (clist1)) with
| Tuple2 a _ -> a

---------------------------------------
forall (clist1:clist) (nat1:nat), nat1 = match (tf6 (clist1)) with
| Tuple2 a _ -> a

0 goal(s) more...

2 conjecture(s) more...
>>> intro clist1(rank : 7.)


1st goal of : forall (clist1:clist) (nat1:nat), nat1 = match (tf6 (clist1)) with
| Tuple2 a _ -> a
clist1 : clist
---------------------------------------
forall (nat1:nat), nat1 = match (tf6 (clist1)) with
| Tuple2 a _ -> a

0 goal(s) more...

2 conjecture(s) more...
Tactic List : 1
intro nat1(rank:7.)
=================================================
Progress: 12


1st goal of : forall (clist1:clist) (nat1:nat), nat1 = match (tf6 (clist1)) with
| Tuple2 a _ -> a

---------------------------------------
forall (clist1:clist) (nat1:nat), nat1 = match (tf6 (clist1)) with
| Tuple2 a _ -> a

0 goal(s) more...

2 conjecture(s) more...
>>> intro nat1(rank : 7.)


1st goal of : forall (clist1:clist) (nat1:nat), nat1 = match (tf6 (clist1)) with
| Tuple2 a _ -> a
nat1 : nat
---------------------------------------
forall (clist1:clist), nat1 = match (tf6 (clist1)) with
| Tuple2 a _ -> a

0 goal(s) more...

2 conjecture(s) more...
Tactic List : 0
validate generalize_common_subterm_goal
Prop: ZERO = match (tf6 (Cnil)) with
| Tuple2 a _ -> a
Prop: ZERO = match (tf6 (Cnil)) with
| Tuple2 a _ -> a
Prop: SUCC (ZERO) = match (tf6 (ConCats (Cnil) (Cnil))) with
| Tuple2 a _ -> a
asdf
=================================================
Progress: 13


1st goal of : forall (clist1:clist) (nat1:nat), nat1 = match (tf6 (clist1)) with
| Tuple2 a _ -> a
clist1 : clist
---------------------------------------
forall (nat1:nat), nat1 = match (tf6 (clist1)) with
| Tuple2 a _ -> a

0 goal(s) more...

2 conjecture(s) more...
>>> intro nat1(rank : 7.)


1st goal of : forall (clist1:clist) (nat1:nat), nat1 = match (tf6 (clist1)) with
| Tuple2 a _ -> a
clist1 : clist
nat1 : nat
---------------------------------------
nat1 = match (tf6 (clist1)) with
| Tuple2 a _ -> a

0 goal(s) more...

2 conjecture(s) more...
Tactic List : 0
validate generalize_common_subterm_goal
Prop: ZERO = match (tf6 (Cnil)) with
| Tuple2 a _ -> a
Prop: SUCC (ZERO) = match (tf6 (ConCats (Single (SUCC (ZERO))) (ConCats (ConCats (Single (ZERO)) (ConCats (Cnil) (Single (ZERO)))) (Cnil)))) with
| Tuple2 a _ -> a
Prop: SUCC (SUCC (ZERO)) = match (tf6 (ConCats (Cnil) (ConCats (Single (ZERO)) (Cnil)))) with
| Tuple2 a _ -> a
asdf
Fatal error: exception Failure("worklist is empty")
Raised at Stdlib.failwith in file "stdlib.ml", line 29, characters 17-33
Called from Dilemma__Engine.proof_auto in file "lib/engine.ml", line 284, characters 8-69
Called from Dune__exe__Main.main in file "bin/main.ml", line 24, characters 12-79
