Enter the definition file path (1/2) : 
> Enter the definition file path (2/2) : 
> Choose the proof type :
1) Interactive Mode 	 2) Auto Mode
Enter the goal : =================================================
Progress: 1


No conjecture
>>> assert forall (lst:clist), main (lst) = mainNew (lst)(rank : 0.)


1st goal of : forall (clist1:clist), main (clist1) = mainNew (clist1)

---------------------------------------
forall (clist1:clist), main (clist1) = mainNew (clist1)

0 goal(s) more...

0 conjecture(s) more...
Tactic List : 1
simpl in goal(rank:3.)
=================================================
Progress: 2


1st goal of : forall (clist1:clist), main (clist1) = mainNew (clist1)

---------------------------------------
forall (clist1:clist), main (clist1) = mainNew (clist1)

0 goal(s) more...

0 conjecture(s) more...
>>> simpl in goal(rank : 3.)


1st goal of : forall (clist1:clist), main (clist1) = mainNew (clist1)

---------------------------------------
forall (clist1:clist), if tf0 (clist1) then spec (repr (target (clist1))) else ZERO = if tf0 (clist1) then ZERO else ZERO

0 goal(s) more...

0 conjecture(s) more...
Tactic List : 1
intro clist1(rank:3.)
=================================================
Progress: 3


1st goal of : forall (clist1:clist), main (clist1) = mainNew (clist1)

---------------------------------------
forall (clist1:clist), if tf0 (clist1) then spec (repr (target (clist1))) else ZERO = if tf0 (clist1) then ZERO else ZERO

0 goal(s) more...

0 conjecture(s) more...
>>> intro clist1(rank : 3.)


1st goal of : forall (clist1:clist), main (clist1) = mainNew (clist1)
clist1 : clist
---------------------------------------
if tf0 (clist1) then spec (repr (target (clist1))) else ZERO = if tf0 (clist1) then ZERO else ZERO

0 goal(s) more...

0 conjecture(s) more...
Tactic List : 1
case tf0 (clist1)(rank:4.)
=================================================
Progress: 4


1st goal of : forall (clist1:clist), main (clist1) = mainNew (clist1)
clist1 : clist
---------------------------------------
if tf0 (clist1) then spec (repr (target (clist1))) else ZERO = if tf0 (clist1) then ZERO else ZERO

0 goal(s) more...

0 conjecture(s) more...
>>> case tf0 (clist1)(rank : 4.)


1st goal of : forall (clist1:clist), main (clist1) = mainNew (clist1)
clist1 : clist
Case1 : tf0 (clist1) = true
---------------------------------------
match (tf6 (tf4 (tf8 (clist1)))) with
| Tuple2 _ b -> b = ZERO

1 goal(s) more...

0 conjecture(s) more...
Tactic List : 0
validate generalize_common_subterm_goal
Prop: match (tf6 (tf4 (tf8 (Cnil)))) with
| Tuple2 _ b -> b = ZERO
Prop: match (tf6 (tf4 (tf8 (Single (ZERO))))) with
| Tuple2 _ b -> b = ZERO
Prop: match (tf6 (tf4 (tf8 (Concats (Cnil) (Cnil))))) with
| Tuple2 _ b -> b = ZERO
Lemma List
forall (clist1:clist), tf0 (clist1) = true -> match (tf6 (tf4 (tf8 (clist1)))) with
| Tuple2 _ b -> b = ZERO
End of Lemma List


1st goal of : forall (clist1:clist), main (clist1) = mainNew (clist1)
clist1 : clist
Case1 : tf0 (clist1) = true
---------------------------------------
match (tf6 (tf4 (tf8 (clist1)))) with
| Tuple2 _ b -> b = ZERO

1 goal(s) more...

0 conjecture(s) more...
=================================================
Progress: 5


1st goal of : forall (clist1:clist), main (clist1) = mainNew (clist1)
clist1 : clist
Case1 : tf0 (clist1) = true
---------------------------------------
match (tf6 (tf4 (tf8 (clist1)))) with
| Tuple2 _ b -> b = ZERO

1 goal(s) more...

0 conjecture(s) more...
>>> assert forall (clist1:clist), tf0 (clist1) = true -> match (tf6 (tf4 (tf8 (clist1)))) with
| Tuple2 _ b -> b = ZERO(rank : 0.)


1st goal of : forall (clist1:clist), tf0 (clist1) = true -> match (tf6 (tf4 (tf8 (clist1)))) with
| Tuple2 _ b -> b = ZERO

---------------------------------------
forall (clist1:clist), tf0 (clist1) = true -> match (tf6 (tf4 (tf8 (clist1)))) with
| Tuple2 _ b -> b = ZERO

0 goal(s) more...

1 conjecture(s) more...
Tactic List : 1
intro clist1(rank:5.)
=================================================
Progress: 6


1st goal of : forall (clist1:clist), tf0 (clist1) = true -> match (tf6 (tf4 (tf8 (clist1)))) with
| Tuple2 _ b -> b = ZERO

---------------------------------------
forall (clist1:clist), tf0 (clist1) = true -> match (tf6 (tf4 (tf8 (clist1)))) with
| Tuple2 _ b -> b = ZERO

0 goal(s) more...

1 conjecture(s) more...
>>> intro clist1(rank : 5.)


1st goal of : forall (clist1:clist), tf0 (clist1) = true -> match (tf6 (tf4 (tf8 (clist1)))) with
| Tuple2 _ b -> b = ZERO
clist1 : clist
---------------------------------------
tf0 (clist1) = true -> match (tf6 (tf4 (tf8 (clist1)))) with
| Tuple2 _ b -> b = ZERO

0 goal(s) more...

1 conjecture(s) more...
Tactic List : 1
intro Cond1(rank:5.)
=================================================
Progress: 7


1st goal of : forall (clist1:clist), tf0 (clist1) = true -> match (tf6 (tf4 (tf8 (clist1)))) with
| Tuple2 _ b -> b = ZERO
clist1 : clist
---------------------------------------
tf0 (clist1) = true -> match (tf6 (tf4 (tf8 (clist1)))) with
| Tuple2 _ b -> b = ZERO

0 goal(s) more...

1 conjecture(s) more...
>>> intro Cond1(rank : 5.)


1st goal of : forall (clist1:clist), tf0 (clist1) = true -> match (tf6 (tf4 (tf8 (clist1)))) with
| Tuple2 _ b -> b = ZERO
clist1 : clist
Cond1 : tf0 (clist1) = true
---------------------------------------
match (tf6 (tf4 (tf8 (clist1)))) with
| Tuple2 _ b -> b = ZERO

0 goal(s) more...

1 conjecture(s) more...
Tactic List : 0
validate generalize_common_subterm_goal
Prop: match (tf6 (tf4 (tf8 (Cnil)))) with
| Tuple2 _ b -> b = ZERO
Prop: match (tf6 (tf4 (tf8 (Single (SUCC (SUCC (SUCC (ZERO)))))))) with
| Tuple2 _ b -> b = ZERO
Prop: match (tf6 (tf4 (tf8 (Cnil)))) with
| Tuple2 _ b -> b = ZERO
Lemma List
forall (clist1:clist), tf0 (clist1) = true -> match (tf6 (tf4 (tf8 (clist1)))) with
| Tuple2 _ b -> b = ZERO
End of Lemma List


1st goal of : forall (clist1:clist), tf0 (clist1) = true -> match (tf6 (tf4 (tf8 (clist1)))) with
| Tuple2 _ b -> b = ZERO
clist1 : clist
Cond1 : tf0 (clist1) = true
---------------------------------------
match (tf6 (tf4 (tf8 (clist1)))) with
| Tuple2 _ b -> b = ZERO

0 goal(s) more...

1 conjecture(s) more...
=================================================
Progress: 8


1st goal of : forall (clist1:clist), tf0 (clist1) = true -> match (tf6 (tf4 (tf8 (clist1)))) with
| Tuple2 _ b -> b = ZERO
clist1 : clist
Cond1 : tf0 (clist1) = true
---------------------------------------
match (tf6 (tf4 (tf8 (clist1)))) with
| Tuple2 _ b -> b = ZERO

0 goal(s) more...

1 conjecture(s) more...
>>> assert forall (clist1:clist), tf0 (clist1) = true -> match (tf6 (tf4 (tf8 (clist1)))) with
| Tuple2 _ b -> b = ZERO(rank : 0.)


1st goal of : forall (clist1:clist), tf0 (clist1) = true -> match (tf6 (tf4 (tf8 (clist1)))) with
| Tuple2 _ b -> b = ZERO

---------------------------------------
forall (clist1:clist), tf0 (clist1) = true -> match (tf6 (tf4 (tf8 (clist1)))) with
| Tuple2 _ b -> b = ZERO

0 goal(s) more...

2 conjecture(s) more...
Tactic List : 1
intro clist1(rank:7.)
=================================================
Progress: 9


1st goal of : forall (clist1:clist), tf0 (clist1) = true -> match (tf6 (tf4 (tf8 (clist1)))) with
| Tuple2 _ b -> b = ZERO

---------------------------------------
forall (clist1:clist), tf0 (clist1) = true -> match (tf6 (tf4 (tf8 (clist1)))) with
| Tuple2 _ b -> b = ZERO

0 goal(s) more...

2 conjecture(s) more...
>>> intro clist1(rank : 7.)


1st goal of : forall (clist1:clist), tf0 (clist1) = true -> match (tf6 (tf4 (tf8 (clist1)))) with
| Tuple2 _ b -> b = ZERO
clist1 : clist
---------------------------------------
tf0 (clist1) = true -> match (tf6 (tf4 (tf8 (clist1)))) with
| Tuple2 _ b -> b = ZERO

0 goal(s) more...

2 conjecture(s) more...
Tactic List : 1
intro Cond1(rank:7.)
=================================================
Progress: 10


1st goal of : forall (clist1:clist), tf0 (clist1) = true -> match (tf6 (tf4 (tf8 (clist1)))) with
| Tuple2 _ b -> b = ZERO
clist1 : clist
---------------------------------------
tf0 (clist1) = true -> match (tf6 (tf4 (tf8 (clist1)))) with
| Tuple2 _ b -> b = ZERO

0 goal(s) more...

2 conjecture(s) more...
>>> intro Cond1(rank : 7.)


1st goal of : forall (clist1:clist), tf0 (clist1) = true -> match (tf6 (tf4 (tf8 (clist1)))) with
| Tuple2 _ b -> b = ZERO
clist1 : clist
Cond1 : tf0 (clist1) = true
---------------------------------------
match (tf6 (tf4 (tf8 (clist1)))) with
| Tuple2 _ b -> b = ZERO

0 goal(s) more...

2 conjecture(s) more...
Tactic List : 0
validate generalize_common_subterm_goal
Prop: match (tf6 (tf4 (tf8 (Single (ZERO))))) with
| Tuple2 _ b -> b = ZERO
Prop: match (tf6 (tf4 (tf8 (Concats (Cnil) (Concats (Cnil) (Concats (Cnil) (Cnil))))))) with
| Tuple2 _ b -> b = ZERO
Prop: match (tf6 (tf4 (tf8 (Cnil)))) with
| Tuple2 _ b -> b = ZERO
Fatal error: exception Failure("worklist is empty")
Raised at Stdlib.failwith in file "stdlib.ml", line 29, characters 17-33
Called from Dilemma__Engine.proof_auto in file "lib/engine.ml", line 284, characters 8-69
Called from Dune__exe__Main.main in file "bin/main.ml", line 24, characters 12-79
