Enter the definition file path (1/2) : 
> Enter the definition file path (2/2) : 
> Choose the proof type :
1) Interactive Mode 	 2) Auto Mode
Enter the goal : =================================================
Progress: 1


No conjecture
>>> assert forall (lst:clist), main (lst) = mainNew (lst)(rank : 0.)


1st goal of : forall (clist1:clist), main (clist1) = mainNew (clist1)

---------------------------------------
forall (clist1:clist), main (clist1) = mainNew (clist1)

0 goal(s) more...

0 conjecture(s) more...
Tactic List : 1
simpl in goal(rank:3.)
=================================================
Progress: 2


1st goal of : forall (clist1:clist), main (clist1) = mainNew (clist1)

---------------------------------------
forall (clist1:clist), main (clist1) = mainNew (clist1)

0 goal(s) more...

0 conjecture(s) more...
>>> simpl in goal(rank : 3.)


1st goal of : forall (clist1:clist), main (clist1) = mainNew (clist1)

---------------------------------------
forall (clist1:clist), match (tf1 (repr (clist1))) with
| Tuple2 _ b -> b = match (reprNew (clist1)) with
| Tuple2 a _ -> a

0 goal(s) more...

0 conjecture(s) more...
Tactic List : 1
induction clist1(rank:4.)
=================================================
Progress: 3


1st goal of : forall (clist1:clist), main (clist1) = mainNew (clist1)

---------------------------------------
forall (clist1:clist), match (tf1 (repr (clist1))) with
| Tuple2 _ b -> b = match (reprNew (clist1)) with
| Tuple2 a _ -> a

0 goal(s) more...

0 conjecture(s) more...
>>> induction clist1(rank : 4.)


1st goal of : forall (clist1:clist), main (clist1) = mainNew (clist1)
clist1 : clist
nat1 : nat
Base1 : clist1 = Single (nat1)
---------------------------------------
match (tf1 (repr (Single (nat1)))) with
| Tuple2 _ b -> b = match (reprNew (Single (nat1))) with
| Tuple2 a _ -> a

1 goal(s) more...

0 conjecture(s) more...
Tactic List : 1
reflexivity(rank:3.)
=================================================
Progress: 4


1st goal of : forall (clist1:clist), main (clist1) = mainNew (clist1)
clist1 : clist
nat1 : nat
Base1 : clist1 = Single (nat1)
---------------------------------------
match (tf1 (repr (Single (nat1)))) with
| Tuple2 _ b -> b = match (reprNew (Single (nat1))) with
| Tuple2 a _ -> a

1 goal(s) more...

0 conjecture(s) more...
>>> reflexivity(rank : 3.)


1st goal of : forall (clist1:clist), main (clist1) = mainNew (clist1)
clist1 : clist
clist2 : clist
clist3 : clist
IH1 : match (tf1 (repr (clist2))) with
| Tuple2 _ b -> b = match (reprNew (clist2)) with
| Tuple2 a _ -> a
IH2 : match (tf1 (repr (clist3))) with
| Tuple2 _ b -> b = match (reprNew (clist3)) with
| Tuple2 a _ -> a
Inductive1 : clist1 = Concats (clist2) (clist3)
---------------------------------------
match (tf1 (repr (Concats (clist2) (clist3)))) with
| Tuple2 _ b -> b = match (reprNew (Concats (clist2) (clist3))) with
| Tuple2 a _ -> a

0 goal(s) more...

0 conjecture(s) more...
Deduplication: 0
Tactic List : 1
simpl in goal(rank:3.)
=================================================
Progress: 5


1st goal of : forall (clist1:clist), main (clist1) = mainNew (clist1)
clist1 : clist
clist2 : clist
clist3 : clist
IH1 : match (tf1 (repr (clist2))) with
| Tuple2 _ b -> b = match (reprNew (clist2)) with
| Tuple2 a _ -> a
IH2 : match (tf1 (repr (clist3))) with
| Tuple2 _ b -> b = match (reprNew (clist3)) with
| Tuple2 a _ -> a
Inductive1 : clist1 = Concats (clist2) (clist3)
---------------------------------------
match (tf1 (repr (Concats (clist2) (clist3)))) with
| Tuple2 _ b -> b = match (reprNew (Concats (clist2) (clist3))) with
| Tuple2 a _ -> a

0 goal(s) more...

0 conjecture(s) more...
>>> simpl in goal(rank : 3.)


1st goal of : forall (clist1:clist), main (clist1) = mainNew (clist1)
clist1 : clist
clist2 : clist
clist3 : clist
IH1 : match (tf1 (repr (clist2))) with
| Tuple2 _ b -> b = match (reprNew (clist2)) with
| Tuple2 a _ -> a
IH2 : match (tf1 (repr (clist3))) with
| Tuple2 _ b -> b = match (reprNew (clist3)) with
| Tuple2 a _ -> a
Inductive1 : clist1 = Concats (clist2) (clist3)
---------------------------------------
match (tf1 (tf3 (repr (clist3)) (repr (clist2)))) with
| Tuple2 _ b -> b = if lq (match (reprNew (clist2)) with
| Tuple2 _ b -> b) (match (reprNew (clist3)) with
| Tuple2 _ b -> b) then fst3 (reprNew (clist2)) else if nat_eq (snd3 (reprNew (clist3))) (snd3 (reprNew (clist2))) then plus (fst3 (reprNew (clist3))) (fst3 (reprNew (clist2))) else fst3 (reprNew (clist3))

0 goal(s) more...

0 conjecture(s) more...
Tactic List : 1
case lq (match (reprNew (clist2)) with
| Tuple2 _ b -> b) (match (reprNew (clist3)) with
| Tuple2 _ b -> b)(rank:4.)
=================================================
Progress: 6


1st goal of : forall (clist1:clist), main (clist1) = mainNew (clist1)
clist1 : clist
clist2 : clist
clist3 : clist
IH1 : match (tf1 (repr (clist2))) with
| Tuple2 _ b -> b = match (reprNew (clist2)) with
| Tuple2 a _ -> a
IH2 : match (tf1 (repr (clist3))) with
| Tuple2 _ b -> b = match (reprNew (clist3)) with
| Tuple2 a _ -> a
Inductive1 : clist1 = Concats (clist2) (clist3)
---------------------------------------
match (tf1 (tf3 (repr (clist3)) (repr (clist2)))) with
| Tuple2 _ b -> b = if lq (match (reprNew (clist2)) with
| Tuple2 _ b -> b) (match (reprNew (clist3)) with
| Tuple2 _ b -> b) then fst3 (reprNew (clist2)) else if nat_eq (snd3 (reprNew (clist3))) (snd3 (reprNew (clist2))) then plus (fst3 (reprNew (clist3))) (fst3 (reprNew (clist2))) else fst3 (reprNew (clist3))

0 goal(s) more...

0 conjecture(s) more...
>>> case lq (match (reprNew (clist2)) with
| Tuple2 _ b -> b) (match (reprNew (clist3)) with
| Tuple2 _ b -> b)(rank : 4.)


1st goal of : forall (clist1:clist), main (clist1) = mainNew (clist1)
clist1 : clist
clist2 : clist
clist3 : clist
IH1 : match (tf1 (repr (clist2))) with
| Tuple2 _ b -> b = match (reprNew (clist2)) with
| Tuple2 a _ -> a
IH2 : match (tf1 (repr (clist3))) with
| Tuple2 _ b -> b = match (reprNew (clist3)) with
| Tuple2 a _ -> a
Inductive1 : clist1 = Concats (clist2) (clist3)
Case1 : lq (match (reprNew (clist2)) with
| Tuple2 _ b -> b) (match (reprNew (clist3)) with
| Tuple2 _ b -> b) = true
---------------------------------------
match (tf1 (tf3 (repr (clist3)) (repr (clist2)))) with
| Tuple2 _ b -> b = match (reprNew (clist2)) with
| Tuple2 a _ -> a

1 goal(s) more...

0 conjecture(s) more...
Tactic List : 3
rewrite <- IH1 in goal at 0(rank:12.)
case reprNew (clist2)(rank:28.)
case tf1 (tf3 (repr (clist3)) (repr (clist2)))(rank:28.)
=================================================
Progress: 7


1st goal of : forall (clist1:clist), main (clist1) = mainNew (clist1)
clist1 : clist
clist2 : clist
clist3 : clist
IH1 : match (tf1 (repr (clist2))) with
| Tuple2 _ b -> b = match (reprNew (clist2)) with
| Tuple2 a _ -> a
IH2 : match (tf1 (repr (clist3))) with
| Tuple2 _ b -> b = match (reprNew (clist3)) with
| Tuple2 a _ -> a
Inductive1 : clist1 = Concats (clist2) (clist3)
Case1 : lq (match (reprNew (clist2)) with
| Tuple2 _ b -> b) (match (reprNew (clist3)) with
| Tuple2 _ b -> b) = true
---------------------------------------
match (tf1 (tf3 (repr (clist3)) (repr (clist2)))) with
| Tuple2 _ b -> b = match (reprNew (clist2)) with
| Tuple2 a _ -> a

1 goal(s) more...

0 conjecture(s) more...
>>> rewrite <- IH1 in goal at 0(rank : 12.)


1st goal of : forall (clist1:clist), main (clist1) = mainNew (clist1)
clist1 : clist
clist2 : clist
clist3 : clist
IH1 : match (tf1 (repr (clist2))) with
| Tuple2 _ b -> b = match (reprNew (clist2)) with
| Tuple2 a _ -> a
IH2 : match (tf1 (repr (clist3))) with
| Tuple2 _ b -> b = match (reprNew (clist3)) with
| Tuple2 a _ -> a
Inductive1 : clist1 = Concats (clist2) (clist3)
Case1 : lq (match (reprNew (clist2)) with
| Tuple2 _ b -> b) (match (reprNew (clist3)) with
| Tuple2 _ b -> b) = true
---------------------------------------
match (tf1 (tf3 (repr (clist3)) (repr (clist2)))) with
| Tuple2 _ b -> b = match (tf1 (repr (clist2))) with
| Tuple2 _ b -> b

1 goal(s) more...

0 conjecture(s) more...
Tactic List : 2
case tf1 (repr (clist2))(rank:4.)
case tf1 (tf3 (repr (clist3)) (repr (clist2)))(rank:4.)
=================================================
Progress: 8


1st goal of : forall (clist1:clist), main (clist1) = mainNew (clist1)
clist1 : clist
clist2 : clist
clist3 : clist
IH1 : match (tf1 (repr (clist2))) with
| Tuple2 _ b -> b = match (reprNew (clist2)) with
| Tuple2 a _ -> a
IH2 : match (tf1 (repr (clist3))) with
| Tuple2 _ b -> b = match (reprNew (clist3)) with
| Tuple2 a _ -> a
Inductive1 : clist1 = Concats (clist2) (clist3)
Case1 : lq (match (reprNew (clist2)) with
| Tuple2 _ b -> b) (match (reprNew (clist3)) with
| Tuple2 _ b -> b) = true
---------------------------------------
match (tf1 (tf3 (repr (clist3)) (repr (clist2)))) with
| Tuple2 _ b -> b = match (tf1 (repr (clist2))) with
| Tuple2 _ b -> b

1 goal(s) more...

0 conjecture(s) more...
>>> case tf1 (repr (clist2))(rank : 4.)


1st goal of : forall (clist1:clist), main (clist1) = mainNew (clist1)
clist1 : clist
clist2 : clist
clist3 : clist
IH1 : nat2 = match (reprNew (clist2)) with
| Tuple2 a _ -> a
IH2 : match (tf1 (repr (clist3))) with
| Tuple2 _ b -> b = match (reprNew (clist3)) with
| Tuple2 a _ -> a
Inductive1 : clist1 = Concats (clist2) (clist3)
Case1 : lq (match (reprNew (clist2)) with
| Tuple2 _ b -> b) (match (reprNew (clist3)) with
| Tuple2 _ b -> b) = true
nat1 : nat
nat2 : nat
Case2 : tf1 (repr (clist2)) = Tuple2 (nat1) (nat2)
---------------------------------------
match (tf1 (tf3 (repr (clist3)) (repr (clist2)))) with
| Tuple2 _ b -> b = nat2

1 goal(s) more...

0 conjecture(s) more...
Tactic List : 1
rewrite IH1 in goal at 0(rank:4.)
=================================================
Progress: 9


1st goal of : forall (clist1:clist), main (clist1) = mainNew (clist1)
clist1 : clist
clist2 : clist
clist3 : clist
IH1 : match (tf1 (repr (clist2))) with
| Tuple2 _ b -> b = match (reprNew (clist2)) with
| Tuple2 a _ -> a
IH2 : match (tf1 (repr (clist3))) with
| Tuple2 _ b -> b = match (reprNew (clist3)) with
| Tuple2 a _ -> a
Inductive1 : clist1 = Concats (clist2) (clist3)
Case1 : lq (match (reprNew (clist2)) with
| Tuple2 _ b -> b) (match (reprNew (clist3)) with
| Tuple2 _ b -> b) = true
---------------------------------------
match (tf1 (tf3 (repr (clist3)) (repr (clist2)))) with
| Tuple2 _ b -> b = match (tf1 (repr (clist2))) with
| Tuple2 _ b -> b

1 goal(s) more...

0 conjecture(s) more...
>>> case tf1 (tf3 (repr (clist3)) (repr (clist2)))(rank : 4.)


1st goal of : forall (clist1:clist), main (clist1) = mainNew (clist1)
clist1 : clist
clist2 : clist
clist3 : clist
IH1 : match (tf1 (repr (clist2))) with
| Tuple2 _ b -> b = match (reprNew (clist2)) with
| Tuple2 a _ -> a
IH2 : match (tf1 (repr (clist3))) with
| Tuple2 _ b -> b = match (reprNew (clist3)) with
| Tuple2 a _ -> a
Inductive1 : clist1 = Concats (clist2) (clist3)
Case1 : lq (match (reprNew (clist2)) with
| Tuple2 _ b -> b) (match (reprNew (clist3)) with
| Tuple2 _ b -> b) = true
nat1 : nat
nat2 : nat
Case2 : tf1 (tf3 (repr (clist3)) (repr (clist2))) = Tuple2 (nat1) (nat2)
---------------------------------------
nat2 = match (tf1 (repr (clist2))) with
| Tuple2 _ b -> b

1 goal(s) more...

0 conjecture(s) more...
Tactic List : 0
previous tactics
simpl in goal
case lq (match (reprNew (clist2)) with
| Tuple2 _ b -> b) (match (reprNew (clist3)) with
| Tuple2 _ b -> b)
rewrite <- IH1 in goal at 0
case tf1 (tf3 (repr (clist3)) (repr (clist2)))
validate generalize_common_subterm_goal
Prop: ZERO = match (tf1 (repr (Single (ZERO)))) with
| Tuple2 _ b -> b
Prop: ZERO = match (tf1 (repr (Concats (Single (SUCC (ZERO))) (Concats (Single (SUCC (SUCC (ZERO)))) (Single (ZERO)))))) with
| Tuple2 _ b -> b
Prop: ZERO = match (tf1 (repr (Single (SUCC (SUCC (SUCC (ZERO))))))) with
| Tuple2 _ b -> b
asdf
=================================================
Progress: 10


1st goal of : forall (clist1:clist), main (clist1) = mainNew (clist1)
clist1 : clist
clist2 : clist
clist3 : clist
IH1 : nat2 = match (reprNew (clist2)) with
| Tuple2 a _ -> a
IH2 : match (tf1 (repr (clist3))) with
| Tuple2 _ b -> b = match (reprNew (clist3)) with
| Tuple2 a _ -> a
Inductive1 : clist1 = Concats (clist2) (clist3)
Case1 : lq (match (reprNew (clist2)) with
| Tuple2 _ b -> b) (match (reprNew (clist3)) with
| Tuple2 _ b -> b) = true
nat1 : nat
nat2 : nat
Case2 : tf1 (repr (clist2)) = Tuple2 (nat1) (nat2)
---------------------------------------
match (tf1 (tf3 (repr (clist3)) (repr (clist2)))) with
| Tuple2 _ b -> b = nat2

1 goal(s) more...

0 conjecture(s) more...
>>> rewrite IH1 in goal at 0(rank : 4.)


1st goal of : forall (clist1:clist), main (clist1) = mainNew (clist1)
clist1 : clist
clist2 : clist
clist3 : clist
IH1 : nat2 = match (reprNew (clist2)) with
| Tuple2 a _ -> a
IH2 : match (tf1 (repr (clist3))) with
| Tuple2 _ b -> b = match (reprNew (clist3)) with
| Tuple2 a _ -> a
Inductive1 : clist1 = Concats (clist2) (clist3)
Case1 : lq (match (reprNew (clist2)) with
| Tuple2 _ b -> b) (match (reprNew (clist3)) with
| Tuple2 _ b -> b) = true
nat1 : nat
nat2 : nat
Case2 : tf1 (repr (clist2)) = Tuple2 (nat1) (nat2)
---------------------------------------
match (tf1 (tf3 (repr (clist3)) (repr (clist2)))) with
| Tuple2 _ b -> b = match (reprNew (clist2)) with
| Tuple2 a _ -> a

1 goal(s) more...

0 conjecture(s) more...
Tactic List : 2
case reprNew (clist2)(rank:4.)
case tf1 (tf3 (repr (clist3)) (repr (clist2)))(rank:4.)
=================================================
Progress: 11


1st goal of : forall (clist1:clist), main (clist1) = mainNew (clist1)
clist1 : clist
clist2 : clist
clist3 : clist
IH1 : nat2 = match (reprNew (clist2)) with
| Tuple2 a _ -> a
IH2 : match (tf1 (repr (clist3))) with
| Tuple2 _ b -> b = match (reprNew (clist3)) with
| Tuple2 a _ -> a
Inductive1 : clist1 = Concats (clist2) (clist3)
Case1 : lq (match (reprNew (clist2)) with
| Tuple2 _ b -> b) (match (reprNew (clist3)) with
| Tuple2 _ b -> b) = true
nat1 : nat
nat2 : nat
Case2 : tf1 (repr (clist2)) = Tuple2 (nat1) (nat2)
---------------------------------------
match (tf1 (tf3 (repr (clist3)) (repr (clist2)))) with
| Tuple2 _ b -> b = match (reprNew (clist2)) with
| Tuple2 a _ -> a

1 goal(s) more...

0 conjecture(s) more...
>>> case reprNew (clist2)(rank : 4.)


1st goal of : forall (clist1:clist), main (clist1) = mainNew (clist1)
clist1 : clist
clist2 : clist
clist3 : clist
IH1 : nat2 = nat3
IH2 : match (tf1 (repr (clist3))) with
| Tuple2 _ b -> b = match (reprNew (clist3)) with
| Tuple2 a _ -> a
Inductive1 : clist1 = Concats (clist2) (clist3)
Case1 : lq (nat4) (match (reprNew (clist3)) with
| Tuple2 _ b -> b) = true
nat1 : nat
nat2 : nat
Case2 : tf1 (repr (clist2)) = Tuple2 (nat1) (nat2)
nat3 : nat
nat4 : nat
Case3 : reprNew (clist2) = Tuple2 (nat3) (nat4)
---------------------------------------
match (tf1 (tf3 (repr (clist3)) (repr (clist2)))) with
| Tuple2 _ b -> b = nat3

1 goal(s) more...

0 conjecture(s) more...
Tactic List : 1
rewrite <- IH1 in goal at 0(rank:4.)
=================================================
Progress: 12


1st goal of : forall (clist1:clist), main (clist1) = mainNew (clist1)
clist1 : clist
clist2 : clist
clist3 : clist
IH1 : nat2 = match (reprNew (clist2)) with
| Tuple2 a _ -> a
IH2 : match (tf1 (repr (clist3))) with
| Tuple2 _ b -> b = match (reprNew (clist3)) with
| Tuple2 a _ -> a
Inductive1 : clist1 = Concats (clist2) (clist3)
Case1 : lq (match (reprNew (clist2)) with
| Tuple2 _ b -> b) (match (reprNew (clist3)) with
| Tuple2 _ b -> b) = true
nat1 : nat
nat2 : nat
Case2 : tf1 (repr (clist2)) = Tuple2 (nat1) (nat2)
---------------------------------------
match (tf1 (tf3 (repr (clist3)) (repr (clist2)))) with
| Tuple2 _ b -> b = match (reprNew (clist2)) with
| Tuple2 a _ -> a

1 goal(s) more...

0 conjecture(s) more...
>>> case tf1 (tf3 (repr (clist3)) (repr (clist2)))(rank : 4.)


1st goal of : forall (clist1:clist), main (clist1) = mainNew (clist1)
clist1 : clist
clist2 : clist
clist3 : clist
IH1 : nat2 = match (reprNew (clist2)) with
| Tuple2 a _ -> a
IH2 : match (tf1 (repr (clist3))) with
| Tuple2 _ b -> b = match (reprNew (clist3)) with
| Tuple2 a _ -> a
Inductive1 : clist1 = Concats (clist2) (clist3)
Case1 : lq (match (reprNew (clist2)) with
| Tuple2 _ b -> b) (match (reprNew (clist3)) with
| Tuple2 _ b -> b) = true
nat1 : nat
nat2 : nat
Case2 : tf1 (repr (clist2)) = Tuple2 (nat1) (nat2)
nat3 : nat
nat4 : nat
Case3 : tf1 (tf3 (repr (clist3)) (repr (clist2))) = Tuple2 (nat3) (nat4)
---------------------------------------
nat4 = match (reprNew (clist2)) with
| Tuple2 a _ -> a

1 goal(s) more...

0 conjecture(s) more...
Tactic List : 0
previous tactics
simpl in goal
case lq (match (reprNew (clist2)) with
| Tuple2 _ b -> b) (match (reprNew (clist3)) with
| Tuple2 _ b -> b)
rewrite <- IH1 in goal at 0
case tf1 (repr (clist2))
rewrite IH1 in goal at 0
case tf1 (tf3 (repr (clist3)) (repr (clist2)))
validate generalize_common_subterm_goal
Prop: ZERO = match (reprNew (Single (ZERO))) with
| Tuple2 a _ -> a
Prop: ZERO = match (reprNew (Concats (Concats (Single (ZERO)) (Concats (Single (SUCC (ZERO))) (Single (SUCC (SUCC (ZERO)))))) (Single (SUCC (ZERO))))) with
| Tuple2 a _ -> a
Prop: ZERO = match (reprNew (Single (ZERO))) with
| Tuple2 a _ -> a
asdf
=================================================
Progress: 13


1st goal of : forall (clist1:clist), main (clist1) = mainNew (clist1)
clist1 : clist
clist2 : clist
clist3 : clist
IH1 : nat2 = nat3
IH2 : match (tf1 (repr (clist3))) with
| Tuple2 _ b -> b = match (reprNew (clist3)) with
| Tuple2 a _ -> a
Inductive1 : clist1 = Concats (clist2) (clist3)
Case1 : lq (nat4) (match (reprNew (clist3)) with
| Tuple2 _ b -> b) = true
nat1 : nat
nat2 : nat
Case2 : tf1 (repr (clist2)) = Tuple2 (nat1) (nat2)
nat3 : nat
nat4 : nat
Case3 : reprNew (clist2) = Tuple2 (nat3) (nat4)
---------------------------------------
match (tf1 (tf3 (repr (clist3)) (repr (clist2)))) with
| Tuple2 _ b -> b = nat3

1 goal(s) more...

0 conjecture(s) more...
>>> rewrite <- IH1 in goal at 0(rank : 4.)


1st goal of : forall (clist1:clist), main (clist1) = mainNew (clist1)
clist1 : clist
clist2 : clist
clist3 : clist
IH1 : nat2 = nat3
IH2 : match (tf1 (repr (clist3))) with
| Tuple2 _ b -> b = match (reprNew (clist3)) with
| Tuple2 a _ -> a
Inductive1 : clist1 = Concats (clist2) (clist3)
Case1 : lq (nat4) (match (reprNew (clist3)) with
| Tuple2 _ b -> b) = true
nat1 : nat
nat2 : nat
Case2 : tf1 (repr (clist2)) = Tuple2 (nat1) (nat2)
nat3 : nat
nat4 : nat
Case3 : reprNew (clist2) = Tuple2 (nat3) (nat4)
---------------------------------------
match (tf1 (tf3 (repr (clist3)) (repr (clist2)))) with
| Tuple2 _ b -> b = nat2

1 goal(s) more...

0 conjecture(s) more...
Tactic List : 0
previous tactics
simpl in goal
case lq (match (reprNew (clist2)) with
| Tuple2 _ b -> b) (match (reprNew (clist3)) with
| Tuple2 _ b -> b)
rewrite <- IH1 in goal at 0
case tf1 (repr (clist2))
rewrite IH1 in goal at 0
case reprNew (clist2)
rewrite <- IH1 in goal at 0
validate generalize_common_subterm_goal
