Enter the definition file path (1/2) : 
> Enter the definition file path (2/2) : 
> Choose the proof type :
1) Interactive Mode 	 2) Auto Mode
Enter the goal : =================================================
Progress: 1


No conjecture
>>> assert forall (lst:clist), main (lst) = mainNew (lst)(rank : 0.)


1st goal of : forall (clist1:clist), main (clist1) = mainNew (clist1)

---------------------------------------
forall (clist1:clist), main (clist1) = mainNew (clist1)

0 goal(s) more...

0 conjecture(s) more...
Tactic List : 1
simpl in goal(rank:3.)
=================================================
Progress: 2


1st goal of : forall (clist1:clist), main (clist1) = mainNew (clist1)

---------------------------------------
forall (clist1:clist), main (clist1) = mainNew (clist1)

0 goal(s) more...

0 conjecture(s) more...
>>> simpl in goal(rank : 3.)


1st goal of : forall (clist1:clist), main (clist1) = mainNew (clist1)

---------------------------------------
forall (clist1:clist), if tf10 (clist1) then spec (c2n (target (clist1))) else ZERO = if tf10 (clist1) then targetNew (clist1) else ZERO

0 goal(s) more...

0 conjecture(s) more...
Tactic List : 1
intro clist1(rank:3.)
=================================================
Progress: 3


1st goal of : forall (clist1:clist), main (clist1) = mainNew (clist1)

---------------------------------------
forall (clist1:clist), if tf10 (clist1) then spec (c2n (target (clist1))) else ZERO = if tf10 (clist1) then targetNew (clist1) else ZERO

0 goal(s) more...

0 conjecture(s) more...
>>> intro clist1(rank : 3.)


1st goal of : forall (clist1:clist), main (clist1) = mainNew (clist1)
clist1 : clist
---------------------------------------
if tf10 (clist1) then spec (c2n (target (clist1))) else ZERO = if tf10 (clist1) then targetNew (clist1) else ZERO

0 goal(s) more...

0 conjecture(s) more...
Tactic List : 1
case tf10 (clist1)(rank:4.)
=================================================
Progress: 4


1st goal of : forall (clist1:clist), main (clist1) = mainNew (clist1)
clist1 : clist
---------------------------------------
if tf10 (clist1) then spec (c2n (target (clist1))) else ZERO = if tf10 (clist1) then targetNew (clist1) else ZERO

0 goal(s) more...

0 conjecture(s) more...
>>> case tf10 (clist1)(rank : 4.)


1st goal of : forall (clist1:clist), main (clist1) = mainNew (clist1)
clist1 : clist
Case1 : tf10 (clist1) = true
---------------------------------------
match (tf12 (tf2 (tf16 (clist1)))) with
| Tuple2 a _ -> a = tf20 (clist1)

1 goal(s) more...

0 conjecture(s) more...
Tactic List : 0
validate generalize_common_subterm_goal
Prop: match (tf12 (tf2 (tf16 (Sglt (Econs (SUCC (ZERO)) (Elt (ZERO))))))) with
| Tuple2 a _ -> a = tf20 (Sglt (Econs (SUCC (ZERO)) (Elt (ZERO))))
Prop: match (tf12 (tf2 (tf16 (Sglt (Econs (ZERO) (Econs (SUCC (ZERO)) (Elt (ZERO)))))))) with
| Tuple2 a _ -> a = tf20 (Sglt (Econs (ZERO) (Econs (SUCC (ZERO)) (Elt (ZERO)))))
Prop: match (tf12 (tf2 (tf16 (Cat (Sglt (Econs (ZERO) (Elt (ZERO)))) (SUCC (ZERO)) (Sglt (Elt (SUCC (ZERO)))))))) with
| Tuple2 a _ -> a = tf20 (Cat (Sglt (Econs (ZERO) (Elt (ZERO)))) (SUCC (ZERO)) (Sglt (Elt (SUCC (ZERO)))))
Lemma List
forall (clist1:clist), tf10 (clist1) = true -> match (tf12 (tf2 (tf16 (clist1)))) with
| Tuple2 a _ -> a = tf20 (clist1)
End of Lemma List


1st goal of : forall (clist1:clist), main (clist1) = mainNew (clist1)
clist1 : clist
Case1 : tf10 (clist1) = true
---------------------------------------
match (tf12 (tf2 (tf16 (clist1)))) with
| Tuple2 a _ -> a = tf20 (clist1)

1 goal(s) more...

0 conjecture(s) more...
=================================================
Progress: 5


1st goal of : forall (clist1:clist), main (clist1) = mainNew (clist1)
clist1 : clist
Case1 : tf10 (clist1) = true
---------------------------------------
match (tf12 (tf2 (tf16 (clist1)))) with
| Tuple2 a _ -> a = tf20 (clist1)

1 goal(s) more...

0 conjecture(s) more...
>>> assert forall (clist1:clist), tf10 (clist1) = true -> match (tf12 (tf2 (tf16 (clist1)))) with
| Tuple2 a _ -> a = tf20 (clist1)(rank : 0.)


1st goal of : forall (clist1:clist), tf10 (clist1) = true -> match (tf12 (tf2 (tf16 (clist1)))) with
| Tuple2 a _ -> a = tf20 (clist1)

---------------------------------------
forall (clist1:clist), tf10 (clist1) = true -> match (tf12 (tf2 (tf16 (clist1)))) with
| Tuple2 a _ -> a = tf20 (clist1)

0 goal(s) more...

1 conjecture(s) more...
Tactic List : 1
intro clist1(rank:5.)
=================================================
Progress: 6


1st goal of : forall (clist1:clist), tf10 (clist1) = true -> match (tf12 (tf2 (tf16 (clist1)))) with
| Tuple2 a _ -> a = tf20 (clist1)

---------------------------------------
forall (clist1:clist), tf10 (clist1) = true -> match (tf12 (tf2 (tf16 (clist1)))) with
| Tuple2 a _ -> a = tf20 (clist1)

0 goal(s) more...

1 conjecture(s) more...
>>> intro clist1(rank : 5.)


1st goal of : forall (clist1:clist), tf10 (clist1) = true -> match (tf12 (tf2 (tf16 (clist1)))) with
| Tuple2 a _ -> a = tf20 (clist1)
clist1 : clist
---------------------------------------
tf10 (clist1) = true -> match (tf12 (tf2 (tf16 (clist1)))) with
| Tuple2 a _ -> a = tf20 (clist1)

0 goal(s) more...

1 conjecture(s) more...
Tactic List : 1
intro Cond1(rank:5.)
=================================================
Progress: 7


1st goal of : forall (clist1:clist), tf10 (clist1) = true -> match (tf12 (tf2 (tf16 (clist1)))) with
| Tuple2 a _ -> a = tf20 (clist1)
clist1 : clist
---------------------------------------
tf10 (clist1) = true -> match (tf12 (tf2 (tf16 (clist1)))) with
| Tuple2 a _ -> a = tf20 (clist1)

0 goal(s) more...

1 conjecture(s) more...
>>> intro Cond1(rank : 5.)


1st goal of : forall (clist1:clist), tf10 (clist1) = true -> match (tf12 (tf2 (tf16 (clist1)))) with
| Tuple2 a _ -> a = tf20 (clist1)
clist1 : clist
Cond1 : tf10 (clist1) = true
---------------------------------------
match (tf12 (tf2 (tf16 (clist1)))) with
| Tuple2 a _ -> a = tf20 (clist1)

0 goal(s) more...

1 conjecture(s) more...
Tactic List : 0
validate generalize_common_subterm_goal
Prop: match (tf12 (tf2 (tf16 (Cat (Sglt (Elt (SUCC (ZERO)))) (ZERO) (Sglt (Econs (ZERO) (Econs (SUCC (ZERO)) (Elt (SUCC (ZERO)))))))))) with
| Tuple2 a _ -> a = tf20 (Cat (Sglt (Elt (SUCC (ZERO)))) (ZERO) (Sglt (Econs (ZERO) (Econs (SUCC (ZERO)) (Elt (SUCC (ZERO)))))))
Prop: match (tf12 (tf2 (tf16 (Sglt (Elt (SUCC (SUCC (ZERO)))))))) with
| Tuple2 a _ -> a = tf20 (Sglt (Elt (SUCC (SUCC (ZERO)))))
Prop: match (tf12 (tf2 (tf16 (Cat (Sglt (Elt (ZERO))) (ZERO) (Sglt (Elt (ZERO))))))) with
| Tuple2 a _ -> a = tf20 (Cat (Sglt (Elt (ZERO))) (ZERO) (Sglt (Elt (ZERO))))
Lemma List
forall (clist1:clist), tf10 (clist1) = true -> match (tf12 (tf2 (tf16 (clist1)))) with
| Tuple2 a _ -> a = tf20 (clist1)
End of Lemma List


1st goal of : forall (clist1:clist), tf10 (clist1) = true -> match (tf12 (tf2 (tf16 (clist1)))) with
| Tuple2 a _ -> a = tf20 (clist1)
clist1 : clist
Cond1 : tf10 (clist1) = true
---------------------------------------
match (tf12 (tf2 (tf16 (clist1)))) with
| Tuple2 a _ -> a = tf20 (clist1)

0 goal(s) more...

1 conjecture(s) more...
=================================================
Progress: 8


1st goal of : forall (clist1:clist), tf10 (clist1) = true -> match (tf12 (tf2 (tf16 (clist1)))) with
| Tuple2 a _ -> a = tf20 (clist1)
clist1 : clist
Cond1 : tf10 (clist1) = true
---------------------------------------
match (tf12 (tf2 (tf16 (clist1)))) with
| Tuple2 a _ -> a = tf20 (clist1)

0 goal(s) more...

1 conjecture(s) more...
>>> assert forall (clist1:clist), tf10 (clist1) = true -> match (tf12 (tf2 (tf16 (clist1)))) with
| Tuple2 a _ -> a = tf20 (clist1)(rank : 0.)


1st goal of : forall (clist1:clist), tf10 (clist1) = true -> match (tf12 (tf2 (tf16 (clist1)))) with
| Tuple2 a _ -> a = tf20 (clist1)

---------------------------------------
forall (clist1:clist), tf10 (clist1) = true -> match (tf12 (tf2 (tf16 (clist1)))) with
| Tuple2 a _ -> a = tf20 (clist1)

0 goal(s) more...

2 conjecture(s) more...
Tactic List : 1
intro clist1(rank:7.)
=================================================
Progress: 9


1st goal of : forall (clist1:clist), tf10 (clist1) = true -> match (tf12 (tf2 (tf16 (clist1)))) with
| Tuple2 a _ -> a = tf20 (clist1)

---------------------------------------
forall (clist1:clist), tf10 (clist1) = true -> match (tf12 (tf2 (tf16 (clist1)))) with
| Tuple2 a _ -> a = tf20 (clist1)

0 goal(s) more...

2 conjecture(s) more...
>>> intro clist1(rank : 7.)


1st goal of : forall (clist1:clist), tf10 (clist1) = true -> match (tf12 (tf2 (tf16 (clist1)))) with
| Tuple2 a _ -> a = tf20 (clist1)
clist1 : clist
---------------------------------------
tf10 (clist1) = true -> match (tf12 (tf2 (tf16 (clist1)))) with
| Tuple2 a _ -> a = tf20 (clist1)

0 goal(s) more...

2 conjecture(s) more...
Tactic List : 1
intro Cond1(rank:7.)
=================================================
Progress: 10


1st goal of : forall (clist1:clist), tf10 (clist1) = true -> match (tf12 (tf2 (tf16 (clist1)))) with
| Tuple2 a _ -> a = tf20 (clist1)
clist1 : clist
---------------------------------------
tf10 (clist1) = true -> match (tf12 (tf2 (tf16 (clist1)))) with
| Tuple2 a _ -> a = tf20 (clist1)

0 goal(s) more...

2 conjecture(s) more...
>>> intro Cond1(rank : 7.)


1st goal of : forall (clist1:clist), tf10 (clist1) = true -> match (tf12 (tf2 (tf16 (clist1)))) with
| Tuple2 a _ -> a = tf20 (clist1)
clist1 : clist
Cond1 : tf10 (clist1) = true
---------------------------------------
match (tf12 (tf2 (tf16 (clist1)))) with
| Tuple2 a _ -> a = tf20 (clist1)

0 goal(s) more...

2 conjecture(s) more...
Tactic List : 0
validate generalize_common_subterm_goal
Prop: match (tf12 (tf2 (tf16 (Sglt (Elt (ZERO)))))) with
| Tuple2 a _ -> a = tf20 (Sglt (Elt (ZERO)))
Prop: match (tf12 (tf2 (tf16 (Cat (Sglt (Elt (SUCC (SUCC (ZERO))))) (ZERO) (Sglt (Elt (ZERO))))))) with
| Tuple2 a _ -> a = tf20 (Cat (Sglt (Elt (SUCC (SUCC (ZERO))))) (ZERO) (Sglt (Elt (ZERO))))
Prop: match (tf12 (tf2 (tf16 (Cat (Cat (Cat (Cat (Cat (Cat (Sglt (Elt (ZERO))) (ZERO) (Sglt (Elt (ZERO)))) (SUCC (SUCC (ZERO))) (Sglt (Elt (ZERO)))) (SUCC (ZERO)) (Sglt (Econs (ZERO) (Elt (ZERO))))) (ZERO) (Sglt (Elt (SUCC (ZERO))))) (SUCC (ZERO)) (Sglt (Elt (ZERO)))) (ZERO) (Sglt (Elt (SUCC (ZERO)))))))) with
| Tuple2 a _ -> a = tf20 (Cat (Cat (Cat (Cat (Cat (Cat (Sglt (Elt (ZERO))) (ZERO) (Sglt (Elt (ZERO)))) (SUCC (SUCC (ZERO))) (Sglt (Elt (ZERO)))) (SUCC (ZERO)) (Sglt (Econs (ZERO) (Elt (ZERO))))) (ZERO) (Sglt (Elt (SUCC (ZERO))))) (SUCC (ZERO)) (Sglt (Elt (ZERO)))) (ZERO) (Sglt (Elt (SUCC (ZERO)))))
Fatal error: exception Failure("worklist is empty")
Raised at Stdlib.failwith in file "stdlib.ml", line 29, characters 17-33
Called from Dilemma__Engine.proof_auto in file "lib/engine.ml", line 284, characters 8-69
Called from Dune__exe__Main.main in file "bin/main.ml", line 24, characters 12-79
