Enter the definition file path (1/2) : 
> Enter the definition file path (2/2) : 
> Choose the proof type :
1) Interactive Mode 	 2) Auto Mode
Enter the goal : =================================================
Progress: 1


No conjecture
>>> assert forall (lst:clist), main (lst) = mainNew (lst)(rank : 0.)


1st goal of : forall (clist1:clist), main (clist1) = mainNew (clist1)

---------------------------------------
forall (clist1:clist), main (clist1) = mainNew (clist1)

0 goal(s) more...

0 conjecture(s) more...
Tactic List : 1
simpl in goal(rank:3.)
=================================================
Progress: 2


1st goal of : forall (clist1:clist), main (clist1) = mainNew (clist1)

---------------------------------------
forall (clist1:clist), main (clist1) = mainNew (clist1)

0 goal(s) more...

0 conjecture(s) more...
>>> simpl in goal(rank : 3.)


1st goal of : forall (clist1:clist), main (clist1) = mainNew (clist1)

---------------------------------------
forall (clist1:clist), tf4 (tf2 (clist1)) = tf6 (clist1)

0 goal(s) more...

0 conjecture(s) more...
Tactic List : 1
intro clist1(rank:3.)
=================================================
Progress: 3


1st goal of : forall (clist1:clist), main (clist1) = mainNew (clist1)

---------------------------------------
forall (clist1:clist), tf4 (tf2 (clist1)) = tf6 (clist1)

0 goal(s) more...

0 conjecture(s) more...
>>> intro clist1(rank : 3.)


1st goal of : forall (clist1:clist), main (clist1) = mainNew (clist1)
clist1 : clist
---------------------------------------
tf4 (tf2 (clist1)) = tf6 (clist1)

0 goal(s) more...

0 conjecture(s) more...
Tactic List : 0
validate generalize_common_subterm_goal
Prop: tf4 (tf2 (Concats (Concats (Concats (Concats (Single (ZERO)) (Cnil)) (Cnil)) (Single (ZERO))) (Cnil))) = tf6 (Concats (Concats (Concats (Concats (Single (ZERO)) (Cnil)) (Cnil)) (Single (ZERO))) (Cnil))
Prop: tf4 (tf2 (Cnil)) = tf6 (Cnil)
Prop: tf4 (tf2 (Concats (Concats (Concats (Single (ZERO)) (Single (ZERO))) (Concats (Concats (Cnil) (Concats (Cnil) (Cnil))) (Concats (Cnil) (Concats (Concats (Cnil) (Cnil)) (Single (ZERO)))))) (Concats (Concats (Concats (Single (ZERO)) (Concats (Cnil) (Single (ZERO)))) (Single (SUCC (ZERO)))) (Single (ZERO))))) = tf6 (Concats (Concats (Concats (Single (ZERO)) (Single (ZERO))) (Concats (Concats (Cnil) (Concats (Cnil) (Cnil))) (Concats (Cnil) (Concats (Concats (Cnil) (Cnil)) (Single (ZERO)))))) (Concats (Concats (Concats (Single (ZERO)) (Concats (Cnil) (Single (ZERO)))) (Single (SUCC (ZERO)))) (Single (ZERO))))
asdf
Fatal error: exception Failure("worklist is empty")
Raised at Stdlib.failwith in file "stdlib.ml", line 29, characters 17-33
Called from Dilemma__Engine.proof_auto in file "lib/engine.ml", line 284, characters 8-69
Called from Dune__exe__Main.main in file "bin/main.ml", line 24, characters 12-79
