Enter the definition file path (1/2) : 
> Enter the definition file path (2/2) : 
> Choose the proof type :
1) Interactive Mode 	 2) Auto Mode
Enter the goal : =================================================
Progress: 1


No conjecture
>>> assert forall (lst:clist), main (lst) = mainNew (lst)(rank : 0.)


1st goal of : forall (clist1:clist), main (clist1) = mainNew (clist1)

---------------------------------------
forall (clist1:clist), main (clist1) = mainNew (clist1)

0 goal(s) more...

0 conjecture(s) more...
Tactic List : 1
simpl in goal(rank:3.)
=================================================
Progress: 2


1st goal of : forall (clist1:clist), main (clist1) = mainNew (clist1)

---------------------------------------
forall (clist1:clist), main (clist1) = mainNew (clist1)

0 goal(s) more...

0 conjecture(s) more...
>>> simpl in goal(rank : 3.)


1st goal of : forall (clist1:clist), main (clist1) = mainNew (clist1)

---------------------------------------
forall (clist1:clist), match (tf5 (repr (clist1))) with
| Tuple2 a _ -> a = match (reprNew (clist1)) with
| Tuple4 a _ _ _ -> a

0 goal(s) more...

0 conjecture(s) more...
Tactic List : 1
intro clist1(rank:3.)
=================================================
Progress: 3


1st goal of : forall (clist1:clist), main (clist1) = mainNew (clist1)

---------------------------------------
forall (clist1:clist), match (tf5 (repr (clist1))) with
| Tuple2 a _ -> a = match (reprNew (clist1)) with
| Tuple4 a _ _ _ -> a

0 goal(s) more...

0 conjecture(s) more...
>>> intro clist1(rank : 3.)


1st goal of : forall (clist1:clist), main (clist1) = mainNew (clist1)
clist1 : clist
---------------------------------------
match (tf5 (repr (clist1))) with
| Tuple2 a _ -> a = match (reprNew (clist1)) with
| Tuple4 a _ _ _ -> a

0 goal(s) more...

0 conjecture(s) more...
Tactic List : 2
case reprNew (clist1)(rank:3.)
case tf5 (repr (clist1))(rank:3.)
=================================================
Progress: 4


1st goal of : forall (clist1:clist), main (clist1) = mainNew (clist1)
clist1 : clist
---------------------------------------
match (tf5 (repr (clist1))) with
| Tuple2 a _ -> a = match (reprNew (clist1)) with
| Tuple4 a _ _ _ -> a

0 goal(s) more...

0 conjecture(s) more...
>>> case reprNew (clist1)(rank : 3.)


1st goal of : forall (clist1:clist), main (clist1) = mainNew (clist1)
clist1 : clist
Case1 : reprNew (clist1) = Tuple4 (nat1) (nat2) (nat3) (nat4)
---------------------------------------
match (tf5 (repr (clist1))) with
| Tuple2 a _ -> a = nat1

0 goal(s) more...

0 conjecture(s) more...
Tactic List : 0
validate generalize_common_subterm_goal
Prop: match (tf5 (repr (Sglt (SUCC (SUCC (ZERO)))))) with
| Tuple2 a _ -> a = SUCC (SUCC (SUCC (SUCC (ZERO))))
Prop: match (tf5 (repr (Cat (Sglt (SUCC (ZERO))) (ZERO) (Sglt (ZERO))))) with
| Tuple2 a _ -> a = SUCC (ZERO)
Prop: match (tf5 (repr (Cat (Sglt (ZERO)) (ZERO) (Sglt (SUCC (ZERO)))))) with
| Tuple2 a _ -> a = SUCC (SUCC (ZERO))
asdf
=================================================
Progress: 5


1st goal of : forall (clist1:clist), main (clist1) = mainNew (clist1)
clist1 : clist
---------------------------------------
match (tf5 (repr (clist1))) with
| Tuple2 a _ -> a = match (reprNew (clist1)) with
| Tuple4 a _ _ _ -> a

0 goal(s) more...

0 conjecture(s) more...
>>> case tf5 (repr (clist1))(rank : 3.)


1st goal of : forall (clist1:clist), main (clist1) = mainNew (clist1)
clist1 : clist
Case1 : tf5 (repr (clist1)) = Tuple2 (nat1) (nat2)
---------------------------------------
nat1 = match (reprNew (clist1)) with
| Tuple4 a _ _ _ -> a

0 goal(s) more...

0 conjecture(s) more...
Tactic List : 0
validate generalize_common_subterm_goal
Prop: ZERO = match (reprNew (Sglt (ZERO))) with
| Tuple4 a _ _ _ -> a
Prop: SUCC (ZERO) = match (reprNew (Sglt (SUCC (ZERO)))) with
| Tuple4 a _ _ _ -> a
Prop: ZERO = match (reprNew (Sglt (ZERO))) with
| Tuple4 a _ _ _ -> a
Lemma List
forall (clist1:clist) (nat1:nat), nat1 = match (reprNew (clist1)) with
| Tuple4 a _ _ _ -> a
End of Lemma List


1st goal of : forall (clist1:clist), main (clist1) = mainNew (clist1)
clist1 : clist
Case1 : tf5 (repr (clist1)) = Tuple2 (nat1) (nat2)
---------------------------------------
nat1 = match (reprNew (clist1)) with
| Tuple4 a _ _ _ -> a

0 goal(s) more...

0 conjecture(s) more...
=================================================
Progress: 6


1st goal of : forall (clist1:clist), main (clist1) = mainNew (clist1)
clist1 : clist
Case1 : tf5 (repr (clist1)) = Tuple2 (nat1) (nat2)
---------------------------------------
nat1 = match (reprNew (clist1)) with
| Tuple4 a _ _ _ -> a

0 goal(s) more...

0 conjecture(s) more...
>>> assert forall (clist1:clist) (nat1:nat), nat1 = match (reprNew (clist1)) with
| Tuple4 a _ _ _ -> a(rank : 0.)


1st goal of : forall (clist1:clist) (nat1:nat), nat1 = match (reprNew (clist1)) with
| Tuple4 a _ _ _ -> a

---------------------------------------
forall (clist1:clist) (nat1:nat), nat1 = match (reprNew (clist1)) with
| Tuple4 a _ _ _ -> a

0 goal(s) more...

1 conjecture(s) more...
Tactic List : 2
intro clist1(rank:5.)
intro nat1(rank:5.)
=================================================
Progress: 7


1st goal of : forall (clist1:clist) (nat1:nat), nat1 = match (reprNew (clist1)) with
| Tuple4 a _ _ _ -> a

---------------------------------------
forall (clist1:clist) (nat1:nat), nat1 = match (reprNew (clist1)) with
| Tuple4 a _ _ _ -> a

0 goal(s) more...

1 conjecture(s) more...
>>> intro clist1(rank : 5.)


1st goal of : forall (clist1:clist) (nat1:nat), nat1 = match (reprNew (clist1)) with
| Tuple4 a _ _ _ -> a
clist1 : clist
---------------------------------------
forall (nat1:nat), nat1 = match (reprNew (clist1)) with
| Tuple4 a _ _ _ -> a

0 goal(s) more...

1 conjecture(s) more...
Tactic List : 1
intro nat1(rank:5.)
=================================================
Progress: 8


1st goal of : forall (clist1:clist) (nat1:nat), nat1 = match (reprNew (clist1)) with
| Tuple4 a _ _ _ -> a

---------------------------------------
forall (clist1:clist) (nat1:nat), nat1 = match (reprNew (clist1)) with
| Tuple4 a _ _ _ -> a

0 goal(s) more...

1 conjecture(s) more...
>>> intro nat1(rank : 5.)


1st goal of : forall (clist1:clist) (nat1:nat), nat1 = match (reprNew (clist1)) with
| Tuple4 a _ _ _ -> a
nat1 : nat
---------------------------------------
forall (clist1:clist), nat1 = match (reprNew (clist1)) with
| Tuple4 a _ _ _ -> a

0 goal(s) more...

1 conjecture(s) more...
Tactic List : 0
validate generalize_common_subterm_goal
Prop: ZERO = match (reprNew (Sglt (ZERO))) with
| Tuple4 a _ _ _ -> a
Prop: ZERO = match (reprNew (Sglt (ZERO))) with
| Tuple4 a _ _ _ -> a
Prop: ZERO = match (reprNew (Sglt (ZERO))) with
| Tuple4 a _ _ _ -> a
Lemma List
forall (clist1:clist) (nat1:nat), nat1 = match (reprNew (clist1)) with
| Tuple4 a _ _ _ -> a
End of Lemma List


1st goal of : forall (clist1:clist) (nat1:nat), nat1 = match (reprNew (clist1)) with
| Tuple4 a _ _ _ -> a
nat1 : nat
---------------------------------------
forall (clist1:clist), nat1 = match (reprNew (clist1)) with
| Tuple4 a _ _ _ -> a

0 goal(s) more...

1 conjecture(s) more...
=================================================
Progress: 9


1st goal of : forall (clist1:clist) (nat1:nat), nat1 = match (reprNew (clist1)) with
| Tuple4 a _ _ _ -> a
nat1 : nat
---------------------------------------
forall (clist1:clist), nat1 = match (reprNew (clist1)) with
| Tuple4 a _ _ _ -> a

0 goal(s) more...

1 conjecture(s) more...
>>> assert forall (clist1:clist) (nat1:nat), nat1 = match (reprNew (clist1)) with
| Tuple4 a _ _ _ -> a(rank : 0.)


1st goal of : forall (clist1:clist) (nat1:nat), nat1 = match (reprNew (clist1)) with
| Tuple4 a _ _ _ -> a

---------------------------------------
forall (clist1:clist) (nat1:nat), nat1 = match (reprNew (clist1)) with
| Tuple4 a _ _ _ -> a

0 goal(s) more...

2 conjecture(s) more...
Tactic List : 2
intro clist1(rank:7.)
intro nat1(rank:7.)
=================================================
Progress: 10


1st goal of : forall (clist1:clist) (nat1:nat), nat1 = match (reprNew (clist1)) with
| Tuple4 a _ _ _ -> a
clist1 : clist
---------------------------------------
forall (nat1:nat), nat1 = match (reprNew (clist1)) with
| Tuple4 a _ _ _ -> a

0 goal(s) more...

1 conjecture(s) more...
>>> intro nat1(rank : 5.)


1st goal of : forall (clist1:clist) (nat1:nat), nat1 = match (reprNew (clist1)) with
| Tuple4 a _ _ _ -> a
clist1 : clist
nat1 : nat
---------------------------------------
nat1 = match (reprNew (clist1)) with
| Tuple4 a _ _ _ -> a

0 goal(s) more...

1 conjecture(s) more...
Tactic List : 0
validate generalize_common_subterm_goal
Prop: ZERO = match (reprNew (Sglt (ZERO))) with
| Tuple4 a _ _ _ -> a
Prop: ZERO = match (reprNew (Cat (Sglt (ZERO)) (ZERO) (Sglt (SUCC (SUCC (ZERO)))))) with
| Tuple4 a _ _ _ -> a
Prop: SUCC (ZERO) = match (reprNew (Cat (Sglt (ZERO)) (ZERO) (Cat (Sglt (SUCC (ZERO))) (SUCC (SUCC (ZERO))) (Sglt (ZERO))))) with
| Tuple4 a _ _ _ -> a
asdf
=================================================
Progress: 11


1st goal of : forall (clist1:clist) (nat1:nat), nat1 = match (reprNew (clist1)) with
| Tuple4 a _ _ _ -> a

---------------------------------------
forall (clist1:clist) (nat1:nat), nat1 = match (reprNew (clist1)) with
| Tuple4 a _ _ _ -> a

0 goal(s) more...

2 conjecture(s) more...
>>> intro clist1(rank : 7.)


1st goal of : forall (clist1:clist) (nat1:nat), nat1 = match (reprNew (clist1)) with
| Tuple4 a _ _ _ -> a
clist1 : clist
---------------------------------------
forall (nat1:nat), nat1 = match (reprNew (clist1)) with
| Tuple4 a _ _ _ -> a

0 goal(s) more...

2 conjecture(s) more...
Tactic List : 1
intro nat1(rank:7.)
=================================================
Progress: 12


1st goal of : forall (clist1:clist) (nat1:nat), nat1 = match (reprNew (clist1)) with
| Tuple4 a _ _ _ -> a

---------------------------------------
forall (clist1:clist) (nat1:nat), nat1 = match (reprNew (clist1)) with
| Tuple4 a _ _ _ -> a

0 goal(s) more...

2 conjecture(s) more...
>>> intro nat1(rank : 7.)


1st goal of : forall (clist1:clist) (nat1:nat), nat1 = match (reprNew (clist1)) with
| Tuple4 a _ _ _ -> a
nat1 : nat
---------------------------------------
forall (clist1:clist), nat1 = match (reprNew (clist1)) with
| Tuple4 a _ _ _ -> a

0 goal(s) more...

2 conjecture(s) more...
Tactic List : 0
validate generalize_common_subterm_goal
