Enter the definition file path (1/2) : 
> Enter the definition file path (2/2) : 
> Choose the proof type :
1) Interactive Mode 	 2) Auto Mode
Enter the goal : =================================================
Progress: 1


No conjecture
>>> assert forall (lst:clist), main (lst) = mainNew (lst)(rank : 0.)


1st goal of : forall (clist1:clist), main (clist1) = mainNew (clist1)

---------------------------------------
forall (clist1:clist), main (clist1) = mainNew (clist1)

0 goal(s) more...

0 conjecture(s) more...
Tactic List : 1
simpl in goal(rank:3.)
=================================================
Progress: 2


1st goal of : forall (clist1:clist), main (clist1) = mainNew (clist1)

---------------------------------------
forall (clist1:clist), main (clist1) = mainNew (clist1)

0 goal(s) more...

0 conjecture(s) more...
>>> simpl in goal(rank : 3.)


1st goal of : forall (clist1:clist), main (clist1) = mainNew (clist1)

---------------------------------------
forall (clist1:clist), match (tf1 (repr (clist1))) with
| Tuple2 a _ -> a = match (reprNew (clist1)) with
| Tuple2 a _ -> a

0 goal(s) more...

0 conjecture(s) more...
Tactic List : 1
induction clist1(rank:5.)
=================================================
Progress: 3


1st goal of : forall (clist1:clist), main (clist1) = mainNew (clist1)

---------------------------------------
forall (clist1:clist), match (tf1 (repr (clist1))) with
| Tuple2 a _ -> a = match (reprNew (clist1)) with
| Tuple2 a _ -> a

0 goal(s) more...

0 conjecture(s) more...
>>> induction clist1(rank : 5.)


1st goal of : forall (clist1:clist), main (clist1) = mainNew (clist1)
clist1 : clist
Base1 : clist1 = Cnil
---------------------------------------
match (tf1 (repr (Cnil))) with
| Tuple2 a _ -> a = match (reprNew (Cnil)) with
| Tuple2 a _ -> a

2 goal(s) more...

0 conjecture(s) more...
Tactic List : 1
reflexivity(rank:4.)
=================================================
Progress: 4


1st goal of : forall (clist1:clist), main (clist1) = mainNew (clist1)
clist1 : clist
Base1 : clist1 = Cnil
---------------------------------------
match (tf1 (repr (Cnil))) with
| Tuple2 a _ -> a = match (reprNew (Cnil)) with
| Tuple2 a _ -> a

2 goal(s) more...

0 conjecture(s) more...
>>> reflexivity(rank : 4.)


1st goal of : forall (clist1:clist), main (clist1) = mainNew (clist1)
clist1 : clist
nat1 : nat
Base1 : clist1 = Single (nat1)
---------------------------------------
match (tf1 (repr (Single (nat1)))) with
| Tuple2 a _ -> a = match (reprNew (Single (nat1))) with
| Tuple2 a _ -> a

1 goal(s) more...

0 conjecture(s) more...
Deduplication: 0
Tactic List : 1
simpl in goal(rank:4.)
=================================================
Progress: 5


1st goal of : forall (clist1:clist), main (clist1) = mainNew (clist1)
clist1 : clist
nat1 : nat
Base1 : clist1 = Single (nat1)
---------------------------------------
match (tf1 (repr (Single (nat1)))) with
| Tuple2 a _ -> a = match (reprNew (Single (nat1))) with
| Tuple2 a _ -> a

1 goal(s) more...

0 conjecture(s) more...
>>> simpl in goal(rank : 4.)


1st goal of : forall (clist1:clist), main (clist1) = mainNew (clist1)
clist1 : clist
nat1 : nat
Base1 : clist1 = Single (nat1)
---------------------------------------
if lq (ZERO) (plus (nat1) (ZERO)) then plus (nat1) (ZERO) else ZERO = nat1

1 goal(s) more...

0 conjecture(s) more...
Tactic List : 1
case lq (ZERO) (plus (nat1) (ZERO))(rank:5.)
=================================================
Progress: 6


1st goal of : forall (clist1:clist), main (clist1) = mainNew (clist1)
clist1 : clist
nat1 : nat
Base1 : clist1 = Single (nat1)
---------------------------------------
if lq (ZERO) (plus (nat1) (ZERO)) then plus (nat1) (ZERO) else ZERO = nat1

1 goal(s) more...

0 conjecture(s) more...
>>> case lq (ZERO) (plus (nat1) (ZERO))(rank : 5.)


1st goal of : forall (clist1:clist), main (clist1) = mainNew (clist1)
clist1 : clist
nat1 : nat
Base1 : clist1 = Single (nat1)
Case1 : lq (ZERO) (plus (nat1) (ZERO)) = true
---------------------------------------
plus (nat1) (ZERO) = nat1

2 goal(s) more...

0 conjecture(s) more...
Tactic List : 0
previous tactics
simpl in goal
case lq (ZERO) (plus (nat1) (ZERO))
validate generalize_common_subterm_goal
Prop: plus (SUCC (ZERO)) (ZERO) = SUCC (ZERO)
Prop: plus (ZERO) (ZERO) = ZERO
Prop: plus (SUCC (SUCC (ZERO))) (ZERO) = SUCC (SUCC (ZERO))
Lemma List
forall (nat1:nat), lq (ZERO) (plus (nat1) (ZERO)) = true -> plus (nat1) (ZERO) = nat1
End of Lemma List


1st goal of : forall (clist1:clist), main (clist1) = mainNew (clist1)
clist1 : clist
nat1 : nat
Base1 : clist1 = Single (nat1)
Case1 : lq (ZERO) (plus (nat1) (ZERO)) = true
---------------------------------------
plus (nat1) (ZERO) = nat1

2 goal(s) more...

0 conjecture(s) more...
=================================================
Progress: 7


1st goal of : forall (clist1:clist), main (clist1) = mainNew (clist1)
clist1 : clist
nat1 : nat
Base1 : clist1 = Single (nat1)
Case1 : lq (ZERO) (plus (nat1) (ZERO)) = true
---------------------------------------
plus (nat1) (ZERO) = nat1

2 goal(s) more...

0 conjecture(s) more...
>>> assert forall (nat1:nat), lq (ZERO) (plus (nat1) (ZERO)) = true -> plus (nat1) (ZERO) = nat1(rank : 0.)


1st goal of : forall (nat1:nat), lq (ZERO) (plus (nat1) (ZERO)) = true -> plus (nat1) (ZERO) = nat1

---------------------------------------
forall (nat1:nat), lq (ZERO) (plus (nat1) (ZERO)) = true -> plus (nat1) (ZERO) = nat1

0 goal(s) more...

1 conjecture(s) more...
Tactic List : 1
induction nat1(rank:6.)
=================================================
Progress: 8


1st goal of : forall (nat1:nat), lq (ZERO) (plus (nat1) (ZERO)) = true -> plus (nat1) (ZERO) = nat1

---------------------------------------
forall (nat1:nat), lq (ZERO) (plus (nat1) (ZERO)) = true -> plus (nat1) (ZERO) = nat1

0 goal(s) more...

1 conjecture(s) more...
>>> induction nat1(rank : 6.)


1st goal of : forall (nat1:nat), lq (ZERO) (plus (nat1) (ZERO)) = true -> plus (nat1) (ZERO) = nat1
nat1 : nat
Base1 : nat1 = ZERO
---------------------------------------
lq (ZERO) (plus (ZERO) (ZERO)) = true -> plus (ZERO) (ZERO) = ZERO

1 goal(s) more...

1 conjecture(s) more...
Tactic List : 1
reflexivity(rank:5.)
=================================================
Progress: 9


1st goal of : forall (nat1:nat), lq (ZERO) (plus (nat1) (ZERO)) = true -> plus (nat1) (ZERO) = nat1
nat1 : nat
Base1 : nat1 = ZERO
---------------------------------------
lq (ZERO) (plus (ZERO) (ZERO)) = true -> plus (ZERO) (ZERO) = ZERO

1 goal(s) more...

1 conjecture(s) more...
>>> reflexivity(rank : 5.)


1st goal of : forall (nat1:nat), lq (ZERO) (plus (nat1) (ZERO)) = true -> plus (nat1) (ZERO) = nat1
nat1 : nat
nat2 : nat
IH1 : lq (ZERO) (plus (nat2) (ZERO)) = true -> plus (nat2) (ZERO) = nat2
Inductive1 : nat1 = SUCC (nat2)
---------------------------------------
lq (ZERO) (plus (SUCC (nat2)) (ZERO)) = true -> plus (SUCC (nat2)) (ZERO) = SUCC (nat2)

0 goal(s) more...

1 conjecture(s) more...
Deduplication: 0
Tactic List : 1
simpl in goal(rank:5.)
=================================================
Progress: 10


1st goal of : forall (nat1:nat), lq (ZERO) (plus (nat1) (ZERO)) = true -> plus (nat1) (ZERO) = nat1
nat1 : nat
nat2 : nat
IH1 : lq (ZERO) (plus (nat2) (ZERO)) = true -> plus (nat2) (ZERO) = nat2
Inductive1 : nat1 = SUCC (nat2)
---------------------------------------
lq (ZERO) (plus (SUCC (nat2)) (ZERO)) = true -> plus (SUCC (nat2)) (ZERO) = SUCC (nat2)

0 goal(s) more...

1 conjecture(s) more...
>>> simpl in goal(rank : 5.)


1st goal of : forall (nat1:nat), lq (ZERO) (plus (nat1) (ZERO)) = true -> plus (nat1) (ZERO) = nat1
nat1 : nat
nat2 : nat
IH1 : lq (ZERO) (plus (nat2) (ZERO)) = true -> plus (nat2) (ZERO) = nat2
Inductive1 : nat1 = SUCC (nat2)
---------------------------------------
true = true -> SUCC (plus (nat2) (ZERO)) = SUCC (nat2)

0 goal(s) more...

1 conjecture(s) more...
Tactic List : 1
intro Cond1(rank:5.)
=================================================
Progress: 11


1st goal of : forall (nat1:nat), lq (ZERO) (plus (nat1) (ZERO)) = true -> plus (nat1) (ZERO) = nat1
nat1 : nat
nat2 : nat
IH1 : lq (ZERO) (plus (nat2) (ZERO)) = true -> plus (nat2) (ZERO) = nat2
Inductive1 : nat1 = SUCC (nat2)
---------------------------------------
true = true -> SUCC (plus (nat2) (ZERO)) = SUCC (nat2)

0 goal(s) more...

1 conjecture(s) more...
>>> intro Cond1(rank : 5.)


1st goal of : forall (nat1:nat), lq (ZERO) (plus (nat1) (ZERO)) = true -> plus (nat1) (ZERO) = nat1
nat1 : nat
nat2 : nat
IH1 : lq (ZERO) (plus (nat2) (ZERO)) = true -> plus (nat2) (ZERO) = nat2
Inductive1 : nat1 = SUCC (nat2)
Cond1 : true = true
---------------------------------------
SUCC (plus (nat2) (ZERO)) = SUCC (nat2)

0 goal(s) more...

1 conjecture(s) more...
Tactic List : 1
rewrite IH1 in goal at 0(rank:6.)
=================================================
Progress: 12


1st goal of : forall (nat1:nat), lq (ZERO) (plus (nat1) (ZERO)) = true -> plus (nat1) (ZERO) = nat1
nat1 : nat
nat2 : nat
IH1 : lq (ZERO) (plus (nat2) (ZERO)) = true -> plus (nat2) (ZERO) = nat2
Inductive1 : nat1 = SUCC (nat2)
Cond1 : true = true
---------------------------------------
SUCC (plus (nat2) (ZERO)) = SUCC (nat2)

0 goal(s) more...

1 conjecture(s) more...
>>> rewrite IH1 in goal at 0(rank : 6.)


1st goal of : forall (nat1:nat), lq (ZERO) (plus (nat1) (ZERO)) = true -> plus (nat1) (ZERO) = nat1
nat1 : nat
nat2 : nat
IH1 : lq (ZERO) (plus (nat2) (ZERO)) = true -> plus (nat2) (ZERO) = nat2
Inductive1 : nat1 = SUCC (nat2)
Cond1 : true = true
---------------------------------------
SUCC (nat2) = SUCC (nat2)

1 goal(s) more...

1 conjecture(s) more...
Tactic List : 1
reflexivity(rank:5.)
=================================================
Progress: 13


1st goal of : forall (nat1:nat), lq (ZERO) (plus (nat1) (ZERO)) = true -> plus (nat1) (ZERO) = nat1
nat1 : nat
nat2 : nat
IH1 : lq (ZERO) (plus (nat2) (ZERO)) = true -> plus (nat2) (ZERO) = nat2
Inductive1 : nat1 = SUCC (nat2)
Cond1 : true = true
---------------------------------------
SUCC (nat2) = SUCC (nat2)

1 goal(s) more...

1 conjecture(s) more...
>>> reflexivity(rank : 5.)


1st goal of : forall (nat1:nat), lq (ZERO) (plus (nat1) (ZERO)) = true -> plus (nat1) (ZERO) = nat1
nat1 : nat
nat2 : nat
IH1 : lq (ZERO) (plus (nat2) (ZERO)) = true -> plus (nat2) (ZERO) = nat2
Inductive1 : nat1 = SUCC (nat2)
Cond1 : true = true
---------------------------------------
lq (ZERO) (plus (nat2) (ZERO)) = true

0 goal(s) more...

1 conjecture(s) more...
Deduplication: 0
Tactic List : 1
rewrite IH1 in goal at 0(rank:6.)
=================================================
Progress: 14


1st goal of : forall (nat1:nat), lq (ZERO) (plus (nat1) (ZERO)) = true -> plus (nat1) (ZERO) = nat1
nat1 : nat
nat2 : nat
IH1 : lq (ZERO) (plus (nat2) (ZERO)) = true -> plus (nat2) (ZERO) = nat2
Inductive1 : nat1 = SUCC (nat2)
Cond1 : true = true
---------------------------------------
lq (ZERO) (plus (nat2) (ZERO)) = true

0 goal(s) more...

1 conjecture(s) more...
>>> rewrite IH1 in goal at 0(rank : 6.)


1st goal of : forall (nat1:nat), lq (ZERO) (plus (nat1) (ZERO)) = true -> plus (nat1) (ZERO) = nat1
nat1 : nat
nat2 : nat
IH1 : lq (ZERO) (plus (nat2) (ZERO)) = true -> plus (nat2) (ZERO) = nat2
Inductive1 : nat1 = SUCC (nat2)
Cond1 : true = true
---------------------------------------
lq (ZERO) (nat2) = true

1 goal(s) more...

1 conjecture(s) more...
Tactic List : 0
previous tactics
simpl in goal
intro Cond1
rewrite IH1 in goal at 0
reflexivity
rewrite IH1 in goal at 0
validate generalize_common_subterm_goal
Prop: lq (ZERO) (ZERO) = true
Prop: lq (ZERO) (ZERO) = true
Prop: lq (ZERO) (ZERO) = true
asdf
previous tactics
simpl in goal
intro Cond1
rewrite IH1 in goal at 0
reflexivity
validate generalize_common_subterm_goal
Prop: lq (ZERO) (plus (SUCC (ZERO)) (ZERO)) = true
Prop: lq (ZERO) (plus (SUCC (SUCC (ZERO))) (ZERO)) = true
Prop: lq (ZERO) (plus (ZERO) (ZERO)) = true
asdf
Fatal error: exception Failure("worklist is empty")
Raised at Stdlib.failwith in file "stdlib.ml", line 29, characters 17-33
Called from Dilemma__Engine.proof_auto in file "lib/engine.ml", line 283, characters 8-69
Called from Dune__exe__Main.main in file "bin/main.ml", line 24, characters 12-79
