Enter the definition file path (1/2) : 
> Enter the definition file path (2/2) : 
> Choose the proof type :
1) Interactive Mode 	 2) Auto Mode
Enter the goal : =================================================
Progress: 1


No conjecture
>>> assert forall (lst:clist), main (lst) = mainNew (lst)(rank : 0.)


1st goal of : forall (clist1:clist), main (clist1) = mainNew (clist1)

---------------------------------------
forall (clist1:clist), main (clist1) = mainNew (clist1)

0 goal(s) more...

0 conjecture(s) more...
Tactic List : 1
simpl in goal(rank:3.)
=================================================
Progress: 2


1st goal of : forall (clist1:clist), main (clist1) = mainNew (clist1)

---------------------------------------
forall (clist1:clist), main (clist1) = mainNew (clist1)

0 goal(s) more...

0 conjecture(s) more...
>>> simpl in goal(rank : 3.)


1st goal of : forall (clist1:clist), main (clist1) = mainNew (clist1)

---------------------------------------
forall (clist1:clist), if allpos (clist1) then spec (repr (target (clist1))) else ZERO = if allpos (clist1) then fst3 (targetNew (clist1)) else ZERO

0 goal(s) more...

0 conjecture(s) more...
Tactic List : 1
induction clist1(rank:5.)
=================================================
Progress: 3


1st goal of : forall (clist1:clist), main (clist1) = mainNew (clist1)

---------------------------------------
forall (clist1:clist), if allpos (clist1) then spec (repr (target (clist1))) else ZERO = if allpos (clist1) then fst3 (targetNew (clist1)) else ZERO

0 goal(s) more...

0 conjecture(s) more...
>>> induction clist1(rank : 5.)


1st goal of : forall (clist1:clist), main (clist1) = mainNew (clist1)
clist1 : clist
Base1 : clist1 = Cnil
---------------------------------------
if allpos (Cnil) then spec (repr (target (Cnil))) else ZERO = if allpos (Cnil) then fst3 (targetNew (Cnil)) else ZERO

2 goal(s) more...

0 conjecture(s) more...
Tactic List : 1
reflexivity(rank:4.)
=================================================
Progress: 4


1st goal of : forall (clist1:clist), main (clist1) = mainNew (clist1)
clist1 : clist
Base1 : clist1 = Cnil
---------------------------------------
if allpos (Cnil) then spec (repr (target (Cnil))) else ZERO = if allpos (Cnil) then fst3 (targetNew (Cnil)) else ZERO

2 goal(s) more...

0 conjecture(s) more...
>>> reflexivity(rank : 4.)


1st goal of : forall (clist1:clist), main (clist1) = mainNew (clist1)
clist1 : clist
nat1 : nat
Base1 : clist1 = Single (nat1)
---------------------------------------
if allpos (Single (nat1)) then spec (repr (target (Single (nat1)))) else ZERO = if allpos (Single (nat1)) then fst3 (targetNew (Single (nat1))) else ZERO

1 goal(s) more...

0 conjecture(s) more...
Deduplication: 0
Tactic List : 1
simpl in goal(rank:4.)
=================================================
Progress: 5


1st goal of : forall (clist1:clist), main (clist1) = mainNew (clist1)
clist1 : clist
nat1 : nat
Base1 : clist1 = Single (nat1)
---------------------------------------
if allpos (Single (nat1)) then spec (repr (target (Single (nat1)))) else ZERO = if allpos (Single (nat1)) then fst3 (targetNew (Single (nat1))) else ZERO

1 goal(s) more...

0 conjecture(s) more...
>>> simpl in goal(rank : 4.)


1st goal of : forall (clist1:clist), main (clist1) = mainNew (clist1)
clist1 : clist
nat1 : nat
Base1 : clist1 = Single (nat1)
---------------------------------------
if gq (nat1) (ZERO) then spec (repr (target (Single (nat1)))) else ZERO = if gq (nat1) (ZERO) then fst3 (targetNew (Single (nat1))) else ZERO

1 goal(s) more...

0 conjecture(s) more...
Tactic List : 1
case gq (nat1) (ZERO)(rank:5.)
=================================================
Progress: 6


1st goal of : forall (clist1:clist), main (clist1) = mainNew (clist1)
clist1 : clist
nat1 : nat
Base1 : clist1 = Single (nat1)
---------------------------------------
if gq (nat1) (ZERO) then spec (repr (target (Single (nat1)))) else ZERO = if gq (nat1) (ZERO) then fst3 (targetNew (Single (nat1))) else ZERO

1 goal(s) more...

0 conjecture(s) more...
>>> case gq (nat1) (ZERO)(rank : 5.)


1st goal of : forall (clist1:clist), main (clist1) = mainNew (clist1)
clist1 : clist
nat1 : nat
Base1 : clist1 = Single (nat1)
Case1 : gq (nat1) (ZERO) = true
---------------------------------------
max (ZERO) (if lq (ZERO) (nat1) then ZERO else nat1) = ZERO

2 goal(s) more...

0 conjecture(s) more...
Tactic List : 1
case lq (ZERO) (nat1)(rank:6.)
=================================================
Progress: 7


1st goal of : forall (clist1:clist), main (clist1) = mainNew (clist1)
clist1 : clist
nat1 : nat
Base1 : clist1 = Single (nat1)
Case1 : gq (nat1) (ZERO) = true
---------------------------------------
max (ZERO) (if lq (ZERO) (nat1) then ZERO else nat1) = ZERO

2 goal(s) more...

0 conjecture(s) more...
>>> case lq (ZERO) (nat1)(rank : 6.)


1st goal of : forall (clist1:clist), main (clist1) = mainNew (clist1)
clist1 : clist
nat1 : nat
Base1 : clist1 = Single (nat1)
Case1 : gq (nat1) (ZERO) = true
Case2 : lq (ZERO) (nat1) = true
---------------------------------------
max (ZERO) (ZERO) = ZERO

3 goal(s) more...

0 conjecture(s) more...
Tactic List : 0
previous tactics
simpl in goal
case gq (nat1) (ZERO)
case lq (ZERO) (nat1)
Fatal error: exception Failure("worklist is empty")
Raised at Stdlib.failwith in file "stdlib.ml", line 29, characters 17-33
Called from Dilemma__Engine.proof_auto in file "lib/engine.ml", line 284, characters 8-69
Called from Dune__exe__Main.main in file "bin/main.ml", line 24, characters 12-79
