Enter the definition file path (1/2) : 
> Enter the definition file path (2/2) : 
> Choose the proof type :
1) Interactive Mode 	 2) Auto Mode
Enter the goal : =================================================
Progress: 1


No conjecture
>>> assert forall (lst:clist), main (lst) = mainNew (lst)(rank : 0.)


1st goal of : forall (clist1:clist), main (clist1) = mainNew (clist1)

---------------------------------------
forall (clist1:clist), main (clist1) = mainNew (clist1)

0 goal(s) more...

0 conjecture(s) more...
Tactic List : 1
simpl in goal(rank:3.)
=================================================
Progress: 2


1st goal of : forall (clist1:clist), main (clist1) = mainNew (clist1)

---------------------------------------
forall (clist1:clist), main (clist1) = mainNew (clist1)

0 goal(s) more...

0 conjecture(s) more...
>>> simpl in goal(rank : 3.)


1st goal of : forall (clist1:clist), main (clist1) = mainNew (clist1)

---------------------------------------
forall (clist1:clist), Tuple2 (match (tf0 (tf4 (clist1))) with
| Tuple3 _ b _ -> b) (match (tf0 (tf4 (clist1))) with
| Tuple3 _ _ c -> c) = Tuple2 (match (tf6 (clist1)) with
| Tuple3 a _ _ -> a) (match (tf6 (clist1)) with
| Tuple3 _ b _ -> b)

0 goal(s) more...

0 conjecture(s) more...
Tactic List : 1
intro clist1(rank:3.)
=================================================
Progress: 3


1st goal of : forall (clist1:clist), main (clist1) = mainNew (clist1)

---------------------------------------
forall (clist1:clist), Tuple2 (match (tf0 (tf4 (clist1))) with
| Tuple3 _ b _ -> b) (match (tf0 (tf4 (clist1))) with
| Tuple3 _ _ c -> c) = Tuple2 (match (tf6 (clist1)) with
| Tuple3 a _ _ -> a) (match (tf6 (clist1)) with
| Tuple3 _ b _ -> b)

0 goal(s) more...

0 conjecture(s) more...
>>> intro clist1(rank : 3.)


1st goal of : forall (clist1:clist), main (clist1) = mainNew (clist1)
clist1 : clist
---------------------------------------
Tuple2 (match (tf0 (tf4 (clist1))) with
| Tuple3 _ b _ -> b) (match (tf0 (tf4 (clist1))) with
| Tuple3 _ _ c -> c) = Tuple2 (match (tf6 (clist1)) with
| Tuple3 a _ _ -> a) (match (tf6 (clist1)) with
| Tuple3 _ b _ -> b)

0 goal(s) more...

0 conjecture(s) more...
Tactic List : 2
case tf0 (tf4 (clist1))(rank:3.)
case tf6 (clist1)(rank:3.)
=================================================
Progress: 4


1st goal of : forall (clist1:clist), main (clist1) = mainNew (clist1)
clist1 : clist
---------------------------------------
Tuple2 (match (tf0 (tf4 (clist1))) with
| Tuple3 _ b _ -> b) (match (tf0 (tf4 (clist1))) with
| Tuple3 _ _ c -> c) = Tuple2 (match (tf6 (clist1)) with
| Tuple3 a _ _ -> a) (match (tf6 (clist1)) with
| Tuple3 _ b _ -> b)

0 goal(s) more...

0 conjecture(s) more...
>>> case tf0 (tf4 (clist1))(rank : 3.)


1st goal of : forall (clist1:clist), main (clist1) = mainNew (clist1)
clist1 : clist
Case1 : tf0 (tf4 (clist1)) = Tuple3 (nat1) (nat2) (nat3)
---------------------------------------
Tuple2 (nat2) (nat3) = Tuple2 (match (tf6 (clist1)) with
| Tuple3 a _ _ -> a) (match (tf6 (clist1)) with
| Tuple3 _ b _ -> b)

0 goal(s) more...

0 conjecture(s) more...
Tactic List : 0
validate generalize_common_subterm_goal
Prop: Tuple2 (ZERO) (ZERO) = Tuple2 (match (tf6 (Concats (Single (ZERO)) (Cnil))) with
| Tuple3 a _ _ -> a) (match (tf6 (Concats (Single (ZERO)) (Cnil))) with
| Tuple3 _ b _ -> b)
Prop: Tuple2 (ZERO) (ZERO) = Tuple2 (match (tf6 (Cnil)) with
| Tuple3 a _ _ -> a) (match (tf6 (Cnil)) with
| Tuple3 _ b _ -> b)
Prop: Tuple2 (ZERO) (ZERO) = Tuple2 (match (tf6 (Cnil)) with
| Tuple3 a _ _ -> a) (match (tf6 (Cnil)) with
| Tuple3 _ b _ -> b)
Lemma List
forall (clist1:clist) (nat1:nat) (nat2:nat), Tuple2 (nat1) (nat2) = Tuple2 (match (tf6 (clist1)) with
| Tuple3 a _ _ -> a) (match (tf6 (clist1)) with
| Tuple3 _ b _ -> b)
End of Lemma List


1st goal of : forall (clist1:clist), main (clist1) = mainNew (clist1)
clist1 : clist
Case1 : tf0 (tf4 (clist1)) = Tuple3 (nat1) (nat2) (nat3)
---------------------------------------
Tuple2 (nat2) (nat3) = Tuple2 (match (tf6 (clist1)) with
| Tuple3 a _ _ -> a) (match (tf6 (clist1)) with
| Tuple3 _ b _ -> b)

0 goal(s) more...

0 conjecture(s) more...
=================================================
Progress: 5


1st goal of : forall (clist1:clist), main (clist1) = mainNew (clist1)
clist1 : clist
Case1 : tf0 (tf4 (clist1)) = Tuple3 (nat1) (nat2) (nat3)
---------------------------------------
Tuple2 (nat2) (nat3) = Tuple2 (match (tf6 (clist1)) with
| Tuple3 a _ _ -> a) (match (tf6 (clist1)) with
| Tuple3 _ b _ -> b)

0 goal(s) more...

0 conjecture(s) more...
>>> assert forall (clist1:clist) (nat1:nat) (nat2:nat), Tuple2 (nat1) (nat2) = Tuple2 (match (tf6 (clist1)) with
| Tuple3 a _ _ -> a) (match (tf6 (clist1)) with
| Tuple3 _ b _ -> b)(rank : 0.)


1st goal of : forall (clist1:clist) (nat1:nat) (nat2:nat), Tuple2 (nat1) (nat2) = Tuple2 (match (tf6 (clist1)) with
| Tuple3 a _ _ -> a) (match (tf6 (clist1)) with
| Tuple3 _ b _ -> b)

---------------------------------------
forall (clist1:clist) (nat1:nat) (nat2:nat), Tuple2 (nat1) (nat2) = Tuple2 (match (tf6 (clist1)) with
| Tuple3 a _ _ -> a) (match (tf6 (clist1)) with
| Tuple3 _ b _ -> b)

0 goal(s) more...

1 conjecture(s) more...
Tactic List : 3
intro clist1(rank:5.)
intro nat1(rank:5.)
intro nat2(rank:5.)
=================================================
Progress: 6


1st goal of : forall (clist1:clist), main (clist1) = mainNew (clist1)
clist1 : clist
---------------------------------------
Tuple2 (match (tf0 (tf4 (clist1))) with
| Tuple3 _ b _ -> b) (match (tf0 (tf4 (clist1))) with
| Tuple3 _ _ c -> c) = Tuple2 (match (tf6 (clist1)) with
| Tuple3 a _ _ -> a) (match (tf6 (clist1)) with
| Tuple3 _ b _ -> b)

0 goal(s) more...

0 conjecture(s) more...
>>> case tf6 (clist1)(rank : 3.)


1st goal of : forall (clist1:clist), main (clist1) = mainNew (clist1)
clist1 : clist
Case1 : tf6 (clist1) = Tuple3 (nat1) (nat2) (nat3)
---------------------------------------
Tuple2 (match (tf0 (tf4 (clist1))) with
| Tuple3 _ b _ -> b) (match (tf0 (tf4 (clist1))) with
| Tuple3 _ _ c -> c) = Tuple2 (nat1) (nat2)

0 goal(s) more...

0 conjecture(s) more...
Tactic List : 0
validate generalize_common_subterm_goal
Prop: Tuple2 (match (tf0 (tf4 (Cnil))) with
| Tuple3 _ b _ -> b) (match (tf0 (tf4 (Cnil))) with
| Tuple3 _ _ c -> c) = Tuple2 (ZERO) (ZERO)
Prop: Tuple2 (match (tf0 (tf4 (Cnil))) with
| Tuple3 _ b _ -> b) (match (tf0 (tf4 (Cnil))) with
| Tuple3 _ _ c -> c) = Tuple2 (ZERO) (SUCC (ZERO))
Prop: Tuple2 (match (tf0 (tf4 (Cnil))) with
| Tuple3 _ b _ -> b) (match (tf0 (tf4 (Cnil))) with
| Tuple3 _ _ c -> c) = Tuple2 (SUCC (SUCC (ZERO))) (SUCC (SUCC (ZERO)))
asdf
=================================================
Progress: 7


1st goal of : forall (clist1:clist) (nat1:nat) (nat2:nat), Tuple2 (nat1) (nat2) = Tuple2 (match (tf6 (clist1)) with
| Tuple3 a _ _ -> a) (match (tf6 (clist1)) with
| Tuple3 _ b _ -> b)

---------------------------------------
forall (clist1:clist) (nat1:nat) (nat2:nat), Tuple2 (nat1) (nat2) = Tuple2 (match (tf6 (clist1)) with
| Tuple3 a _ _ -> a) (match (tf6 (clist1)) with
| Tuple3 _ b _ -> b)

0 goal(s) more...

1 conjecture(s) more...
>>> intro clist1(rank : 5.)


1st goal of : forall (clist1:clist) (nat1:nat) (nat2:nat), Tuple2 (nat1) (nat2) = Tuple2 (match (tf6 (clist1)) with
| Tuple3 a _ _ -> a) (match (tf6 (clist1)) with
| Tuple3 _ b _ -> b)
clist1 : clist
---------------------------------------
forall (nat1:nat) (nat2:nat), Tuple2 (nat1) (nat2) = Tuple2 (match (tf6 (clist1)) with
| Tuple3 a _ _ -> a) (match (tf6 (clist1)) with
| Tuple3 _ b _ -> b)

0 goal(s) more...

1 conjecture(s) more...
Tactic List : 2
intro nat1(rank:5.)
intro nat2(rank:5.)
=================================================
Progress: 8


1st goal of : forall (clist1:clist) (nat1:nat) (nat2:nat), Tuple2 (nat1) (nat2) = Tuple2 (match (tf6 (clist1)) with
| Tuple3 a _ _ -> a) (match (tf6 (clist1)) with
| Tuple3 _ b _ -> b)

---------------------------------------
forall (clist1:clist) (nat1:nat) (nat2:nat), Tuple2 (nat1) (nat2) = Tuple2 (match (tf6 (clist1)) with
| Tuple3 a _ _ -> a) (match (tf6 (clist1)) with
| Tuple3 _ b _ -> b)

0 goal(s) more...

1 conjecture(s) more...
>>> intro nat1(rank : 5.)


1st goal of : forall (clist1:clist) (nat1:nat) (nat2:nat), Tuple2 (nat1) (nat2) = Tuple2 (match (tf6 (clist1)) with
| Tuple3 a _ _ -> a) (match (tf6 (clist1)) with
| Tuple3 _ b _ -> b)
nat1 : nat
---------------------------------------
forall (clist1:clist) (nat2:nat), Tuple2 (nat1) (nat2) = Tuple2 (match (tf6 (clist1)) with
| Tuple3 a _ _ -> a) (match (tf6 (clist1)) with
| Tuple3 _ b _ -> b)

0 goal(s) more...

1 conjecture(s) more...
Tactic List : 1
intro nat2(rank:5.)
=================================================
Progress: 9


1st goal of : forall (clist1:clist) (nat1:nat) (nat2:nat), Tuple2 (nat1) (nat2) = Tuple2 (match (tf6 (clist1)) with
| Tuple3 a _ _ -> a) (match (tf6 (clist1)) with
| Tuple3 _ b _ -> b)

---------------------------------------
forall (clist1:clist) (nat1:nat) (nat2:nat), Tuple2 (nat1) (nat2) = Tuple2 (match (tf6 (clist1)) with
| Tuple3 a _ _ -> a) (match (tf6 (clist1)) with
| Tuple3 _ b _ -> b)

0 goal(s) more...

1 conjecture(s) more...
>>> intro nat2(rank : 5.)


1st goal of : forall (clist1:clist) (nat1:nat) (nat2:nat), Tuple2 (nat1) (nat2) = Tuple2 (match (tf6 (clist1)) with
| Tuple3 a _ _ -> a) (match (tf6 (clist1)) with
| Tuple3 _ b _ -> b)
nat2 : nat
---------------------------------------
forall (clist1:clist) (nat1:nat), Tuple2 (nat1) (nat2) = Tuple2 (match (tf6 (clist1)) with
| Tuple3 a _ _ -> a) (match (tf6 (clist1)) with
| Tuple3 _ b _ -> b)

0 goal(s) more...

1 conjecture(s) more...
Tactic List : 0
validate generalize_common_subterm_goal
Prop: Tuple2 (ZERO) (ZERO) = Tuple2 (match (tf6 (Cnil)) with
| Tuple3 a _ _ -> a) (match (tf6 (Cnil)) with
| Tuple3 _ b _ -> b)
Prop: Tuple2 (ZERO) (SUCC (SUCC (SUCC (SUCC (ZERO))))) = Tuple2 (match (tf6 (Concats (Concats (Concats (Single (SUCC (ZERO))) (Concats (Cnil) (Single (ZERO)))) (Single (ZERO))) (Cnil))) with
| Tuple3 a _ _ -> a) (match (tf6 (Concats (Concats (Concats (Single (SUCC (ZERO))) (Concats (Cnil) (Single (ZERO)))) (Single (ZERO))) (Cnil))) with
| Tuple3 _ b _ -> b)
Prop: Tuple2 (ZERO) (ZERO) = Tuple2 (match (tf6 (Single (SUCC (ZERO)))) with
| Tuple3 a _ _ -> a) (match (tf6 (Single (SUCC (ZERO)))) with
| Tuple3 _ b _ -> b)
asdf
=================================================
Progress: 10


1st goal of : forall (clist1:clist) (nat1:nat) (nat2:nat), Tuple2 (nat1) (nat2) = Tuple2 (match (tf6 (clist1)) with
| Tuple3 a _ _ -> a) (match (tf6 (clist1)) with
| Tuple3 _ b _ -> b)
clist1 : clist
---------------------------------------
forall (nat1:nat) (nat2:nat), Tuple2 (nat1) (nat2) = Tuple2 (match (tf6 (clist1)) with
| Tuple3 a _ _ -> a) (match (tf6 (clist1)) with
| Tuple3 _ b _ -> b)

0 goal(s) more...

1 conjecture(s) more...
>>> intro nat1(rank : 5.)


1st goal of : forall (clist1:clist) (nat1:nat) (nat2:nat), Tuple2 (nat1) (nat2) = Tuple2 (match (tf6 (clist1)) with
| Tuple3 a _ _ -> a) (match (tf6 (clist1)) with
| Tuple3 _ b _ -> b)
clist1 : clist
nat1 : nat
---------------------------------------
forall (nat2:nat), Tuple2 (nat1) (nat2) = Tuple2 (match (tf6 (clist1)) with
| Tuple3 a _ _ -> a) (match (tf6 (clist1)) with
| Tuple3 _ b _ -> b)

0 goal(s) more...

1 conjecture(s) more...
Tactic List : 1
intro nat2(rank:5.)
=================================================
Progress: 11


1st goal of : forall (clist1:clist) (nat1:nat) (nat2:nat), Tuple2 (nat1) (nat2) = Tuple2 (match (tf6 (clist1)) with
| Tuple3 a _ _ -> a) (match (tf6 (clist1)) with
| Tuple3 _ b _ -> b)
clist1 : clist
---------------------------------------
forall (nat1:nat) (nat2:nat), Tuple2 (nat1) (nat2) = Tuple2 (match (tf6 (clist1)) with
| Tuple3 a _ _ -> a) (match (tf6 (clist1)) with
| Tuple3 _ b _ -> b)

0 goal(s) more...

1 conjecture(s) more...
>>> intro nat2(rank : 5.)


1st goal of : forall (clist1:clist) (nat1:nat) (nat2:nat), Tuple2 (nat1) (nat2) = Tuple2 (match (tf6 (clist1)) with
| Tuple3 a _ _ -> a) (match (tf6 (clist1)) with
| Tuple3 _ b _ -> b)
clist1 : clist
nat2 : nat
---------------------------------------
forall (nat1:nat), Tuple2 (nat1) (nat2) = Tuple2 (match (tf6 (clist1)) with
| Tuple3 a _ _ -> a) (match (tf6 (clist1)) with
| Tuple3 _ b _ -> b)

0 goal(s) more...

1 conjecture(s) more...
Tactic List : 0
validate generalize_common_subterm_goal
Prop: Tuple2 (ZERO) (ZERO) = Tuple2 (match (tf6 (Concats (Cnil) (Cnil))) with
| Tuple3 a _ _ -> a) (match (tf6 (Concats (Cnil) (Cnil))) with
| Tuple3 _ b _ -> b)
Prop: Tuple2 (ZERO) (ZERO) = Tuple2 (match (tf6 (Concats (Single (ZERO)) (Single (ZERO)))) with
| Tuple3 a _ _ -> a) (match (tf6 (Concats (Single (ZERO)) (Single (ZERO)))) with
| Tuple3 _ b _ -> b)
Prop: Tuple2 (ZERO) (SUCC (SUCC (ZERO))) = Tuple2 (match (tf6 (Concats (Concats (Concats (Cnil) (Cnil)) (Single (ZERO))) (Concats (Concats (Single (ZERO)) (Single (ZERO))) (Concats (Concats (Cnil) (Cnil)) (Cnil))))) with
| Tuple3 a _ _ -> a) (match (tf6 (Concats (Concats (Concats (Cnil) (Cnil)) (Single (ZERO))) (Concats (Concats (Single (ZERO)) (Single (ZERO))) (Concats (Concats (Cnil) (Cnil)) (Cnil))))) with
| Tuple3 _ b _ -> b)
asdf
=================================================
Progress: 12


1st goal of : forall (clist1:clist) (nat1:nat) (nat2:nat), Tuple2 (nat1) (nat2) = Tuple2 (match (tf6 (clist1)) with
| Tuple3 a _ _ -> a) (match (tf6 (clist1)) with
| Tuple3 _ b _ -> b)
nat1 : nat
---------------------------------------
forall (clist1:clist) (nat2:nat), Tuple2 (nat1) (nat2) = Tuple2 (match (tf6 (clist1)) with
| Tuple3 a _ _ -> a) (match (tf6 (clist1)) with
| Tuple3 _ b _ -> b)

0 goal(s) more...

1 conjecture(s) more...
>>> intro nat2(rank : 5.)


1st goal of : forall (clist1:clist) (nat1:nat) (nat2:nat), Tuple2 (nat1) (nat2) = Tuple2 (match (tf6 (clist1)) with
| Tuple3 a _ _ -> a) (match (tf6 (clist1)) with
| Tuple3 _ b _ -> b)
nat1 : nat
nat2 : nat
---------------------------------------
forall (clist1:clist), Tuple2 (nat1) (nat2) = Tuple2 (match (tf6 (clist1)) with
| Tuple3 a _ _ -> a) (match (tf6 (clist1)) with
| Tuple3 _ b _ -> b)

0 goal(s) more...

1 conjecture(s) more...
Tactic List : 0
validate generalize_common_subterm_goal
Prop: Tuple2 (SUCC (SUCC (SUCC (ZERO)))) (ZERO) = Tuple2 (match (tf6 (Cnil)) with
| Tuple3 a _ _ -> a) (match (tf6 (Cnil)) with
| Tuple3 _ b _ -> b)
Prop: Tuple2 (ZERO) (ZERO) = Tuple2 (match (tf6 (Concats (Single (SUCC (ZERO))) (Concats (Single (SUCC (SUCC (SUCC (SUCC (ZERO)))))) (Concats (Cnil) (Concats (Cnil) (Single (SUCC (SUCC (SUCC (ZERO)))))))))) with
| Tuple3 a _ _ -> a) (match (tf6 (Concats (Single (SUCC (ZERO))) (Concats (Single (SUCC (SUCC (SUCC (SUCC (ZERO)))))) (Concats (Cnil) (Concats (Cnil) (Single (SUCC (SUCC (SUCC (ZERO)))))))))) with
| Tuple3 _ b _ -> b)
Prop: Tuple2 (SUCC (ZERO)) (ZERO) = Tuple2 (match (tf6 (Cnil)) with
| Tuple3 a _ _ -> a) (match (tf6 (Cnil)) with
| Tuple3 _ b _ -> b)
asdf
=================================================
Progress: 13


1st goal of : forall (clist1:clist) (nat1:nat) (nat2:nat), Tuple2 (nat1) (nat2) = Tuple2 (match (tf6 (clist1)) with
| Tuple3 a _ _ -> a) (match (tf6 (clist1)) with
| Tuple3 _ b _ -> b)
clist1 : clist
nat1 : nat
---------------------------------------
forall (nat2:nat), Tuple2 (nat1) (nat2) = Tuple2 (match (tf6 (clist1)) with
| Tuple3 a _ _ -> a) (match (tf6 (clist1)) with
| Tuple3 _ b _ -> b)

0 goal(s) more...

1 conjecture(s) more...
>>> intro nat2(rank : 5.)


1st goal of : forall (clist1:clist) (nat1:nat) (nat2:nat), Tuple2 (nat1) (nat2) = Tuple2 (match (tf6 (clist1)) with
| Tuple3 a _ _ -> a) (match (tf6 (clist1)) with
| Tuple3 _ b _ -> b)
clist1 : clist
nat1 : nat
nat2 : nat
---------------------------------------
Tuple2 (nat1) (nat2) = Tuple2 (match (tf6 (clist1)) with
| Tuple3 a _ _ -> a) (match (tf6 (clist1)) with
| Tuple3 _ b _ -> b)

0 goal(s) more...

1 conjecture(s) more...
Tactic List : 0
validate generalize_common_subterm_goal
Prop: Tuple2 (ZERO) (SUCC (ZERO)) = Tuple2 (match (tf6 (Cnil)) with
| Tuple3 a _ _ -> a) (match (tf6 (Cnil)) with
| Tuple3 _ b _ -> b)
Prop: Tuple2 (ZERO) (SUCC (SUCC (ZERO))) = Tuple2 (match (tf6 (Single (SUCC (SUCC (ZERO))))) with
| Tuple3 a _ _ -> a) (match (tf6 (Single (SUCC (SUCC (ZERO))))) with
| Tuple3 _ b _ -> b)
Prop: Tuple2 (SUCC (ZERO)) (ZERO) = Tuple2 (match (tf6 (Concats (Single (SUCC (ZERO))) (Single (ZERO)))) with
| Tuple3 a _ _ -> a) (match (tf6 (Concats (Single (SUCC (ZERO))) (Single (ZERO)))) with
| Tuple3 _ b _ -> b)
asdf
Fatal error: exception Failure("worklist is empty")
Raised at Stdlib.failwith in file "stdlib.ml", line 29, characters 17-33
Called from Dilemma__Engine.proof_auto in file "lib/engine.ml", line 284, characters 8-69
Called from Dune__exe__Main.main in file "bin/main.ml", line 24, characters 12-79
