Enter the definition file path (1/2) : 
> Enter the definition file path (2/2) : 
> Choose the proof type :
1) Interactive Mode 	 2) Auto Mode
Enter the goal : =================================================
Progress: 1


No conjecture
>>> assert forall (lst:clist), main (lst) = mainNew (lst)(rank : 0.)


1st goal of : forall (clist1:clist), main (clist1) = mainNew (clist1)

---------------------------------------
forall (clist1:clist), main (clist1) = mainNew (clist1)

0 goal(s) more...

0 conjecture(s) more...
Tactic List : 1
simpl in goal(rank:3.)
=================================================
Progress: 2


1st goal of : forall (clist1:clist), main (clist1) = mainNew (clist1)

---------------------------------------
forall (clist1:clist), main (clist1) = mainNew (clist1)

0 goal(s) more...

0 conjecture(s) more...
>>> simpl in goal(rank : 3.)


1st goal of : forall (clist1:clist), main (clist1) = mainNew (clist1)

---------------------------------------
forall (clist1:clist), if tf0 (clist1) then spec (repr (target (clist1))) else ZERO = if tf0 (clist1) then targetNew (clist1) else ZERO

0 goal(s) more...

0 conjecture(s) more...
Tactic List : 1
intro clist1(rank:3.)
=================================================
Progress: 3


1st goal of : forall (clist1:clist), main (clist1) = mainNew (clist1)

---------------------------------------
forall (clist1:clist), if tf0 (clist1) then spec (repr (target (clist1))) else ZERO = if tf0 (clist1) then targetNew (clist1) else ZERO

0 goal(s) more...

0 conjecture(s) more...
>>> intro clist1(rank : 3.)


1st goal of : forall (clist1:clist), main (clist1) = mainNew (clist1)
clist1 : clist
---------------------------------------
if tf0 (clist1) then spec (repr (target (clist1))) else ZERO = if tf0 (clist1) then targetNew (clist1) else ZERO

0 goal(s) more...

0 conjecture(s) more...
Tactic List : 1
case tf0 (clist1)(rank:4.)
=================================================
Progress: 4


1st goal of : forall (clist1:clist), main (clist1) = mainNew (clist1)
clist1 : clist
---------------------------------------
if tf0 (clist1) then spec (repr (target (clist1))) else ZERO = if tf0 (clist1) then targetNew (clist1) else ZERO

0 goal(s) more...

0 conjecture(s) more...
>>> case tf0 (clist1)(rank : 4.)


1st goal of : forall (clist1:clist), main (clist1) = mainNew (clist1)
clist1 : clist
Case1 : tf0 (clist1) = true
---------------------------------------
tf6 (tf4 (tf9 (clist1))) = tf10 (clist1)

1 goal(s) more...

0 conjecture(s) more...
Tactic List : 0
validate generalize_common_subterm_goal
Prop: tf6 (tf4 (tf9 (Concats (Cnil) (Cnil)))) = tf10 (Concats (Cnil) (Cnil))
Prop: tf6 (tf4 (tf9 (Cnil))) = tf10 (Cnil)
Prop: tf6 (tf4 (tf9 (Cnil))) = tf10 (Cnil)
Lemma List
forall (clist1:clist), tf0 (clist1) = true -> tf6 (tf4 (tf9 (clist1))) = tf10 (clist1)
End of Lemma List


1st goal of : forall (clist1:clist), main (clist1) = mainNew (clist1)
clist1 : clist
Case1 : tf0 (clist1) = true
---------------------------------------
tf6 (tf4 (tf9 (clist1))) = tf10 (clist1)

1 goal(s) more...

0 conjecture(s) more...
=================================================
Progress: 5


1st goal of : forall (clist1:clist), main (clist1) = mainNew (clist1)
clist1 : clist
Case1 : tf0 (clist1) = true
---------------------------------------
tf6 (tf4 (tf9 (clist1))) = tf10 (clist1)

1 goal(s) more...

0 conjecture(s) more...
>>> assert forall (clist1:clist), tf0 (clist1) = true -> tf6 (tf4 (tf9 (clist1))) = tf10 (clist1)(rank : 0.)


1st goal of : forall (clist1:clist), tf0 (clist1) = true -> tf6 (tf4 (tf9 (clist1))) = tf10 (clist1)

---------------------------------------
forall (clist1:clist), tf0 (clist1) = true -> tf6 (tf4 (tf9 (clist1))) = tf10 (clist1)

0 goal(s) more...

1 conjecture(s) more...
Tactic List : 1
induction clist1(rank:7.)
=================================================
Progress: 6


1st goal of : forall (clist1:clist), tf0 (clist1) = true -> tf6 (tf4 (tf9 (clist1))) = tf10 (clist1)

---------------------------------------
forall (clist1:clist), tf0 (clist1) = true -> tf6 (tf4 (tf9 (clist1))) = tf10 (clist1)

0 goal(s) more...

1 conjecture(s) more...
>>> induction clist1(rank : 7.)


1st goal of : forall (clist1:clist), tf0 (clist1) = true -> tf6 (tf4 (tf9 (clist1))) = tf10 (clist1)
clist1 : clist
Base1 : clist1 = Cnil
---------------------------------------
tf0 (Cnil) = true -> tf6 (tf4 (tf9 (Cnil))) = tf10 (Cnil)

2 goal(s) more...

1 conjecture(s) more...
Tactic List : 1
reflexivity(rank:6.)
=================================================
Progress: 7


1st goal of : forall (clist1:clist), tf0 (clist1) = true -> tf6 (tf4 (tf9 (clist1))) = tf10 (clist1)
clist1 : clist
Base1 : clist1 = Cnil
---------------------------------------
tf0 (Cnil) = true -> tf6 (tf4 (tf9 (Cnil))) = tf10 (Cnil)

2 goal(s) more...

1 conjecture(s) more...
>>> reflexivity(rank : 6.)


1st goal of : forall (clist1:clist), tf0 (clist1) = true -> tf6 (tf4 (tf9 (clist1))) = tf10 (clist1)
clist1 : clist
nat1 : nat
Base1 : clist1 = Single (nat1)
---------------------------------------
tf0 (Single (nat1)) = true -> tf6 (tf4 (tf9 (Single (nat1)))) = tf10 (Single (nat1))

1 goal(s) more...

1 conjecture(s) more...
Deduplication: 0
Tactic List : 1
simpl in goal(rank:6.)
=================================================
Progress: 8


1st goal of : forall (clist1:clist), tf0 (clist1) = true -> tf6 (tf4 (tf9 (clist1))) = tf10 (clist1)
clist1 : clist
nat1 : nat
Base1 : clist1 = Single (nat1)
---------------------------------------
tf0 (Single (nat1)) = true -> tf6 (tf4 (tf9 (Single (nat1)))) = tf10 (Single (nat1))

1 goal(s) more...

1 conjecture(s) more...
>>> simpl in goal(rank : 6.)


1st goal of : forall (clist1:clist), tf0 (clist1) = true -> tf6 (tf4 (tf9 (clist1))) = tf10 (clist1)
clist1 : clist
nat1 : nat
Base1 : clist1 = Single (nat1)
---------------------------------------
gq (nat1) (ZERO) = true -> if lq (nat1) (ZERO) then ZERO else nat1 = nat1

1 goal(s) more...

1 conjecture(s) more...
Tactic List : 1
intro Cond1(rank:6.)
=================================================
Progress: 9


1st goal of : forall (clist1:clist), tf0 (clist1) = true -> tf6 (tf4 (tf9 (clist1))) = tf10 (clist1)
clist1 : clist
nat1 : nat
Base1 : clist1 = Single (nat1)
---------------------------------------
gq (nat1) (ZERO) = true -> if lq (nat1) (ZERO) then ZERO else nat1 = nat1

1 goal(s) more...

1 conjecture(s) more...
>>> intro Cond1(rank : 6.)


1st goal of : forall (clist1:clist), tf0 (clist1) = true -> tf6 (tf4 (tf9 (clist1))) = tf10 (clist1)
clist1 : clist
nat1 : nat
Base1 : clist1 = Single (nat1)
Cond1 : gq (nat1) (ZERO) = true
---------------------------------------
if lq (nat1) (ZERO) then ZERO else nat1 = nat1

1 goal(s) more...

1 conjecture(s) more...
Tactic List : 1
case lq (nat1) (ZERO)(rank:7.)
=================================================
Progress: 10


1st goal of : forall (clist1:clist), tf0 (clist1) = true -> tf6 (tf4 (tf9 (clist1))) = tf10 (clist1)
clist1 : clist
nat1 : nat
Base1 : clist1 = Single (nat1)
Cond1 : gq (nat1) (ZERO) = true
---------------------------------------
if lq (nat1) (ZERO) then ZERO else nat1 = nat1

1 goal(s) more...

1 conjecture(s) more...
>>> case lq (nat1) (ZERO)(rank : 7.)


1st goal of : forall (clist1:clist), tf0 (clist1) = true -> tf6 (tf4 (tf9 (clist1))) = tf10 (clist1)
clist1 : clist
nat1 : nat
Base1 : clist1 = Single (nat1)
Cond1 : gq (nat1) (ZERO) = true
Case1 : lq (nat1) (ZERO) = true
---------------------------------------
ZERO = nat1

2 goal(s) more...

1 conjecture(s) more...
Tactic List : 0
previous tactics
simpl in goal
intro Cond1
case lq (nat1) (ZERO)
validate generalize_common_subterm_goal
Prop: ZERO = ZERO
Prop: ZERO = SUCC (SUCC (ZERO))
Prop: ZERO = ZERO
Lemma List
forall (nat1:nat), gq (nat1) (ZERO) = true->lq (nat1) (ZERO) = true -> ZERO = nat1
End of Lemma List


1st goal of : forall (clist1:clist), tf0 (clist1) = true -> tf6 (tf4 (tf9 (clist1))) = tf10 (clist1)
clist1 : clist
nat1 : nat
Base1 : clist1 = Single (nat1)
Cond1 : gq (nat1) (ZERO) = true
Case1 : lq (nat1) (ZERO) = true
---------------------------------------
ZERO = nat1

2 goal(s) more...

1 conjecture(s) more...
=================================================
Progress: 11


1st goal of : forall (clist1:clist), tf0 (clist1) = true -> tf6 (tf4 (tf9 (clist1))) = tf10 (clist1)
clist1 : clist
nat1 : nat
Base1 : clist1 = Single (nat1)
Cond1 : gq (nat1) (ZERO) = true
Case1 : lq (nat1) (ZERO) = true
---------------------------------------
ZERO = nat1

2 goal(s) more...

1 conjecture(s) more...
>>> assert forall (nat1:nat), gq (nat1) (ZERO) = true->lq (nat1) (ZERO) = true -> ZERO = nat1(rank : 0.)


1st goal of : forall (nat1:nat), gq (nat1) (ZERO) = true->lq (nat1) (ZERO) = true -> ZERO = nat1

---------------------------------------
forall (nat1:nat), gq (nat1) (ZERO) = true->lq (nat1) (ZERO) = true -> ZERO = nat1

0 goal(s) more...

2 conjecture(s) more...
Tactic List : 1
intro nat1(rank:7.)
=================================================
Progress: 12


1st goal of : forall (nat1:nat), gq (nat1) (ZERO) = true->lq (nat1) (ZERO) = true -> ZERO = nat1

---------------------------------------
forall (nat1:nat), gq (nat1) (ZERO) = true->lq (nat1) (ZERO) = true -> ZERO = nat1

0 goal(s) more...

2 conjecture(s) more...
>>> intro nat1(rank : 7.)


1st goal of : forall (nat1:nat), gq (nat1) (ZERO) = true->lq (nat1) (ZERO) = true -> ZERO = nat1
nat1 : nat
---------------------------------------
gq (nat1) (ZERO) = true->lq (nat1) (ZERO) = true -> ZERO = nat1

0 goal(s) more...

2 conjecture(s) more...
Tactic List : 1
intro Cond1(rank:7.)
=================================================
Progress: 13


1st goal of : forall (nat1:nat), gq (nat1) (ZERO) = true->lq (nat1) (ZERO) = true -> ZERO = nat1
nat1 : nat
---------------------------------------
gq (nat1) (ZERO) = true->lq (nat1) (ZERO) = true -> ZERO = nat1

0 goal(s) more...

2 conjecture(s) more...
>>> intro Cond1(rank : 7.)


1st goal of : forall (nat1:nat), gq (nat1) (ZERO) = true->lq (nat1) (ZERO) = true -> ZERO = nat1
nat1 : nat
Cond1 : gq (nat1) (ZERO) = true
---------------------------------------
lq (nat1) (ZERO) = true -> ZERO = nat1

0 goal(s) more...

2 conjecture(s) more...
Tactic List : 1
intro Cond2(rank:7.)
=================================================
Progress: 14


1st goal of : forall (nat1:nat), gq (nat1) (ZERO) = true->lq (nat1) (ZERO) = true -> ZERO = nat1
nat1 : nat
Cond1 : gq (nat1) (ZERO) = true
---------------------------------------
lq (nat1) (ZERO) = true -> ZERO = nat1

0 goal(s) more...

2 conjecture(s) more...
>>> intro Cond2(rank : 7.)


1st goal of : forall (nat1:nat), gq (nat1) (ZERO) = true->lq (nat1) (ZERO) = true -> ZERO = nat1
nat1 : nat
Cond1 : gq (nat1) (ZERO) = true
Cond2 : lq (nat1) (ZERO) = true
---------------------------------------
ZERO = nat1

0 goal(s) more...

2 conjecture(s) more...
Tactic List : 0
validate generalize_common_subterm_goal
Prop: ZERO = ZERO
Prop: ZERO = SUCC (SUCC (ZERO))
Prop: ZERO = ZERO
Lemma List
forall (nat1:nat), gq (nat1) (ZERO) = true->lq (nat1) (ZERO) = true -> ZERO = nat1
End of Lemma List


1st goal of : forall (nat1:nat), gq (nat1) (ZERO) = true->lq (nat1) (ZERO) = true -> ZERO = nat1
nat1 : nat
Cond1 : gq (nat1) (ZERO) = true
Cond2 : lq (nat1) (ZERO) = true
---------------------------------------
ZERO = nat1

0 goal(s) more...

2 conjecture(s) more...
=================================================
Progress: 15


1st goal of : forall (nat1:nat), gq (nat1) (ZERO) = true->lq (nat1) (ZERO) = true -> ZERO = nat1
nat1 : nat
Cond1 : gq (nat1) (ZERO) = true
Cond2 : lq (nat1) (ZERO) = true
---------------------------------------
ZERO = nat1

0 goal(s) more...

2 conjecture(s) more...
>>> assert forall (nat1:nat), gq (nat1) (ZERO) = true->lq (nat1) (ZERO) = true -> ZERO = nat1(rank : 0.)


1st goal of : forall (nat1:nat), gq (nat1) (ZERO) = true->lq (nat1) (ZERO) = true -> ZERO = nat1

---------------------------------------
forall (nat1:nat), gq (nat1) (ZERO) = true->lq (nat1) (ZERO) = true -> ZERO = nat1

0 goal(s) more...

3 conjecture(s) more...
Tactic List : 1
intro nat1(rank:9.)
=================================================
Progress: 16


1st goal of : forall (nat1:nat), gq (nat1) (ZERO) = true->lq (nat1) (ZERO) = true -> ZERO = nat1

---------------------------------------
forall (nat1:nat), gq (nat1) (ZERO) = true->lq (nat1) (ZERO) = true -> ZERO = nat1

0 goal(s) more...

3 conjecture(s) more...
>>> intro nat1(rank : 9.)


1st goal of : forall (nat1:nat), gq (nat1) (ZERO) = true->lq (nat1) (ZERO) = true -> ZERO = nat1
nat1 : nat
---------------------------------------
gq (nat1) (ZERO) = true->lq (nat1) (ZERO) = true -> ZERO = nat1

0 goal(s) more...

3 conjecture(s) more...
Tactic List : 1
intro Cond1(rank:9.)
=================================================
Progress: 17


1st goal of : forall (nat1:nat), gq (nat1) (ZERO) = true->lq (nat1) (ZERO) = true -> ZERO = nat1
nat1 : nat
---------------------------------------
gq (nat1) (ZERO) = true->lq (nat1) (ZERO) = true -> ZERO = nat1

0 goal(s) more...

3 conjecture(s) more...
>>> intro Cond1(rank : 9.)


1st goal of : forall (nat1:nat), gq (nat1) (ZERO) = true->lq (nat1) (ZERO) = true -> ZERO = nat1
nat1 : nat
Cond1 : gq (nat1) (ZERO) = true
---------------------------------------
lq (nat1) (ZERO) = true -> ZERO = nat1

0 goal(s) more...

3 conjecture(s) more...
Tactic List : 1
intro Cond2(rank:9.)
=================================================
Progress: 18


1st goal of : forall (nat1:nat), gq (nat1) (ZERO) = true->lq (nat1) (ZERO) = true -> ZERO = nat1
nat1 : nat
Cond1 : gq (nat1) (ZERO) = true
---------------------------------------
lq (nat1) (ZERO) = true -> ZERO = nat1

0 goal(s) more...

3 conjecture(s) more...
>>> intro Cond2(rank : 9.)


1st goal of : forall (nat1:nat), gq (nat1) (ZERO) = true->lq (nat1) (ZERO) = true -> ZERO = nat1
nat1 : nat
Cond1 : gq (nat1) (ZERO) = true
Cond2 : lq (nat1) (ZERO) = true
---------------------------------------
ZERO = nat1

0 goal(s) more...

3 conjecture(s) more...
Tactic List : 0
validate generalize_common_subterm_goal
Prop: ZERO = ZERO
Prop: ZERO = SUCC (SUCC (ZERO))
Prop: ZERO = ZERO
Fatal error: exception Failure("worklist is empty")
Raised at Stdlib.failwith in file "stdlib.ml", line 29, characters 17-33
Called from Dilemma__Engine.proof_auto in file "lib/engine.ml", line 284, characters 8-69
Called from Dune__exe__Main.main in file "bin/main.ml", line 24, characters 12-79
