Enter the definition file path (1/2) : 
> Enter the definition file path (2/2) : 
> Choose the proof type :
1) Interactive Mode 	 2) Auto Mode
Enter the goal : =================================================
Progress: 1


No conjecture
>>> assert forall (lst:clist), main (lst) = mainNew (lst)(rank : 0.)


1st goal of : forall (clist1:clist), main (clist1) = mainNew (clist1)

---------------------------------------
forall (clist1:clist), main (clist1) = mainNew (clist1)

0 goal(s) more...

0 conjecture(s) more...
Tactic List : 1
simpl in goal(rank:3.)
=================================================
Progress: 2


1st goal of : forall (clist1:clist), main (clist1) = mainNew (clist1)

---------------------------------------
forall (clist1:clist), main (clist1) = mainNew (clist1)

0 goal(s) more...

0 conjecture(s) more...
>>> simpl in goal(rank : 3.)


1st goal of : forall (clist1:clist), main (clist1) = mainNew (clist1)

---------------------------------------
forall (clist1:clist), match (tf5 (repr (clist1))) with
| Tuple3 _ _ c -> c = match (reprNew (clist1)) with
| Tuple3 a _ _ -> a

0 goal(s) more...

0 conjecture(s) more...
Tactic List : 1
induction clist1(rank:4.)
=================================================
Progress: 3


1st goal of : forall (clist1:clist), main (clist1) = mainNew (clist1)

---------------------------------------
forall (clist1:clist), match (tf5 (repr (clist1))) with
| Tuple3 _ _ c -> c = match (reprNew (clist1)) with
| Tuple3 a _ _ -> a

0 goal(s) more...

0 conjecture(s) more...
>>> induction clist1(rank : 4.)


1st goal of : forall (clist1:clist), main (clist1) = mainNew (clist1)
clist1 : clist
nat1 : nat
Base1 : clist1 = Single (nat1)
---------------------------------------
match (tf5 (repr (Single (nat1)))) with
| Tuple3 _ _ c -> c = match (reprNew (Single (nat1))) with
| Tuple3 a _ _ -> a

1 goal(s) more...

0 conjecture(s) more...
Tactic List : 1
reflexivity(rank:3.)
=================================================
Progress: 4


1st goal of : forall (clist1:clist), main (clist1) = mainNew (clist1)
clist1 : clist
nat1 : nat
Base1 : clist1 = Single (nat1)
---------------------------------------
match (tf5 (repr (Single (nat1)))) with
| Tuple3 _ _ c -> c = match (reprNew (Single (nat1))) with
| Tuple3 a _ _ -> a

1 goal(s) more...

0 conjecture(s) more...
>>> reflexivity(rank : 3.)


1st goal of : forall (clist1:clist), main (clist1) = mainNew (clist1)
clist1 : clist
clist2 : clist
clist3 : clist
IH1 : match (tf5 (repr (clist2))) with
| Tuple3 _ _ c -> c = match (reprNew (clist2)) with
| Tuple3 a _ _ -> a
IH2 : match (tf5 (repr (clist3))) with
| Tuple3 _ _ c -> c = match (reprNew (clist3)) with
| Tuple3 a _ _ -> a
Inductive1 : clist1 = Concats (clist2) (clist3)
---------------------------------------
match (tf5 (repr (Concats (clist2) (clist3)))) with
| Tuple3 _ _ c -> c = match (reprNew (Concats (clist2) (clist3))) with
| Tuple3 a _ _ -> a

0 goal(s) more...

0 conjecture(s) more...
Deduplication: 0
Tactic List : 1
simpl in goal(rank:3.)
=================================================
Progress: 5


1st goal of : forall (clist1:clist), main (clist1) = mainNew (clist1)
clist1 : clist
clist2 : clist
clist3 : clist
IH1 : match (tf5 (repr (clist2))) with
| Tuple3 _ _ c -> c = match (reprNew (clist2)) with
| Tuple3 a _ _ -> a
IH2 : match (tf5 (repr (clist3))) with
| Tuple3 _ _ c -> c = match (reprNew (clist3)) with
| Tuple3 a _ _ -> a
Inductive1 : clist1 = Concats (clist2) (clist3)
---------------------------------------
match (tf5 (repr (Concats (clist2) (clist3)))) with
| Tuple3 _ _ c -> c = match (reprNew (Concats (clist2) (clist3))) with
| Tuple3 a _ _ -> a

0 goal(s) more...

0 conjecture(s) more...
>>> simpl in goal(rank : 3.)


1st goal of : forall (clist1:clist), main (clist1) = mainNew (clist1)
clist1 : clist
clist2 : clist
clist3 : clist
IH1 : match (tf5 (repr (clist2))) with
| Tuple3 _ _ c -> c = match (reprNew (clist2)) with
| Tuple3 a _ _ -> a
IH2 : match (tf5 (repr (clist3))) with
| Tuple3 _ _ c -> c = match (reprNew (clist3)) with
| Tuple3 a _ _ -> a
Inductive1 : clist1 = Concats (clist2) (clist3)
---------------------------------------
match (tf5 (tf1 (repr (clist3)) (repr (clist2)))) with
| Tuple3 _ _ c -> c = if match (match (reprNew (clist2)) with
| Tuple3 a _ _ -> a) with
| true -> match (reprNew (clist3)) with
| Tuple3 a _ _ -> a
| false -> false then lq (match (reprNew (clist2)) with
| Tuple3 _ _ c -> c) (match (reprNew (clist3)) with
| Tuple3 _ b _ -> b) else false

0 goal(s) more...

0 conjecture(s) more...
Tactic List : 3
case match (match (reprNew (clist2)) with
| Tuple3 a _ _ -> a) with
| true -> match (reprNew (clist3)) with
| Tuple3 a _ _ -> a
| false -> false(rank:4.)
rewrite <- IH1 in goal at 0(rank:19.)
rewrite <- IH2 in goal at 0(rank:19.)
=================================================
Progress: 6


1st goal of : forall (clist1:clist), main (clist1) = mainNew (clist1)
clist1 : clist
clist2 : clist
clist3 : clist
IH1 : match (tf5 (repr (clist2))) with
| Tuple3 _ _ c -> c = match (reprNew (clist2)) with
| Tuple3 a _ _ -> a
IH2 : match (tf5 (repr (clist3))) with
| Tuple3 _ _ c -> c = match (reprNew (clist3)) with
| Tuple3 a _ _ -> a
Inductive1 : clist1 = Concats (clist2) (clist3)
---------------------------------------
match (tf5 (tf1 (repr (clist3)) (repr (clist2)))) with
| Tuple3 _ _ c -> c = if match (match (reprNew (clist2)) with
| Tuple3 a _ _ -> a) with
| true -> match (reprNew (clist3)) with
| Tuple3 a _ _ -> a
| false -> false then lq (match (reprNew (clist2)) with
| Tuple3 _ _ c -> c) (match (reprNew (clist3)) with
| Tuple3 _ b _ -> b) else false

0 goal(s) more...

0 conjecture(s) more...
>>> case match (match (reprNew (clist2)) with
| Tuple3 a _ _ -> a) with
| true -> match (reprNew (clist3)) with
| Tuple3 a _ _ -> a
| false -> false(rank : 4.)


1st goal of : forall (clist1:clist), main (clist1) = mainNew (clist1)
clist1 : clist
clist2 : clist
clist3 : clist
IH1 : match (tf5 (repr (clist2))) with
| Tuple3 _ _ c -> c = match (reprNew (clist2)) with
| Tuple3 a _ _ -> a
IH2 : match (tf5 (repr (clist3))) with
| Tuple3 _ _ c -> c = match (reprNew (clist3)) with
| Tuple3 a _ _ -> a
Inductive1 : clist1 = Concats (clist2) (clist3)
Case1 : match (match (reprNew (clist2)) with
| Tuple3 a _ _ -> a) with
| true -> match (reprNew (clist3)) with
| Tuple3 a _ _ -> a
| false -> false = true
---------------------------------------
match (tf5 (tf1 (repr (clist3)) (repr (clist2)))) with
| Tuple3 _ _ c -> c = lq (match (reprNew (clist2)) with
| Tuple3 _ _ c -> c) (match (reprNew (clist3)) with
| Tuple3 _ b _ -> b)

1 goal(s) more...

0 conjecture(s) more...
Tactic List : 0
previous tactics
simpl in goal
case match (match (reprNew (clist2)) with
| Tuple3 a _ _ -> a) with
| true -> match (reprNew (clist3)) with
| Tuple3 a _ _ -> a
| false -> false
validate generalize_common_subterm_goal
Prop: match (tf5 (tf1 (repr (Single (ZERO))) (repr (Concats (Concats (Single (ZERO)) (Single (SUCC (SUCC (SUCC (SUCC (SUCC (ZERO)))))))) (Concats (Concats (Single (ZERO)) (Single (ZERO))) (Single (ZERO))))))) with
| Tuple3 _ _ c -> c = lq (match (reprNew (Concats (Concats (Single (ZERO)) (Single (SUCC (SUCC (SUCC (SUCC (SUCC (ZERO)))))))) (Concats (Concats (Single (ZERO)) (Single (ZERO))) (Single (ZERO))))) with
| Tuple3 _ _ c -> c) (match (reprNew (Single (ZERO))) with
| Tuple3 _ b _ -> b)
Prop: match (tf5 (tf1 (repr (Single (ZERO))) (repr (Concats (Single (ZERO)) (Single (ZERO)))))) with
| Tuple3 _ _ c -> c = lq (match (reprNew (Concats (Single (ZERO)) (Single (ZERO)))) with
| Tuple3 _ _ c -> c) (match (reprNew (Single (ZERO))) with
| Tuple3 _ b _ -> b)
Prop: match (tf5 (tf1 (repr (Concats (Single (SUCC (ZERO))) (Concats (Single (SUCC (ZERO))) (Concats (Concats (Single (SUCC (ZERO))) (Single (ZERO))) (Single (ZERO)))))) (repr (Single (ZERO))))) with
| Tuple3 _ _ c -> c = lq (match (reprNew (Single (ZERO))) with
| Tuple3 _ _ c -> c) (match (reprNew (Concats (Single (SUCC (ZERO))) (Concats (Single (SUCC (ZERO))) (Concats (Concats (Single (SUCC (ZERO))) (Single (ZERO))) (Single (ZERO)))))) with
| Tuple3 _ b _ -> b)
Lemma List
forall (clist1:clist) (clist2:clist), match (match (reprNew (clist1)) with
| Tuple3 a _ _ -> a) with
| true -> match (reprNew (clist2)) with
| Tuple3 a _ _ -> a
| false -> false = true -> match (tf5 (tf1 (repr (clist2)) (repr (clist1)))) with
| Tuple3 _ _ c -> c = lq (match (reprNew (clist1)) with
| Tuple3 _ _ c -> c) (match (reprNew (clist2)) with
| Tuple3 _ b _ -> b)
End of Lemma List


1st goal of : forall (clist1:clist), main (clist1) = mainNew (clist1)
clist1 : clist
clist2 : clist
clist3 : clist
IH1 : match (tf5 (repr (clist2))) with
| Tuple3 _ _ c -> c = match (reprNew (clist2)) with
| Tuple3 a _ _ -> a
IH2 : match (tf5 (repr (clist3))) with
| Tuple3 _ _ c -> c = match (reprNew (clist3)) with
| Tuple3 a _ _ -> a
Inductive1 : clist1 = Concats (clist2) (clist3)
Case1 : match (match (reprNew (clist2)) with
| Tuple3 a _ _ -> a) with
| true -> match (reprNew (clist3)) with
| Tuple3 a _ _ -> a
| false -> false = true
---------------------------------------
match (tf5 (tf1 (repr (clist3)) (repr (clist2)))) with
| Tuple3 _ _ c -> c = lq (match (reprNew (clist2)) with
| Tuple3 _ _ c -> c) (match (reprNew (clist3)) with
| Tuple3 _ b _ -> b)

1 goal(s) more...

0 conjecture(s) more...
=================================================
Progress: 7


1st goal of : forall (clist1:clist), main (clist1) = mainNew (clist1)
clist1 : clist
clist2 : clist
clist3 : clist
IH1 : match (tf5 (repr (clist2))) with
| Tuple3 _ _ c -> c = match (reprNew (clist2)) with
| Tuple3 a _ _ -> a
IH2 : match (tf5 (repr (clist3))) with
| Tuple3 _ _ c -> c = match (reprNew (clist3)) with
| Tuple3 a _ _ -> a
Inductive1 : clist1 = Concats (clist2) (clist3)
Case1 : match (match (reprNew (clist2)) with
| Tuple3 a _ _ -> a) with
| true -> match (reprNew (clist3)) with
| Tuple3 a _ _ -> a
| false -> false = true
---------------------------------------
match (tf5 (tf1 (repr (clist3)) (repr (clist2)))) with
| Tuple3 _ _ c -> c = lq (match (reprNew (clist2)) with
| Tuple3 _ _ c -> c) (match (reprNew (clist3)) with
| Tuple3 _ b _ -> b)

1 goal(s) more...

0 conjecture(s) more...
>>> assert forall (clist1:clist) (clist2:clist), match (match (reprNew (clist1)) with
| Tuple3 a _ _ -> a) with
| true -> match (reprNew (clist2)) with
| Tuple3 a _ _ -> a
| false -> false = true -> match (tf5 (tf1 (repr (clist2)) (repr (clist1)))) with
| Tuple3 _ _ c -> c = lq (match (reprNew (clist1)) with
| Tuple3 _ _ c -> c) (match (reprNew (clist2)) with
| Tuple3 _ b _ -> b)(rank : 0.)


1st goal of : forall (clist1:clist) (clist2:clist), match (match (reprNew (clist1)) with
| Tuple3 a _ _ -> a) with
| true -> match (reprNew (clist2)) with
| Tuple3 a _ _ -> a
| false -> false = true -> match (tf5 (tf1 (repr (clist2)) (repr (clist1)))) with
| Tuple3 _ _ c -> c = lq (match (reprNew (clist1)) with
| Tuple3 _ _ c -> c) (match (reprNew (clist2)) with
| Tuple3 _ b _ -> b)

---------------------------------------
forall (clist1:clist) (clist2:clist), match (match (reprNew (clist1)) with
| Tuple3 a _ _ -> a) with
| true -> match (reprNew (clist2)) with
| Tuple3 a _ _ -> a
| false -> false = true -> match (tf5 (tf1 (repr (clist2)) (repr (clist1)))) with
| Tuple3 _ _ c -> c = lq (match (reprNew (clist1)) with
| Tuple3 _ _ c -> c) (match (reprNew (clist2)) with
| Tuple3 _ b _ -> b)

0 goal(s) more...

1 conjecture(s) more...
Tactic List : 1
induction clist1(rank:6.)
=================================================
Progress: 8


1st goal of : forall (clist1:clist) (clist2:clist), match (match (reprNew (clist1)) with
| Tuple3 a _ _ -> a) with
| true -> match (reprNew (clist2)) with
| Tuple3 a _ _ -> a
| false -> false = true -> match (tf5 (tf1 (repr (clist2)) (repr (clist1)))) with
| Tuple3 _ _ c -> c = lq (match (reprNew (clist1)) with
| Tuple3 _ _ c -> c) (match (reprNew (clist2)) with
| Tuple3 _ b _ -> b)

---------------------------------------
forall (clist1:clist) (clist2:clist), match (match (reprNew (clist1)) with
| Tuple3 a _ _ -> a) with
| true -> match (reprNew (clist2)) with
| Tuple3 a _ _ -> a
| false -> false = true -> match (tf5 (tf1 (repr (clist2)) (repr (clist1)))) with
| Tuple3 _ _ c -> c = lq (match (reprNew (clist1)) with
| Tuple3 _ _ c -> c) (match (reprNew (clist2)) with
| Tuple3 _ b _ -> b)

0 goal(s) more...

1 conjecture(s) more...
>>> induction clist1(rank : 6.)


1st goal of : forall (clist1:clist) (clist2:clist), match (match (reprNew (clist1)) with
| Tuple3 a _ _ -> a) with
| true -> match (reprNew (clist2)) with
| Tuple3 a _ _ -> a
| false -> false = true -> match (tf5 (tf1 (repr (clist2)) (repr (clist1)))) with
| Tuple3 _ _ c -> c = lq (match (reprNew (clist1)) with
| Tuple3 _ _ c -> c) (match (reprNew (clist2)) with
| Tuple3 _ b _ -> b)
clist1 : clist
nat1 : nat
Base1 : clist1 = Single (nat1)
---------------------------------------
forall (clist2:clist), match (match (reprNew (Single (nat1))) with
| Tuple3 a _ _ -> a) with
| true -> match (reprNew (clist2)) with
| Tuple3 a _ _ -> a
| false -> false = true -> match (tf5 (tf1 (repr (clist2)) (repr (Single (nat1))))) with
| Tuple3 _ _ c -> c = lq (match (reprNew (Single (nat1))) with
| Tuple3 _ _ c -> c) (match (reprNew (clist2)) with
| Tuple3 _ b _ -> b)

1 goal(s) more...

1 conjecture(s) more...
Tactic List : 1
simpl in goal(rank:6.)
=================================================
Progress: 9


1st goal of : forall (clist1:clist) (clist2:clist), match (match (reprNew (clist1)) with
| Tuple3 a _ _ -> a) with
| true -> match (reprNew (clist2)) with
| Tuple3 a _ _ -> a
| false -> false = true -> match (tf5 (tf1 (repr (clist2)) (repr (clist1)))) with
| Tuple3 _ _ c -> c = lq (match (reprNew (clist1)) with
| Tuple3 _ _ c -> c) (match (reprNew (clist2)) with
| Tuple3 _ b _ -> b)
clist1 : clist
nat1 : nat
Base1 : clist1 = Single (nat1)
---------------------------------------
forall (clist2:clist), match (match (reprNew (Single (nat1))) with
| Tuple3 a _ _ -> a) with
| true -> match (reprNew (clist2)) with
| Tuple3 a _ _ -> a
| false -> false = true -> match (tf5 (tf1 (repr (clist2)) (repr (Single (nat1))))) with
| Tuple3 _ _ c -> c = lq (match (reprNew (Single (nat1))) with
| Tuple3 _ _ c -> c) (match (reprNew (clist2)) with
| Tuple3 _ b _ -> b)

1 goal(s) more...

1 conjecture(s) more...
>>> simpl in goal(rank : 6.)


1st goal of : forall (clist1:clist) (clist2:clist), match (match (reprNew (clist1)) with
| Tuple3 a _ _ -> a) with
| true -> match (reprNew (clist2)) with
| Tuple3 a _ _ -> a
| false -> false = true -> match (tf5 (tf1 (repr (clist2)) (repr (clist1)))) with
| Tuple3 _ _ c -> c = lq (match (reprNew (clist1)) with
| Tuple3 _ _ c -> c) (match (reprNew (clist2)) with
| Tuple3 _ b _ -> b)
clist1 : clist
nat1 : nat
Base1 : clist1 = Single (nat1)
---------------------------------------
forall (clist2:clist), match (reprNew (clist2)) with
| Tuple3 a _ _ -> a = true -> match (match (tf5 (repr (clist2))) with
| Tuple3 _ _ c -> c) with
| true -> lq (nat1) (match (tf5 (repr (clist2))) with
| Tuple3 a _ _ -> a)
| false -> false = lq (nat1) (match (reprNew (clist2)) with
| Tuple3 _ b _ -> b)

1 goal(s) more...

1 conjecture(s) more...
Tactic List : 1
induction clist2(rank:7.)
=================================================
Progress: 10


1st goal of : forall (clist1:clist) (clist2:clist), match (match (reprNew (clist1)) with
| Tuple3 a _ _ -> a) with
| true -> match (reprNew (clist2)) with
| Tuple3 a _ _ -> a
| false -> false = true -> match (tf5 (tf1 (repr (clist2)) (repr (clist1)))) with
| Tuple3 _ _ c -> c = lq (match (reprNew (clist1)) with
| Tuple3 _ _ c -> c) (match (reprNew (clist2)) with
| Tuple3 _ b _ -> b)
clist1 : clist
nat1 : nat
Base1 : clist1 = Single (nat1)
---------------------------------------
forall (clist2:clist), match (reprNew (clist2)) with
| Tuple3 a _ _ -> a = true -> match (match (tf5 (repr (clist2))) with
| Tuple3 _ _ c -> c) with
| true -> lq (nat1) (match (tf5 (repr (clist2))) with
| Tuple3 a _ _ -> a)
| false -> false = lq (nat1) (match (reprNew (clist2)) with
| Tuple3 _ b _ -> b)

1 goal(s) more...

1 conjecture(s) more...
>>> induction clist2(rank : 7.)


1st goal of : forall (clist1:clist) (clist2:clist), match (match (reprNew (clist1)) with
| Tuple3 a _ _ -> a) with
| true -> match (reprNew (clist2)) with
| Tuple3 a _ _ -> a
| false -> false = true -> match (tf5 (tf1 (repr (clist2)) (repr (clist1)))) with
| Tuple3 _ _ c -> c = lq (match (reprNew (clist1)) with
| Tuple3 _ _ c -> c) (match (reprNew (clist2)) with
| Tuple3 _ b _ -> b)
clist1 : clist
nat1 : nat
Base1 : clist1 = Single (nat1)
clist2 : clist
nat2 : nat
Base2 : clist2 = Single (nat2)
---------------------------------------
match (reprNew (Single (nat2))) with
| Tuple3 a _ _ -> a = true -> match (match (tf5 (repr (Single (nat2)))) with
| Tuple3 _ _ c -> c) with
| true -> lq (nat1) (match (tf5 (repr (Single (nat2)))) with
| Tuple3 a _ _ -> a)
| false -> false = lq (nat1) (match (reprNew (Single (nat2))) with
| Tuple3 _ b _ -> b)

2 goal(s) more...

1 conjecture(s) more...
Tactic List : 1
reflexivity(rank:6.)
=================================================
Progress: 11


1st goal of : forall (clist1:clist) (clist2:clist), match (match (reprNew (clist1)) with
| Tuple3 a _ _ -> a) with
| true -> match (reprNew (clist2)) with
| Tuple3 a _ _ -> a
| false -> false = true -> match (tf5 (tf1 (repr (clist2)) (repr (clist1)))) with
| Tuple3 _ _ c -> c = lq (match (reprNew (clist1)) with
| Tuple3 _ _ c -> c) (match (reprNew (clist2)) with
| Tuple3 _ b _ -> b)
clist1 : clist
nat1 : nat
Base1 : clist1 = Single (nat1)
clist2 : clist
nat2 : nat
Base2 : clist2 = Single (nat2)
---------------------------------------
match (reprNew (Single (nat2))) with
| Tuple3 a _ _ -> a = true -> match (match (tf5 (repr (Single (nat2)))) with
| Tuple3 _ _ c -> c) with
| true -> lq (nat1) (match (tf5 (repr (Single (nat2)))) with
| Tuple3 a _ _ -> a)
| false -> false = lq (nat1) (match (reprNew (Single (nat2))) with
| Tuple3 _ b _ -> b)

2 goal(s) more...

1 conjecture(s) more...
>>> reflexivity(rank : 6.)


1st goal of : forall (clist1:clist) (clist2:clist), match (match (reprNew (clist1)) with
| Tuple3 a _ _ -> a) with
| true -> match (reprNew (clist2)) with
| Tuple3 a _ _ -> a
| false -> false = true -> match (tf5 (tf1 (repr (clist2)) (repr (clist1)))) with
| Tuple3 _ _ c -> c = lq (match (reprNew (clist1)) with
| Tuple3 _ _ c -> c) (match (reprNew (clist2)) with
| Tuple3 _ b _ -> b)
clist1 : clist
nat1 : nat
Base1 : clist1 = Single (nat1)
clist2 : clist
clist3 : clist
clist4 : clist
IH1 : match (reprNew (clist3)) with
| Tuple3 a _ _ -> a = true -> match (match (tf5 (repr (clist3))) with
| Tuple3 _ _ c -> c) with
| true -> lq (nat1) (match (tf5 (repr (clist3))) with
| Tuple3 a _ _ -> a)
| false -> false = lq (nat1) (match (reprNew (clist3)) with
| Tuple3 _ b _ -> b)
IH2 : match (reprNew (clist4)) with
| Tuple3 a _ _ -> a = true -> match (match (tf5 (repr (clist4))) with
| Tuple3 _ _ c -> c) with
| true -> lq (nat1) (match (tf5 (repr (clist4))) with
| Tuple3 a _ _ -> a)
| false -> false = lq (nat1) (match (reprNew (clist4)) with
| Tuple3 _ b _ -> b)
Inductive1 : clist2 = Concats (clist3) (clist4)
---------------------------------------
match (reprNew (Concats (clist3) (clist4))) with
| Tuple3 a _ _ -> a = true -> match (match (tf5 (repr (Concats (clist3) (clist4)))) with
| Tuple3 _ _ c -> c) with
| true -> lq (nat1) (match (tf5 (repr (Concats (clist3) (clist4)))) with
| Tuple3 a _ _ -> a)
| false -> false = lq (nat1) (match (reprNew (Concats (clist3) (clist4))) with
| Tuple3 _ b _ -> b)

1 goal(s) more...

1 conjecture(s) more...
Deduplication: 0
Tactic List : 1
simpl in goal(rank:6.)
=================================================
Progress: 12


1st goal of : forall (clist1:clist) (clist2:clist), match (match (reprNew (clist1)) with
| Tuple3 a _ _ -> a) with
| true -> match (reprNew (clist2)) with
| Tuple3 a _ _ -> a
| false -> false = true -> match (tf5 (tf1 (repr (clist2)) (repr (clist1)))) with
| Tuple3 _ _ c -> c = lq (match (reprNew (clist1)) with
| Tuple3 _ _ c -> c) (match (reprNew (clist2)) with
| Tuple3 _ b _ -> b)
clist1 : clist
nat1 : nat
Base1 : clist1 = Single (nat1)
clist2 : clist
clist3 : clist
clist4 : clist
IH1 : match (reprNew (clist3)) with
| Tuple3 a _ _ -> a = true -> match (match (tf5 (repr (clist3))) with
| Tuple3 _ _ c -> c) with
| true -> lq (nat1) (match (tf5 (repr (clist3))) with
| Tuple3 a _ _ -> a)
| false -> false = lq (nat1) (match (reprNew (clist3)) with
| Tuple3 _ b _ -> b)
IH2 : match (reprNew (clist4)) with
| Tuple3 a _ _ -> a = true -> match (match (tf5 (repr (clist4))) with
| Tuple3 _ _ c -> c) with
| true -> lq (nat1) (match (tf5 (repr (clist4))) with
| Tuple3 a _ _ -> a)
| false -> false = lq (nat1) (match (reprNew (clist4)) with
| Tuple3 _ b _ -> b)
Inductive1 : clist2 = Concats (clist3) (clist4)
---------------------------------------
match (reprNew (Concats (clist3) (clist4))) with
| Tuple3 a _ _ -> a = true -> match (match (tf5 (repr (Concats (clist3) (clist4)))) with
| Tuple3 _ _ c -> c) with
| true -> lq (nat1) (match (tf5 (repr (Concats (clist3) (clist4)))) with
| Tuple3 a _ _ -> a)
| false -> false = lq (nat1) (match (reprNew (Concats (clist3) (clist4))) with
| Tuple3 _ b _ -> b)

1 goal(s) more...

1 conjecture(s) more...
>>> simpl in goal(rank : 6.)


1st goal of : forall (clist1:clist) (clist2:clist), match (match (reprNew (clist1)) with
| Tuple3 a _ _ -> a) with
| true -> match (reprNew (clist2)) with
| Tuple3 a _ _ -> a
| false -> false = true -> match (tf5 (tf1 (repr (clist2)) (repr (clist1)))) with
| Tuple3 _ _ c -> c = lq (match (reprNew (clist1)) with
| Tuple3 _ _ c -> c) (match (reprNew (clist2)) with
| Tuple3 _ b _ -> b)
clist1 : clist
nat1 : nat
Base1 : clist1 = Single (nat1)
clist2 : clist
clist3 : clist
clist4 : clist
IH1 : match (reprNew (clist3)) with
| Tuple3 a _ _ -> a = true -> match (match (tf5 (repr (clist3))) with
| Tuple3 _ _ c -> c) with
| true -> lq (nat1) (match (tf5 (repr (clist3))) with
| Tuple3 a _ _ -> a)
| false -> false = lq (nat1) (match (reprNew (clist3)) with
| Tuple3 _ b _ -> b)
IH2 : match (reprNew (clist4)) with
| Tuple3 a _ _ -> a = true -> match (match (tf5 (repr (clist4))) with
| Tuple3 _ _ c -> c) with
| true -> lq (nat1) (match (tf5 (repr (clist4))) with
| Tuple3 a _ _ -> a)
| false -> false = lq (nat1) (match (reprNew (clist4)) with
| Tuple3 _ b _ -> b)
Inductive1 : clist2 = Concats (clist3) (clist4)
---------------------------------------
if match (match (reprNew (clist3)) with
| Tuple3 a _ _ -> a) with
| true -> match (reprNew (clist4)) with
| Tuple3 a _ _ -> a
| false -> false then lq (match (reprNew (clist3)) with
| Tuple3 _ _ c -> c) (match (reprNew (clist4)) with
| Tuple3 _ b _ -> b) else false = true -> match (match (tf5 (tf1 (repr (clist4)) (repr (clist3)))) with
| Tuple3 _ _ c -> c) with
| true -> lq (nat1) (match (tf5 (repr (Concats (clist3) (clist4)))) with
| Tuple3 a _ _ -> a)
| false -> false = lq (nat1) (match (reprNew (clist3)) with
| Tuple3 _ b _ -> b)

1 goal(s) more...

1 conjecture(s) more...
Tactic List : 1
intro Cond1(rank:6.)
=================================================
Progress: 13


1st goal of : forall (clist1:clist) (clist2:clist), match (match (reprNew (clist1)) with
| Tuple3 a _ _ -> a) with
| true -> match (reprNew (clist2)) with
| Tuple3 a _ _ -> a
| false -> false = true -> match (tf5 (tf1 (repr (clist2)) (repr (clist1)))) with
| Tuple3 _ _ c -> c = lq (match (reprNew (clist1)) with
| Tuple3 _ _ c -> c) (match (reprNew (clist2)) with
| Tuple3 _ b _ -> b)
clist1 : clist
nat1 : nat
Base1 : clist1 = Single (nat1)
clist2 : clist
clist3 : clist
clist4 : clist
IH1 : match (reprNew (clist3)) with
| Tuple3 a _ _ -> a = true -> match (match (tf5 (repr (clist3))) with
| Tuple3 _ _ c -> c) with
| true -> lq (nat1) (match (tf5 (repr (clist3))) with
| Tuple3 a _ _ -> a)
| false -> false = lq (nat1) (match (reprNew (clist3)) with
| Tuple3 _ b _ -> b)
IH2 : match (reprNew (clist4)) with
| Tuple3 a _ _ -> a = true -> match (match (tf5 (repr (clist4))) with
| Tuple3 _ _ c -> c) with
| true -> lq (nat1) (match (tf5 (repr (clist4))) with
| Tuple3 a _ _ -> a)
| false -> false = lq (nat1) (match (reprNew (clist4)) with
| Tuple3 _ b _ -> b)
Inductive1 : clist2 = Concats (clist3) (clist4)
---------------------------------------
if match (match (reprNew (clist3)) with
| Tuple3 a _ _ -> a) with
| true -> match (reprNew (clist4)) with
| Tuple3 a _ _ -> a
| false -> false then lq (match (reprNew (clist3)) with
| Tuple3 _ _ c -> c) (match (reprNew (clist4)) with
| Tuple3 _ b _ -> b) else false = true -> match (match (tf5 (tf1 (repr (clist4)) (repr (clist3)))) with
| Tuple3 _ _ c -> c) with
| true -> lq (nat1) (match (tf5 (repr (Concats (clist3) (clist4)))) with
| Tuple3 a _ _ -> a)
| false -> false = lq (nat1) (match (reprNew (clist3)) with
| Tuple3 _ b _ -> b)

1 goal(s) more...

1 conjecture(s) more...
>>> intro Cond1(rank : 6.)


1st goal of : forall (clist1:clist) (clist2:clist), match (match (reprNew (clist1)) with
| Tuple3 a _ _ -> a) with
| true -> match (reprNew (clist2)) with
| Tuple3 a _ _ -> a
| false -> false = true -> match (tf5 (tf1 (repr (clist2)) (repr (clist1)))) with
| Tuple3 _ _ c -> c = lq (match (reprNew (clist1)) with
| Tuple3 _ _ c -> c) (match (reprNew (clist2)) with
| Tuple3 _ b _ -> b)
clist1 : clist
nat1 : nat
Base1 : clist1 = Single (nat1)
clist2 : clist
clist3 : clist
clist4 : clist
IH1 : match (reprNew (clist3)) with
| Tuple3 a _ _ -> a = true -> match (match (tf5 (repr (clist3))) with
| Tuple3 _ _ c -> c) with
| true -> lq (nat1) (match (tf5 (repr (clist3))) with
| Tuple3 a _ _ -> a)
| false -> false = lq (nat1) (match (reprNew (clist3)) with
| Tuple3 _ b _ -> b)
IH2 : match (reprNew (clist4)) with
| Tuple3 a _ _ -> a = true -> match (match (tf5 (repr (clist4))) with
| Tuple3 _ _ c -> c) with
| true -> lq (nat1) (match (tf5 (repr (clist4))) with
| Tuple3 a _ _ -> a)
| false -> false = lq (nat1) (match (reprNew (clist4)) with
| Tuple3 _ b _ -> b)
Inductive1 : clist2 = Concats (clist3) (clist4)
Cond1 : if match (match (reprNew (clist3)) with
| Tuple3 a _ _ -> a) with
| true -> match (reprNew (clist4)) with
| Tuple3 a _ _ -> a
| false -> false then lq (match (reprNew (clist3)) with
| Tuple3 _ _ c -> c) (match (reprNew (clist4)) with
| Tuple3 _ b _ -> b) else false = true
---------------------------------------
match (match (tf5 (tf1 (repr (clist4)) (repr (clist3)))) with
| Tuple3 _ _ c -> c) with
| true -> lq (nat1) (match (tf5 (repr (Concats (clist3) (clist4)))) with
| Tuple3 a _ _ -> a)
| false -> false = lq (nat1) (match (reprNew (clist3)) with
| Tuple3 _ b _ -> b)

1 goal(s) more...

1 conjecture(s) more...
Tactic List : 1
rewrite <- IH1 in goal at 1(rank:7.)
=================================================
Progress: 14


1st goal of : forall (clist1:clist) (clist2:clist), match (match (reprNew (clist1)) with
| Tuple3 a _ _ -> a) with
| true -> match (reprNew (clist2)) with
| Tuple3 a _ _ -> a
| false -> false = true -> match (tf5 (tf1 (repr (clist2)) (repr (clist1)))) with
| Tuple3 _ _ c -> c = lq (match (reprNew (clist1)) with
| Tuple3 _ _ c -> c) (match (reprNew (clist2)) with
| Tuple3 _ b _ -> b)
clist1 : clist
nat1 : nat
Base1 : clist1 = Single (nat1)
clist2 : clist
clist3 : clist
clist4 : clist
IH1 : match (reprNew (clist3)) with
| Tuple3 a _ _ -> a = true -> match (match (tf5 (repr (clist3))) with
| Tuple3 _ _ c -> c) with
| true -> lq (nat1) (match (tf5 (repr (clist3))) with
| Tuple3 a _ _ -> a)
| false -> false = lq (nat1) (match (reprNew (clist3)) with
| Tuple3 _ b _ -> b)
IH2 : match (reprNew (clist4)) with
| Tuple3 a _ _ -> a = true -> match (match (tf5 (repr (clist4))) with
| Tuple3 _ _ c -> c) with
| true -> lq (nat1) (match (tf5 (repr (clist4))) with
| Tuple3 a _ _ -> a)
| false -> false = lq (nat1) (match (reprNew (clist4)) with
| Tuple3 _ b _ -> b)
Inductive1 : clist2 = Concats (clist3) (clist4)
Cond1 : if match (match (reprNew (clist3)) with
| Tuple3 a _ _ -> a) with
| true -> match (reprNew (clist4)) with
| Tuple3 a _ _ -> a
| false -> false then lq (match (reprNew (clist3)) with
| Tuple3 _ _ c -> c) (match (reprNew (clist4)) with
| Tuple3 _ b _ -> b) else false = true
---------------------------------------
match (match (tf5 (tf1 (repr (clist4)) (repr (clist3)))) with
| Tuple3 _ _ c -> c) with
| true -> lq (nat1) (match (tf5 (repr (Concats (clist3) (clist4)))) with
| Tuple3 a _ _ -> a)
| false -> false = lq (nat1) (match (reprNew (clist3)) with
| Tuple3 _ b _ -> b)

1 goal(s) more...

1 conjecture(s) more...
>>> rewrite <- IH1 in goal at 1(rank : 7.)


1st goal of : forall (clist1:clist) (clist2:clist), match (match (reprNew (clist1)) with
| Tuple3 a _ _ -> a) with
| true -> match (reprNew (clist2)) with
| Tuple3 a _ _ -> a
| false -> false = true -> match (tf5 (tf1 (repr (clist2)) (repr (clist1)))) with
| Tuple3 _ _ c -> c = lq (match (reprNew (clist1)) with
| Tuple3 _ _ c -> c) (match (reprNew (clist2)) with
| Tuple3 _ b _ -> b)
clist1 : clist
nat1 : nat
Base1 : clist1 = Single (nat1)
clist2 : clist
clist3 : clist
clist4 : clist
IH1 : match (reprNew (clist3)) with
| Tuple3 a _ _ -> a = true -> match (match (tf5 (repr (clist3))) with
| Tuple3 _ _ c -> c) with
| true -> lq (nat1) (match (tf5 (repr (clist3))) with
| Tuple3 a _ _ -> a)
| false -> false = lq (nat1) (match (reprNew (clist3)) with
| Tuple3 _ b _ -> b)
IH2 : match (reprNew (clist4)) with
| Tuple3 a _ _ -> a = true -> match (match (tf5 (repr (clist4))) with
| Tuple3 _ _ c -> c) with
| true -> lq (nat1) (match (tf5 (repr (clist4))) with
| Tuple3 a _ _ -> a)
| false -> false = lq (nat1) (match (reprNew (clist4)) with
| Tuple3 _ b _ -> b)
Inductive1 : clist2 = Concats (clist3) (clist4)
Cond1 : if match (match (reprNew (clist3)) with
| Tuple3 a _ _ -> a) with
| true -> match (reprNew (clist4)) with
| Tuple3 a _ _ -> a
| false -> false then lq (match (reprNew (clist3)) with
| Tuple3 _ _ c -> c) (match (reprNew (clist4)) with
| Tuple3 _ b _ -> b) else false = true
---------------------------------------
match (match (tf5 (tf1 (repr (clist4)) (repr (clist3)))) with
| Tuple3 _ _ c -> c) with
| true -> lq (nat1) (match (tf5 (repr (Concats (clist3) (clist4)))) with
| Tuple3 a _ _ -> a)
| false -> false = match (match (tf5 (repr (clist3))) with
| Tuple3 _ _ c -> c) with
| true -> lq (nat1) (match (tf5 (repr (clist3))) with
| Tuple3 a _ _ -> a)
| false -> false

2 goal(s) more...

1 conjecture(s) more...
Tactic List : 0
previous tactics
simpl in goal
intro Cond1
rewrite <- IH1 in goal at 1
Prop: match (match (tf5 (tf1 (repr (Single (ZERO))) (Elt (ZERO)))) with
| Tuple3 _ _ c -> c) with
| true -> lq (ZERO) (match (tf5 (repr (Concats (Concats (Single (ZERO)) (Single (ZERO))) (Single (ZERO))))) with
| Tuple3 a _ _ -> a)
| false -> false = match (match (tf5 (Elt (ZERO))) with
| Tuple3 _ _ c -> c) with
| true -> lq (ZERO) (match (tf5 (Elt (ZERO))) with
| Tuple3 a _ _ -> a)
| false -> false
Prop: match (match (tf5 (tf1 (repr (Concats (Concats (Single (ZERO)) (Single (ZERO))) (Single (SUCC (ZERO))))) (Elt (SUCC (ZERO))))) with
| Tuple3 _ _ c -> c) with
| true -> lq (ZERO) (match (tf5 (repr (Concats (Single (SUCC (ZERO))) (Concats (Concats (Single (ZERO)) (Single (ZERO))) (Single (SUCC (ZERO))))))) with
| Tuple3 a _ _ -> a)
| false -> false = match (match (tf5 (Elt (SUCC (ZERO)))) with
| Tuple3 _ _ c -> c) with
| true -> lq (ZERO) (match (tf5 (Elt (SUCC (ZERO)))) with
| Tuple3 a _ _ -> a)
| false -> false
Prop: match (match (tf5 (tf1 (repr (Single (ZERO))) (Econs (ZERO) (Elt (ZERO))))) with
| Tuple3 _ _ c -> c) with
| true -> lq (ZERO) (match (tf5 (repr (Concats (Concats (Single (ZERO)) (Single (ZERO))) (Single (ZERO))))) with
| Tuple3 a _ _ -> a)
| false -> false = match (match (tf5 (Econs (ZERO) (Elt (ZERO)))) with
| Tuple3 _ _ c -> c) with
| true -> lq (ZERO) (match (tf5 (Econs (ZERO) (Elt (ZERO)))) with
| Tuple3 a _ _ -> a)
| false -> false
validate generalize_common_subterm_goal
Prop: match (match (tf5 (tf1 (repr (Concats (Single (SUCC (ZERO))) (Concats (Concats (Single (ZERO)) (Single (ZERO))) (Single (ZERO))))) (Elt (ZERO)))) with
| Tuple3 _ _ c -> c) with
| true -> lq (SUCC (ZERO)) (match (tf5 (repr (Concats (Concats (Single (ZERO)) (Single (ZERO))) (Concats (Single (SUCC (ZERO))) (Concats (Concats (Single (ZERO)) (Single (ZERO))) (Single (ZERO))))))) with
| Tuple3 a _ _ -> a)
| false -> false = match (match (tf5 (Elt (ZERO))) with
| Tuple3 _ _ c -> c) with
| true -> lq (SUCC (ZERO)) (match (tf5 (Elt (ZERO))) with
| Tuple3 a _ _ -> a)
| false -> false
Prop: match (match (tf5 (tf1 (repr (Concats (Single (SUCC (ZERO))) (Single (ZERO)))) (Elt (ZERO)))) with
| Tuple3 _ _ c -> c) with
| true -> lq (ZERO) (match (tf5 (repr (Concats (Single (ZERO)) (Concats (Single (SUCC (ZERO))) (Single (ZERO)))))) with
| Tuple3 a _ _ -> a)
| false -> false = match (match (tf5 (Elt (ZERO))) with
| Tuple3 _ _ c -> c) with
| true -> lq (ZERO) (match (tf5 (Elt (ZERO))) with
| Tuple3 a _ _ -> a)
| false -> false
Prop: match (match (tf5 (tf1 (repr (Concats (Single (SUCC (SUCC (SUCC (ZERO))))) (Single (SUCC (ZERO))))) (Econs (ZERO) (Elt (SUCC (ZERO)))))) with
| Tuple3 _ _ c -> c) with
| true -> lq (SUCC (ZERO)) (match (tf5 (repr (Concats (Concats (Single (ZERO)) (Single (ZERO))) (Concats (Single (SUCC (SUCC (SUCC (ZERO))))) (Single (SUCC (ZERO))))))) with
| Tuple3 a _ _ -> a)
| false -> false = match (match (tf5 (Econs (ZERO) (Elt (SUCC (ZERO))))) with
| Tuple3 _ _ c -> c) with
| true -> lq (SUCC (ZERO)) (match (tf5 (Econs (ZERO) (Elt (SUCC (ZERO))))) with
| Tuple3 a _ _ -> a)
| false -> false
previous tactics
simpl in goal
intro Cond1
validate generalize_common_subterm_goal
Prop: match (match (tf5 (tf1 (repr (Single (ZERO))) (repr (Single (ZERO))))) with
| Tuple3 _ _ c -> c) with
| true -> lq (ZERO) (match (tf5 (repr (Concats (Single (ZERO)) (Single (ZERO))))) with
| Tuple3 a _ _ -> a)
| false -> false = lq (ZERO) (match (reprNew (Single (ZERO))) with
| Tuple3 _ b _ -> b)
Prop: match (match (tf5 (tf1 (repr (Concats (Concats (Single (ZERO)) (Single (ZERO))) (Single (SUCC (ZERO))))) (repr (Concats (Single (ZERO)) (Single (ZERO)))))) with
| Tuple3 _ _ c -> c) with
| true -> lq (ZERO) (match (tf5 (repr (Concats (Concats (Single (ZERO)) (Single (ZERO))) (Concats (Concats (Single (ZERO)) (Single (ZERO))) (Single (SUCC (ZERO))))))) with
| Tuple3 a _ _ -> a)
| false -> false = lq (ZERO) (match (reprNew (Concats (Single (ZERO)) (Single (ZERO)))) with
| Tuple3 _ b _ -> b)
Prop: match (match (tf5 (tf1 (repr (Single (ZERO))) (repr (Single (ZERO))))) with
| Tuple3 _ _ c -> c) with
| true -> lq (ZERO) (match (tf5 (repr (Concats (Single (ZERO)) (Single (ZERO))))) with
| Tuple3 a _ _ -> a)
| false -> false = lq (ZERO) (match (reprNew (Single (ZERO))) with
| Tuple3 _ b _ -> b)
Lemma List
forall (elist1:elist) (clist1:clist) (clist2:clist) (nat1:nat), if match (match (reprNew (clist1)) with
| Tuple3 a _ _ -> a) with
| true -> match (reprNew (clist2)) with
| Tuple3 a _ _ -> a
| false -> false then lq (match (reprNew (clist1)) with
| Tuple3 _ _ c -> c) (match (reprNew (clist2)) with
| Tuple3 _ b _ -> b) else false = true -> match (match (tf5 (tf1 (repr (clist2)) (elist1))) with
| Tuple3 _ _ c -> c) with
| true -> lq (nat1) (match (tf5 (repr (Concats (clist1) (clist2)))) with
| Tuple3 a _ _ -> a)
| false -> false = match (match (tf5 (elist1)) with
| Tuple3 _ _ c -> c) with
| true -> lq (nat1) (match (tf5 (elist1)) with
| Tuple3 a _ _ -> a)
| false -> false
End of Lemma List


1st goal of : forall (clist1:clist) (clist2:clist), match (match (reprNew (clist1)) with
| Tuple3 a _ _ -> a) with
| true -> match (reprNew (clist2)) with
| Tuple3 a _ _ -> a
| false -> false = true -> match (tf5 (tf1 (repr (clist2)) (repr (clist1)))) with
| Tuple3 _ _ c -> c = lq (match (reprNew (clist1)) with
| Tuple3 _ _ c -> c) (match (reprNew (clist2)) with
| Tuple3 _ b _ -> b)
clist1 : clist
nat1 : nat
Base1 : clist1 = Single (nat1)
clist2 : clist
clist3 : clist
clist4 : clist
IH1 : match (reprNew (clist3)) with
| Tuple3 a _ _ -> a = true -> match (match (tf5 (repr (clist3))) with
| Tuple3 _ _ c -> c) with
| true -> lq (nat1) (match (tf5 (repr (clist3))) with
| Tuple3 a _ _ -> a)
| false -> false = lq (nat1) (match (reprNew (clist3)) with
| Tuple3 _ b _ -> b)
IH2 : match (reprNew (clist4)) with
| Tuple3 a _ _ -> a = true -> match (match (tf5 (repr (clist4))) with
| Tuple3 _ _ c -> c) with
| true -> lq (nat1) (match (tf5 (repr (clist4))) with
| Tuple3 a _ _ -> a)
| false -> false = lq (nat1) (match (reprNew (clist4)) with
| Tuple3 _ b _ -> b)
Inductive1 : clist2 = Concats (clist3) (clist4)
Cond1 : if match (match (reprNew (clist3)) with
| Tuple3 a _ _ -> a) with
| true -> match (reprNew (clist4)) with
| Tuple3 a _ _ -> a
| false -> false then lq (match (reprNew (clist3)) with
| Tuple3 _ _ c -> c) (match (reprNew (clist4)) with
| Tuple3 _ b _ -> b) else false = true
---------------------------------------
match (match (tf5 (tf1 (repr (clist4)) (repr (clist3)))) with
| Tuple3 _ _ c -> c) with
| true -> lq (nat1) (match (tf5 (repr (Concats (clist3) (clist4)))) with
| Tuple3 a _ _ -> a)
| false -> false = match (match (tf5 (repr (clist3))) with
| Tuple3 _ _ c -> c) with
| true -> lq (nat1) (match (tf5 (repr (clist3))) with
| Tuple3 a _ _ -> a)
| false -> false

2 goal(s) more...

1 conjecture(s) more...
=================================================
Progress: 15


1st goal of : forall (clist1:clist) (clist2:clist), match (match (reprNew (clist1)) with
| Tuple3 a _ _ -> a) with
| true -> match (reprNew (clist2)) with
| Tuple3 a _ _ -> a
| false -> false = true -> match (tf5 (tf1 (repr (clist2)) (repr (clist1)))) with
| Tuple3 _ _ c -> c = lq (match (reprNew (clist1)) with
| Tuple3 _ _ c -> c) (match (reprNew (clist2)) with
| Tuple3 _ b _ -> b)
clist1 : clist
nat1 : nat
Base1 : clist1 = Single (nat1)
clist2 : clist
clist3 : clist
clist4 : clist
IH1 : match (reprNew (clist3)) with
| Tuple3 a _ _ -> a = true -> match (match (tf5 (repr (clist3))) with
| Tuple3 _ _ c -> c) with
| true -> lq (nat1) (match (tf5 (repr (clist3))) with
| Tuple3 a _ _ -> a)
| false -> false = lq (nat1) (match (reprNew (clist3)) with
| Tuple3 _ b _ -> b)
IH2 : match (reprNew (clist4)) with
| Tuple3 a _ _ -> a = true -> match (match (tf5 (repr (clist4))) with
| Tuple3 _ _ c -> c) with
| true -> lq (nat1) (match (tf5 (repr (clist4))) with
| Tuple3 a _ _ -> a)
| false -> false = lq (nat1) (match (reprNew (clist4)) with
| Tuple3 _ b _ -> b)
Inductive1 : clist2 = Concats (clist3) (clist4)
Cond1 : if match (match (reprNew (clist3)) with
| Tuple3 a _ _ -> a) with
| true -> match (reprNew (clist4)) with
| Tuple3 a _ _ -> a
| false -> false then lq (match (reprNew (clist3)) with
| Tuple3 _ _ c -> c) (match (reprNew (clist4)) with
| Tuple3 _ b _ -> b) else false = true
---------------------------------------
match (match (tf5 (tf1 (repr (clist4)) (repr (clist3)))) with
| Tuple3 _ _ c -> c) with
| true -> lq (nat1) (match (tf5 (repr (Concats (clist3) (clist4)))) with
| Tuple3 a _ _ -> a)
| false -> false = match (match (tf5 (repr (clist3))) with
| Tuple3 _ _ c -> c) with
| true -> lq (nat1) (match (tf5 (repr (clist3))) with
| Tuple3 a _ _ -> a)
| false -> false

2 goal(s) more...

1 conjecture(s) more...
>>> assert forall (elist1:elist) (clist1:clist) (clist2:clist) (nat1:nat), if match (match (reprNew (clist1)) with
| Tuple3 a _ _ -> a) with
| true -> match (reprNew (clist2)) with
| Tuple3 a _ _ -> a
| false -> false then lq (match (reprNew (clist1)) with
| Tuple3 _ _ c -> c) (match (reprNew (clist2)) with
| Tuple3 _ b _ -> b) else false = true -> match (match (tf5 (tf1 (repr (clist2)) (elist1))) with
| Tuple3 _ _ c -> c) with
| true -> lq (nat1) (match (tf5 (repr (Concats (clist1) (clist2)))) with
| Tuple3 a _ _ -> a)
| false -> false = match (match (tf5 (elist1)) with
| Tuple3 _ _ c -> c) with
| true -> lq (nat1) (match (tf5 (elist1)) with
| Tuple3 a _ _ -> a)
| false -> false(rank : 0.)


1st goal of : forall (elist1:elist) (clist1:clist) (clist2:clist) (nat1:nat), if match (match (reprNew (clist1)) with
| Tuple3 a _ _ -> a) with
| true -> match (reprNew (clist2)) with
| Tuple3 a _ _ -> a
| false -> false then lq (match (reprNew (clist1)) with
| Tuple3 _ _ c -> c) (match (reprNew (clist2)) with
| Tuple3 _ b _ -> b) else false = true -> match (match (tf5 (tf1 (repr (clist2)) (elist1))) with
| Tuple3 _ _ c -> c) with
| true -> lq (nat1) (match (tf5 (repr (Concats (clist1) (clist2)))) with
| Tuple3 a _ _ -> a)
| false -> false = match (match (tf5 (elist1)) with
| Tuple3 _ _ c -> c) with
| true -> lq (nat1) (match (tf5 (elist1)) with
| Tuple3 a _ _ -> a)
| false -> false

---------------------------------------
forall (elist1:elist) (clist1:clist) (clist2:clist) (nat1:nat), if match (match (reprNew (clist1)) with
| Tuple3 a _ _ -> a) with
| true -> match (reprNew (clist2)) with
| Tuple3 a _ _ -> a
| false -> false then lq (match (reprNew (clist1)) with
| Tuple3 _ _ c -> c) (match (reprNew (clist2)) with
| Tuple3 _ b _ -> b) else false = true -> match (match (tf5 (tf1 (repr (clist2)) (elist1))) with
| Tuple3 _ _ c -> c) with
| true -> lq (nat1) (match (tf5 (repr (Concats (clist1) (clist2)))) with
| Tuple3 a _ _ -> a)
| false -> false = match (match (tf5 (elist1)) with
| Tuple3 _ _ c -> c) with
| true -> lq (nat1) (match (tf5 (elist1)) with
| Tuple3 a _ _ -> a)
| false -> false

0 goal(s) more...

2 conjecture(s) more...
Tactic List : 1
intro clist1(rank:7.)
=================================================
Progress: 16


1st goal of : forall (elist1:elist) (clist1:clist) (clist2:clist) (nat1:nat), if match (match (reprNew (clist1)) with
| Tuple3 a _ _ -> a) with
| true -> match (reprNew (clist2)) with
| Tuple3 a _ _ -> a
| false -> false then lq (match (reprNew (clist1)) with
| Tuple3 _ _ c -> c) (match (reprNew (clist2)) with
| Tuple3 _ b _ -> b) else false = true -> match (match (tf5 (tf1 (repr (clist2)) (elist1))) with
| Tuple3 _ _ c -> c) with
| true -> lq (nat1) (match (tf5 (repr (Concats (clist1) (clist2)))) with
| Tuple3 a _ _ -> a)
| false -> false = match (match (tf5 (elist1)) with
| Tuple3 _ _ c -> c) with
| true -> lq (nat1) (match (tf5 (elist1)) with
| Tuple3 a _ _ -> a)
| false -> false

---------------------------------------
forall (elist1:elist) (clist1:clist) (clist2:clist) (nat1:nat), if match (match (reprNew (clist1)) with
| Tuple3 a _ _ -> a) with
| true -> match (reprNew (clist2)) with
| Tuple3 a _ _ -> a
| false -> false then lq (match (reprNew (clist1)) with
| Tuple3 _ _ c -> c) (match (reprNew (clist2)) with
| Tuple3 _ b _ -> b) else false = true -> match (match (tf5 (tf1 (repr (clist2)) (elist1))) with
| Tuple3 _ _ c -> c) with
| true -> lq (nat1) (match (tf5 (repr (Concats (clist1) (clist2)))) with
| Tuple3 a _ _ -> a)
| false -> false = match (match (tf5 (elist1)) with
| Tuple3 _ _ c -> c) with
| true -> lq (nat1) (match (tf5 (elist1)) with
| Tuple3 a _ _ -> a)
| false -> false

0 goal(s) more...

2 conjecture(s) more...
>>> intro clist1(rank : 7.)


1st goal of : forall (elist1:elist) (clist1:clist) (clist2:clist) (nat1:nat), if match (match (reprNew (clist1)) with
| Tuple3 a _ _ -> a) with
| true -> match (reprNew (clist2)) with
| Tuple3 a _ _ -> a
| false -> false then lq (match (reprNew (clist1)) with
| Tuple3 _ _ c -> c) (match (reprNew (clist2)) with
| Tuple3 _ b _ -> b) else false = true -> match (match (tf5 (tf1 (repr (clist2)) (elist1))) with
| Tuple3 _ _ c -> c) with
| true -> lq (nat1) (match (tf5 (repr (Concats (clist1) (clist2)))) with
| Tuple3 a _ _ -> a)
| false -> false = match (match (tf5 (elist1)) with
| Tuple3 _ _ c -> c) with
| true -> lq (nat1) (match (tf5 (elist1)) with
| Tuple3 a _ _ -> a)
| false -> false
clist1 : clist
---------------------------------------
forall (elist1:elist) (clist2:clist) (nat1:nat), if match (match (reprNew (clist1)) with
| Tuple3 a _ _ -> a) with
| true -> match (reprNew (clist2)) with
| Tuple3 a _ _ -> a
| false -> false then lq (match (reprNew (clist1)) with
| Tuple3 _ _ c -> c) (match (reprNew (clist2)) with
| Tuple3 _ b _ -> b) else false = true -> match (match (tf5 (tf1 (repr (clist2)) (elist1))) with
| Tuple3 _ _ c -> c) with
| true -> lq (nat1) (match (tf5 (repr (Concats (clist1) (clist2)))) with
| Tuple3 a _ _ -> a)
| false -> false = match (match (tf5 (elist1)) with
| Tuple3 _ _ c -> c) with
| true -> lq (nat1) (match (tf5 (elist1)) with
| Tuple3 a _ _ -> a)
| false -> false

0 goal(s) more...

2 conjecture(s) more...
Tactic List : 1
intro clist2(rank:7.)
=================================================
Progress: 17


1st goal of : forall (elist1:elist) (clist1:clist) (clist2:clist) (nat1:nat), if match (match (reprNew (clist1)) with
| Tuple3 a _ _ -> a) with
| true -> match (reprNew (clist2)) with
| Tuple3 a _ _ -> a
| false -> false then lq (match (reprNew (clist1)) with
| Tuple3 _ _ c -> c) (match (reprNew (clist2)) with
| Tuple3 _ b _ -> b) else false = true -> match (match (tf5 (tf1 (repr (clist2)) (elist1))) with
| Tuple3 _ _ c -> c) with
| true -> lq (nat1) (match (tf5 (repr (Concats (clist1) (clist2)))) with
| Tuple3 a _ _ -> a)
| false -> false = match (match (tf5 (elist1)) with
| Tuple3 _ _ c -> c) with
| true -> lq (nat1) (match (tf5 (elist1)) with
| Tuple3 a _ _ -> a)
| false -> false
clist1 : clist
---------------------------------------
forall (elist1:elist) (clist2:clist) (nat1:nat), if match (match (reprNew (clist1)) with
| Tuple3 a _ _ -> a) with
| true -> match (reprNew (clist2)) with
| Tuple3 a _ _ -> a
| false -> false then lq (match (reprNew (clist1)) with
| Tuple3 _ _ c -> c) (match (reprNew (clist2)) with
| Tuple3 _ b _ -> b) else false = true -> match (match (tf5 (tf1 (repr (clist2)) (elist1))) with
| Tuple3 _ _ c -> c) with
| true -> lq (nat1) (match (tf5 (repr (Concats (clist1) (clist2)))) with
| Tuple3 a _ _ -> a)
| false -> false = match (match (tf5 (elist1)) with
| Tuple3 _ _ c -> c) with
| true -> lq (nat1) (match (tf5 (elist1)) with
| Tuple3 a _ _ -> a)
| false -> false

0 goal(s) more...

2 conjecture(s) more...
>>> intro clist2(rank : 7.)


1st goal of : forall (elist1:elist) (clist1:clist) (clist2:clist) (nat1:nat), if match (match (reprNew (clist1)) with
| Tuple3 a _ _ -> a) with
| true -> match (reprNew (clist2)) with
| Tuple3 a _ _ -> a
| false -> false then lq (match (reprNew (clist1)) with
| Tuple3 _ _ c -> c) (match (reprNew (clist2)) with
| Tuple3 _ b _ -> b) else false = true -> match (match (tf5 (tf1 (repr (clist2)) (elist1))) with
| Tuple3 _ _ c -> c) with
| true -> lq (nat1) (match (tf5 (repr (Concats (clist1) (clist2)))) with
| Tuple3 a _ _ -> a)
| false -> false = match (match (tf5 (elist1)) with
| Tuple3 _ _ c -> c) with
| true -> lq (nat1) (match (tf5 (elist1)) with
| Tuple3 a _ _ -> a)
| false -> false
clist1 : clist
clist2 : clist
---------------------------------------
forall (elist1:elist) (nat1:nat), if match (match (reprNew (clist1)) with
| Tuple3 a _ _ -> a) with
| true -> match (reprNew (clist2)) with
| Tuple3 a _ _ -> a
| false -> false then lq (match (reprNew (clist1)) with
| Tuple3 _ _ c -> c) (match (reprNew (clist2)) with
| Tuple3 _ b _ -> b) else false = true -> match (match (tf5 (tf1 (repr (clist2)) (elist1))) with
| Tuple3 _ _ c -> c) with
| true -> lq (nat1) (match (tf5 (repr (Concats (clist1) (clist2)))) with
| Tuple3 a _ _ -> a)
| false -> false = match (match (tf5 (elist1)) with
| Tuple3 _ _ c -> c) with
| true -> lq (nat1) (match (tf5 (elist1)) with
| Tuple3 a _ _ -> a)
| false -> false

0 goal(s) more...

2 conjecture(s) more...
Tactic List : 1
intro Cond1(rank:7.)
=================================================
Progress: 18


1st goal of : forall (elist1:elist) (clist1:clist) (clist2:clist) (nat1:nat), if match (match (reprNew (clist1)) with
| Tuple3 a _ _ -> a) with
| true -> match (reprNew (clist2)) with
| Tuple3 a _ _ -> a
| false -> false then lq (match (reprNew (clist1)) with
| Tuple3 _ _ c -> c) (match (reprNew (clist2)) with
| Tuple3 _ b _ -> b) else false = true -> match (match (tf5 (tf1 (repr (clist2)) (elist1))) with
| Tuple3 _ _ c -> c) with
| true -> lq (nat1) (match (tf5 (repr (Concats (clist1) (clist2)))) with
| Tuple3 a _ _ -> a)
| false -> false = match (match (tf5 (elist1)) with
| Tuple3 _ _ c -> c) with
| true -> lq (nat1) (match (tf5 (elist1)) with
| Tuple3 a _ _ -> a)
| false -> false
clist1 : clist
clist2 : clist
---------------------------------------
forall (elist1:elist) (nat1:nat), if match (match (reprNew (clist1)) with
| Tuple3 a _ _ -> a) with
| true -> match (reprNew (clist2)) with
| Tuple3 a _ _ -> a
| false -> false then lq (match (reprNew (clist1)) with
| Tuple3 _ _ c -> c) (match (reprNew (clist2)) with
| Tuple3 _ b _ -> b) else false = true -> match (match (tf5 (tf1 (repr (clist2)) (elist1))) with
| Tuple3 _ _ c -> c) with
| true -> lq (nat1) (match (tf5 (repr (Concats (clist1) (clist2)))) with
| Tuple3 a _ _ -> a)
| false -> false = match (match (tf5 (elist1)) with
| Tuple3 _ _ c -> c) with
| true -> lq (nat1) (match (tf5 (elist1)) with
| Tuple3 a _ _ -> a)
| false -> false

0 goal(s) more...

2 conjecture(s) more...
>>> intro Cond1(rank : 7.)


1st goal of : forall (elist1:elist) (clist1:clist) (clist2:clist) (nat1:nat), if match (match (reprNew (clist1)) with
| Tuple3 a _ _ -> a) with
| true -> match (reprNew (clist2)) with
| Tuple3 a _ _ -> a
| false -> false then lq (match (reprNew (clist1)) with
| Tuple3 _ _ c -> c) (match (reprNew (clist2)) with
| Tuple3 _ b _ -> b) else false = true -> match (match (tf5 (tf1 (repr (clist2)) (elist1))) with
| Tuple3 _ _ c -> c) with
| true -> lq (nat1) (match (tf5 (repr (Concats (clist1) (clist2)))) with
| Tuple3 a _ _ -> a)
| false -> false = match (match (tf5 (elist1)) with
| Tuple3 _ _ c -> c) with
| true -> lq (nat1) (match (tf5 (elist1)) with
| Tuple3 a _ _ -> a)
| false -> false
clist1 : clist
clist2 : clist
Cond1 : if match (match (reprNew (clist1)) with
| Tuple3 a _ _ -> a) with
| true -> match (reprNew (clist2)) with
| Tuple3 a _ _ -> a
| false -> false then lq (match (reprNew (clist1)) with
| Tuple3 _ _ c -> c) (match (reprNew (clist2)) with
| Tuple3 _ b _ -> b) else false = true
---------------------------------------
forall (elist1:elist) (nat1:nat), match (match (tf5 (tf1 (repr (clist2)) (elist1))) with
| Tuple3 _ _ c -> c) with
| true -> lq (nat1) (match (tf5 (repr (Concats (clist1) (clist2)))) with
| Tuple3 a _ _ -> a)
| false -> false = match (match (tf5 (elist1)) with
| Tuple3 _ _ c -> c) with
| true -> lq (nat1) (match (tf5 (elist1)) with
| Tuple3 a _ _ -> a)
| false -> false

0 goal(s) more...

2 conjecture(s) more...
Tactic List : 1
induction elist1(rank:8.)
=================================================
Progress: 19


1st goal of : forall (elist1:elist) (clist1:clist) (clist2:clist) (nat1:nat), if match (match (reprNew (clist1)) with
| Tuple3 a _ _ -> a) with
| true -> match (reprNew (clist2)) with
| Tuple3 a _ _ -> a
| false -> false then lq (match (reprNew (clist1)) with
| Tuple3 _ _ c -> c) (match (reprNew (clist2)) with
| Tuple3 _ b _ -> b) else false = true -> match (match (tf5 (tf1 (repr (clist2)) (elist1))) with
| Tuple3 _ _ c -> c) with
| true -> lq (nat1) (match (tf5 (repr (Concats (clist1) (clist2)))) with
| Tuple3 a _ _ -> a)
| false -> false = match (match (tf5 (elist1)) with
| Tuple3 _ _ c -> c) with
| true -> lq (nat1) (match (tf5 (elist1)) with
| Tuple3 a _ _ -> a)
| false -> false
clist1 : clist
clist2 : clist
Cond1 : if match (match (reprNew (clist1)) with
| Tuple3 a _ _ -> a) with
| true -> match (reprNew (clist2)) with
| Tuple3 a _ _ -> a
| false -> false then lq (match (reprNew (clist1)) with
| Tuple3 _ _ c -> c) (match (reprNew (clist2)) with
| Tuple3 _ b _ -> b) else false = true
---------------------------------------
forall (elist1:elist) (nat1:nat), match (match (tf5 (tf1 (repr (clist2)) (elist1))) with
| Tuple3 _ _ c -> c) with
| true -> lq (nat1) (match (tf5 (repr (Concats (clist1) (clist2)))) with
| Tuple3 a _ _ -> a)
| false -> false = match (match (tf5 (elist1)) with
| Tuple3 _ _ c -> c) with
| true -> lq (nat1) (match (tf5 (elist1)) with
| Tuple3 a _ _ -> a)
| false -> false

0 goal(s) more...

2 conjecture(s) more...
>>> induction elist1(rank : 8.)


1st goal of : forall (elist1:elist) (clist1:clist) (clist2:clist) (nat1:nat), if match (match (reprNew (clist1)) with
| Tuple3 a _ _ -> a) with
| true -> match (reprNew (clist2)) with
| Tuple3 a _ _ -> a
| false -> false then lq (match (reprNew (clist1)) with
| Tuple3 _ _ c -> c) (match (reprNew (clist2)) with
| Tuple3 _ b _ -> b) else false = true -> match (match (tf5 (tf1 (repr (clist2)) (elist1))) with
| Tuple3 _ _ c -> c) with
| true -> lq (nat1) (match (tf5 (repr (Concats (clist1) (clist2)))) with
| Tuple3 a _ _ -> a)
| false -> false = match (match (tf5 (elist1)) with
| Tuple3 _ _ c -> c) with
| true -> lq (nat1) (match (tf5 (elist1)) with
| Tuple3 a _ _ -> a)
| false -> false
clist1 : clist
clist2 : clist
Cond1 : if match (match (reprNew (clist1)) with
| Tuple3 a _ _ -> a) with
| true -> match (reprNew (clist2)) with
| Tuple3 a _ _ -> a
| false -> false then lq (match (reprNew (clist1)) with
| Tuple3 _ _ c -> c) (match (reprNew (clist2)) with
| Tuple3 _ b _ -> b) else false = true
elist1 : elist
nat2 : nat
Base1 : elist1 = Elt (nat2)
---------------------------------------
forall (nat1:nat), match (match (tf5 (tf1 (repr (clist2)) (Elt (nat2)))) with
| Tuple3 _ _ c -> c) with
| true -> lq (nat1) (match (tf5 (repr (Concats (clist1) (clist2)))) with
| Tuple3 a _ _ -> a)
| false -> false = match (match (tf5 (Elt (nat2))) with
| Tuple3 _ _ c -> c) with
| true -> lq (nat1) (match (tf5 (Elt (nat2))) with
| Tuple3 a _ _ -> a)
| false -> false

1 goal(s) more...

2 conjecture(s) more...
Tactic List : 1
simpl in goal(rank:8.)
=================================================
Progress: 20


1st goal of : forall (elist1:elist) (clist1:clist) (clist2:clist) (nat1:nat), if match (match (reprNew (clist1)) with
| Tuple3 a _ _ -> a) with
| true -> match (reprNew (clist2)) with
| Tuple3 a _ _ -> a
| false -> false then lq (match (reprNew (clist1)) with
| Tuple3 _ _ c -> c) (match (reprNew (clist2)) with
| Tuple3 _ b _ -> b) else false = true -> match (match (tf5 (tf1 (repr (clist2)) (elist1))) with
| Tuple3 _ _ c -> c) with
| true -> lq (nat1) (match (tf5 (repr (Concats (clist1) (clist2)))) with
| Tuple3 a _ _ -> a)
| false -> false = match (match (tf5 (elist1)) with
| Tuple3 _ _ c -> c) with
| true -> lq (nat1) (match (tf5 (elist1)) with
| Tuple3 a _ _ -> a)
| false -> false
clist1 : clist
clist2 : clist
Cond1 : if match (match (reprNew (clist1)) with
| Tuple3 a _ _ -> a) with
| true -> match (reprNew (clist2)) with
| Tuple3 a _ _ -> a
| false -> false then lq (match (reprNew (clist1)) with
| Tuple3 _ _ c -> c) (match (reprNew (clist2)) with
| Tuple3 _ b _ -> b) else false = true
elist1 : elist
nat2 : nat
Base1 : elist1 = Elt (nat2)
---------------------------------------
forall (nat1:nat), match (match (tf5 (tf1 (repr (clist2)) (Elt (nat2)))) with
| Tuple3 _ _ c -> c) with
| true -> lq (nat1) (match (tf5 (repr (Concats (clist1) (clist2)))) with
| Tuple3 a _ _ -> a)
| false -> false = match (match (tf5 (Elt (nat2))) with
| Tuple3 _ _ c -> c) with
| true -> lq (nat1) (match (tf5 (Elt (nat2))) with
| Tuple3 a _ _ -> a)
| false -> false

1 goal(s) more...

2 conjecture(s) more...
>>> simpl in goal(rank : 8.)


1st goal of : forall (elist1:elist) (clist1:clist) (clist2:clist) (nat1:nat), if match (match (reprNew (clist1)) with
| Tuple3 a _ _ -> a) with
| true -> match (reprNew (clist2)) with
| Tuple3 a _ _ -> a
| false -> false then lq (match (reprNew (clist1)) with
| Tuple3 _ _ c -> c) (match (reprNew (clist2)) with
| Tuple3 _ b _ -> b) else false = true -> match (match (tf5 (tf1 (repr (clist2)) (elist1))) with
| Tuple3 _ _ c -> c) with
| true -> lq (nat1) (match (tf5 (repr (Concats (clist1) (clist2)))) with
| Tuple3 a _ _ -> a)
| false -> false = match (match (tf5 (elist1)) with
| Tuple3 _ _ c -> c) with
| true -> lq (nat1) (match (tf5 (elist1)) with
| Tuple3 a _ _ -> a)
| false -> false
clist1 : clist
clist2 : clist
Cond1 : if match (match (reprNew (clist1)) with
| Tuple3 a _ _ -> a) with
| true -> match (reprNew (clist2)) with
| Tuple3 a _ _ -> a
| false -> false then lq (match (reprNew (clist1)) with
| Tuple3 _ _ c -> c) (match (reprNew (clist2)) with
| Tuple3 _ b _ -> b) else false = true
elist1 : elist
nat2 : nat
Base1 : elist1 = Elt (nat2)
---------------------------------------
forall (nat1:nat), if match (match (tf5 (repr (clist2))) with
| Tuple3 _ _ c -> c) with
| true -> lq (nat2) (match (tf5 (repr (clist2))) with
| Tuple3 a _ _ -> a)
| false -> false then lq (nat1) (match (tf5 (repr (Concats (clist1) (clist2)))) with
| Tuple3 a _ _ -> a) else false = lq (nat1) (nat2)

1 goal(s) more...

2 conjecture(s) more...
Tactic List : 1
case match (match (tf5 (repr (clist2))) with
| Tuple3 _ _ c -> c) with
| true -> lq (nat2) (match (tf5 (repr (clist2))) with
| Tuple3 a _ _ -> a)
| false -> false(rank:9.)
=================================================
Progress: 21


1st goal of : forall (elist1:elist) (clist1:clist) (clist2:clist) (nat1:nat), if match (match (reprNew (clist1)) with
| Tuple3 a _ _ -> a) with
| true -> match (reprNew (clist2)) with
| Tuple3 a _ _ -> a
| false -> false then lq (match (reprNew (clist1)) with
| Tuple3 _ _ c -> c) (match (reprNew (clist2)) with
| Tuple3 _ b _ -> b) else false = true -> match (match (tf5 (tf1 (repr (clist2)) (elist1))) with
| Tuple3 _ _ c -> c) with
| true -> lq (nat1) (match (tf5 (repr (Concats (clist1) (clist2)))) with
| Tuple3 a _ _ -> a)
| false -> false = match (match (tf5 (elist1)) with
| Tuple3 _ _ c -> c) with
| true -> lq (nat1) (match (tf5 (elist1)) with
| Tuple3 a _ _ -> a)
| false -> false
clist1 : clist
clist2 : clist
Cond1 : if match (match (reprNew (clist1)) with
| Tuple3 a _ _ -> a) with
| true -> match (reprNew (clist2)) with
| Tuple3 a _ _ -> a
| false -> false then lq (match (reprNew (clist1)) with
| Tuple3 _ _ c -> c) (match (reprNew (clist2)) with
| Tuple3 _ b _ -> b) else false = true
elist1 : elist
nat2 : nat
Base1 : elist1 = Elt (nat2)
---------------------------------------
forall (nat1:nat), if match (match (tf5 (repr (clist2))) with
| Tuple3 _ _ c -> c) with
| true -> lq (nat2) (match (tf5 (repr (clist2))) with
| Tuple3 a _ _ -> a)
| false -> false then lq (nat1) (match (tf5 (repr (Concats (clist1) (clist2)))) with
| Tuple3 a _ _ -> a) else false = lq (nat1) (nat2)

1 goal(s) more...

2 conjecture(s) more...
>>> case match (match (tf5 (repr (clist2))) with
| Tuple3 _ _ c -> c) with
| true -> lq (nat2) (match (tf5 (repr (clist2))) with
| Tuple3 a _ _ -> a)
| false -> false(rank : 9.)


1st goal of : forall (elist1:elist) (clist1:clist) (clist2:clist) (nat1:nat), if match (match (reprNew (clist1)) with
| Tuple3 a _ _ -> a) with
| true -> match (reprNew (clist2)) with
| Tuple3 a _ _ -> a
| false -> false then lq (match (reprNew (clist1)) with
| Tuple3 _ _ c -> c) (match (reprNew (clist2)) with
| Tuple3 _ b _ -> b) else false = true -> match (match (tf5 (tf1 (repr (clist2)) (elist1))) with
| Tuple3 _ _ c -> c) with
| true -> lq (nat1) (match (tf5 (repr (Concats (clist1) (clist2)))) with
| Tuple3 a _ _ -> a)
| false -> false = match (match (tf5 (elist1)) with
| Tuple3 _ _ c -> c) with
| true -> lq (nat1) (match (tf5 (elist1)) with
| Tuple3 a _ _ -> a)
| false -> false
clist1 : clist
clist2 : clist
Cond1 : if match (match (reprNew (clist1)) with
| Tuple3 a _ _ -> a) with
| true -> match (reprNew (clist2)) with
| Tuple3 a _ _ -> a
| false -> false then lq (match (reprNew (clist1)) with
| Tuple3 _ _ c -> c) (match (reprNew (clist2)) with
| Tuple3 _ b _ -> b) else false = true
elist1 : elist
nat2 : nat
Base1 : elist1 = Elt (nat2)
Case1 : match (match (tf5 (repr (clist2))) with
| Tuple3 _ _ c -> c) with
| true -> lq (nat2) (match (tf5 (repr (clist2))) with
| Tuple3 a _ _ -> a)
| false -> false = true
---------------------------------------
forall (nat1:nat), lq (nat1) (match (tf5 (tf1 (repr (clist2)) (repr (clist1)))) with
| Tuple3 a _ _ -> a) = lq (nat1) (nat2)

2 goal(s) more...

2 conjecture(s) more...
Tactic List : 1
induction nat1(rank:10.)
=================================================
Progress: 22


1st goal of : forall (elist1:elist) (clist1:clist) (clist2:clist) (nat1:nat), if match (match (reprNew (clist1)) with
| Tuple3 a _ _ -> a) with
| true -> match (reprNew (clist2)) with
| Tuple3 a _ _ -> a
| false -> false then lq (match (reprNew (clist1)) with
| Tuple3 _ _ c -> c) (match (reprNew (clist2)) with
| Tuple3 _ b _ -> b) else false = true -> match (match (tf5 (tf1 (repr (clist2)) (elist1))) with
| Tuple3 _ _ c -> c) with
| true -> lq (nat1) (match (tf5 (repr (Concats (clist1) (clist2)))) with
| Tuple3 a _ _ -> a)
| false -> false = match (match (tf5 (elist1)) with
| Tuple3 _ _ c -> c) with
| true -> lq (nat1) (match (tf5 (elist1)) with
| Tuple3 a _ _ -> a)
| false -> false
clist1 : clist
clist2 : clist
Cond1 : if match (match (reprNew (clist1)) with
| Tuple3 a _ _ -> a) with
| true -> match (reprNew (clist2)) with
| Tuple3 a _ _ -> a
| false -> false then lq (match (reprNew (clist1)) with
| Tuple3 _ _ c -> c) (match (reprNew (clist2)) with
| Tuple3 _ b _ -> b) else false = true
elist1 : elist
nat2 : nat
Base1 : elist1 = Elt (nat2)
Case1 : match (match (tf5 (repr (clist2))) with
| Tuple3 _ _ c -> c) with
| true -> lq (nat2) (match (tf5 (repr (clist2))) with
| Tuple3 a _ _ -> a)
| false -> false = true
---------------------------------------
forall (nat1:nat), lq (nat1) (match (tf5 (tf1 (repr (clist2)) (repr (clist1)))) with
| Tuple3 a _ _ -> a) = lq (nat1) (nat2)

2 goal(s) more...

2 conjecture(s) more...
>>> induction nat1(rank : 10.)


1st goal of : forall (elist1:elist) (clist1:clist) (clist2:clist) (nat1:nat), if match (match (reprNew (clist1)) with
| Tuple3 a _ _ -> a) with
| true -> match (reprNew (clist2)) with
| Tuple3 a _ _ -> a
| false -> false then lq (match (reprNew (clist1)) with
| Tuple3 _ _ c -> c) (match (reprNew (clist2)) with
| Tuple3 _ b _ -> b) else false = true -> match (match (tf5 (tf1 (repr (clist2)) (elist1))) with
| Tuple3 _ _ c -> c) with
| true -> lq (nat1) (match (tf5 (repr (Concats (clist1) (clist2)))) with
| Tuple3 a _ _ -> a)
| false -> false = match (match (tf5 (elist1)) with
| Tuple3 _ _ c -> c) with
| true -> lq (nat1) (match (tf5 (elist1)) with
| Tuple3 a _ _ -> a)
| false -> false
clist1 : clist
clist2 : clist
Cond1 : if match (match (reprNew (clist1)) with
| Tuple3 a _ _ -> a) with
| true -> match (reprNew (clist2)) with
| Tuple3 a _ _ -> a
| false -> false then lq (match (reprNew (clist1)) with
| Tuple3 _ _ c -> c) (match (reprNew (clist2)) with
| Tuple3 _ b _ -> b) else false = true
elist1 : elist
nat2 : nat
Base1 : elist1 = Elt (nat2)
Case1 : match (match (tf5 (repr (clist2))) with
| Tuple3 _ _ c -> c) with
| true -> lq (nat2) (match (tf5 (repr (clist2))) with
| Tuple3 a _ _ -> a)
| false -> false = true
nat1 : nat
Base2 : nat1 = ZERO
---------------------------------------
lq (ZERO) (match (tf5 (tf1 (repr (clist2)) (repr (clist1)))) with
| Tuple3 a _ _ -> a) = lq (ZERO) (nat2)

3 goal(s) more...

2 conjecture(s) more...
Tactic List : 0
previous tactics
validate generalize_common_subterm_goal
Prop: lq (ZERO) (match (tf5 (tf1 (repr (Concats (Single (ZERO)) (Concats (Concats (Single (ZERO)) (Single (ZERO))) (Single (ZERO))))) (repr (Single (ZERO))))) with
| Tuple3 a _ _ -> a) = lq (ZERO) (ZERO)
Prop: lq (ZERO) (match (tf5 (tf1 (repr (Concats (Single (SUCC (ZERO))) (Single (SUCC (ZERO))))) (repr (Single (ZERO))))) with
| Tuple3 a _ _ -> a) = lq (ZERO) (ZERO)
Prop: lq (ZERO) (match (tf5 (tf1 (repr (Single (ZERO))) (repr (Single (SUCC (ZERO)))))) with
| Tuple3 a _ _ -> a) = lq (ZERO) (SUCC (ZERO))
Lemma List
forall (clist1:clist) (clist2:clist) (nat1:nat), if match (match (reprNew (clist1)) with
| Tuple3 a _ _ -> a) with
| true -> match (reprNew (clist2)) with
| Tuple3 a _ _ -> a
| false -> false then lq (match (reprNew (clist1)) with
| Tuple3 _ _ c -> c) (match (reprNew (clist2)) with
| Tuple3 _ b _ -> b) else false = true -> match (match (tf5 (repr (clist2))) with
| Tuple3 _ _ c -> c) with
| true -> lq (nat1) (match (tf5 (repr (clist2))) with
| Tuple3 a _ _ -> a)
| false -> false = true -> lq (ZERO) (match (tf5 (tf1 (repr (clist2)) (repr (clist1)))) with
| Tuple3 a _ _ -> a) = lq (ZERO) (nat1)
End of Lemma List


1st goal of : forall (elist1:elist) (clist1:clist) (clist2:clist) (nat1:nat), if match (match (reprNew (clist1)) with
| Tuple3 a _ _ -> a) with
| true -> match (reprNew (clist2)) with
| Tuple3 a _ _ -> a
| false -> false then lq (match (reprNew (clist1)) with
| Tuple3 _ _ c -> c) (match (reprNew (clist2)) with
| Tuple3 _ b _ -> b) else false = true -> match (match (tf5 (tf1 (repr (clist2)) (elist1))) with
| Tuple3 _ _ c -> c) with
| true -> lq (nat1) (match (tf5 (repr (Concats (clist1) (clist2)))) with
| Tuple3 a _ _ -> a)
| false -> false = match (match (tf5 (elist1)) with
| Tuple3 _ _ c -> c) with
| true -> lq (nat1) (match (tf5 (elist1)) with
| Tuple3 a _ _ -> a)
| false -> false
clist1 : clist
clist2 : clist
Cond1 : if match (match (reprNew (clist1)) with
| Tuple3 a _ _ -> a) with
| true -> match (reprNew (clist2)) with
| Tuple3 a _ _ -> a
| false -> false then lq (match (reprNew (clist1)) with
| Tuple3 _ _ c -> c) (match (reprNew (clist2)) with
| Tuple3 _ b _ -> b) else false = true
elist1 : elist
nat2 : nat
Base1 : elist1 = Elt (nat2)
Case1 : match (match (tf5 (repr (clist2))) with
| Tuple3 _ _ c -> c) with
| true -> lq (nat2) (match (tf5 (repr (clist2))) with
| Tuple3 a _ _ -> a)
| false -> false = true
nat1 : nat
Base2 : nat1 = ZERO
---------------------------------------
lq (ZERO) (match (tf5 (tf1 (repr (clist2)) (repr (clist1)))) with
| Tuple3 a _ _ -> a) = lq (ZERO) (nat2)

3 goal(s) more...

2 conjecture(s) more...
=================================================
Progress: 23


1st goal of : forall (elist1:elist) (clist1:clist) (clist2:clist) (nat1:nat), if match (match (reprNew (clist1)) with
| Tuple3 a _ _ -> a) with
| true -> match (reprNew (clist2)) with
| Tuple3 a _ _ -> a
| false -> false then lq (match (reprNew (clist1)) with
| Tuple3 _ _ c -> c) (match (reprNew (clist2)) with
| Tuple3 _ b _ -> b) else false = true -> match (match (tf5 (tf1 (repr (clist2)) (elist1))) with
| Tuple3 _ _ c -> c) with
| true -> lq (nat1) (match (tf5 (repr (Concats (clist1) (clist2)))) with
| Tuple3 a _ _ -> a)
| false -> false = match (match (tf5 (elist1)) with
| Tuple3 _ _ c -> c) with
| true -> lq (nat1) (match (tf5 (elist1)) with
| Tuple3 a _ _ -> a)
| false -> false
clist1 : clist
clist2 : clist
Cond1 : if match (match (reprNew (clist1)) with
| Tuple3 a _ _ -> a) with
| true -> match (reprNew (clist2)) with
| Tuple3 a _ _ -> a
| false -> false then lq (match (reprNew (clist1)) with
| Tuple3 _ _ c -> c) (match (reprNew (clist2)) with
| Tuple3 _ b _ -> b) else false = true
elist1 : elist
nat2 : nat
Base1 : elist1 = Elt (nat2)
Case1 : match (match (tf5 (repr (clist2))) with
| Tuple3 _ _ c -> c) with
| true -> lq (nat2) (match (tf5 (repr (clist2))) with
| Tuple3 a _ _ -> a)
| false -> false = true
nat1 : nat
Base2 : nat1 = ZERO
---------------------------------------
lq (ZERO) (match (tf5 (tf1 (repr (clist2)) (repr (clist1)))) with
| Tuple3 a _ _ -> a) = lq (ZERO) (nat2)

3 goal(s) more...

2 conjecture(s) more...
>>> assert forall (clist1:clist) (clist2:clist) (nat1:nat), if match (match (reprNew (clist1)) with
| Tuple3 a _ _ -> a) with
| true -> match (reprNew (clist2)) with
| Tuple3 a _ _ -> a
| false -> false then lq (match (reprNew (clist1)) with
| Tuple3 _ _ c -> c) (match (reprNew (clist2)) with
| Tuple3 _ b _ -> b) else false = true -> match (match (tf5 (repr (clist2))) with
| Tuple3 _ _ c -> c) with
| true -> lq (nat1) (match (tf5 (repr (clist2))) with
| Tuple3 a _ _ -> a)
| false -> false = true -> lq (ZERO) (match (tf5 (tf1 (repr (clist2)) (repr (clist1)))) with
| Tuple3 a _ _ -> a) = lq (ZERO) (nat1)(rank : 0.)


1st goal of : forall (clist1:clist) (clist2:clist) (nat1:nat), if match (match (reprNew (clist1)) with
| Tuple3 a _ _ -> a) with
| true -> match (reprNew (clist2)) with
| Tuple3 a _ _ -> a
| false -> false then lq (match (reprNew (clist1)) with
| Tuple3 _ _ c -> c) (match (reprNew (clist2)) with
| Tuple3 _ b _ -> b) else false = true -> match (match (tf5 (repr (clist2))) with
| Tuple3 _ _ c -> c) with
| true -> lq (nat1) (match (tf5 (repr (clist2))) with
| Tuple3 a _ _ -> a)
| false -> false = true -> lq (ZERO) (match (tf5 (tf1 (repr (clist2)) (repr (clist1)))) with
| Tuple3 a _ _ -> a) = lq (ZERO) (nat1)

---------------------------------------
forall (clist1:clist) (clist2:clist) (nat1:nat), if match (match (reprNew (clist1)) with
| Tuple3 a _ _ -> a) with
| true -> match (reprNew (clist2)) with
| Tuple3 a _ _ -> a
| false -> false then lq (match (reprNew (clist1)) with
| Tuple3 _ _ c -> c) (match (reprNew (clist2)) with
| Tuple3 _ b _ -> b) else false = true -> match (match (tf5 (repr (clist2))) with
| Tuple3 _ _ c -> c) with
| true -> lq (nat1) (match (tf5 (repr (clist2))) with
| Tuple3 a _ _ -> a)
| false -> false = true -> lq (ZERO) (match (tf5 (tf1 (repr (clist2)) (repr (clist1)))) with
| Tuple3 a _ _ -> a) = lq (ZERO) (nat1)

0 goal(s) more...

3 conjecture(s) more...
Tactic List : 1
induction clist1(rank:14.)
=================================================
Progress: 24


1st goal of : forall (clist1:clist) (clist2:clist) (nat1:nat), if match (match (reprNew (clist1)) with
| Tuple3 a _ _ -> a) with
| true -> match (reprNew (clist2)) with
| Tuple3 a _ _ -> a
| false -> false then lq (match (reprNew (clist1)) with
| Tuple3 _ _ c -> c) (match (reprNew (clist2)) with
| Tuple3 _ b _ -> b) else false = true -> match (match (tf5 (repr (clist2))) with
| Tuple3 _ _ c -> c) with
| true -> lq (nat1) (match (tf5 (repr (clist2))) with
| Tuple3 a _ _ -> a)
| false -> false = true -> lq (ZERO) (match (tf5 (tf1 (repr (clist2)) (repr (clist1)))) with
| Tuple3 a _ _ -> a) = lq (ZERO) (nat1)

---------------------------------------
forall (clist1:clist) (clist2:clist) (nat1:nat), if match (match (reprNew (clist1)) with
| Tuple3 a _ _ -> a) with
| true -> match (reprNew (clist2)) with
| Tuple3 a _ _ -> a
| false -> false then lq (match (reprNew (clist1)) with
| Tuple3 _ _ c -> c) (match (reprNew (clist2)) with
| Tuple3 _ b _ -> b) else false = true -> match (match (tf5 (repr (clist2))) with
| Tuple3 _ _ c -> c) with
| true -> lq (nat1) (match (tf5 (repr (clist2))) with
| Tuple3 a _ _ -> a)
| false -> false = true -> lq (ZERO) (match (tf5 (tf1 (repr (clist2)) (repr (clist1)))) with
| Tuple3 a _ _ -> a) = lq (ZERO) (nat1)

0 goal(s) more...

3 conjecture(s) more...
>>> induction clist1(rank : 14.)


1st goal of : forall (clist1:clist) (clist2:clist) (nat1:nat), if match (match (reprNew (clist1)) with
| Tuple3 a _ _ -> a) with
| true -> match (reprNew (clist2)) with
| Tuple3 a _ _ -> a
| false -> false then lq (match (reprNew (clist1)) with
| Tuple3 _ _ c -> c) (match (reprNew (clist2)) with
| Tuple3 _ b _ -> b) else false = true -> match (match (tf5 (repr (clist2))) with
| Tuple3 _ _ c -> c) with
| true -> lq (nat1) (match (tf5 (repr (clist2))) with
| Tuple3 a _ _ -> a)
| false -> false = true -> lq (ZERO) (match (tf5 (tf1 (repr (clist2)) (repr (clist1)))) with
| Tuple3 a _ _ -> a) = lq (ZERO) (nat1)
clist1 : clist
nat2 : nat
Base1 : clist1 = Single (nat2)
---------------------------------------
forall (clist2:clist) (nat1:nat), if match (match (reprNew (Single (nat2))) with
| Tuple3 a _ _ -> a) with
| true -> match (reprNew (clist2)) with
| Tuple3 a _ _ -> a
| false -> false then lq (match (reprNew (Single (nat2))) with
| Tuple3 _ _ c -> c) (match (reprNew (clist2)) with
| Tuple3 _ b _ -> b) else false = true -> match (match (tf5 (repr (clist2))) with
| Tuple3 _ _ c -> c) with
| true -> lq (nat1) (match (tf5 (repr (clist2))) with
| Tuple3 a _ _ -> a)
| false -> false = true -> lq (ZERO) (match (tf5 (tf1 (repr (clist2)) (repr (Single (nat2))))) with
| Tuple3 a _ _ -> a) = lq (ZERO) (nat1)

1 goal(s) more...

3 conjecture(s) more...
Tactic List : 1
simpl in goal(rank:14.)
=================================================
Progress: 25


1st goal of : forall (clist1:clist) (clist2:clist) (nat1:nat), if match (match (reprNew (clist1)) with
| Tuple3 a _ _ -> a) with
| true -> match (reprNew (clist2)) with
| Tuple3 a _ _ -> a
| false -> false then lq (match (reprNew (clist1)) with
| Tuple3 _ _ c -> c) (match (reprNew (clist2)) with
| Tuple3 _ b _ -> b) else false = true -> match (match (tf5 (repr (clist2))) with
| Tuple3 _ _ c -> c) with
| true -> lq (nat1) (match (tf5 (repr (clist2))) with
| Tuple3 a _ _ -> a)
| false -> false = true -> lq (ZERO) (match (tf5 (tf1 (repr (clist2)) (repr (clist1)))) with
| Tuple3 a _ _ -> a) = lq (ZERO) (nat1)
clist1 : clist
nat2 : nat
Base1 : clist1 = Single (nat2)
---------------------------------------
forall (clist2:clist) (nat1:nat), if match (match (reprNew (Single (nat2))) with
| Tuple3 a _ _ -> a) with
| true -> match (reprNew (clist2)) with
| Tuple3 a _ _ -> a
| false -> false then lq (match (reprNew (Single (nat2))) with
| Tuple3 _ _ c -> c) (match (reprNew (clist2)) with
| Tuple3 _ b _ -> b) else false = true -> match (match (tf5 (repr (clist2))) with
| Tuple3 _ _ c -> c) with
| true -> lq (nat1) (match (tf5 (repr (clist2))) with
| Tuple3 a _ _ -> a)
| false -> false = true -> lq (ZERO) (match (tf5 (tf1 (repr (clist2)) (repr (Single (nat2))))) with
| Tuple3 a _ _ -> a) = lq (ZERO) (nat1)

1 goal(s) more...

3 conjecture(s) more...
>>> simpl in goal(rank : 14.)


1st goal of : forall (clist1:clist) (clist2:clist) (nat1:nat), if match (match (reprNew (clist1)) with
| Tuple3 a _ _ -> a) with
| true -> match (reprNew (clist2)) with
| Tuple3 a _ _ -> a
| false -> false then lq (match (reprNew (clist1)) with
| Tuple3 _ _ c -> c) (match (reprNew (clist2)) with
| Tuple3 _ b _ -> b) else false = true -> match (match (tf5 (repr (clist2))) with
| Tuple3 _ _ c -> c) with
| true -> lq (nat1) (match (tf5 (repr (clist2))) with
| Tuple3 a _ _ -> a)
| false -> false = true -> lq (ZERO) (match (tf5 (tf1 (repr (clist2)) (repr (clist1)))) with
| Tuple3 a _ _ -> a) = lq (ZERO) (nat1)
clist1 : clist
nat2 : nat
Base1 : clist1 = Single (nat2)
---------------------------------------
forall (clist2:clist) (nat1:nat), match (match (reprNew (clist2)) with
| Tuple3 a _ _ -> a) with
| true -> lq (match (reprNew (Single (nat2))) with
| Tuple3 _ _ c -> c) (match (reprNew (clist2)) with
| Tuple3 _ b _ -> b)
| false -> false = true -> match (match (tf5 (repr (clist2))) with
| Tuple3 _ _ c -> c) with
| true -> lq (nat1) (match (tf5 (repr (clist2))) with
| Tuple3 a _ _ -> a)
| false -> false = true -> lq (ZERO) (nat2) = lq (ZERO) (nat1)

1 goal(s) more...

3 conjecture(s) more...
Tactic List : 1
intro clist2(rank:14.)
=================================================
Progress: 26


1st goal of : forall (clist1:clist) (clist2:clist) (nat1:nat), if match (match (reprNew (clist1)) with
| Tuple3 a _ _ -> a) with
| true -> match (reprNew (clist2)) with
| Tuple3 a _ _ -> a
| false -> false then lq (match (reprNew (clist1)) with
| Tuple3 _ _ c -> c) (match (reprNew (clist2)) with
| Tuple3 _ b _ -> b) else false = true -> match (match (tf5 (repr (clist2))) with
| Tuple3 _ _ c -> c) with
| true -> lq (nat1) (match (tf5 (repr (clist2))) with
| Tuple3 a _ _ -> a)
| false -> false = true -> lq (ZERO) (match (tf5 (tf1 (repr (clist2)) (repr (clist1)))) with
| Tuple3 a _ _ -> a) = lq (ZERO) (nat1)
clist1 : clist
nat2 : nat
Base1 : clist1 = Single (nat2)
---------------------------------------
forall (clist2:clist) (nat1:nat), match (match (reprNew (clist2)) with
| Tuple3 a _ _ -> a) with
| true -> lq (match (reprNew (Single (nat2))) with
| Tuple3 _ _ c -> c) (match (reprNew (clist2)) with
| Tuple3 _ b _ -> b)
| false -> false = true -> match (match (tf5 (repr (clist2))) with
| Tuple3 _ _ c -> c) with
| true -> lq (nat1) (match (tf5 (repr (clist2))) with
| Tuple3 a _ _ -> a)
| false -> false = true -> lq (ZERO) (nat2) = lq (ZERO) (nat1)

1 goal(s) more...

3 conjecture(s) more...
>>> intro clist2(rank : 14.)


1st goal of : forall (clist1:clist) (clist2:clist) (nat1:nat), if match (match (reprNew (clist1)) with
| Tuple3 a _ _ -> a) with
| true -> match (reprNew (clist2)) with
| Tuple3 a _ _ -> a
| false -> false then lq (match (reprNew (clist1)) with
| Tuple3 _ _ c -> c) (match (reprNew (clist2)) with
| Tuple3 _ b _ -> b) else false = true -> match (match (tf5 (repr (clist2))) with
| Tuple3 _ _ c -> c) with
| true -> lq (nat1) (match (tf5 (repr (clist2))) with
| Tuple3 a _ _ -> a)
| false -> false = true -> lq (ZERO) (match (tf5 (tf1 (repr (clist2)) (repr (clist1)))) with
| Tuple3 a _ _ -> a) = lq (ZERO) (nat1)
clist1 : clist
nat2 : nat
Base1 : clist1 = Single (nat2)
clist2 : clist
---------------------------------------
forall (nat1:nat), match (match (reprNew (clist2)) with
| Tuple3 a _ _ -> a) with
| true -> lq (match (reprNew (Single (nat2))) with
| Tuple3 _ _ c -> c) (match (reprNew (clist2)) with
| Tuple3 _ b _ -> b)
| false -> false = true -> match (match (tf5 (repr (clist2))) with
| Tuple3 _ _ c -> c) with
| true -> lq (nat1) (match (tf5 (repr (clist2))) with
| Tuple3 a _ _ -> a)
| false -> false = true -> lq (ZERO) (nat2) = lq (ZERO) (nat1)

1 goal(s) more...

3 conjecture(s) more...
Tactic List : 1
induction nat1(rank:15.)
=================================================
Progress: 27


1st goal of : forall (clist1:clist) (clist2:clist) (nat1:nat), if match (match (reprNew (clist1)) with
| Tuple3 a _ _ -> a) with
| true -> match (reprNew (clist2)) with
| Tuple3 a _ _ -> a
| false -> false then lq (match (reprNew (clist1)) with
| Tuple3 _ _ c -> c) (match (reprNew (clist2)) with
| Tuple3 _ b _ -> b) else false = true -> match (match (tf5 (repr (clist2))) with
| Tuple3 _ _ c -> c) with
| true -> lq (nat1) (match (tf5 (repr (clist2))) with
| Tuple3 a _ _ -> a)
| false -> false = true -> lq (ZERO) (match (tf5 (tf1 (repr (clist2)) (repr (clist1)))) with
| Tuple3 a _ _ -> a) = lq (ZERO) (nat1)
clist1 : clist
nat2 : nat
Base1 : clist1 = Single (nat2)
clist2 : clist
---------------------------------------
forall (nat1:nat), match (match (reprNew (clist2)) with
| Tuple3 a _ _ -> a) with
| true -> lq (match (reprNew (Single (nat2))) with
| Tuple3 _ _ c -> c) (match (reprNew (clist2)) with
| Tuple3 _ b _ -> b)
| false -> false = true -> match (match (tf5 (repr (clist2))) with
| Tuple3 _ _ c -> c) with
| true -> lq (nat1) (match (tf5 (repr (clist2))) with
| Tuple3 a _ _ -> a)
| false -> false = true -> lq (ZERO) (nat2) = lq (ZERO) (nat1)

1 goal(s) more...

3 conjecture(s) more...
>>> induction nat1(rank : 15.)


1st goal of : forall (clist1:clist) (clist2:clist) (nat1:nat), if match (match (reprNew (clist1)) with
| Tuple3 a _ _ -> a) with
| true -> match (reprNew (clist2)) with
| Tuple3 a _ _ -> a
| false -> false then lq (match (reprNew (clist1)) with
| Tuple3 _ _ c -> c) (match (reprNew (clist2)) with
| Tuple3 _ b _ -> b) else false = true -> match (match (tf5 (repr (clist2))) with
| Tuple3 _ _ c -> c) with
| true -> lq (nat1) (match (tf5 (repr (clist2))) with
| Tuple3 a _ _ -> a)
| false -> false = true -> lq (ZERO) (match (tf5 (tf1 (repr (clist2)) (repr (clist1)))) with
| Tuple3 a _ _ -> a) = lq (ZERO) (nat1)
clist1 : clist
nat2 : nat
Base1 : clist1 = Single (nat2)
clist2 : clist
nat1 : nat
Base2 : nat1 = ZERO
---------------------------------------
match (match (reprNew (clist2)) with
| Tuple3 a _ _ -> a) with
| true -> lq (match (reprNew (Single (nat2))) with
| Tuple3 _ _ c -> c) (match (reprNew (clist2)) with
| Tuple3 _ b _ -> b)
| false -> false = true -> match (match (tf5 (repr (clist2))) with
| Tuple3 _ _ c -> c) with
| true -> lq (ZERO) (match (tf5 (repr (clist2))) with
| Tuple3 a _ _ -> a)
| false -> false = true -> lq (ZERO) (nat2) = lq (ZERO) (ZERO)

2 goal(s) more...

3 conjecture(s) more...
Tactic List : 1
simpl in goal(rank:15.)
=================================================
Progress: 28


1st goal of : forall (clist1:clist) (clist2:clist) (nat1:nat), if match (match (reprNew (clist1)) with
| Tuple3 a _ _ -> a) with
| true -> match (reprNew (clist2)) with
| Tuple3 a _ _ -> a
| false -> false then lq (match (reprNew (clist1)) with
| Tuple3 _ _ c -> c) (match (reprNew (clist2)) with
| Tuple3 _ b _ -> b) else false = true -> match (match (tf5 (repr (clist2))) with
| Tuple3 _ _ c -> c) with
| true -> lq (nat1) (match (tf5 (repr (clist2))) with
| Tuple3 a _ _ -> a)
| false -> false = true -> lq (ZERO) (match (tf5 (tf1 (repr (clist2)) (repr (clist1)))) with
| Tuple3 a _ _ -> a) = lq (ZERO) (nat1)
clist1 : clist
nat2 : nat
Base1 : clist1 = Single (nat2)
clist2 : clist
nat1 : nat
Base2 : nat1 = ZERO
---------------------------------------
match (match (reprNew (clist2)) with
| Tuple3 a _ _ -> a) with
| true -> lq (match (reprNew (Single (nat2))) with
| Tuple3 _ _ c -> c) (match (reprNew (clist2)) with
| Tuple3 _ b _ -> b)
| false -> false = true -> match (match (tf5 (repr (clist2))) with
| Tuple3 _ _ c -> c) with
| true -> lq (ZERO) (match (tf5 (repr (clist2))) with
| Tuple3 a _ _ -> a)
| false -> false = true -> lq (ZERO) (nat2) = lq (ZERO) (ZERO)

2 goal(s) more...

3 conjecture(s) more...
>>> simpl in goal(rank : 15.)


1st goal of : forall (clist1:clist) (clist2:clist) (nat1:nat), if match (match (reprNew (clist1)) with
| Tuple3 a _ _ -> a) with
| true -> match (reprNew (clist2)) with
| Tuple3 a _ _ -> a
| false -> false then lq (match (reprNew (clist1)) with
| Tuple3 _ _ c -> c) (match (reprNew (clist2)) with
| Tuple3 _ b _ -> b) else false = true -> match (match (tf5 (repr (clist2))) with
| Tuple3 _ _ c -> c) with
| true -> lq (nat1) (match (tf5 (repr (clist2))) with
| Tuple3 a _ _ -> a)
| false -> false = true -> lq (ZERO) (match (tf5 (tf1 (repr (clist2)) (repr (clist1)))) with
| Tuple3 a _ _ -> a) = lq (ZERO) (nat1)
clist1 : clist
nat2 : nat
Base1 : clist1 = Single (nat2)
clist2 : clist
nat1 : nat
Base2 : nat1 = ZERO
---------------------------------------
match (match (reprNew (clist2)) with
| Tuple3 a _ _ -> a) with
| true -> lq (match (reprNew (Single (nat2))) with
| Tuple3 _ _ c -> c) (match (reprNew (clist2)) with
| Tuple3 _ b _ -> b)
| false -> false = true -> match (match (tf5 (repr (clist2))) with
| Tuple3 _ _ c -> c) with
| true -> lq (ZERO) (match (tf5 (repr (clist2))) with
| Tuple3 a _ _ -> a)
| false -> false = true -> lq (ZERO) (nat2) = false

2 goal(s) more...

3 conjecture(s) more...
Tactic List : 1
intro Cond1(rank:15.)
=================================================
Progress: 29


1st goal of : forall (clist1:clist) (clist2:clist) (nat1:nat), if match (match (reprNew (clist1)) with
| Tuple3 a _ _ -> a) with
| true -> match (reprNew (clist2)) with
| Tuple3 a _ _ -> a
| false -> false then lq (match (reprNew (clist1)) with
| Tuple3 _ _ c -> c) (match (reprNew (clist2)) with
| Tuple3 _ b _ -> b) else false = true -> match (match (tf5 (repr (clist2))) with
| Tuple3 _ _ c -> c) with
| true -> lq (nat1) (match (tf5 (repr (clist2))) with
| Tuple3 a _ _ -> a)
| false -> false = true -> lq (ZERO) (match (tf5 (tf1 (repr (clist2)) (repr (clist1)))) with
| Tuple3 a _ _ -> a) = lq (ZERO) (nat1)
clist1 : clist
nat2 : nat
Base1 : clist1 = Single (nat2)
clist2 : clist
nat1 : nat
Base2 : nat1 = ZERO
---------------------------------------
match (match (reprNew (clist2)) with
| Tuple3 a _ _ -> a) with
| true -> lq (match (reprNew (Single (nat2))) with
| Tuple3 _ _ c -> c) (match (reprNew (clist2)) with
| Tuple3 _ b _ -> b)
| false -> false = true -> match (match (tf5 (repr (clist2))) with
| Tuple3 _ _ c -> c) with
| true -> lq (ZERO) (match (tf5 (repr (clist2))) with
| Tuple3 a _ _ -> a)
| false -> false = true -> lq (ZERO) (nat2) = false

2 goal(s) more...

3 conjecture(s) more...
>>> intro Cond1(rank : 15.)


1st goal of : forall (clist1:clist) (clist2:clist) (nat1:nat), if match (match (reprNew (clist1)) with
| Tuple3 a _ _ -> a) with
| true -> match (reprNew (clist2)) with
| Tuple3 a _ _ -> a
| false -> false then lq (match (reprNew (clist1)) with
| Tuple3 _ _ c -> c) (match (reprNew (clist2)) with
| Tuple3 _ b _ -> b) else false = true -> match (match (tf5 (repr (clist2))) with
| Tuple3 _ _ c -> c) with
| true -> lq (nat1) (match (tf5 (repr (clist2))) with
| Tuple3 a _ _ -> a)
| false -> false = true -> lq (ZERO) (match (tf5 (tf1 (repr (clist2)) (repr (clist1)))) with
| Tuple3 a _ _ -> a) = lq (ZERO) (nat1)
clist1 : clist
nat2 : nat
Base1 : clist1 = Single (nat2)
clist2 : clist
nat1 : nat
Base2 : nat1 = ZERO
Cond1 : match (match (reprNew (clist2)) with
| Tuple3 a _ _ -> a) with
| true -> lq (match (reprNew (Single (nat2))) with
| Tuple3 _ _ c -> c) (match (reprNew (clist2)) with
| Tuple3 _ b _ -> b)
| false -> false = true
---------------------------------------
match (match (tf5 (repr (clist2))) with
| Tuple3 _ _ c -> c) with
| true -> lq (ZERO) (match (tf5 (repr (clist2))) with
| Tuple3 a _ _ -> a)
| false -> false = true -> lq (ZERO) (nat2) = false

2 goal(s) more...

3 conjecture(s) more...
Tactic List : 1
intro Cond2(rank:15.)
=================================================
Progress: 30


1st goal of : forall (clist1:clist) (clist2:clist) (nat1:nat), if match (match (reprNew (clist1)) with
| Tuple3 a _ _ -> a) with
| true -> match (reprNew (clist2)) with
| Tuple3 a _ _ -> a
| false -> false then lq (match (reprNew (clist1)) with
| Tuple3 _ _ c -> c) (match (reprNew (clist2)) with
| Tuple3 _ b _ -> b) else false = true -> match (match (tf5 (repr (clist2))) with
| Tuple3 _ _ c -> c) with
| true -> lq (nat1) (match (tf5 (repr (clist2))) with
| Tuple3 a _ _ -> a)
| false -> false = true -> lq (ZERO) (match (tf5 (tf1 (repr (clist2)) (repr (clist1)))) with
| Tuple3 a _ _ -> a) = lq (ZERO) (nat1)
clist1 : clist
nat2 : nat
Base1 : clist1 = Single (nat2)
clist2 : clist
nat1 : nat
Base2 : nat1 = ZERO
Cond1 : match (match (reprNew (clist2)) with
| Tuple3 a _ _ -> a) with
| true -> lq (match (reprNew (Single (nat2))) with
| Tuple3 _ _ c -> c) (match (reprNew (clist2)) with
| Tuple3 _ b _ -> b)
| false -> false = true
---------------------------------------
match (match (tf5 (repr (clist2))) with
| Tuple3 _ _ c -> c) with
| true -> lq (ZERO) (match (tf5 (repr (clist2))) with
| Tuple3 a _ _ -> a)
| false -> false = true -> lq (ZERO) (nat2) = false

2 goal(s) more...

3 conjecture(s) more...
>>> intro Cond2(rank : 15.)


1st goal of : forall (clist1:clist) (clist2:clist) (nat1:nat), if match (match (reprNew (clist1)) with
| Tuple3 a _ _ -> a) with
| true -> match (reprNew (clist2)) with
| Tuple3 a _ _ -> a
| false -> false then lq (match (reprNew (clist1)) with
| Tuple3 _ _ c -> c) (match (reprNew (clist2)) with
| Tuple3 _ b _ -> b) else false = true -> match (match (tf5 (repr (clist2))) with
| Tuple3 _ _ c -> c) with
| true -> lq (nat1) (match (tf5 (repr (clist2))) with
| Tuple3 a _ _ -> a)
| false -> false = true -> lq (ZERO) (match (tf5 (tf1 (repr (clist2)) (repr (clist1)))) with
| Tuple3 a _ _ -> a) = lq (ZERO) (nat1)
clist1 : clist
nat2 : nat
Base1 : clist1 = Single (nat2)
clist2 : clist
nat1 : nat
Base2 : nat1 = ZERO
Cond1 : match (match (reprNew (clist2)) with
| Tuple3 a _ _ -> a) with
| true -> lq (match (reprNew (Single (nat2))) with
| Tuple3 _ _ c -> c) (match (reprNew (clist2)) with
| Tuple3 _ b _ -> b)
| false -> false = true
Cond2 : match (match (tf5 (repr (clist2))) with
| Tuple3 _ _ c -> c) with
| true -> lq (ZERO) (match (tf5 (repr (clist2))) with
| Tuple3 a _ _ -> a)
| false -> false = true
---------------------------------------
lq (ZERO) (nat2) = false

2 goal(s) more...

3 conjecture(s) more...
Tactic List : 0
previous tactics
simpl in goal
intro Cond1
intro Cond2
validate generalize_common_subterm_goal
Prop: lq (ZERO) (SUCC (ZERO)) = false
Prop: lq (ZERO) (ZERO) = false
Prop: lq (ZERO) (ZERO) = false
asdf
=================================================
Progress: 31


1st goal of : forall (clist1:clist), main (clist1) = mainNew (clist1)
clist1 : clist
clist2 : clist
clist3 : clist
IH1 : match (tf5 (repr (clist2))) with
| Tuple3 _ _ c -> c = match (reprNew (clist2)) with
| Tuple3 a _ _ -> a
IH2 : match (tf5 (repr (clist3))) with
| Tuple3 _ _ c -> c = match (reprNew (clist3)) with
| Tuple3 a _ _ -> a
Inductive1 : clist1 = Concats (clist2) (clist3)
---------------------------------------
match (tf5 (tf1 (repr (clist3)) (repr (clist2)))) with
| Tuple3 _ _ c -> c = if match (match (reprNew (clist2)) with
| Tuple3 a _ _ -> a) with
| true -> match (reprNew (clist3)) with
| Tuple3 a _ _ -> a
| false -> false then lq (match (reprNew (clist2)) with
| Tuple3 _ _ c -> c) (match (reprNew (clist3)) with
| Tuple3 _ b _ -> b) else false

0 goal(s) more...

0 conjecture(s) more...
>>> rewrite <- IH1 in goal at 0(rank : 19.)


1st goal of : forall (clist1:clist), main (clist1) = mainNew (clist1)
clist1 : clist
clist2 : clist
clist3 : clist
IH1 : match (tf5 (repr (clist2))) with
| Tuple3 _ _ c -> c = match (reprNew (clist2)) with
| Tuple3 a _ _ -> a
IH2 : match (tf5 (repr (clist3))) with
| Tuple3 _ _ c -> c = match (reprNew (clist3)) with
| Tuple3 a _ _ -> a
Inductive1 : clist1 = Concats (clist2) (clist3)
---------------------------------------
match (tf5 (tf1 (repr (clist3)) (repr (clist2)))) with
| Tuple3 _ _ c -> c = if match (match (tf5 (repr (clist2))) with
| Tuple3 _ _ c -> c) with
| true -> match (reprNew (clist3)) with
| Tuple3 a _ _ -> a
| false -> false then lq (match (reprNew (clist2)) with
| Tuple3 _ _ c -> c) (match (reprNew (clist3)) with
| Tuple3 _ b _ -> b) else false

0 goal(s) more...

0 conjecture(s) more...
Tactic List : 2
case match (match (tf5 (repr (clist2))) with
| Tuple3 _ _ c -> c) with
| true -> match (reprNew (clist3)) with
| Tuple3 a _ _ -> a
| false -> false(rank:4.)
rewrite <- IH2 in goal at 0(rank:19.)
=================================================
Progress: 32


1st goal of : forall (clist1:clist), main (clist1) = mainNew (clist1)
clist1 : clist
clist2 : clist
clist3 : clist
IH1 : match (tf5 (repr (clist2))) with
| Tuple3 _ _ c -> c = match (reprNew (clist2)) with
| Tuple3 a _ _ -> a
IH2 : match (tf5 (repr (clist3))) with
| Tuple3 _ _ c -> c = match (reprNew (clist3)) with
| Tuple3 a _ _ -> a
Inductive1 : clist1 = Concats (clist2) (clist3)
---------------------------------------
match (tf5 (tf1 (repr (clist3)) (repr (clist2)))) with
| Tuple3 _ _ c -> c = if match (match (tf5 (repr (clist2))) with
| Tuple3 _ _ c -> c) with
| true -> match (reprNew (clist3)) with
| Tuple3 a _ _ -> a
| false -> false then lq (match (reprNew (clist2)) with
| Tuple3 _ _ c -> c) (match (reprNew (clist3)) with
| Tuple3 _ b _ -> b) else false

0 goal(s) more...

0 conjecture(s) more...
>>> case match (match (tf5 (repr (clist2))) with
| Tuple3 _ _ c -> c) with
| true -> match (reprNew (clist3)) with
| Tuple3 a _ _ -> a
| false -> false(rank : 4.)


1st goal of : forall (clist1:clist), main (clist1) = mainNew (clist1)
clist1 : clist
clist2 : clist
clist3 : clist
IH1 : match (tf5 (repr (clist2))) with
| Tuple3 _ _ c -> c = match (reprNew (clist2)) with
| Tuple3 a _ _ -> a
IH2 : match (tf5 (repr (clist3))) with
| Tuple3 _ _ c -> c = match (reprNew (clist3)) with
| Tuple3 a _ _ -> a
Inductive1 : clist1 = Concats (clist2) (clist3)
Case1 : match (match (tf5 (repr (clist2))) with
| Tuple3 _ _ c -> c) with
| true -> match (reprNew (clist3)) with
| Tuple3 a _ _ -> a
| false -> false = true
---------------------------------------
match (tf5 (tf1 (repr (clist3)) (repr (clist2)))) with
| Tuple3 _ _ c -> c = lq (match (reprNew (clist2)) with
| Tuple3 _ _ c -> c) (match (reprNew (clist3)) with
| Tuple3 _ b _ -> b)

1 goal(s) more...

0 conjecture(s) more...
Tactic List : 0
previous tactics
simpl in goal
rewrite <- IH1 in goal at 0
case match (match (tf5 (repr (clist2))) with
| Tuple3 _ _ c -> c) with
| true -> match (reprNew (clist3)) with
| Tuple3 a _ _ -> a
| false -> false
validate generalize_common_subterm_goal
