Enter the definition file path (1/2) : 
> Enter the definition file path (2/2) : 
> Choose the proof type :
1) Interactive Mode 	 2) Auto Mode
Enter the goal : =================================================
Progress: 1


No conjecture
>>> assert forall (lst:clist), main (lst) = mainNew (lst)(rank : 0.)


1st goal of : forall (clist1:clist), main (clist1) = mainNew (clist1)

---------------------------------------
forall (clist1:clist), main (clist1) = mainNew (clist1)

0 goal(s) more...

0 conjecture(s) more...
Tactic List : 1
simpl in goal(rank:3.)
=================================================
Progress: 2


1st goal of : forall (clist1:clist), main (clist1) = mainNew (clist1)

---------------------------------------
forall (clist1:clist), main (clist1) = mainNew (clist1)

0 goal(s) more...

0 conjecture(s) more...
>>> simpl in goal(rank : 3.)


1st goal of : forall (clist1:clist), main (clist1) = mainNew (clist1)

---------------------------------------
forall (clist1:clist), match (tf5 (repr (clist1))) with
| Tuple3 _ b _ -> b = match (reprNew (clist1)) with
| Tuple3 a _ _ -> a

0 goal(s) more...

0 conjecture(s) more...
Tactic List : 1
induction clist1(rank:4.)
=================================================
Progress: 3


1st goal of : forall (clist1:clist), main (clist1) = mainNew (clist1)

---------------------------------------
forall (clist1:clist), match (tf5 (repr (clist1))) with
| Tuple3 _ b _ -> b = match (reprNew (clist1)) with
| Tuple3 a _ _ -> a

0 goal(s) more...

0 conjecture(s) more...
>>> induction clist1(rank : 4.)


1st goal of : forall (clist1:clist), main (clist1) = mainNew (clist1)
clist1 : clist
bool1 : bool
Base1 : clist1 = Single (bool1)
---------------------------------------
match (tf5 (repr (Single (bool1)))) with
| Tuple3 _ b _ -> b = match (reprNew (Single (bool1))) with
| Tuple3 a _ _ -> a

1 goal(s) more...

0 conjecture(s) more...
Tactic List : 1
reflexivity(rank:3.)
=================================================
Progress: 4


1st goal of : forall (clist1:clist), main (clist1) = mainNew (clist1)
clist1 : clist
bool1 : bool
Base1 : clist1 = Single (bool1)
---------------------------------------
match (tf5 (repr (Single (bool1)))) with
| Tuple3 _ b _ -> b = match (reprNew (Single (bool1))) with
| Tuple3 a _ _ -> a

1 goal(s) more...

0 conjecture(s) more...
>>> reflexivity(rank : 3.)


1st goal of : forall (clist1:clist), main (clist1) = mainNew (clist1)
clist1 : clist
clist2 : clist
clist3 : clist
IH1 : match (tf5 (repr (clist2))) with
| Tuple3 _ b _ -> b = match (reprNew (clist2)) with
| Tuple3 a _ _ -> a
IH2 : match (tf5 (repr (clist3))) with
| Tuple3 _ b _ -> b = match (reprNew (clist3)) with
| Tuple3 a _ _ -> a
Inductive1 : clist1 = Concats (clist2) (clist3)
---------------------------------------
match (tf5 (repr (Concats (clist2) (clist3)))) with
| Tuple3 _ b _ -> b = match (reprNew (Concats (clist2) (clist3))) with
| Tuple3 a _ _ -> a

0 goal(s) more...

0 conjecture(s) more...
Deduplication: 0
Tactic List : 1
simpl in goal(rank:3.)
=================================================
Progress: 5


1st goal of : forall (clist1:clist), main (clist1) = mainNew (clist1)
clist1 : clist
clist2 : clist
clist3 : clist
IH1 : match (tf5 (repr (clist2))) with
| Tuple3 _ b _ -> b = match (reprNew (clist2)) with
| Tuple3 a _ _ -> a
IH2 : match (tf5 (repr (clist3))) with
| Tuple3 _ b _ -> b = match (reprNew (clist3)) with
| Tuple3 a _ _ -> a
Inductive1 : clist1 = Concats (clist2) (clist3)
---------------------------------------
match (tf5 (repr (Concats (clist2) (clist3)))) with
| Tuple3 _ b _ -> b = match (reprNew (Concats (clist2) (clist3))) with
| Tuple3 a _ _ -> a

0 goal(s) more...

0 conjecture(s) more...
>>> simpl in goal(rank : 3.)


1st goal of : forall (clist1:clist), main (clist1) = mainNew (clist1)
clist1 : clist
clist2 : clist
clist3 : clist
IH1 : match (tf5 (repr (clist2))) with
| Tuple3 _ b _ -> b = match (reprNew (clist2)) with
| Tuple3 a _ _ -> a
IH2 : match (tf5 (repr (clist3))) with
| Tuple3 _ b _ -> b = match (reprNew (clist3)) with
| Tuple3 a _ _ -> a
Inductive1 : clist1 = Concats (clist2) (clist3)
---------------------------------------
match (tf5 (tf1 (repr (clist3)) (repr (clist2)))) with
| Tuple3 _ b _ -> b = if if if match (match (reprNew (clist2)) with
| Tuple3 _ _ c -> c) with
| true -> false
| false -> true then match (reprNew (clist2)) with
| Tuple3 a _ _ -> a else false then match (reprNew (clist3)) with
| Tuple3 a _ _ -> a else false then true else if match (match (reprNew (clist2)) with
| Tuple3 a _ _ -> a) with
| true -> match (reprNew (clist3)) with
| Tuple3 a _ _ -> a
| false -> false then match (reprNew (clist3)) with
| Tuple3 _ b _ -> b else false

0 goal(s) more...

0 conjecture(s) more...
Tactic List : 7
case match (match (reprNew (clist2)) with
| Tuple3 _ _ c -> c) with
| true -> false
| false -> true(rank:4.)
rewrite <- IH1 in goal at 0(rank:19.)
rewrite <- IH1 in goal at 1(rank:19.)
rewrite <- IH1 in goal at 2(rank:19.)
rewrite <- IH2 in goal at 0(rank:19.)
rewrite <- IH2 in goal at 1(rank:19.)
rewrite <- IH2 in goal at 2(rank:19.)
=================================================
Progress: 6


1st goal of : forall (clist1:clist), main (clist1) = mainNew (clist1)
clist1 : clist
clist2 : clist
clist3 : clist
IH1 : match (tf5 (repr (clist2))) with
| Tuple3 _ b _ -> b = match (reprNew (clist2)) with
| Tuple3 a _ _ -> a
IH2 : match (tf5 (repr (clist3))) with
| Tuple3 _ b _ -> b = match (reprNew (clist3)) with
| Tuple3 a _ _ -> a
Inductive1 : clist1 = Concats (clist2) (clist3)
---------------------------------------
match (tf5 (tf1 (repr (clist3)) (repr (clist2)))) with
| Tuple3 _ b _ -> b = if if if match (match (reprNew (clist2)) with
| Tuple3 _ _ c -> c) with
| true -> false
| false -> true then match (reprNew (clist2)) with
| Tuple3 a _ _ -> a else false then match (reprNew (clist3)) with
| Tuple3 a _ _ -> a else false then true else if match (match (reprNew (clist2)) with
| Tuple3 a _ _ -> a) with
| true -> match (reprNew (clist3)) with
| Tuple3 a _ _ -> a
| false -> false then match (reprNew (clist3)) with
| Tuple3 _ b _ -> b else false

0 goal(s) more...

0 conjecture(s) more...
>>> case match (match (reprNew (clist2)) with
| Tuple3 _ _ c -> c) with
| true -> false
| false -> true(rank : 4.)


1st goal of : forall (clist1:clist), main (clist1) = mainNew (clist1)
clist1 : clist
clist2 : clist
clist3 : clist
IH1 : match (tf5 (repr (clist2))) with
| Tuple3 _ b _ -> b = match (reprNew (clist2)) with
| Tuple3 a _ _ -> a
IH2 : match (tf5 (repr (clist3))) with
| Tuple3 _ b _ -> b = match (reprNew (clist3)) with
| Tuple3 a _ _ -> a
Inductive1 : clist1 = Concats (clist2) (clist3)
Case1 : match (match (reprNew (clist2)) with
| Tuple3 _ _ c -> c) with
| true -> false
| false -> true = true
---------------------------------------
match (tf5 (tf1 (repr (clist3)) (repr (clist2)))) with
| Tuple3 _ b _ -> b = if match (match (reprNew (clist2)) with
| Tuple3 a _ _ -> a) with
| true -> match (reprNew (clist3)) with
| Tuple3 a _ _ -> a
| false -> false then true else if match (match (reprNew (clist2)) with
| Tuple3 a _ _ -> a) with
| true -> match (reprNew (clist3)) with
| Tuple3 a _ _ -> a
| false -> false then match (reprNew (clist3)) with
| Tuple3 _ b _ -> b else false

1 goal(s) more...

0 conjecture(s) more...
Tactic List : 7
case match (match (reprNew (clist2)) with
| Tuple3 a _ _ -> a) with
| true -> match (reprNew (clist3)) with
| Tuple3 a _ _ -> a
| false -> false(rank:5.)
rewrite <- IH1 in goal at 0(rank:20.)
rewrite <- IH1 in goal at 1(rank:20.)
rewrite <- IH1 in goal at 2(rank:20.)
rewrite <- IH2 in goal at 0(rank:20.)
rewrite <- IH2 in goal at 1(rank:20.)
rewrite <- IH2 in goal at 2(rank:20.)
=================================================
Progress: 7


1st goal of : forall (clist1:clist), main (clist1) = mainNew (clist1)
clist1 : clist
clist2 : clist
clist3 : clist
IH1 : match (tf5 (repr (clist2))) with
| Tuple3 _ b _ -> b = match (reprNew (clist2)) with
| Tuple3 a _ _ -> a
IH2 : match (tf5 (repr (clist3))) with
| Tuple3 _ b _ -> b = match (reprNew (clist3)) with
| Tuple3 a _ _ -> a
Inductive1 : clist1 = Concats (clist2) (clist3)
Case1 : match (match (reprNew (clist2)) with
| Tuple3 _ _ c -> c) with
| true -> false
| false -> true = true
---------------------------------------
match (tf5 (tf1 (repr (clist3)) (repr (clist2)))) with
| Tuple3 _ b _ -> b = if match (match (reprNew (clist2)) with
| Tuple3 a _ _ -> a) with
| true -> match (reprNew (clist3)) with
| Tuple3 a _ _ -> a
| false -> false then true else if match (match (reprNew (clist2)) with
| Tuple3 a _ _ -> a) with
| true -> match (reprNew (clist3)) with
| Tuple3 a _ _ -> a
| false -> false then match (reprNew (clist3)) with
| Tuple3 _ b _ -> b else false

1 goal(s) more...

0 conjecture(s) more...
>>> case match (match (reprNew (clist2)) with
| Tuple3 a _ _ -> a) with
| true -> match (reprNew (clist3)) with
| Tuple3 a _ _ -> a
| false -> false(rank : 5.)


1st goal of : forall (clist1:clist), main (clist1) = mainNew (clist1)
clist1 : clist
clist2 : clist
clist3 : clist
IH1 : match (tf5 (repr (clist2))) with
| Tuple3 _ b _ -> b = match (reprNew (clist2)) with
| Tuple3 a _ _ -> a
IH2 : match (tf5 (repr (clist3))) with
| Tuple3 _ b _ -> b = match (reprNew (clist3)) with
| Tuple3 a _ _ -> a
Inductive1 : clist1 = Concats (clist2) (clist3)
Case1 : match (match (reprNew (clist2)) with
| Tuple3 _ _ c -> c) with
| true -> false
| false -> true = true
Case2 : match (match (reprNew (clist2)) with
| Tuple3 a _ _ -> a) with
| true -> match (reprNew (clist3)) with
| Tuple3 a _ _ -> a
| false -> false = true
---------------------------------------
match (tf5 (tf1 (repr (clist3)) (repr (clist2)))) with
| Tuple3 _ b _ -> b = true

2 goal(s) more...

0 conjecture(s) more...
Tactic List : 1
rewrite <- Case2 in goal at 0(rank:5.)
=================================================
Progress: 8


1st goal of : forall (clist1:clist), main (clist1) = mainNew (clist1)
clist1 : clist
clist2 : clist
clist3 : clist
IH1 : match (tf5 (repr (clist2))) with
| Tuple3 _ b _ -> b = match (reprNew (clist2)) with
| Tuple3 a _ _ -> a
IH2 : match (tf5 (repr (clist3))) with
| Tuple3 _ b _ -> b = match (reprNew (clist3)) with
| Tuple3 a _ _ -> a
Inductive1 : clist1 = Concats (clist2) (clist3)
Case1 : match (match (reprNew (clist2)) with
| Tuple3 _ _ c -> c) with
| true -> false
| false -> true = true
Case2 : match (match (reprNew (clist2)) with
| Tuple3 a _ _ -> a) with
| true -> match (reprNew (clist3)) with
| Tuple3 a _ _ -> a
| false -> false = true
---------------------------------------
match (tf5 (tf1 (repr (clist3)) (repr (clist2)))) with
| Tuple3 _ b _ -> b = true

2 goal(s) more...

0 conjecture(s) more...
>>> rewrite <- Case2 in goal at 0(rank : 5.)


1st goal of : forall (clist1:clist), main (clist1) = mainNew (clist1)
clist1 : clist
clist2 : clist
clist3 : clist
IH1 : match (tf5 (repr (clist2))) with
| Tuple3 _ b _ -> b = match (reprNew (clist2)) with
| Tuple3 a _ _ -> a
IH2 : match (tf5 (repr (clist3))) with
| Tuple3 _ b _ -> b = match (reprNew (clist3)) with
| Tuple3 a _ _ -> a
Inductive1 : clist1 = Concats (clist2) (clist3)
Case1 : match (match (reprNew (clist2)) with
| Tuple3 _ _ c -> c) with
| true -> false
| false -> true = true
Case2 : match (match (reprNew (clist2)) with
| Tuple3 a _ _ -> a) with
| true -> match (reprNew (clist3)) with
| Tuple3 a _ _ -> a
| false -> false = true
---------------------------------------
match (tf5 (tf1 (repr (clist3)) (repr (clist2)))) with
| Tuple3 _ b _ -> b = match (match (reprNew (clist2)) with
| Tuple3 a _ _ -> a) with
| true -> match (reprNew (clist3)) with
| Tuple3 a _ _ -> a
| false -> false

2 goal(s) more...

0 conjecture(s) more...
Tactic List : 2
rewrite <- IH1 in goal at 0(rank:13.)
rewrite <- IH2 in goal at 0(rank:13.)
=================================================
Progress: 9


1st goal of : forall (clist1:clist), main (clist1) = mainNew (clist1)
clist1 : clist
clist2 : clist
clist3 : clist
IH1 : match (tf5 (repr (clist2))) with
| Tuple3 _ b _ -> b = match (reprNew (clist2)) with
| Tuple3 a _ _ -> a
IH2 : match (tf5 (repr (clist3))) with
| Tuple3 _ b _ -> b = match (reprNew (clist3)) with
| Tuple3 a _ _ -> a
Inductive1 : clist1 = Concats (clist2) (clist3)
Case1 : match (match (reprNew (clist2)) with
| Tuple3 _ _ c -> c) with
| true -> false
| false -> true = true
Case2 : match (match (reprNew (clist2)) with
| Tuple3 a _ _ -> a) with
| true -> match (reprNew (clist3)) with
| Tuple3 a _ _ -> a
| false -> false = true
---------------------------------------
match (tf5 (tf1 (repr (clist3)) (repr (clist2)))) with
| Tuple3 _ b _ -> b = match (match (reprNew (clist2)) with
| Tuple3 a _ _ -> a) with
| true -> match (reprNew (clist3)) with
| Tuple3 a _ _ -> a
| false -> false

2 goal(s) more...

0 conjecture(s) more...
>>> rewrite <- IH1 in goal at 0(rank : 13.)


1st goal of : forall (clist1:clist), main (clist1) = mainNew (clist1)
clist1 : clist
clist2 : clist
clist3 : clist
IH1 : match (tf5 (repr (clist2))) with
| Tuple3 _ b _ -> b = match (reprNew (clist2)) with
| Tuple3 a _ _ -> a
IH2 : match (tf5 (repr (clist3))) with
| Tuple3 _ b _ -> b = match (reprNew (clist3)) with
| Tuple3 a _ _ -> a
Inductive1 : clist1 = Concats (clist2) (clist3)
Case1 : match (match (reprNew (clist2)) with
| Tuple3 _ _ c -> c) with
| true -> false
| false -> true = true
Case2 : match (match (reprNew (clist2)) with
| Tuple3 a _ _ -> a) with
| true -> match (reprNew (clist3)) with
| Tuple3 a _ _ -> a
| false -> false = true
---------------------------------------
match (tf5 (tf1 (repr (clist3)) (repr (clist2)))) with
| Tuple3 _ b _ -> b = match (match (tf5 (repr (clist2))) with
| Tuple3 _ b _ -> b) with
| true -> match (reprNew (clist3)) with
| Tuple3 a _ _ -> a
| false -> false

2 goal(s) more...

0 conjecture(s) more...
Tactic List : 1
rewrite <- IH2 in goal at 0(rank:5.)
=================================================
Progress: 10


1st goal of : forall (clist1:clist), main (clist1) = mainNew (clist1)
clist1 : clist
clist2 : clist
clist3 : clist
IH1 : match (tf5 (repr (clist2))) with
| Tuple3 _ b _ -> b = match (reprNew (clist2)) with
| Tuple3 a _ _ -> a
IH2 : match (tf5 (repr (clist3))) with
| Tuple3 _ b _ -> b = match (reprNew (clist3)) with
| Tuple3 a _ _ -> a
Inductive1 : clist1 = Concats (clist2) (clist3)
Case1 : match (match (reprNew (clist2)) with
| Tuple3 _ _ c -> c) with
| true -> false
| false -> true = true
Case2 : match (match (reprNew (clist2)) with
| Tuple3 a _ _ -> a) with
| true -> match (reprNew (clist3)) with
| Tuple3 a _ _ -> a
| false -> false = true
---------------------------------------
match (tf5 (tf1 (repr (clist3)) (repr (clist2)))) with
| Tuple3 _ b _ -> b = match (match (tf5 (repr (clist2))) with
| Tuple3 _ b _ -> b) with
| true -> match (reprNew (clist3)) with
| Tuple3 a _ _ -> a
| false -> false

2 goal(s) more...

0 conjecture(s) more...
>>> rewrite <- IH2 in goal at 0(rank : 5.)


1st goal of : forall (clist1:clist), main (clist1) = mainNew (clist1)
clist1 : clist
clist2 : clist
clist3 : clist
IH1 : match (tf5 (repr (clist2))) with
| Tuple3 _ b _ -> b = match (reprNew (clist2)) with
| Tuple3 a _ _ -> a
IH2 : match (tf5 (repr (clist3))) with
| Tuple3 _ b _ -> b = match (reprNew (clist3)) with
| Tuple3 a _ _ -> a
Inductive1 : clist1 = Concats (clist2) (clist3)
Case1 : match (match (reprNew (clist2)) with
| Tuple3 _ _ c -> c) with
| true -> false
| false -> true = true
Case2 : match (match (reprNew (clist2)) with
| Tuple3 a _ _ -> a) with
| true -> match (reprNew (clist3)) with
| Tuple3 a _ _ -> a
| false -> false = true
---------------------------------------
match (tf5 (tf1 (repr (clist3)) (repr (clist2)))) with
| Tuple3 _ b _ -> b = match (match (tf5 (repr (clist2))) with
| Tuple3 _ b _ -> b) with
| true -> match (tf5 (repr (clist3))) with
| Tuple3 _ b _ -> b
| false -> false

2 goal(s) more...

0 conjecture(s) more...
Tactic List : 0
previous tactics
simpl in goal
case match (match (reprNew (clist2)) with
| Tuple3 _ _ c -> c) with
| true -> false
| false -> true
case match (match (reprNew (clist2)) with
| Tuple3 a _ _ -> a) with
| true -> match (reprNew (clist3)) with
| Tuple3 a _ _ -> a
| false -> false
rewrite <- Case2 in goal at 0
rewrite <- IH1 in goal at 0
rewrite <- IH2 in goal at 0
Prop: match (tf5 (tf1 (Elt (true)) (Elt (true)))) with
| Tuple3 _ b _ -> b = match (match (tf5 (Elt (true))) with
| Tuple3 _ b _ -> b) with
| true -> match (tf5 (Elt (true))) with
| Tuple3 _ b _ -> b
| false -> false
Prop: match (tf5 (tf1 (Elt (true)) (Econs (false) (Elt (false))))) with
| Tuple3 _ b _ -> b = match (match (tf5 (Econs (false) (Elt (false)))) with
| Tuple3 _ b _ -> b) with
| true -> match (tf5 (Elt (true))) with
| Tuple3 _ b _ -> b
| false -> false
Prop: match (tf5 (tf1 (Elt (true)) (Elt (true)))) with
| Tuple3 _ b _ -> b = match (match (tf5 (Elt (true))) with
| Tuple3 _ b _ -> b) with
| true -> match (tf5 (Elt (true))) with
| Tuple3 _ b _ -> b
| false -> false
previous tactics
simpl in goal
case match (match (reprNew (clist2)) with
| Tuple3 _ _ c -> c) with
| true -> false
| false -> true
case match (match (reprNew (clist2)) with
| Tuple3 a _ _ -> a) with
| true -> match (reprNew (clist3)) with
| Tuple3 a _ _ -> a
| false -> false
rewrite <- Case2 in goal at 0
rewrite <- IH1 in goal at 0
