Enter the definition file path (1/2) : 
> Enter the definition file path (2/2) : 
> Choose the proof type :
1) Interactive Mode 	 2) Auto Mode
Enter the goal : =================================================
Progress: 1


No conjecture
>>> assert forall (lst:clist), main (lst) = mainNew (lst)(rank : 0.)


1st goal of : forall (clist1:clist), main (clist1) = mainNew (clist1)

---------------------------------------
forall (clist1:clist), main (clist1) = mainNew (clist1)

0 goal(s) more...

0 conjecture(s) more...
Tactic List : 1
simpl in goal(rank:3.)
=================================================
Progress: 2


1st goal of : forall (clist1:clist), main (clist1) = mainNew (clist1)

---------------------------------------
forall (clist1:clist), main (clist1) = mainNew (clist1)

0 goal(s) more...

0 conjecture(s) more...
>>> simpl in goal(rank : 3.)


1st goal of : forall (clist1:clist), main (clist1) = mainNew (clist1)

---------------------------------------
forall (clist1:clist), if tf8 (clist1) then spec (repr (target (clist1))) else ZERO = if tf8 (clist1) then targetNew (clist1) else ZERO

0 goal(s) more...

0 conjecture(s) more...
Tactic List : 1
intro clist1(rank:3.)
=================================================
Progress: 3


1st goal of : forall (clist1:clist), main (clist1) = mainNew (clist1)

---------------------------------------
forall (clist1:clist), if tf8 (clist1) then spec (repr (target (clist1))) else ZERO = if tf8 (clist1) then targetNew (clist1) else ZERO

0 goal(s) more...

0 conjecture(s) more...
>>> intro clist1(rank : 3.)


1st goal of : forall (clist1:clist), main (clist1) = mainNew (clist1)
clist1 : clist
---------------------------------------
if tf8 (clist1) then spec (repr (target (clist1))) else ZERO = if tf8 (clist1) then targetNew (clist1) else ZERO

0 goal(s) more...

0 conjecture(s) more...
Tactic List : 1
case tf8 (clist1)(rank:4.)
=================================================
Progress: 4


1st goal of : forall (clist1:clist), main (clist1) = mainNew (clist1)
clist1 : clist
---------------------------------------
if tf8 (clist1) then spec (repr (target (clist1))) else ZERO = if tf8 (clist1) then targetNew (clist1) else ZERO

0 goal(s) more...

0 conjecture(s) more...
>>> case tf8 (clist1)(rank : 4.)


1st goal of : forall (clist1:clist), main (clist1) = mainNew (clist1)
clist1 : clist
Case1 : tf8 (clist1) = true
---------------------------------------
match (tf10 (tf2 (tf12 (clist1)))) with
| Tuple2 a _ -> a = tf14 (clist1)

1 goal(s) more...

0 conjecture(s) more...
Tactic List : 0
validate generalize_common_subterm_goal
Prop: match (tf10 (tf2 (tf12 (Concats (ZERO) (Concats (ZERO) (Single (ZERO)) (Single (ZERO))) (Concats (ZERO) (Single (ZERO)) (Concats (ZERO) (Single (ZERO)) (Single (ZERO)))))))) with
| Tuple2 a _ -> a = tf14 (Concats (ZERO) (Concats (ZERO) (Single (ZERO)) (Single (ZERO))) (Concats (ZERO) (Single (ZERO)) (Concats (ZERO) (Single (ZERO)) (Single (ZERO)))))
Prop: match (tf10 (tf2 (tf12 (Concats (SUCC (SUCC (ZERO))) (Single (ZERO)) (Single (ZERO)))))) with
| Tuple2 a _ -> a = tf14 (Concats (SUCC (SUCC (ZERO))) (Single (ZERO)) (Single (ZERO)))
Prop: match (tf10 (tf2 (tf12 (Single (SUCC (ZERO)))))) with
| Tuple2 a _ -> a = tf14 (Single (SUCC (ZERO)))
asdf
Fatal error: exception Failure("worklist is empty")
Raised at Stdlib.failwith in file "stdlib.ml", line 29, characters 17-33
Called from Dilemma__Engine.proof_auto in file "lib/engine.ml", line 284, characters 8-69
Called from Dune__exe__Main.main in file "bin/main.ml", line 24, characters 12-79
