Enter the definition file path (1/2) : 
> Enter the definition file path (2/2) : 
> Choose the proof type :
1) Interactive Mode 	 2) Auto Mode
Enter the goal : =================================================
Progress: 1


No conjecture
>>> assert forall (lst:elist), main (lst) = mainNew (lst)(rank : 0.)


1st goal of : forall (elist1:elist), main (elist1) = mainNew (elist1)

---------------------------------------
forall (elist1:elist), main (elist1) = mainNew (elist1)

0 goal(s) more...

0 conjecture(s) more...
Tactic List : 1
simpl in goal(rank:3.)
=================================================
Progress: 2


1st goal of : forall (elist1:elist), main (elist1) = mainNew (elist1)

---------------------------------------
forall (elist1:elist), main (elist1) = mainNew (elist1)

0 goal(s) more...

0 conjecture(s) more...
>>> simpl in goal(rank : 3.)


1st goal of : forall (elist1:elist), main (elist1) = mainNew (elist1)

---------------------------------------
forall (elist1:elist), if tf3 (elist1) then maximum (target (elist1)) else ZERO = if tf3 (elist1) then targetNew (elist1) else ZERO

0 goal(s) more...

0 conjecture(s) more...
Tactic List : 1
intro elist1(rank:3.)
=================================================
Progress: 3


1st goal of : forall (elist1:elist), main (elist1) = mainNew (elist1)

---------------------------------------
forall (elist1:elist), if tf3 (elist1) then maximum (target (elist1)) else ZERO = if tf3 (elist1) then targetNew (elist1) else ZERO

0 goal(s) more...

0 conjecture(s) more...
>>> intro elist1(rank : 3.)


1st goal of : forall (elist1:elist), main (elist1) = mainNew (elist1)
elist1 : elist
---------------------------------------
if tf3 (elist1) then maximum (target (elist1)) else ZERO = if tf3 (elist1) then targetNew (elist1) else ZERO

0 goal(s) more...

0 conjecture(s) more...
Tactic List : 1
case tf3 (elist1)(rank:4.)
=================================================
Progress: 4


1st goal of : forall (elist1:elist), main (elist1) = mainNew (elist1)
elist1 : elist
---------------------------------------
if tf3 (elist1) then maximum (target (elist1)) else ZERO = if tf3 (elist1) then targetNew (elist1) else ZERO

0 goal(s) more...

0 conjecture(s) more...
>>> case tf3 (elist1)(rank : 4.)


1st goal of : forall (elist1:elist), main (elist1) = mainNew (elist1)
elist1 : elist
Case1 : tf3 (elist1) = true
---------------------------------------
tf4 (tf7 (elist1) (elist1)) = tf9 (elist1)

1 goal(s) more...

0 conjecture(s) more...
Tactic List : 0
validate generalize_common_subterm_goal
Prop: tf4 (tf7 (Elt (SUCC (ZERO))) (Elt (SUCC (ZERO)))) = tf9 (Elt (SUCC (ZERO)))
Prop: tf4 (tf7 (Elt (ZERO)) (Elt (ZERO))) = tf9 (Elt (ZERO))
Prop: tf4 (tf7 (Elt (ZERO)) (Elt (ZERO))) = tf9 (Elt (ZERO))
Lemma List
forall (elist1:elist), tf3 (elist1) = true -> tf4 (tf7 (elist1) (elist1)) = tf9 (elist1)
End of Lemma List


1st goal of : forall (elist1:elist), main (elist1) = mainNew (elist1)
elist1 : elist
Case1 : tf3 (elist1) = true
---------------------------------------
tf4 (tf7 (elist1) (elist1)) = tf9 (elist1)

1 goal(s) more...

0 conjecture(s) more...
=================================================
Progress: 5


1st goal of : forall (elist1:elist), main (elist1) = mainNew (elist1)
elist1 : elist
Case1 : tf3 (elist1) = true
---------------------------------------
tf4 (tf7 (elist1) (elist1)) = tf9 (elist1)

1 goal(s) more...

0 conjecture(s) more...
>>> assert forall (elist1:elist), tf3 (elist1) = true -> tf4 (tf7 (elist1) (elist1)) = tf9 (elist1)(rank : 0.)


1st goal of : forall (elist1:elist), tf3 (elist1) = true -> tf4 (tf7 (elist1) (elist1)) = tf9 (elist1)

---------------------------------------
forall (elist1:elist), tf3 (elist1) = true -> tf4 (tf7 (elist1) (elist1)) = tf9 (elist1)

0 goal(s) more...

1 conjecture(s) more...
Tactic List : 1
induction elist1(rank:6.)
=================================================
Progress: 6


1st goal of : forall (elist1:elist), tf3 (elist1) = true -> tf4 (tf7 (elist1) (elist1)) = tf9 (elist1)

---------------------------------------
forall (elist1:elist), tf3 (elist1) = true -> tf4 (tf7 (elist1) (elist1)) = tf9 (elist1)

0 goal(s) more...

1 conjecture(s) more...
>>> induction elist1(rank : 6.)


1st goal of : forall (elist1:elist), tf3 (elist1) = true -> tf4 (tf7 (elist1) (elist1)) = tf9 (elist1)
elist1 : elist
nat1 : nat
Base1 : elist1 = Elt (nat1)
---------------------------------------
tf3 (Elt (nat1)) = true -> tf4 (tf7 (Elt (nat1)) (Elt (nat1))) = tf9 (Elt (nat1))

1 goal(s) more...

1 conjecture(s) more...
Tactic List : 1
reflexivity(rank:5.)
=================================================
Progress: 7


1st goal of : forall (elist1:elist), tf3 (elist1) = true -> tf4 (tf7 (elist1) (elist1)) = tf9 (elist1)
elist1 : elist
nat1 : nat
Base1 : elist1 = Elt (nat1)
---------------------------------------
tf3 (Elt (nat1)) = true -> tf4 (tf7 (Elt (nat1)) (Elt (nat1))) = tf9 (Elt (nat1))

1 goal(s) more...

1 conjecture(s) more...
>>> reflexivity(rank : 5.)


1st goal of : forall (elist1:elist), tf3 (elist1) = true -> tf4 (tf7 (elist1) (elist1)) = tf9 (elist1)
elist1 : elist
nat1 : nat
elist2 : elist
IH1 : tf3 (elist2) = true -> tf4 (tf7 (elist2) (elist2)) = tf9 (elist2)
Inductive1 : elist1 = Econs (nat1) (elist2)
---------------------------------------
tf3 (Econs (nat1) (elist2)) = true -> tf4 (tf7 (Econs (nat1) (elist2)) (Econs (nat1) (elist2))) = tf9 (Econs (nat1) (elist2))

0 goal(s) more...

1 conjecture(s) more...
Deduplication: 0
Tactic List : 1
simpl in goal(rank:5.)
=================================================
Progress: 8


1st goal of : forall (elist1:elist), tf3 (elist1) = true -> tf4 (tf7 (elist1) (elist1)) = tf9 (elist1)
elist1 : elist
nat1 : nat
elist2 : elist
IH1 : tf3 (elist2) = true -> tf4 (tf7 (elist2) (elist2)) = tf9 (elist2)
Inductive1 : elist1 = Econs (nat1) (elist2)
---------------------------------------
tf3 (Econs (nat1) (elist2)) = true -> tf4 (tf7 (Econs (nat1) (elist2)) (Econs (nat1) (elist2))) = tf9 (Econs (nat1) (elist2))

0 goal(s) more...

1 conjecture(s) more...
>>> simpl in goal(rank : 5.)


1st goal of : forall (elist1:elist), tf3 (elist1) = true -> tf4 (tf7 (elist1) (elist1)) = tf9 (elist1)
elist1 : elist
nat1 : nat
elist2 : elist
IH1 : tf3 (elist2) = true -> tf4 (tf7 (elist2) (elist2)) = tf9 (elist2)
Inductive1 : elist1 = Econs (nat1) (elist2)
---------------------------------------
tf0 (nat1) (elist2) = true -> if lq (nat1) (tf4 (elist2)) then tf4 (elist2) else nat1 = nat1

0 goal(s) more...

1 conjecture(s) more...
Tactic List : 1
intro Cond1(rank:5.)
=================================================
Progress: 9


1st goal of : forall (elist1:elist), tf3 (elist1) = true -> tf4 (tf7 (elist1) (elist1)) = tf9 (elist1)
elist1 : elist
nat1 : nat
elist2 : elist
IH1 : tf3 (elist2) = true -> tf4 (tf7 (elist2) (elist2)) = tf9 (elist2)
Inductive1 : elist1 = Econs (nat1) (elist2)
---------------------------------------
tf0 (nat1) (elist2) = true -> if lq (nat1) (tf4 (elist2)) then tf4 (elist2) else nat1 = nat1

0 goal(s) more...

1 conjecture(s) more...
>>> intro Cond1(rank : 5.)


1st goal of : forall (elist1:elist), tf3 (elist1) = true -> tf4 (tf7 (elist1) (elist1)) = tf9 (elist1)
elist1 : elist
nat1 : nat
elist2 : elist
IH1 : tf3 (elist2) = true -> tf4 (tf7 (elist2) (elist2)) = tf9 (elist2)
Inductive1 : elist1 = Econs (nat1) (elist2)
Cond1 : tf0 (nat1) (elist2) = true
---------------------------------------
if lq (nat1) (tf4 (elist2)) then tf4 (elist2) else nat1 = nat1

0 goal(s) more...

1 conjecture(s) more...
Tactic List : 1
case lq (nat1) (tf4 (elist2))(rank:6.)
=================================================
Progress: 10


1st goal of : forall (elist1:elist), tf3 (elist1) = true -> tf4 (tf7 (elist1) (elist1)) = tf9 (elist1)
elist1 : elist
nat1 : nat
elist2 : elist
IH1 : tf3 (elist2) = true -> tf4 (tf7 (elist2) (elist2)) = tf9 (elist2)
Inductive1 : elist1 = Econs (nat1) (elist2)
Cond1 : tf0 (nat1) (elist2) = true
---------------------------------------
if lq (nat1) (tf4 (elist2)) then tf4 (elist2) else nat1 = nat1

0 goal(s) more...

1 conjecture(s) more...
>>> case lq (nat1) (tf4 (elist2))(rank : 6.)


1st goal of : forall (elist1:elist), tf3 (elist1) = true -> tf4 (tf7 (elist1) (elist1)) = tf9 (elist1)
elist1 : elist
nat1 : nat
elist2 : elist
IH1 : tf3 (elist2) = true -> tf4 (tf7 (elist2) (elist2)) = tf9 (elist2)
Inductive1 : elist1 = Econs (nat1) (elist2)
Cond1 : tf0 (nat1) (elist2) = true
Case1 : lq (nat1) (tf4 (elist2)) = true
---------------------------------------
tf4 (elist2) = nat1

1 goal(s) more...

1 conjecture(s) more...
Tactic List : 0
previous tactics
simpl in goal
intro Cond1
case lq (nat1) (tf4 (elist2))
validate generalize_common_subterm_goal
Prop: tf4 (Elt (ZERO)) = ZERO
Prop: tf4 (Elt (SUCC (ZERO))) = ZERO
Prop: tf4 (Econs (ZERO) (Elt (ZERO))) = SUCC (ZERO)
Lemma List
forall (elist1:elist) (nat1:nat), tf0 (nat1) (elist1) = true->lq (nat1) (tf4 (elist1)) = true -> tf4 (elist1) = nat1
End of Lemma List


1st goal of : forall (elist1:elist), tf3 (elist1) = true -> tf4 (tf7 (elist1) (elist1)) = tf9 (elist1)
elist1 : elist
nat1 : nat
elist2 : elist
IH1 : tf3 (elist2) = true -> tf4 (tf7 (elist2) (elist2)) = tf9 (elist2)
Inductive1 : elist1 = Econs (nat1) (elist2)
Cond1 : tf0 (nat1) (elist2) = true
Case1 : lq (nat1) (tf4 (elist2)) = true
---------------------------------------
tf4 (elist2) = nat1

1 goal(s) more...

1 conjecture(s) more...
=================================================
Progress: 11


1st goal of : forall (elist1:elist), tf3 (elist1) = true -> tf4 (tf7 (elist1) (elist1)) = tf9 (elist1)
elist1 : elist
nat1 : nat
elist2 : elist
IH1 : tf3 (elist2) = true -> tf4 (tf7 (elist2) (elist2)) = tf9 (elist2)
Inductive1 : elist1 = Econs (nat1) (elist2)
Cond1 : tf0 (nat1) (elist2) = true
Case1 : lq (nat1) (tf4 (elist2)) = true
---------------------------------------
tf4 (elist2) = nat1

1 goal(s) more...

1 conjecture(s) more...
>>> assert forall (elist1:elist) (nat1:nat), tf0 (nat1) (elist1) = true->lq (nat1) (tf4 (elist1)) = true -> tf4 (elist1) = nat1(rank : 0.)


1st goal of : forall (elist1:elist) (nat1:nat), tf0 (nat1) (elist1) = true->lq (nat1) (tf4 (elist1)) = true -> tf4 (elist1) = nat1

---------------------------------------
forall (elist1:elist) (nat1:nat), tf0 (nat1) (elist1) = true->lq (nat1) (tf4 (elist1)) = true -> tf4 (elist1) = nat1

0 goal(s) more...

2 conjecture(s) more...
Tactic List : 1
intro elist1(rank:7.)
=================================================
Progress: 12


1st goal of : forall (elist1:elist) (nat1:nat), tf0 (nat1) (elist1) = true->lq (nat1) (tf4 (elist1)) = true -> tf4 (elist1) = nat1

---------------------------------------
forall (elist1:elist) (nat1:nat), tf0 (nat1) (elist1) = true->lq (nat1) (tf4 (elist1)) = true -> tf4 (elist1) = nat1

0 goal(s) more...

2 conjecture(s) more...
>>> intro elist1(rank : 7.)


1st goal of : forall (elist1:elist) (nat1:nat), tf0 (nat1) (elist1) = true->lq (nat1) (tf4 (elist1)) = true -> tf4 (elist1) = nat1
elist1 : elist
---------------------------------------
forall (nat1:nat), tf0 (nat1) (elist1) = true->lq (nat1) (tf4 (elist1)) = true -> tf4 (elist1) = nat1

0 goal(s) more...

2 conjecture(s) more...
Tactic List : 1
intro nat1(rank:7.)
=================================================
Progress: 13


1st goal of : forall (elist1:elist) (nat1:nat), tf0 (nat1) (elist1) = true->lq (nat1) (tf4 (elist1)) = true -> tf4 (elist1) = nat1
elist1 : elist
---------------------------------------
forall (nat1:nat), tf0 (nat1) (elist1) = true->lq (nat1) (tf4 (elist1)) = true -> tf4 (elist1) = nat1

0 goal(s) more...

2 conjecture(s) more...
>>> intro nat1(rank : 7.)


1st goal of : forall (elist1:elist) (nat1:nat), tf0 (nat1) (elist1) = true->lq (nat1) (tf4 (elist1)) = true -> tf4 (elist1) = nat1
elist1 : elist
nat1 : nat
---------------------------------------
tf0 (nat1) (elist1) = true->lq (nat1) (tf4 (elist1)) = true -> tf4 (elist1) = nat1

0 goal(s) more...

2 conjecture(s) more...
Tactic List : 1
intro Cond1(rank:7.)
=================================================
Progress: 14


1st goal of : forall (elist1:elist) (nat1:nat), tf0 (nat1) (elist1) = true->lq (nat1) (tf4 (elist1)) = true -> tf4 (elist1) = nat1
elist1 : elist
nat1 : nat
---------------------------------------
tf0 (nat1) (elist1) = true->lq (nat1) (tf4 (elist1)) = true -> tf4 (elist1) = nat1

0 goal(s) more...

2 conjecture(s) more...
>>> intro Cond1(rank : 7.)


1st goal of : forall (elist1:elist) (nat1:nat), tf0 (nat1) (elist1) = true->lq (nat1) (tf4 (elist1)) = true -> tf4 (elist1) = nat1
elist1 : elist
nat1 : nat
Cond1 : tf0 (nat1) (elist1) = true
---------------------------------------
lq (nat1) (tf4 (elist1)) = true -> tf4 (elist1) = nat1

0 goal(s) more...

2 conjecture(s) more...
Tactic List : 1
intro Cond2(rank:7.)
=================================================
Progress: 15


1st goal of : forall (elist1:elist) (nat1:nat), tf0 (nat1) (elist1) = true->lq (nat1) (tf4 (elist1)) = true -> tf4 (elist1) = nat1
elist1 : elist
nat1 : nat
Cond1 : tf0 (nat1) (elist1) = true
---------------------------------------
lq (nat1) (tf4 (elist1)) = true -> tf4 (elist1) = nat1

0 goal(s) more...

2 conjecture(s) more...
>>> intro Cond2(rank : 7.)


1st goal of : forall (elist1:elist) (nat1:nat), tf0 (nat1) (elist1) = true->lq (nat1) (tf4 (elist1)) = true -> tf4 (elist1) = nat1
elist1 : elist
nat1 : nat
Cond1 : tf0 (nat1) (elist1) = true
Cond2 : lq (nat1) (tf4 (elist1)) = true
---------------------------------------
tf4 (elist1) = nat1

0 goal(s) more...

2 conjecture(s) more...
Tactic List : 0
validate generalize_common_subterm_goal
Prop: tf4 (Elt (ZERO)) = ZERO
Prop: tf4 (Econs (SUCC (ZERO)) (Elt (ZERO))) = ZERO
Prop: tf4 (Elt (SUCC (ZERO))) = ZERO
Lemma List
forall (elist1:elist) (nat1:nat), tf0 (nat1) (elist1) = true->lq (nat1) (tf4 (elist1)) = true -> tf4 (elist1) = nat1
End of Lemma List


1st goal of : forall (elist1:elist) (nat1:nat), tf0 (nat1) (elist1) = true->lq (nat1) (tf4 (elist1)) = true -> tf4 (elist1) = nat1
elist1 : elist
nat1 : nat
Cond1 : tf0 (nat1) (elist1) = true
Cond2 : lq (nat1) (tf4 (elist1)) = true
---------------------------------------
tf4 (elist1) = nat1

0 goal(s) more...

2 conjecture(s) more...
=================================================
Progress: 16


1st goal of : forall (elist1:elist) (nat1:nat), tf0 (nat1) (elist1) = true->lq (nat1) (tf4 (elist1)) = true -> tf4 (elist1) = nat1
elist1 : elist
nat1 : nat
Cond1 : tf0 (nat1) (elist1) = true
Cond2 : lq (nat1) (tf4 (elist1)) = true
---------------------------------------
tf4 (elist1) = nat1

0 goal(s) more...

2 conjecture(s) more...
>>> assert forall (elist1:elist) (nat1:nat), tf0 (nat1) (elist1) = true->lq (nat1) (tf4 (elist1)) = true -> tf4 (elist1) = nat1(rank : 0.)


1st goal of : forall (elist1:elist) (nat1:nat), tf0 (nat1) (elist1) = true->lq (nat1) (tf4 (elist1)) = true -> tf4 (elist1) = nat1

---------------------------------------
forall (elist1:elist) (nat1:nat), tf0 (nat1) (elist1) = true->lq (nat1) (tf4 (elist1)) = true -> tf4 (elist1) = nat1

0 goal(s) more...

3 conjecture(s) more...
Tactic List : 1
intro elist1(rank:9.)
=================================================
Progress: 17


1st goal of : forall (elist1:elist) (nat1:nat), tf0 (nat1) (elist1) = true->lq (nat1) (tf4 (elist1)) = true -> tf4 (elist1) = nat1

---------------------------------------
forall (elist1:elist) (nat1:nat), tf0 (nat1) (elist1) = true->lq (nat1) (tf4 (elist1)) = true -> tf4 (elist1) = nat1

0 goal(s) more...

3 conjecture(s) more...
>>> intro elist1(rank : 9.)


1st goal of : forall (elist1:elist) (nat1:nat), tf0 (nat1) (elist1) = true->lq (nat1) (tf4 (elist1)) = true -> tf4 (elist1) = nat1
elist1 : elist
---------------------------------------
forall (nat1:nat), tf0 (nat1) (elist1) = true->lq (nat1) (tf4 (elist1)) = true -> tf4 (elist1) = nat1

0 goal(s) more...

3 conjecture(s) more...
Tactic List : 1
intro nat1(rank:9.)
=================================================
Progress: 18


1st goal of : forall (elist1:elist) (nat1:nat), tf0 (nat1) (elist1) = true->lq (nat1) (tf4 (elist1)) = true -> tf4 (elist1) = nat1
elist1 : elist
---------------------------------------
forall (nat1:nat), tf0 (nat1) (elist1) = true->lq (nat1) (tf4 (elist1)) = true -> tf4 (elist1) = nat1

0 goal(s) more...

3 conjecture(s) more...
>>> intro nat1(rank : 9.)


1st goal of : forall (elist1:elist) (nat1:nat), tf0 (nat1) (elist1) = true->lq (nat1) (tf4 (elist1)) = true -> tf4 (elist1) = nat1
elist1 : elist
nat1 : nat
---------------------------------------
tf0 (nat1) (elist1) = true->lq (nat1) (tf4 (elist1)) = true -> tf4 (elist1) = nat1

0 goal(s) more...

3 conjecture(s) more...
Tactic List : 1
intro Cond1(rank:9.)
=================================================
Progress: 19


1st goal of : forall (elist1:elist) (nat1:nat), tf0 (nat1) (elist1) = true->lq (nat1) (tf4 (elist1)) = true -> tf4 (elist1) = nat1
elist1 : elist
nat1 : nat
---------------------------------------
tf0 (nat1) (elist1) = true->lq (nat1) (tf4 (elist1)) = true -> tf4 (elist1) = nat1

0 goal(s) more...

3 conjecture(s) more...
>>> intro Cond1(rank : 9.)


1st goal of : forall (elist1:elist) (nat1:nat), tf0 (nat1) (elist1) = true->lq (nat1) (tf4 (elist1)) = true -> tf4 (elist1) = nat1
elist1 : elist
nat1 : nat
Cond1 : tf0 (nat1) (elist1) = true
---------------------------------------
lq (nat1) (tf4 (elist1)) = true -> tf4 (elist1) = nat1

0 goal(s) more...

3 conjecture(s) more...
Tactic List : 1
intro Cond2(rank:9.)
=================================================
Progress: 20


1st goal of : forall (elist1:elist) (nat1:nat), tf0 (nat1) (elist1) = true->lq (nat1) (tf4 (elist1)) = true -> tf4 (elist1) = nat1
elist1 : elist
nat1 : nat
Cond1 : tf0 (nat1) (elist1) = true
---------------------------------------
lq (nat1) (tf4 (elist1)) = true -> tf4 (elist1) = nat1

0 goal(s) more...

3 conjecture(s) more...
>>> intro Cond2(rank : 9.)


1st goal of : forall (elist1:elist) (nat1:nat), tf0 (nat1) (elist1) = true->lq (nat1) (tf4 (elist1)) = true -> tf4 (elist1) = nat1
elist1 : elist
nat1 : nat
Cond1 : tf0 (nat1) (elist1) = true
Cond2 : lq (nat1) (tf4 (elist1)) = true
---------------------------------------
tf4 (elist1) = nat1

0 goal(s) more...

3 conjecture(s) more...
Tactic List : 0
validate generalize_common_subterm_goal
Prop: tf4 (Elt (ZERO)) = ZERO
Prop: tf4 (Elt (ZERO)) = ZERO
Prop: tf4 (Econs (ZERO) (Elt (SUCC (SUCC (SUCC (ZERO)))))) = ZERO
Fatal error: exception Failure("worklist is empty")
Raised at Stdlib.failwith in file "stdlib.ml", line 29, characters 17-33
Called from Dilemma__Engine.proof_auto in file "lib/engine.ml", line 284, characters 8-69
Called from Dune__exe__Main.main in file "bin/main.ml", line 24, characters 12-79
