Choose the proof type :
1) Interactive Mode 	 2) Auto Mode
Enter the goal : =================================================
Progress: 1


No conjecture
>>> assert forall (a:nat) (b:nat), natadd (a) (SUCC (b)) = SUCC (natadd (a) (b))(rank : 0)


1st goal of : forall (a:nat) (b:nat), natadd (a) (SUCC (b)) = SUCC (natadd (a) (b))

---------------------------------------
forall (a:nat) (b:nat), natadd (a) (SUCC (b)) = SUCC (natadd (a) (b))

0 goal(s) more...

0 conjecture(s) more...
log :natadd
natadd (a) (SUCC (b))
SUCC (b)
log :natadd
natadd (a) (SUCC (b))
SUCC (b)
log :natadd
natadd (a) (SUCC (b))
SUCC (b)
log :natadd
natadd (a) (SUCC (b))
SUCC (b)
log :natadd
natadd (a) (SUCC (b))
SUCC (b)
log :natadd
natadd (a) (SUCC (b))
SUCC (b)
=================================================
Progress: 2


1st goal of : forall (a:nat) (b:nat), natadd (a) (SUCC (b)) = SUCC (natadd (a) (b))

---------------------------------------
forall (a:nat) (b:nat), natadd (a) (SUCC (b)) = SUCC (natadd (a) (b))

0 goal(s) more...

0 conjecture(s) more...
>>> induction a(rank : 1)


1st goal of : forall (a:nat) (b:nat), natadd (a) (SUCC (b)) = SUCC (natadd (a) (b))

---------------------------------------
forall (b:nat), natadd (ZERO) (SUCC (b)) = SUCC (natadd (ZERO) (b))

1 goal(s) more...

0 conjecture(s) more...
log :natadd
natadd (ZERO) (SUCC (b))
SUCC (b)
log :natadd
natadd (ZERO) (SUCC (b))
SUCC (b)
log :natadd
natadd (ZERO) (SUCC (b))
SUCC (b)
log :natadd
natadd (ZERO) (SUCC (b))
SUCC (b)
=================================================
Progress: 3


1st goal of : forall (a:nat) (b:nat), natadd (a) (SUCC (b)) = SUCC (natadd (a) (b))

---------------------------------------
forall (a:nat) (b:nat), natadd (a) (SUCC (b)) = SUCC (natadd (a) (b))

0 goal(s) more...

0 conjecture(s) more...
>>> induction b(rank : 1)


1st goal of : forall (a:nat) (b:nat), natadd (a) (SUCC (b)) = SUCC (natadd (a) (b))

---------------------------------------
forall (a:nat), natadd (a) (SUCC (ZERO)) = SUCC (natadd (a) (ZERO))

1 goal(s) more...

0 conjecture(s) more...
log :natadd
natadd (a) (SUCC (ZERO))
SUCC (ZERO)
log :natadd
natadd (a) (SUCC (ZERO))
SUCC (ZERO)
=================================================
Progress: 4


1st goal of : forall (a:nat) (b:nat), natadd (a) (SUCC (b)) = SUCC (natadd (a) (b))

---------------------------------------
forall (b:nat), natadd (ZERO) (SUCC (b)) = SUCC (natadd (ZERO) (b))

1 goal(s) more...

0 conjecture(s) more...
>>> induction b(rank : 1)


1st goal of : forall (a:nat) (b:nat), natadd (a) (SUCC (b)) = SUCC (natadd (a) (b))

---------------------------------------
natadd (ZERO) (SUCC (ZERO)) = SUCC (natadd (ZERO) (ZERO))

2 goal(s) more...

0 conjecture(s) more...
=================================================
Progress: 5


1st goal of : forall (a:nat) (b:nat), natadd (a) (SUCC (b)) = SUCC (natadd (a) (b))

---------------------------------------
forall (b:nat), natadd (ZERO) (SUCC (b)) = SUCC (natadd (ZERO) (b))

1 goal(s) more...

0 conjecture(s) more...
>>> simpl in goal(rank : 1)


1st goal of : forall (a:nat) (b:nat), natadd (a) (SUCC (b)) = SUCC (natadd (a) (b))

---------------------------------------
forall (b:nat), SUCC (natadd (ZERO) (b)) = SUCC (natadd (ZERO) (b))

1 goal(s) more...

0 conjecture(s) more...
log :natadd
SUCC (natadd (ZERO) (b))
b
log :natadd
SUCC (natadd (ZERO) (b))
b
log :natadd
SUCC (natadd (ZERO) (b))
b
log :natadd
SUCC (natadd (ZERO) (b))
b
=================================================
Progress: 6


1st goal of : forall (a:nat) (b:nat), natadd (a) (SUCC (b)) = SUCC (natadd (a) (b))

---------------------------------------
forall (b:nat), SUCC (natadd (ZERO) (b)) = SUCC (natadd (ZERO) (b))

1 goal(s) more...

0 conjecture(s) more...
>>> reflexivity(rank : 0)


1st goal of : forall (a:nat) (b:nat), natadd (a) (SUCC (b)) = SUCC (natadd (a) (b))
nat2 : nat
IH3 : forall (b:nat), natadd (nat2) (SUCC (b)) = SUCC (natadd (nat2) (b))
Inductive4 : a = SUCC (nat2)
---------------------------------------
forall (b:nat), natadd (SUCC (nat2)) (SUCC (b)) = SUCC (natadd (SUCC (nat2)) (b))

0 goal(s) more...

0 conjecture(s) more...
log :natadd
natadd (SUCC (nat2)) (SUCC (b))
SUCC (b)
log :natadd
natadd (SUCC (nat2)) (SUCC (b))
SUCC (b)
log :natadd
natadd (SUCC (nat2)) (SUCC (b))
SUCC (b)
log :natadd
natadd (SUCC (nat2)) (SUCC (b))
SUCC (b)
=================================================
Progress: 7


1st goal of : forall (a:nat) (b:nat), natadd (a) (SUCC (b)) = SUCC (natadd (a) (b))

---------------------------------------
forall (a:nat), natadd (a) (SUCC (ZERO)) = SUCC (natadd (a) (ZERO))

1 goal(s) more...

0 conjecture(s) more...
>>> induction a(rank : 1)


1st goal of : forall (a:nat) (b:nat), natadd (a) (SUCC (b)) = SUCC (natadd (a) (b))

---------------------------------------
natadd (ZERO) (SUCC (ZERO)) = SUCC (natadd (ZERO) (ZERO))

2 goal(s) more...

0 conjecture(s) more...
=================================================
Progress: 8


1st goal of : forall (a:nat) (b:nat), natadd (a) (SUCC (b)) = SUCC (natadd (a) (b))

---------------------------------------
natadd (ZERO) (SUCC (ZERO)) = SUCC (natadd (ZERO) (ZERO))

2 goal(s) more...

0 conjecture(s) more...
>>> simpl in goal(rank : 1)


1st goal of : forall (a:nat) (b:nat), natadd (a) (SUCC (b)) = SUCC (natadd (a) (b))

---------------------------------------
SUCC (ZERO) = SUCC (ZERO)

2 goal(s) more...

0 conjecture(s) more...
=================================================
Progress: 9


1st goal of : forall (a:nat) (b:nat), natadd (a) (SUCC (b)) = SUCC (natadd (a) (b))

---------------------------------------
SUCC (ZERO) = SUCC (ZERO)

2 goal(s) more...

0 conjecture(s) more...
>>> reflexivity(rank : 0)


1st goal of : forall (a:nat) (b:nat), natadd (a) (SUCC (b)) = SUCC (natadd (a) (b))
nat6 : nat
IH7 : natadd (ZERO) (SUCC (nat6)) = SUCC (natadd (ZERO) (nat6))
Inductive8 : b = SUCC (nat6)
---------------------------------------
natadd (ZERO) (SUCC (SUCC (nat6))) = SUCC (natadd (ZERO) (SUCC (nat6)))

1 goal(s) more...

0 conjecture(s) more...
=================================================
Progress: 10


1st goal of : forall (a:nat) (b:nat), natadd (a) (SUCC (b)) = SUCC (natadd (a) (b))

---------------------------------------
forall (b:nat), SUCC (natadd (ZERO) (b)) = SUCC (natadd (ZERO) (b))

1 goal(s) more...

0 conjecture(s) more...
>>> induction b(rank : 1)


1st goal of : forall (a:nat) (b:nat), natadd (a) (SUCC (b)) = SUCC (natadd (a) (b))

---------------------------------------
SUCC (natadd (ZERO) (ZERO)) = SUCC (natadd (ZERO) (ZERO))

2 goal(s) more...

0 conjecture(s) more...
=================================================
Progress: 11


1st goal of : forall (a:nat) (b:nat), natadd (a) (SUCC (b)) = SUCC (natadd (a) (b))

---------------------------------------
SUCC (natadd (ZERO) (ZERO)) = SUCC (natadd (ZERO) (ZERO))

2 goal(s) more...

0 conjecture(s) more...
>>> reflexivity(rank : 0)


1st goal of : forall (a:nat) (b:nat), natadd (a) (SUCC (b)) = SUCC (natadd (a) (b))
nat6 : nat
IH7 : SUCC (natadd (ZERO) (nat6)) = SUCC (natadd (ZERO) (nat6))
Inductive8 : b = SUCC (nat6)
---------------------------------------
SUCC (natadd (ZERO) (SUCC (nat6))) = SUCC (natadd (ZERO) (SUCC (nat6)))

1 goal(s) more...

0 conjecture(s) more...
=================================================
Progress: 12


1st goal of : forall (a:nat) (b:nat), natadd (a) (SUCC (b)) = SUCC (natadd (a) (b))
nat2 : nat
IH3 : forall (b:nat), natadd (nat2) (SUCC (b)) = SUCC (natadd (nat2) (b))
Inductive4 : a = SUCC (nat2)
---------------------------------------
forall (b:nat), natadd (SUCC (nat2)) (SUCC (b)) = SUCC (natadd (SUCC (nat2)) (b))

0 goal(s) more...

0 conjecture(s) more...
>>> induction b(rank : 1)


1st goal of : forall (a:nat) (b:nat), natadd (a) (SUCC (b)) = SUCC (natadd (a) (b))
nat2 : nat
IH3 : forall (b:nat), natadd (nat2) (SUCC (b)) = SUCC (natadd (nat2) (b))
Inductive4 : a = SUCC (nat2)
---------------------------------------
natadd (SUCC (nat2)) (SUCC (ZERO)) = SUCC (natadd (SUCC (nat2)) (ZERO))

1 goal(s) more...

0 conjecture(s) more...
=================================================
Progress: 13


1st goal of : forall (a:nat) (b:nat), natadd (a) (SUCC (b)) = SUCC (natadd (a) (b))
nat2 : nat
IH3 : forall (b:nat), natadd (nat2) (SUCC (b)) = SUCC (natadd (nat2) (b))
Inductive4 : a = SUCC (nat2)
---------------------------------------
forall (b:nat), natadd (SUCC (nat2)) (SUCC (b)) = SUCC (natadd (SUCC (nat2)) (b))

0 goal(s) more...

0 conjecture(s) more...
>>> simpl in goal(rank : 1)


1st goal of : forall (a:nat) (b:nat), natadd (a) (SUCC (b)) = SUCC (natadd (a) (b))
nat2 : nat
IH3 : forall (b:nat), natadd (nat2) (SUCC (b)) = SUCC (natadd (nat2) (b))
Inductive4 : a = SUCC (nat2)
---------------------------------------
forall (b:nat), SUCC (SUCC (natadd (nat2) (b))) = SUCC (natadd (SUCC (nat2)) (b))

0 goal(s) more...

0 conjecture(s) more...
log :natadd
SUCC (SUCC (natadd (nat2) (b)))
b
log :natadd
SUCC (SUCC (natadd (nat2) (b)))
b
log :natadd
SUCC (SUCC (natadd (nat2) (b)))
b
log :natadd
SUCC (SUCC (natadd (nat2) (b)))
b
=================================================
Progress: 14


1st goal of : forall (a:nat) (b:nat), natadd (a) (SUCC (b)) = SUCC (natadd (a) (b))

---------------------------------------
natadd (ZERO) (SUCC (ZERO)) = SUCC (natadd (ZERO) (ZERO))

2 goal(s) more...

0 conjecture(s) more...
>>> simpl in goal(rank : 1)


1st goal of : forall (a:nat) (b:nat), natadd (a) (SUCC (b)) = SUCC (natadd (a) (b))

---------------------------------------
SUCC (ZERO) = SUCC (ZERO)

2 goal(s) more...

0 conjecture(s) more...
=================================================
Progress: 15


1st goal of : forall (a:nat) (b:nat), natadd (a) (SUCC (b)) = SUCC (natadd (a) (b))

---------------------------------------
SUCC (ZERO) = SUCC (ZERO)

2 goal(s) more...

0 conjecture(s) more...
>>> reflexivity(rank : 0)


1st goal of : forall (a:nat) (b:nat), natadd (a) (SUCC (b)) = SUCC (natadd (a) (b))
nat6 : nat
IH7 : natadd (nat6) (SUCC (ZERO)) = SUCC (natadd (nat6) (ZERO))
Inductive8 : a = SUCC (nat6)
---------------------------------------
natadd (SUCC (nat6)) (SUCC (ZERO)) = SUCC (natadd (SUCC (nat6)) (ZERO))

1 goal(s) more...

0 conjecture(s) more...
=================================================
Progress: 16


1st goal of : forall (a:nat) (b:nat), natadd (a) (SUCC (b)) = SUCC (natadd (a) (b))
nat6 : nat
IH7 : natadd (ZERO) (SUCC (nat6)) = SUCC (natadd (ZERO) (nat6))
Inductive8 : b = SUCC (nat6)
---------------------------------------
natadd (ZERO) (SUCC (SUCC (nat6))) = SUCC (natadd (ZERO) (SUCC (nat6)))

1 goal(s) more...

0 conjecture(s) more...
>>> simpl in IH7(rank : 1)


1st goal of : forall (a:nat) (b:nat), natadd (a) (SUCC (b)) = SUCC (natadd (a) (b))
nat6 : nat
IH7 : SUCC (natadd (ZERO) (nat6)) = SUCC (natadd (ZERO) (nat6))
Inductive8 : b = SUCC (nat6)
---------------------------------------
natadd (ZERO) (SUCC (SUCC (nat6))) = SUCC (natadd (ZERO) (SUCC (nat6)))

1 goal(s) more...

0 conjecture(s) more...
=================================================
Progress: 17


1st goal of : forall (a:nat) (b:nat), natadd (a) (SUCC (b)) = SUCC (natadd (a) (b))
nat6 : nat
IH7 : natadd (ZERO) (SUCC (nat6)) = SUCC (natadd (ZERO) (nat6))
Inductive8 : b = SUCC (nat6)
---------------------------------------
natadd (ZERO) (SUCC (SUCC (nat6))) = SUCC (natadd (ZERO) (SUCC (nat6)))

1 goal(s) more...

0 conjecture(s) more...
>>> simpl in goal(rank : 1)


1st goal of : forall (a:nat) (b:nat), natadd (a) (SUCC (b)) = SUCC (natadd (a) (b))
nat6 : nat
IH7 : natadd (ZERO) (SUCC (nat6)) = SUCC (natadd (ZERO) (nat6))
Inductive8 : b = SUCC (nat6)
---------------------------------------
SUCC (SUCC (natadd (ZERO) (nat6))) = SUCC (SUCC (natadd (ZERO) (nat6)))

1 goal(s) more...

0 conjecture(s) more...
=================================================
Progress: 18


1st goal of : forall (a:nat) (b:nat), natadd (a) (SUCC (b)) = SUCC (natadd (a) (b))

---------------------------------------
SUCC (natadd (ZERO) (ZERO)) = SUCC (natadd (ZERO) (ZERO))

2 goal(s) more...

0 conjecture(s) more...
>>> simpl in goal(rank : 1)


1st goal of : forall (a:nat) (b:nat), natadd (a) (SUCC (b)) = SUCC (natadd (a) (b))

---------------------------------------
SUCC (ZERO) = SUCC (ZERO)

2 goal(s) more...

0 conjecture(s) more...
=================================================
Progress: 19


1st goal of : forall (a:nat) (b:nat), natadd (a) (SUCC (b)) = SUCC (natadd (a) (b))
nat6 : nat
IH7 : SUCC (natadd (ZERO) (nat6)) = SUCC (natadd (ZERO) (nat6))
Inductive8 : b = SUCC (nat6)
---------------------------------------
SUCC (natadd (ZERO) (SUCC (nat6))) = SUCC (natadd (ZERO) (SUCC (nat6)))

1 goal(s) more...

0 conjecture(s) more...
>>> simpl in goal(rank : 1)


1st goal of : forall (a:nat) (b:nat), natadd (a) (SUCC (b)) = SUCC (natadd (a) (b))
nat6 : nat
IH7 : SUCC (natadd (ZERO) (nat6)) = SUCC (natadd (ZERO) (nat6))
Inductive8 : b = SUCC (nat6)
---------------------------------------
SUCC (SUCC (natadd (ZERO) (nat6))) = SUCC (SUCC (natadd (ZERO) (nat6)))

1 goal(s) more...

0 conjecture(s) more...
=================================================
Progress: 20


1st goal of : forall (a:nat) (b:nat), natadd (a) (SUCC (b)) = SUCC (natadd (a) (b))
nat2 : nat
IH3 : forall (b:nat), natadd (nat2) (SUCC (b)) = SUCC (natadd (nat2) (b))
Inductive4 : a = SUCC (nat2)
---------------------------------------
natadd (SUCC (nat2)) (SUCC (ZERO)) = SUCC (natadd (SUCC (nat2)) (ZERO))

1 goal(s) more...

0 conjecture(s) more...
>>> simpl in goal(rank : 1)


1st goal of : forall (a:nat) (b:nat), natadd (a) (SUCC (b)) = SUCC (natadd (a) (b))
nat2 : nat
IH3 : forall (b:nat), natadd (nat2) (SUCC (b)) = SUCC (natadd (nat2) (b))
Inductive4 : a = SUCC (nat2)
---------------------------------------
SUCC (SUCC (natadd (nat2) (ZERO))) = SUCC (SUCC (natadd (nat2) (ZERO)))

1 goal(s) more...

0 conjecture(s) more...
=================================================
Progress: 21


1st goal of : forall (a:nat) (b:nat), natadd (a) (SUCC (b)) = SUCC (natadd (a) (b))
nat2 : nat
IH3 : forall (b:nat), natadd (nat2) (SUCC (b)) = SUCC (natadd (nat2) (b))
Inductive4 : a = SUCC (nat2)
---------------------------------------
SUCC (SUCC (natadd (nat2) (ZERO))) = SUCC (SUCC (natadd (nat2) (ZERO)))

1 goal(s) more...

0 conjecture(s) more...
>>> reflexivity(rank : 0)


1st goal of : forall (a:nat) (b:nat), natadd (a) (SUCC (b)) = SUCC (natadd (a) (b))
nat6 : nat
nat2 : nat
IH3 : forall (b:nat), natadd (nat2) (SUCC (b)) = SUCC (natadd (nat2) (b))
Inductive4 : a = SUCC (nat2)
IH7 : natadd (SUCC (nat2)) (SUCC (nat6)) = SUCC (natadd (SUCC (nat2)) (nat6))
Inductive8 : b = SUCC (nat6)
---------------------------------------
natadd (SUCC (nat2)) (SUCC (SUCC (nat6))) = SUCC (natadd (SUCC (nat2)) (SUCC (nat6)))

0 goal(s) more...

0 conjecture(s) more...
=================================================
Progress: 22


1st goal of : forall (a:nat) (b:nat), natadd (a) (SUCC (b)) = SUCC (natadd (a) (b))
nat2 : nat
IH3 : forall (b:nat), natadd (nat2) (SUCC (b)) = SUCC (natadd (nat2) (b))
Inductive4 : a = SUCC (nat2)
---------------------------------------
forall (b:nat), SUCC (SUCC (natadd (nat2) (b))) = SUCC (natadd (SUCC (nat2)) (b))

0 goal(s) more...

0 conjecture(s) more...
>>> induction b(rank : 1)


1st goal of : forall (a:nat) (b:nat), natadd (a) (SUCC (b)) = SUCC (natadd (a) (b))
nat2 : nat
IH3 : forall (b:nat), natadd (nat2) (SUCC (b)) = SUCC (natadd (nat2) (b))
Inductive4 : a = SUCC (nat2)
---------------------------------------
SUCC (SUCC (natadd (nat2) (ZERO))) = SUCC (natadd (SUCC (nat2)) (ZERO))

1 goal(s) more...

0 conjecture(s) more...
=================================================
Progress: 23


1st goal of : forall (a:nat) (b:nat), natadd (a) (SUCC (b)) = SUCC (natadd (a) (b))
nat2 : nat
IH3 : forall (b:nat), natadd (nat2) (SUCC (b)) = SUCC (natadd (nat2) (b))
Inductive4 : a = SUCC (nat2)
---------------------------------------
forall (b:nat), SUCC (SUCC (natadd (nat2) (b))) = SUCC (natadd (SUCC (nat2)) (b))

0 goal(s) more...

0 conjecture(s) more...
>>> rewrite <- IH3 in goal at 0(rank : 1)


1st goal of : forall (a:nat) (b:nat), natadd (a) (SUCC (b)) = SUCC (natadd (a) (b))
nat2 : nat
IH3 : forall (b:nat), natadd (nat2) (SUCC (b)) = SUCC (natadd (nat2) (b))
Inductive4 : a = SUCC (nat2)
---------------------------------------
forall (b:nat), SUCC (natadd (nat2) (SUCC (b))) = SUCC (natadd (SUCC (nat2)) (b))

0 goal(s) more...

0 conjecture(s) more...
log :natadd
SUCC (natadd (nat2) (SUCC (b)))
SUCC (b)
log :natadd
SUCC (natadd (nat2) (SUCC (b)))
SUCC (b)
log :natadd
SUCC (natadd (nat2) (SUCC (b)))
SUCC (b)
log :natadd
SUCC (natadd (nat2) (SUCC (b)))
SUCC (b)
=================================================
Progress: 24


1st goal of : forall (a:nat) (b:nat), natadd (a) (SUCC (b)) = SUCC (natadd (a) (b))
nat6 : nat
IH7 : natadd (nat6) (SUCC (ZERO)) = SUCC (natadd (nat6) (ZERO))
Inductive8 : a = SUCC (nat6)
---------------------------------------
natadd (SUCC (nat6)) (SUCC (ZERO)) = SUCC (natadd (SUCC (nat6)) (ZERO))

1 goal(s) more...

0 conjecture(s) more...
>>> simpl in goal(rank : 1)


1st goal of : forall (a:nat) (b:nat), natadd (a) (SUCC (b)) = SUCC (natadd (a) (b))
nat6 : nat
IH7 : natadd (nat6) (SUCC (ZERO)) = SUCC (natadd (nat6) (ZERO))
Inductive8 : a = SUCC (nat6)
---------------------------------------
SUCC (SUCC (natadd (nat6) (ZERO))) = SUCC (SUCC (natadd (nat6) (ZERO)))

1 goal(s) more...

0 conjecture(s) more...
=================================================
Progress: 25


1st goal of : forall (a:nat) (b:nat), natadd (a) (SUCC (b)) = SUCC (natadd (a) (b))
nat6 : nat
IH7 : natadd (nat6) (SUCC (ZERO)) = SUCC (natadd (nat6) (ZERO))
Inductive8 : a = SUCC (nat6)
---------------------------------------
SUCC (SUCC (natadd (nat6) (ZERO))) = SUCC (SUCC (natadd (nat6) (ZERO)))

1 goal(s) more...

0 conjecture(s) more...
>>> reflexivity(rank : 0)


1st goal of : forall (a:nat) (b:nat), natadd (a) (SUCC (b)) = SUCC (natadd (a) (b))
nat2 : nat
IH3 : forall (a:nat), natadd (a) (SUCC (nat2)) = SUCC (natadd (a) (nat2))
Inductive4 : b = SUCC (nat2)
---------------------------------------
forall (a:nat), natadd (a) (SUCC (SUCC (nat2))) = SUCC (natadd (a) (SUCC (nat2)))

0 goal(s) more...

0 conjecture(s) more...
log :natadd
natadd (a) (SUCC (SUCC (nat2)))
SUCC (SUCC (nat2))
log :natadd
natadd (a) (SUCC (SUCC (nat2)))
SUCC (SUCC (nat2))
=================================================
Progress: 26


1st goal of : forall (a:nat) (b:nat), natadd (a) (SUCC (b)) = SUCC (natadd (a) (b))
nat6 : nat
IH7 : SUCC (natadd (ZERO) (nat6)) = SUCC (natadd (ZERO) (nat6))
Inductive8 : b = SUCC (nat6)
---------------------------------------
natadd (ZERO) (SUCC (SUCC (nat6))) = SUCC (natadd (ZERO) (SUCC (nat6)))

1 goal(s) more...

0 conjecture(s) more...
>>> simpl in goal(rank : 1)


1st goal of : forall (a:nat) (b:nat), natadd (a) (SUCC (b)) = SUCC (natadd (a) (b))
nat6 : nat
IH7 : SUCC (natadd (ZERO) (nat6)) = SUCC (natadd (ZERO) (nat6))
Inductive8 : b = SUCC (nat6)
---------------------------------------
SUCC (SUCC (natadd (ZERO) (nat6))) = SUCC (SUCC (natadd (ZERO) (nat6)))

1 goal(s) more...

0 conjecture(s) more...
=================================================
Progress: 27


1st goal of : forall (a:nat) (b:nat), natadd (a) (SUCC (b)) = SUCC (natadd (a) (b))
nat6 : nat
IH7 : natadd (ZERO) (SUCC (nat6)) = SUCC (natadd (ZERO) (nat6))
Inductive8 : b = SUCC (nat6)
---------------------------------------
SUCC (SUCC (natadd (ZERO) (nat6))) = SUCC (SUCC (natadd (ZERO) (nat6)))

1 goal(s) more...

0 conjecture(s) more...
>>> simpl in IH7(rank : 1)


1st goal of : forall (a:nat) (b:nat), natadd (a) (SUCC (b)) = SUCC (natadd (a) (b))
nat6 : nat
IH7 : SUCC (natadd (ZERO) (nat6)) = SUCC (natadd (ZERO) (nat6))
Inductive8 : b = SUCC (nat6)
---------------------------------------
SUCC (SUCC (natadd (ZERO) (nat6))) = SUCC (SUCC (natadd (ZERO) (nat6)))

1 goal(s) more...

0 conjecture(s) more...
=================================================
Progress: 28


1st goal of : forall (a:nat) (b:nat), natadd (a) (SUCC (b)) = SUCC (natadd (a) (b))
nat6 : nat
nat2 : nat
IH3 : forall (b:nat), natadd (nat2) (SUCC (b)) = SUCC (natadd (nat2) (b))
Inductive4 : a = SUCC (nat2)
IH7 : natadd (SUCC (nat2)) (SUCC (nat6)) = SUCC (natadd (SUCC (nat2)) (nat6))
Inductive8 : b = SUCC (nat6)
---------------------------------------
natadd (SUCC (nat2)) (SUCC (SUCC (nat6))) = SUCC (natadd (SUCC (nat2)) (SUCC (nat6)))

0 goal(s) more...

0 conjecture(s) more...
>>> simpl in IH7(rank : 1)


1st goal of : forall (a:nat) (b:nat), natadd (a) (SUCC (b)) = SUCC (natadd (a) (b))
nat6 : nat
nat2 : nat
IH3 : forall (b:nat), natadd (nat2) (SUCC (b)) = SUCC (natadd (nat2) (b))
Inductive4 : a = SUCC (nat2)
IH7 : SUCC (SUCC (natadd (nat2) (nat6))) = SUCC (natadd (SUCC (nat2)) (nat6))
Inductive8 : b = SUCC (nat6)
---------------------------------------
natadd (SUCC (nat2)) (SUCC (SUCC (nat6))) = SUCC (natadd (SUCC (nat2)) (SUCC (nat6)))

0 goal(s) more...

0 conjecture(s) more...
=================================================
Progress: 29


1st goal of : forall (a:nat) (b:nat), natadd (a) (SUCC (b)) = SUCC (natadd (a) (b))
nat6 : nat
nat2 : nat
IH3 : forall (b:nat), natadd (nat2) (SUCC (b)) = SUCC (natadd (nat2) (b))
Inductive4 : a = SUCC (nat2)
IH7 : natadd (SUCC (nat2)) (SUCC (nat6)) = SUCC (natadd (SUCC (nat2)) (nat6))
Inductive8 : b = SUCC (nat6)
---------------------------------------
natadd (SUCC (nat2)) (SUCC (SUCC (nat6))) = SUCC (natadd (SUCC (nat2)) (SUCC (nat6)))

0 goal(s) more...

0 conjecture(s) more...
>>> simpl in goal(rank : 1)


1st goal of : forall (a:nat) (b:nat), natadd (a) (SUCC (b)) = SUCC (natadd (a) (b))
nat6 : nat
nat2 : nat
IH3 : forall (b:nat), natadd (nat2) (SUCC (b)) = SUCC (natadd (nat2) (b))
Inductive4 : a = SUCC (nat2)
IH7 : natadd (SUCC (nat2)) (SUCC (nat6)) = SUCC (natadd (SUCC (nat2)) (nat6))
Inductive8 : b = SUCC (nat6)
---------------------------------------
SUCC (SUCC (natadd (nat2) (SUCC (nat6)))) = SUCC (SUCC (SUCC (natadd (nat2) (nat6))))

0 goal(s) more...

0 conjecture(s) more...
=================================================
Progress: 30


1st goal of : forall (a:nat) (b:nat), natadd (a) (SUCC (b)) = SUCC (natadd (a) (b))
nat2 : nat
IH3 : forall (b:nat), natadd (nat2) (SUCC (b)) = SUCC (natadd (nat2) (b))
Inductive4 : a = SUCC (nat2)
---------------------------------------
SUCC (SUCC (natadd (nat2) (ZERO))) = SUCC (natadd (SUCC (nat2)) (ZERO))

1 goal(s) more...

0 conjecture(s) more...
>>> simpl in goal(rank : 1)


1st goal of : forall (a:nat) (b:nat), natadd (a) (SUCC (b)) = SUCC (natadd (a) (b))
nat2 : nat
IH3 : forall (b:nat), natadd (nat2) (SUCC (b)) = SUCC (natadd (nat2) (b))
Inductive4 : a = SUCC (nat2)
---------------------------------------
SUCC (SUCC (natadd (nat2) (ZERO))) = SUCC (SUCC (natadd (nat2) (ZERO)))

1 goal(s) more...

0 conjecture(s) more...
=================================================
Progress: 31


1st goal of : forall (a:nat) (b:nat), natadd (a) (SUCC (b)) = SUCC (natadd (a) (b))
nat2 : nat
IH3 : forall (b:nat), natadd (nat2) (SUCC (b)) = SUCC (natadd (nat2) (b))
Inductive4 : a = SUCC (nat2)
---------------------------------------
SUCC (SUCC (natadd (nat2) (ZERO))) = SUCC (SUCC (natadd (nat2) (ZERO)))

1 goal(s) more...

0 conjecture(s) more...
>>> reflexivity(rank : 0)


1st goal of : forall (a:nat) (b:nat), natadd (a) (SUCC (b)) = SUCC (natadd (a) (b))
nat6 : nat
nat2 : nat
IH3 : forall (b:nat), natadd (nat2) (SUCC (b)) = SUCC (natadd (nat2) (b))
Inductive4 : a = SUCC (nat2)
IH7 : SUCC (SUCC (natadd (nat2) (nat6))) = SUCC (natadd (SUCC (nat2)) (nat6))
Inductive8 : b = SUCC (nat6)
---------------------------------------
SUCC (SUCC (natadd (nat2) (SUCC (nat6)))) = SUCC (natadd (SUCC (nat2)) (SUCC (nat6)))

0 goal(s) more...

0 conjecture(s) more...
=================================================
Progress: 32


1st goal of : forall (a:nat) (b:nat), natadd (a) (SUCC (b)) = SUCC (natadd (a) (b))
nat2 : nat
IH3 : forall (b:nat), natadd (nat2) (SUCC (b)) = SUCC (natadd (nat2) (b))
Inductive4 : a = SUCC (nat2)
---------------------------------------
SUCC (SUCC (natadd (nat2) (ZERO))) = SUCC (natadd (SUCC (nat2)) (ZERO))

1 goal(s) more...

0 conjecture(s) more...
>>> rewrite <- IH3 in goal at 0(rank : 1)


1st goal of : forall (a:nat) (b:nat), natadd (a) (SUCC (b)) = SUCC (natadd (a) (b))
nat2 : nat
IH3 : forall (b:nat), natadd (nat2) (SUCC (b)) = SUCC (natadd (nat2) (b))
Inductive4 : a = SUCC (nat2)
---------------------------------------
SUCC (natadd (nat2) (SUCC (ZERO))) = SUCC (natadd (SUCC (nat2)) (ZERO))

1 goal(s) more...

0 conjecture(s) more...
=================================================
Progress: 33


1st goal of : forall (a:nat) (b:nat), natadd (a) (SUCC (b)) = SUCC (natadd (a) (b))
nat2 : nat
IH3 : forall (b:nat), natadd (nat2) (SUCC (b)) = SUCC (natadd (nat2) (b))
Inductive4 : a = SUCC (nat2)
---------------------------------------
forall (b:nat), SUCC (natadd (nat2) (SUCC (b))) = SUCC (natadd (SUCC (nat2)) (b))

0 goal(s) more...

0 conjecture(s) more...
>>> induction b(rank : 1)


1st goal of : forall (a:nat) (b:nat), natadd (a) (SUCC (b)) = SUCC (natadd (a) (b))
nat2 : nat
IH3 : forall (b:nat), natadd (nat2) (SUCC (b)) = SUCC (natadd (nat2) (b))
Inductive4 : a = SUCC (nat2)
---------------------------------------
SUCC (natadd (nat2) (SUCC (ZERO))) = SUCC (natadd (SUCC (nat2)) (ZERO))

1 goal(s) more...

0 conjecture(s) more...
=================================================
Progress: 34


1st goal of : forall (a:nat) (b:nat), natadd (a) (SUCC (b)) = SUCC (natadd (a) (b))
nat2 : nat
IH3 : forall (a:nat), natadd (a) (SUCC (nat2)) = SUCC (natadd (a) (nat2))
Inductive4 : b = SUCC (nat2)
---------------------------------------
forall (a:nat), natadd (a) (SUCC (SUCC (nat2))) = SUCC (natadd (a) (SUCC (nat2)))

0 goal(s) more...

0 conjecture(s) more...
>>> induction a(rank : 1)


1st goal of : forall (a:nat) (b:nat), natadd (a) (SUCC (b)) = SUCC (natadd (a) (b))
nat2 : nat
IH3 : forall (a:nat), natadd (a) (SUCC (nat2)) = SUCC (natadd (a) (nat2))
Inductive4 : b = SUCC (nat2)
---------------------------------------
natadd (ZERO) (SUCC (SUCC (nat2))) = SUCC (natadd (ZERO) (SUCC (nat2)))

1 goal(s) more...

0 conjecture(s) more...
=================================================
Progress: 35


1st goal of : forall (a:nat) (b:nat), natadd (a) (SUCC (b)) = SUCC (natadd (a) (b))
nat6 : nat
nat2 : nat
IH3 : forall (b:nat), natadd (nat2) (SUCC (b)) = SUCC (natadd (nat2) (b))
Inductive4 : a = SUCC (nat2)
IH7 : SUCC (SUCC (natadd (nat2) (nat6))) = SUCC (natadd (SUCC (nat2)) (nat6))
Inductive8 : b = SUCC (nat6)
---------------------------------------
natadd (SUCC (nat2)) (SUCC (SUCC (nat6))) = SUCC (natadd (SUCC (nat2)) (SUCC (nat6)))

0 goal(s) more...

0 conjecture(s) more...
>>> simpl in goal(rank : 1)


1st goal of : forall (a:nat) (b:nat), natadd (a) (SUCC (b)) = SUCC (natadd (a) (b))
nat6 : nat
nat2 : nat
IH3 : forall (b:nat), natadd (nat2) (SUCC (b)) = SUCC (natadd (nat2) (b))
Inductive4 : a = SUCC (nat2)
IH7 : SUCC (SUCC (natadd (nat2) (nat6))) = SUCC (natadd (SUCC (nat2)) (nat6))
Inductive8 : b = SUCC (nat6)
---------------------------------------
SUCC (SUCC (natadd (nat2) (SUCC (nat6)))) = SUCC (SUCC (SUCC (natadd (nat2) (nat6))))

0 goal(s) more...

0 conjecture(s) more...
=================================================
Progress: 36


1st goal of : forall (a:nat) (b:nat), natadd (a) (SUCC (b)) = SUCC (natadd (a) (b))
nat6 : nat
nat2 : nat
IH3 : forall (b:nat), natadd (nat2) (SUCC (b)) = SUCC (natadd (nat2) (b))
Inductive4 : a = SUCC (nat2)
IH7 : natadd (SUCC (nat2)) (SUCC (nat6)) = SUCC (natadd (SUCC (nat2)) (nat6))
Inductive8 : b = SUCC (nat6)
---------------------------------------
SUCC (SUCC (natadd (nat2) (SUCC (nat6)))) = SUCC (SUCC (SUCC (natadd (nat2) (nat6))))

0 goal(s) more...

0 conjecture(s) more...
>>> simpl in IH7(rank : 1)


1st goal of : forall (a:nat) (b:nat), natadd (a) (SUCC (b)) = SUCC (natadd (a) (b))
nat6 : nat
nat2 : nat
IH3 : forall (b:nat), natadd (nat2) (SUCC (b)) = SUCC (natadd (nat2) (b))
Inductive4 : a = SUCC (nat2)
IH7 : SUCC (SUCC (natadd (nat2) (nat6))) = SUCC (natadd (SUCC (nat2)) (nat6))
Inductive8 : b = SUCC (nat6)
---------------------------------------
SUCC (SUCC (natadd (nat2) (SUCC (nat6)))) = SUCC (SUCC (SUCC (natadd (nat2) (nat6))))

0 goal(s) more...

0 conjecture(s) more...
=================================================
Progress: 37


1st goal of : forall (a:nat) (b:nat), natadd (a) (SUCC (b)) = SUCC (natadd (a) (b))
nat6 : nat
nat2 : nat
IH3 : forall (b:nat), natadd (nat2) (SUCC (b)) = SUCC (natadd (nat2) (b))
Inductive4 : a = SUCC (nat2)
IH7 : natadd (SUCC (nat2)) (SUCC (nat6)) = SUCC (natadd (SUCC (nat2)) (nat6))
Inductive8 : b = SUCC (nat6)
---------------------------------------
SUCC (SUCC (natadd (nat2) (SUCC (nat6)))) = SUCC (SUCC (SUCC (natadd (nat2) (nat6))))

0 goal(s) more...

0 conjecture(s) more...
>>> rewrite IH3 in goal at 0(rank : 1)


1st goal of : forall (a:nat) (b:nat), natadd (a) (SUCC (b)) = SUCC (natadd (a) (b))
nat6 : nat
nat2 : nat
IH3 : forall (b:nat), natadd (nat2) (SUCC (b)) = SUCC (natadd (nat2) (b))
Inductive4 : a = SUCC (nat2)
IH7 : natadd (SUCC (nat2)) (SUCC (nat6)) = SUCC (natadd (SUCC (nat2)) (nat6))
Inductive8 : b = SUCC (nat6)
---------------------------------------
SUCC (SUCC (SUCC (natadd (nat2) (nat6)))) = SUCC (SUCC (SUCC (natadd (nat2) (nat6))))

0 goal(s) more...

0 conjecture(s) more...
=================================================
Progress: 38


1st goal of : forall (a:nat) (b:nat), natadd (a) (SUCC (b)) = SUCC (natadd (a) (b))
nat6 : nat
nat2 : nat
IH3 : forall (b:nat), natadd (nat2) (SUCC (b)) = SUCC (natadd (nat2) (b))
Inductive4 : a = SUCC (nat2)
IH7 : natadd (SUCC (nat2)) (SUCC (nat6)) = SUCC (natadd (SUCC (nat2)) (nat6))
Inductive8 : b = SUCC (nat6)
---------------------------------------
SUCC (SUCC (SUCC (natadd (nat2) (nat6)))) = SUCC (SUCC (SUCC (natadd (nat2) (nat6))))

0 goal(s) more...

0 conjecture(s) more...
>>> reflexivity(rank : 0)
Proof Success
Proof
assert forall (a:nat) (b:nat), natadd (a) (SUCC (b)) = SUCC (natadd (a) (b))
induction a
simpl in goal
reflexivity
induction b
simpl in goal
reflexivity
simpl in goal
rewrite IH3 in goal at 0
reflexivity
Qed
