Choose the proof type :
1) Interactive Mode 	 2) Auto Mode
Enter the goal : =================================================
Progress: 1


No conjecture
>>> assert forall (a:nat) (b:nat), natmul_ta1 (a) (b) = natmul (a) (b)(rank : 0)


1st goal of : forall (nat1:nat) (nat2:nat), natmul_ta1 (nat1) (nat2) = natmul (nat1) (nat2)

---------------------------------------
forall (nat1:nat) (nat2:nat), natmul_ta1 (nat1) (nat2) = natmul (nat1) (nat2)

0 goal(s) more...

0 conjecture(s) more...
Tactic List : 1
simpl in goal(rank:0)
=================================================
Progress: 2


1st goal of : forall (nat1:nat) (nat2:nat), natmul_ta1 (nat1) (nat2) = natmul (nat1) (nat2)

---------------------------------------
forall (nat1:nat) (nat2:nat), natmul_ta1 (nat1) (nat2) = natmul (nat1) (nat2)

0 goal(s) more...

0 conjecture(s) more...
>>> simpl in goal(rank : 0)


1st goal of : forall (nat1:nat) (nat2:nat), natmul_ta1 (nat1) (nat2) = natmul (nat1) (nat2)

---------------------------------------
forall (nat1:nat) (nat2:nat), natmul_ta1 (nat1) (nat2) = natmul_helper (nat1) (nat2) (ZERO)

0 goal(s) more...

0 conjecture(s) more...
Tactic List : 2
induction nat1(rank:0)
intro nat2(rank:1)
=================================================
Progress: 3


1st goal of : forall (nat1:nat) (nat2:nat), natmul_ta1 (nat1) (nat2) = natmul (nat1) (nat2)

---------------------------------------
forall (nat1:nat) (nat2:nat), natmul_ta1 (nat1) (nat2) = natmul_helper (nat1) (nat2) (ZERO)

0 goal(s) more...

0 conjecture(s) more...
>>> induction nat1(rank : 0)


1st goal of : forall (nat1:nat) (nat2:nat), natmul_ta1 (nat1) (nat2) = natmul (nat1) (nat2)
nat1 : nat
---------------------------------------
forall (nat2:nat), natmul_ta1 (ZERO) (nat2) = natmul_helper (ZERO) (nat2) (ZERO)

1 goal(s) more...

0 conjecture(s) more...
Tactic List : 1
simpl in goal(rank:0)
=================================================
Progress: 4


1st goal of : forall (nat1:nat) (nat2:nat), natmul_ta1 (nat1) (nat2) = natmul (nat1) (nat2)
nat1 : nat
---------------------------------------
forall (nat2:nat), natmul_ta1 (ZERO) (nat2) = natmul_helper (ZERO) (nat2) (ZERO)

1 goal(s) more...

0 conjecture(s) more...
>>> simpl in goal(rank : 0)


1st goal of : forall (nat1:nat) (nat2:nat), natmul_ta1 (nat1) (nat2) = natmul (nat1) (nat2)
nat1 : nat
---------------------------------------
forall (nat2:nat), ZERO = ZERO

1 goal(s) more...

0 conjecture(s) more...
Tactic List : 1
reflexivity(rank:0)
=================================================
Progress: 5


1st goal of : forall (nat1:nat) (nat2:nat), natmul_ta1 (nat1) (nat2) = natmul (nat1) (nat2)
nat1 : nat
---------------------------------------
forall (nat2:nat), ZERO = ZERO

1 goal(s) more...

0 conjecture(s) more...
>>> reflexivity(rank : 0)


1st goal of : forall (nat1:nat) (nat2:nat), natmul_ta1 (nat1) (nat2) = natmul (nat1) (nat2)
nat1 : nat
nat3 : nat
IH1 : forall (nat2:nat), natmul_ta1 (nat3) (nat2) = natmul_helper (nat3) (nat2) (ZERO)
Inductive1 : nat1 = SUCC (nat3)
---------------------------------------
forall (nat2:nat), natmul_ta1 (SUCC (nat3)) (nat2) = natmul_helper (SUCC (nat3)) (nat2) (ZERO)

0 goal(s) more...

0 conjecture(s) more...
Deduplication: 0
Tactic List : 1
simpl in goal(rank:0)
=================================================
Progress: 6


1st goal of : forall (nat1:nat) (nat2:nat), natmul_ta1 (nat1) (nat2) = natmul (nat1) (nat2)
nat1 : nat
nat3 : nat
IH1 : forall (nat2:nat), natmul_ta1 (nat3) (nat2) = natmul_helper (nat3) (nat2) (ZERO)
Inductive1 : nat1 = SUCC (nat3)
---------------------------------------
forall (nat2:nat), natmul_ta1 (SUCC (nat3)) (nat2) = natmul_helper (SUCC (nat3)) (nat2) (ZERO)

0 goal(s) more...

0 conjecture(s) more...
>>> simpl in goal(rank : 0)


1st goal of : forall (nat1:nat) (nat2:nat), natmul_ta1 (nat1) (nat2) = natmul (nat1) (nat2)
nat1 : nat
nat3 : nat
IH1 : forall (nat2:nat), natmul_ta1 (nat3) (nat2) = natmul_helper (nat3) (nat2) (ZERO)
Inductive1 : nat1 = SUCC (nat3)
---------------------------------------
forall (nat2:nat), natadd_ta1 (nat2) (natmul_ta1 (nat3) (nat2)) = natmul_helper (nat3) (nat2) (natadd (nat2) (ZERO))

0 goal(s) more...

0 conjecture(s) more...
Tactic List : 2
induction nat2(rank:0)
rewrite IH1 in goal at 0(rank:2)
=================================================
Progress: 7


1st goal of : forall (nat1:nat) (nat2:nat), natmul_ta1 (nat1) (nat2) = natmul (nat1) (nat2)
nat1 : nat
nat3 : nat
IH1 : forall (nat2:nat), natmul_ta1 (nat3) (nat2) = natmul_helper (nat3) (nat2) (ZERO)
Inductive1 : nat1 = SUCC (nat3)
---------------------------------------
forall (nat2:nat), natadd_ta1 (nat2) (natmul_ta1 (nat3) (nat2)) = natmul_helper (nat3) (nat2) (natadd (nat2) (ZERO))

0 goal(s) more...

0 conjecture(s) more...
>>> induction nat2(rank : 0)


1st goal of : forall (nat1:nat) (nat2:nat), natmul_ta1 (nat1) (nat2) = natmul (nat1) (nat2)
nat2 : nat
nat1 : nat
nat3 : nat
IH1 : forall (nat2:nat), natmul_ta1 (nat3) (nat2) = natmul_helper (nat3) (nat2) (ZERO)
Inductive1 : nat1 = SUCC (nat3)
---------------------------------------
natadd_ta1 (ZERO) (natmul_ta1 (nat3) (ZERO)) = natmul_helper (nat3) (ZERO) (natadd (ZERO) (ZERO))

1 goal(s) more...

0 conjecture(s) more...
Tactic List : 2
simpl in goal(rank:0)
rewrite IH1 in goal at 0(rank:2)
=================================================
Progress: 8


1st goal of : forall (nat1:nat) (nat2:nat), natmul_ta1 (nat1) (nat2) = natmul (nat1) (nat2)
nat2 : nat
nat1 : nat
nat3 : nat
IH1 : forall (nat2:nat), natmul_ta1 (nat3) (nat2) = natmul_helper (nat3) (nat2) (ZERO)
Inductive1 : nat1 = SUCC (nat3)
---------------------------------------
natadd_ta1 (ZERO) (natmul_ta1 (nat3) (ZERO)) = natmul_helper (nat3) (ZERO) (natadd (ZERO) (ZERO))

1 goal(s) more...

0 conjecture(s) more...
>>> simpl in goal(rank : 0)


1st goal of : forall (nat1:nat) (nat2:nat), natmul_ta1 (nat1) (nat2) = natmul (nat1) (nat2)
nat2 : nat
nat1 : nat
nat3 : nat
IH1 : forall (nat2:nat), natmul_ta1 (nat3) (nat2) = natmul_helper (nat3) (nat2) (ZERO)
Inductive1 : nat1 = SUCC (nat3)
---------------------------------------
natmul_ta1 (nat3) (ZERO) = natmul_helper (nat3) (ZERO) (ZERO)

1 goal(s) more...

0 conjecture(s) more...
Tactic List : 2
rewrite <- IH1 in goal at 0(rank:1)
rewrite IH1 in goal at 0(rank:1)
=================================================
Progress: 9


1st goal of : forall (nat1:nat) (nat2:nat), natmul_ta1 (nat1) (nat2) = natmul (nat1) (nat2)

---------------------------------------
forall (nat1:nat) (nat2:nat), natmul_ta1 (nat1) (nat2) = natmul_helper (nat1) (nat2) (ZERO)

0 goal(s) more...

0 conjecture(s) more...
>>> intro nat2(rank : 1)


1st goal of : forall (nat1:nat) (nat2:nat), natmul_ta1 (nat1) (nat2) = natmul (nat1) (nat2)
nat2 : nat
---------------------------------------
forall (nat1:nat), natmul_ta1 (nat1) (nat2) = natmul_helper (nat1) (nat2) (ZERO)

0 goal(s) more...

0 conjecture(s) more...
Tactic List : 1
induction nat1(rank:0)
=================================================
Progress: 10


1st goal of : forall (nat1:nat) (nat2:nat), natmul_ta1 (nat1) (nat2) = natmul (nat1) (nat2)
nat2 : nat
---------------------------------------
forall (nat1:nat), natmul_ta1 (nat1) (nat2) = natmul_helper (nat1) (nat2) (ZERO)

0 goal(s) more...

0 conjecture(s) more...
>>> induction nat1(rank : 0)


1st goal of : forall (nat1:nat) (nat2:nat), natmul_ta1 (nat1) (nat2) = natmul (nat1) (nat2)
nat1 : nat
nat2 : nat
---------------------------------------
natmul_ta1 (ZERO) (nat2) = natmul_helper (ZERO) (nat2) (ZERO)

1 goal(s) more...

0 conjecture(s) more...
Tactic List : 1
simpl in goal(rank:0)
=================================================
Progress: 11


1st goal of : forall (nat1:nat) (nat2:nat), natmul_ta1 (nat1) (nat2) = natmul (nat1) (nat2)
nat1 : nat
nat2 : nat
---------------------------------------
natmul_ta1 (ZERO) (nat2) = natmul_helper (ZERO) (nat2) (ZERO)

1 goal(s) more...

0 conjecture(s) more...
>>> simpl in goal(rank : 0)


1st goal of : forall (nat1:nat) (nat2:nat), natmul_ta1 (nat1) (nat2) = natmul (nat1) (nat2)
nat1 : nat
nat2 : nat
---------------------------------------
ZERO = ZERO

1 goal(s) more...

0 conjecture(s) more...
Tactic List : 1
reflexivity(rank:0)
=================================================
Progress: 12


1st goal of : forall (nat1:nat) (nat2:nat), natmul_ta1 (nat1) (nat2) = natmul (nat1) (nat2)
nat1 : nat
nat2 : nat
---------------------------------------
ZERO = ZERO

1 goal(s) more...

0 conjecture(s) more...
>>> reflexivity(rank : 0)


1st goal of : forall (nat1:nat) (nat2:nat), natmul_ta1 (nat1) (nat2) = natmul (nat1) (nat2)
nat1 : nat
nat3 : nat
nat2 : nat
IH1 : natmul_ta1 (nat3) (nat2) = natmul_helper (nat3) (nat2) (ZERO)
Inductive1 : nat1 = SUCC (nat3)
---------------------------------------
natmul_ta1 (SUCC (nat3)) (nat2) = natmul_helper (SUCC (nat3)) (nat2) (ZERO)

0 goal(s) more...

0 conjecture(s) more...
Deduplication: 0
Tactic List : 1
simpl in goal(rank:0)
=================================================
Progress: 13


1st goal of : forall (nat1:nat) (nat2:nat), natmul_ta1 (nat1) (nat2) = natmul (nat1) (nat2)
nat1 : nat
nat3 : nat
nat2 : nat
IH1 : natmul_ta1 (nat3) (nat2) = natmul_helper (nat3) (nat2) (ZERO)
Inductive1 : nat1 = SUCC (nat3)
---------------------------------------
natmul_ta1 (SUCC (nat3)) (nat2) = natmul_helper (SUCC (nat3)) (nat2) (ZERO)

0 goal(s) more...

0 conjecture(s) more...
>>> simpl in goal(rank : 0)


1st goal of : forall (nat1:nat) (nat2:nat), natmul_ta1 (nat1) (nat2) = natmul (nat1) (nat2)
nat1 : nat
nat3 : nat
nat2 : nat
IH1 : natmul_ta1 (nat3) (nat2) = natmul_helper (nat3) (nat2) (ZERO)
Inductive1 : nat1 = SUCC (nat3)
---------------------------------------
natadd_ta1 (nat2) (natmul_ta1 (nat3) (nat2)) = natmul_helper (nat3) (nat2) (natadd (nat2) (ZERO))

0 goal(s) more...

0 conjecture(s) more...
Tactic List : 1
rewrite IH1 in goal at 0(rank:2)
=================================================
Progress: 14


1st goal of : forall (nat1:nat) (nat2:nat), natmul_ta1 (nat1) (nat2) = natmul (nat1) (nat2)
nat2 : nat
nat1 : nat
nat3 : nat
IH1 : forall (nat2:nat), natmul_ta1 (nat3) (nat2) = natmul_helper (nat3) (nat2) (ZERO)
Inductive1 : nat1 = SUCC (nat3)
---------------------------------------
natmul_ta1 (nat3) (ZERO) = natmul_helper (nat3) (ZERO) (ZERO)

1 goal(s) more...

0 conjecture(s) more...
>>> rewrite <- IH1 in goal at 0(rank : 1)


1st goal of : forall (nat1:nat) (nat2:nat), natmul_ta1 (nat1) (nat2) = natmul (nat1) (nat2)
nat2 : nat
nat1 : nat
nat3 : nat
IH1 : forall (nat2:nat), natmul_ta1 (nat3) (nat2) = natmul_helper (nat3) (nat2) (ZERO)
Inductive1 : nat1 = SUCC (nat3)
---------------------------------------
natmul_ta1 (nat3) (ZERO) = natmul_ta1 (nat3) (ZERO)

1 goal(s) more...

0 conjecture(s) more...
Tactic List : 1
reflexivity(rank:0)
=================================================
Progress: 15


1st goal of : forall (nat1:nat) (nat2:nat), natmul_ta1 (nat1) (nat2) = natmul (nat1) (nat2)
nat2 : nat
nat1 : nat
nat3 : nat
IH1 : forall (nat2:nat), natmul_ta1 (nat3) (nat2) = natmul_helper (nat3) (nat2) (ZERO)
Inductive1 : nat1 = SUCC (nat3)
---------------------------------------
natmul_ta1 (nat3) (ZERO) = natmul_ta1 (nat3) (ZERO)

1 goal(s) more...

0 conjecture(s) more...
>>> reflexivity(rank : 0)


1st goal of : forall (nat1:nat) (nat2:nat), natmul_ta1 (nat1) (nat2) = natmul (nat1) (nat2)
nat2 : nat
nat4 : nat
nat1 : nat
nat3 : nat
IH1 : forall (nat2:nat), natmul_ta1 (nat3) (nat2) = natmul_helper (nat3) (nat2) (ZERO)
Inductive1 : nat1 = SUCC (nat3)
IH2 : natadd_ta1 (nat4) (natmul_ta1 (nat3) (nat4)) = natmul_helper (nat3) (nat4) (natadd (nat4) (ZERO))
Inductive2 : nat2 = SUCC (nat4)
---------------------------------------
natadd_ta1 (SUCC (nat4)) (natmul_ta1 (nat3) (SUCC (nat4))) = natmul_helper (nat3) (SUCC (nat4)) (natadd (SUCC (nat4)) (ZERO))

0 goal(s) more...

0 conjecture(s) more...
Deduplication: 2
Tactic List : 2
simpl in goal(rank:0)
rewrite IH1 in goal at 0(rank:1)
=================================================
Progress: 16


1st goal of : forall (nat1:nat) (nat2:nat), natmul_ta1 (nat1) (nat2) = natmul (nat1) (nat2)
nat2 : nat
nat4 : nat
nat1 : nat
nat3 : nat
IH1 : forall (nat2:nat), natmul_ta1 (nat3) (nat2) = natmul_helper (nat3) (nat2) (ZERO)
Inductive1 : nat1 = SUCC (nat3)
IH2 : natadd_ta1 (nat4) (natmul_ta1 (nat3) (nat4)) = natmul_helper (nat3) (nat4) (natadd (nat4) (ZERO))
Inductive2 : nat2 = SUCC (nat4)
---------------------------------------
natadd_ta1 (SUCC (nat4)) (natmul_ta1 (nat3) (SUCC (nat4))) = natmul_helper (nat3) (SUCC (nat4)) (natadd (SUCC (nat4)) (ZERO))

0 goal(s) more...

0 conjecture(s) more...
>>> simpl in goal(rank : 0)


1st goal of : forall (nat1:nat) (nat2:nat), natmul_ta1 (nat1) (nat2) = natmul (nat1) (nat2)
nat2 : nat
nat4 : nat
nat1 : nat
nat3 : nat
IH1 : forall (nat2:nat), natmul_ta1 (nat3) (nat2) = natmul_helper (nat3) (nat2) (ZERO)
Inductive1 : nat1 = SUCC (nat3)
IH2 : natadd_ta1 (nat4) (natmul_ta1 (nat3) (nat4)) = natmul_helper (nat3) (nat4) (natadd (nat4) (ZERO))
Inductive2 : nat2 = SUCC (nat4)
---------------------------------------
SUCC (natadd_ta1 (nat4) (natmul_ta1 (nat3) (SUCC (nat4)))) = natmul_helper (nat3) (SUCC (nat4)) (natadd (nat4) (SUCC (ZERO)))

0 goal(s) more...

0 conjecture(s) more...
Tactic List : 1
rewrite IH1 in goal at 0(rank:2)
=================================================
Progress: 17


1st goal of : forall (nat1:nat) (nat2:nat), natmul_ta1 (nat1) (nat2) = natmul (nat1) (nat2)
nat2 : nat
nat4 : nat
nat1 : nat
nat3 : nat
IH1 : forall (nat2:nat), natmul_ta1 (nat3) (nat2) = natmul_helper (nat3) (nat2) (ZERO)
Inductive1 : nat1 = SUCC (nat3)
IH2 : natadd_ta1 (nat4) (natmul_ta1 (nat3) (nat4)) = natmul_helper (nat3) (nat4) (natadd (nat4) (ZERO))
Inductive2 : nat2 = SUCC (nat4)
---------------------------------------
natadd_ta1 (SUCC (nat4)) (natmul_ta1 (nat3) (SUCC (nat4))) = natmul_helper (nat3) (SUCC (nat4)) (natadd (SUCC (nat4)) (ZERO))

0 goal(s) more...

0 conjecture(s) more...
>>> rewrite IH1 in goal at 0(rank : 1)


1st goal of : forall (nat1:nat) (nat2:nat), natmul_ta1 (nat1) (nat2) = natmul (nat1) (nat2)
nat2 : nat
nat4 : nat
nat1 : nat
nat3 : nat
IH1 : forall (nat2:nat), natmul_ta1 (nat3) (nat2) = natmul_helper (nat3) (nat2) (ZERO)
Inductive1 : nat1 = SUCC (nat3)
IH2 : natadd_ta1 (nat4) (natmul_ta1 (nat3) (nat4)) = natmul_helper (nat3) (nat4) (natadd (nat4) (ZERO))
Inductive2 : nat2 = SUCC (nat4)
---------------------------------------
natadd_ta1 (SUCC (nat4)) (natmul_helper (nat3) (SUCC (nat4)) (ZERO)) = natmul_helper (nat3) (SUCC (nat4)) (natadd (SUCC (nat4)) (ZERO))

0 goal(s) more...

0 conjecture(s) more...
Tactic List : 0


1st goal of : any
nat4 : nat
---------------------------------------
forall (nat3:nat), natadd_ta1 (SUCC (nat4)) (natmul_helper (nat3) (SUCC (nat4)) (ZERO)) = natmul_helper (nat3) (SUCC (nat4)) (natadd (SUCC (nat4)) (ZERO))

0 goal(s) more...

0 conjecture(s) more...
previous tactics


1st goal of : any
nat4 : nat
---------------------------------------
forall (nat3:nat), nat3 = SUCC (nat3) -> natadd_ta1 (SUCC (nat4)) (natmul_helper (SUCC (nat3)) (SUCC (nat4)) (ZERO)) = natmul_helper (SUCC (nat3)) (SUCC (nat4)) (natadd (SUCC (nat4)) (ZERO))

0 goal(s) more...

0 conjecture(s) more...
previous tactics
state_list
natadd_ta1 (SUCC (nat4)) (natmul_helper (nat3) (SUCC (nat4)) (ZERO)) = natmul_helper (nat3) (SUCC (nat4)) (natadd (SUCC (nat4)) (ZERO))
natadd_ta1 (SUCC (nat4)) (natmul_helper (SUCC (nat3)) (SUCC (nat4)) (ZERO)) = natmul_helper (SUCC (nat3)) (SUCC (nat4)) (natadd (SUCC (nat4)) (ZERO))
natadd_ta1 (SUCC (nat4)) (natmul_helper (SUCC (SUCC (nat3))) (SUCC (nat4)) (ZERO)) = natmul_helper (SUCC (SUCC (nat3))) (SUCC (nat4)) (natadd (SUCC (nat4)) (ZERO))
lhs_common_subtree
rhs_common_subtree
New Env

;;
Advanced Generalize
Assert List
forall (nat3:nat) (nat4:nat), natadd_ta1 (SUCC (nat4)) (natmul_helper (nat3) (SUCC (nat4)) (ZERO)) = natmul_helper (nat3) (SUCC (nat4)) (natadd (SUCC (nat4)) (ZERO))
End of Assert List
=================================================
Progress: 18


1st goal of : forall (nat1:nat) (nat2:nat), natmul_ta1 (nat1) (nat2) = natmul (nat1) (nat2)
nat2 : nat
nat4 : nat
nat1 : nat
nat3 : nat
IH1 : forall (nat2:nat), natmul_ta1 (nat3) (nat2) = natmul_helper (nat3) (nat2) (ZERO)
Inductive1 : nat1 = SUCC (nat3)
IH2 : natadd_ta1 (nat4) (natmul_ta1 (nat3) (nat4)) = natmul_helper (nat3) (nat4) (natadd (nat4) (ZERO))
Inductive2 : nat2 = SUCC (nat4)
---------------------------------------
natadd_ta1 (SUCC (nat4)) (natmul_ta1 (nat3) (SUCC (nat4))) = natmul_helper (nat3) (SUCC (nat4)) (natadd (SUCC (nat4)) (ZERO))

0 goal(s) more...

0 conjecture(s) more...
>>> assert forall (nat3:nat) (nat4:nat), natadd_ta1 (SUCC (nat4)) (natmul_helper (nat3) (SUCC (nat4)) (ZERO)) = natmul_helper (nat3) (SUCC (nat4)) (natadd (SUCC (nat4)) (ZERO))(rank : 0)


1st goal of : forall (nat1:nat) (nat2:nat), natadd_ta1 (SUCC (nat2)) (natmul_helper (nat1) (SUCC (nat2)) (ZERO)) = natmul_helper (nat1) (SUCC (nat2)) (natadd (SUCC (nat2)) (ZERO))

---------------------------------------
forall (nat1:nat) (nat2:nat), natadd_ta1 (SUCC (nat2)) (natmul_helper (nat1) (SUCC (nat2)) (ZERO)) = natmul_helper (nat1) (SUCC (nat2)) (natadd (SUCC (nat2)) (ZERO))

0 goal(s) more...

1 conjecture(s) more...
Tactic List : 1
simpl in goal(rank:0)
=================================================
Progress: 19


1st goal of : forall (nat1:nat) (nat2:nat), natadd_ta1 (SUCC (nat2)) (natmul_helper (nat1) (SUCC (nat2)) (ZERO)) = natmul_helper (nat1) (SUCC (nat2)) (natadd (SUCC (nat2)) (ZERO))

---------------------------------------
forall (nat1:nat) (nat2:nat), natadd_ta1 (SUCC (nat2)) (natmul_helper (nat1) (SUCC (nat2)) (ZERO)) = natmul_helper (nat1) (SUCC (nat2)) (natadd (SUCC (nat2)) (ZERO))

0 goal(s) more...

1 conjecture(s) more...
>>> simpl in goal(rank : 0)


1st goal of : forall (nat1:nat) (nat2:nat), natadd_ta1 (SUCC (nat2)) (natmul_helper (nat1) (SUCC (nat2)) (ZERO)) = natmul_helper (nat1) (SUCC (nat2)) (natadd (SUCC (nat2)) (ZERO))

---------------------------------------
forall (nat1:nat) (nat2:nat), SUCC (natadd_ta1 (nat2) (natmul_helper (nat1) (SUCC (nat2)) (ZERO))) = natmul_helper (nat1) (SUCC (nat2)) (natadd (nat2) (SUCC (ZERO)))

0 goal(s) more...

1 conjecture(s) more...
Tactic List : 2
induction nat2(rank:0)
induction nat1(rank:0)
=================================================
Progress: 20


1st goal of : forall (nat1:nat) (nat2:nat), natadd_ta1 (SUCC (nat2)) (natmul_helper (nat1) (SUCC (nat2)) (ZERO)) = natmul_helper (nat1) (SUCC (nat2)) (natadd (SUCC (nat2)) (ZERO))

---------------------------------------
forall (nat1:nat) (nat2:nat), SUCC (natadd_ta1 (nat2) (natmul_helper (nat1) (SUCC (nat2)) (ZERO))) = natmul_helper (nat1) (SUCC (nat2)) (natadd (nat2) (SUCC (ZERO)))

0 goal(s) more...

1 conjecture(s) more...
>>> induction nat2(rank : 0)


1st goal of : forall (nat1:nat) (nat2:nat), natadd_ta1 (SUCC (nat2)) (natmul_helper (nat1) (SUCC (nat2)) (ZERO)) = natmul_helper (nat1) (SUCC (nat2)) (natadd (SUCC (nat2)) (ZERO))
nat2 : nat
---------------------------------------
forall (nat1:nat), SUCC (natadd_ta1 (ZERO) (natmul_helper (nat1) (SUCC (ZERO)) (ZERO))) = natmul_helper (nat1) (SUCC (ZERO)) (natadd (ZERO) (SUCC (ZERO)))

1 goal(s) more...

1 conjecture(s) more...
Tactic List : 1
simpl in goal(rank:0)
=================================================
Progress: 21


1st goal of : forall (nat1:nat) (nat2:nat), natadd_ta1 (SUCC (nat2)) (natmul_helper (nat1) (SUCC (nat2)) (ZERO)) = natmul_helper (nat1) (SUCC (nat2)) (natadd (SUCC (nat2)) (ZERO))

---------------------------------------
forall (nat1:nat) (nat2:nat), SUCC (natadd_ta1 (nat2) (natmul_helper (nat1) (SUCC (nat2)) (ZERO))) = natmul_helper (nat1) (SUCC (nat2)) (natadd (nat2) (SUCC (ZERO)))

0 goal(s) more...

1 conjecture(s) more...
>>> induction nat1(rank : 0)


1st goal of : forall (nat1:nat) (nat2:nat), natadd_ta1 (SUCC (nat2)) (natmul_helper (nat1) (SUCC (nat2)) (ZERO)) = natmul_helper (nat1) (SUCC (nat2)) (natadd (SUCC (nat2)) (ZERO))
nat1 : nat
---------------------------------------
forall (nat2:nat), SUCC (natadd_ta1 (nat2) (natmul_helper (ZERO) (SUCC (nat2)) (ZERO))) = natmul_helper (ZERO) (SUCC (nat2)) (natadd (nat2) (SUCC (ZERO)))

1 goal(s) more...

1 conjecture(s) more...
Tactic List : 1
simpl in goal(rank:0)
=================================================
Progress: 22


1st goal of : forall (nat1:nat) (nat2:nat), natadd_ta1 (SUCC (nat2)) (natmul_helper (nat1) (SUCC (nat2)) (ZERO)) = natmul_helper (nat1) (SUCC (nat2)) (natadd (SUCC (nat2)) (ZERO))
nat2 : nat
---------------------------------------
forall (nat1:nat), SUCC (natadd_ta1 (ZERO) (natmul_helper (nat1) (SUCC (ZERO)) (ZERO))) = natmul_helper (nat1) (SUCC (ZERO)) (natadd (ZERO) (SUCC (ZERO)))

1 goal(s) more...

1 conjecture(s) more...
>>> simpl in goal(rank : 0)


1st goal of : forall (nat1:nat) (nat2:nat), natadd_ta1 (SUCC (nat2)) (natmul_helper (nat1) (SUCC (nat2)) (ZERO)) = natmul_helper (nat1) (SUCC (nat2)) (natadd (SUCC (nat2)) (ZERO))
nat2 : nat
---------------------------------------
forall (nat1:nat), SUCC (natmul_helper (nat1) (SUCC (ZERO)) (ZERO)) = natmul_helper (nat1) (SUCC (ZERO)) (SUCC (ZERO))

1 goal(s) more...

1 conjecture(s) more...
Tactic List : 1
induction nat1(rank:0)
=================================================
Progress: 23


1st goal of : forall (nat1:nat) (nat2:nat), natadd_ta1 (SUCC (nat2)) (natmul_helper (nat1) (SUCC (nat2)) (ZERO)) = natmul_helper (nat1) (SUCC (nat2)) (natadd (SUCC (nat2)) (ZERO))
nat1 : nat
---------------------------------------
forall (nat2:nat), SUCC (natadd_ta1 (nat2) (natmul_helper (ZERO) (SUCC (nat2)) (ZERO))) = natmul_helper (ZERO) (SUCC (nat2)) (natadd (nat2) (SUCC (ZERO)))

1 goal(s) more...

1 conjecture(s) more...
>>> simpl in goal(rank : 0)


1st goal of : forall (nat1:nat) (nat2:nat), natadd_ta1 (SUCC (nat2)) (natmul_helper (nat1) (SUCC (nat2)) (ZERO)) = natmul_helper (nat1) (SUCC (nat2)) (natadd (SUCC (nat2)) (ZERO))
nat1 : nat
---------------------------------------
forall (nat2:nat), SUCC (natadd_ta1 (nat2) (ZERO)) = natadd (nat2) (SUCC (ZERO))

1 goal(s) more...

1 conjecture(s) more...
Tactic List : 1
induction nat2(rank:0)
=================================================
Progress: 24


1st goal of : forall (nat1:nat) (nat2:nat), natadd_ta1 (SUCC (nat2)) (natmul_helper (nat1) (SUCC (nat2)) (ZERO)) = natmul_helper (nat1) (SUCC (nat2)) (natadd (SUCC (nat2)) (ZERO))
nat2 : nat
---------------------------------------
forall (nat1:nat), SUCC (natmul_helper (nat1) (SUCC (ZERO)) (ZERO)) = natmul_helper (nat1) (SUCC (ZERO)) (SUCC (ZERO))

1 goal(s) more...

1 conjecture(s) more...
>>> induction nat1(rank : 0)


1st goal of : forall (nat1:nat) (nat2:nat), natadd_ta1 (SUCC (nat2)) (natmul_helper (nat1) (SUCC (nat2)) (ZERO)) = natmul_helper (nat1) (SUCC (nat2)) (natadd (SUCC (nat2)) (ZERO))
nat1 : nat
nat2 : nat
---------------------------------------
SUCC (natmul_helper (ZERO) (SUCC (ZERO)) (ZERO)) = natmul_helper (ZERO) (SUCC (ZERO)) (SUCC (ZERO))

2 goal(s) more...

1 conjecture(s) more...
Tactic List : 1
simpl in goal(rank:0)
=================================================
Progress: 25


1st goal of : forall (nat1:nat) (nat2:nat), natadd_ta1 (SUCC (nat2)) (natmul_helper (nat1) (SUCC (nat2)) (ZERO)) = natmul_helper (nat1) (SUCC (nat2)) (natadd (SUCC (nat2)) (ZERO))
nat1 : nat
---------------------------------------
forall (nat2:nat), SUCC (natadd_ta1 (nat2) (ZERO)) = natadd (nat2) (SUCC (ZERO))

1 goal(s) more...

1 conjecture(s) more...
>>> induction nat2(rank : 0)


1st goal of : forall (nat1:nat) (nat2:nat), natadd_ta1 (SUCC (nat2)) (natmul_helper (nat1) (SUCC (nat2)) (ZERO)) = natmul_helper (nat1) (SUCC (nat2)) (natadd (SUCC (nat2)) (ZERO))
nat2 : nat
nat1 : nat
---------------------------------------
SUCC (natadd_ta1 (ZERO) (ZERO)) = natadd (ZERO) (SUCC (ZERO))

2 goal(s) more...

1 conjecture(s) more...
Tactic List : 1
simpl in goal(rank:0)
=================================================
Progress: 26


1st goal of : forall (nat1:nat) (nat2:nat), natadd_ta1 (SUCC (nat2)) (natmul_helper (nat1) (SUCC (nat2)) (ZERO)) = natmul_helper (nat1) (SUCC (nat2)) (natadd (SUCC (nat2)) (ZERO))
nat1 : nat
nat2 : nat
---------------------------------------
SUCC (natmul_helper (ZERO) (SUCC (ZERO)) (ZERO)) = natmul_helper (ZERO) (SUCC (ZERO)) (SUCC (ZERO))

2 goal(s) more...

1 conjecture(s) more...
>>> simpl in goal(rank : 0)


1st goal of : forall (nat1:nat) (nat2:nat), natadd_ta1 (SUCC (nat2)) (natmul_helper (nat1) (SUCC (nat2)) (ZERO)) = natmul_helper (nat1) (SUCC (nat2)) (natadd (SUCC (nat2)) (ZERO))
nat1 : nat
nat2 : nat
---------------------------------------
SUCC (ZERO) = SUCC (ZERO)

2 goal(s) more...

1 conjecture(s) more...
Tactic List : 1
reflexivity(rank:0)
=================================================
Progress: 27


1st goal of : forall (nat1:nat) (nat2:nat), natadd_ta1 (SUCC (nat2)) (natmul_helper (nat1) (SUCC (nat2)) (ZERO)) = natmul_helper (nat1) (SUCC (nat2)) (natadd (SUCC (nat2)) (ZERO))
nat2 : nat
nat1 : nat
---------------------------------------
SUCC (natadd_ta1 (ZERO) (ZERO)) = natadd (ZERO) (SUCC (ZERO))

2 goal(s) more...

1 conjecture(s) more...
>>> simpl in goal(rank : 0)


1st goal of : forall (nat1:nat) (nat2:nat), natadd_ta1 (SUCC (nat2)) (natmul_helper (nat1) (SUCC (nat2)) (ZERO)) = natmul_helper (nat1) (SUCC (nat2)) (natadd (SUCC (nat2)) (ZERO))
nat2 : nat
nat1 : nat
---------------------------------------
SUCC (ZERO) = SUCC (ZERO)

2 goal(s) more...

1 conjecture(s) more...
Tactic List : 1
reflexivity(rank:0)
=================================================
Progress: 28


1st goal of : forall (nat1:nat) (nat2:nat), natadd_ta1 (SUCC (nat2)) (natmul_helper (nat1) (SUCC (nat2)) (ZERO)) = natmul_helper (nat1) (SUCC (nat2)) (natadd (SUCC (nat2)) (ZERO))
nat1 : nat
nat2 : nat
---------------------------------------
SUCC (ZERO) = SUCC (ZERO)

2 goal(s) more...

1 conjecture(s) more...
>>> reflexivity(rank : 0)


1st goal of : forall (nat1:nat) (nat2:nat), natadd_ta1 (SUCC (nat2)) (natmul_helper (nat1) (SUCC (nat2)) (ZERO)) = natmul_helper (nat1) (SUCC (nat2)) (natadd (SUCC (nat2)) (ZERO))
nat1 : nat
nat3 : nat
nat2 : nat
IH1 : SUCC (natmul_helper (nat3) (SUCC (ZERO)) (ZERO)) = natmul_helper (nat3) (SUCC (ZERO)) (SUCC (ZERO))
Inductive1 : nat1 = SUCC (nat3)
---------------------------------------
SUCC (natmul_helper (SUCC (nat3)) (SUCC (ZERO)) (ZERO)) = natmul_helper (SUCC (nat3)) (SUCC (ZERO)) (SUCC (ZERO))

1 goal(s) more...

1 conjecture(s) more...
Deduplication: 0
Tactic List : 1
simpl in goal(rank:0)
=================================================
Progress: 29


1st goal of : forall (nat1:nat) (nat2:nat), natadd_ta1 (SUCC (nat2)) (natmul_helper (nat1) (SUCC (nat2)) (ZERO)) = natmul_helper (nat1) (SUCC (nat2)) (natadd (SUCC (nat2)) (ZERO))
nat1 : nat
nat3 : nat
nat2 : nat
IH1 : SUCC (natmul_helper (nat3) (SUCC (ZERO)) (ZERO)) = natmul_helper (nat3) (SUCC (ZERO)) (SUCC (ZERO))
Inductive1 : nat1 = SUCC (nat3)
---------------------------------------
SUCC (natmul_helper (SUCC (nat3)) (SUCC (ZERO)) (ZERO)) = natmul_helper (SUCC (nat3)) (SUCC (ZERO)) (SUCC (ZERO))

1 goal(s) more...

1 conjecture(s) more...
>>> simpl in goal(rank : 0)


1st goal of : forall (nat1:nat) (nat2:nat), natadd_ta1 (SUCC (nat2)) (natmul_helper (nat1) (SUCC (nat2)) (ZERO)) = natmul_helper (nat1) (SUCC (nat2)) (natadd (SUCC (nat2)) (ZERO))
nat1 : nat
nat3 : nat
nat2 : nat
IH1 : SUCC (natmul_helper (nat3) (SUCC (ZERO)) (ZERO)) = natmul_helper (nat3) (SUCC (ZERO)) (SUCC (ZERO))
Inductive1 : nat1 = SUCC (nat3)
---------------------------------------
SUCC (natmul_helper (nat3) (SUCC (ZERO)) (SUCC (ZERO))) = natmul_helper (nat3) (SUCC (ZERO)) (SUCC (SUCC (ZERO)))

1 goal(s) more...

1 conjecture(s) more...
Tactic List : 1
rewrite <- IH1 in goal at 0(rank:2)
=================================================
Progress: 30


1st goal of : forall (nat1:nat) (nat2:nat), natadd_ta1 (SUCC (nat2)) (natmul_helper (nat1) (SUCC (nat2)) (ZERO)) = natmul_helper (nat1) (SUCC (nat2)) (natadd (SUCC (nat2)) (ZERO))
nat2 : nat
nat1 : nat
---------------------------------------
SUCC (ZERO) = SUCC (ZERO)

2 goal(s) more...

1 conjecture(s) more...
>>> reflexivity(rank : 0)


1st goal of : forall (nat1:nat) (nat2:nat), natadd_ta1 (SUCC (nat2)) (natmul_helper (nat1) (SUCC (nat2)) (ZERO)) = natmul_helper (nat1) (SUCC (nat2)) (natadd (SUCC (nat2)) (ZERO))
nat2 : nat
nat3 : nat
nat1 : nat
IH1 : SUCC (natadd_ta1 (nat3) (ZERO)) = natadd (nat3) (SUCC (ZERO))
Inductive1 : nat2 = SUCC (nat3)
---------------------------------------
SUCC (natadd_ta1 (SUCC (nat3)) (ZERO)) = natadd (SUCC (nat3)) (SUCC (ZERO))

1 goal(s) more...

1 conjecture(s) more...
Deduplication: 0
Tactic List : 1
simpl in goal(rank:0)
=================================================
Progress: 31


1st goal of : forall (nat1:nat) (nat2:nat), natadd_ta1 (SUCC (nat2)) (natmul_helper (nat1) (SUCC (nat2)) (ZERO)) = natmul_helper (nat1) (SUCC (nat2)) (natadd (SUCC (nat2)) (ZERO))
nat2 : nat
nat3 : nat
nat1 : nat
IH1 : SUCC (natadd_ta1 (nat3) (ZERO)) = natadd (nat3) (SUCC (ZERO))
Inductive1 : nat2 = SUCC (nat3)
---------------------------------------
SUCC (natadd_ta1 (SUCC (nat3)) (ZERO)) = natadd (SUCC (nat3)) (SUCC (ZERO))

1 goal(s) more...

1 conjecture(s) more...
>>> simpl in goal(rank : 0)


1st goal of : forall (nat1:nat) (nat2:nat), natadd_ta1 (SUCC (nat2)) (natmul_helper (nat1) (SUCC (nat2)) (ZERO)) = natmul_helper (nat1) (SUCC (nat2)) (natadd (SUCC (nat2)) (ZERO))
nat2 : nat
nat3 : nat
nat1 : nat
IH1 : SUCC (natadd_ta1 (nat3) (ZERO)) = natadd (nat3) (SUCC (ZERO))
Inductive1 : nat2 = SUCC (nat3)
---------------------------------------
SUCC (SUCC (natadd_ta1 (nat3) (ZERO))) = natadd (nat3) (SUCC (SUCC (ZERO)))

1 goal(s) more...

1 conjecture(s) more...
Tactic List : 1
rewrite IH1 in goal at 0(rank:1)
=================================================
Progress: 32


1st goal of : forall (nat1:nat) (nat2:nat), natadd_ta1 (SUCC (nat2)) (natmul_helper (nat1) (SUCC (nat2)) (ZERO)) = natmul_helper (nat1) (SUCC (nat2)) (natadd (SUCC (nat2)) (ZERO))
nat2 : nat
nat3 : nat
nat1 : nat
IH1 : SUCC (natadd_ta1 (nat3) (ZERO)) = natadd (nat3) (SUCC (ZERO))
Inductive1 : nat2 = SUCC (nat3)
---------------------------------------
SUCC (SUCC (natadd_ta1 (nat3) (ZERO))) = natadd (nat3) (SUCC (SUCC (ZERO)))

1 goal(s) more...

1 conjecture(s) more...
>>> rewrite IH1 in goal at 0(rank : 1)


1st goal of : forall (nat1:nat) (nat2:nat), natadd_ta1 (SUCC (nat2)) (natmul_helper (nat1) (SUCC (nat2)) (ZERO)) = natmul_helper (nat1) (SUCC (nat2)) (natadd (SUCC (nat2)) (ZERO))
nat2 : nat
nat3 : nat
nat1 : nat
IH1 : SUCC (natadd_ta1 (nat3) (ZERO)) = natadd (nat3) (SUCC (ZERO))
Inductive1 : nat2 = SUCC (nat3)
---------------------------------------
SUCC (natadd (nat3) (SUCC (ZERO))) = natadd (nat3) (SUCC (SUCC (ZERO)))

1 goal(s) more...

1 conjecture(s) more...
Tactic List : 0


1st goal of : any

---------------------------------------
forall (nat3:nat), SUCC (natadd (nat3) (SUCC (ZERO))) = natadd (nat3) (SUCC (SUCC (ZERO)))

0 goal(s) more...

0 conjecture(s) more...
previous tactics


1st goal of : any

---------------------------------------
forall (nat2:nat), SUCC (natadd (nat2) (SUCC (SUCC (ZERO)))) = natadd (nat2) (SUCC (SUCC (SUCC (ZERO))))

0 goal(s) more...

0 conjecture(s) more...
previous tactics
state_list
SUCC (natadd (nat3) (SUCC (ZERO))) = natadd (nat3) (SUCC (SUCC (ZERO)))
SUCC (natadd (nat2) (SUCC (SUCC (ZERO)))) = natadd (nat2) (SUCC (SUCC (SUCC (ZERO))))
SUCC (natadd (nat2) (SUCC (SUCC (SUCC (ZERO))))) = natadd (nat2) (SUCC (SUCC (SUCC (SUCC (ZERO)))))
lhs_common_subtree
rhs_common_subtree
New Env

;;
Advanced Generalize
Assert List
forall (nat3:nat), SUCC (natadd (nat3) (SUCC (ZERO))) = natadd (nat3) (SUCC (SUCC (ZERO)))
End of Assert List
=================================================
Progress: 33


1st goal of : forall (nat1:nat) (nat2:nat), natadd_ta1 (SUCC (nat2)) (natmul_helper (nat1) (SUCC (nat2)) (ZERO)) = natmul_helper (nat1) (SUCC (nat2)) (natadd (SUCC (nat2)) (ZERO))
nat2 : nat
nat3 : nat
nat1 : nat
IH1 : SUCC (natadd_ta1 (nat3) (ZERO)) = natadd (nat3) (SUCC (ZERO))
Inductive1 : nat2 = SUCC (nat3)
---------------------------------------
SUCC (SUCC (natadd_ta1 (nat3) (ZERO))) = natadd (nat3) (SUCC (SUCC (ZERO)))

1 goal(s) more...

1 conjecture(s) more...
>>> assert forall (nat3:nat), SUCC (natadd (nat3) (SUCC (ZERO))) = natadd (nat3) (SUCC (SUCC (ZERO)))(rank : 0)


1st goal of : forall (nat1:nat), SUCC (natadd (nat1) (SUCC (ZERO))) = natadd (nat1) (SUCC (SUCC (ZERO)))

---------------------------------------
forall (nat1:nat), SUCC (natadd (nat1) (SUCC (ZERO))) = natadd (nat1) (SUCC (SUCC (ZERO)))

0 goal(s) more...

2 conjecture(s) more...
Tactic List : 1
induction nat1(rank:0)
=================================================
Progress: 34


1st goal of : forall (nat1:nat), SUCC (natadd (nat1) (SUCC (ZERO))) = natadd (nat1) (SUCC (SUCC (ZERO)))

---------------------------------------
forall (nat1:nat), SUCC (natadd (nat1) (SUCC (ZERO))) = natadd (nat1) (SUCC (SUCC (ZERO)))

0 goal(s) more...

2 conjecture(s) more...
>>> induction nat1(rank : 0)


1st goal of : forall (nat1:nat), SUCC (natadd (nat1) (SUCC (ZERO))) = natadd (nat1) (SUCC (SUCC (ZERO)))
nat1 : nat
---------------------------------------
SUCC (natadd (ZERO) (SUCC (ZERO))) = natadd (ZERO) (SUCC (SUCC (ZERO)))

1 goal(s) more...

2 conjecture(s) more...
Tactic List : 1
simpl in goal(rank:0)
=================================================
Progress: 35


1st goal of : forall (nat1:nat), SUCC (natadd (nat1) (SUCC (ZERO))) = natadd (nat1) (SUCC (SUCC (ZERO)))
nat1 : nat
---------------------------------------
SUCC (natadd (ZERO) (SUCC (ZERO))) = natadd (ZERO) (SUCC (SUCC (ZERO)))

1 goal(s) more...

2 conjecture(s) more...
>>> simpl in goal(rank : 0)


1st goal of : forall (nat1:nat), SUCC (natadd (nat1) (SUCC (ZERO))) = natadd (nat1) (SUCC (SUCC (ZERO)))
nat1 : nat
---------------------------------------
SUCC (SUCC (ZERO)) = SUCC (SUCC (ZERO))

1 goal(s) more...

2 conjecture(s) more...
Tactic List : 1
reflexivity(rank:0)
=================================================
Progress: 36


1st goal of : forall (nat1:nat), SUCC (natadd (nat1) (SUCC (ZERO))) = natadd (nat1) (SUCC (SUCC (ZERO)))
nat1 : nat
---------------------------------------
SUCC (SUCC (ZERO)) = SUCC (SUCC (ZERO))

1 goal(s) more...

2 conjecture(s) more...
>>> reflexivity(rank : 0)


1st goal of : forall (nat1:nat), SUCC (natadd (nat1) (SUCC (ZERO))) = natadd (nat1) (SUCC (SUCC (ZERO)))
nat1 : nat
nat2 : nat
IH1 : SUCC (natadd (nat2) (SUCC (ZERO))) = natadd (nat2) (SUCC (SUCC (ZERO)))
Inductive1 : nat1 = SUCC (nat2)
---------------------------------------
SUCC (natadd (SUCC (nat2)) (SUCC (ZERO))) = natadd (SUCC (nat2)) (SUCC (SUCC (ZERO)))

0 goal(s) more...

2 conjecture(s) more...
Deduplication: 0
Tactic List : 1
simpl in goal(rank:0)
=================================================
Progress: 37


1st goal of : forall (nat1:nat), SUCC (natadd (nat1) (SUCC (ZERO))) = natadd (nat1) (SUCC (SUCC (ZERO)))
nat1 : nat
nat2 : nat
IH1 : SUCC (natadd (nat2) (SUCC (ZERO))) = natadd (nat2) (SUCC (SUCC (ZERO)))
Inductive1 : nat1 = SUCC (nat2)
---------------------------------------
SUCC (natadd (SUCC (nat2)) (SUCC (ZERO))) = natadd (SUCC (nat2)) (SUCC (SUCC (ZERO)))

0 goal(s) more...

2 conjecture(s) more...
>>> simpl in goal(rank : 0)


1st goal of : forall (nat1:nat), SUCC (natadd (nat1) (SUCC (ZERO))) = natadd (nat1) (SUCC (SUCC (ZERO)))
nat1 : nat
nat2 : nat
IH1 : SUCC (natadd (nat2) (SUCC (ZERO))) = natadd (nat2) (SUCC (SUCC (ZERO)))
Inductive1 : nat1 = SUCC (nat2)
---------------------------------------
SUCC (natadd (nat2) (SUCC (SUCC (ZERO)))) = natadd (nat2) (SUCC (SUCC (SUCC (ZERO))))

0 goal(s) more...

2 conjecture(s) more...
Tactic List : 1
rewrite <- IH1 in goal at 0(rank:2)
=================================================
Progress: 38


1st goal of : forall (nat1:nat) (nat2:nat), natmul_ta1 (nat1) (nat2) = natmul (nat1) (nat2)
nat1 : nat
nat3 : nat
nat2 : nat
IH1 : natmul_ta1 (nat3) (nat2) = natmul_helper (nat3) (nat2) (ZERO)
Inductive1 : nat1 = SUCC (nat3)
---------------------------------------
natadd_ta1 (nat2) (natmul_ta1 (nat3) (nat2)) = natmul_helper (nat3) (nat2) (natadd (nat2) (ZERO))

0 goal(s) more...

0 conjecture(s) more...
>>> rewrite IH1 in goal at 0(rank : 2)


1st goal of : forall (nat1:nat) (nat2:nat), natmul_ta1 (nat1) (nat2) = natmul (nat1) (nat2)
nat1 : nat
nat3 : nat
nat2 : nat
IH1 : natmul_ta1 (nat3) (nat2) = natmul_helper (nat3) (nat2) (ZERO)
Inductive1 : nat1 = SUCC (nat3)
---------------------------------------
natadd_ta1 (nat2) (natmul_helper (nat3) (nat2) (ZERO)) = natmul_helper (nat3) (nat2) (natadd (nat2) (ZERO))

0 goal(s) more...

0 conjecture(s) more...
Tactic List : 0


1st goal of : any
nat3 : nat
---------------------------------------
forall (nat2:nat), natadd_ta1 (nat2) (natmul_helper (nat3) (nat2) (ZERO)) = natmul_helper (nat3) (nat2) (natadd (nat2) (ZERO))

0 goal(s) more...

0 conjecture(s) more...
previous tactics


1st goal of : any

---------------------------------------
forall (nat3:nat), SUCC (natadd_ta1 (nat3) (natmul_helper (nat3) (SUCC (nat3)) (ZERO))) = natmul_helper (nat3) (SUCC (nat3)) (natadd (nat3) (SUCC (ZERO)))

0 goal(s) more...

0 conjecture(s) more...
previous tactics
state_list
natadd_ta1 (nat2) (natmul_helper (nat3) (nat2) (ZERO)) = natmul_helper (nat3) (nat2) (natadd (nat2) (ZERO))
SUCC (natadd_ta1 (nat3) (natmul_helper (nat3) (SUCC (nat3)) (ZERO))) = natmul_helper (nat3) (SUCC (nat3)) (natadd (nat3) (SUCC (ZERO)))
SUCC (SUCC (natadd_ta1 (nat2) (natmul_helper (nat2) (SUCC (SUCC (nat2))) (natadd (nat2) (SUCC (SUCC (ZERO))))))) = natmul_helper (nat2) (SUCC (SUCC (nat2))) (natadd (nat2) (SUCC (SUCC (natadd (nat2) (SUCC (SUCC (ZERO)))))))
lhs_common_subtree
rhs_common_subtree
New Env

;;
Advanced Generalize
Assert List
forall (nat2:nat) (nat3:nat), natadd_ta1 (nat2) (natmul_helper (nat3) (nat2) (ZERO)) = natmul_helper (nat3) (nat2) (natadd (nat2) (ZERO))
End of Assert List
=================================================
Progress: 39


1st goal of : forall (nat1:nat) (nat2:nat), natmul_ta1 (nat1) (nat2) = natmul (nat1) (nat2)
nat1 : nat
nat3 : nat
nat2 : nat
IH1 : natmul_ta1 (nat3) (nat2) = natmul_helper (nat3) (nat2) (ZERO)
Inductive1 : nat1 = SUCC (nat3)
---------------------------------------
natadd_ta1 (nat2) (natmul_ta1 (nat3) (nat2)) = natmul_helper (nat3) (nat2) (natadd (nat2) (ZERO))

0 goal(s) more...

0 conjecture(s) more...
>>> assert forall (nat2:nat) (nat3:nat), natadd_ta1 (nat2) (natmul_helper (nat3) (nat2) (ZERO)) = natmul_helper (nat3) (nat2) (natadd (nat2) (ZERO))(rank : 0)


1st goal of : forall (nat1:nat) (nat2:nat), natadd_ta1 (nat1) (natmul_helper (nat2) (nat1) (ZERO)) = natmul_helper (nat2) (nat1) (natadd (nat1) (ZERO))

---------------------------------------
forall (nat1:nat) (nat2:nat), natadd_ta1 (nat1) (natmul_helper (nat2) (nat1) (ZERO)) = natmul_helper (nat2) (nat1) (natadd (nat1) (ZERO))

0 goal(s) more...

1 conjecture(s) more...
Tactic List : 2
induction nat2(rank:0)
induction nat1(rank:0)
=================================================
Progress: 40


1st goal of : forall (nat1:nat) (nat2:nat), natadd_ta1 (nat1) (natmul_helper (nat2) (nat1) (ZERO)) = natmul_helper (nat2) (nat1) (natadd (nat1) (ZERO))

---------------------------------------
forall (nat1:nat) (nat2:nat), natadd_ta1 (nat1) (natmul_helper (nat2) (nat1) (ZERO)) = natmul_helper (nat2) (nat1) (natadd (nat1) (ZERO))

0 goal(s) more...

1 conjecture(s) more...
>>> induction nat2(rank : 0)


1st goal of : forall (nat1:nat) (nat2:nat), natadd_ta1 (nat1) (natmul_helper (nat2) (nat1) (ZERO)) = natmul_helper (nat2) (nat1) (natadd (nat1) (ZERO))
nat2 : nat
---------------------------------------
forall (nat1:nat), natadd_ta1 (nat1) (natmul_helper (ZERO) (nat1) (ZERO)) = natmul_helper (ZERO) (nat1) (natadd (nat1) (ZERO))

1 goal(s) more...

1 conjecture(s) more...
Tactic List : 1
simpl in goal(rank:0)
=================================================
Progress: 41


1st goal of : forall (nat1:nat) (nat2:nat), natadd_ta1 (nat1) (natmul_helper (nat2) (nat1) (ZERO)) = natmul_helper (nat2) (nat1) (natadd (nat1) (ZERO))

---------------------------------------
forall (nat1:nat) (nat2:nat), natadd_ta1 (nat1) (natmul_helper (nat2) (nat1) (ZERO)) = natmul_helper (nat2) (nat1) (natadd (nat1) (ZERO))

0 goal(s) more...

1 conjecture(s) more...
>>> induction nat1(rank : 0)


1st goal of : forall (nat1:nat) (nat2:nat), natadd_ta1 (nat1) (natmul_helper (nat2) (nat1) (ZERO)) = natmul_helper (nat2) (nat1) (natadd (nat1) (ZERO))
nat1 : nat
---------------------------------------
forall (nat2:nat), natadd_ta1 (ZERO) (natmul_helper (nat2) (ZERO) (ZERO)) = natmul_helper (nat2) (ZERO) (natadd (ZERO) (ZERO))

1 goal(s) more...

1 conjecture(s) more...
Tactic List : 1
simpl in goal(rank:0)
=================================================
Progress: 42


1st goal of : forall (nat1:nat) (nat2:nat), natadd_ta1 (nat1) (natmul_helper (nat2) (nat1) (ZERO)) = natmul_helper (nat2) (nat1) (natadd (nat1) (ZERO))
nat2 : nat
---------------------------------------
forall (nat1:nat), natadd_ta1 (nat1) (natmul_helper (ZERO) (nat1) (ZERO)) = natmul_helper (ZERO) (nat1) (natadd (nat1) (ZERO))

1 goal(s) more...

1 conjecture(s) more...
>>> simpl in goal(rank : 0)


1st goal of : forall (nat1:nat) (nat2:nat), natadd_ta1 (nat1) (natmul_helper (nat2) (nat1) (ZERO)) = natmul_helper (nat2) (nat1) (natadd (nat1) (ZERO))
nat2 : nat
---------------------------------------
forall (nat1:nat), natadd_ta1 (nat1) (ZERO) = natadd (nat1) (ZERO)

1 goal(s) more...

1 conjecture(s) more...
Tactic List : 1
induction nat1(rank:0)
=================================================
Progress: 43


1st goal of : forall (nat1:nat) (nat2:nat), natadd_ta1 (nat1) (natmul_helper (nat2) (nat1) (ZERO)) = natmul_helper (nat2) (nat1) (natadd (nat1) (ZERO))
nat1 : nat
---------------------------------------
forall (nat2:nat), natadd_ta1 (ZERO) (natmul_helper (nat2) (ZERO) (ZERO)) = natmul_helper (nat2) (ZERO) (natadd (ZERO) (ZERO))

1 goal(s) more...

1 conjecture(s) more...
>>> simpl in goal(rank : 0)


1st goal of : forall (nat1:nat) (nat2:nat), natadd_ta1 (nat1) (natmul_helper (nat2) (nat1) (ZERO)) = natmul_helper (nat2) (nat1) (natadd (nat1) (ZERO))
nat1 : nat
---------------------------------------
forall (nat2:nat), natmul_helper (nat2) (ZERO) (ZERO) = natmul_helper (nat2) (ZERO) (ZERO)

1 goal(s) more...

1 conjecture(s) more...
Tactic List : 1
reflexivity(rank:0)
=================================================
Progress: 44


1st goal of : forall (nat1:nat) (nat2:nat), natadd_ta1 (nat1) (natmul_helper (nat2) (nat1) (ZERO)) = natmul_helper (nat2) (nat1) (natadd (nat1) (ZERO))
nat2 : nat
---------------------------------------
forall (nat1:nat), natadd_ta1 (nat1) (ZERO) = natadd (nat1) (ZERO)

1 goal(s) more...

1 conjecture(s) more...
>>> induction nat1(rank : 0)


1st goal of : forall (nat1:nat) (nat2:nat), natadd_ta1 (nat1) (natmul_helper (nat2) (nat1) (ZERO)) = natmul_helper (nat2) (nat1) (natadd (nat1) (ZERO))
nat1 : nat
nat2 : nat
---------------------------------------
natadd_ta1 (ZERO) (ZERO) = natadd (ZERO) (ZERO)

2 goal(s) more...

1 conjecture(s) more...
Tactic List : 1
simpl in goal(rank:0)
=================================================
Progress: 45


1st goal of : forall (nat1:nat) (nat2:nat), natadd_ta1 (nat1) (natmul_helper (nat2) (nat1) (ZERO)) = natmul_helper (nat2) (nat1) (natadd (nat1) (ZERO))
nat1 : nat
---------------------------------------
forall (nat2:nat), natmul_helper (nat2) (ZERO) (ZERO) = natmul_helper (nat2) (ZERO) (ZERO)

1 goal(s) more...

1 conjecture(s) more...
>>> reflexivity(rank : 0)


1st goal of : forall (nat1:nat) (nat2:nat), natadd_ta1 (nat1) (natmul_helper (nat2) (nat1) (ZERO)) = natmul_helper (nat2) (nat1) (natadd (nat1) (ZERO))
nat1 : nat
nat3 : nat
IH1 : forall (nat2:nat), natadd_ta1 (nat3) (natmul_helper (nat2) (nat3) (ZERO)) = natmul_helper (nat2) (nat3) (natadd (nat3) (ZERO))
Inductive1 : nat1 = SUCC (nat3)
---------------------------------------
forall (nat2:nat), natadd_ta1 (SUCC (nat3)) (natmul_helper (nat2) (SUCC (nat3)) (ZERO)) = natmul_helper (nat2) (SUCC (nat3)) (natadd (SUCC (nat3)) (ZERO))

0 goal(s) more...

1 conjecture(s) more...
Deduplication: 0
Tactic List : 1
simpl in goal(rank:0)
=================================================
Progress: 46


1st goal of : forall (nat1:nat) (nat2:nat), natadd_ta1 (nat1) (natmul_helper (nat2) (nat1) (ZERO)) = natmul_helper (nat2) (nat1) (natadd (nat1) (ZERO))
nat1 : nat
nat3 : nat
IH1 : forall (nat2:nat), natadd_ta1 (nat3) (natmul_helper (nat2) (nat3) (ZERO)) = natmul_helper (nat2) (nat3) (natadd (nat3) (ZERO))
Inductive1 : nat1 = SUCC (nat3)
---------------------------------------
forall (nat2:nat), natadd_ta1 (SUCC (nat3)) (natmul_helper (nat2) (SUCC (nat3)) (ZERO)) = natmul_helper (nat2) (SUCC (nat3)) (natadd (SUCC (nat3)) (ZERO))

0 goal(s) more...

1 conjecture(s) more...
>>> simpl in goal(rank : 0)


1st goal of : forall (nat1:nat) (nat2:nat), natadd_ta1 (nat1) (natmul_helper (nat2) (nat1) (ZERO)) = natmul_helper (nat2) (nat1) (natadd (nat1) (ZERO))
nat1 : nat
nat3 : nat
IH1 : forall (nat2:nat), natadd_ta1 (nat3) (natmul_helper (nat2) (nat3) (ZERO)) = natmul_helper (nat2) (nat3) (natadd (nat3) (ZERO))
Inductive1 : nat1 = SUCC (nat3)
---------------------------------------
forall (nat2:nat), SUCC (natadd_ta1 (nat3) (natmul_helper (nat2) (SUCC (nat3)) (ZERO))) = natmul_helper (nat2) (SUCC (nat3)) (natadd (nat3) (SUCC (ZERO)))

0 goal(s) more...

1 conjecture(s) more...
Tactic List : 1
induction nat2(rank:0)
=================================================
Progress: 47


1st goal of : forall (nat1:nat) (nat2:nat), natadd_ta1 (nat1) (natmul_helper (nat2) (nat1) (ZERO)) = natmul_helper (nat2) (nat1) (natadd (nat1) (ZERO))
nat1 : nat
nat3 : nat
IH1 : forall (nat2:nat), natadd_ta1 (nat3) (natmul_helper (nat2) (nat3) (ZERO)) = natmul_helper (nat2) (nat3) (natadd (nat3) (ZERO))
Inductive1 : nat1 = SUCC (nat3)
---------------------------------------
forall (nat2:nat), SUCC (natadd_ta1 (nat3) (natmul_helper (nat2) (SUCC (nat3)) (ZERO))) = natmul_helper (nat2) (SUCC (nat3)) (natadd (nat3) (SUCC (ZERO)))

0 goal(s) more...

1 conjecture(s) more...
>>> induction nat2(rank : 0)


1st goal of : forall (nat1:nat) (nat2:nat), natadd_ta1 (nat1) (natmul_helper (nat2) (nat1) (ZERO)) = natmul_helper (nat2) (nat1) (natadd (nat1) (ZERO))
nat2 : nat
nat1 : nat
nat3 : nat
IH1 : forall (nat2:nat), natadd_ta1 (nat3) (natmul_helper (nat2) (nat3) (ZERO)) = natmul_helper (nat2) (nat3) (natadd (nat3) (ZERO))
Inductive1 : nat1 = SUCC (nat3)
---------------------------------------
SUCC (natadd_ta1 (nat3) (natmul_helper (ZERO) (SUCC (nat3)) (ZERO))) = natmul_helper (ZERO) (SUCC (nat3)) (natadd (nat3) (SUCC (ZERO)))

1 goal(s) more...

1 conjecture(s) more...
Tactic List : 1
simpl in goal(rank:0)
=================================================
Progress: 48


1st goal of : forall (nat1:nat) (nat2:nat), natadd_ta1 (nat1) (natmul_helper (nat2) (nat1) (ZERO)) = natmul_helper (nat2) (nat1) (natadd (nat1) (ZERO))
nat2 : nat
nat1 : nat
nat3 : nat
IH1 : forall (nat2:nat), natadd_ta1 (nat3) (natmul_helper (nat2) (nat3) (ZERO)) = natmul_helper (nat2) (nat3) (natadd (nat3) (ZERO))
Inductive1 : nat1 = SUCC (nat3)
---------------------------------------
SUCC (natadd_ta1 (nat3) (natmul_helper (ZERO) (SUCC (nat3)) (ZERO))) = natmul_helper (ZERO) (SUCC (nat3)) (natadd (nat3) (SUCC (ZERO)))

1 goal(s) more...

1 conjecture(s) more...
>>> simpl in goal(rank : 0)


1st goal of : forall (nat1:nat) (nat2:nat), natadd_ta1 (nat1) (natmul_helper (nat2) (nat1) (ZERO)) = natmul_helper (nat2) (nat1) (natadd (nat1) (ZERO))
nat2 : nat
nat1 : nat
nat3 : nat
IH1 : forall (nat2:nat), natadd_ta1 (nat3) (natmul_helper (nat2) (nat3) (ZERO)) = natmul_helper (nat2) (nat3) (natadd (nat3) (ZERO))
Inductive1 : nat1 = SUCC (nat3)
---------------------------------------
SUCC (natadd_ta1 (nat3) (ZERO)) = natadd (nat3) (SUCC (ZERO))

1 goal(s) more...

1 conjecture(s) more...
Tactic List : 0


1st goal of : any

---------------------------------------
forall (nat3:nat), SUCC (natadd_ta1 (nat3) (ZERO)) = natadd (nat3) (SUCC (ZERO))

0 goal(s) more...

0 conjecture(s) more...
previous tactics


1st goal of : any

---------------------------------------
forall (nat2:nat), SUCC (natadd_ta1 (SUCC (nat2)) (ZERO)) = natadd (SUCC (nat2)) (SUCC (ZERO))

0 goal(s) more...

0 conjecture(s) more...
previous tactics
state_list
SUCC (natadd_ta1 (nat3) (ZERO)) = natadd (nat3) (SUCC (ZERO))
SUCC (natadd_ta1 (SUCC (nat2)) (ZERO)) = natadd (SUCC (nat2)) (SUCC (ZERO))
SUCC (natadd_ta1 (SUCC (SUCC (nat2))) (ZERO)) = natadd (SUCC (SUCC (nat2))) (SUCC (ZERO))
