Enter the definition file path (1/2) : 
> Enter the definition file path (2/2) : 
> Choose the proof type :
1) Interactive Mode 	 2) Auto Mode
Enter the goal : =================================================
Progress: 1


No conjecture
>>> assert forall (x:nat), half (plus (x) (x)) = x(rank : 0)


1st goal of : forall (nat1:nat), half (plus (nat1) (nat1)) = nat1

---------------------------------------
forall (nat1:nat), half (plus (nat1) (nat1)) = nat1

0 goal(s) more...

0 conjecture(s) more...
Tactic List : 1
induction nat1(rank:4)
=================================================
Progress: 2


1st goal of : forall (nat1:nat), half (plus (nat1) (nat1)) = nat1

---------------------------------------
forall (nat1:nat), half (plus (nat1) (nat1)) = nat1

0 goal(s) more...

0 conjecture(s) more...
>>> induction nat1(rank : 4)


1st goal of : forall (nat1:nat), half (plus (nat1) (nat1)) = nat1
nat1 : nat
Base1 : nat1 = ZERO
---------------------------------------
half (plus (ZERO) (ZERO)) = ZERO

1 goal(s) more...

0 conjecture(s) more...
Tactic List : 1
reflexivity(rank:3)
=================================================
Progress: 3


1st goal of : forall (nat1:nat), half (plus (nat1) (nat1)) = nat1
nat1 : nat
Base1 : nat1 = ZERO
---------------------------------------
half (plus (ZERO) (ZERO)) = ZERO

1 goal(s) more...

0 conjecture(s) more...
>>> reflexivity(rank : 3)


1st goal of : forall (nat1:nat), half (plus (nat1) (nat1)) = nat1
nat1 : nat
nat2 : nat
IH1 : half (plus (nat2) (nat2)) = nat2
Inductive1 : nat1 = SUCC (nat2)
---------------------------------------
half (plus (SUCC (nat2)) (SUCC (nat2))) = SUCC (nat2)

0 goal(s) more...

0 conjecture(s) more...
Deduplication: 0
Tactic List : 1
simpl in goal(rank:3)
=================================================
Progress: 4


1st goal of : forall (nat1:nat), half (plus (nat1) (nat1)) = nat1
nat1 : nat
nat2 : nat
IH1 : half (plus (nat2) (nat2)) = nat2
Inductive1 : nat1 = SUCC (nat2)
---------------------------------------
half (plus (SUCC (nat2)) (SUCC (nat2))) = SUCC (nat2)

0 goal(s) more...

0 conjecture(s) more...
>>> simpl in goal(rank : 3)


1st goal of : forall (nat1:nat), half (plus (nat1) (nat1)) = nat1
nat1 : nat
nat2 : nat
IH1 : half (plus (nat2) (nat2)) = nat2
Inductive1 : nat1 = SUCC (nat2)
---------------------------------------
half (SUCC (plus (nat2) (SUCC (nat2)))) = SUCC (nat2)

0 goal(s) more...

0 conjecture(s) more...
Tactic List : 0
previous tactics
simpl in goal
advanced_generalize done
Lemma : forall (arg1:nat) (nat2:nat), half (SUCC (plus (nat2) (arg1))) = arg1
Model : arg1: ZERO, nat2: ZERO
Model : arg1: ZERO, nat2: ZERO
Model : arg1: SUCC (SUCC (ZERO)), nat2: ZERO
Substituting variables...
Simplifying conditions and property...
let rec lst_subset lst1 lst2 =
match (lst1) with
| Nil  -> true
| Cons x xs -> && (lst_subset (xs) (lst2)) (mem (x) (lst2))
let lst_eq lst1 lst2 =
&& (lst_subset (lst1) (lst2)) (lst_subset (lst2) (lst1))
prop list:
half (SUCC (plus (ZERO) (ZERO))) = ZERO
half (SUCC (plus (ZERO) (ZERO))) = ZERO
half (SUCC (plus (ZERO) (SUCC (SUCC (ZERO))))) = SUCC (SUCC (ZERO))
Simplifying took 0.000070 seconds
Result : false
File "_none_", lines 88-90, characters 2-22:
Warning 8 [partial-match]: this pattern-matching is not exhaustive.
Here is an example of a case that is not matched:
[]

File "_none_", lines 88-90, characters 2-22:
Warning 8 [partial-match]: this pattern-matching is not exhaustive.
Here is an example of a case that is not matched:
[]
Fatal error: exception Failure("worklist is empty")
Raised at Stdlib.failwith in file "stdlib.ml", line 29, characters 17-33
Called from Dilemma__Engine.proof_auto in file "lib/engine.ml", line 288, characters 8-69
Called from Dune__exe__Main.main in file "bin/main.ml", line 24, characters 12-79
