Enter the definition file path (1/2) : 
> Enter the definition file path (2/2) : 
> Choose the proof type :
1) Interactive Mode 	 2) Auto Mode
Enter the goal : =================================================
Progress: 1


No conjecture
>>> assert forall (x:nat) (y:nat), even (plus (x) (y)) = even (plus (y) (x))(rank : 0.)


1st goal of : forall (nat1:nat) (nat2:nat), even (plus (nat1) (nat2)) = even (plus (nat2) (nat1))

---------------------------------------
forall (nat1:nat) (nat2:nat), even (plus (nat1) (nat2)) = even (plus (nat2) (nat1))

0 goal(s) more...

0 conjecture(s) more...
Tactic List : 2
induction nat1(rank:12.)
induction nat2(rank:12.)
=================================================
Progress: 2


1st goal of : forall (nat1:nat) (nat2:nat), even (plus (nat1) (nat2)) = even (plus (nat2) (nat1))

---------------------------------------
forall (nat1:nat) (nat2:nat), even (plus (nat1) (nat2)) = even (plus (nat2) (nat1))

0 goal(s) more...

0 conjecture(s) more...
>>> induction nat1(rank : 12.)


1st goal of : forall (nat1:nat) (nat2:nat), even (plus (nat1) (nat2)) = even (plus (nat2) (nat1))
nat1 : nat
Base1 : nat1 = ZERO
---------------------------------------
forall (nat2:nat), even (plus (ZERO) (nat2)) = even (plus (nat2) (ZERO))

1 goal(s) more...

0 conjecture(s) more...
Tactic List : 1
simpl in goal(rank:4.)
=================================================
Progress: 3


1st goal of : forall (nat1:nat) (nat2:nat), even (plus (nat1) (nat2)) = even (plus (nat2) (nat1))
nat1 : nat
Base1 : nat1 = ZERO
---------------------------------------
forall (nat2:nat), even (plus (ZERO) (nat2)) = even (plus (nat2) (ZERO))

1 goal(s) more...

0 conjecture(s) more...
>>> simpl in goal(rank : 4.)


1st goal of : forall (nat1:nat) (nat2:nat), even (plus (nat1) (nat2)) = even (plus (nat2) (nat1))
nat1 : nat
Base1 : nat1 = ZERO
---------------------------------------
forall (nat2:nat), even (nat2) = even (plus (nat2) (ZERO))

1 goal(s) more...

0 conjecture(s) more...
Tactic List : 1
induction nat2(rank:5.)
=================================================
Progress: 4


1st goal of : forall (nat1:nat) (nat2:nat), even (plus (nat1) (nat2)) = even (plus (nat2) (nat1))
nat1 : nat
Base1 : nat1 = ZERO
---------------------------------------
forall (nat2:nat), even (nat2) = even (plus (nat2) (ZERO))

1 goal(s) more...

0 conjecture(s) more...
>>> induction nat2(rank : 5.)


1st goal of : forall (nat1:nat) (nat2:nat), even (plus (nat1) (nat2)) = even (plus (nat2) (nat1))
nat1 : nat
Base1 : nat1 = ZERO
nat2 : nat
Base2 : nat2 = ZERO
---------------------------------------
even (ZERO) = even (plus (ZERO) (ZERO))

2 goal(s) more...

0 conjecture(s) more...
Tactic List : 1
reflexivity(rank:4.)
=================================================
Progress: 5


1st goal of : forall (nat1:nat) (nat2:nat), even (plus (nat1) (nat2)) = even (plus (nat2) (nat1))
nat1 : nat
Base1 : nat1 = ZERO
nat2 : nat
Base2 : nat2 = ZERO
---------------------------------------
even (ZERO) = even (plus (ZERO) (ZERO))

2 goal(s) more...

0 conjecture(s) more...
>>> reflexivity(rank : 4.)


1st goal of : forall (nat1:nat) (nat2:nat), even (plus (nat1) (nat2)) = even (plus (nat2) (nat1))
nat1 : nat
Base1 : nat1 = ZERO
nat2 : nat
nat3 : nat
IH1 : even (nat3) = even (plus (nat3) (ZERO))
Inductive1 : nat2 = SUCC (nat3)
---------------------------------------
even (SUCC (nat3)) = even (plus (SUCC (nat3)) (ZERO))

1 goal(s) more...

0 conjecture(s) more...
Deduplication: 0
Tactic List : 1
simpl in goal(rank:4.)
=================================================
Progress: 6


1st goal of : forall (nat1:nat) (nat2:nat), even (plus (nat1) (nat2)) = even (plus (nat2) (nat1))
nat1 : nat
Base1 : nat1 = ZERO
nat2 : nat
nat3 : nat
IH1 : even (nat3) = even (plus (nat3) (ZERO))
Inductive1 : nat2 = SUCC (nat3)
---------------------------------------
even (SUCC (nat3)) = even (plus (SUCC (nat3)) (ZERO))

1 goal(s) more...

0 conjecture(s) more...
>>> simpl in goal(rank : 4.)


1st goal of : forall (nat1:nat) (nat2:nat), even (plus (nat1) (nat2)) = even (plus (nat2) (nat1))
nat1 : nat
Base1 : nat1 = ZERO
nat2 : nat
nat3 : nat
IH1 : even (nat3) = even (plus (nat3) (ZERO))
Inductive1 : nat2 = SUCC (nat3)
---------------------------------------
if even (nat3) then false else true = if even (plus (nat3) (ZERO)) then false else true

1 goal(s) more...

0 conjecture(s) more...
Tactic List : 4
case even (nat3)(rank:5.)
case even (plus (nat3) (ZERO))(rank:5.)
rewrite IH1 in goal at 0(rank:12.)
rewrite <- IH1 in goal at 0(rank:12.)
=================================================
Progress: 7


1st goal of : forall (nat1:nat) (nat2:nat), even (plus (nat1) (nat2)) = even (plus (nat2) (nat1))
nat1 : nat
Base1 : nat1 = ZERO
nat2 : nat
nat3 : nat
IH1 : even (nat3) = even (plus (nat3) (ZERO))
Inductive1 : nat2 = SUCC (nat3)
---------------------------------------
if even (nat3) then false else true = if even (plus (nat3) (ZERO)) then false else true

1 goal(s) more...

0 conjecture(s) more...
>>> case even (nat3)(rank : 5.)


1st goal of : forall (nat1:nat) (nat2:nat), even (plus (nat1) (nat2)) = even (plus (nat2) (nat1))
nat1 : nat
Base1 : nat1 = ZERO
nat2 : nat
nat3 : nat
IH1 : true = even (plus (nat3) (ZERO))
Inductive1 : nat2 = SUCC (nat3)
Case1 : even (nat3) = true
---------------------------------------
false = if even (plus (nat3) (ZERO)) then false else true

2 goal(s) more...

0 conjecture(s) more...
Tactic List : 4
case even (plus (nat3) (ZERO))(rank:6.)
rewrite <- IH1 in goal at 0(rank:13.)
rewrite IH1 in goal at 0(rank:21.)
rewrite <- Case1 in goal at 0(rank:21.)
=================================================
Progress: 8


1st goal of : forall (nat1:nat) (nat2:nat), even (plus (nat1) (nat2)) = even (plus (nat2) (nat1))
nat1 : nat
Base1 : nat1 = ZERO
nat2 : nat
nat3 : nat
IH1 : even (nat3) = even (plus (nat3) (ZERO))
Inductive1 : nat2 = SUCC (nat3)
---------------------------------------
if even (nat3) then false else true = if even (plus (nat3) (ZERO)) then false else true

1 goal(s) more...

0 conjecture(s) more...
>>> case even (plus (nat3) (ZERO))(rank : 5.)


1st goal of : forall (nat1:nat) (nat2:nat), even (plus (nat1) (nat2)) = even (plus (nat2) (nat1))
nat1 : nat
Base1 : nat1 = ZERO
nat2 : nat
nat3 : nat
IH1 : even (nat3) = true
Inductive1 : nat2 = SUCC (nat3)
Case1 : even (plus (nat3) (ZERO)) = true
---------------------------------------
if even (nat3) then false else true = false

2 goal(s) more...

0 conjecture(s) more...
Tactic List : 3
rewrite IH1 in goal at 0(rank:13.)
rewrite <- Case1 in goal at 0(rank:21.)
rewrite <- IH1 in goal at 0(rank:21.)
=================================================
Progress: 9


1st goal of : forall (nat1:nat) (nat2:nat), even (plus (nat1) (nat2)) = even (plus (nat2) (nat1))
nat1 : nat
Base1 : nat1 = ZERO
nat2 : nat
nat3 : nat
IH1 : true = even (plus (nat3) (ZERO))
Inductive1 : nat2 = SUCC (nat3)
Case1 : even (nat3) = true
---------------------------------------
false = if even (plus (nat3) (ZERO)) then false else true

2 goal(s) more...

0 conjecture(s) more...
>>> case even (plus (nat3) (ZERO))(rank : 6.)


1st goal of : forall (nat1:nat) (nat2:nat), even (plus (nat1) (nat2)) = even (plus (nat2) (nat1))
nat1 : nat
Base1 : nat1 = ZERO
nat2 : nat
nat3 : nat
IH1 : true = true
Inductive1 : nat2 = SUCC (nat3)
Case1 : even (nat3) = true
Case2 : even (plus (nat3) (ZERO)) = true
---------------------------------------
false = false

3 goal(s) more...

0 conjecture(s) more...
Tactic List : 1
reflexivity(rank:5.)
=================================================
Progress: 10


1st goal of : forall (nat1:nat) (nat2:nat), even (plus (nat1) (nat2)) = even (plus (nat2) (nat1))
nat1 : nat
Base1 : nat1 = ZERO
nat2 : nat
nat3 : nat
IH1 : true = true
Inductive1 : nat2 = SUCC (nat3)
Case1 : even (nat3) = true
Case2 : even (plus (nat3) (ZERO)) = true
---------------------------------------
false = false

3 goal(s) more...

0 conjecture(s) more...
>>> reflexivity(rank : 5.)


1st goal of : forall (nat1:nat) (nat2:nat), even (plus (nat1) (nat2)) = even (plus (nat2) (nat1))
nat1 : nat
Base1 : nat1 = ZERO
nat2 : nat
nat3 : nat
IH1 : true = false
Inductive1 : nat2 = SUCC (nat3)
Case1 : even (nat3) = true
Case2 : even (plus (nat3) (ZERO)) = false
---------------------------------------
false = true

2 goal(s) more...

0 conjecture(s) more...
Deduplication: 0
Tactic List : 1
discriminate(rank:4.)
=================================================
Progress: 11


1st goal of : forall (nat1:nat) (nat2:nat), even (plus (nat1) (nat2)) = even (plus (nat2) (nat1))
nat1 : nat
Base1 : nat1 = ZERO
nat2 : nat
nat3 : nat
IH1 : true = false
Inductive1 : nat2 = SUCC (nat3)
Case1 : even (nat3) = true
Case2 : even (plus (nat3) (ZERO)) = false
---------------------------------------
false = true

2 goal(s) more...

0 conjecture(s) more...
>>> discriminate(rank : 4.)


1st goal of : forall (nat1:nat) (nat2:nat), even (plus (nat1) (nat2)) = even (plus (nat2) (nat1))
nat1 : nat
Base1 : nat1 = ZERO
nat2 : nat
nat3 : nat
IH1 : false = even (plus (nat3) (ZERO))
Inductive1 : nat2 = SUCC (nat3)
Case1 : even (nat3) = false
---------------------------------------
true = if even (plus (nat3) (ZERO)) then false else true

1 goal(s) more...

0 conjecture(s) more...
Deduplication: 3
Tactic List : 4
case even (plus (nat3) (ZERO))(rank:5.)
rewrite <- IH1 in goal at 0(rank:12.)
rewrite IH1 in goal at 0(rank:20.)
rewrite <- Case1 in goal at 0(rank:20.)
=================================================
Progress: 12


1st goal of : forall (nat1:nat) (nat2:nat), even (plus (nat1) (nat2)) = even (plus (nat2) (nat1))
nat1 : nat
Base1 : nat1 = ZERO
nat2 : nat
nat3 : nat
IH1 : false = even (plus (nat3) (ZERO))
Inductive1 : nat2 = SUCC (nat3)
Case1 : even (nat3) = false
---------------------------------------
true = if even (plus (nat3) (ZERO)) then false else true

1 goal(s) more...

0 conjecture(s) more...
>>> case even (plus (nat3) (ZERO))(rank : 5.)


1st goal of : forall (nat1:nat) (nat2:nat), even (plus (nat1) (nat2)) = even (plus (nat2) (nat1))
nat1 : nat
Base1 : nat1 = ZERO
nat2 : nat
nat3 : nat
IH1 : false = true
Inductive1 : nat2 = SUCC (nat3)
Case1 : even (nat3) = false
Case2 : even (plus (nat3) (ZERO)) = true
---------------------------------------
true = false

2 goal(s) more...

0 conjecture(s) more...
Tactic List : 1
discriminate(rank:4.)
=================================================
Progress: 13


1st goal of : forall (nat1:nat) (nat2:nat), even (plus (nat1) (nat2)) = even (plus (nat2) (nat1))
nat1 : nat
Base1 : nat1 = ZERO
nat2 : nat
nat3 : nat
IH1 : false = true
Inductive1 : nat2 = SUCC (nat3)
Case1 : even (nat3) = false
Case2 : even (plus (nat3) (ZERO)) = true
---------------------------------------
true = false

2 goal(s) more...

0 conjecture(s) more...
>>> discriminate(rank : 4.)


1st goal of : forall (nat1:nat) (nat2:nat), even (plus (nat1) (nat2)) = even (plus (nat2) (nat1))
nat1 : nat
Base1 : nat1 = ZERO
nat2 : nat
nat3 : nat
IH1 : false = false
Inductive1 : nat2 = SUCC (nat3)
Case1 : even (nat3) = false
Case2 : even (plus (nat3) (ZERO)) = false
---------------------------------------
true = true

1 goal(s) more...

0 conjecture(s) more...
Deduplication: 0
Tactic List : 1
reflexivity(rank:3.)
=================================================
Progress: 14


1st goal of : forall (nat1:nat) (nat2:nat), even (plus (nat1) (nat2)) = even (plus (nat2) (nat1))
nat1 : nat
Base1 : nat1 = ZERO
nat2 : nat
nat3 : nat
IH1 : false = false
Inductive1 : nat2 = SUCC (nat3)
Case1 : even (nat3) = false
Case2 : even (plus (nat3) (ZERO)) = false
---------------------------------------
true = true

1 goal(s) more...

0 conjecture(s) more...
>>> reflexivity(rank : 3.)


1st goal of : forall (nat1:nat) (nat2:nat), even (plus (nat1) (nat2)) = even (plus (nat2) (nat1))
nat1 : nat
nat3 : nat
IH1 : forall (nat2:nat), even (plus (nat3) (nat2)) = even (plus (nat2) (nat3))
Inductive1 : nat1 = SUCC (nat3)
---------------------------------------
forall (nat2:nat), even (plus (SUCC (nat3)) (nat2)) = even (plus (nat2) (SUCC (nat3)))

0 goal(s) more...

0 conjecture(s) more...
Deduplication: 8
Tactic List : 1
simpl in goal(rank:3.)
=================================================
Progress: 15


1st goal of : forall (nat1:nat) (nat2:nat), even (plus (nat1) (nat2)) = even (plus (nat2) (nat1))
nat1 : nat
nat3 : nat
IH1 : forall (nat2:nat), even (plus (nat3) (nat2)) = even (plus (nat2) (nat3))
Inductive1 : nat1 = SUCC (nat3)
---------------------------------------
forall (nat2:nat), even (plus (SUCC (nat3)) (nat2)) = even (plus (nat2) (SUCC (nat3)))

0 goal(s) more...

0 conjecture(s) more...
>>> simpl in goal(rank : 3.)


1st goal of : forall (nat1:nat) (nat2:nat), even (plus (nat1) (nat2)) = even (plus (nat2) (nat1))
nat1 : nat
nat3 : nat
IH1 : forall (nat2:nat), even (plus (nat3) (nat2)) = even (plus (nat2) (nat3))
Inductive1 : nat1 = SUCC (nat3)
---------------------------------------
forall (nat2:nat), if even (plus (nat3) (nat2)) then false else true = even (plus (nat2) (SUCC (nat3)))

0 goal(s) more...

0 conjecture(s) more...
Tactic List : 1
induction nat2(rank:4.)
=================================================
Progress: 16


1st goal of : forall (nat1:nat) (nat2:nat), even (plus (nat1) (nat2)) = even (plus (nat2) (nat1))
nat1 : nat
nat3 : nat
IH1 : forall (nat2:nat), even (plus (nat3) (nat2)) = even (plus (nat2) (nat3))
Inductive1 : nat1 = SUCC (nat3)
---------------------------------------
forall (nat2:nat), if even (plus (nat3) (nat2)) then false else true = even (plus (nat2) (SUCC (nat3)))

0 goal(s) more...

0 conjecture(s) more...
>>> induction nat2(rank : 4.)


1st goal of : forall (nat1:nat) (nat2:nat), even (plus (nat1) (nat2)) = even (plus (nat2) (nat1))
nat1 : nat
nat3 : nat
IH1 : forall (nat2:nat), even (plus (nat3) (nat2)) = even (plus (nat2) (nat3))
Inductive1 : nat1 = SUCC (nat3)
nat2 : nat
Base1 : nat2 = ZERO
---------------------------------------
if even (plus (nat3) (ZERO)) then false else true = even (plus (ZERO) (SUCC (nat3)))

1 goal(s) more...

0 conjecture(s) more...
Tactic List : 1
simpl in goal(rank:4.)
=================================================
Progress: 17


1st goal of : forall (nat1:nat) (nat2:nat), even (plus (nat1) (nat2)) = even (plus (nat2) (nat1))
nat1 : nat
nat3 : nat
IH1 : forall (nat2:nat), even (plus (nat3) (nat2)) = even (plus (nat2) (nat3))
Inductive1 : nat1 = SUCC (nat3)
nat2 : nat
Base1 : nat2 = ZERO
---------------------------------------
if even (plus (nat3) (ZERO)) then false else true = even (plus (ZERO) (SUCC (nat3)))

1 goal(s) more...

0 conjecture(s) more...
>>> simpl in goal(rank : 4.)


1st goal of : forall (nat1:nat) (nat2:nat), even (plus (nat1) (nat2)) = even (plus (nat2) (nat1))
nat1 : nat
nat3 : nat
IH1 : forall (nat2:nat), even (plus (nat3) (nat2)) = even (plus (nat2) (nat3))
Inductive1 : nat1 = SUCC (nat3)
nat2 : nat
Base1 : nat2 = ZERO
---------------------------------------
if even (plus (nat3) (ZERO)) then false else true = if even (nat3) then false else true

1 goal(s) more...

0 conjecture(s) more...
Tactic List : 2
case even (nat3)(rank:5.)
rewrite IH1 in goal at 0(rank:20.)
=================================================
Progress: 18


1st goal of : forall (nat1:nat) (nat2:nat), even (plus (nat1) (nat2)) = even (plus (nat2) (nat1))
nat1 : nat
nat3 : nat
IH1 : forall (nat2:nat), even (plus (nat3) (nat2)) = even (plus (nat2) (nat3))
Inductive1 : nat1 = SUCC (nat3)
nat2 : nat
Base1 : nat2 = ZERO
---------------------------------------
if even (plus (nat3) (ZERO)) then false else true = if even (nat3) then false else true

1 goal(s) more...

0 conjecture(s) more...
>>> case even (nat3)(rank : 5.)


1st goal of : forall (nat1:nat) (nat2:nat), even (plus (nat1) (nat2)) = even (plus (nat2) (nat1))
nat1 : nat
nat3 : nat
IH1 : forall (nat2:nat), even (plus (nat3) (nat2)) = even (plus (nat2) (nat3))
Inductive1 : nat1 = SUCC (nat3)
nat2 : nat
Base1 : nat2 = ZERO
Case1 : even (nat3) = true
---------------------------------------
if even (plus (nat3) (ZERO)) then false else true = false

2 goal(s) more...

0 conjecture(s) more...
Tactic List : 3
case even (plus (nat3) (ZERO))(rank:6.)
rewrite IH1 in goal at 0(rank:21.)
rewrite <- Case1 in goal at 0(rank:21.)
=================================================
Progress: 19


1st goal of : forall (nat1:nat) (nat2:nat), even (plus (nat1) (nat2)) = even (plus (nat2) (nat1))
nat1 : nat
nat3 : nat
IH1 : forall (nat2:nat), even (plus (nat3) (nat2)) = even (plus (nat2) (nat3))
Inductive1 : nat1 = SUCC (nat3)
nat2 : nat
Base1 : nat2 = ZERO
Case1 : even (nat3) = true
---------------------------------------
if even (plus (nat3) (ZERO)) then false else true = false

2 goal(s) more...

0 conjecture(s) more...
>>> case even (plus (nat3) (ZERO))(rank : 6.)


1st goal of : forall (nat1:nat) (nat2:nat), even (plus (nat1) (nat2)) = even (plus (nat2) (nat1))
nat1 : nat
nat3 : nat
IH1 : forall (nat2:nat), even (plus (nat3) (nat2)) = even (plus (nat2) (nat3))
Inductive1 : nat1 = SUCC (nat3)
nat2 : nat
Base1 : nat2 = ZERO
Case1 : even (nat3) = true
Case2 : even (plus (nat3) (ZERO)) = true
---------------------------------------
false = false

3 goal(s) more...

0 conjecture(s) more...
Tactic List : 1
reflexivity(rank:5.)
=================================================
Progress: 20


1st goal of : forall (nat1:nat) (nat2:nat), even (plus (nat1) (nat2)) = even (plus (nat2) (nat1))
nat1 : nat
nat3 : nat
IH1 : forall (nat2:nat), even (plus (nat3) (nat2)) = even (plus (nat2) (nat3))
Inductive1 : nat1 = SUCC (nat3)
nat2 : nat
Base1 : nat2 = ZERO
Case1 : even (nat3) = true
Case2 : even (plus (nat3) (ZERO)) = true
---------------------------------------
false = false

3 goal(s) more...

0 conjecture(s) more...
>>> reflexivity(rank : 5.)


1st goal of : forall (nat1:nat) (nat2:nat), even (plus (nat1) (nat2)) = even (plus (nat2) (nat1))
nat1 : nat
nat3 : nat
IH1 : forall (nat2:nat), even (plus (nat3) (nat2)) = even (plus (nat2) (nat3))
Inductive1 : nat1 = SUCC (nat3)
nat2 : nat
Base1 : nat2 = ZERO
Case1 : even (nat3) = true
Case2 : even (plus (nat3) (ZERO)) = false
---------------------------------------
true = false

2 goal(s) more...

0 conjecture(s) more...
Deduplication: 0
Tactic List : 2
rewrite <- Case1 in goal at 0(rank:21.)
rewrite <- Case2 in goal at 0(rank:21.)
=================================================
Progress: 21


1st goal of : forall (nat1:nat) (nat2:nat), even (plus (nat1) (nat2)) = even (plus (nat2) (nat1))

---------------------------------------
forall (nat1:nat) (nat2:nat), even (plus (nat1) (nat2)) = even (plus (nat2) (nat1))

0 goal(s) more...

0 conjecture(s) more...
>>> induction nat2(rank : 12.)


1st goal of : forall (nat1:nat) (nat2:nat), even (plus (nat1) (nat2)) = even (plus (nat2) (nat1))
nat2 : nat
Base1 : nat2 = ZERO
---------------------------------------
forall (nat1:nat), even (plus (nat1) (ZERO)) = even (plus (ZERO) (nat1))

1 goal(s) more...

0 conjecture(s) more...
Tactic List : 1
simpl in goal(rank:4.)
=================================================
Progress: 22


1st goal of : forall (nat1:nat) (nat2:nat), even (plus (nat1) (nat2)) = even (plus (nat2) (nat1))
nat2 : nat
Base1 : nat2 = ZERO
---------------------------------------
forall (nat1:nat), even (plus (nat1) (ZERO)) = even (plus (ZERO) (nat1))

1 goal(s) more...

0 conjecture(s) more...
>>> simpl in goal(rank : 4.)


1st goal of : forall (nat1:nat) (nat2:nat), even (plus (nat1) (nat2)) = even (plus (nat2) (nat1))
nat2 : nat
Base1 : nat2 = ZERO
---------------------------------------
forall (nat1:nat), even (plus (nat1) (ZERO)) = even (nat1)

1 goal(s) more...

0 conjecture(s) more...
Tactic List : 1
induction nat1(rank:5.)
=================================================
Progress: 23


1st goal of : forall (nat1:nat) (nat2:nat), even (plus (nat1) (nat2)) = even (plus (nat2) (nat1))
nat2 : nat
Base1 : nat2 = ZERO
---------------------------------------
forall (nat1:nat), even (plus (nat1) (ZERO)) = even (nat1)

1 goal(s) more...

0 conjecture(s) more...
>>> induction nat1(rank : 5.)


1st goal of : forall (nat1:nat) (nat2:nat), even (plus (nat1) (nat2)) = even (plus (nat2) (nat1))
nat2 : nat
Base1 : nat2 = ZERO
nat1 : nat
Base2 : nat1 = ZERO
---------------------------------------
even (plus (ZERO) (ZERO)) = even (ZERO)

2 goal(s) more...

0 conjecture(s) more...
Tactic List : 1
reflexivity(rank:4.)
=================================================
Progress: 24


1st goal of : forall (nat1:nat) (nat2:nat), even (plus (nat1) (nat2)) = even (plus (nat2) (nat1))
nat2 : nat
Base1 : nat2 = ZERO
nat1 : nat
Base2 : nat1 = ZERO
---------------------------------------
even (plus (ZERO) (ZERO)) = even (ZERO)

2 goal(s) more...

0 conjecture(s) more...
>>> reflexivity(rank : 4.)


1st goal of : forall (nat1:nat) (nat2:nat), even (plus (nat1) (nat2)) = even (plus (nat2) (nat1))
nat2 : nat
Base1 : nat2 = ZERO
nat1 : nat
nat3 : nat
IH1 : even (plus (nat3) (ZERO)) = even (nat3)
Inductive1 : nat1 = SUCC (nat3)
---------------------------------------
even (plus (SUCC (nat3)) (ZERO)) = even (SUCC (nat3))

1 goal(s) more...

0 conjecture(s) more...
Deduplication: 0
Tactic List : 1
simpl in goal(rank:4.)
=================================================
Progress: 25


1st goal of : forall (nat1:nat) (nat2:nat), even (plus (nat1) (nat2)) = even (plus (nat2) (nat1))
nat2 : nat
Base1 : nat2 = ZERO
nat1 : nat
nat3 : nat
IH1 : even (plus (nat3) (ZERO)) = even (nat3)
Inductive1 : nat1 = SUCC (nat3)
---------------------------------------
even (plus (SUCC (nat3)) (ZERO)) = even (SUCC (nat3))

1 goal(s) more...

0 conjecture(s) more...
>>> simpl in goal(rank : 4.)


1st goal of : forall (nat1:nat) (nat2:nat), even (plus (nat1) (nat2)) = even (plus (nat2) (nat1))
nat2 : nat
Base1 : nat2 = ZERO
nat1 : nat
nat3 : nat
IH1 : even (plus (nat3) (ZERO)) = even (nat3)
Inductive1 : nat1 = SUCC (nat3)
---------------------------------------
if even (plus (nat3) (ZERO)) then false else true = if even (nat3) then false else true

1 goal(s) more...

0 conjecture(s) more...
Tactic List : 4
case even (nat3)(rank:5.)
case even (plus (nat3) (ZERO))(rank:5.)
rewrite IH1 in goal at 0(rank:12.)
rewrite <- IH1 in goal at 0(rank:12.)
=================================================
Progress: 26


1st goal of : forall (nat1:nat) (nat2:nat), even (plus (nat1) (nat2)) = even (plus (nat2) (nat1))
nat2 : nat
Base1 : nat2 = ZERO
nat1 : nat
nat3 : nat
IH1 : even (plus (nat3) (ZERO)) = even (nat3)
Inductive1 : nat1 = SUCC (nat3)
---------------------------------------
if even (plus (nat3) (ZERO)) then false else true = if even (nat3) then false else true

1 goal(s) more...

0 conjecture(s) more...
>>> case even (nat3)(rank : 5.)


1st goal of : forall (nat1:nat) (nat2:nat), even (plus (nat1) (nat2)) = even (plus (nat2) (nat1))
nat2 : nat
Base1 : nat2 = ZERO
nat1 : nat
nat3 : nat
IH1 : even (plus (nat3) (ZERO)) = true
Inductive1 : nat1 = SUCC (nat3)
Case1 : even (nat3) = true
---------------------------------------
if even (plus (nat3) (ZERO)) then false else true = false

2 goal(s) more...

0 conjecture(s) more...
Tactic List : 3
rewrite IH1 in goal at 0(rank:13.)
rewrite <- Case1 in goal at 0(rank:21.)
rewrite <- IH1 in goal at 0(rank:21.)
=================================================
Progress: 27


1st goal of : forall (nat1:nat) (nat2:nat), even (plus (nat1) (nat2)) = even (plus (nat2) (nat1))
nat2 : nat
Base1 : nat2 = ZERO
nat1 : nat
nat3 : nat
IH1 : even (plus (nat3) (ZERO)) = even (nat3)
Inductive1 : nat1 = SUCC (nat3)
---------------------------------------
if even (plus (nat3) (ZERO)) then false else true = if even (nat3) then false else true

1 goal(s) more...

0 conjecture(s) more...
>>> case even (plus (nat3) (ZERO))(rank : 5.)


1st goal of : forall (nat1:nat) (nat2:nat), even (plus (nat1) (nat2)) = even (plus (nat2) (nat1))
nat2 : nat
Base1 : nat2 = ZERO
nat1 : nat
nat3 : nat
IH1 : true = even (nat3)
Inductive1 : nat1 = SUCC (nat3)
Case1 : even (plus (nat3) (ZERO)) = true
---------------------------------------
false = if even (nat3) then false else true

2 goal(s) more...

0 conjecture(s) more...
Tactic List : 4
case even (nat3)(rank:6.)
rewrite <- IH1 in goal at 0(rank:13.)
rewrite IH1 in goal at 0(rank:21.)
rewrite <- Case1 in goal at 0(rank:21.)
=================================================
Progress: 28


1st goal of : forall (nat1:nat) (nat2:nat), even (plus (nat1) (nat2)) = even (plus (nat2) (nat1))
nat2 : nat
Base1 : nat2 = ZERO
nat1 : nat
nat3 : nat
IH1 : true = even (nat3)
Inductive1 : nat1 = SUCC (nat3)
Case1 : even (plus (nat3) (ZERO)) = true
---------------------------------------
false = if even (nat3) then false else true

2 goal(s) more...

0 conjecture(s) more...
>>> case even (nat3)(rank : 6.)


1st goal of : forall (nat1:nat) (nat2:nat), even (plus (nat1) (nat2)) = even (plus (nat2) (nat1))
nat2 : nat
Base1 : nat2 = ZERO
nat1 : nat
nat3 : nat
IH1 : true = true
Inductive1 : nat1 = SUCC (nat3)
Case1 : even (plus (nat3) (ZERO)) = true
Case2 : even (nat3) = true
---------------------------------------
false = false

3 goal(s) more...

0 conjecture(s) more...
Tactic List : 1
reflexivity(rank:5.)
=================================================
Progress: 29


1st goal of : forall (nat1:nat) (nat2:nat), even (plus (nat1) (nat2)) = even (plus (nat2) (nat1))
nat2 : nat
Base1 : nat2 = ZERO
nat1 : nat
nat3 : nat
IH1 : true = true
Inductive1 : nat1 = SUCC (nat3)
Case1 : even (plus (nat3) (ZERO)) = true
Case2 : even (nat3) = true
---------------------------------------
false = false

3 goal(s) more...

0 conjecture(s) more...
>>> reflexivity(rank : 5.)


1st goal of : forall (nat1:nat) (nat2:nat), even (plus (nat1) (nat2)) = even (plus (nat2) (nat1))
nat2 : nat
Base1 : nat2 = ZERO
nat1 : nat
nat3 : nat
IH1 : true = false
Inductive1 : nat1 = SUCC (nat3)
Case1 : even (plus (nat3) (ZERO)) = true
Case2 : even (nat3) = false
---------------------------------------
false = true

2 goal(s) more...

0 conjecture(s) more...
Deduplication: 0
Tactic List : 1
discriminate(rank:4.)
=================================================
Progress: 30


1st goal of : forall (nat1:nat) (nat2:nat), even (plus (nat1) (nat2)) = even (plus (nat2) (nat1))
nat2 : nat
Base1 : nat2 = ZERO
nat1 : nat
nat3 : nat
IH1 : true = false
Inductive1 : nat1 = SUCC (nat3)
Case1 : even (plus (nat3) (ZERO)) = true
Case2 : even (nat3) = false
---------------------------------------
false = true

2 goal(s) more...

0 conjecture(s) more...
>>> discriminate(rank : 4.)


1st goal of : forall (nat1:nat) (nat2:nat), even (plus (nat1) (nat2)) = even (plus (nat2) (nat1))
nat2 : nat
Base1 : nat2 = ZERO
nat1 : nat
nat3 : nat
IH1 : false = even (nat3)
Inductive1 : nat1 = SUCC (nat3)
Case1 : even (plus (nat3) (ZERO)) = false
---------------------------------------
true = if even (nat3) then false else true

1 goal(s) more...

0 conjecture(s) more...
Deduplication: 3
Tactic List : 4
case even (nat3)(rank:5.)
rewrite <- IH1 in goal at 0(rank:12.)
rewrite IH1 in goal at 0(rank:20.)
rewrite <- Case1 in goal at 0(rank:20.)
=================================================
Progress: 31


1st goal of : forall (nat1:nat) (nat2:nat), even (plus (nat1) (nat2)) = even (plus (nat2) (nat1))
nat2 : nat
Base1 : nat2 = ZERO
nat1 : nat
nat3 : nat
IH1 : false = even (nat3)
Inductive1 : nat1 = SUCC (nat3)
Case1 : even (plus (nat3) (ZERO)) = false
---------------------------------------
true = if even (nat3) then false else true

1 goal(s) more...

0 conjecture(s) more...
>>> case even (nat3)(rank : 5.)


1st goal of : forall (nat1:nat) (nat2:nat), even (plus (nat1) (nat2)) = even (plus (nat2) (nat1))
nat2 : nat
Base1 : nat2 = ZERO
nat1 : nat
nat3 : nat
IH1 : false = true
Inductive1 : nat1 = SUCC (nat3)
Case1 : even (plus (nat3) (ZERO)) = false
Case2 : even (nat3) = true
---------------------------------------
true = false

2 goal(s) more...

0 conjecture(s) more...
Tactic List : 1
discriminate(rank:4.)
=================================================
Progress: 32


1st goal of : forall (nat1:nat) (nat2:nat), even (plus (nat1) (nat2)) = even (plus (nat2) (nat1))
nat2 : nat
Base1 : nat2 = ZERO
nat1 : nat
nat3 : nat
IH1 : false = true
Inductive1 : nat1 = SUCC (nat3)
Case1 : even (plus (nat3) (ZERO)) = false
Case2 : even (nat3) = true
---------------------------------------
true = false

2 goal(s) more...

0 conjecture(s) more...
>>> discriminate(rank : 4.)


1st goal of : forall (nat1:nat) (nat2:nat), even (plus (nat1) (nat2)) = even (plus (nat2) (nat1))
nat2 : nat
Base1 : nat2 = ZERO
nat1 : nat
nat3 : nat
IH1 : false = false
Inductive1 : nat1 = SUCC (nat3)
Case1 : even (plus (nat3) (ZERO)) = false
Case2 : even (nat3) = false
---------------------------------------
true = true

1 goal(s) more...

0 conjecture(s) more...
Deduplication: 0
Tactic List : 1
reflexivity(rank:3.)
=================================================
Progress: 33


1st goal of : forall (nat1:nat) (nat2:nat), even (plus (nat1) (nat2)) = even (plus (nat2) (nat1))
nat2 : nat
Base1 : nat2 = ZERO
nat1 : nat
nat3 : nat
IH1 : false = false
Inductive1 : nat1 = SUCC (nat3)
Case1 : even (plus (nat3) (ZERO)) = false
Case2 : even (nat3) = false
---------------------------------------
true = true

1 goal(s) more...

0 conjecture(s) more...
>>> reflexivity(rank : 3.)


1st goal of : forall (nat1:nat) (nat2:nat), even (plus (nat1) (nat2)) = even (plus (nat2) (nat1))
nat2 : nat
nat3 : nat
IH1 : forall (nat1:nat), even (plus (nat1) (nat3)) = even (plus (nat3) (nat1))
Inductive1 : nat2 = SUCC (nat3)
---------------------------------------
forall (nat1:nat), even (plus (nat1) (SUCC (nat3))) = even (plus (SUCC (nat3)) (nat1))

0 goal(s) more...

0 conjecture(s) more...
Deduplication: 8
Tactic List : 1
simpl in goal(rank:3.)
=================================================
Progress: 34


1st goal of : forall (nat1:nat) (nat2:nat), even (plus (nat1) (nat2)) = even (plus (nat2) (nat1))
nat2 : nat
nat3 : nat
IH1 : forall (nat1:nat), even (plus (nat1) (nat3)) = even (plus (nat3) (nat1))
Inductive1 : nat2 = SUCC (nat3)
---------------------------------------
forall (nat1:nat), even (plus (nat1) (SUCC (nat3))) = even (plus (SUCC (nat3)) (nat1))

0 goal(s) more...

0 conjecture(s) more...
>>> simpl in goal(rank : 3.)


1st goal of : forall (nat1:nat) (nat2:nat), even (plus (nat1) (nat2)) = even (plus (nat2) (nat1))
nat2 : nat
nat3 : nat
IH1 : forall (nat1:nat), even (plus (nat1) (nat3)) = even (plus (nat3) (nat1))
Inductive1 : nat2 = SUCC (nat3)
---------------------------------------
forall (nat1:nat), even (plus (nat1) (SUCC (nat3))) = if even (plus (nat3) (nat1)) then false else true

0 goal(s) more...

0 conjecture(s) more...
Tactic List : 1
induction nat1(rank:4.)
=================================================
Progress: 35


1st goal of : forall (nat1:nat) (nat2:nat), even (plus (nat1) (nat2)) = even (plus (nat2) (nat1))
nat2 : nat
nat3 : nat
IH1 : forall (nat1:nat), even (plus (nat1) (nat3)) = even (plus (nat3) (nat1))
Inductive1 : nat2 = SUCC (nat3)
---------------------------------------
forall (nat1:nat), even (plus (nat1) (SUCC (nat3))) = if even (plus (nat3) (nat1)) then false else true

0 goal(s) more...

0 conjecture(s) more...
>>> induction nat1(rank : 4.)


1st goal of : forall (nat1:nat) (nat2:nat), even (plus (nat1) (nat2)) = even (plus (nat2) (nat1))
nat2 : nat
nat3 : nat
IH1 : forall (nat1:nat), even (plus (nat1) (nat3)) = even (plus (nat3) (nat1))
Inductive1 : nat2 = SUCC (nat3)
nat1 : nat
Base1 : nat1 = ZERO
---------------------------------------
even (plus (ZERO) (SUCC (nat3))) = if even (plus (nat3) (ZERO)) then false else true

1 goal(s) more...

0 conjecture(s) more...
Tactic List : 1
simpl in goal(rank:4.)
=================================================
Progress: 36


1st goal of : forall (nat1:nat) (nat2:nat), even (plus (nat1) (nat2)) = even (plus (nat2) (nat1))
nat2 : nat
nat3 : nat
IH1 : forall (nat1:nat), even (plus (nat1) (nat3)) = even (plus (nat3) (nat1))
Inductive1 : nat2 = SUCC (nat3)
nat1 : nat
Base1 : nat1 = ZERO
---------------------------------------
even (plus (ZERO) (SUCC (nat3))) = if even (plus (nat3) (ZERO)) then false else true

1 goal(s) more...

0 conjecture(s) more...
>>> simpl in goal(rank : 4.)


1st goal of : forall (nat1:nat) (nat2:nat), even (plus (nat1) (nat2)) = even (plus (nat2) (nat1))
nat2 : nat
nat3 : nat
IH1 : forall (nat1:nat), even (plus (nat1) (nat3)) = even (plus (nat3) (nat1))
Inductive1 : nat2 = SUCC (nat3)
nat1 : nat
Base1 : nat1 = ZERO
---------------------------------------
if even (nat3) then false else true = if even (plus (nat3) (ZERO)) then false else true

1 goal(s) more...

0 conjecture(s) more...
Tactic List : 2
case even (nat3)(rank:5.)
rewrite <- IH1 in goal at 0(rank:20.)
=================================================
Progress: 37


1st goal of : forall (nat1:nat) (nat2:nat), even (plus (nat1) (nat2)) = even (plus (nat2) (nat1))
nat2 : nat
nat3 : nat
IH1 : forall (nat1:nat), even (plus (nat1) (nat3)) = even (plus (nat3) (nat1))
Inductive1 : nat2 = SUCC (nat3)
nat1 : nat
Base1 : nat1 = ZERO
---------------------------------------
if even (nat3) then false else true = if even (plus (nat3) (ZERO)) then false else true

1 goal(s) more...

0 conjecture(s) more...
>>> case even (nat3)(rank : 5.)


1st goal of : forall (nat1:nat) (nat2:nat), even (plus (nat1) (nat2)) = even (plus (nat2) (nat1))
nat2 : nat
nat3 : nat
IH1 : forall (nat1:nat), even (plus (nat1) (nat3)) = even (plus (nat3) (nat1))
Inductive1 : nat2 = SUCC (nat3)
nat1 : nat
Base1 : nat1 = ZERO
Case1 : even (nat3) = true
---------------------------------------
false = if even (plus (nat3) (ZERO)) then false else true

2 goal(s) more...

0 conjecture(s) more...
Tactic List : 3
case even (plus (nat3) (ZERO))(rank:6.)
rewrite <- Case1 in goal at 0(rank:21.)
rewrite <- IH1 in goal at 0(rank:21.)
=================================================
Progress: 38


1st goal of : forall (nat1:nat) (nat2:nat), even (plus (nat1) (nat2)) = even (plus (nat2) (nat1))
nat2 : nat
nat3 : nat
IH1 : forall (nat1:nat), even (plus (nat1) (nat3)) = even (plus (nat3) (nat1))
Inductive1 : nat2 = SUCC (nat3)
nat1 : nat
Base1 : nat1 = ZERO
Case1 : even (nat3) = true
---------------------------------------
false = if even (plus (nat3) (ZERO)) then false else true

2 goal(s) more...

0 conjecture(s) more...
>>> case even (plus (nat3) (ZERO))(rank : 6.)


1st goal of : forall (nat1:nat) (nat2:nat), even (plus (nat1) (nat2)) = even (plus (nat2) (nat1))
nat2 : nat
nat3 : nat
IH1 : forall (nat1:nat), even (plus (nat1) (nat3)) = even (plus (nat3) (nat1))
Inductive1 : nat2 = SUCC (nat3)
nat1 : nat
Base1 : nat1 = ZERO
Case1 : even (nat3) = true
Case2 : even (plus (nat3) (ZERO)) = true
---------------------------------------
false = false

3 goal(s) more...

0 conjecture(s) more...
Tactic List : 1
reflexivity(rank:5.)
=================================================
Progress: 39


1st goal of : forall (nat1:nat) (nat2:nat), even (plus (nat1) (nat2)) = even (plus (nat2) (nat1))
nat2 : nat
nat3 : nat
IH1 : forall (nat1:nat), even (plus (nat1) (nat3)) = even (plus (nat3) (nat1))
Inductive1 : nat2 = SUCC (nat3)
nat1 : nat
Base1 : nat1 = ZERO
Case1 : even (nat3) = true
Case2 : even (plus (nat3) (ZERO)) = true
---------------------------------------
false = false

3 goal(s) more...

0 conjecture(s) more...
>>> reflexivity(rank : 5.)


1st goal of : forall (nat1:nat) (nat2:nat), even (plus (nat1) (nat2)) = even (plus (nat2) (nat1))
nat2 : nat
nat3 : nat
IH1 : forall (nat1:nat), even (plus (nat1) (nat3)) = even (plus (nat3) (nat1))
Inductive1 : nat2 = SUCC (nat3)
nat1 : nat
Base1 : nat1 = ZERO
Case1 : even (nat3) = true
Case2 : even (plus (nat3) (ZERO)) = false
---------------------------------------
false = true

2 goal(s) more...

0 conjecture(s) more...
Deduplication: 0
Tactic List : 2
rewrite <- Case1 in goal at 0(rank:21.)
rewrite <- Case2 in goal at 0(rank:21.)
=================================================
Progress: 40


1st goal of : forall (nat1:nat) (nat2:nat), even (plus (nat1) (nat2)) = even (plus (nat2) (nat1))
nat1 : nat
nat3 : nat
IH1 : forall (nat2:nat), even (plus (nat3) (nat2)) = even (plus (nat2) (nat3))
Inductive1 : nat1 = SUCC (nat3)
nat2 : nat
Base1 : nat2 = ZERO
---------------------------------------
if even (plus (nat3) (ZERO)) then false else true = if even (nat3) then false else true

1 goal(s) more...

0 conjecture(s) more...
>>> rewrite IH1 in goal at 0(rank : 20.)


1st goal of : forall (nat1:nat) (nat2:nat), even (plus (nat1) (nat2)) = even (plus (nat2) (nat1))
nat1 : nat
nat3 : nat
IH1 : forall (nat2:nat), even (plus (nat3) (nat2)) = even (plus (nat2) (nat3))
Inductive1 : nat1 = SUCC (nat3)
nat2 : nat
Base1 : nat2 = ZERO
---------------------------------------
if even (plus (ZERO) (nat3)) then false else true = if even (nat3) then false else true

1 goal(s) more...

0 conjecture(s) more...
Tactic List : 1
reflexivity(rank:3.)
=================================================
Progress: 41


1st goal of : forall (nat1:nat) (nat2:nat), even (plus (nat1) (nat2)) = even (plus (nat2) (nat1))
nat1 : nat
nat3 : nat
IH1 : forall (nat2:nat), even (plus (nat3) (nat2)) = even (plus (nat2) (nat3))
Inductive1 : nat1 = SUCC (nat3)
nat2 : nat
Base1 : nat2 = ZERO
---------------------------------------
if even (plus (ZERO) (nat3)) then false else true = if even (nat3) then false else true

1 goal(s) more...

0 conjecture(s) more...
>>> reflexivity(rank : 3.)


1st goal of : forall (nat1:nat) (nat2:nat), even (plus (nat1) (nat2)) = even (plus (nat2) (nat1))
nat1 : nat
nat3 : nat
IH1 : forall (nat2:nat), even (plus (nat3) (nat2)) = even (plus (nat2) (nat3))
Inductive1 : nat1 = SUCC (nat3)
nat2 : nat
nat4 : nat
IH2 : if even (plus (nat3) (nat4)) then false else true = even (plus (nat4) (SUCC (nat3)))
Inductive2 : nat2 = SUCC (nat4)
---------------------------------------
if even (plus (nat3) (SUCC (nat4))) then false else true = even (plus (SUCC (nat4)) (SUCC (nat3)))

0 goal(s) more...

0 conjecture(s) more...
Deduplication: 4
Tactic List : 1
simpl in goal(rank:3.)
=================================================
Progress: 42


1st goal of : forall (nat1:nat) (nat2:nat), even (plus (nat1) (nat2)) = even (plus (nat2) (nat1))
nat1 : nat
nat3 : nat
IH1 : forall (nat2:nat), even (plus (nat3) (nat2)) = even (plus (nat2) (nat3))
Inductive1 : nat1 = SUCC (nat3)
nat2 : nat
nat4 : nat
IH2 : if even (plus (nat3) (nat4)) then false else true = even (plus (nat4) (SUCC (nat3)))
Inductive2 : nat2 = SUCC (nat4)
---------------------------------------
if even (plus (nat3) (SUCC (nat4))) then false else true = even (plus (SUCC (nat4)) (SUCC (nat3)))

0 goal(s) more...

0 conjecture(s) more...
>>> simpl in goal(rank : 3.)


1st goal of : forall (nat1:nat) (nat2:nat), even (plus (nat1) (nat2)) = even (plus (nat2) (nat1))
nat1 : nat
nat3 : nat
IH1 : forall (nat2:nat), even (plus (nat3) (nat2)) = even (plus (nat2) (nat3))
Inductive1 : nat1 = SUCC (nat3)
nat2 : nat
nat4 : nat
IH2 : if even (plus (nat3) (nat4)) then false else true = even (plus (nat4) (SUCC (nat3)))
Inductive2 : nat2 = SUCC (nat4)
---------------------------------------
if even (plus (nat3) (SUCC (nat4))) then false else true = if even (plus (nat4) (SUCC (nat3))) then false else true

0 goal(s) more...

0 conjecture(s) more...
Tactic List : 3
case even (plus (nat4) (SUCC (nat3)))(rank:4.)
rewrite IH1 in goal at 0(rank:19.)
rewrite <- IH2 in goal at 0(rank:19.)
=================================================
Progress: 43


1st goal of : forall (nat1:nat) (nat2:nat), even (plus (nat1) (nat2)) = even (plus (nat2) (nat1))
nat1 : nat
nat3 : nat
IH1 : forall (nat2:nat), even (plus (nat3) (nat2)) = even (plus (nat2) (nat3))
Inductive1 : nat1 = SUCC (nat3)
nat2 : nat
nat4 : nat
IH2 : if even (plus (nat3) (nat4)) then false else true = even (plus (nat4) (SUCC (nat3)))
Inductive2 : nat2 = SUCC (nat4)
---------------------------------------
if even (plus (nat3) (SUCC (nat4))) then false else true = if even (plus (nat4) (SUCC (nat3))) then false else true

0 goal(s) more...

0 conjecture(s) more...
>>> case even (plus (nat4) (SUCC (nat3)))(rank : 4.)


1st goal of : forall (nat1:nat) (nat2:nat), even (plus (nat1) (nat2)) = even (plus (nat2) (nat1))
nat1 : nat
nat3 : nat
IH1 : forall (nat2:nat), even (plus (nat3) (nat2)) = even (plus (nat2) (nat3))
Inductive1 : nat1 = SUCC (nat3)
nat2 : nat
nat4 : nat
IH2 : if even (plus (nat3) (nat4)) then false else true = true
Inductive2 : nat2 = SUCC (nat4)
Case1 : even (plus (nat4) (SUCC (nat3))) = true
---------------------------------------
if even (plus (nat3) (SUCC (nat4))) then false else true = false

1 goal(s) more...

0 conjecture(s) more...
Tactic List : 3
case even (plus (nat3) (SUCC (nat4)))(rank:5.)
rewrite IH1 in goal at 0(rank:20.)
rewrite <- Case1 in goal at 0(rank:20.)
=================================================
Progress: 44


1st goal of : forall (nat1:nat) (nat2:nat), even (plus (nat1) (nat2)) = even (plus (nat2) (nat1))
nat1 : nat
nat3 : nat
IH1 : forall (nat2:nat), even (plus (nat3) (nat2)) = even (plus (nat2) (nat3))
Inductive1 : nat1 = SUCC (nat3)
nat2 : nat
nat4 : nat
IH2 : if even (plus (nat3) (nat4)) then false else true = true
Inductive2 : nat2 = SUCC (nat4)
Case1 : even (plus (nat4) (SUCC (nat3))) = true
---------------------------------------
if even (plus (nat3) (SUCC (nat4))) then false else true = false

1 goal(s) more...

0 conjecture(s) more...
>>> case even (plus (nat3) (SUCC (nat4)))(rank : 5.)


1st goal of : forall (nat1:nat) (nat2:nat), even (plus (nat1) (nat2)) = even (plus (nat2) (nat1))
nat1 : nat
nat3 : nat
IH1 : forall (nat2:nat), even (plus (nat3) (nat2)) = even (plus (nat2) (nat3))
Inductive1 : nat1 = SUCC (nat3)
nat2 : nat
nat4 : nat
IH2 : if even (plus (nat3) (nat4)) then false else true = true
Inductive2 : nat2 = SUCC (nat4)
Case1 : even (plus (nat4) (SUCC (nat3))) = true
Case2 : even (plus (nat3) (SUCC (nat4))) = true
---------------------------------------
false = false

2 goal(s) more...

0 conjecture(s) more...
Tactic List : 1
reflexivity(rank:4.)
=================================================
Progress: 45


1st goal of : forall (nat1:nat) (nat2:nat), even (plus (nat1) (nat2)) = even (plus (nat2) (nat1))
nat1 : nat
nat3 : nat
IH1 : forall (nat2:nat), even (plus (nat3) (nat2)) = even (plus (nat2) (nat3))
Inductive1 : nat1 = SUCC (nat3)
nat2 : nat
nat4 : nat
IH2 : if even (plus (nat3) (nat4)) then false else true = true
Inductive2 : nat2 = SUCC (nat4)
Case1 : even (plus (nat4) (SUCC (nat3))) = true
Case2 : even (plus (nat3) (SUCC (nat4))) = true
---------------------------------------
false = false

2 goal(s) more...

0 conjecture(s) more...
>>> reflexivity(rank : 4.)


1st goal of : forall (nat1:nat) (nat2:nat), even (plus (nat1) (nat2)) = even (plus (nat2) (nat1))
nat1 : nat
nat3 : nat
IH1 : forall (nat2:nat), even (plus (nat3) (nat2)) = even (plus (nat2) (nat3))
Inductive1 : nat1 = SUCC (nat3)
nat2 : nat
nat4 : nat
IH2 : if even (plus (nat3) (nat4)) then false else true = true
Inductive2 : nat2 = SUCC (nat4)
Case1 : even (plus (nat4) (SUCC (nat3))) = true
Case2 : even (plus (nat3) (SUCC (nat4))) = false
---------------------------------------
true = false

1 goal(s) more...

0 conjecture(s) more...
Deduplication: 0
Tactic List : 2
rewrite <- Case1 in goal at 0(rank:20.)
rewrite <- Case2 in goal at 0(rank:20.)
=================================================
Progress: 46


1st goal of : forall (nat1:nat) (nat2:nat), even (plus (nat1) (nat2)) = even (plus (nat2) (nat1))
nat1 : nat
nat3 : nat
IH1 : forall (nat2:nat), even (plus (nat3) (nat2)) = even (plus (nat2) (nat3))
Inductive1 : nat1 = SUCC (nat3)
nat2 : nat
nat4 : nat
IH2 : if even (plus (nat3) (nat4)) then false else true = even (plus (nat4) (SUCC (nat3)))
Inductive2 : nat2 = SUCC (nat4)
---------------------------------------
if even (plus (nat3) (SUCC (nat4))) then false else true = if even (plus (nat4) (SUCC (nat3))) then false else true

0 goal(s) more...

0 conjecture(s) more...
>>> rewrite IH1 in goal at 0(rank : 19.)


1st goal of : forall (nat1:nat) (nat2:nat), even (plus (nat1) (nat2)) = even (plus (nat2) (nat1))
nat1 : nat
nat3 : nat
IH1 : forall (nat2:nat), even (plus (nat3) (nat2)) = even (plus (nat2) (nat3))
Inductive1 : nat1 = SUCC (nat3)
nat2 : nat
nat4 : nat
IH2 : if even (plus (nat3) (nat4)) then false else true = even (plus (nat4) (SUCC (nat3)))
Inductive2 : nat2 = SUCC (nat4)
---------------------------------------
if even (plus (SUCC (nat4)) (nat3)) then false else true = if even (plus (nat4) (SUCC (nat3))) then false else true

0 goal(s) more...

0 conjecture(s) more...
Tactic List : 1
simpl in goal(rank:3.)
=================================================
Progress: 47


1st goal of : forall (nat1:nat) (nat2:nat), even (plus (nat1) (nat2)) = even (plus (nat2) (nat1))
nat1 : nat
nat3 : nat
IH1 : forall (nat2:nat), even (plus (nat3) (nat2)) = even (plus (nat2) (nat3))
Inductive1 : nat1 = SUCC (nat3)
nat2 : nat
nat4 : nat
IH2 : if even (plus (nat3) (nat4)) then false else true = even (plus (nat4) (SUCC (nat3)))
Inductive2 : nat2 = SUCC (nat4)
---------------------------------------
if even (plus (SUCC (nat4)) (nat3)) then false else true = if even (plus (nat4) (SUCC (nat3))) then false else true

0 goal(s) more...

0 conjecture(s) more...
>>> simpl in goal(rank : 3.)


1st goal of : forall (nat1:nat) (nat2:nat), even (plus (nat1) (nat2)) = even (plus (nat2) (nat1))
nat1 : nat
nat3 : nat
IH1 : forall (nat2:nat), even (plus (nat3) (nat2)) = even (plus (nat2) (nat3))
Inductive1 : nat1 = SUCC (nat3)
nat2 : nat
nat4 : nat
IH2 : if even (plus (nat3) (nat4)) then false else true = even (plus (nat4) (SUCC (nat3)))
Inductive2 : nat2 = SUCC (nat4)
---------------------------------------
if if even (plus (nat4) (nat3)) then false else true then false else true = if even (plus (nat4) (SUCC (nat3))) then false else true

0 goal(s) more...

0 conjecture(s) more...
Tactic List : 3
case even (plus (nat4) (nat3))(rank:4.)
rewrite <- IH2 in goal at 0(rank:11.)
rewrite <- IH1 in goal at 0(rank:19.)
=================================================
Progress: 48


1st goal of : forall (nat1:nat) (nat2:nat), even (plus (nat1) (nat2)) = even (plus (nat2) (nat1))
nat1 : nat
nat3 : nat
IH1 : forall (nat2:nat), even (plus (nat3) (nat2)) = even (plus (nat2) (nat3))
Inductive1 : nat1 = SUCC (nat3)
nat2 : nat
nat4 : nat
IH2 : if even (plus (nat3) (nat4)) then false else true = even (plus (nat4) (SUCC (nat3)))
Inductive2 : nat2 = SUCC (nat4)
---------------------------------------
if if even (plus (nat4) (nat3)) then false else true then false else true = if even (plus (nat4) (SUCC (nat3))) then false else true

0 goal(s) more...

0 conjecture(s) more...
>>> case even (plus (nat4) (nat3))(rank : 4.)


1st goal of : forall (nat1:nat) (nat2:nat), even (plus (nat1) (nat2)) = even (plus (nat2) (nat1))
nat1 : nat
nat3 : nat
IH1 : forall (nat2:nat), even (plus (nat3) (nat2)) = even (plus (nat2) (nat3))
Inductive1 : nat1 = SUCC (nat3)
nat2 : nat
nat4 : nat
IH2 : if even (plus (nat3) (nat4)) then false else true = even (plus (nat4) (SUCC (nat3)))
Inductive2 : nat2 = SUCC (nat4)
Case1 : even (plus (nat4) (nat3)) = true
---------------------------------------
true = if even (plus (nat4) (SUCC (nat3))) then false else true

1 goal(s) more...

0 conjecture(s) more...
Tactic List : 5
case even (plus (nat4) (SUCC (nat3)))(rank:5.)
rewrite <- Case1 in goal at 1(rank:12.)
rewrite <- Case1 in goal at 0(rank:20.)
rewrite <- Case1 in goal at 2(rank:20.)
rewrite <- IH2 in goal at 0(rank:20.)
=================================================
Progress: 49


1st goal of : forall (nat1:nat) (nat2:nat), even (plus (nat1) (nat2)) = even (plus (nat2) (nat1))
nat1 : nat
nat3 : nat
IH1 : forall (nat2:nat), even (plus (nat3) (nat2)) = even (plus (nat2) (nat3))
Inductive1 : nat1 = SUCC (nat3)
nat2 : nat
nat4 : nat
IH2 : if even (plus (nat3) (nat4)) then false else true = even (plus (nat4) (SUCC (nat3)))
Inductive2 : nat2 = SUCC (nat4)
Case1 : even (plus (nat4) (nat3)) = true
---------------------------------------
true = if even (plus (nat4) (SUCC (nat3))) then false else true

1 goal(s) more...

0 conjecture(s) more...
>>> case even (plus (nat4) (SUCC (nat3)))(rank : 5.)


1st goal of : forall (nat1:nat) (nat2:nat), even (plus (nat1) (nat2)) = even (plus (nat2) (nat1))
nat1 : nat
nat3 : nat
IH1 : forall (nat2:nat), even (plus (nat3) (nat2)) = even (plus (nat2) (nat3))
Inductive1 : nat1 = SUCC (nat3)
nat2 : nat
nat4 : nat
IH2 : if even (plus (nat3) (nat4)) then false else true = true
Inductive2 : nat2 = SUCC (nat4)
Case1 : even (plus (nat4) (nat3)) = true
Case2 : even (plus (nat4) (SUCC (nat3))) = true
---------------------------------------
true = false

2 goal(s) more...

0 conjecture(s) more...
Tactic List : 2
rewrite <- Case1 in goal at 0(rank:21.)
rewrite <- Case2 in goal at 0(rank:21.)
=================================================
Progress: 50


1st goal of : forall (nat1:nat) (nat2:nat), even (plus (nat1) (nat2)) = even (plus (nat2) (nat1))
nat1 : nat
nat3 : nat
IH1 : forall (nat2:nat), even (plus (nat3) (nat2)) = even (plus (nat2) (nat3))
Inductive1 : nat1 = SUCC (nat3)
nat2 : nat
nat4 : nat
IH2 : if even (plus (nat3) (nat4)) then false else true = even (plus (nat4) (SUCC (nat3)))
Inductive2 : nat2 = SUCC (nat4)
---------------------------------------
if if even (plus (nat4) (nat3)) then false else true then false else true = if even (plus (nat4) (SUCC (nat3))) then false else true

0 goal(s) more...

0 conjecture(s) more...
>>> rewrite <- IH2 in goal at 0(rank : 11.)


1st goal of : forall (nat1:nat) (nat2:nat), even (plus (nat1) (nat2)) = even (plus (nat2) (nat1))
nat1 : nat
nat3 : nat
IH1 : forall (nat2:nat), even (plus (nat3) (nat2)) = even (plus (nat2) (nat3))
Inductive1 : nat1 = SUCC (nat3)
nat2 : nat
nat4 : nat
IH2 : if even (plus (nat3) (nat4)) then false else true = even (plus (nat4) (SUCC (nat3)))
Inductive2 : nat2 = SUCC (nat4)
---------------------------------------
if if even (plus (nat4) (nat3)) then false else true then false else true = if if even (plus (nat3) (nat4)) then false else true then false else true

0 goal(s) more...

0 conjecture(s) more...
Tactic List : 4
case even (plus (nat4) (nat3))(rank:4.)
case even (plus (nat3) (nat4))(rank:4.)
rewrite IH1 in goal at 0(rank:11.)
rewrite <- IH1 in goal at 0(rank:11.)
=================================================
Progress: 51


1st goal of : forall (nat1:nat) (nat2:nat), even (plus (nat1) (nat2)) = even (plus (nat2) (nat1))
nat1 : nat
nat3 : nat
IH1 : forall (nat2:nat), even (plus (nat3) (nat2)) = even (plus (nat2) (nat3))
Inductive1 : nat1 = SUCC (nat3)
nat2 : nat
nat4 : nat
IH2 : if even (plus (nat3) (nat4)) then false else true = even (plus (nat4) (SUCC (nat3)))
Inductive2 : nat2 = SUCC (nat4)
---------------------------------------
if if even (plus (nat4) (nat3)) then false else true then false else true = if if even (plus (nat3) (nat4)) then false else true then false else true

0 goal(s) more...

0 conjecture(s) more...
>>> case even (plus (nat4) (nat3))(rank : 4.)


1st goal of : forall (nat1:nat) (nat2:nat), even (plus (nat1) (nat2)) = even (plus (nat2) (nat1))
nat1 : nat
nat3 : nat
IH1 : forall (nat2:nat), even (plus (nat3) (nat2)) = even (plus (nat2) (nat3))
Inductive1 : nat1 = SUCC (nat3)
nat2 : nat
nat4 : nat
IH2 : if even (plus (nat3) (nat4)) then false else true = even (plus (nat4) (SUCC (nat3)))
Inductive2 : nat2 = SUCC (nat4)
Case1 : even (plus (nat4) (nat3)) = true
---------------------------------------
true = if if even (plus (nat3) (nat4)) then false else true then false else true

1 goal(s) more...

0 conjecture(s) more...
Tactic List : 7
case even (plus (nat3) (nat4))(rank:5.)
rewrite IH2 in goal at 0(rank:12.)
rewrite IH1 in goal at 0(rank:20.)
rewrite <- Case1 in goal at 1(rank:12.)
rewrite <- Case1 in goal at 0(rank:20.)
rewrite <- Case1 in goal at 2(rank:20.)
rewrite <- Case1 in goal at 3(rank:20.)
=================================================
Progress: 52


1st goal of : forall (nat1:nat) (nat2:nat), even (plus (nat1) (nat2)) = even (plus (nat2) (nat1))
nat1 : nat
nat3 : nat
IH1 : forall (nat2:nat), even (plus (nat3) (nat2)) = even (plus (nat2) (nat3))
Inductive1 : nat1 = SUCC (nat3)
nat2 : nat
nat4 : nat
IH2 : if even (plus (nat3) (nat4)) then false else true = even (plus (nat4) (SUCC (nat3)))
Inductive2 : nat2 = SUCC (nat4)
---------------------------------------
if if even (plus (nat4) (nat3)) then false else true then false else true = if if even (plus (nat3) (nat4)) then false else true then false else true

0 goal(s) more...

0 conjecture(s) more...
>>> case even (plus (nat3) (nat4))(rank : 4.)


1st goal of : forall (nat1:nat) (nat2:nat), even (plus (nat1) (nat2)) = even (plus (nat2) (nat1))
nat1 : nat
nat3 : nat
IH1 : forall (nat2:nat), even (plus (nat3) (nat2)) = even (plus (nat2) (nat3))
Inductive1 : nat1 = SUCC (nat3)
nat2 : nat
nat4 : nat
IH2 : false = even (plus (nat4) (SUCC (nat3)))
Inductive2 : nat2 = SUCC (nat4)
Case1 : even (plus (nat3) (nat4)) = true
---------------------------------------
if if even (plus (nat4) (nat3)) then false else true then false else true = true

1 goal(s) more...

0 conjecture(s) more...
Tactic List : 9
case even (plus (nat4) (nat3))(rank:5.)
rewrite <- Case1 in goal at 3(rank:12.)
rewrite IH2 in goal at 0(rank:20.)
rewrite IH2 in goal at 2(rank:20.)
rewrite <- Case1 in goal at 0(rank:20.)
rewrite <- Case1 in goal at 1(rank:20.)
rewrite <- Case1 in goal at 2(rank:20.)
rewrite IH2 in goal at 1(rank:20.)
rewrite <- IH1 in goal at 0(rank:20.)
=================================================
Progress: 53


1st goal of : forall (nat1:nat) (nat2:nat), even (plus (nat1) (nat2)) = even (plus (nat2) (nat1))
nat1 : nat
nat3 : nat
IH1 : forall (nat2:nat), even (plus (nat3) (nat2)) = even (plus (nat2) (nat3))
Inductive1 : nat1 = SUCC (nat3)
nat2 : nat
nat4 : nat
IH2 : if even (plus (nat3) (nat4)) then false else true = even (plus (nat4) (SUCC (nat3)))
Inductive2 : nat2 = SUCC (nat4)
Case1 : even (plus (nat4) (nat3)) = true
---------------------------------------
true = if if even (plus (nat3) (nat4)) then false else true then false else true

1 goal(s) more...

0 conjecture(s) more...
>>> case even (plus (nat3) (nat4))(rank : 5.)


1st goal of : forall (nat1:nat) (nat2:nat), even (plus (nat1) (nat2)) = even (plus (nat2) (nat1))
nat1 : nat
nat3 : nat
IH1 : forall (nat2:nat), even (plus (nat3) (nat2)) = even (plus (nat2) (nat3))
Inductive1 : nat1 = SUCC (nat3)
nat2 : nat
nat4 : nat
IH2 : false = even (plus (nat4) (SUCC (nat3)))
Inductive2 : nat2 = SUCC (nat4)
Case1 : even (plus (nat4) (nat3)) = true
Case2 : even (plus (nat3) (nat4)) = true
---------------------------------------
true = true

2 goal(s) more...

0 conjecture(s) more...
Tactic List : 1
reflexivity(rank:4.)
=================================================
Progress: 54


1st goal of : forall (nat1:nat) (nat2:nat), even (plus (nat1) (nat2)) = even (plus (nat2) (nat1))
nat1 : nat
nat3 : nat
IH1 : forall (nat2:nat), even (plus (nat3) (nat2)) = even (plus (nat2) (nat3))
Inductive1 : nat1 = SUCC (nat3)
nat2 : nat
nat4 : nat
IH2 : false = even (plus (nat4) (SUCC (nat3)))
Inductive2 : nat2 = SUCC (nat4)
Case1 : even (plus (nat4) (nat3)) = true
Case2 : even (plus (nat3) (nat4)) = true
---------------------------------------
true = true

2 goal(s) more...

0 conjecture(s) more...
>>> reflexivity(rank : 4.)


1st goal of : forall (nat1:nat) (nat2:nat), even (plus (nat1) (nat2)) = even (plus (nat2) (nat1))
nat1 : nat
nat3 : nat
IH1 : forall (nat2:nat), even (plus (nat3) (nat2)) = even (plus (nat2) (nat3))
Inductive1 : nat1 = SUCC (nat3)
nat2 : nat
nat4 : nat
IH2 : true = even (plus (nat4) (SUCC (nat3)))
Inductive2 : nat2 = SUCC (nat4)
Case1 : even (plus (nat4) (nat3)) = true
Case2 : even (plus (nat3) (nat4)) = false
---------------------------------------
true = false

1 goal(s) more...

0 conjecture(s) more...
Deduplication: 0
Tactic List : 3
rewrite IH2 in goal at 0(rank:20.)
rewrite <- Case1 in goal at 0(rank:20.)
rewrite <- Case2 in goal at 0(rank:20.)
=================================================
Progress: 55


1st goal of : forall (nat1:nat) (nat2:nat), even (plus (nat1) (nat2)) = even (plus (nat2) (nat1))
nat1 : nat
nat3 : nat
IH1 : forall (nat2:nat), even (plus (nat3) (nat2)) = even (plus (nat2) (nat3))
Inductive1 : nat1 = SUCC (nat3)
nat2 : nat
nat4 : nat
IH2 : false = even (plus (nat4) (SUCC (nat3)))
Inductive2 : nat2 = SUCC (nat4)
Case1 : even (plus (nat3) (nat4)) = true
---------------------------------------
if if even (plus (nat4) (nat3)) then false else true then false else true = true

1 goal(s) more...

0 conjecture(s) more...
>>> case even (plus (nat4) (nat3))(rank : 5.)


1st goal of : forall (nat1:nat) (nat2:nat), even (plus (nat1) (nat2)) = even (plus (nat2) (nat1))
nat1 : nat
nat3 : nat
IH1 : forall (nat2:nat), even (plus (nat3) (nat2)) = even (plus (nat2) (nat3))
Inductive1 : nat1 = SUCC (nat3)
nat2 : nat
nat4 : nat
IH2 : false = even (plus (nat4) (SUCC (nat3)))
Inductive2 : nat2 = SUCC (nat4)
Case1 : even (plus (nat3) (nat4)) = true
Case2 : even (plus (nat4) (nat3)) = true
---------------------------------------
true = true

2 goal(s) more...

0 conjecture(s) more...
Tactic List : 1
reflexivity(rank:4.)
=================================================
Progress: 56


1st goal of : forall (nat1:nat) (nat2:nat), even (plus (nat1) (nat2)) = even (plus (nat2) (nat1))
nat1 : nat
nat3 : nat
IH1 : forall (nat2:nat), even (plus (nat3) (nat2)) = even (plus (nat2) (nat3))
Inductive1 : nat1 = SUCC (nat3)
nat2 : nat
nat4 : nat
IH2 : false = even (plus (nat4) (SUCC (nat3)))
Inductive2 : nat2 = SUCC (nat4)
Case1 : even (plus (nat3) (nat4)) = true
Case2 : even (plus (nat4) (nat3)) = true
---------------------------------------
true = true

2 goal(s) more...

0 conjecture(s) more...
>>> reflexivity(rank : 4.)


1st goal of : forall (nat1:nat) (nat2:nat), even (plus (nat1) (nat2)) = even (plus (nat2) (nat1))
nat1 : nat
nat3 : nat
IH1 : forall (nat2:nat), even (plus (nat3) (nat2)) = even (plus (nat2) (nat3))
Inductive1 : nat1 = SUCC (nat3)
nat2 : nat
nat4 : nat
IH2 : false = even (plus (nat4) (SUCC (nat3)))
Inductive2 : nat2 = SUCC (nat4)
Case1 : even (plus (nat3) (nat4)) = true
Case2 : even (plus (nat4) (nat3)) = false
---------------------------------------
false = true

1 goal(s) more...

0 conjecture(s) more...
Deduplication: 0
Tactic List : 3
rewrite IH2 in goal at 0(rank:20.)
rewrite <- Case1 in goal at 0(rank:20.)
rewrite <- Case2 in goal at 0(rank:20.)
=================================================
Progress: 57


1st goal of : forall (nat1:nat) (nat2:nat), even (plus (nat1) (nat2)) = even (plus (nat2) (nat1))
nat1 : nat
nat3 : nat
IH1 : forall (nat2:nat), even (plus (nat3) (nat2)) = even (plus (nat2) (nat3))
Inductive1 : nat1 = SUCC (nat3)
nat2 : nat
nat4 : nat
IH2 : if even (plus (nat3) (nat4)) then false else true = even (plus (nat4) (SUCC (nat3)))
Inductive2 : nat2 = SUCC (nat4)
---------------------------------------
if if even (plus (nat4) (nat3)) then false else true then false else true = if if even (plus (nat3) (nat4)) then false else true then false else true

0 goal(s) more...

0 conjecture(s) more...
>>> rewrite IH1 in goal at 0(rank : 11.)


1st goal of : forall (nat1:nat) (nat2:nat), even (plus (nat1) (nat2)) = even (plus (nat2) (nat1))
nat1 : nat
nat3 : nat
IH1 : forall (nat2:nat), even (plus (nat3) (nat2)) = even (plus (nat2) (nat3))
Inductive1 : nat1 = SUCC (nat3)
nat2 : nat
nat4 : nat
IH2 : if even (plus (nat3) (nat4)) then false else true = even (plus (nat4) (SUCC (nat3)))
Inductive2 : nat2 = SUCC (nat4)
---------------------------------------
if if even (plus (nat4) (nat3)) then false else true then false else true = if if even (plus (nat4) (nat3)) then false else true then false else true

0 goal(s) more...

0 conjecture(s) more...
Tactic List : 1
reflexivity(rank:0.)
=================================================
Progress: 58


1st goal of : forall (nat1:nat) (nat2:nat), even (plus (nat1) (nat2)) = even (plus (nat2) (nat1))
nat1 : nat
nat3 : nat
IH1 : forall (nat2:nat), even (plus (nat3) (nat2)) = even (plus (nat2) (nat3))
Inductive1 : nat1 = SUCC (nat3)
nat2 : nat
nat4 : nat
IH2 : if even (plus (nat3) (nat4)) then false else true = even (plus (nat4) (SUCC (nat3)))
Inductive2 : nat2 = SUCC (nat4)
---------------------------------------
if if even (plus (nat4) (nat3)) then false else true then false else true = if if even (plus (nat4) (nat3)) then false else true then false else true

0 goal(s) more...

0 conjecture(s) more...
>>> reflexivity(rank : 0.)


No conjecture
Proof Success
Proof
assert forall (nat1:nat) (nat2:nat), even (plus (nat1) (nat2)) = even (plus (nat2) (nat1))
induction nat1
simpl in goal
induction nat2
reflexivity
simpl in goal
case even (nat3)
case even (plus (nat3) (ZERO))
reflexivity
discriminate
case even (plus (nat3) (ZERO))
discriminate
reflexivity
simpl in goal
induction nat2
simpl in goal
rewrite IH1 in goal at 0
reflexivity
simpl in goal
rewrite IH1 in goal at 0
simpl in goal
rewrite <- IH2 in goal at 0
rewrite IH1 in goal at 0
reflexivity
Qed
File "_none_", lines 88-90, characters 2-22:
Warning 8 [partial-match]: this pattern-matching is not exhaustive.
Here is an example of a case that is not matched:
[]

File "_none_", lines 88-90, characters 2-22:
Warning 8 [partial-match]: this pattern-matching is not exhaustive.
Here is an example of a case that is not matched:
[]
