Enter the definition file path (1/2) : 
> Enter the definition file path (2/2) : 
> Choose the proof type :
1) Interactive Mode 	 2) Auto Mode
Enter the goal : =================================================
Progress: 1


No conjecture
>>> assert forall (x:nat), double (x) = plus (x) (x)(rank : 0)


1st goal of : forall (nat1:nat), double (nat1) = plus (nat1) (nat1)

---------------------------------------
forall (nat1:nat), double (nat1) = plus (nat1) (nat1)

0 goal(s) more...

0 conjecture(s) more...
Tactic List : 1
induction nat1(rank:4)
=================================================
Progress: 2


1st goal of : forall (nat1:nat), double (nat1) = plus (nat1) (nat1)

---------------------------------------
forall (nat1:nat), double (nat1) = plus (nat1) (nat1)

0 goal(s) more...

0 conjecture(s) more...
>>> induction nat1(rank : 4)


1st goal of : forall (nat1:nat), double (nat1) = plus (nat1) (nat1)
nat1 : nat
Base1 : nat1 = ZERO
---------------------------------------
double (ZERO) = plus (ZERO) (ZERO)

1 goal(s) more...

0 conjecture(s) more...
Tactic List : 1
reflexivity(rank:3)
=================================================
Progress: 3


1st goal of : forall (nat1:nat), double (nat1) = plus (nat1) (nat1)
nat1 : nat
Base1 : nat1 = ZERO
---------------------------------------
double (ZERO) = plus (ZERO) (ZERO)

1 goal(s) more...

0 conjecture(s) more...
>>> reflexivity(rank : 3)


1st goal of : forall (nat1:nat), double (nat1) = plus (nat1) (nat1)
nat1 : nat
nat2 : nat
IH1 : double (nat2) = plus (nat2) (nat2)
Inductive1 : nat1 = SUCC (nat2)
---------------------------------------
double (SUCC (nat2)) = plus (SUCC (nat2)) (SUCC (nat2))

0 goal(s) more...

0 conjecture(s) more...
Deduplication: 0
Tactic List : 1
simpl in goal(rank:3)
=================================================
Progress: 4


1st goal of : forall (nat1:nat), double (nat1) = plus (nat1) (nat1)
nat1 : nat
nat2 : nat
IH1 : double (nat2) = plus (nat2) (nat2)
Inductive1 : nat1 = SUCC (nat2)
---------------------------------------
double (SUCC (nat2)) = plus (SUCC (nat2)) (SUCC (nat2))

0 goal(s) more...

0 conjecture(s) more...
>>> simpl in goal(rank : 3)


1st goal of : forall (nat1:nat), double (nat1) = plus (nat1) (nat1)
nat1 : nat
nat2 : nat
IH1 : double (nat2) = plus (nat2) (nat2)
Inductive1 : nat1 = SUCC (nat2)
---------------------------------------
SUCC (SUCC (double (nat2))) = SUCC (plus (nat2) (SUCC (nat2)))

0 goal(s) more...

0 conjecture(s) more...
Tactic List : 1
rewrite IH1 in goal at 0(rank:3)
=================================================
Progress: 5


1st goal of : forall (nat1:nat), double (nat1) = plus (nat1) (nat1)
nat1 : nat
nat2 : nat
IH1 : double (nat2) = plus (nat2) (nat2)
Inductive1 : nat1 = SUCC (nat2)
---------------------------------------
SUCC (SUCC (double (nat2))) = SUCC (plus (nat2) (SUCC (nat2)))

0 goal(s) more...

0 conjecture(s) more...
>>> rewrite IH1 in goal at 0(rank : 3)


1st goal of : forall (nat1:nat), double (nat1) = plus (nat1) (nat1)
nat1 : nat
nat2 : nat
IH1 : double (nat2) = plus (nat2) (nat2)
Inductive1 : nat1 = SUCC (nat2)
---------------------------------------
SUCC (SUCC (plus (nat2) (nat2))) = SUCC (plus (nat2) (SUCC (nat2)))

0 goal(s) more...

0 conjecture(s) more...
Tactic List : 0
previous tactics
simpl in goal
rewrite IH1 in goal at 0
advanced_generalize done
Lemma : forall (nat2:nat), SUCC (SUCC (plus (nat2) (nat2))) = SUCC (plus (nat2) (SUCC (nat2)))
Model : nat2: ZERO
Model : nat2: ZERO
Model : nat2: ZERO
Simplifying conditions and property...
Simplifying took 0.000052 seconds
Result : true
New Env

;;
Lemma List
forall (nat2:nat), SUCC (SUCC (plus (nat2) (nat2))) = SUCC (plus (nat2) (SUCC (nat2)))
End of Lemma List


1st goal of : forall (nat1:nat), double (nat1) = plus (nat1) (nat1)
nat1 : nat
nat2 : nat
IH1 : double (nat2) = plus (nat2) (nat2)
Inductive1 : nat1 = SUCC (nat2)
---------------------------------------
SUCC (SUCC (plus (nat2) (nat2))) = SUCC (plus (nat2) (SUCC (nat2)))

0 goal(s) more...

0 conjecture(s) more...
=================================================
Progress: 6


1st goal of : forall (nat1:nat), double (nat1) = plus (nat1) (nat1)
nat1 : nat
nat2 : nat
IH1 : double (nat2) = plus (nat2) (nat2)
Inductive1 : nat1 = SUCC (nat2)
---------------------------------------
SUCC (SUCC (plus (nat2) (nat2))) = SUCC (plus (nat2) (SUCC (nat2)))

0 goal(s) more...

0 conjecture(s) more...
>>> assert forall (nat2:nat), SUCC (SUCC (plus (nat2) (nat2))) = SUCC (plus (nat2) (SUCC (nat2)))(rank : 0)


1st goal of : forall (nat1:nat), SUCC (SUCC (plus (nat1) (nat1))) = SUCC (plus (nat1) (SUCC (nat1)))

---------------------------------------
forall (nat1:nat), SUCC (SUCC (plus (nat1) (nat1))) = SUCC (plus (nat1) (SUCC (nat1)))

0 goal(s) more...

1 conjecture(s) more...
Tactic List : 1
induction nat1(rank:6)
=================================================
Progress: 7


1st goal of : forall (nat1:nat), SUCC (SUCC (plus (nat1) (nat1))) = SUCC (plus (nat1) (SUCC (nat1)))

---------------------------------------
forall (nat1:nat), SUCC (SUCC (plus (nat1) (nat1))) = SUCC (plus (nat1) (SUCC (nat1)))

0 goal(s) more...

1 conjecture(s) more...
>>> induction nat1(rank : 6)


1st goal of : forall (nat1:nat), SUCC (SUCC (plus (nat1) (nat1))) = SUCC (plus (nat1) (SUCC (nat1)))
nat1 : nat
Base1 : nat1 = ZERO
---------------------------------------
SUCC (SUCC (plus (ZERO) (ZERO))) = SUCC (plus (ZERO) (SUCC (ZERO)))

1 goal(s) more...

1 conjecture(s) more...
Tactic List : 1
reflexivity(rank:5)
=================================================
Progress: 8


1st goal of : forall (nat1:nat), SUCC (SUCC (plus (nat1) (nat1))) = SUCC (plus (nat1) (SUCC (nat1)))
nat1 : nat
Base1 : nat1 = ZERO
---------------------------------------
SUCC (SUCC (plus (ZERO) (ZERO))) = SUCC (plus (ZERO) (SUCC (ZERO)))

1 goal(s) more...

1 conjecture(s) more...
>>> reflexivity(rank : 5)


1st goal of : forall (nat1:nat), SUCC (SUCC (plus (nat1) (nat1))) = SUCC (plus (nat1) (SUCC (nat1)))
nat1 : nat
nat2 : nat
IH1 : SUCC (SUCC (plus (nat2) (nat2))) = SUCC (plus (nat2) (SUCC (nat2)))
Inductive1 : nat1 = SUCC (nat2)
---------------------------------------
SUCC (SUCC (plus (SUCC (nat2)) (SUCC (nat2)))) = SUCC (plus (SUCC (nat2)) (SUCC (SUCC (nat2))))

0 goal(s) more...

1 conjecture(s) more...
Deduplication: 0
Tactic List : 1
simpl in goal(rank:5)
=================================================
Progress: 9


1st goal of : forall (nat1:nat), SUCC (SUCC (plus (nat1) (nat1))) = SUCC (plus (nat1) (SUCC (nat1)))
nat1 : nat
nat2 : nat
IH1 : SUCC (SUCC (plus (nat2) (nat2))) = SUCC (plus (nat2) (SUCC (nat2)))
Inductive1 : nat1 = SUCC (nat2)
---------------------------------------
SUCC (SUCC (plus (SUCC (nat2)) (SUCC (nat2)))) = SUCC (plus (SUCC (nat2)) (SUCC (SUCC (nat2))))

0 goal(s) more...

1 conjecture(s) more...
>>> simpl in goal(rank : 5)


1st goal of : forall (nat1:nat), SUCC (SUCC (plus (nat1) (nat1))) = SUCC (plus (nat1) (SUCC (nat1)))
nat1 : nat
nat2 : nat
IH1 : SUCC (SUCC (plus (nat2) (nat2))) = SUCC (plus (nat2) (SUCC (nat2)))
Inductive1 : nat1 = SUCC (nat2)
---------------------------------------
SUCC (SUCC (SUCC (plus (nat2) (SUCC (nat2))))) = SUCC (SUCC (plus (nat2) (SUCC (SUCC (nat2)))))

0 goal(s) more...

1 conjecture(s) more...
Tactic List : 1
rewrite <- IH1 in goal at 0(rank:5)
=================================================
Progress: 10


1st goal of : forall (nat1:nat), SUCC (SUCC (plus (nat1) (nat1))) = SUCC (plus (nat1) (SUCC (nat1)))
nat1 : nat
nat2 : nat
IH1 : SUCC (SUCC (plus (nat2) (nat2))) = SUCC (plus (nat2) (SUCC (nat2)))
Inductive1 : nat1 = SUCC (nat2)
---------------------------------------
SUCC (SUCC (SUCC (plus (nat2) (SUCC (nat2))))) = SUCC (SUCC (plus (nat2) (SUCC (SUCC (nat2)))))

0 goal(s) more...

1 conjecture(s) more...
>>> rewrite <- IH1 in goal at 0(rank : 5)


1st goal of : forall (nat1:nat), SUCC (SUCC (plus (nat1) (nat1))) = SUCC (plus (nat1) (SUCC (nat1)))
nat1 : nat
nat2 : nat
IH1 : SUCC (SUCC (plus (nat2) (nat2))) = SUCC (plus (nat2) (SUCC (nat2)))
Inductive1 : nat1 = SUCC (nat2)
---------------------------------------
SUCC (SUCC (SUCC (SUCC (plus (nat2) (nat2))))) = SUCC (SUCC (plus (nat2) (SUCC (SUCC (nat2)))))

0 goal(s) more...

1 conjecture(s) more...
Tactic List : 0
previous tactics
simpl in goal
rewrite <- IH1 in goal at 0
advanced_generalize done
Lemma : forall (nat2:nat), SUCC (SUCC (SUCC (SUCC (plus (nat2) (nat2))))) = SUCC (SUCC (plus (nat2) (SUCC (SUCC (nat2)))))
Model : nat2: ZERO
Model : nat2: ZERO
Model : nat2: ZERO
Simplifying conditions and property...
Simplifying took 0.000068 seconds
Result : true
New Env

;;
Lemma List
forall (nat2:nat), SUCC (SUCC (SUCC (SUCC (plus (nat2) (nat2))))) = SUCC (SUCC (plus (nat2) (SUCC (SUCC (nat2)))))
End of Lemma List


1st goal of : forall (nat1:nat), SUCC (SUCC (plus (nat1) (nat1))) = SUCC (plus (nat1) (SUCC (nat1)))
nat1 : nat
nat2 : nat
IH1 : SUCC (SUCC (plus (nat2) (nat2))) = SUCC (plus (nat2) (SUCC (nat2)))
Inductive1 : nat1 = SUCC (nat2)
---------------------------------------
SUCC (SUCC (SUCC (SUCC (plus (nat2) (nat2))))) = SUCC (SUCC (plus (nat2) (SUCC (SUCC (nat2)))))

0 goal(s) more...

1 conjecture(s) more...
=================================================
Progress: 11


1st goal of : forall (nat1:nat), SUCC (SUCC (plus (nat1) (nat1))) = SUCC (plus (nat1) (SUCC (nat1)))
nat1 : nat
nat2 : nat
IH1 : SUCC (SUCC (plus (nat2) (nat2))) = SUCC (plus (nat2) (SUCC (nat2)))
Inductive1 : nat1 = SUCC (nat2)
---------------------------------------
SUCC (SUCC (SUCC (SUCC (plus (nat2) (nat2))))) = SUCC (SUCC (plus (nat2) (SUCC (SUCC (nat2)))))

0 goal(s) more...

1 conjecture(s) more...
>>> assert forall (nat2:nat), SUCC (SUCC (SUCC (SUCC (plus (nat2) (nat2))))) = SUCC (SUCC (plus (nat2) (SUCC (SUCC (nat2)))))(rank : 0)


1st goal of : forall (nat1:nat), SUCC (SUCC (SUCC (SUCC (plus (nat1) (nat1))))) = SUCC (SUCC (plus (nat1) (SUCC (SUCC (nat1)))))

---------------------------------------
forall (nat1:nat), SUCC (SUCC (SUCC (SUCC (plus (nat1) (nat1))))) = SUCC (SUCC (plus (nat1) (SUCC (SUCC (nat1)))))

0 goal(s) more...

2 conjecture(s) more...
Tactic List : 1
induction nat1(rank:8)
=================================================
Progress: 12


1st goal of : forall (nat1:nat), SUCC (SUCC (SUCC (SUCC (plus (nat1) (nat1))))) = SUCC (SUCC (plus (nat1) (SUCC (SUCC (nat1)))))

---------------------------------------
forall (nat1:nat), SUCC (SUCC (SUCC (SUCC (plus (nat1) (nat1))))) = SUCC (SUCC (plus (nat1) (SUCC (SUCC (nat1)))))

0 goal(s) more...

2 conjecture(s) more...
>>> induction nat1(rank : 8)


1st goal of : forall (nat1:nat), SUCC (SUCC (SUCC (SUCC (plus (nat1) (nat1))))) = SUCC (SUCC (plus (nat1) (SUCC (SUCC (nat1)))))
nat1 : nat
Base1 : nat1 = ZERO
---------------------------------------
SUCC (SUCC (SUCC (SUCC (plus (ZERO) (ZERO))))) = SUCC (SUCC (plus (ZERO) (SUCC (SUCC (ZERO)))))

1 goal(s) more...

2 conjecture(s) more...
Tactic List : 1
reflexivity(rank:7)
=================================================
Progress: 13


1st goal of : forall (nat1:nat), SUCC (SUCC (SUCC (SUCC (plus (nat1) (nat1))))) = SUCC (SUCC (plus (nat1) (SUCC (SUCC (nat1)))))
nat1 : nat
Base1 : nat1 = ZERO
---------------------------------------
SUCC (SUCC (SUCC (SUCC (plus (ZERO) (ZERO))))) = SUCC (SUCC (plus (ZERO) (SUCC (SUCC (ZERO)))))

1 goal(s) more...

2 conjecture(s) more...
>>> reflexivity(rank : 7)


1st goal of : forall (nat1:nat), SUCC (SUCC (SUCC (SUCC (plus (nat1) (nat1))))) = SUCC (SUCC (plus (nat1) (SUCC (SUCC (nat1)))))
nat1 : nat
nat2 : nat
IH1 : SUCC (SUCC (SUCC (SUCC (plus (nat2) (nat2))))) = SUCC (SUCC (plus (nat2) (SUCC (SUCC (nat2)))))
Inductive1 : nat1 = SUCC (nat2)
---------------------------------------
SUCC (SUCC (SUCC (SUCC (plus (SUCC (nat2)) (SUCC (nat2)))))) = SUCC (SUCC (plus (SUCC (nat2)) (SUCC (SUCC (SUCC (nat2))))))

0 goal(s) more...

2 conjecture(s) more...
Deduplication: 0
Tactic List : 1
simpl in goal(rank:7)
=================================================
Progress: 14


1st goal of : forall (nat1:nat), SUCC (SUCC (SUCC (SUCC (plus (nat1) (nat1))))) = SUCC (SUCC (plus (nat1) (SUCC (SUCC (nat1)))))
nat1 : nat
nat2 : nat
IH1 : SUCC (SUCC (SUCC (SUCC (plus (nat2) (nat2))))) = SUCC (SUCC (plus (nat2) (SUCC (SUCC (nat2)))))
Inductive1 : nat1 = SUCC (nat2)
---------------------------------------
SUCC (SUCC (SUCC (SUCC (plus (SUCC (nat2)) (SUCC (nat2)))))) = SUCC (SUCC (plus (SUCC (nat2)) (SUCC (SUCC (SUCC (nat2))))))

0 goal(s) more...

2 conjecture(s) more...
>>> simpl in goal(rank : 7)


1st goal of : forall (nat1:nat), SUCC (SUCC (SUCC (SUCC (plus (nat1) (nat1))))) = SUCC (SUCC (plus (nat1) (SUCC (SUCC (nat1)))))
nat1 : nat
nat2 : nat
IH1 : SUCC (SUCC (SUCC (SUCC (plus (nat2) (nat2))))) = SUCC (SUCC (plus (nat2) (SUCC (SUCC (nat2)))))
Inductive1 : nat1 = SUCC (nat2)
---------------------------------------
SUCC (SUCC (SUCC (SUCC (SUCC (plus (nat2) (SUCC (nat2))))))) = SUCC (SUCC (SUCC (plus (nat2) (SUCC (SUCC (SUCC (nat2)))))))

0 goal(s) more...

2 conjecture(s) more...
Tactic List : 0
previous tactics
simpl in goal
advanced_generalize done
Lemma : forall (arg1:nat) (nat2:nat), SUCC (SUCC (SUCC (SUCC (SUCC (plus (nat2) (arg1)))))) = SUCC (SUCC (SUCC (plus (nat2) (SUCC (SUCC (arg1))))))
Model : arg1: ZERO, nat2: ZERO
Model : arg1: ZERO, nat2: SUCC (ZERO)
Model : arg1: ZERO, nat2: ZERO
Simplifying conditions and property...
Simplifying took 0.000095 seconds
Result : true
New Env

;;
Lemma List
forall (arg1:nat) (nat2:nat), SUCC (SUCC (SUCC (SUCC (SUCC (plus (nat2) (arg1)))))) = SUCC (SUCC (SUCC (plus (nat2) (SUCC (SUCC (arg1))))))
End of Lemma List


1st goal of : forall (nat1:nat), SUCC (SUCC (SUCC (SUCC (plus (nat1) (nat1))))) = SUCC (SUCC (plus (nat1) (SUCC (SUCC (nat1)))))
nat1 : nat
nat2 : nat
IH1 : SUCC (SUCC (SUCC (SUCC (plus (nat2) (nat2))))) = SUCC (SUCC (plus (nat2) (SUCC (SUCC (nat2)))))
Inductive1 : nat1 = SUCC (nat2)
---------------------------------------
SUCC (SUCC (SUCC (SUCC (SUCC (plus (nat2) (SUCC (nat2))))))) = SUCC (SUCC (SUCC (plus (nat2) (SUCC (SUCC (SUCC (nat2)))))))

0 goal(s) more...

2 conjecture(s) more...
=================================================
Progress: 15


1st goal of : forall (nat1:nat), SUCC (SUCC (SUCC (SUCC (plus (nat1) (nat1))))) = SUCC (SUCC (plus (nat1) (SUCC (SUCC (nat1)))))
nat1 : nat
nat2 : nat
IH1 : SUCC (SUCC (SUCC (SUCC (plus (nat2) (nat2))))) = SUCC (SUCC (plus (nat2) (SUCC (SUCC (nat2)))))
Inductive1 : nat1 = SUCC (nat2)
---------------------------------------
SUCC (SUCC (SUCC (SUCC (SUCC (plus (nat2) (SUCC (nat2))))))) = SUCC (SUCC (SUCC (plus (nat2) (SUCC (SUCC (SUCC (nat2)))))))

0 goal(s) more...

2 conjecture(s) more...
>>> assert forall (arg1:nat) (nat2:nat), SUCC (SUCC (SUCC (SUCC (SUCC (plus (nat2) (arg1)))))) = SUCC (SUCC (SUCC (plus (nat2) (SUCC (SUCC (arg1))))))(rank : 0)


1st goal of : forall (nat1:nat) (nat2:nat), SUCC (SUCC (SUCC (SUCC (SUCC (plus (nat2) (nat1)))))) = SUCC (SUCC (SUCC (plus (nat2) (SUCC (SUCC (nat1))))))

---------------------------------------
forall (nat1:nat) (nat2:nat), SUCC (SUCC (SUCC (SUCC (SUCC (plus (nat2) (nat1)))))) = SUCC (SUCC (SUCC (plus (nat2) (SUCC (SUCC (nat1))))))

0 goal(s) more...

3 conjecture(s) more...
Tactic List : 1
induction nat2(rank:10)
=================================================
Progress: 16


1st goal of : forall (nat1:nat) (nat2:nat), SUCC (SUCC (SUCC (SUCC (SUCC (plus (nat2) (nat1)))))) = SUCC (SUCC (SUCC (plus (nat2) (SUCC (SUCC (nat1))))))

---------------------------------------
forall (nat1:nat) (nat2:nat), SUCC (SUCC (SUCC (SUCC (SUCC (plus (nat2) (nat1)))))) = SUCC (SUCC (SUCC (plus (nat2) (SUCC (SUCC (nat1))))))

0 goal(s) more...

3 conjecture(s) more...
>>> induction nat2(rank : 10)


1st goal of : forall (nat1:nat) (nat2:nat), SUCC (SUCC (SUCC (SUCC (SUCC (plus (nat2) (nat1)))))) = SUCC (SUCC (SUCC (plus (nat2) (SUCC (SUCC (nat1))))))
nat2 : nat
Base1 : nat2 = ZERO
---------------------------------------
forall (nat1:nat), SUCC (SUCC (SUCC (SUCC (SUCC (plus (ZERO) (nat1)))))) = SUCC (SUCC (SUCC (plus (ZERO) (SUCC (SUCC (nat1))))))

1 goal(s) more...

3 conjecture(s) more...
Tactic List : 1
reflexivity(rank:9)
=================================================
Progress: 17


1st goal of : forall (nat1:nat) (nat2:nat), SUCC (SUCC (SUCC (SUCC (SUCC (plus (nat2) (nat1)))))) = SUCC (SUCC (SUCC (plus (nat2) (SUCC (SUCC (nat1))))))
nat2 : nat
Base1 : nat2 = ZERO
---------------------------------------
forall (nat1:nat), SUCC (SUCC (SUCC (SUCC (SUCC (plus (ZERO) (nat1)))))) = SUCC (SUCC (SUCC (plus (ZERO) (SUCC (SUCC (nat1))))))

1 goal(s) more...

3 conjecture(s) more...
>>> reflexivity(rank : 9)


1st goal of : forall (nat1:nat) (nat2:nat), SUCC (SUCC (SUCC (SUCC (SUCC (plus (nat2) (nat1)))))) = SUCC (SUCC (SUCC (plus (nat2) (SUCC (SUCC (nat1))))))
nat2 : nat
nat3 : nat
IH1 : forall (nat1:nat), SUCC (SUCC (SUCC (SUCC (SUCC (plus (nat3) (nat1)))))) = SUCC (SUCC (SUCC (plus (nat3) (SUCC (SUCC (nat1))))))
Inductive1 : nat2 = SUCC (nat3)
---------------------------------------
forall (nat1:nat), SUCC (SUCC (SUCC (SUCC (SUCC (plus (SUCC (nat3)) (nat1)))))) = SUCC (SUCC (SUCC (plus (SUCC (nat3)) (SUCC (SUCC (nat1))))))

0 goal(s) more...

3 conjecture(s) more...
Deduplication: 0
Tactic List : 1
simpl in goal(rank:9)
=================================================
Progress: 18


1st goal of : forall (nat1:nat) (nat2:nat), SUCC (SUCC (SUCC (SUCC (SUCC (plus (nat2) (nat1)))))) = SUCC (SUCC (SUCC (plus (nat2) (SUCC (SUCC (nat1))))))
nat2 : nat
nat3 : nat
IH1 : forall (nat1:nat), SUCC (SUCC (SUCC (SUCC (SUCC (plus (nat3) (nat1)))))) = SUCC (SUCC (SUCC (plus (nat3) (SUCC (SUCC (nat1))))))
Inductive1 : nat2 = SUCC (nat3)
---------------------------------------
forall (nat1:nat), SUCC (SUCC (SUCC (SUCC (SUCC (plus (SUCC (nat3)) (nat1)))))) = SUCC (SUCC (SUCC (plus (SUCC (nat3)) (SUCC (SUCC (nat1))))))

0 goal(s) more...

3 conjecture(s) more...
>>> simpl in goal(rank : 9)


1st goal of : forall (nat1:nat) (nat2:nat), SUCC (SUCC (SUCC (SUCC (SUCC (plus (nat2) (nat1)))))) = SUCC (SUCC (SUCC (plus (nat2) (SUCC (SUCC (nat1))))))
nat2 : nat
nat3 : nat
IH1 : forall (nat1:nat), SUCC (SUCC (SUCC (SUCC (SUCC (plus (nat3) (nat1)))))) = SUCC (SUCC (SUCC (plus (nat3) (SUCC (SUCC (nat1))))))
Inductive1 : nat2 = SUCC (nat3)
---------------------------------------
forall (nat1:nat), SUCC (SUCC (SUCC (SUCC (SUCC (SUCC (plus (nat3) (nat1))))))) = SUCC (SUCC (SUCC (SUCC (plus (nat3) (SUCC (SUCC (nat1)))))))

0 goal(s) more...

3 conjecture(s) more...
Tactic List : 3
intro nat1(rank:9)
rewrite IH1 in goal at 0(rank:17)
rewrite <- IH1 in goal at 0(rank:17)
=================================================
Progress: 19


1st goal of : forall (nat1:nat) (nat2:nat), SUCC (SUCC (SUCC (SUCC (SUCC (plus (nat2) (nat1)))))) = SUCC (SUCC (SUCC (plus (nat2) (SUCC (SUCC (nat1))))))
nat2 : nat
nat3 : nat
IH1 : forall (nat1:nat), SUCC (SUCC (SUCC (SUCC (SUCC (plus (nat3) (nat1)))))) = SUCC (SUCC (SUCC (plus (nat3) (SUCC (SUCC (nat1))))))
Inductive1 : nat2 = SUCC (nat3)
---------------------------------------
forall (nat1:nat), SUCC (SUCC (SUCC (SUCC (SUCC (SUCC (plus (nat3) (nat1))))))) = SUCC (SUCC (SUCC (SUCC (plus (nat3) (SUCC (SUCC (nat1)))))))

0 goal(s) more...

3 conjecture(s) more...
>>> intro nat1(rank : 9)


1st goal of : forall (nat1:nat) (nat2:nat), SUCC (SUCC (SUCC (SUCC (SUCC (plus (nat2) (nat1)))))) = SUCC (SUCC (SUCC (plus (nat2) (SUCC (SUCC (nat1))))))
nat2 : nat
nat3 : nat
IH1 : forall (nat1:nat), SUCC (SUCC (SUCC (SUCC (SUCC (plus (nat3) (nat1)))))) = SUCC (SUCC (SUCC (plus (nat3) (SUCC (SUCC (nat1))))))
Inductive1 : nat2 = SUCC (nat3)
nat1 : nat
---------------------------------------
SUCC (SUCC (SUCC (SUCC (SUCC (SUCC (plus (nat3) (nat1))))))) = SUCC (SUCC (SUCC (SUCC (plus (nat3) (SUCC (SUCC (nat1)))))))

0 goal(s) more...

3 conjecture(s) more...
Tactic List : 2
rewrite IH1 in goal at 0(rank:17)
rewrite <- IH1 in goal at 0(rank:17)
=================================================
Progress: 20


1st goal of : forall (nat1:nat) (nat2:nat), SUCC (SUCC (SUCC (SUCC (SUCC (plus (nat2) (nat1)))))) = SUCC (SUCC (SUCC (plus (nat2) (SUCC (SUCC (nat1))))))
nat2 : nat
nat3 : nat
IH1 : forall (nat1:nat), SUCC (SUCC (SUCC (SUCC (SUCC (plus (nat3) (nat1)))))) = SUCC (SUCC (SUCC (plus (nat3) (SUCC (SUCC (nat1))))))
Inductive1 : nat2 = SUCC (nat3)
---------------------------------------
forall (nat1:nat), SUCC (SUCC (SUCC (SUCC (SUCC (SUCC (plus (nat3) (nat1))))))) = SUCC (SUCC (SUCC (SUCC (plus (nat3) (SUCC (SUCC (nat1)))))))

0 goal(s) more...

3 conjecture(s) more...
>>> rewrite IH1 in goal at 0(rank : 17)


1st goal of : forall (nat1:nat) (nat2:nat), SUCC (SUCC (SUCC (SUCC (SUCC (plus (nat2) (nat1)))))) = SUCC (SUCC (SUCC (plus (nat2) (SUCC (SUCC (nat1))))))
nat2 : nat
nat3 : nat
IH1 : forall (nat1:nat), SUCC (SUCC (SUCC (SUCC (SUCC (plus (nat3) (nat1)))))) = SUCC (SUCC (SUCC (plus (nat3) (SUCC (SUCC (nat1))))))
Inductive1 : nat2 = SUCC (nat3)
---------------------------------------
forall (nat1:nat), SUCC (SUCC (SUCC (SUCC (plus (nat3) (SUCC (SUCC (nat1))))))) = SUCC (SUCC (SUCC (SUCC (plus (nat3) (SUCC (SUCC (nat1)))))))

0 goal(s) more...

3 conjecture(s) more...
Tactic List : 1
reflexivity(rank:7)
=================================================
Progress: 21


1st goal of : forall (nat1:nat) (nat2:nat), SUCC (SUCC (SUCC (SUCC (SUCC (plus (nat2) (nat1)))))) = SUCC (SUCC (SUCC (plus (nat2) (SUCC (SUCC (nat1))))))
nat2 : nat
nat3 : nat
IH1 : forall (nat1:nat), SUCC (SUCC (SUCC (SUCC (SUCC (plus (nat3) (nat1)))))) = SUCC (SUCC (SUCC (plus (nat3) (SUCC (SUCC (nat1))))))
Inductive1 : nat2 = SUCC (nat3)
---------------------------------------
forall (nat1:nat), SUCC (SUCC (SUCC (SUCC (plus (nat3) (SUCC (SUCC (nat1))))))) = SUCC (SUCC (SUCC (SUCC (plus (nat3) (SUCC (SUCC (nat1)))))))

0 goal(s) more...

3 conjecture(s) more...
>>> reflexivity(rank : 7)


1st goal of : forall (nat1:nat), SUCC (SUCC (SUCC (SUCC (plus (nat1) (nat1))))) = SUCC (SUCC (plus (nat1) (SUCC (SUCC (nat1)))))
nat1 : nat
nat2 : nat
IH1 : SUCC (SUCC (SUCC (SUCC (plus (nat2) (nat2))))) = SUCC (SUCC (plus (nat2) (SUCC (SUCC (nat2)))))
Inductive1 : nat1 = SUCC (nat2)
---------------------------------------
SUCC (SUCC (SUCC (SUCC (SUCC (plus (nat2) (SUCC (nat2))))))) = SUCC (SUCC (SUCC (plus (nat2) (SUCC (SUCC (SUCC (nat2)))))))

0 goal(s) more...

2 conjecture(s) more...
Deduplication: 3
Tactic List : 2
rewrite lemma3 in goal at 0(rank:15)
rewrite <- lemma3 in goal at 0(rank:15)
=================================================
Progress: 22


1st goal of : forall (nat1:nat), SUCC (SUCC (SUCC (SUCC (plus (nat1) (nat1))))) = SUCC (SUCC (plus (nat1) (SUCC (SUCC (nat1)))))
nat1 : nat
nat2 : nat
IH1 : SUCC (SUCC (SUCC (SUCC (plus (nat2) (nat2))))) = SUCC (SUCC (plus (nat2) (SUCC (SUCC (nat2)))))
Inductive1 : nat1 = SUCC (nat2)
---------------------------------------
SUCC (SUCC (SUCC (SUCC (SUCC (plus (nat2) (SUCC (nat2))))))) = SUCC (SUCC (SUCC (plus (nat2) (SUCC (SUCC (SUCC (nat2)))))))

0 goal(s) more...

2 conjecture(s) more...
>>> rewrite lemma3 in goal at 0(rank : 15)


1st goal of : forall (nat1:nat), SUCC (SUCC (SUCC (SUCC (plus (nat1) (nat1))))) = SUCC (SUCC (plus (nat1) (SUCC (SUCC (nat1)))))
nat1 : nat
nat2 : nat
IH1 : SUCC (SUCC (SUCC (SUCC (plus (nat2) (nat2))))) = SUCC (SUCC (plus (nat2) (SUCC (SUCC (nat2)))))
Inductive1 : nat1 = SUCC (nat2)
---------------------------------------
SUCC (SUCC (SUCC (plus (nat2) (SUCC (SUCC (SUCC (nat2))))))) = SUCC (SUCC (SUCC (plus (nat2) (SUCC (SUCC (SUCC (nat2)))))))

0 goal(s) more...

2 conjecture(s) more...
Tactic List : 1
reflexivity(rank:5)
=================================================
Progress: 23


1st goal of : forall (nat1:nat), SUCC (SUCC (SUCC (SUCC (plus (nat1) (nat1))))) = SUCC (SUCC (plus (nat1) (SUCC (SUCC (nat1)))))
nat1 : nat
nat2 : nat
IH1 : SUCC (SUCC (SUCC (SUCC (plus (nat2) (nat2))))) = SUCC (SUCC (plus (nat2) (SUCC (SUCC (nat2)))))
Inductive1 : nat1 = SUCC (nat2)
---------------------------------------
SUCC (SUCC (SUCC (plus (nat2) (SUCC (SUCC (SUCC (nat2))))))) = SUCC (SUCC (SUCC (plus (nat2) (SUCC (SUCC (SUCC (nat2)))))))

0 goal(s) more...

2 conjecture(s) more...
>>> reflexivity(rank : 5)


1st goal of : forall (nat1:nat), SUCC (SUCC (plus (nat1) (nat1))) = SUCC (plus (nat1) (SUCC (nat1)))
nat1 : nat
nat2 : nat
IH1 : SUCC (SUCC (plus (nat2) (nat2))) = SUCC (plus (nat2) (SUCC (nat2)))
Inductive1 : nat1 = SUCC (nat2)
---------------------------------------
SUCC (SUCC (SUCC (SUCC (plus (nat2) (nat2))))) = SUCC (SUCC (plus (nat2) (SUCC (SUCC (nat2)))))

0 goal(s) more...

1 conjecture(s) more...
Deduplication: 1
Tactic List : 2
rewrite lemma4 in goal at 0(rank:13)
rewrite <- lemma4 in goal at 0(rank:13)
=================================================
Progress: 24


1st goal of : forall (nat1:nat), SUCC (SUCC (plus (nat1) (nat1))) = SUCC (plus (nat1) (SUCC (nat1)))
nat1 : nat
nat2 : nat
IH1 : SUCC (SUCC (plus (nat2) (nat2))) = SUCC (plus (nat2) (SUCC (nat2)))
Inductive1 : nat1 = SUCC (nat2)
---------------------------------------
SUCC (SUCC (SUCC (SUCC (plus (nat2) (nat2))))) = SUCC (SUCC (plus (nat2) (SUCC (SUCC (nat2)))))

0 goal(s) more...

1 conjecture(s) more...
>>> rewrite lemma4 in goal at 0(rank : 13)


1st goal of : forall (nat1:nat), SUCC (SUCC (plus (nat1) (nat1))) = SUCC (plus (nat1) (SUCC (nat1)))
nat1 : nat
nat2 : nat
IH1 : SUCC (SUCC (plus (nat2) (nat2))) = SUCC (plus (nat2) (SUCC (nat2)))
Inductive1 : nat1 = SUCC (nat2)
---------------------------------------
SUCC (SUCC (plus (nat2) (SUCC (SUCC (nat2))))) = SUCC (SUCC (plus (nat2) (SUCC (SUCC (nat2)))))

0 goal(s) more...

1 conjecture(s) more...
Tactic List : 1
reflexivity(rank:3)
=================================================
Progress: 25


1st goal of : forall (nat1:nat), SUCC (SUCC (plus (nat1) (nat1))) = SUCC (plus (nat1) (SUCC (nat1)))
nat1 : nat
nat2 : nat
IH1 : SUCC (SUCC (plus (nat2) (nat2))) = SUCC (plus (nat2) (SUCC (nat2)))
Inductive1 : nat1 = SUCC (nat2)
---------------------------------------
SUCC (SUCC (plus (nat2) (SUCC (SUCC (nat2))))) = SUCC (SUCC (plus (nat2) (SUCC (SUCC (nat2)))))

0 goal(s) more...

1 conjecture(s) more...
>>> reflexivity(rank : 3)


1st goal of : forall (nat1:nat), double (nat1) = plus (nat1) (nat1)
nat1 : nat
nat2 : nat
IH1 : double (nat2) = plus (nat2) (nat2)
Inductive1 : nat1 = SUCC (nat2)
---------------------------------------
SUCC (SUCC (plus (nat2) (nat2))) = SUCC (plus (nat2) (SUCC (nat2)))

0 goal(s) more...

0 conjecture(s) more...
Deduplication: 1
Tactic List : 2
rewrite lemma5 in goal at 0(rank:11)
rewrite <- lemma5 in goal at 0(rank:11)
=================================================
Progress: 26


1st goal of : forall (nat1:nat), double (nat1) = plus (nat1) (nat1)
nat1 : nat
nat2 : nat
IH1 : double (nat2) = plus (nat2) (nat2)
Inductive1 : nat1 = SUCC (nat2)
---------------------------------------
SUCC (SUCC (plus (nat2) (nat2))) = SUCC (plus (nat2) (SUCC (nat2)))

0 goal(s) more...

0 conjecture(s) more...
>>> rewrite lemma5 in goal at 0(rank : 11)


1st goal of : forall (nat1:nat), double (nat1) = plus (nat1) (nat1)
nat1 : nat
nat2 : nat
IH1 : double (nat2) = plus (nat2) (nat2)
Inductive1 : nat1 = SUCC (nat2)
---------------------------------------
SUCC (plus (nat2) (SUCC (nat2))) = SUCC (plus (nat2) (SUCC (nat2)))

0 goal(s) more...

0 conjecture(s) more...
Tactic List : 1
reflexivity(rank:0)
=================================================
Progress: 27


1st goal of : forall (nat1:nat), double (nat1) = plus (nat1) (nat1)
nat1 : nat
nat2 : nat
IH1 : double (nat2) = plus (nat2) (nat2)
Inductive1 : nat1 = SUCC (nat2)
---------------------------------------
SUCC (plus (nat2) (SUCC (nat2))) = SUCC (plus (nat2) (SUCC (nat2)))

0 goal(s) more...

0 conjecture(s) more...
>>> reflexivity(rank : 0)


No conjecture
Proof Success
Proof
assert forall (nat1:nat), double (nat1) = plus (nat1) (nat1)
induction nat1
reflexivity
simpl in goal
rewrite IH1 in goal at 0
assert forall (nat1:nat), SUCC (SUCC (plus (nat1) (nat1))) = SUCC (plus (nat1) (SUCC (nat1)))
induction nat1
reflexivity
simpl in goal
rewrite <- IH1 in goal at 0
assert forall (nat1:nat), SUCC (SUCC (SUCC (SUCC (plus (nat1) (nat1))))) = SUCC (SUCC (plus (nat1) (SUCC (SUCC (nat1)))))
induction nat1
reflexivity
simpl in goal
assert forall (nat1:nat) (nat2:nat), SUCC (SUCC (SUCC (SUCC (SUCC (plus (nat2) (nat1)))))) = SUCC (SUCC (SUCC (plus (nat2) (SUCC (SUCC (nat1))))))
induction nat2
reflexivity
simpl in goal
rewrite IH1 in goal at 0
reflexivity
rewrite lemma3 in goal at 0
reflexivity
rewrite lemma4 in goal at 0
reflexivity
rewrite lemma5 in goal at 0
reflexivity
Qed
File "_none_", lines 88-90, characters 2-22:
Warning 8 [partial-match]: this pattern-matching is not exhaustive.
Here is an example of a case that is not matched:
[]

File "_none_", lines 88-90, characters 2-22:
Warning 8 [partial-match]: this pattern-matching is not exhaustive.
Here is an example of a case that is not matched:
[]
