Enter the definition file path (1/2) : 
> Enter the definition file path (2/2) : 
> Choose the proof type :
1) Interactive Mode 	 2) Auto Mode
Enter the goal : =================================================
Progress: 1


No conjecture
>>> assert forall (x:nat list) (y:nat list), reverse (reverse ((x @ y))) = (reverse (reverse (x)) @ reverse (reverse (y)))(rank : 0)


1st goal of : forall (nat_list1:nat list) (nat_list2:nat list), reverse (reverse ((nat_list1 @ nat_list2))) = (reverse (reverse (nat_list1)) @ reverse (reverse (nat_list2)))

---------------------------------------
forall (nat_list1:nat list) (nat_list2:nat list), reverse (reverse ((nat_list1 @ nat_list2))) = (reverse (reverse (nat_list1)) @ reverse (reverse (nat_list2)))

0 goal(s) more...

0 conjecture(s) more...
Tactic List : 1
induction nat_list1(rank:4)
=================================================
Progress: 2


1st goal of : forall (nat_list1:nat list) (nat_list2:nat list), reverse (reverse ((nat_list1 @ nat_list2))) = (reverse (reverse (nat_list1)) @ reverse (reverse (nat_list2)))

---------------------------------------
forall (nat_list1:nat list) (nat_list2:nat list), reverse (reverse ((nat_list1 @ nat_list2))) = (reverse (reverse (nat_list1)) @ reverse (reverse (nat_list2)))

0 goal(s) more...

0 conjecture(s) more...
>>> induction nat_list1(rank : 4)


1st goal of : forall (nat_list1:nat list) (nat_list2:nat list), reverse (reverse ((nat_list1 @ nat_list2))) = (reverse (reverse (nat_list1)) @ reverse (reverse (nat_list2)))
nat_list1 : nat list
Base1 : nat_list1 = (Nil)
---------------------------------------
forall (nat_list2:nat list), reverse (reverse (((Nil) @ nat_list2))) = (reverse (reverse ((Nil))) @ reverse (reverse (nat_list2)))

1 goal(s) more...

0 conjecture(s) more...
Tactic List : 1
reflexivity(rank:3)
=================================================
Progress: 3


1st goal of : forall (nat_list1:nat list) (nat_list2:nat list), reverse (reverse ((nat_list1 @ nat_list2))) = (reverse (reverse (nat_list1)) @ reverse (reverse (nat_list2)))
nat_list1 : nat list
Base1 : nat_list1 = (Nil)
---------------------------------------
forall (nat_list2:nat list), reverse (reverse (((Nil) @ nat_list2))) = (reverse (reverse ((Nil))) @ reverse (reverse (nat_list2)))

1 goal(s) more...

0 conjecture(s) more...
>>> reflexivity(rank : 3)


1st goal of : forall (nat_list1:nat list) (nat_list2:nat list), reverse (reverse ((nat_list1 @ nat_list2))) = (reverse (reverse (nat_list1)) @ reverse (reverse (nat_list2)))
nat_list1 : nat list
nat1 : nat
nat_list3 : nat list
IH1 : forall (nat_list2:nat list), reverse (reverse ((nat_list3 @ nat_list2))) = (reverse (reverse (nat_list3)) @ reverse (reverse (nat_list2)))
Inductive1 : nat_list1 = (nat1::nat_list3)
---------------------------------------
forall (nat_list2:nat list), reverse (reverse (((nat1::nat_list3) @ nat_list2))) = (reverse (reverse ((nat1::nat_list3))) @ reverse (reverse (nat_list2)))

0 goal(s) more...

0 conjecture(s) more...
Deduplication: 0
Tactic List : 1
simpl in goal(rank:3)
=================================================
Progress: 4


1st goal of : forall (nat_list1:nat list) (nat_list2:nat list), reverse (reverse ((nat_list1 @ nat_list2))) = (reverse (reverse (nat_list1)) @ reverse (reverse (nat_list2)))
nat_list1 : nat list
nat1 : nat
nat_list3 : nat list
IH1 : forall (nat_list2:nat list), reverse (reverse ((nat_list3 @ nat_list2))) = (reverse (reverse (nat_list3)) @ reverse (reverse (nat_list2)))
Inductive1 : nat_list1 = (nat1::nat_list3)
---------------------------------------
forall (nat_list2:nat list), reverse (reverse (((nat1::nat_list3) @ nat_list2))) = (reverse (reverse ((nat1::nat_list3))) @ reverse (reverse (nat_list2)))

0 goal(s) more...

0 conjecture(s) more...
>>> simpl in goal(rank : 3)


1st goal of : forall (nat_list1:nat list) (nat_list2:nat list), reverse (reverse ((nat_list1 @ nat_list2))) = (reverse (reverse (nat_list1)) @ reverse (reverse (nat_list2)))
nat_list1 : nat list
nat1 : nat
nat_list3 : nat list
IH1 : forall (nat_list2:nat list), reverse (reverse ((nat_list3 @ nat_list2))) = (reverse (reverse (nat_list3)) @ reverse (reverse (nat_list2)))
Inductive1 : nat_list1 = (nat1::nat_list3)
---------------------------------------
forall (nat_list2:nat list), reverse ((reverse ((nat_list3 @ nat_list2)) @ (nat1::(Nil)))) = (reverse ((reverse (nat_list3) @ (nat1::(Nil)))) @ reverse (reverse (nat_list2)))

0 goal(s) more...

0 conjecture(s) more...
Tactic List : 1
intro nat_list2(rank:3)
=================================================
Progress: 5


1st goal of : forall (nat_list1:nat list) (nat_list2:nat list), reverse (reverse ((nat_list1 @ nat_list2))) = (reverse (reverse (nat_list1)) @ reverse (reverse (nat_list2)))
nat_list1 : nat list
nat1 : nat
nat_list3 : nat list
IH1 : forall (nat_list2:nat list), reverse (reverse ((nat_list3 @ nat_list2))) = (reverse (reverse (nat_list3)) @ reverse (reverse (nat_list2)))
Inductive1 : nat_list1 = (nat1::nat_list3)
---------------------------------------
forall (nat_list2:nat list), reverse ((reverse ((nat_list3 @ nat_list2)) @ (nat1::(Nil)))) = (reverse ((reverse (nat_list3) @ (nat1::(Nil)))) @ reverse (reverse (nat_list2)))

0 goal(s) more...

0 conjecture(s) more...
>>> intro nat_list2(rank : 3)


1st goal of : forall (nat_list1:nat list) (nat_list2:nat list), reverse (reverse ((nat_list1 @ nat_list2))) = (reverse (reverse (nat_list1)) @ reverse (reverse (nat_list2)))
nat_list1 : nat list
nat1 : nat
nat_list3 : nat list
IH1 : forall (nat_list2:nat list), reverse (reverse ((nat_list3 @ nat_list2))) = (reverse (reverse (nat_list3)) @ reverse (reverse (nat_list2)))
Inductive1 : nat_list1 = (nat1::nat_list3)
nat_list2 : nat list
---------------------------------------
reverse ((reverse ((nat_list3 @ nat_list2)) @ (nat1::(Nil)))) = (reverse ((reverse (nat_list3) @ (nat1::(Nil)))) @ reverse (reverse (nat_list2)))

0 goal(s) more...

0 conjecture(s) more...
Tactic List : 0
previous tactics
simpl in goal
intro nat_list2
New Env

;;
Lemma List
forall (arg1:any list) (nat_list2:nat list) (nat_list3:nat list), reverse ((reverse ((nat_list3 @ nat_list2)) @ arg1)) = (reverse ((reverse (nat_list3) @ arg1)) @ reverse (reverse (nat_list2)))
End of Lemma List


1st goal of : forall (nat_list1:nat list) (nat_list2:nat list), reverse (reverse ((nat_list1 @ nat_list2))) = (reverse (reverse (nat_list1)) @ reverse (reverse (nat_list2)))
nat_list1 : nat list
nat1 : nat
nat_list3 : nat list
IH1 : forall (nat_list2:nat list), reverse (reverse ((nat_list3 @ nat_list2))) = (reverse (reverse (nat_list3)) @ reverse (reverse (nat_list2)))
Inductive1 : nat_list1 = (nat1::nat_list3)
nat_list2 : nat list
---------------------------------------
reverse ((reverse ((nat_list3 @ nat_list2)) @ (nat1::(Nil)))) = (reverse ((reverse (nat_list3) @ (nat1::(Nil)))) @ reverse (reverse (nat_list2)))

0 goal(s) more...

0 conjecture(s) more...
=================================================
Progress: 6


1st goal of : forall (nat_list1:nat list) (nat_list2:nat list), reverse (reverse ((nat_list1 @ nat_list2))) = (reverse (reverse (nat_list1)) @ reverse (reverse (nat_list2)))
nat_list1 : nat list
nat1 : nat
nat_list3 : nat list
IH1 : forall (nat_list2:nat list), reverse (reverse ((nat_list3 @ nat_list2))) = (reverse (reverse (nat_list3)) @ reverse (reverse (nat_list2)))
Inductive1 : nat_list1 = (nat1::nat_list3)
nat_list2 : nat list
---------------------------------------
reverse ((reverse ((nat_list3 @ nat_list2)) @ (nat1::(Nil)))) = (reverse ((reverse (nat_list3) @ (nat1::(Nil)))) @ reverse (reverse (nat_list2)))

0 goal(s) more...

0 conjecture(s) more...
>>> assert forall (arg1:any list) (nat_list2:nat list) (nat_list3:nat list), reverse ((reverse ((nat_list3 @ nat_list2)) @ arg1)) = (reverse ((reverse (nat_list3) @ arg1)) @ reverse (reverse (nat_list2)))(rank : 0)


1st goal of : forall (any_list1:any list) (nat_list1:nat list) (nat_list2:nat list), reverse ((reverse ((nat_list2 @ nat_list1)) @ any_list1)) = (reverse ((reverse (nat_list2) @ any_list1)) @ reverse (reverse (nat_list1)))

---------------------------------------
forall (any_list1:any list) (nat_list1:nat list) (nat_list2:nat list), reverse ((reverse ((nat_list2 @ nat_list1)) @ any_list1)) = (reverse ((reverse (nat_list2) @ any_list1)) @ reverse (reverse (nat_list1)))

0 goal(s) more...

1 conjecture(s) more...
Tactic List : 3
intro any_list1(rank:5)
intro nat_list1(rank:5)
intro nat_list2(rank:5)
=================================================
Progress: 7


1st goal of : forall (any_list1:any list) (nat_list1:nat list) (nat_list2:nat list), reverse ((reverse ((nat_list2 @ nat_list1)) @ any_list1)) = (reverse ((reverse (nat_list2) @ any_list1)) @ reverse (reverse (nat_list1)))

---------------------------------------
forall (any_list1:any list) (nat_list1:nat list) (nat_list2:nat list), reverse ((reverse ((nat_list2 @ nat_list1)) @ any_list1)) = (reverse ((reverse (nat_list2) @ any_list1)) @ reverse (reverse (nat_list1)))

0 goal(s) more...

1 conjecture(s) more...
>>> intro any_list1(rank : 5)


1st goal of : forall (any_list1:any list) (nat_list1:nat list) (nat_list2:nat list), reverse ((reverse ((nat_list2 @ nat_list1)) @ any_list1)) = (reverse ((reverse (nat_list2) @ any_list1)) @ reverse (reverse (nat_list1)))
any_list1 : any list
---------------------------------------
forall (nat_list1:nat list) (nat_list2:nat list), reverse ((reverse ((nat_list2 @ nat_list1)) @ any_list1)) = (reverse ((reverse (nat_list2) @ any_list1)) @ reverse (reverse (nat_list1)))

0 goal(s) more...

1 conjecture(s) more...
Tactic List : 2
intro nat_list1(rank:5)
intro nat_list2(rank:5)
=================================================
Progress: 8


1st goal of : forall (any_list1:any list) (nat_list1:nat list) (nat_list2:nat list), reverse ((reverse ((nat_list2 @ nat_list1)) @ any_list1)) = (reverse ((reverse (nat_list2) @ any_list1)) @ reverse (reverse (nat_list1)))

---------------------------------------
forall (any_list1:any list) (nat_list1:nat list) (nat_list2:nat list), reverse ((reverse ((nat_list2 @ nat_list1)) @ any_list1)) = (reverse ((reverse (nat_list2) @ any_list1)) @ reverse (reverse (nat_list1)))

0 goal(s) more...

1 conjecture(s) more...
>>> intro nat_list1(rank : 5)


1st goal of : forall (any_list1:any list) (nat_list1:nat list) (nat_list2:nat list), reverse ((reverse ((nat_list2 @ nat_list1)) @ any_list1)) = (reverse ((reverse (nat_list2) @ any_list1)) @ reverse (reverse (nat_list1)))
nat_list1 : nat list
---------------------------------------
forall (any_list1:any list) (nat_list2:nat list), reverse ((reverse ((nat_list2 @ nat_list1)) @ any_list1)) = (reverse ((reverse (nat_list2) @ any_list1)) @ reverse (reverse (nat_list1)))

0 goal(s) more...

1 conjecture(s) more...
Tactic List : 1
intro nat_list2(rank:5)
=================================================
Progress: 9


1st goal of : forall (any_list1:any list) (nat_list1:nat list) (nat_list2:nat list), reverse ((reverse ((nat_list2 @ nat_list1)) @ any_list1)) = (reverse ((reverse (nat_list2) @ any_list1)) @ reverse (reverse (nat_list1)))

---------------------------------------
forall (any_list1:any list) (nat_list1:nat list) (nat_list2:nat list), reverse ((reverse ((nat_list2 @ nat_list1)) @ any_list1)) = (reverse ((reverse (nat_list2) @ any_list1)) @ reverse (reverse (nat_list1)))

0 goal(s) more...

1 conjecture(s) more...
>>> intro nat_list2(rank : 5)


1st goal of : forall (any_list1:any list) (nat_list1:nat list) (nat_list2:nat list), reverse ((reverse ((nat_list2 @ nat_list1)) @ any_list1)) = (reverse ((reverse (nat_list2) @ any_list1)) @ reverse (reverse (nat_list1)))
nat_list2 : nat list
---------------------------------------
forall (any_list1:any list) (nat_list1:nat list), reverse ((reverse ((nat_list2 @ nat_list1)) @ any_list1)) = (reverse ((reverse (nat_list2) @ any_list1)) @ reverse (reverse (nat_list1)))

0 goal(s) more...

1 conjecture(s) more...
Tactic List : 0
New Env

;;
Lemma List
forall (any_list1:any list) (nat_list1:nat list) (nat_list2:nat list), reverse ((reverse ((nat_list2 @ nat_list1)) @ any_list1)) = (reverse ((reverse (nat_list2) @ any_list1)) @ reverse (reverse (nat_list1)))
End of Lemma List


1st goal of : forall (any_list1:any list) (nat_list1:nat list) (nat_list2:nat list), reverse ((reverse ((nat_list2 @ nat_list1)) @ any_list1)) = (reverse ((reverse (nat_list2) @ any_list1)) @ reverse (reverse (nat_list1)))
nat_list2 : nat list
---------------------------------------
forall (any_list1:any list) (nat_list1:nat list), reverse ((reverse ((nat_list2 @ nat_list1)) @ any_list1)) = (reverse ((reverse (nat_list2) @ any_list1)) @ reverse (reverse (nat_list1)))

0 goal(s) more...

1 conjecture(s) more...
=================================================
Progress: 10


1st goal of : forall (any_list1:any list) (nat_list1:nat list) (nat_list2:nat list), reverse ((reverse ((nat_list2 @ nat_list1)) @ any_list1)) = (reverse ((reverse (nat_list2) @ any_list1)) @ reverse (reverse (nat_list1)))
nat_list2 : nat list
---------------------------------------
forall (any_list1:any list) (nat_list1:nat list), reverse ((reverse ((nat_list2 @ nat_list1)) @ any_list1)) = (reverse ((reverse (nat_list2) @ any_list1)) @ reverse (reverse (nat_list1)))

0 goal(s) more...

1 conjecture(s) more...
>>> assert forall (any_list1:any list) (nat_list1:nat list) (nat_list2:nat list), reverse ((reverse ((nat_list2 @ nat_list1)) @ any_list1)) = (reverse ((reverse (nat_list2) @ any_list1)) @ reverse (reverse (nat_list1)))(rank : 0)


1st goal of : forall (any_list1:any list) (nat_list1:nat list) (nat_list2:nat list), reverse ((reverse ((nat_list2 @ nat_list1)) @ any_list1)) = (reverse ((reverse (nat_list2) @ any_list1)) @ reverse (reverse (nat_list1)))

---------------------------------------
forall (any_list1:any list) (nat_list1:nat list) (nat_list2:nat list), reverse ((reverse ((nat_list2 @ nat_list1)) @ any_list1)) = (reverse ((reverse (nat_list2) @ any_list1)) @ reverse (reverse (nat_list1)))

0 goal(s) more...

2 conjecture(s) more...
Tactic List : 3
intro any_list1(rank:7)
intro nat_list1(rank:7)
intro nat_list2(rank:7)
=================================================
Progress: 11


1st goal of : forall (any_list1:any list) (nat_list1:nat list) (nat_list2:nat list), reverse ((reverse ((nat_list2 @ nat_list1)) @ any_list1)) = (reverse ((reverse (nat_list2) @ any_list1)) @ reverse (reverse (nat_list1)))
any_list1 : any list
---------------------------------------
forall (nat_list1:nat list) (nat_list2:nat list), reverse ((reverse ((nat_list2 @ nat_list1)) @ any_list1)) = (reverse ((reverse (nat_list2) @ any_list1)) @ reverse (reverse (nat_list1)))

0 goal(s) more...

1 conjecture(s) more...
>>> intro nat_list1(rank : 5)


1st goal of : forall (any_list1:any list) (nat_list1:nat list) (nat_list2:nat list), reverse ((reverse ((nat_list2 @ nat_list1)) @ any_list1)) = (reverse ((reverse (nat_list2) @ any_list1)) @ reverse (reverse (nat_list1)))
any_list1 : any list
nat_list1 : nat list
---------------------------------------
forall (nat_list2:nat list), reverse ((reverse ((nat_list2 @ nat_list1)) @ any_list1)) = (reverse ((reverse (nat_list2) @ any_list1)) @ reverse (reverse (nat_list1)))

0 goal(s) more...

1 conjecture(s) more...
Tactic List : 1
intro nat_list2(rank:5)
=================================================
Progress: 12


1st goal of : forall (any_list1:any list) (nat_list1:nat list) (nat_list2:nat list), reverse ((reverse ((nat_list2 @ nat_list1)) @ any_list1)) = (reverse ((reverse (nat_list2) @ any_list1)) @ reverse (reverse (nat_list1)))
any_list1 : any list
---------------------------------------
forall (nat_list1:nat list) (nat_list2:nat list), reverse ((reverse ((nat_list2 @ nat_list1)) @ any_list1)) = (reverse ((reverse (nat_list2) @ any_list1)) @ reverse (reverse (nat_list1)))

0 goal(s) more...

1 conjecture(s) more...
>>> intro nat_list2(rank : 5)


1st goal of : forall (any_list1:any list) (nat_list1:nat list) (nat_list2:nat list), reverse ((reverse ((nat_list2 @ nat_list1)) @ any_list1)) = (reverse ((reverse (nat_list2) @ any_list1)) @ reverse (reverse (nat_list1)))
any_list1 : any list
nat_list2 : nat list
---------------------------------------
forall (nat_list1:nat list), reverse ((reverse ((nat_list2 @ nat_list1)) @ any_list1)) = (reverse ((reverse (nat_list2) @ any_list1)) @ reverse (reverse (nat_list1)))

0 goal(s) more...

1 conjecture(s) more...
Tactic List : 0
=================================================
Progress: 13


1st goal of : forall (any_list1:any list) (nat_list1:nat list) (nat_list2:nat list), reverse ((reverse ((nat_list2 @ nat_list1)) @ any_list1)) = (reverse ((reverse (nat_list2) @ any_list1)) @ reverse (reverse (nat_list1)))
nat_list1 : nat list
---------------------------------------
forall (any_list1:any list) (nat_list2:nat list), reverse ((reverse ((nat_list2 @ nat_list1)) @ any_list1)) = (reverse ((reverse (nat_list2) @ any_list1)) @ reverse (reverse (nat_list1)))

0 goal(s) more...

1 conjecture(s) more...
>>> intro nat_list2(rank : 5)


1st goal of : forall (any_list1:any list) (nat_list1:nat list) (nat_list2:nat list), reverse ((reverse ((nat_list2 @ nat_list1)) @ any_list1)) = (reverse ((reverse (nat_list2) @ any_list1)) @ reverse (reverse (nat_list1)))
nat_list1 : nat list
nat_list2 : nat list
---------------------------------------
forall (any_list1:any list), reverse ((reverse ((nat_list2 @ nat_list1)) @ any_list1)) = (reverse ((reverse (nat_list2) @ any_list1)) @ reverse (reverse (nat_list1)))

0 goal(s) more...

1 conjecture(s) more...
Tactic List : 0
=================================================
Progress: 14


1st goal of : forall (any_list1:any list) (nat_list1:nat list) (nat_list2:nat list), reverse ((reverse ((nat_list2 @ nat_list1)) @ any_list1)) = (reverse ((reverse (nat_list2) @ any_list1)) @ reverse (reverse (nat_list1)))
any_list1 : any list
nat_list1 : nat list
---------------------------------------
forall (nat_list2:nat list), reverse ((reverse ((nat_list2 @ nat_list1)) @ any_list1)) = (reverse ((reverse (nat_list2) @ any_list1)) @ reverse (reverse (nat_list1)))

0 goal(s) more...

1 conjecture(s) more...
>>> intro nat_list2(rank : 5)


1st goal of : forall (any_list1:any list) (nat_list1:nat list) (nat_list2:nat list), reverse ((reverse ((nat_list2 @ nat_list1)) @ any_list1)) = (reverse ((reverse (nat_list2) @ any_list1)) @ reverse (reverse (nat_list1)))
any_list1 : any list
nat_list1 : nat list
nat_list2 : nat list
---------------------------------------
reverse ((reverse ((nat_list2 @ nat_list1)) @ any_list1)) = (reverse ((reverse (nat_list2) @ any_list1)) @ reverse (reverse (nat_list1)))

0 goal(s) more...

1 conjecture(s) more...
Tactic List : 0
=================================================
Progress: 15


1st goal of : forall (any_list1:any list) (nat_list1:nat list) (nat_list2:nat list), reverse ((reverse ((nat_list2 @ nat_list1)) @ any_list1)) = (reverse ((reverse (nat_list2) @ any_list1)) @ reverse (reverse (nat_list1)))

---------------------------------------
forall (any_list1:any list) (nat_list1:nat list) (nat_list2:nat list), reverse ((reverse ((nat_list2 @ nat_list1)) @ any_list1)) = (reverse ((reverse (nat_list2) @ any_list1)) @ reverse (reverse (nat_list1)))

0 goal(s) more...

2 conjecture(s) more...
>>> intro any_list1(rank : 7)


1st goal of : forall (any_list1:any list) (nat_list1:nat list) (nat_list2:nat list), reverse ((reverse ((nat_list2 @ nat_list1)) @ any_list1)) = (reverse ((reverse (nat_list2) @ any_list1)) @ reverse (reverse (nat_list1)))
any_list1 : any list
---------------------------------------
forall (nat_list1:nat list) (nat_list2:nat list), reverse ((reverse ((nat_list2 @ nat_list1)) @ any_list1)) = (reverse ((reverse (nat_list2) @ any_list1)) @ reverse (reverse (nat_list1)))

0 goal(s) more...

2 conjecture(s) more...
Tactic List : 2
intro nat_list1(rank:7)
intro nat_list2(rank:7)
=================================================
Progress: 16


1st goal of : forall (any_list1:any list) (nat_list1:nat list) (nat_list2:nat list), reverse ((reverse ((nat_list2 @ nat_list1)) @ any_list1)) = (reverse ((reverse (nat_list2) @ any_list1)) @ reverse (reverse (nat_list1)))

---------------------------------------
forall (any_list1:any list) (nat_list1:nat list) (nat_list2:nat list), reverse ((reverse ((nat_list2 @ nat_list1)) @ any_list1)) = (reverse ((reverse (nat_list2) @ any_list1)) @ reverse (reverse (nat_list1)))

0 goal(s) more...

2 conjecture(s) more...
>>> intro nat_list1(rank : 7)


1st goal of : forall (any_list1:any list) (nat_list1:nat list) (nat_list2:nat list), reverse ((reverse ((nat_list2 @ nat_list1)) @ any_list1)) = (reverse ((reverse (nat_list2) @ any_list1)) @ reverse (reverse (nat_list1)))
nat_list1 : nat list
---------------------------------------
forall (any_list1:any list) (nat_list2:nat list), reverse ((reverse ((nat_list2 @ nat_list1)) @ any_list1)) = (reverse ((reverse (nat_list2) @ any_list1)) @ reverse (reverse (nat_list1)))

0 goal(s) more...

2 conjecture(s) more...
Tactic List : 1
intro nat_list2(rank:7)
=================================================
Progress: 17


1st goal of : forall (any_list1:any list) (nat_list1:nat list) (nat_list2:nat list), reverse ((reverse ((nat_list2 @ nat_list1)) @ any_list1)) = (reverse ((reverse (nat_list2) @ any_list1)) @ reverse (reverse (nat_list1)))

---------------------------------------
forall (any_list1:any list) (nat_list1:nat list) (nat_list2:nat list), reverse ((reverse ((nat_list2 @ nat_list1)) @ any_list1)) = (reverse ((reverse (nat_list2) @ any_list1)) @ reverse (reverse (nat_list1)))

0 goal(s) more...

2 conjecture(s) more...
>>> intro nat_list2(rank : 7)


1st goal of : forall (any_list1:any list) (nat_list1:nat list) (nat_list2:nat list), reverse ((reverse ((nat_list2 @ nat_list1)) @ any_list1)) = (reverse ((reverse (nat_list2) @ any_list1)) @ reverse (reverse (nat_list1)))
nat_list2 : nat list
---------------------------------------
forall (any_list1:any list) (nat_list1:nat list), reverse ((reverse ((nat_list2 @ nat_list1)) @ any_list1)) = (reverse ((reverse (nat_list2) @ any_list1)) @ reverse (reverse (nat_list1)))

0 goal(s) more...

2 conjecture(s) more...
Tactic List : 0
=================================================
Progress: 18


1st goal of : forall (any_list1:any list) (nat_list1:nat list) (nat_list2:nat list), reverse ((reverse ((nat_list2 @ nat_list1)) @ any_list1)) = (reverse ((reverse (nat_list2) @ any_list1)) @ reverse (reverse (nat_list1)))
any_list1 : any list
---------------------------------------
forall (nat_list1:nat list) (nat_list2:nat list), reverse ((reverse ((nat_list2 @ nat_list1)) @ any_list1)) = (reverse ((reverse (nat_list2) @ any_list1)) @ reverse (reverse (nat_list1)))

0 goal(s) more...

2 conjecture(s) more...
>>> intro nat_list1(rank : 7)


1st goal of : forall (any_list1:any list) (nat_list1:nat list) (nat_list2:nat list), reverse ((reverse ((nat_list2 @ nat_list1)) @ any_list1)) = (reverse ((reverse (nat_list2) @ any_list1)) @ reverse (reverse (nat_list1)))
any_list1 : any list
nat_list1 : nat list
---------------------------------------
forall (nat_list2:nat list), reverse ((reverse ((nat_list2 @ nat_list1)) @ any_list1)) = (reverse ((reverse (nat_list2) @ any_list1)) @ reverse (reverse (nat_list1)))

0 goal(s) more...

2 conjecture(s) more...
Tactic List : 1
intro nat_list2(rank:7)
=================================================
Progress: 19


1st goal of : forall (any_list1:any list) (nat_list1:nat list) (nat_list2:nat list), reverse ((reverse ((nat_list2 @ nat_list1)) @ any_list1)) = (reverse ((reverse (nat_list2) @ any_list1)) @ reverse (reverse (nat_list1)))
any_list1 : any list
---------------------------------------
forall (nat_list1:nat list) (nat_list2:nat list), reverse ((reverse ((nat_list2 @ nat_list1)) @ any_list1)) = (reverse ((reverse (nat_list2) @ any_list1)) @ reverse (reverse (nat_list1)))

0 goal(s) more...

2 conjecture(s) more...
>>> intro nat_list2(rank : 7)


1st goal of : forall (any_list1:any list) (nat_list1:nat list) (nat_list2:nat list), reverse ((reverse ((nat_list2 @ nat_list1)) @ any_list1)) = (reverse ((reverse (nat_list2) @ any_list1)) @ reverse (reverse (nat_list1)))
any_list1 : any list
nat_list2 : nat list
---------------------------------------
forall (nat_list1:nat list), reverse ((reverse ((nat_list2 @ nat_list1)) @ any_list1)) = (reverse ((reverse (nat_list2) @ any_list1)) @ reverse (reverse (nat_list1)))

0 goal(s) more...

2 conjecture(s) more...
Tactic List : 0
=================================================
Progress: 20


1st goal of : forall (any_list1:any list) (nat_list1:nat list) (nat_list2:nat list), reverse ((reverse ((nat_list2 @ nat_list1)) @ any_list1)) = (reverse ((reverse (nat_list2) @ any_list1)) @ reverse (reverse (nat_list1)))
nat_list1 : nat list
---------------------------------------
forall (any_list1:any list) (nat_list2:nat list), reverse ((reverse ((nat_list2 @ nat_list1)) @ any_list1)) = (reverse ((reverse (nat_list2) @ any_list1)) @ reverse (reverse (nat_list1)))

0 goal(s) more...

2 conjecture(s) more...
>>> intro nat_list2(rank : 7)


1st goal of : forall (any_list1:any list) (nat_list1:nat list) (nat_list2:nat list), reverse ((reverse ((nat_list2 @ nat_list1)) @ any_list1)) = (reverse ((reverse (nat_list2) @ any_list1)) @ reverse (reverse (nat_list1)))
nat_list1 : nat list
nat_list2 : nat list
---------------------------------------
forall (any_list1:any list), reverse ((reverse ((nat_list2 @ nat_list1)) @ any_list1)) = (reverse ((reverse (nat_list2) @ any_list1)) @ reverse (reverse (nat_list1)))

0 goal(s) more...

2 conjecture(s) more...
Tactic List : 0
=================================================
Progress: 21


1st goal of : forall (any_list1:any list) (nat_list1:nat list) (nat_list2:nat list), reverse ((reverse ((nat_list2 @ nat_list1)) @ any_list1)) = (reverse ((reverse (nat_list2) @ any_list1)) @ reverse (reverse (nat_list1)))
any_list1 : any list
nat_list1 : nat list
---------------------------------------
forall (nat_list2:nat list), reverse ((reverse ((nat_list2 @ nat_list1)) @ any_list1)) = (reverse ((reverse (nat_list2) @ any_list1)) @ reverse (reverse (nat_list1)))

0 goal(s) more...

2 conjecture(s) more...
>>> intro nat_list2(rank : 7)


1st goal of : forall (any_list1:any list) (nat_list1:nat list) (nat_list2:nat list), reverse ((reverse ((nat_list2 @ nat_list1)) @ any_list1)) = (reverse ((reverse (nat_list2) @ any_list1)) @ reverse (reverse (nat_list1)))
any_list1 : any list
nat_list1 : nat list
nat_list2 : nat list
---------------------------------------
reverse ((reverse ((nat_list2 @ nat_list1)) @ any_list1)) = (reverse ((reverse (nat_list2) @ any_list1)) @ reverse (reverse (nat_list1)))

0 goal(s) more...

2 conjecture(s) more...
Tactic List : 0
File "_none_", lines 81-83, characters 2-22:
Warning 8 [partial-match]: this pattern-matching is not exhaustive.
Here is an example of a case that is not matched:
[]

File "_none_", lines 81-83, characters 2-22:
Warning 8 [partial-match]: this pattern-matching is not exhaustive.
Here is an example of a case that is not matched:
[]
Fatal error: exception Failure("worklist is empty")
Raised at Stdlib.failwith in file "stdlib.ml", line 29, characters 17-33
Called from Dilemma__Engine.proof_auto in file "lib/engine.ml", line 196, characters 8-69
Called from Dune__exe__Main.main in file "bin/main.ml", line 24, characters 12-79
