Enter the definition file path (1/2) : 
> Enter the definition file path (2/2) : 
> Choose the proof type :
1) Interactive Mode 	 2) Auto Mode
Enter the goal : =================================================
Progress: 1


No conjecture
>>> assert forall (x:nat) (y:nat), mult (fac (x)) (y) = qfac (x) (y)(rank : 0.)


1st goal of : forall (nat1:nat) (nat2:nat), mult (fac (nat1)) (nat2) = qfac (nat1) (nat2)

---------------------------------------
forall (nat1:nat) (nat2:nat), mult (fac (nat1)) (nat2) = qfac (nat1) (nat2)

0 goal(s) more...

0 conjecture(s) more...
Tactic List : 1
induction nat1(rank:4.)
=================================================
Progress: 2


1st goal of : forall (nat1:nat) (nat2:nat), mult (fac (nat1)) (nat2) = qfac (nat1) (nat2)

---------------------------------------
forall (nat1:nat) (nat2:nat), mult (fac (nat1)) (nat2) = qfac (nat1) (nat2)

0 goal(s) more...

0 conjecture(s) more...
>>> induction nat1(rank : 4.)


1st goal of : forall (nat1:nat) (nat2:nat), mult (fac (nat1)) (nat2) = qfac (nat1) (nat2)
nat1 : nat
Base1 : nat1 = ZERO
---------------------------------------
forall (nat2:nat), mult (fac (ZERO)) (nat2) = qfac (ZERO) (nat2)

1 goal(s) more...

0 conjecture(s) more...
Tactic List : 1
reflexivity(rank:3.)
=================================================
Progress: 3


1st goal of : forall (nat1:nat) (nat2:nat), mult (fac (nat1)) (nat2) = qfac (nat1) (nat2)
nat1 : nat
Base1 : nat1 = ZERO
---------------------------------------
forall (nat2:nat), mult (fac (ZERO)) (nat2) = qfac (ZERO) (nat2)

1 goal(s) more...

0 conjecture(s) more...
>>> reflexivity(rank : 3.)


1st goal of : forall (nat1:nat) (nat2:nat), mult (fac (nat1)) (nat2) = qfac (nat1) (nat2)
nat1 : nat
nat3 : nat
IH1 : forall (nat2:nat), mult (fac (nat3)) (nat2) = qfac (nat3) (nat2)
Inductive1 : nat1 = SUCC (nat3)
---------------------------------------
forall (nat2:nat), mult (fac (SUCC (nat3))) (nat2) = qfac (SUCC (nat3)) (nat2)

0 goal(s) more...

0 conjecture(s) more...
Deduplication: 0
Tactic List : 1
simpl in goal(rank:3.)
=================================================
Progress: 4


1st goal of : forall (nat1:nat) (nat2:nat), mult (fac (nat1)) (nat2) = qfac (nat1) (nat2)
nat1 : nat
nat3 : nat
IH1 : forall (nat2:nat), mult (fac (nat3)) (nat2) = qfac (nat3) (nat2)
Inductive1 : nat1 = SUCC (nat3)
---------------------------------------
forall (nat2:nat), mult (fac (SUCC (nat3))) (nat2) = qfac (SUCC (nat3)) (nat2)

0 goal(s) more...

0 conjecture(s) more...
>>> simpl in goal(rank : 3.)


1st goal of : forall (nat1:nat) (nat2:nat), mult (fac (nat1)) (nat2) = qfac (nat1) (nat2)
nat1 : nat
nat3 : nat
IH1 : forall (nat2:nat), mult (fac (nat3)) (nat2) = qfac (nat3) (nat2)
Inductive1 : nat1 = SUCC (nat3)
---------------------------------------
forall (nat2:nat), mult (mult (fac (nat3)) (SUCC (nat3))) (nat2) = qfac (nat3) (mult (nat2) (SUCC (nat3)))

0 goal(s) more...

0 conjecture(s) more...
Tactic List : 3
rewrite IH1 in goal at 0(rank:11.)
induction nat2(rank:12.)
rewrite <- IH1 in goal at 0(rank:11.)
=================================================
Progress: 5


1st goal of : forall (nat1:nat) (nat2:nat), mult (fac (nat1)) (nat2) = qfac (nat1) (nat2)
nat1 : nat
nat3 : nat
IH1 : forall (nat2:nat), mult (fac (nat3)) (nat2) = qfac (nat3) (nat2)
Inductive1 : nat1 = SUCC (nat3)
---------------------------------------
forall (nat2:nat), mult (mult (fac (nat3)) (SUCC (nat3))) (nat2) = qfac (nat3) (mult (nat2) (SUCC (nat3)))

0 goal(s) more...

0 conjecture(s) more...
>>> rewrite IH1 in goal at 0(rank : 11.)


1st goal of : forall (nat1:nat) (nat2:nat), mult (fac (nat1)) (nat2) = qfac (nat1) (nat2)
nat1 : nat
nat3 : nat
IH1 : forall (nat2:nat), mult (fac (nat3)) (nat2) = qfac (nat3) (nat2)
Inductive1 : nat1 = SUCC (nat3)
---------------------------------------
forall (nat2:nat), mult (qfac (nat3) (SUCC (nat3))) (nat2) = qfac (nat3) (mult (nat2) (SUCC (nat3)))

0 goal(s) more...

0 conjecture(s) more...
Tactic List : 2
rewrite <- IH1 in goal at 2(rank:11.)
induction nat2(rank:12.)
=================================================
Progress: 6


1st goal of : forall (nat1:nat) (nat2:nat), mult (fac (nat1)) (nat2) = qfac (nat1) (nat2)
nat1 : nat
nat3 : nat
IH1 : forall (nat2:nat), mult (fac (nat3)) (nat2) = qfac (nat3) (nat2)
Inductive1 : nat1 = SUCC (nat3)
---------------------------------------
forall (nat2:nat), mult (mult (fac (nat3)) (SUCC (nat3))) (nat2) = qfac (nat3) (mult (nat2) (SUCC (nat3)))

0 goal(s) more...

0 conjecture(s) more...
>>> rewrite <- IH1 in goal at 0(rank : 11.)


1st goal of : forall (nat1:nat) (nat2:nat), mult (fac (nat1)) (nat2) = qfac (nat1) (nat2)
nat1 : nat
nat3 : nat
IH1 : forall (nat2:nat), mult (fac (nat3)) (nat2) = qfac (nat3) (nat2)
Inductive1 : nat1 = SUCC (nat3)
---------------------------------------
forall (nat2:nat), mult (mult (fac (nat3)) (SUCC (nat3))) (nat2) = mult (fac (nat3)) (mult (nat2) (SUCC (nat3)))

0 goal(s) more...

0 conjecture(s) more...
Tactic List : 1
induction nat2(rank:4.)
=================================================
Progress: 7


1st goal of : forall (nat1:nat) (nat2:nat), mult (fac (nat1)) (nat2) = qfac (nat1) (nat2)
nat1 : nat
nat3 : nat
IH1 : forall (nat2:nat), mult (fac (nat3)) (nat2) = qfac (nat3) (nat2)
Inductive1 : nat1 = SUCC (nat3)
---------------------------------------
forall (nat2:nat), mult (mult (fac (nat3)) (SUCC (nat3))) (nat2) = mult (fac (nat3)) (mult (nat2) (SUCC (nat3)))

0 goal(s) more...

0 conjecture(s) more...
>>> induction nat2(rank : 4.)


1st goal of : forall (nat1:nat) (nat2:nat), mult (fac (nat1)) (nat2) = qfac (nat1) (nat2)
nat1 : nat
nat3 : nat
IH1 : forall (nat2:nat), mult (fac (nat3)) (nat2) = qfac (nat3) (nat2)
Inductive1 : nat1 = SUCC (nat3)
nat2 : nat
Base1 : nat2 = ZERO
---------------------------------------
mult (mult (fac (nat3)) (SUCC (nat3))) (ZERO) = mult (fac (nat3)) (mult (ZERO) (SUCC (nat3)))

1 goal(s) more...

0 conjecture(s) more...
Tactic List : 1
simpl in goal(rank:4.)
=================================================
Progress: 8


1st goal of : forall (nat1:nat) (nat2:nat), mult (fac (nat1)) (nat2) = qfac (nat1) (nat2)
nat1 : nat
nat3 : nat
IH1 : forall (nat2:nat), mult (fac (nat3)) (nat2) = qfac (nat3) (nat2)
Inductive1 : nat1 = SUCC (nat3)
nat2 : nat
Base1 : nat2 = ZERO
---------------------------------------
mult (mult (fac (nat3)) (SUCC (nat3))) (ZERO) = mult (fac (nat3)) (mult (ZERO) (SUCC (nat3)))

1 goal(s) more...

0 conjecture(s) more...
>>> simpl in goal(rank : 4.)


1st goal of : forall (nat1:nat) (nat2:nat), mult (fac (nat1)) (nat2) = qfac (nat1) (nat2)
nat1 : nat
nat3 : nat
IH1 : forall (nat2:nat), mult (fac (nat3)) (nat2) = qfac (nat3) (nat2)
Inductive1 : nat1 = SUCC (nat3)
nat2 : nat
Base1 : nat2 = ZERO
---------------------------------------
mult (mult (fac (nat3)) (SUCC (nat3))) (ZERO) = mult (fac (nat3)) (ZERO)

1 goal(s) more...

0 conjecture(s) more...
Tactic List : 3
rewrite IH1 in goal at 1(rank:12.)
rewrite IH1 in goal at 0(rank:20.)
rewrite IH1 in goal at 2(rank:20.)
=================================================
Progress: 9


1st goal of : forall (nat1:nat) (nat2:nat), mult (fac (nat1)) (nat2) = qfac (nat1) (nat2)
nat1 : nat
nat3 : nat
IH1 : forall (nat2:nat), mult (fac (nat3)) (nat2) = qfac (nat3) (nat2)
Inductive1 : nat1 = SUCC (nat3)
---------------------------------------
forall (nat2:nat), mult (qfac (nat3) (SUCC (nat3))) (nat2) = qfac (nat3) (mult (nat2) (SUCC (nat3)))

0 goal(s) more...

0 conjecture(s) more...
>>> rewrite <- IH1 in goal at 2(rank : 11.)


1st goal of : forall (nat1:nat) (nat2:nat), mult (fac (nat1)) (nat2) = qfac (nat1) (nat2)
nat1 : nat
nat3 : nat
IH1 : forall (nat2:nat), mult (fac (nat3)) (nat2) = qfac (nat3) (nat2)
Inductive1 : nat1 = SUCC (nat3)
---------------------------------------
forall (nat2:nat), mult (qfac (nat3) (SUCC (nat3))) (nat2) = mult (fac (nat3)) (mult (nat2) (SUCC (nat3)))

0 goal(s) more...

0 conjecture(s) more...
Tactic List : 1
induction nat2(rank:4.)
=================================================
Progress: 10


1st goal of : forall (nat1:nat) (nat2:nat), mult (fac (nat1)) (nat2) = qfac (nat1) (nat2)
nat1 : nat
nat3 : nat
IH1 : forall (nat2:nat), mult (fac (nat3)) (nat2) = qfac (nat3) (nat2)
Inductive1 : nat1 = SUCC (nat3)
---------------------------------------
forall (nat2:nat), mult (qfac (nat3) (SUCC (nat3))) (nat2) = mult (fac (nat3)) (mult (nat2) (SUCC (nat3)))

0 goal(s) more...

0 conjecture(s) more...
>>> induction nat2(rank : 4.)


1st goal of : forall (nat1:nat) (nat2:nat), mult (fac (nat1)) (nat2) = qfac (nat1) (nat2)
nat1 : nat
nat3 : nat
IH1 : forall (nat2:nat), mult (fac (nat3)) (nat2) = qfac (nat3) (nat2)
Inductive1 : nat1 = SUCC (nat3)
nat2 : nat
Base1 : nat2 = ZERO
---------------------------------------
mult (qfac (nat3) (SUCC (nat3))) (ZERO) = mult (fac (nat3)) (mult (ZERO) (SUCC (nat3)))

1 goal(s) more...

0 conjecture(s) more...
Tactic List : 1
simpl in goal(rank:4.)
=================================================
Progress: 11


1st goal of : forall (nat1:nat) (nat2:nat), mult (fac (nat1)) (nat2) = qfac (nat1) (nat2)
nat1 : nat
nat3 : nat
IH1 : forall (nat2:nat), mult (fac (nat3)) (nat2) = qfac (nat3) (nat2)
Inductive1 : nat1 = SUCC (nat3)
nat2 : nat
Base1 : nat2 = ZERO
---------------------------------------
mult (qfac (nat3) (SUCC (nat3))) (ZERO) = mult (fac (nat3)) (mult (ZERO) (SUCC (nat3)))

1 goal(s) more...

0 conjecture(s) more...
>>> simpl in goal(rank : 4.)


1st goal of : forall (nat1:nat) (nat2:nat), mult (fac (nat1)) (nat2) = qfac (nat1) (nat2)
nat1 : nat
nat3 : nat
IH1 : forall (nat2:nat), mult (fac (nat3)) (nat2) = qfac (nat3) (nat2)
Inductive1 : nat1 = SUCC (nat3)
nat2 : nat
Base1 : nat2 = ZERO
---------------------------------------
mult (qfac (nat3) (SUCC (nat3))) (ZERO) = mult (fac (nat3)) (ZERO)

1 goal(s) more...

0 conjecture(s) more...
Tactic List : 2
rewrite IH1 in goal at 0(rank:20.)
rewrite <- IH1 in goal at 0(rank:20.)
=================================================
Progress: 12


1st goal of : forall (nat1:nat) (nat2:nat), mult (fac (nat1)) (nat2) = qfac (nat1) (nat2)
nat1 : nat
nat3 : nat
IH1 : forall (nat2:nat), mult (fac (nat3)) (nat2) = qfac (nat3) (nat2)
Inductive1 : nat1 = SUCC (nat3)
---------------------------------------
forall (nat2:nat), mult (mult (fac (nat3)) (SUCC (nat3))) (nat2) = qfac (nat3) (mult (nat2) (SUCC (nat3)))

0 goal(s) more...

0 conjecture(s) more...
>>> induction nat2(rank : 12.)


1st goal of : forall (nat1:nat) (nat2:nat), mult (fac (nat1)) (nat2) = qfac (nat1) (nat2)
nat1 : nat
nat3 : nat
IH1 : forall (nat2:nat), mult (fac (nat3)) (nat2) = qfac (nat3) (nat2)
Inductive1 : nat1 = SUCC (nat3)
nat2 : nat
Base1 : nat2 = ZERO
---------------------------------------
mult (mult (fac (nat3)) (SUCC (nat3))) (ZERO) = qfac (nat3) (mult (ZERO) (SUCC (nat3)))

1 goal(s) more...

0 conjecture(s) more...
Tactic List : 1
simpl in goal(rank:4.)
=================================================
Progress: 13


1st goal of : forall (nat1:nat) (nat2:nat), mult (fac (nat1)) (nat2) = qfac (nat1) (nat2)
nat1 : nat
nat3 : nat
IH1 : forall (nat2:nat), mult (fac (nat3)) (nat2) = qfac (nat3) (nat2)
Inductive1 : nat1 = SUCC (nat3)
nat2 : nat
Base1 : nat2 = ZERO
---------------------------------------
mult (mult (fac (nat3)) (SUCC (nat3))) (ZERO) = qfac (nat3) (mult (ZERO) (SUCC (nat3)))

1 goal(s) more...

0 conjecture(s) more...
>>> simpl in goal(rank : 4.)


1st goal of : forall (nat1:nat) (nat2:nat), mult (fac (nat1)) (nat2) = qfac (nat1) (nat2)
nat1 : nat
nat3 : nat
IH1 : forall (nat2:nat), mult (fac (nat3)) (nat2) = qfac (nat3) (nat2)
Inductive1 : nat1 = SUCC (nat3)
nat2 : nat
Base1 : nat2 = ZERO
---------------------------------------
mult (mult (fac (nat3)) (SUCC (nat3))) (ZERO) = qfac (nat3) (ZERO)

1 goal(s) more...

0 conjecture(s) more...
Tactic List : 2
rewrite IH1 in goal at 0(rank:12.)
rewrite <- IH1 in goal at 0(rank:12.)
=================================================
Progress: 14


1st goal of : forall (nat1:nat) (nat2:nat), mult (fac (nat1)) (nat2) = qfac (nat1) (nat2)
nat1 : nat
nat3 : nat
IH1 : forall (nat2:nat), mult (fac (nat3)) (nat2) = qfac (nat3) (nat2)
Inductive1 : nat1 = SUCC (nat3)
---------------------------------------
forall (nat2:nat), mult (qfac (nat3) (SUCC (nat3))) (nat2) = qfac (nat3) (mult (nat2) (SUCC (nat3)))

0 goal(s) more...

0 conjecture(s) more...
>>> induction nat2(rank : 12.)


1st goal of : forall (nat1:nat) (nat2:nat), mult (fac (nat1)) (nat2) = qfac (nat1) (nat2)
nat1 : nat
nat3 : nat
IH1 : forall (nat2:nat), mult (fac (nat3)) (nat2) = qfac (nat3) (nat2)
Inductive1 : nat1 = SUCC (nat3)
nat2 : nat
Base1 : nat2 = ZERO
---------------------------------------
mult (qfac (nat3) (SUCC (nat3))) (ZERO) = qfac (nat3) (mult (ZERO) (SUCC (nat3)))

1 goal(s) more...

0 conjecture(s) more...
Tactic List : 1
simpl in goal(rank:4.)
=================================================
Progress: 15


1st goal of : forall (nat1:nat) (nat2:nat), mult (fac (nat1)) (nat2) = qfac (nat1) (nat2)
nat1 : nat
nat3 : nat
IH1 : forall (nat2:nat), mult (fac (nat3)) (nat2) = qfac (nat3) (nat2)
Inductive1 : nat1 = SUCC (nat3)
nat2 : nat
Base1 : nat2 = ZERO
---------------------------------------
mult (qfac (nat3) (SUCC (nat3))) (ZERO) = qfac (nat3) (mult (ZERO) (SUCC (nat3)))

1 goal(s) more...

0 conjecture(s) more...
>>> simpl in goal(rank : 4.)


1st goal of : forall (nat1:nat) (nat2:nat), mult (fac (nat1)) (nat2) = qfac (nat1) (nat2)
nat1 : nat
nat3 : nat
IH1 : forall (nat2:nat), mult (fac (nat3)) (nat2) = qfac (nat3) (nat2)
Inductive1 : nat1 = SUCC (nat3)
nat2 : nat
Base1 : nat2 = ZERO
---------------------------------------
mult (qfac (nat3) (SUCC (nat3))) (ZERO) = qfac (nat3) (ZERO)

1 goal(s) more...

0 conjecture(s) more...
Tactic List : 3
rewrite <- IH1 in goal at 2(rank:12.)
rewrite <- IH1 in goal at 0(rank:20.)
rewrite <- IH1 in goal at 1(rank:20.)
=================================================
Progress: 16


1st goal of : forall (nat1:nat) (nat2:nat), mult (fac (nat1)) (nat2) = qfac (nat1) (nat2)
nat1 : nat
nat3 : nat
IH1 : forall (nat2:nat), mult (fac (nat3)) (nat2) = qfac (nat3) (nat2)
Inductive1 : nat1 = SUCC (nat3)
nat2 : nat
Base1 : nat2 = ZERO
---------------------------------------
mult (mult (fac (nat3)) (SUCC (nat3))) (ZERO) = mult (fac (nat3)) (ZERO)

1 goal(s) more...

0 conjecture(s) more...
>>> rewrite IH1 in goal at 1(rank : 12.)


1st goal of : forall (nat1:nat) (nat2:nat), mult (fac (nat1)) (nat2) = qfac (nat1) (nat2)
nat1 : nat
nat3 : nat
IH1 : forall (nat2:nat), mult (fac (nat3)) (nat2) = qfac (nat3) (nat2)
Inductive1 : nat1 = SUCC (nat3)
nat2 : nat
Base1 : nat2 = ZERO
---------------------------------------
mult (qfac (nat3) (SUCC (nat3))) (ZERO) = mult (fac (nat3)) (ZERO)

1 goal(s) more...

0 conjecture(s) more...
Tactic List : 0
previous tactics
simpl in goal
rewrite IH1 in goal at 1
validate generalize_common_subterm_goal
Prop: mult (qfac (SUCC (SUCC (ZERO))) (SUCC (SUCC (SUCC (ZERO))))) (ZERO) = mult (fac (SUCC (SUCC (ZERO)))) (ZERO)
Prop: mult (qfac (SUCC (SUCC (SUCC (ZERO)))) (SUCC (SUCC (SUCC (SUCC (ZERO)))))) (ZERO) = mult (fac (SUCC (SUCC (SUCC (ZERO))))) (ZERO)
Prop: mult (qfac (ZERO) (SUCC (ZERO))) (ZERO) = mult (fac (ZERO)) (ZERO)
previous tactics
simpl in goal
Prop: mult (mult (ZERO) (SUCC (ZERO))) (ZERO) = mult (ZERO) (ZERO)
Prop: mult (mult (SUCC (ZERO)) (SUCC (ZERO))) (ZERO) = mult (SUCC (ZERO)) (ZERO)
Prop: mult (mult (SUCC (SUCC (ZERO))) (SUCC (ZERO))) (ZERO) = mult (SUCC (SUCC (ZERO))) (ZERO)
Lemma List
forall (nat1:nat) (nat2:nat), mult (mult (nat1) (SUCC (nat2))) (ZERO) = mult (nat1) (ZERO)
End of Lemma List


1st goal of : forall (nat1:nat) (nat2:nat), mult (fac (nat1)) (nat2) = qfac (nat1) (nat2)
nat1 : nat
nat3 : nat
IH1 : forall (nat2:nat), mult (fac (nat3)) (nat2) = qfac (nat3) (nat2)
Inductive1 : nat1 = SUCC (nat3)
nat2 : nat
Base1 : nat2 = ZERO
---------------------------------------
mult (mult (fac (nat3)) (SUCC (nat3))) (ZERO) = mult (fac (nat3)) (ZERO)

1 goal(s) more...

0 conjecture(s) more...
=================================================
Progress: 17


1st goal of : forall (nat1:nat) (nat2:nat), mult (fac (nat1)) (nat2) = qfac (nat1) (nat2)
nat1 : nat
nat3 : nat
IH1 : forall (nat2:nat), mult (fac (nat3)) (nat2) = qfac (nat3) (nat2)
Inductive1 : nat1 = SUCC (nat3)
nat2 : nat
Base1 : nat2 = ZERO
---------------------------------------
mult (mult (fac (nat3)) (SUCC (nat3))) (ZERO) = mult (fac (nat3)) (ZERO)

1 goal(s) more...

0 conjecture(s) more...
>>> assert forall (nat1:nat) (nat2:nat), mult (mult (nat1) (SUCC (nat2))) (ZERO) = mult (nat1) (ZERO)(rank : 0.)


1st goal of : forall (nat1:nat) (nat2:nat), mult (mult (nat1) (SUCC (nat2))) (ZERO) = mult (nat1) (ZERO)

---------------------------------------
forall (nat1:nat) (nat2:nat), mult (mult (nat1) (SUCC (nat2))) (ZERO) = mult (nat1) (ZERO)

0 goal(s) more...

1 conjecture(s) more...
Tactic List : 1
induction nat1(rank:6.)
=================================================
Progress: 18


1st goal of : forall (nat1:nat) (nat2:nat), mult (mult (nat1) (SUCC (nat2))) (ZERO) = mult (nat1) (ZERO)

---------------------------------------
forall (nat1:nat) (nat2:nat), mult (mult (nat1) (SUCC (nat2))) (ZERO) = mult (nat1) (ZERO)

0 goal(s) more...

1 conjecture(s) more...
>>> induction nat1(rank : 6.)


1st goal of : forall (nat1:nat) (nat2:nat), mult (mult (nat1) (SUCC (nat2))) (ZERO) = mult (nat1) (ZERO)
nat1 : nat
Base1 : nat1 = ZERO
---------------------------------------
forall (nat2:nat), mult (mult (ZERO) (SUCC (nat2))) (ZERO) = mult (ZERO) (ZERO)

1 goal(s) more...

1 conjecture(s) more...
Tactic List : 1
reflexivity(rank:5.)
=================================================
Progress: 19


1st goal of : forall (nat1:nat) (nat2:nat), mult (mult (nat1) (SUCC (nat2))) (ZERO) = mult (nat1) (ZERO)
nat1 : nat
Base1 : nat1 = ZERO
---------------------------------------
forall (nat2:nat), mult (mult (ZERO) (SUCC (nat2))) (ZERO) = mult (ZERO) (ZERO)

1 goal(s) more...

1 conjecture(s) more...
>>> reflexivity(rank : 5.)


1st goal of : forall (nat1:nat) (nat2:nat), mult (mult (nat1) (SUCC (nat2))) (ZERO) = mult (nat1) (ZERO)
nat1 : nat
nat3 : nat
IH1 : forall (nat2:nat), mult (mult (nat3) (SUCC (nat2))) (ZERO) = mult (nat3) (ZERO)
Inductive1 : nat1 = SUCC (nat3)
---------------------------------------
forall (nat2:nat), mult (mult (SUCC (nat3)) (SUCC (nat2))) (ZERO) = mult (SUCC (nat3)) (ZERO)

0 goal(s) more...

1 conjecture(s) more...
Deduplication: 0
Tactic List : 1
simpl in goal(rank:5.)
=================================================
Progress: 20


1st goal of : forall (nat1:nat) (nat2:nat), mult (mult (nat1) (SUCC (nat2))) (ZERO) = mult (nat1) (ZERO)
nat1 : nat
nat3 : nat
IH1 : forall (nat2:nat), mult (mult (nat3) (SUCC (nat2))) (ZERO) = mult (nat3) (ZERO)
Inductive1 : nat1 = SUCC (nat3)
---------------------------------------
forall (nat2:nat), mult (mult (SUCC (nat3)) (SUCC (nat2))) (ZERO) = mult (SUCC (nat3)) (ZERO)

0 goal(s) more...

1 conjecture(s) more...
>>> simpl in goal(rank : 5.)


1st goal of : forall (nat1:nat) (nat2:nat), mult (mult (nat1) (SUCC (nat2))) (ZERO) = mult (nat1) (ZERO)
nat1 : nat
nat3 : nat
IH1 : forall (nat2:nat), mult (mult (nat3) (SUCC (nat2))) (ZERO) = mult (nat3) (ZERO)
Inductive1 : nat1 = SUCC (nat3)
---------------------------------------
forall (nat2:nat), mult (plus (mult (nat3) (SUCC (nat2))) (SUCC (nat2))) (ZERO) = plus (mult (nat3) (ZERO)) (ZERO)

0 goal(s) more...

1 conjecture(s) more...
Tactic List : 1
intro nat2(rank:5.)
=================================================
Progress: 21


1st goal of : forall (nat1:nat) (nat2:nat), mult (mult (nat1) (SUCC (nat2))) (ZERO) = mult (nat1) (ZERO)
nat1 : nat
nat3 : nat
IH1 : forall (nat2:nat), mult (mult (nat3) (SUCC (nat2))) (ZERO) = mult (nat3) (ZERO)
Inductive1 : nat1 = SUCC (nat3)
---------------------------------------
forall (nat2:nat), mult (plus (mult (nat3) (SUCC (nat2))) (SUCC (nat2))) (ZERO) = plus (mult (nat3) (ZERO)) (ZERO)

0 goal(s) more...

1 conjecture(s) more...
>>> intro nat2(rank : 5.)


1st goal of : forall (nat1:nat) (nat2:nat), mult (mult (nat1) (SUCC (nat2))) (ZERO) = mult (nat1) (ZERO)
nat1 : nat
nat3 : nat
IH1 : forall (nat2:nat), mult (mult (nat3) (SUCC (nat2))) (ZERO) = mult (nat3) (ZERO)
Inductive1 : nat1 = SUCC (nat3)
nat2 : nat
---------------------------------------
mult (plus (mult (nat3) (SUCC (nat2))) (SUCC (nat2))) (ZERO) = plus (mult (nat3) (ZERO)) (ZERO)

0 goal(s) more...

1 conjecture(s) more...
Tactic List : 0
previous tactics
simpl in goal
intro nat2
validate generalize_common_subterm_goal
Prop: mult (plus (mult (SUCC (SUCC (ZERO))) (SUCC (SUCC (ZERO)))) (SUCC (SUCC (ZERO)))) (ZERO) = plus (mult (SUCC (SUCC (ZERO))) (ZERO)) (ZERO)
Prop: mult (plus (mult (ZERO) (SUCC (ZERO))) (SUCC (ZERO))) (ZERO) = plus (mult (ZERO) (ZERO)) (ZERO)
Prop: mult (plus (mult (SUCC (ZERO)) (SUCC (ZERO))) (SUCC (ZERO))) (ZERO) = plus (mult (SUCC (ZERO)) (ZERO)) (ZERO)
Lemma List
forall (nat1:nat) (nat2:nat), mult (plus (mult (nat2) (SUCC (nat1))) (SUCC (nat1))) (ZERO) = plus (mult (nat2) (ZERO)) (ZERO)
End of Lemma List


1st goal of : forall (nat1:nat) (nat2:nat), mult (mult (nat1) (SUCC (nat2))) (ZERO) = mult (nat1) (ZERO)
nat1 : nat
nat3 : nat
IH1 : forall (nat2:nat), mult (mult (nat3) (SUCC (nat2))) (ZERO) = mult (nat3) (ZERO)
Inductive1 : nat1 = SUCC (nat3)
nat2 : nat
---------------------------------------
mult (plus (mult (nat3) (SUCC (nat2))) (SUCC (nat2))) (ZERO) = plus (mult (nat3) (ZERO)) (ZERO)

0 goal(s) more...

1 conjecture(s) more...
=================================================
Progress: 22


1st goal of : forall (nat1:nat) (nat2:nat), mult (mult (nat1) (SUCC (nat2))) (ZERO) = mult (nat1) (ZERO)
nat1 : nat
nat3 : nat
IH1 : forall (nat2:nat), mult (mult (nat3) (SUCC (nat2))) (ZERO) = mult (nat3) (ZERO)
Inductive1 : nat1 = SUCC (nat3)
nat2 : nat
---------------------------------------
mult (plus (mult (nat3) (SUCC (nat2))) (SUCC (nat2))) (ZERO) = plus (mult (nat3) (ZERO)) (ZERO)

0 goal(s) more...

1 conjecture(s) more...
>>> assert forall (nat1:nat) (nat2:nat), mult (plus (mult (nat2) (SUCC (nat1))) (SUCC (nat1))) (ZERO) = plus (mult (nat2) (ZERO)) (ZERO)(rank : 0.)


1st goal of : forall (nat1:nat) (nat2:nat), mult (plus (mult (nat2) (SUCC (nat1))) (SUCC (nat1))) (ZERO) = plus (mult (nat2) (ZERO)) (ZERO)

---------------------------------------
forall (nat1:nat) (nat2:nat), mult (plus (mult (nat2) (SUCC (nat1))) (SUCC (nat1))) (ZERO) = plus (mult (nat2) (ZERO)) (ZERO)

0 goal(s) more...

2 conjecture(s) more...
Tactic List : 1
induction nat2(rank:8.)
=================================================
Progress: 23


1st goal of : forall (nat1:nat) (nat2:nat), mult (plus (mult (nat2) (SUCC (nat1))) (SUCC (nat1))) (ZERO) = plus (mult (nat2) (ZERO)) (ZERO)

---------------------------------------
forall (nat1:nat) (nat2:nat), mult (plus (mult (nat2) (SUCC (nat1))) (SUCC (nat1))) (ZERO) = plus (mult (nat2) (ZERO)) (ZERO)

0 goal(s) more...

2 conjecture(s) more...
>>> induction nat2(rank : 8.)


1st goal of : forall (nat1:nat) (nat2:nat), mult (plus (mult (nat2) (SUCC (nat1))) (SUCC (nat1))) (ZERO) = plus (mult (nat2) (ZERO)) (ZERO)
nat2 : nat
Base1 : nat2 = ZERO
---------------------------------------
forall (nat1:nat), mult (plus (mult (ZERO) (SUCC (nat1))) (SUCC (nat1))) (ZERO) = plus (mult (ZERO) (ZERO)) (ZERO)

1 goal(s) more...

2 conjecture(s) more...
Tactic List : 1
simpl in goal(rank:8.)
=================================================
Progress: 24


1st goal of : forall (nat1:nat) (nat2:nat), mult (plus (mult (nat2) (SUCC (nat1))) (SUCC (nat1))) (ZERO) = plus (mult (nat2) (ZERO)) (ZERO)
nat2 : nat
Base1 : nat2 = ZERO
---------------------------------------
forall (nat1:nat), mult (plus (mult (ZERO) (SUCC (nat1))) (SUCC (nat1))) (ZERO) = plus (mult (ZERO) (ZERO)) (ZERO)

1 goal(s) more...

2 conjecture(s) more...
>>> simpl in goal(rank : 8.)


1st goal of : forall (nat1:nat) (nat2:nat), mult (plus (mult (nat2) (SUCC (nat1))) (SUCC (nat1))) (ZERO) = plus (mult (nat2) (ZERO)) (ZERO)
nat2 : nat
Base1 : nat2 = ZERO
---------------------------------------
forall (nat1:nat), plus (mult (nat1) (ZERO)) (ZERO) = ZERO

1 goal(s) more...

2 conjecture(s) more...
Tactic List : 1
induction nat1(rank:9.)
=================================================
Progress: 25


1st goal of : forall (nat1:nat) (nat2:nat), mult (plus (mult (nat2) (SUCC (nat1))) (SUCC (nat1))) (ZERO) = plus (mult (nat2) (ZERO)) (ZERO)
nat2 : nat
Base1 : nat2 = ZERO
---------------------------------------
forall (nat1:nat), plus (mult (nat1) (ZERO)) (ZERO) = ZERO

1 goal(s) more...

2 conjecture(s) more...
>>> induction nat1(rank : 9.)


1st goal of : forall (nat1:nat) (nat2:nat), mult (plus (mult (nat2) (SUCC (nat1))) (SUCC (nat1))) (ZERO) = plus (mult (nat2) (ZERO)) (ZERO)
nat2 : nat
Base1 : nat2 = ZERO
nat1 : nat
Base2 : nat1 = ZERO
---------------------------------------
plus (mult (ZERO) (ZERO)) (ZERO) = ZERO

2 goal(s) more...

2 conjecture(s) more...
Tactic List : 1
reflexivity(rank:8.)
=================================================
Progress: 26


1st goal of : forall (nat1:nat) (nat2:nat), mult (plus (mult (nat2) (SUCC (nat1))) (SUCC (nat1))) (ZERO) = plus (mult (nat2) (ZERO)) (ZERO)
nat2 : nat
Base1 : nat2 = ZERO
nat1 : nat
Base2 : nat1 = ZERO
---------------------------------------
plus (mult (ZERO) (ZERO)) (ZERO) = ZERO

2 goal(s) more...

2 conjecture(s) more...
>>> reflexivity(rank : 8.)


1st goal of : forall (nat1:nat) (nat2:nat), mult (plus (mult (nat2) (SUCC (nat1))) (SUCC (nat1))) (ZERO) = plus (mult (nat2) (ZERO)) (ZERO)
nat2 : nat
Base1 : nat2 = ZERO
nat1 : nat
nat3 : nat
IH1 : plus (mult (nat3) (ZERO)) (ZERO) = ZERO
Inductive1 : nat1 = SUCC (nat3)
---------------------------------------
plus (mult (SUCC (nat3)) (ZERO)) (ZERO) = ZERO

1 goal(s) more...

2 conjecture(s) more...
Deduplication: 0
Tactic List : 1
simpl in goal(rank:8.)
=================================================
Progress: 27


1st goal of : forall (nat1:nat) (nat2:nat), mult (plus (mult (nat2) (SUCC (nat1))) (SUCC (nat1))) (ZERO) = plus (mult (nat2) (ZERO)) (ZERO)
nat2 : nat
Base1 : nat2 = ZERO
nat1 : nat
nat3 : nat
IH1 : plus (mult (nat3) (ZERO)) (ZERO) = ZERO
Inductive1 : nat1 = SUCC (nat3)
---------------------------------------
plus (mult (SUCC (nat3)) (ZERO)) (ZERO) = ZERO

1 goal(s) more...

2 conjecture(s) more...
>>> simpl in goal(rank : 8.)


1st goal of : forall (nat1:nat) (nat2:nat), mult (plus (mult (nat2) (SUCC (nat1))) (SUCC (nat1))) (ZERO) = plus (mult (nat2) (ZERO)) (ZERO)
nat2 : nat
Base1 : nat2 = ZERO
nat1 : nat
nat3 : nat
IH1 : plus (mult (nat3) (ZERO)) (ZERO) = ZERO
Inductive1 : nat1 = SUCC (nat3)
---------------------------------------
plus (plus (mult (nat3) (ZERO)) (ZERO)) (ZERO) = ZERO

1 goal(s) more...

2 conjecture(s) more...
Tactic List : 1
rewrite IH1 in goal at 0(rank:8.)
=================================================
Progress: 28


1st goal of : forall (nat1:nat) (nat2:nat), mult (plus (mult (nat2) (SUCC (nat1))) (SUCC (nat1))) (ZERO) = plus (mult (nat2) (ZERO)) (ZERO)
nat2 : nat
Base1 : nat2 = ZERO
nat1 : nat
nat3 : nat
IH1 : plus (mult (nat3) (ZERO)) (ZERO) = ZERO
Inductive1 : nat1 = SUCC (nat3)
---------------------------------------
plus (plus (mult (nat3) (ZERO)) (ZERO)) (ZERO) = ZERO

1 goal(s) more...

2 conjecture(s) more...
>>> rewrite IH1 in goal at 0(rank : 8.)


1st goal of : forall (nat1:nat) (nat2:nat), mult (plus (mult (nat2) (SUCC (nat1))) (SUCC (nat1))) (ZERO) = plus (mult (nat2) (ZERO)) (ZERO)
nat2 : nat
Base1 : nat2 = ZERO
nat1 : nat
nat3 : nat
IH1 : plus (mult (nat3) (ZERO)) (ZERO) = ZERO
Inductive1 : nat1 = SUCC (nat3)
---------------------------------------
plus (ZERO) (ZERO) = ZERO

1 goal(s) more...

2 conjecture(s) more...
Tactic List : 1
reflexivity(rank:7.)
=================================================
Progress: 29


1st goal of : forall (nat1:nat) (nat2:nat), mult (plus (mult (nat2) (SUCC (nat1))) (SUCC (nat1))) (ZERO) = plus (mult (nat2) (ZERO)) (ZERO)
nat2 : nat
Base1 : nat2 = ZERO
nat1 : nat
nat3 : nat
IH1 : plus (mult (nat3) (ZERO)) (ZERO) = ZERO
Inductive1 : nat1 = SUCC (nat3)
---------------------------------------
plus (ZERO) (ZERO) = ZERO

1 goal(s) more...

2 conjecture(s) more...
>>> reflexivity(rank : 7.)


1st goal of : forall (nat1:nat) (nat2:nat), mult (plus (mult (nat2) (SUCC (nat1))) (SUCC (nat1))) (ZERO) = plus (mult (nat2) (ZERO)) (ZERO)
nat2 : nat
nat3 : nat
IH1 : forall (nat1:nat), mult (plus (mult (nat3) (SUCC (nat1))) (SUCC (nat1))) (ZERO) = plus (mult (nat3) (ZERO)) (ZERO)
Inductive1 : nat2 = SUCC (nat3)
---------------------------------------
forall (nat1:nat), mult (plus (mult (SUCC (nat3)) (SUCC (nat1))) (SUCC (nat1))) (ZERO) = plus (mult (SUCC (nat3)) (ZERO)) (ZERO)

0 goal(s) more...

2 conjecture(s) more...
Deduplication: 0
Tactic List : 1
simpl in goal(rank:7.)
=================================================
Progress: 30


1st goal of : forall (nat1:nat) (nat2:nat), mult (plus (mult (nat2) (SUCC (nat1))) (SUCC (nat1))) (ZERO) = plus (mult (nat2) (ZERO)) (ZERO)
nat2 : nat
nat3 : nat
IH1 : forall (nat1:nat), mult (plus (mult (nat3) (SUCC (nat1))) (SUCC (nat1))) (ZERO) = plus (mult (nat3) (ZERO)) (ZERO)
Inductive1 : nat2 = SUCC (nat3)
---------------------------------------
forall (nat1:nat), mult (plus (mult (SUCC (nat3)) (SUCC (nat1))) (SUCC (nat1))) (ZERO) = plus (mult (SUCC (nat3)) (ZERO)) (ZERO)

0 goal(s) more...

2 conjecture(s) more...
>>> simpl in goal(rank : 7.)


1st goal of : forall (nat1:nat) (nat2:nat), mult (plus (mult (nat2) (SUCC (nat1))) (SUCC (nat1))) (ZERO) = plus (mult (nat2) (ZERO)) (ZERO)
nat2 : nat
nat3 : nat
IH1 : forall (nat1:nat), mult (plus (mult (nat3) (SUCC (nat1))) (SUCC (nat1))) (ZERO) = plus (mult (nat3) (ZERO)) (ZERO)
Inductive1 : nat2 = SUCC (nat3)
---------------------------------------
forall (nat1:nat), mult (plus (plus (mult (nat3) (SUCC (nat1))) (SUCC (nat1))) (SUCC (nat1))) (ZERO) = plus (plus (mult (nat3) (ZERO)) (ZERO)) (ZERO)

0 goal(s) more...

2 conjecture(s) more...
Tactic List : 1
intro nat1(rank:7.)
=================================================
Progress: 31


1st goal of : forall (nat1:nat) (nat2:nat), mult (plus (mult (nat2) (SUCC (nat1))) (SUCC (nat1))) (ZERO) = plus (mult (nat2) (ZERO)) (ZERO)
nat2 : nat
nat3 : nat
IH1 : forall (nat1:nat), mult (plus (mult (nat3) (SUCC (nat1))) (SUCC (nat1))) (ZERO) = plus (mult (nat3) (ZERO)) (ZERO)
Inductive1 : nat2 = SUCC (nat3)
---------------------------------------
forall (nat1:nat), mult (plus (plus (mult (nat3) (SUCC (nat1))) (SUCC (nat1))) (SUCC (nat1))) (ZERO) = plus (plus (mult (nat3) (ZERO)) (ZERO)) (ZERO)

0 goal(s) more...

2 conjecture(s) more...
>>> intro nat1(rank : 7.)


1st goal of : forall (nat1:nat) (nat2:nat), mult (plus (mult (nat2) (SUCC (nat1))) (SUCC (nat1))) (ZERO) = plus (mult (nat2) (ZERO)) (ZERO)
nat2 : nat
nat3 : nat
IH1 : forall (nat1:nat), mult (plus (mult (nat3) (SUCC (nat1))) (SUCC (nat1))) (ZERO) = plus (mult (nat3) (ZERO)) (ZERO)
Inductive1 : nat2 = SUCC (nat3)
nat1 : nat
---------------------------------------
mult (plus (plus (mult (nat3) (SUCC (nat1))) (SUCC (nat1))) (SUCC (nat1))) (ZERO) = plus (plus (mult (nat3) (ZERO)) (ZERO)) (ZERO)

0 goal(s) more...

2 conjecture(s) more...
Tactic List : 0
previous tactics
simpl in goal
rewrite IH1 in goal at 0
reflexivity
simpl in goal
intro nat1
validate generalize_common_subterm_goal
Prop: mult (plus (plus (mult (ZERO) (SUCC (ZERO))) (SUCC (ZERO))) (SUCC (ZERO))) (ZERO) = plus (plus (mult (ZERO) (ZERO)) (ZERO)) (ZERO)
Prop: mult (plus (plus (mult (SUCC (SUCC (SUCC (ZERO)))) (SUCC (ZERO))) (SUCC (ZERO))) (SUCC (ZERO))) (ZERO) = plus (plus (mult (SUCC (SUCC (SUCC (ZERO)))) (ZERO)) (ZERO)) (ZERO)
Prop: mult (plus (plus (mult (SUCC (ZERO)) (SUCC (ZERO))) (SUCC (ZERO))) (SUCC (ZERO))) (ZERO) = plus (plus (mult (SUCC (ZERO)) (ZERO)) (ZERO)) (ZERO)
Lemma List
forall (nat1:nat) (nat2:nat), mult (plus (plus (mult (nat2) (SUCC (nat1))) (SUCC (nat1))) (SUCC (nat1))) (ZERO) = plus (plus (mult (nat2) (ZERO)) (ZERO)) (ZERO)
End of Lemma List


1st goal of : forall (nat1:nat) (nat2:nat), mult (plus (mult (nat2) (SUCC (nat1))) (SUCC (nat1))) (ZERO) = plus (mult (nat2) (ZERO)) (ZERO)
nat2 : nat
nat3 : nat
IH1 : forall (nat1:nat), mult (plus (mult (nat3) (SUCC (nat1))) (SUCC (nat1))) (ZERO) = plus (mult (nat3) (ZERO)) (ZERO)
Inductive1 : nat2 = SUCC (nat3)
nat1 : nat
---------------------------------------
mult (plus (plus (mult (nat3) (SUCC (nat1))) (SUCC (nat1))) (SUCC (nat1))) (ZERO) = plus (plus (mult (nat3) (ZERO)) (ZERO)) (ZERO)

0 goal(s) more...

2 conjecture(s) more...
=================================================
Progress: 32


1st goal of : forall (nat1:nat) (nat2:nat), mult (plus (mult (nat2) (SUCC (nat1))) (SUCC (nat1))) (ZERO) = plus (mult (nat2) (ZERO)) (ZERO)
nat2 : nat
nat3 : nat
IH1 : forall (nat1:nat), mult (plus (mult (nat3) (SUCC (nat1))) (SUCC (nat1))) (ZERO) = plus (mult (nat3) (ZERO)) (ZERO)
Inductive1 : nat2 = SUCC (nat3)
nat1 : nat
---------------------------------------
mult (plus (plus (mult (nat3) (SUCC (nat1))) (SUCC (nat1))) (SUCC (nat1))) (ZERO) = plus (plus (mult (nat3) (ZERO)) (ZERO)) (ZERO)

0 goal(s) more...

2 conjecture(s) more...
>>> assert forall (nat1:nat) (nat2:nat), mult (plus (plus (mult (nat2) (SUCC (nat1))) (SUCC (nat1))) (SUCC (nat1))) (ZERO) = plus (plus (mult (nat2) (ZERO)) (ZERO)) (ZERO)(rank : 0.)


1st goal of : forall (nat1:nat) (nat2:nat), mult (plus (plus (mult (nat2) (SUCC (nat1))) (SUCC (nat1))) (SUCC (nat1))) (ZERO) = plus (plus (mult (nat2) (ZERO)) (ZERO)) (ZERO)

---------------------------------------
forall (nat1:nat) (nat2:nat), mult (plus (plus (mult (nat2) (SUCC (nat1))) (SUCC (nat1))) (SUCC (nat1))) (ZERO) = plus (plus (mult (nat2) (ZERO)) (ZERO)) (ZERO)

0 goal(s) more...

3 conjecture(s) more...
Tactic List : 1
induction nat2(rank:10.)
=================================================
Progress: 33


1st goal of : forall (nat1:nat) (nat2:nat), mult (plus (plus (mult (nat2) (SUCC (nat1))) (SUCC (nat1))) (SUCC (nat1))) (ZERO) = plus (plus (mult (nat2) (ZERO)) (ZERO)) (ZERO)

---------------------------------------
forall (nat1:nat) (nat2:nat), mult (plus (plus (mult (nat2) (SUCC (nat1))) (SUCC (nat1))) (SUCC (nat1))) (ZERO) = plus (plus (mult (nat2) (ZERO)) (ZERO)) (ZERO)

0 goal(s) more...

3 conjecture(s) more...
>>> induction nat2(rank : 10.)


1st goal of : forall (nat1:nat) (nat2:nat), mult (plus (plus (mult (nat2) (SUCC (nat1))) (SUCC (nat1))) (SUCC (nat1))) (ZERO) = plus (plus (mult (nat2) (ZERO)) (ZERO)) (ZERO)
nat2 : nat
Base1 : nat2 = ZERO
---------------------------------------
forall (nat1:nat), mult (plus (plus (mult (ZERO) (SUCC (nat1))) (SUCC (nat1))) (SUCC (nat1))) (ZERO) = plus (plus (mult (ZERO) (ZERO)) (ZERO)) (ZERO)

1 goal(s) more...

3 conjecture(s) more...
Tactic List : 1
simpl in goal(rank:10.)
=================================================
Progress: 34


1st goal of : forall (nat1:nat) (nat2:nat), mult (plus (plus (mult (nat2) (SUCC (nat1))) (SUCC (nat1))) (SUCC (nat1))) (ZERO) = plus (plus (mult (nat2) (ZERO)) (ZERO)) (ZERO)
nat2 : nat
Base1 : nat2 = ZERO
---------------------------------------
forall (nat1:nat), mult (plus (plus (mult (ZERO) (SUCC (nat1))) (SUCC (nat1))) (SUCC (nat1))) (ZERO) = plus (plus (mult (ZERO) (ZERO)) (ZERO)) (ZERO)

1 goal(s) more...

3 conjecture(s) more...
>>> simpl in goal(rank : 10.)


1st goal of : forall (nat1:nat) (nat2:nat), mult (plus (plus (mult (nat2) (SUCC (nat1))) (SUCC (nat1))) (SUCC (nat1))) (ZERO) = plus (plus (mult (nat2) (ZERO)) (ZERO)) (ZERO)
nat2 : nat
Base1 : nat2 = ZERO
---------------------------------------
forall (nat1:nat), plus (mult (plus (nat1) (SUCC (nat1))) (ZERO)) (ZERO) = ZERO

1 goal(s) more...

3 conjecture(s) more...
Tactic List : 1
induction nat1(rank:11.)
=================================================
Progress: 35


1st goal of : forall (nat1:nat) (nat2:nat), mult (plus (plus (mult (nat2) (SUCC (nat1))) (SUCC (nat1))) (SUCC (nat1))) (ZERO) = plus (plus (mult (nat2) (ZERO)) (ZERO)) (ZERO)
nat2 : nat
Base1 : nat2 = ZERO
---------------------------------------
forall (nat1:nat), plus (mult (plus (nat1) (SUCC (nat1))) (ZERO)) (ZERO) = ZERO

1 goal(s) more...

3 conjecture(s) more...
>>> induction nat1(rank : 11.)


1st goal of : forall (nat1:nat) (nat2:nat), mult (plus (plus (mult (nat2) (SUCC (nat1))) (SUCC (nat1))) (SUCC (nat1))) (ZERO) = plus (plus (mult (nat2) (ZERO)) (ZERO)) (ZERO)
nat2 : nat
Base1 : nat2 = ZERO
nat1 : nat
Base2 : nat1 = ZERO
---------------------------------------
plus (mult (plus (ZERO) (SUCC (ZERO))) (ZERO)) (ZERO) = ZERO

2 goal(s) more...

3 conjecture(s) more...
Tactic List : 1
reflexivity(rank:10.)
=================================================
Progress: 36


1st goal of : forall (nat1:nat) (nat2:nat), mult (plus (plus (mult (nat2) (SUCC (nat1))) (SUCC (nat1))) (SUCC (nat1))) (ZERO) = plus (plus (mult (nat2) (ZERO)) (ZERO)) (ZERO)
nat2 : nat
Base1 : nat2 = ZERO
nat1 : nat
Base2 : nat1 = ZERO
---------------------------------------
plus (mult (plus (ZERO) (SUCC (ZERO))) (ZERO)) (ZERO) = ZERO

2 goal(s) more...

3 conjecture(s) more...
>>> reflexivity(rank : 10.)


1st goal of : forall (nat1:nat) (nat2:nat), mult (plus (plus (mult (nat2) (SUCC (nat1))) (SUCC (nat1))) (SUCC (nat1))) (ZERO) = plus (plus (mult (nat2) (ZERO)) (ZERO)) (ZERO)
nat2 : nat
Base1 : nat2 = ZERO
nat1 : nat
nat3 : nat
IH1 : plus (mult (plus (nat3) (SUCC (nat3))) (ZERO)) (ZERO) = ZERO
Inductive1 : nat1 = SUCC (nat3)
---------------------------------------
plus (mult (plus (SUCC (nat3)) (SUCC (SUCC (nat3)))) (ZERO)) (ZERO) = ZERO

1 goal(s) more...

3 conjecture(s) more...
Deduplication: 0
Tactic List : 1
simpl in goal(rank:10.)
=================================================
Progress: 37


1st goal of : forall (nat1:nat) (nat2:nat), mult (plus (plus (mult (nat2) (SUCC (nat1))) (SUCC (nat1))) (SUCC (nat1))) (ZERO) = plus (plus (mult (nat2) (ZERO)) (ZERO)) (ZERO)
nat2 : nat
Base1 : nat2 = ZERO
nat1 : nat
nat3 : nat
IH1 : plus (mult (plus (nat3) (SUCC (nat3))) (ZERO)) (ZERO) = ZERO
Inductive1 : nat1 = SUCC (nat3)
---------------------------------------
plus (mult (plus (SUCC (nat3)) (SUCC (SUCC (nat3)))) (ZERO)) (ZERO) = ZERO

1 goal(s) more...

3 conjecture(s) more...
>>> simpl in goal(rank : 10.)


1st goal of : forall (nat1:nat) (nat2:nat), mult (plus (plus (mult (nat2) (SUCC (nat1))) (SUCC (nat1))) (SUCC (nat1))) (ZERO) = plus (plus (mult (nat2) (ZERO)) (ZERO)) (ZERO)
nat2 : nat
Base1 : nat2 = ZERO
nat1 : nat
nat3 : nat
IH1 : plus (mult (plus (nat3) (SUCC (nat3))) (ZERO)) (ZERO) = ZERO
Inductive1 : nat1 = SUCC (nat3)
---------------------------------------
plus (plus (mult (plus (nat3) (SUCC (SUCC (nat3)))) (ZERO)) (ZERO)) (ZERO) = ZERO

1 goal(s) more...

3 conjecture(s) more...
Tactic List : 0
previous tactics
simpl in goal
validate generalize_common_subterm_goal
Prop: plus (plus (mult (plus (ZERO) (SUCC (SUCC (ZERO)))) (ZERO)) (ZERO)) (ZERO) = ZERO
Prop: plus (plus (mult (plus (ZERO) (SUCC (SUCC (ZERO)))) (ZERO)) (ZERO)) (ZERO) = ZERO
Prop: plus (plus (mult (plus (ZERO) (SUCC (SUCC (ZERO)))) (ZERO)) (ZERO)) (ZERO) = ZERO
Lemma List
forall (nat1:nat), plus (plus (mult (plus (nat1) (SUCC (SUCC (nat1)))) (ZERO)) (ZERO)) (ZERO) = ZERO
End of Lemma List


1st goal of : forall (nat1:nat) (nat2:nat), mult (plus (plus (mult (nat2) (SUCC (nat1))) (SUCC (nat1))) (SUCC (nat1))) (ZERO) = plus (plus (mult (nat2) (ZERO)) (ZERO)) (ZERO)
nat2 : nat
Base1 : nat2 = ZERO
nat1 : nat
nat3 : nat
IH1 : plus (mult (plus (nat3) (SUCC (nat3))) (ZERO)) (ZERO) = ZERO
Inductive1 : nat1 = SUCC (nat3)
---------------------------------------
plus (plus (mult (plus (nat3) (SUCC (SUCC (nat3)))) (ZERO)) (ZERO)) (ZERO) = ZERO

1 goal(s) more...

3 conjecture(s) more...
=================================================
Progress: 38


1st goal of : forall (nat1:nat) (nat2:nat), mult (plus (plus (mult (nat2) (SUCC (nat1))) (SUCC (nat1))) (SUCC (nat1))) (ZERO) = plus (plus (mult (nat2) (ZERO)) (ZERO)) (ZERO)
nat2 : nat
Base1 : nat2 = ZERO
nat1 : nat
nat3 : nat
IH1 : plus (mult (plus (nat3) (SUCC (nat3))) (ZERO)) (ZERO) = ZERO
Inductive1 : nat1 = SUCC (nat3)
---------------------------------------
plus (plus (mult (plus (nat3) (SUCC (SUCC (nat3)))) (ZERO)) (ZERO)) (ZERO) = ZERO

1 goal(s) more...

3 conjecture(s) more...
>>> assert forall (nat1:nat), plus (plus (mult (plus (nat1) (SUCC (SUCC (nat1)))) (ZERO)) (ZERO)) (ZERO) = ZERO(rank : 0.)


1st goal of : forall (nat1:nat), plus (plus (mult (plus (nat1) (SUCC (SUCC (nat1)))) (ZERO)) (ZERO)) (ZERO) = ZERO

---------------------------------------
forall (nat1:nat), plus (plus (mult (plus (nat1) (SUCC (SUCC (nat1)))) (ZERO)) (ZERO)) (ZERO) = ZERO

0 goal(s) more...

4 conjecture(s) more...
Tactic List : 1
induction nat1(rank:12.)
=================================================
Progress: 39


1st goal of : forall (nat1:nat) (nat2:nat), mult (fac (nat1)) (nat2) = qfac (nat1) (nat2)
nat1 : nat
nat3 : nat
IH1 : forall (nat2:nat), mult (fac (nat3)) (nat2) = qfac (nat3) (nat2)
Inductive1 : nat1 = SUCC (nat3)
nat2 : nat
Base1 : nat2 = ZERO
---------------------------------------
mult (mult (fac (nat3)) (SUCC (nat3))) (ZERO) = qfac (nat3) (ZERO)

1 goal(s) more...

0 conjecture(s) more...
>>> rewrite IH1 in goal at 0(rank : 12.)


1st goal of : forall (nat1:nat) (nat2:nat), mult (fac (nat1)) (nat2) = qfac (nat1) (nat2)
nat1 : nat
nat3 : nat
IH1 : forall (nat2:nat), mult (fac (nat3)) (nat2) = qfac (nat3) (nat2)
Inductive1 : nat1 = SUCC (nat3)
nat2 : nat
Base1 : nat2 = ZERO
---------------------------------------
mult (qfac (nat3) (SUCC (nat3))) (ZERO) = qfac (nat3) (ZERO)

1 goal(s) more...

0 conjecture(s) more...
Tactic List : 1
rewrite <- IH1 in goal at 2(rank:4.)
=================================================
Progress: 40


1st goal of : forall (nat1:nat) (nat2:nat), mult (fac (nat1)) (nat2) = qfac (nat1) (nat2)
nat1 : nat
nat3 : nat
IH1 : forall (nat2:nat), mult (fac (nat3)) (nat2) = qfac (nat3) (nat2)
Inductive1 : nat1 = SUCC (nat3)
nat2 : nat
Base1 : nat2 = ZERO
---------------------------------------
mult (qfac (nat3) (SUCC (nat3))) (ZERO) = qfac (nat3) (ZERO)

1 goal(s) more...

0 conjecture(s) more...
>>> rewrite <- IH1 in goal at 2(rank : 4.)


1st goal of : forall (nat1:nat) (nat2:nat), mult (fac (nat1)) (nat2) = qfac (nat1) (nat2)
nat1 : nat
nat3 : nat
IH1 : forall (nat2:nat), mult (fac (nat3)) (nat2) = qfac (nat3) (nat2)
Inductive1 : nat1 = SUCC (nat3)
nat2 : nat
Base1 : nat2 = ZERO
---------------------------------------
mult (qfac (nat3) (SUCC (nat3))) (ZERO) = mult (fac (nat3)) (ZERO)

1 goal(s) more...

0 conjecture(s) more...
Tactic List : 0
previous tactics
simpl in goal
rewrite IH1 in goal at 0
rewrite <- IH1 in goal at 2
validate generalize_common_subterm_goal
Prop: mult (qfac (ZERO) (SUCC (ZERO))) (ZERO) = mult (fac (ZERO)) (ZERO)
Prop: mult (qfac (SUCC (ZERO)) (SUCC (SUCC (ZERO)))) (ZERO) = mult (fac (SUCC (ZERO))) (ZERO)
Prop: mult (qfac (ZERO) (SUCC (ZERO))) (ZERO) = mult (fac (ZERO)) (ZERO)
previous tactics
simpl in goal
rewrite IH1 in goal at 0
validate generalize_common_subterm_goal
Prop: mult (qfac (ZERO) (SUCC (ZERO))) (ZERO) = qfac (ZERO) (ZERO)
Prop: mult (qfac (SUCC (ZERO)) (SUCC (SUCC (ZERO)))) (ZERO) = qfac (SUCC (ZERO)) (ZERO)
Prop: mult (qfac (ZERO) (SUCC (ZERO))) (ZERO) = qfac (ZERO) (ZERO)
previous tactics
simpl in goal
validate generalize_common_subterm_goal
Prop: mult (mult (fac (SUCC (ZERO))) (SUCC (SUCC (ZERO)))) (ZERO) = qfac (SUCC (ZERO)) (ZERO)
Prop: mult (mult (fac (SUCC (ZERO))) (SUCC (SUCC (ZERO)))) (ZERO) = qfac (SUCC (ZERO)) (ZERO)
Prop: mult (mult (fac (ZERO)) (SUCC (ZERO))) (ZERO) = qfac (ZERO) (ZERO)
Lemma List
forall (nat1:nat), mult (mult (fac (nat1)) (SUCC (nat1))) (ZERO) = qfac (nat1) (ZERO)
End of Lemma List


1st goal of : forall (nat1:nat) (nat2:nat), mult (fac (nat1)) (nat2) = qfac (nat1) (nat2)
nat1 : nat
nat3 : nat
IH1 : forall (nat2:nat), mult (fac (nat3)) (nat2) = qfac (nat3) (nat2)
Inductive1 : nat1 = SUCC (nat3)
nat2 : nat
Base1 : nat2 = ZERO
---------------------------------------
mult (mult (fac (nat3)) (SUCC (nat3))) (ZERO) = qfac (nat3) (ZERO)

1 goal(s) more...

0 conjecture(s) more...
Lemma List
forall (nat1:nat), mult (qfac (nat1) (SUCC (nat1))) (ZERO) = qfac (nat1) (ZERO)
End of Lemma List


1st goal of : forall (nat1:nat) (nat2:nat), mult (fac (nat1)) (nat2) = qfac (nat1) (nat2)
nat1 : nat
nat3 : nat
IH1 : forall (nat2:nat), mult (fac (nat3)) (nat2) = qfac (nat3) (nat2)
Inductive1 : nat1 = SUCC (nat3)
nat2 : nat
Base1 : nat2 = ZERO
---------------------------------------
mult (qfac (nat3) (SUCC (nat3))) (ZERO) = qfac (nat3) (ZERO)

1 goal(s) more...

0 conjecture(s) more...
Lemma List
forall (nat1:nat), mult (qfac (nat1) (SUCC (nat1))) (ZERO) = mult (fac (nat1)) (ZERO)
End of Lemma List


1st goal of : forall (nat1:nat) (nat2:nat), mult (fac (nat1)) (nat2) = qfac (nat1) (nat2)
nat1 : nat
nat3 : nat
IH1 : forall (nat2:nat), mult (fac (nat3)) (nat2) = qfac (nat3) (nat2)
Inductive1 : nat1 = SUCC (nat3)
nat2 : nat
Base1 : nat2 = ZERO
---------------------------------------
mult (qfac (nat3) (SUCC (nat3))) (ZERO) = mult (fac (nat3)) (ZERO)

1 goal(s) more...

0 conjecture(s) more...
=================================================
Progress: 41


1st goal of : forall (nat1:nat) (nat2:nat), mult (fac (nat1)) (nat2) = qfac (nat1) (nat2)
nat1 : nat
nat3 : nat
IH1 : forall (nat2:nat), mult (fac (nat3)) (nat2) = qfac (nat3) (nat2)
Inductive1 : nat1 = SUCC (nat3)
nat2 : nat
Base1 : nat2 = ZERO
---------------------------------------
mult (mult (fac (nat3)) (SUCC (nat3))) (ZERO) = qfac (nat3) (ZERO)

1 goal(s) more...

0 conjecture(s) more...
>>> assert forall (nat1:nat), mult (mult (fac (nat1)) (SUCC (nat1))) (ZERO) = qfac (nat1) (ZERO)(rank : 0.)


1st goal of : forall (nat1:nat), mult (mult (fac (nat1)) (SUCC (nat1))) (ZERO) = qfac (nat1) (ZERO)

---------------------------------------
forall (nat1:nat), mult (mult (fac (nat1)) (SUCC (nat1))) (ZERO) = qfac (nat1) (ZERO)

0 goal(s) more...

1 conjecture(s) more...
Tactic List : 1
induction nat1(rank:6.)
=================================================
Progress: 42


1st goal of : forall (nat1:nat) (nat2:nat), mult (fac (nat1)) (nat2) = qfac (nat1) (nat2)
nat1 : nat
nat3 : nat
IH1 : forall (nat2:nat), mult (fac (nat3)) (nat2) = qfac (nat3) (nat2)
Inductive1 : nat1 = SUCC (nat3)
nat2 : nat
Base1 : nat2 = ZERO
---------------------------------------
mult (qfac (nat3) (SUCC (nat3))) (ZERO) = qfac (nat3) (ZERO)

1 goal(s) more...

0 conjecture(s) more...
>>> assert forall (nat1:nat), mult (qfac (nat1) (SUCC (nat1))) (ZERO) = qfac (nat1) (ZERO)(rank : 0.)


1st goal of : forall (nat1:nat), mult (qfac (nat1) (SUCC (nat1))) (ZERO) = qfac (nat1) (ZERO)

---------------------------------------
forall (nat1:nat), mult (qfac (nat1) (SUCC (nat1))) (ZERO) = qfac (nat1) (ZERO)

0 goal(s) more...

1 conjecture(s) more...
Tactic List : 1
induction nat1(rank:6.)
=================================================
Progress: 43


1st goal of : forall (nat1:nat) (nat2:nat), mult (fac (nat1)) (nat2) = qfac (nat1) (nat2)
nat1 : nat
nat3 : nat
IH1 : forall (nat2:nat), mult (fac (nat3)) (nat2) = qfac (nat3) (nat2)
Inductive1 : nat1 = SUCC (nat3)
nat2 : nat
Base1 : nat2 = ZERO
---------------------------------------
mult (qfac (nat3) (SUCC (nat3))) (ZERO) = mult (fac (nat3)) (ZERO)

1 goal(s) more...

0 conjecture(s) more...
>>> assert forall (nat1:nat), mult (qfac (nat1) (SUCC (nat1))) (ZERO) = mult (fac (nat1)) (ZERO)(rank : 0.)


1st goal of : forall (nat1:nat), mult (qfac (nat1) (SUCC (nat1))) (ZERO) = mult (fac (nat1)) (ZERO)

---------------------------------------
forall (nat1:nat), mult (qfac (nat1) (SUCC (nat1))) (ZERO) = mult (fac (nat1)) (ZERO)

0 goal(s) more...

1 conjecture(s) more...
Tactic List : 1
induction nat1(rank:6.)
=================================================
Progress: 44


1st goal of : forall (nat1:nat), mult (mult (fac (nat1)) (SUCC (nat1))) (ZERO) = qfac (nat1) (ZERO)

---------------------------------------
forall (nat1:nat), mult (mult (fac (nat1)) (SUCC (nat1))) (ZERO) = qfac (nat1) (ZERO)

0 goal(s) more...

1 conjecture(s) more...
>>> induction nat1(rank : 6.)


1st goal of : forall (nat1:nat), mult (mult (fac (nat1)) (SUCC (nat1))) (ZERO) = qfac (nat1) (ZERO)
nat1 : nat
Base1 : nat1 = ZERO
---------------------------------------
mult (mult (fac (ZERO)) (SUCC (ZERO))) (ZERO) = qfac (ZERO) (ZERO)

1 goal(s) more...

1 conjecture(s) more...
Tactic List : 1
reflexivity(rank:5.)
=================================================
Progress: 45


1st goal of : forall (nat1:nat), mult (mult (fac (nat1)) (SUCC (nat1))) (ZERO) = qfac (nat1) (ZERO)
nat1 : nat
Base1 : nat1 = ZERO
---------------------------------------
mult (mult (fac (ZERO)) (SUCC (ZERO))) (ZERO) = qfac (ZERO) (ZERO)

1 goal(s) more...

1 conjecture(s) more...
>>> reflexivity(rank : 5.)


1st goal of : forall (nat1:nat), mult (mult (fac (nat1)) (SUCC (nat1))) (ZERO) = qfac (nat1) (ZERO)
nat1 : nat
nat2 : nat
IH1 : mult (mult (fac (nat2)) (SUCC (nat2))) (ZERO) = qfac (nat2) (ZERO)
Inductive1 : nat1 = SUCC (nat2)
---------------------------------------
mult (mult (fac (SUCC (nat2))) (SUCC (SUCC (nat2)))) (ZERO) = qfac (SUCC (nat2)) (ZERO)

0 goal(s) more...

1 conjecture(s) more...
Deduplication: 0
Tactic List : 1
simpl in goal(rank:5.)
=================================================
Progress: 46


1st goal of : forall (nat1:nat), mult (mult (fac (nat1)) (SUCC (nat1))) (ZERO) = qfac (nat1) (ZERO)
nat1 : nat
nat2 : nat
IH1 : mult (mult (fac (nat2)) (SUCC (nat2))) (ZERO) = qfac (nat2) (ZERO)
Inductive1 : nat1 = SUCC (nat2)
---------------------------------------
mult (mult (fac (SUCC (nat2))) (SUCC (SUCC (nat2)))) (ZERO) = qfac (SUCC (nat2)) (ZERO)

0 goal(s) more...

1 conjecture(s) more...
>>> simpl in goal(rank : 5.)


1st goal of : forall (nat1:nat), mult (mult (fac (nat1)) (SUCC (nat1))) (ZERO) = qfac (nat1) (ZERO)
nat1 : nat
nat2 : nat
IH1 : mult (mult (fac (nat2)) (SUCC (nat2))) (ZERO) = qfac (nat2) (ZERO)
Inductive1 : nat1 = SUCC (nat2)
---------------------------------------
mult (mult (mult (fac (nat2)) (SUCC (nat2))) (SUCC (SUCC (nat2)))) (ZERO) = qfac (nat2) (ZERO)

0 goal(s) more...

1 conjecture(s) more...
Tactic List : 1
rewrite <- IH1 in goal at 0(rank:5.)
=================================================
Progress: 47


1st goal of : forall (nat1:nat), mult (mult (fac (nat1)) (SUCC (nat1))) (ZERO) = qfac (nat1) (ZERO)
nat1 : nat
nat2 : nat
IH1 : mult (mult (fac (nat2)) (SUCC (nat2))) (ZERO) = qfac (nat2) (ZERO)
Inductive1 : nat1 = SUCC (nat2)
---------------------------------------
mult (mult (mult (fac (nat2)) (SUCC (nat2))) (SUCC (SUCC (nat2)))) (ZERO) = qfac (nat2) (ZERO)

0 goal(s) more...

1 conjecture(s) more...
>>> rewrite <- IH1 in goal at 0(rank : 5.)


1st goal of : forall (nat1:nat), mult (mult (fac (nat1)) (SUCC (nat1))) (ZERO) = qfac (nat1) (ZERO)
nat1 : nat
nat2 : nat
IH1 : mult (mult (fac (nat2)) (SUCC (nat2))) (ZERO) = qfac (nat2) (ZERO)
Inductive1 : nat1 = SUCC (nat2)
---------------------------------------
mult (mult (mult (fac (nat2)) (SUCC (nat2))) (SUCC (SUCC (nat2)))) (ZERO) = mult (mult (fac (nat2)) (SUCC (nat2))) (ZERO)

0 goal(s) more...

1 conjecture(s) more...
Tactic List : 0
previous tactics
simpl in goal
rewrite <- IH1 in goal at 0
Prop: mult (mult (SUCC (ZERO)) (SUCC (SUCC (ZERO)))) (ZERO) = mult (SUCC (ZERO)) (ZERO)
Prop: mult (mult (ZERO) (SUCC (SUCC (SUCC (ZERO))))) (ZERO) = mult (ZERO) (ZERO)
Prop: mult (mult (ZERO) (SUCC (SUCC (ZERO)))) (ZERO) = mult (ZERO) (ZERO)
previous tactics
simpl in goal
validate generalize_common_subterm_goal
Dilemma timed out for benchmark clam with problem 48.File "_none_", lines 88-90, characters 2-22:
Warning 8 [partial-match]: this pattern-matching is not exhaustive.
Here is an example of a case that is not matched:
[]

File "_none_", lines 88-90, characters 2-22:
Warning 8 [partial-match]: this pattern-matching is not exhaustive.
Here is an example of a case that is not matched:
[]
