Enter the definition file path (1/2) : 
> Enter the definition file path (2/2) : 
> Choose the proof type :
1) Interactive Mode 	 2) Auto Mode
Enter the goal : =================================================
Progress: 1


No conjecture
>>> assert forall (x:nat) (y:nat), exp (x) (y) = qexp (x) (y) (SUCC (ZERO))(rank : 0)


1st goal of : forall (nat1:nat) (nat2:nat), exp (nat1) (nat2) = qexp (nat1) (nat2) (SUCC (ZERO))

---------------------------------------
forall (nat1:nat) (nat2:nat), exp (nat1) (nat2) = qexp (nat1) (nat2) (SUCC (ZERO))

0 goal(s) more...

0 conjecture(s) more...
Tactic List : 1
induction nat2(rank:4)
=================================================
Progress: 2


1st goal of : forall (nat1:nat) (nat2:nat), exp (nat1) (nat2) = qexp (nat1) (nat2) (SUCC (ZERO))

---------------------------------------
forall (nat1:nat) (nat2:nat), exp (nat1) (nat2) = qexp (nat1) (nat2) (SUCC (ZERO))

0 goal(s) more...

0 conjecture(s) more...
>>> induction nat2(rank : 4)


1st goal of : forall (nat1:nat) (nat2:nat), exp (nat1) (nat2) = qexp (nat1) (nat2) (SUCC (ZERO))
nat2 : nat
Base1 : nat2 = ZERO
---------------------------------------
forall (nat1:nat), exp (nat1) (ZERO) = qexp (nat1) (ZERO) (SUCC (ZERO))

1 goal(s) more...

0 conjecture(s) more...
Tactic List : 1
reflexivity(rank:3)
=================================================
Progress: 3


1st goal of : forall (nat1:nat) (nat2:nat), exp (nat1) (nat2) = qexp (nat1) (nat2) (SUCC (ZERO))
nat2 : nat
Base1 : nat2 = ZERO
---------------------------------------
forall (nat1:nat), exp (nat1) (ZERO) = qexp (nat1) (ZERO) (SUCC (ZERO))

1 goal(s) more...

0 conjecture(s) more...
>>> reflexivity(rank : 3)


1st goal of : forall (nat1:nat) (nat2:nat), exp (nat1) (nat2) = qexp (nat1) (nat2) (SUCC (ZERO))
nat2 : nat
nat3 : nat
IH1 : forall (nat1:nat), exp (nat1) (nat3) = qexp (nat1) (nat3) (SUCC (ZERO))
Inductive1 : nat2 = SUCC (nat3)
---------------------------------------
forall (nat1:nat), exp (nat1) (SUCC (nat3)) = qexp (nat1) (SUCC (nat3)) (SUCC (ZERO))

0 goal(s) more...

0 conjecture(s) more...
Deduplication: 0
Tactic List : 1
simpl in goal(rank:3)
=================================================
Progress: 4


1st goal of : forall (nat1:nat) (nat2:nat), exp (nat1) (nat2) = qexp (nat1) (nat2) (SUCC (ZERO))
nat2 : nat
nat3 : nat
IH1 : forall (nat1:nat), exp (nat1) (nat3) = qexp (nat1) (nat3) (SUCC (ZERO))
Inductive1 : nat2 = SUCC (nat3)
---------------------------------------
forall (nat1:nat), exp (nat1) (SUCC (nat3)) = qexp (nat1) (SUCC (nat3)) (SUCC (ZERO))

0 goal(s) more...

0 conjecture(s) more...
>>> simpl in goal(rank : 3)


1st goal of : forall (nat1:nat) (nat2:nat), exp (nat1) (nat2) = qexp (nat1) (nat2) (SUCC (ZERO))
nat2 : nat
nat3 : nat
IH1 : forall (nat1:nat), exp (nat1) (nat3) = qexp (nat1) (nat3) (SUCC (ZERO))
Inductive1 : nat2 = SUCC (nat3)
---------------------------------------
forall (nat1:nat), mult (exp (nat1) (nat3)) (nat1) = qexp (nat1) (nat3) (nat1)

0 goal(s) more...

0 conjecture(s) more...
Tactic List : 2
intro nat1(rank:3)
rewrite IH1 in goal at 0(rank:19)
=================================================
Progress: 5


1st goal of : forall (nat1:nat) (nat2:nat), exp (nat1) (nat2) = qexp (nat1) (nat2) (SUCC (ZERO))
nat2 : nat
nat3 : nat
IH1 : forall (nat1:nat), exp (nat1) (nat3) = qexp (nat1) (nat3) (SUCC (ZERO))
Inductive1 : nat2 = SUCC (nat3)
---------------------------------------
forall (nat1:nat), mult (exp (nat1) (nat3)) (nat1) = qexp (nat1) (nat3) (nat1)

0 goal(s) more...

0 conjecture(s) more...
>>> intro nat1(rank : 3)


1st goal of : forall (nat1:nat) (nat2:nat), exp (nat1) (nat2) = qexp (nat1) (nat2) (SUCC (ZERO))
nat2 : nat
nat3 : nat
IH1 : forall (nat1:nat), exp (nat1) (nat3) = qexp (nat1) (nat3) (SUCC (ZERO))
Inductive1 : nat2 = SUCC (nat3)
nat1 : nat
---------------------------------------
mult (exp (nat1) (nat3)) (nat1) = qexp (nat1) (nat3) (nat1)

0 goal(s) more...

0 conjecture(s) more...
Tactic List : 1
rewrite IH1 in goal at 0(rank:3)
=================================================
Progress: 6


1st goal of : forall (nat1:nat) (nat2:nat), exp (nat1) (nat2) = qexp (nat1) (nat2) (SUCC (ZERO))
nat2 : nat
nat3 : nat
IH1 : forall (nat1:nat), exp (nat1) (nat3) = qexp (nat1) (nat3) (SUCC (ZERO))
Inductive1 : nat2 = SUCC (nat3)
nat1 : nat
---------------------------------------
mult (exp (nat1) (nat3)) (nat1) = qexp (nat1) (nat3) (nat1)

0 goal(s) more...

0 conjecture(s) more...
>>> rewrite IH1 in goal at 0(rank : 3)


1st goal of : forall (nat1:nat) (nat2:nat), exp (nat1) (nat2) = qexp (nat1) (nat2) (SUCC (ZERO))
nat2 : nat
nat3 : nat
IH1 : forall (nat1:nat), exp (nat1) (nat3) = qexp (nat1) (nat3) (SUCC (ZERO))
Inductive1 : nat2 = SUCC (nat3)
nat1 : nat
---------------------------------------
mult (qexp (nat1) (nat3) (SUCC (ZERO))) (nat1) = qexp (nat1) (nat3) (nat1)

0 goal(s) more...

0 conjecture(s) more...
Tactic List : 0
previous tactics
simpl in goal
intro nat1
rewrite IH1 in goal at 0
advanced_generalize done
Lemma : forall (nat1:nat) (nat3:nat), mult (qexp (nat1) (nat3) (SUCC (ZERO))) (nat1) = qexp (nat1) (nat3) (nat1)
Model : nat1: ZERO, nat3: ZERO
Model : nat1: ZERO, nat3: ZERO
Model : nat1: ZERO, nat3: ZERO
Substituting variables...
Simplifying conditions and property...
Simplifying took 0.000102 seconds
Result : true
New Env

;;
Lemma List
forall (nat1:nat) (nat3:nat), mult (qexp (nat1) (nat3) (SUCC (ZERO))) (nat1) = qexp (nat1) (nat3) (nat1)
End of Lemma List


1st goal of : forall (nat1:nat) (nat2:nat), exp (nat1) (nat2) = qexp (nat1) (nat2) (SUCC (ZERO))
nat2 : nat
nat3 : nat
IH1 : forall (nat1:nat), exp (nat1) (nat3) = qexp (nat1) (nat3) (SUCC (ZERO))
Inductive1 : nat2 = SUCC (nat3)
nat1 : nat
---------------------------------------
mult (qexp (nat1) (nat3) (SUCC (ZERO))) (nat1) = qexp (nat1) (nat3) (nat1)

0 goal(s) more...

0 conjecture(s) more...
=================================================
Progress: 7


1st goal of : forall (nat1:nat) (nat2:nat), exp (nat1) (nat2) = qexp (nat1) (nat2) (SUCC (ZERO))
nat2 : nat
nat3 : nat
IH1 : forall (nat1:nat), exp (nat1) (nat3) = qexp (nat1) (nat3) (SUCC (ZERO))
Inductive1 : nat2 = SUCC (nat3)
nat1 : nat
---------------------------------------
mult (qexp (nat1) (nat3) (SUCC (ZERO))) (nat1) = qexp (nat1) (nat3) (nat1)

0 goal(s) more...

0 conjecture(s) more...
>>> assert forall (nat1:nat) (nat3:nat), mult (qexp (nat1) (nat3) (SUCC (ZERO))) (nat1) = qexp (nat1) (nat3) (nat1)(rank : 0)


1st goal of : forall (nat1:nat) (nat2:nat), mult (qexp (nat1) (nat2) (SUCC (ZERO))) (nat1) = qexp (nat1) (nat2) (nat1)

---------------------------------------
forall (nat1:nat) (nat2:nat), mult (qexp (nat1) (nat2) (SUCC (ZERO))) (nat1) = qexp (nat1) (nat2) (nat1)

0 goal(s) more...

1 conjecture(s) more...
Tactic List : 1
induction nat2(rank:6)
=================================================
Progress: 8


1st goal of : forall (nat1:nat) (nat2:nat), mult (qexp (nat1) (nat2) (SUCC (ZERO))) (nat1) = qexp (nat1) (nat2) (nat1)

---------------------------------------
forall (nat1:nat) (nat2:nat), mult (qexp (nat1) (nat2) (SUCC (ZERO))) (nat1) = qexp (nat1) (nat2) (nat1)

0 goal(s) more...

1 conjecture(s) more...
>>> induction nat2(rank : 6)


1st goal of : forall (nat1:nat) (nat2:nat), mult (qexp (nat1) (nat2) (SUCC (ZERO))) (nat1) = qexp (nat1) (nat2) (nat1)
nat2 : nat
Base1 : nat2 = ZERO
---------------------------------------
forall (nat1:nat), mult (qexp (nat1) (ZERO) (SUCC (ZERO))) (nat1) = qexp (nat1) (ZERO) (nat1)

1 goal(s) more...

1 conjecture(s) more...
Tactic List : 1
reflexivity(rank:5)
=================================================
Progress: 9


1st goal of : forall (nat1:nat) (nat2:nat), mult (qexp (nat1) (nat2) (SUCC (ZERO))) (nat1) = qexp (nat1) (nat2) (nat1)
nat2 : nat
Base1 : nat2 = ZERO
---------------------------------------
forall (nat1:nat), mult (qexp (nat1) (ZERO) (SUCC (ZERO))) (nat1) = qexp (nat1) (ZERO) (nat1)

1 goal(s) more...

1 conjecture(s) more...
>>> reflexivity(rank : 5)


1st goal of : forall (nat1:nat) (nat2:nat), mult (qexp (nat1) (nat2) (SUCC (ZERO))) (nat1) = qexp (nat1) (nat2) (nat1)
nat2 : nat
nat3 : nat
IH1 : forall (nat1:nat), mult (qexp (nat1) (nat3) (SUCC (ZERO))) (nat1) = qexp (nat1) (nat3) (nat1)
Inductive1 : nat2 = SUCC (nat3)
---------------------------------------
forall (nat1:nat), mult (qexp (nat1) (SUCC (nat3)) (SUCC (ZERO))) (nat1) = qexp (nat1) (SUCC (nat3)) (nat1)

0 goal(s) more...

1 conjecture(s) more...
Deduplication: 0
Tactic List : 1
simpl in goal(rank:5)
=================================================
Progress: 10


1st goal of : forall (nat1:nat) (nat2:nat), mult (qexp (nat1) (nat2) (SUCC (ZERO))) (nat1) = qexp (nat1) (nat2) (nat1)
nat2 : nat
nat3 : nat
IH1 : forall (nat1:nat), mult (qexp (nat1) (nat3) (SUCC (ZERO))) (nat1) = qexp (nat1) (nat3) (nat1)
Inductive1 : nat2 = SUCC (nat3)
---------------------------------------
forall (nat1:nat), mult (qexp (nat1) (SUCC (nat3)) (SUCC (ZERO))) (nat1) = qexp (nat1) (SUCC (nat3)) (nat1)

0 goal(s) more...

1 conjecture(s) more...
>>> simpl in goal(rank : 5)


1st goal of : forall (nat1:nat) (nat2:nat), mult (qexp (nat1) (nat2) (SUCC (ZERO))) (nat1) = qexp (nat1) (nat2) (nat1)
nat2 : nat
nat3 : nat
IH1 : forall (nat1:nat), mult (qexp (nat1) (nat3) (SUCC (ZERO))) (nat1) = qexp (nat1) (nat3) (nat1)
Inductive1 : nat2 = SUCC (nat3)
---------------------------------------
forall (nat1:nat), mult (qexp (nat1) (nat3) (nat1)) (nat1) = qexp (nat1) (nat3) (mult (nat1) (nat1))

0 goal(s) more...

1 conjecture(s) more...
Tactic List : 2
induction nat1(rank:14)
rewrite <- IH1 in goal at 0(rank:21)
=================================================
Progress: 11


1st goal of : forall (nat1:nat) (nat2:nat), mult (qexp (nat1) (nat2) (SUCC (ZERO))) (nat1) = qexp (nat1) (nat2) (nat1)
nat2 : nat
nat3 : nat
IH1 : forall (nat1:nat), mult (qexp (nat1) (nat3) (SUCC (ZERO))) (nat1) = qexp (nat1) (nat3) (nat1)
Inductive1 : nat2 = SUCC (nat3)
---------------------------------------
forall (nat1:nat), mult (qexp (nat1) (nat3) (nat1)) (nat1) = qexp (nat1) (nat3) (mult (nat1) (nat1))

0 goal(s) more...

1 conjecture(s) more...
>>> induction nat1(rank : 14)


1st goal of : forall (nat1:nat) (nat2:nat), mult (qexp (nat1) (nat2) (SUCC (ZERO))) (nat1) = qexp (nat1) (nat2) (nat1)
nat2 : nat
nat3 : nat
IH1 : forall (nat1:nat), mult (qexp (nat1) (nat3) (SUCC (ZERO))) (nat1) = qexp (nat1) (nat3) (nat1)
Inductive1 : nat2 = SUCC (nat3)
nat1 : nat
Base1 : nat1 = ZERO
---------------------------------------
mult (qexp (ZERO) (nat3) (ZERO)) (ZERO) = qexp (ZERO) (nat3) (mult (ZERO) (ZERO))

1 goal(s) more...

1 conjecture(s) more...
Tactic List : 1
simpl in goal(rank:6)
=================================================
Progress: 12


1st goal of : forall (nat1:nat) (nat2:nat), mult (qexp (nat1) (nat2) (SUCC (ZERO))) (nat1) = qexp (nat1) (nat2) (nat1)
nat2 : nat
nat3 : nat
IH1 : forall (nat1:nat), mult (qexp (nat1) (nat3) (SUCC (ZERO))) (nat1) = qexp (nat1) (nat3) (nat1)
Inductive1 : nat2 = SUCC (nat3)
nat1 : nat
Base1 : nat1 = ZERO
---------------------------------------
mult (qexp (ZERO) (nat3) (ZERO)) (ZERO) = qexp (ZERO) (nat3) (mult (ZERO) (ZERO))

1 goal(s) more...

1 conjecture(s) more...
>>> simpl in goal(rank : 6)


1st goal of : forall (nat1:nat) (nat2:nat), mult (qexp (nat1) (nat2) (SUCC (ZERO))) (nat1) = qexp (nat1) (nat2) (nat1)
nat2 : nat
nat3 : nat
IH1 : forall (nat1:nat), mult (qexp (nat1) (nat3) (SUCC (ZERO))) (nat1) = qexp (nat1) (nat3) (nat1)
Inductive1 : nat2 = SUCC (nat3)
nat1 : nat
Base1 : nat1 = ZERO
---------------------------------------
mult (qexp (ZERO) (nat3) (ZERO)) (ZERO) = qexp (ZERO) (nat3) (ZERO)

1 goal(s) more...

1 conjecture(s) more...
Tactic List : 3
rewrite <- IH1 in goal at 2(rank:14)
rewrite <- IH1 in goal at 0(rank:22)
rewrite <- IH1 in goal at 1(rank:22)
=================================================
Progress: 13


1st goal of : forall (nat1:nat) (nat2:nat), mult (qexp (nat1) (nat2) (SUCC (ZERO))) (nat1) = qexp (nat1) (nat2) (nat1)
nat2 : nat
nat3 : nat
IH1 : forall (nat1:nat), mult (qexp (nat1) (nat3) (SUCC (ZERO))) (nat1) = qexp (nat1) (nat3) (nat1)
Inductive1 : nat2 = SUCC (nat3)
nat1 : nat
Base1 : nat1 = ZERO
---------------------------------------
mult (qexp (ZERO) (nat3) (ZERO)) (ZERO) = qexp (ZERO) (nat3) (ZERO)

1 goal(s) more...

1 conjecture(s) more...
>>> rewrite <- IH1 in goal at 2(rank : 14)


1st goal of : forall (nat1:nat) (nat2:nat), mult (qexp (nat1) (nat2) (SUCC (ZERO))) (nat1) = qexp (nat1) (nat2) (nat1)
nat2 : nat
nat3 : nat
IH1 : forall (nat1:nat), mult (qexp (nat1) (nat3) (SUCC (ZERO))) (nat1) = qexp (nat1) (nat3) (nat1)
Inductive1 : nat2 = SUCC (nat3)
nat1 : nat
Base1 : nat1 = ZERO
---------------------------------------
mult (qexp (ZERO) (nat3) (ZERO)) (ZERO) = mult (qexp (ZERO) (nat3) (SUCC (ZERO))) (ZERO)

1 goal(s) more...

1 conjecture(s) more...
Tactic List : 0
previous tactics
simpl in goal
rewrite <- IH1 in goal at 2
advanced_generalize done
Lemma : forall (nat3:nat), mult (qexp (ZERO) (nat3) (ZERO)) (ZERO) = mult (qexp (ZERO) (nat3) (SUCC (ZERO))) (ZERO)
Model : nat3: ZERO
Model : nat3: ZERO
Model : nat3: ZERO
Substituting variables...
Simplifying conditions and property...
Simplifying took 0.000112 seconds
Result : true
New Env

;;
Lemma List
forall (nat3:nat), mult (qexp (ZERO) (nat3) (ZERO)) (ZERO) = mult (qexp (ZERO) (nat3) (SUCC (ZERO))) (ZERO)
End of Lemma List


1st goal of : forall (nat1:nat) (nat2:nat), mult (qexp (nat1) (nat2) (SUCC (ZERO))) (nat1) = qexp (nat1) (nat2) (nat1)
nat2 : nat
nat3 : nat
IH1 : forall (nat1:nat), mult (qexp (nat1) (nat3) (SUCC (ZERO))) (nat1) = qexp (nat1) (nat3) (nat1)
Inductive1 : nat2 = SUCC (nat3)
nat1 : nat
Base1 : nat1 = ZERO
---------------------------------------
mult (qexp (ZERO) (nat3) (ZERO)) (ZERO) = mult (qexp (ZERO) (nat3) (SUCC (ZERO))) (ZERO)

1 goal(s) more...

1 conjecture(s) more...
=================================================
Progress: 14


1st goal of : forall (nat1:nat) (nat2:nat), mult (qexp (nat1) (nat2) (SUCC (ZERO))) (nat1) = qexp (nat1) (nat2) (nat1)
nat2 : nat
nat3 : nat
IH1 : forall (nat1:nat), mult (qexp (nat1) (nat3) (SUCC (ZERO))) (nat1) = qexp (nat1) (nat3) (nat1)
Inductive1 : nat2 = SUCC (nat3)
nat1 : nat
Base1 : nat1 = ZERO
---------------------------------------
mult (qexp (ZERO) (nat3) (ZERO)) (ZERO) = mult (qexp (ZERO) (nat3) (SUCC (ZERO))) (ZERO)

1 goal(s) more...

1 conjecture(s) more...
>>> assert forall (nat3:nat), mult (qexp (ZERO) (nat3) (ZERO)) (ZERO) = mult (qexp (ZERO) (nat3) (SUCC (ZERO))) (ZERO)(rank : 0)


1st goal of : forall (nat1:nat), mult (qexp (ZERO) (nat1) (ZERO)) (ZERO) = mult (qexp (ZERO) (nat1) (SUCC (ZERO))) (ZERO)

---------------------------------------
forall (nat1:nat), mult (qexp (ZERO) (nat1) (ZERO)) (ZERO) = mult (qexp (ZERO) (nat1) (SUCC (ZERO))) (ZERO)

0 goal(s) more...

2 conjecture(s) more...
Tactic List : 1
induction nat1(rank:8)
=================================================
Progress: 15


1st goal of : forall (nat1:nat), mult (qexp (ZERO) (nat1) (ZERO)) (ZERO) = mult (qexp (ZERO) (nat1) (SUCC (ZERO))) (ZERO)

---------------------------------------
forall (nat1:nat), mult (qexp (ZERO) (nat1) (ZERO)) (ZERO) = mult (qexp (ZERO) (nat1) (SUCC (ZERO))) (ZERO)

0 goal(s) more...

2 conjecture(s) more...
>>> induction nat1(rank : 8)


1st goal of : forall (nat1:nat), mult (qexp (ZERO) (nat1) (ZERO)) (ZERO) = mult (qexp (ZERO) (nat1) (SUCC (ZERO))) (ZERO)
nat1 : nat
Base1 : nat1 = ZERO
---------------------------------------
mult (qexp (ZERO) (ZERO) (ZERO)) (ZERO) = mult (qexp (ZERO) (ZERO) (SUCC (ZERO))) (ZERO)

1 goal(s) more...

2 conjecture(s) more...
Tactic List : 1
reflexivity(rank:7)
=================================================
Progress: 16


1st goal of : forall (nat1:nat), mult (qexp (ZERO) (nat1) (ZERO)) (ZERO) = mult (qexp (ZERO) (nat1) (SUCC (ZERO))) (ZERO)
nat1 : nat
Base1 : nat1 = ZERO
---------------------------------------
mult (qexp (ZERO) (ZERO) (ZERO)) (ZERO) = mult (qexp (ZERO) (ZERO) (SUCC (ZERO))) (ZERO)

1 goal(s) more...

2 conjecture(s) more...
>>> reflexivity(rank : 7)


1st goal of : forall (nat1:nat), mult (qexp (ZERO) (nat1) (ZERO)) (ZERO) = mult (qexp (ZERO) (nat1) (SUCC (ZERO))) (ZERO)
nat1 : nat
nat2 : nat
IH1 : mult (qexp (ZERO) (nat2) (ZERO)) (ZERO) = mult (qexp (ZERO) (nat2) (SUCC (ZERO))) (ZERO)
Inductive1 : nat1 = SUCC (nat2)
---------------------------------------
mult (qexp (ZERO) (SUCC (nat2)) (ZERO)) (ZERO) = mult (qexp (ZERO) (SUCC (nat2)) (SUCC (ZERO))) (ZERO)

0 goal(s) more...

2 conjecture(s) more...
Deduplication: 0
Tactic List : 1
reflexivity(rank:6)
=================================================
Progress: 17


1st goal of : forall (nat1:nat), mult (qexp (ZERO) (nat1) (ZERO)) (ZERO) = mult (qexp (ZERO) (nat1) (SUCC (ZERO))) (ZERO)
nat1 : nat
nat2 : nat
IH1 : mult (qexp (ZERO) (nat2) (ZERO)) (ZERO) = mult (qexp (ZERO) (nat2) (SUCC (ZERO))) (ZERO)
Inductive1 : nat1 = SUCC (nat2)
---------------------------------------
mult (qexp (ZERO) (SUCC (nat2)) (ZERO)) (ZERO) = mult (qexp (ZERO) (SUCC (nat2)) (SUCC (ZERO))) (ZERO)

0 goal(s) more...

2 conjecture(s) more...
>>> reflexivity(rank : 6)


1st goal of : forall (nat1:nat) (nat2:nat), mult (qexp (nat1) (nat2) (SUCC (ZERO))) (nat1) = qexp (nat1) (nat2) (nat1)
nat2 : nat
nat3 : nat
IH1 : forall (nat1:nat), mult (qexp (nat1) (nat3) (SUCC (ZERO))) (nat1) = qexp (nat1) (nat3) (nat1)
Inductive1 : nat2 = SUCC (nat3)
nat1 : nat
Base1 : nat1 = ZERO
---------------------------------------
mult (qexp (ZERO) (nat3) (ZERO)) (ZERO) = mult (qexp (ZERO) (nat3) (SUCC (ZERO))) (ZERO)

1 goal(s) more...

1 conjecture(s) more...
Deduplication: 0
Tactic List : 2
rewrite lemma3 in goal at 0(rank:14)
rewrite <- lemma3 in goal at 0(rank:14)
=================================================
Progress: 18


1st goal of : forall (nat1:nat) (nat2:nat), mult (qexp (nat1) (nat2) (SUCC (ZERO))) (nat1) = qexp (nat1) (nat2) (nat1)
nat2 : nat
nat3 : nat
IH1 : forall (nat1:nat), mult (qexp (nat1) (nat3) (SUCC (ZERO))) (nat1) = qexp (nat1) (nat3) (nat1)
Inductive1 : nat2 = SUCC (nat3)
nat1 : nat
Base1 : nat1 = ZERO
---------------------------------------
mult (qexp (ZERO) (nat3) (ZERO)) (ZERO) = mult (qexp (ZERO) (nat3) (SUCC (ZERO))) (ZERO)

1 goal(s) more...

1 conjecture(s) more...
>>> rewrite lemma3 in goal at 0(rank : 14)


1st goal of : forall (nat1:nat) (nat2:nat), mult (qexp (nat1) (nat2) (SUCC (ZERO))) (nat1) = qexp (nat1) (nat2) (nat1)
nat2 : nat
nat3 : nat
IH1 : forall (nat1:nat), mult (qexp (nat1) (nat3) (SUCC (ZERO))) (nat1) = qexp (nat1) (nat3) (nat1)
Inductive1 : nat2 = SUCC (nat3)
nat1 : nat
Base1 : nat1 = ZERO
---------------------------------------
mult (qexp (ZERO) (nat3) (SUCC (ZERO))) (ZERO) = mult (qexp (ZERO) (nat3) (SUCC (ZERO))) (ZERO)

1 goal(s) more...

1 conjecture(s) more...
Tactic List : 1
reflexivity(rank:5)
=================================================
Progress: 19


1st goal of : forall (nat1:nat) (nat2:nat), mult (qexp (nat1) (nat2) (SUCC (ZERO))) (nat1) = qexp (nat1) (nat2) (nat1)
nat2 : nat
nat3 : nat
IH1 : forall (nat1:nat), mult (qexp (nat1) (nat3) (SUCC (ZERO))) (nat1) = qexp (nat1) (nat3) (nat1)
Inductive1 : nat2 = SUCC (nat3)
nat1 : nat
Base1 : nat1 = ZERO
---------------------------------------
mult (qexp (ZERO) (nat3) (SUCC (ZERO))) (ZERO) = mult (qexp (ZERO) (nat3) (SUCC (ZERO))) (ZERO)

1 goal(s) more...

1 conjecture(s) more...
>>> reflexivity(rank : 5)


1st goal of : forall (nat1:nat) (nat2:nat), mult (qexp (nat1) (nat2) (SUCC (ZERO))) (nat1) = qexp (nat1) (nat2) (nat1)
nat2 : nat
nat3 : nat
IH1 : forall (nat1:nat), mult (qexp (nat1) (nat3) (SUCC (ZERO))) (nat1) = qexp (nat1) (nat3) (nat1)
Inductive1 : nat2 = SUCC (nat3)
nat1 : nat
nat4 : nat
IH2 : mult (qexp (nat4) (nat3) (nat4)) (nat4) = qexp (nat4) (nat3) (mult (nat4) (nat4))
Inductive2 : nat1 = SUCC (nat4)
---------------------------------------
mult (qexp (SUCC (nat4)) (nat3) (SUCC (nat4))) (SUCC (nat4)) = qexp (SUCC (nat4)) (nat3) (mult (SUCC (nat4)) (SUCC (nat4)))

0 goal(s) more...

1 conjecture(s) more...
Deduplication: 3
Tactic List : 1
simpl in goal(rank:5)
=================================================
Progress: 20


1st goal of : forall (nat1:nat) (nat2:nat), mult (qexp (nat1) (nat2) (SUCC (ZERO))) (nat1) = qexp (nat1) (nat2) (nat1)
nat2 : nat
nat3 : nat
IH1 : forall (nat1:nat), mult (qexp (nat1) (nat3) (SUCC (ZERO))) (nat1) = qexp (nat1) (nat3) (nat1)
Inductive1 : nat2 = SUCC (nat3)
nat1 : nat
nat4 : nat
IH2 : mult (qexp (nat4) (nat3) (nat4)) (nat4) = qexp (nat4) (nat3) (mult (nat4) (nat4))
Inductive2 : nat1 = SUCC (nat4)
---------------------------------------
mult (qexp (SUCC (nat4)) (nat3) (SUCC (nat4))) (SUCC (nat4)) = qexp (SUCC (nat4)) (nat3) (mult (SUCC (nat4)) (SUCC (nat4)))

0 goal(s) more...

1 conjecture(s) more...
>>> simpl in goal(rank : 5)


1st goal of : forall (nat1:nat) (nat2:nat), mult (qexp (nat1) (nat2) (SUCC (ZERO))) (nat1) = qexp (nat1) (nat2) (nat1)
nat2 : nat
nat3 : nat
IH1 : forall (nat1:nat), mult (qexp (nat1) (nat3) (SUCC (ZERO))) (nat1) = qexp (nat1) (nat3) (nat1)
Inductive1 : nat2 = SUCC (nat3)
nat1 : nat
nat4 : nat
IH2 : mult (qexp (nat4) (nat3) (nat4)) (nat4) = qexp (nat4) (nat3) (mult (nat4) (nat4))
Inductive2 : nat1 = SUCC (nat4)
---------------------------------------
mult (qexp (SUCC (nat4)) (nat3) (SUCC (nat4))) (SUCC (nat4)) = qexp (SUCC (nat4)) (nat3) (plus (mult (nat4) (SUCC (nat4))) (SUCC (nat4)))

0 goal(s) more...

1 conjecture(s) more...
Tactic List : 1
rewrite <- IH1 in goal at 0(rank:5)
=================================================
Progress: 21


1st goal of : forall (nat1:nat) (nat2:nat), mult (qexp (nat1) (nat2) (SUCC (ZERO))) (nat1) = qexp (nat1) (nat2) (nat1)
nat2 : nat
nat3 : nat
IH1 : forall (nat1:nat), mult (qexp (nat1) (nat3) (SUCC (ZERO))) (nat1) = qexp (nat1) (nat3) (nat1)
Inductive1 : nat2 = SUCC (nat3)
nat1 : nat
nat4 : nat
IH2 : mult (qexp (nat4) (nat3) (nat4)) (nat4) = qexp (nat4) (nat3) (mult (nat4) (nat4))
Inductive2 : nat1 = SUCC (nat4)
---------------------------------------
mult (qexp (SUCC (nat4)) (nat3) (SUCC (nat4))) (SUCC (nat4)) = qexp (SUCC (nat4)) (nat3) (plus (mult (nat4) (SUCC (nat4))) (SUCC (nat4)))

0 goal(s) more...

1 conjecture(s) more...
>>> rewrite <- IH1 in goal at 0(rank : 5)


1st goal of : forall (nat1:nat) (nat2:nat), mult (qexp (nat1) (nat2) (SUCC (ZERO))) (nat1) = qexp (nat1) (nat2) (nat1)
nat2 : nat
nat3 : nat
IH1 : forall (nat1:nat), mult (qexp (nat1) (nat3) (SUCC (ZERO))) (nat1) = qexp (nat1) (nat3) (nat1)
Inductive1 : nat2 = SUCC (nat3)
nat1 : nat
nat4 : nat
IH2 : mult (qexp (nat4) (nat3) (nat4)) (nat4) = qexp (nat4) (nat3) (mult (nat4) (nat4))
Inductive2 : nat1 = SUCC (nat4)
---------------------------------------
mult (mult (qexp (SUCC (nat4)) (nat3) (SUCC (ZERO))) (SUCC (nat4))) (SUCC (nat4)) = qexp (SUCC (nat4)) (nat3) (plus (mult (nat4) (SUCC (nat4))) (SUCC (nat4)))

0 goal(s) more...

1 conjecture(s) more...
Tactic List : 0
previous tactics
reflexivity
rewrite lemma3 in goal at 0
reflexivity
simpl in goal
rewrite <- IH1 in goal at 0
advanced_generalize done
Lemma : forall (arg1:nat) (nat3:nat) (nat4:nat), mult (mult (qexp (arg1) (nat3) (SUCC (ZERO))) (arg1)) (arg1) = qexp (arg1) (nat3) (plus (mult (nat4) (arg1)) (arg1))
Model : arg1: ZERO, nat3: ZERO, nat4: SUCC (ZERO)
Model : arg1: ZERO, nat3: SUCC (SUCC (ZERO)), nat4: SUCC (ZERO)
Model : arg1: SUCC (ZERO), nat3: ZERO, nat4: ZERO
Substituting variables...
Simplifying conditions and property...
Simplifying took 0.000244 seconds
Result : true
New Env

;;
Lemma List
forall (arg1:nat) (nat3:nat) (nat4:nat), mult (mult (qexp (arg1) (nat3) (SUCC (ZERO))) (arg1)) (arg1) = qexp (arg1) (nat3) (plus (mult (nat4) (arg1)) (arg1))
End of Lemma List


1st goal of : forall (nat1:nat) (nat2:nat), mult (qexp (nat1) (nat2) (SUCC (ZERO))) (nat1) = qexp (nat1) (nat2) (nat1)
nat2 : nat
nat3 : nat
IH1 : forall (nat1:nat), mult (qexp (nat1) (nat3) (SUCC (ZERO))) (nat1) = qexp (nat1) (nat3) (nat1)
Inductive1 : nat2 = SUCC (nat3)
nat1 : nat
nat4 : nat
IH2 : mult (qexp (nat4) (nat3) (nat4)) (nat4) = qexp (nat4) (nat3) (mult (nat4) (nat4))
Inductive2 : nat1 = SUCC (nat4)
---------------------------------------
mult (mult (qexp (SUCC (nat4)) (nat3) (SUCC (ZERO))) (SUCC (nat4))) (SUCC (nat4)) = qexp (SUCC (nat4)) (nat3) (plus (mult (nat4) (SUCC (nat4))) (SUCC (nat4)))

0 goal(s) more...

1 conjecture(s) more...
=================================================
Progress: 22


1st goal of : forall (nat1:nat) (nat2:nat), mult (qexp (nat1) (nat2) (SUCC (ZERO))) (nat1) = qexp (nat1) (nat2) (nat1)
nat2 : nat
nat3 : nat
IH1 : forall (nat1:nat), mult (qexp (nat1) (nat3) (SUCC (ZERO))) (nat1) = qexp (nat1) (nat3) (nat1)
Inductive1 : nat2 = SUCC (nat3)
nat1 : nat
nat4 : nat
IH2 : mult (qexp (nat4) (nat3) (nat4)) (nat4) = qexp (nat4) (nat3) (mult (nat4) (nat4))
Inductive2 : nat1 = SUCC (nat4)
---------------------------------------
mult (mult (qexp (SUCC (nat4)) (nat3) (SUCC (ZERO))) (SUCC (nat4))) (SUCC (nat4)) = qexp (SUCC (nat4)) (nat3) (plus (mult (nat4) (SUCC (nat4))) (SUCC (nat4)))

0 goal(s) more...

1 conjecture(s) more...
>>> assert forall (arg1:nat) (nat3:nat) (nat4:nat), mult (mult (qexp (arg1) (nat3) (SUCC (ZERO))) (arg1)) (arg1) = qexp (arg1) (nat3) (plus (mult (nat4) (arg1)) (arg1))(rank : 0)


1st goal of : forall (nat1:nat) (nat2:nat) (nat3:nat), mult (mult (qexp (nat1) (nat2) (SUCC (ZERO))) (nat1)) (nat1) = qexp (nat1) (nat2) (plus (mult (nat3) (nat1)) (nat1))

---------------------------------------
forall (nat1:nat) (nat2:nat) (nat3:nat), mult (mult (qexp (nat1) (nat2) (SUCC (ZERO))) (nat1)) (nat1) = qexp (nat1) (nat2) (plus (mult (nat3) (nat1)) (nat1))

0 goal(s) more...

2 conjecture(s) more...
Tactic List : 1
induction nat2(rank:8)
=================================================
Progress: 23


1st goal of : forall (nat1:nat) (nat2:nat) (nat3:nat), mult (mult (qexp (nat1) (nat2) (SUCC (ZERO))) (nat1)) (nat1) = qexp (nat1) (nat2) (plus (mult (nat3) (nat1)) (nat1))

---------------------------------------
forall (nat1:nat) (nat2:nat) (nat3:nat), mult (mult (qexp (nat1) (nat2) (SUCC (ZERO))) (nat1)) (nat1) = qexp (nat1) (nat2) (plus (mult (nat3) (nat1)) (nat1))

0 goal(s) more...

2 conjecture(s) more...
>>> induction nat2(rank : 8)


1st goal of : forall (nat1:nat) (nat2:nat) (nat3:nat), mult (mult (qexp (nat1) (nat2) (SUCC (ZERO))) (nat1)) (nat1) = qexp (nat1) (nat2) (plus (mult (nat3) (nat1)) (nat1))
nat2 : nat
Base1 : nat2 = ZERO
---------------------------------------
forall (nat1:nat) (nat3:nat), mult (mult (qexp (nat1) (ZERO) (SUCC (ZERO))) (nat1)) (nat1) = qexp (nat1) (ZERO) (plus (mult (nat3) (nat1)) (nat1))

1 goal(s) more...

2 conjecture(s) more...
Tactic List : 1
simpl in goal(rank:8)
=================================================
Progress: 24


1st goal of : forall (nat1:nat) (nat2:nat) (nat3:nat), mult (mult (qexp (nat1) (nat2) (SUCC (ZERO))) (nat1)) (nat1) = qexp (nat1) (nat2) (plus (mult (nat3) (nat1)) (nat1))
nat2 : nat
Base1 : nat2 = ZERO
---------------------------------------
forall (nat1:nat) (nat3:nat), mult (mult (qexp (nat1) (ZERO) (SUCC (ZERO))) (nat1)) (nat1) = qexp (nat1) (ZERO) (plus (mult (nat3) (nat1)) (nat1))

1 goal(s) more...

2 conjecture(s) more...
>>> simpl in goal(rank : 8)


1st goal of : forall (nat1:nat) (nat2:nat) (nat3:nat), mult (mult (qexp (nat1) (nat2) (SUCC (ZERO))) (nat1)) (nat1) = qexp (nat1) (nat2) (plus (mult (nat3) (nat1)) (nat1))
nat2 : nat
Base1 : nat2 = ZERO
---------------------------------------
forall (nat1:nat) (nat3:nat), mult (nat1) (nat1) = plus (mult (nat3) (nat1)) (nat1)

1 goal(s) more...

2 conjecture(s) more...
Tactic List : 2
induction nat1(rank:17)
induction nat3(rank:17)
=================================================
Progress: 25


1st goal of : forall (nat1:nat) (nat2:nat) (nat3:nat), mult (mult (qexp (nat1) (nat2) (SUCC (ZERO))) (nat1)) (nat1) = qexp (nat1) (nat2) (plus (mult (nat3) (nat1)) (nat1))
nat2 : nat
Base1 : nat2 = ZERO
---------------------------------------
forall (nat1:nat) (nat3:nat), mult (nat1) (nat1) = plus (mult (nat3) (nat1)) (nat1)

1 goal(s) more...

2 conjecture(s) more...
>>> induction nat1(rank : 17)


1st goal of : forall (nat1:nat) (nat2:nat) (nat3:nat), mult (mult (qexp (nat1) (nat2) (SUCC (ZERO))) (nat1)) (nat1) = qexp (nat1) (nat2) (plus (mult (nat3) (nat1)) (nat1))
nat2 : nat
Base1 : nat2 = ZERO
nat1 : nat
Base2 : nat1 = ZERO
---------------------------------------
forall (nat3:nat), mult (ZERO) (ZERO) = plus (mult (nat3) (ZERO)) (ZERO)

2 goal(s) more...

2 conjecture(s) more...
Tactic List : 1
simpl in goal(rank:9)
=================================================
Progress: 26


1st goal of : forall (nat1:nat) (nat2:nat) (nat3:nat), mult (mult (qexp (nat1) (nat2) (SUCC (ZERO))) (nat1)) (nat1) = qexp (nat1) (nat2) (plus (mult (nat3) (nat1)) (nat1))
nat2 : nat
Base1 : nat2 = ZERO
nat1 : nat
Base2 : nat1 = ZERO
---------------------------------------
forall (nat3:nat), mult (ZERO) (ZERO) = plus (mult (nat3) (ZERO)) (ZERO)

2 goal(s) more...

2 conjecture(s) more...
>>> simpl in goal(rank : 9)


1st goal of : forall (nat1:nat) (nat2:nat) (nat3:nat), mult (mult (qexp (nat1) (nat2) (SUCC (ZERO))) (nat1)) (nat1) = qexp (nat1) (nat2) (plus (mult (nat3) (nat1)) (nat1))
nat2 : nat
Base1 : nat2 = ZERO
nat1 : nat
Base2 : nat1 = ZERO
---------------------------------------
forall (nat3:nat), ZERO = plus (mult (nat3) (ZERO)) (ZERO)

2 goal(s) more...

2 conjecture(s) more...
Tactic List : 1
induction nat3(rank:10)
=================================================
Progress: 27


1st goal of : forall (nat1:nat) (nat2:nat) (nat3:nat), mult (mult (qexp (nat1) (nat2) (SUCC (ZERO))) (nat1)) (nat1) = qexp (nat1) (nat2) (plus (mult (nat3) (nat1)) (nat1))
nat2 : nat
Base1 : nat2 = ZERO
nat1 : nat
Base2 : nat1 = ZERO
---------------------------------------
forall (nat3:nat), ZERO = plus (mult (nat3) (ZERO)) (ZERO)

2 goal(s) more...

2 conjecture(s) more...
>>> induction nat3(rank : 10)


1st goal of : forall (nat1:nat) (nat2:nat) (nat3:nat), mult (mult (qexp (nat1) (nat2) (SUCC (ZERO))) (nat1)) (nat1) = qexp (nat1) (nat2) (plus (mult (nat3) (nat1)) (nat1))
nat2 : nat
Base1 : nat2 = ZERO
nat1 : nat
Base2 : nat1 = ZERO
nat3 : nat
Base3 : nat3 = ZERO
---------------------------------------
ZERO = plus (mult (ZERO) (ZERO)) (ZERO)

3 goal(s) more...

2 conjecture(s) more...
Tactic List : 1
reflexivity(rank:9)
=================================================
Progress: 28


1st goal of : forall (nat1:nat) (nat2:nat) (nat3:nat), mult (mult (qexp (nat1) (nat2) (SUCC (ZERO))) (nat1)) (nat1) = qexp (nat1) (nat2) (plus (mult (nat3) (nat1)) (nat1))
nat2 : nat
Base1 : nat2 = ZERO
nat1 : nat
Base2 : nat1 = ZERO
nat3 : nat
Base3 : nat3 = ZERO
---------------------------------------
ZERO = plus (mult (ZERO) (ZERO)) (ZERO)

3 goal(s) more...

2 conjecture(s) more...
>>> reflexivity(rank : 9)


1st goal of : forall (nat1:nat) (nat2:nat) (nat3:nat), mult (mult (qexp (nat1) (nat2) (SUCC (ZERO))) (nat1)) (nat1) = qexp (nat1) (nat2) (plus (mult (nat3) (nat1)) (nat1))
nat2 : nat
Base1 : nat2 = ZERO
nat1 : nat
Base2 : nat1 = ZERO
nat3 : nat
nat4 : nat
IH1 : ZERO = plus (mult (nat4) (ZERO)) (ZERO)
Inductive1 : nat3 = SUCC (nat4)
---------------------------------------
ZERO = plus (mult (SUCC (nat4)) (ZERO)) (ZERO)

2 goal(s) more...

2 conjecture(s) more...
Deduplication: 0
Tactic List : 1
simpl in goal(rank:9)
=================================================
Progress: 29


1st goal of : forall (nat1:nat) (nat2:nat) (nat3:nat), mult (mult (qexp (nat1) (nat2) (SUCC (ZERO))) (nat1)) (nat1) = qexp (nat1) (nat2) (plus (mult (nat3) (nat1)) (nat1))
nat2 : nat
Base1 : nat2 = ZERO
nat1 : nat
Base2 : nat1 = ZERO
nat3 : nat
nat4 : nat
IH1 : ZERO = plus (mult (nat4) (ZERO)) (ZERO)
Inductive1 : nat3 = SUCC (nat4)
---------------------------------------
ZERO = plus (mult (SUCC (nat4)) (ZERO)) (ZERO)

2 goal(s) more...

2 conjecture(s) more...
>>> simpl in goal(rank : 9)


1st goal of : forall (nat1:nat) (nat2:nat) (nat3:nat), mult (mult (qexp (nat1) (nat2) (SUCC (ZERO))) (nat1)) (nat1) = qexp (nat1) (nat2) (plus (mult (nat3) (nat1)) (nat1))
nat2 : nat
Base1 : nat2 = ZERO
nat1 : nat
Base2 : nat1 = ZERO
nat3 : nat
nat4 : nat
IH1 : ZERO = plus (mult (nat4) (ZERO)) (ZERO)
Inductive1 : nat3 = SUCC (nat4)
---------------------------------------
ZERO = plus (plus (mult (nat4) (ZERO)) (ZERO)) (ZERO)

2 goal(s) more...

2 conjecture(s) more...
Tactic List : 1
rewrite <- IH1 in goal at 0(rank:9)
=================================================
Progress: 30


1st goal of : forall (nat1:nat) (nat2:nat) (nat3:nat), mult (mult (qexp (nat1) (nat2) (SUCC (ZERO))) (nat1)) (nat1) = qexp (nat1) (nat2) (plus (mult (nat3) (nat1)) (nat1))
nat2 : nat
Base1 : nat2 = ZERO
nat1 : nat
Base2 : nat1 = ZERO
nat3 : nat
nat4 : nat
IH1 : ZERO = plus (mult (nat4) (ZERO)) (ZERO)
Inductive1 : nat3 = SUCC (nat4)
---------------------------------------
ZERO = plus (plus (mult (nat4) (ZERO)) (ZERO)) (ZERO)

2 goal(s) more...

2 conjecture(s) more...
>>> rewrite <- IH1 in goal at 0(rank : 9)


1st goal of : forall (nat1:nat) (nat2:nat) (nat3:nat), mult (mult (qexp (nat1) (nat2) (SUCC (ZERO))) (nat1)) (nat1) = qexp (nat1) (nat2) (plus (mult (nat3) (nat1)) (nat1))
nat2 : nat
Base1 : nat2 = ZERO
nat1 : nat
Base2 : nat1 = ZERO
nat3 : nat
nat4 : nat
IH1 : ZERO = plus (mult (nat4) (ZERO)) (ZERO)
Inductive1 : nat3 = SUCC (nat4)
---------------------------------------
ZERO = plus (ZERO) (ZERO)

2 goal(s) more...

2 conjecture(s) more...
Tactic List : 1
reflexivity(rank:8)
=================================================
Progress: 31


1st goal of : forall (nat1:nat) (nat2:nat) (nat3:nat), mult (mult (qexp (nat1) (nat2) (SUCC (ZERO))) (nat1)) (nat1) = qexp (nat1) (nat2) (plus (mult (nat3) (nat1)) (nat1))
nat2 : nat
Base1 : nat2 = ZERO
nat1 : nat
Base2 : nat1 = ZERO
nat3 : nat
nat4 : nat
IH1 : ZERO = plus (mult (nat4) (ZERO)) (ZERO)
Inductive1 : nat3 = SUCC (nat4)
---------------------------------------
ZERO = plus (ZERO) (ZERO)

2 goal(s) more...

2 conjecture(s) more...
>>> reflexivity(rank : 8)


1st goal of : forall (nat1:nat) (nat2:nat) (nat3:nat), mult (mult (qexp (nat1) (nat2) (SUCC (ZERO))) (nat1)) (nat1) = qexp (nat1) (nat2) (plus (mult (nat3) (nat1)) (nat1))
nat2 : nat
Base1 : nat2 = ZERO
nat1 : nat
nat4 : nat
IH1 : forall (nat3:nat), mult (nat4) (nat4) = plus (mult (nat3) (nat4)) (nat4)
Inductive1 : nat1 = SUCC (nat4)
---------------------------------------
forall (nat3:nat), mult (SUCC (nat4)) (SUCC (nat4)) = plus (mult (nat3) (SUCC (nat4))) (SUCC (nat4))

1 goal(s) more...

2 conjecture(s) more...
Deduplication: 0
Tactic List : 1
simpl in goal(rank:8)
=================================================
Progress: 32


1st goal of : forall (nat1:nat) (nat2:nat) (nat3:nat), mult (mult (qexp (nat1) (nat2) (SUCC (ZERO))) (nat1)) (nat1) = qexp (nat1) (nat2) (plus (mult (nat3) (nat1)) (nat1))
nat2 : nat
Base1 : nat2 = ZERO
nat1 : nat
nat4 : nat
IH1 : forall (nat3:nat), mult (nat4) (nat4) = plus (mult (nat3) (nat4)) (nat4)
Inductive1 : nat1 = SUCC (nat4)
---------------------------------------
forall (nat3:nat), mult (SUCC (nat4)) (SUCC (nat4)) = plus (mult (nat3) (SUCC (nat4))) (SUCC (nat4))

1 goal(s) more...

2 conjecture(s) more...
>>> simpl in goal(rank : 8)


1st goal of : forall (nat1:nat) (nat2:nat) (nat3:nat), mult (mult (qexp (nat1) (nat2) (SUCC (ZERO))) (nat1)) (nat1) = qexp (nat1) (nat2) (plus (mult (nat3) (nat1)) (nat1))
nat2 : nat
Base1 : nat2 = ZERO
nat1 : nat
nat4 : nat
IH1 : forall (nat3:nat), mult (nat4) (nat4) = plus (mult (nat3) (nat4)) (nat4)
Inductive1 : nat1 = SUCC (nat4)
---------------------------------------
forall (nat3:nat), plus (mult (nat4) (SUCC (nat4))) (SUCC (nat4)) = plus (mult (nat3) (SUCC (nat4))) (SUCC (nat4))

1 goal(s) more...

2 conjecture(s) more...
Tactic List : 1
induction nat3(rank:9)
=================================================
Progress: 33


1st goal of : forall (nat1:nat) (nat2:nat) (nat3:nat), mult (mult (qexp (nat1) (nat2) (SUCC (ZERO))) (nat1)) (nat1) = qexp (nat1) (nat2) (plus (mult (nat3) (nat1)) (nat1))
nat2 : nat
Base1 : nat2 = ZERO
nat1 : nat
nat4 : nat
IH1 : forall (nat3:nat), mult (nat4) (nat4) = plus (mult (nat3) (nat4)) (nat4)
Inductive1 : nat1 = SUCC (nat4)
---------------------------------------
forall (nat3:nat), plus (mult (nat4) (SUCC (nat4))) (SUCC (nat4)) = plus (mult (nat3) (SUCC (nat4))) (SUCC (nat4))

1 goal(s) more...

2 conjecture(s) more...
>>> induction nat3(rank : 9)


1st goal of : forall (nat1:nat) (nat2:nat) (nat3:nat), mult (mult (qexp (nat1) (nat2) (SUCC (ZERO))) (nat1)) (nat1) = qexp (nat1) (nat2) (plus (mult (nat3) (nat1)) (nat1))
nat2 : nat
Base1 : nat2 = ZERO
nat1 : nat
nat4 : nat
IH1 : forall (nat3:nat), mult (nat4) (nat4) = plus (mult (nat3) (nat4)) (nat4)
Inductive1 : nat1 = SUCC (nat4)
nat3 : nat
Base2 : nat3 = ZERO
---------------------------------------
plus (mult (nat4) (SUCC (nat4))) (SUCC (nat4)) = plus (mult (ZERO) (SUCC (nat4))) (SUCC (nat4))

2 goal(s) more...

2 conjecture(s) more...
Tactic List : 1
simpl in goal(rank:9)
=================================================
Progress: 34


1st goal of : forall (nat1:nat) (nat2:nat) (nat3:nat), mult (mult (qexp (nat1) (nat2) (SUCC (ZERO))) (nat1)) (nat1) = qexp (nat1) (nat2) (plus (mult (nat3) (nat1)) (nat1))
nat2 : nat
Base1 : nat2 = ZERO
nat1 : nat
nat4 : nat
IH1 : forall (nat3:nat), mult (nat4) (nat4) = plus (mult (nat3) (nat4)) (nat4)
Inductive1 : nat1 = SUCC (nat4)
nat3 : nat
Base2 : nat3 = ZERO
---------------------------------------
plus (mult (nat4) (SUCC (nat4))) (SUCC (nat4)) = plus (mult (ZERO) (SUCC (nat4))) (SUCC (nat4))

2 goal(s) more...

2 conjecture(s) more...
>>> simpl in goal(rank : 9)


1st goal of : forall (nat1:nat) (nat2:nat) (nat3:nat), mult (mult (qexp (nat1) (nat2) (SUCC (ZERO))) (nat1)) (nat1) = qexp (nat1) (nat2) (plus (mult (nat3) (nat1)) (nat1))
nat2 : nat
Base1 : nat2 = ZERO
nat1 : nat
nat4 : nat
IH1 : forall (nat3:nat), mult (nat4) (nat4) = plus (mult (nat3) (nat4)) (nat4)
Inductive1 : nat1 = SUCC (nat4)
nat3 : nat
Base2 : nat3 = ZERO
---------------------------------------
plus (mult (nat4) (SUCC (nat4))) (SUCC (nat4)) = SUCC (nat4)

2 goal(s) more...

2 conjecture(s) more...
Tactic List : 0
previous tactics
simpl in goal
advanced_generalize done
Lemma : forall (arg2:nat) (nat4:nat), plus (mult (nat4) (arg2)) (arg2) = arg2
Model : arg2: ZERO, nat4: ZERO
Model : arg2: ZERO, nat4: ZERO
Model : arg2: ZERO, nat4: SUCC (ZERO)
Substituting variables...
Simplifying conditions and property...
Simplifying took 0.000044 seconds
Result : true
New Env

;;
Lemma List
forall (arg2:nat) (nat4:nat), plus (mult (nat4) (arg2)) (arg2) = arg2
End of Lemma List


1st goal of : forall (nat1:nat) (nat2:nat) (nat3:nat), mult (mult (qexp (nat1) (nat2) (SUCC (ZERO))) (nat1)) (nat1) = qexp (nat1) (nat2) (plus (mult (nat3) (nat1)) (nat1))
nat2 : nat
Base1 : nat2 = ZERO
nat1 : nat
nat4 : nat
IH1 : forall (nat3:nat), mult (nat4) (nat4) = plus (mult (nat3) (nat4)) (nat4)
Inductive1 : nat1 = SUCC (nat4)
nat3 : nat
Base2 : nat3 = ZERO
---------------------------------------
plus (mult (nat4) (SUCC (nat4))) (SUCC (nat4)) = SUCC (nat4)

2 goal(s) more...

2 conjecture(s) more...
=================================================
Progress: 35


1st goal of : forall (nat1:nat) (nat2:nat) (nat3:nat), mult (mult (qexp (nat1) (nat2) (SUCC (ZERO))) (nat1)) (nat1) = qexp (nat1) (nat2) (plus (mult (nat3) (nat1)) (nat1))
nat2 : nat
Base1 : nat2 = ZERO
nat1 : nat
nat4 : nat
IH1 : forall (nat3:nat), mult (nat4) (nat4) = plus (mult (nat3) (nat4)) (nat4)
Inductive1 : nat1 = SUCC (nat4)
nat3 : nat
Base2 : nat3 = ZERO
---------------------------------------
plus (mult (nat4) (SUCC (nat4))) (SUCC (nat4)) = SUCC (nat4)

2 goal(s) more...

2 conjecture(s) more...
>>> assert forall (arg2:nat) (nat4:nat), plus (mult (nat4) (arg2)) (arg2) = arg2(rank : 0)


1st goal of : forall (nat1:nat) (nat2:nat), plus (mult (nat2) (nat1)) (nat1) = nat1

---------------------------------------
forall (nat1:nat) (nat2:nat), plus (mult (nat2) (nat1)) (nat1) = nat1

0 goal(s) more...

3 conjecture(s) more...
Tactic List : 1
induction nat2(rank:10)
=================================================
Progress: 36


1st goal of : forall (nat1:nat) (nat2:nat), plus (mult (nat2) (nat1)) (nat1) = nat1

---------------------------------------
forall (nat1:nat) (nat2:nat), plus (mult (nat2) (nat1)) (nat1) = nat1

0 goal(s) more...

3 conjecture(s) more...
>>> induction nat2(rank : 10)


1st goal of : forall (nat1:nat) (nat2:nat), plus (mult (nat2) (nat1)) (nat1) = nat1
nat2 : nat
Base1 : nat2 = ZERO
---------------------------------------
forall (nat1:nat), plus (mult (ZERO) (nat1)) (nat1) = nat1

1 goal(s) more...

3 conjecture(s) more...
Tactic List : 1
reflexivity(rank:9)
=================================================
Progress: 37


1st goal of : forall (nat1:nat) (nat2:nat), plus (mult (nat2) (nat1)) (nat1) = nat1
nat2 : nat
Base1 : nat2 = ZERO
---------------------------------------
forall (nat1:nat), plus (mult (ZERO) (nat1)) (nat1) = nat1

1 goal(s) more...

3 conjecture(s) more...
>>> reflexivity(rank : 9)


1st goal of : forall (nat1:nat) (nat2:nat), plus (mult (nat2) (nat1)) (nat1) = nat1
nat2 : nat
nat3 : nat
IH1 : forall (nat1:nat), plus (mult (nat3) (nat1)) (nat1) = nat1
Inductive1 : nat2 = SUCC (nat3)
---------------------------------------
forall (nat1:nat), plus (mult (SUCC (nat3)) (nat1)) (nat1) = nat1

0 goal(s) more...

3 conjecture(s) more...
Deduplication: 0
Tactic List : 1
simpl in goal(rank:9)
=================================================
Progress: 38


1st goal of : forall (nat1:nat) (nat2:nat), plus (mult (nat2) (nat1)) (nat1) = nat1
nat2 : nat
nat3 : nat
IH1 : forall (nat1:nat), plus (mult (nat3) (nat1)) (nat1) = nat1
Inductive1 : nat2 = SUCC (nat3)
---------------------------------------
forall (nat1:nat), plus (mult (SUCC (nat3)) (nat1)) (nat1) = nat1

0 goal(s) more...

3 conjecture(s) more...
>>> simpl in goal(rank : 9)


1st goal of : forall (nat1:nat) (nat2:nat), plus (mult (nat2) (nat1)) (nat1) = nat1
nat2 : nat
nat3 : nat
IH1 : forall (nat1:nat), plus (mult (nat3) (nat1)) (nat1) = nat1
Inductive1 : nat2 = SUCC (nat3)
---------------------------------------
forall (nat1:nat), plus (plus (mult (nat3) (nat1)) (nat1)) (nat1) = nat1

0 goal(s) more...

3 conjecture(s) more...
Tactic List : 2
intro nat1(rank:9)
rewrite IH1 in goal at 0(rank:17)
=================================================
Progress: 39


1st goal of : forall (nat1:nat) (nat2:nat), plus (mult (nat2) (nat1)) (nat1) = nat1
nat2 : nat
nat3 : nat
IH1 : forall (nat1:nat), plus (mult (nat3) (nat1)) (nat1) = nat1
Inductive1 : nat2 = SUCC (nat3)
---------------------------------------
forall (nat1:nat), plus (plus (mult (nat3) (nat1)) (nat1)) (nat1) = nat1

0 goal(s) more...

3 conjecture(s) more...
>>> intro nat1(rank : 9)


1st goal of : forall (nat1:nat) (nat2:nat), plus (mult (nat2) (nat1)) (nat1) = nat1
nat2 : nat
nat3 : nat
IH1 : forall (nat1:nat), plus (mult (nat3) (nat1)) (nat1) = nat1
Inductive1 : nat2 = SUCC (nat3)
nat1 : nat
---------------------------------------
plus (plus (mult (nat3) (nat1)) (nat1)) (nat1) = nat1

0 goal(s) more...

3 conjecture(s) more...
Tactic List : 1
rewrite IH1 in goal at 0(rank:9)
=================================================
Progress: 40


1st goal of : forall (nat1:nat) (nat2:nat), plus (mult (nat2) (nat1)) (nat1) = nat1
nat2 : nat
nat3 : nat
IH1 : forall (nat1:nat), plus (mult (nat3) (nat1)) (nat1) = nat1
Inductive1 : nat2 = SUCC (nat3)
nat1 : nat
---------------------------------------
plus (plus (mult (nat3) (nat1)) (nat1)) (nat1) = nat1

0 goal(s) more...

3 conjecture(s) more...
>>> rewrite IH1 in goal at 0(rank : 9)


1st goal of : forall (nat1:nat) (nat2:nat), plus (mult (nat2) (nat1)) (nat1) = nat1
nat2 : nat
nat3 : nat
IH1 : forall (nat1:nat), plus (mult (nat3) (nat1)) (nat1) = nat1
Inductive1 : nat2 = SUCC (nat3)
nat1 : nat
---------------------------------------
plus (nat1) (nat1) = nat1

0 goal(s) more...

3 conjecture(s) more...
Tactic List : 0
previous tactics
simpl in goal
intro nat1
rewrite IH1 in goal at 0
advanced_generalize done
Lemma : forall (nat1:nat), plus (nat1) (nat1) = nat1
Model : nat1: ZERO
Model : nat1: ZERO
Model : nat1: SUCC (SUCC (ZERO))
Substituting variables...
Simplifying conditions and property...
Simplifying took 0.000050 seconds
Result : false
=================================================
Progress: 41


1st goal of : forall (nat1:nat) (nat2:nat) (nat3:nat), mult (mult (qexp (nat1) (nat2) (SUCC (ZERO))) (nat1)) (nat1) = qexp (nat1) (nat2) (plus (mult (nat3) (nat1)) (nat1))
nat2 : nat
Base1 : nat2 = ZERO
---------------------------------------
forall (nat1:nat) (nat3:nat), mult (nat1) (nat1) = plus (mult (nat3) (nat1)) (nat1)

1 goal(s) more...

2 conjecture(s) more...
>>> induction nat3(rank : 17)


1st goal of : forall (nat1:nat) (nat2:nat) (nat3:nat), mult (mult (qexp (nat1) (nat2) (SUCC (ZERO))) (nat1)) (nat1) = qexp (nat1) (nat2) (plus (mult (nat3) (nat1)) (nat1))
nat2 : nat
Base1 : nat2 = ZERO
nat3 : nat
Base2 : nat3 = ZERO
---------------------------------------
forall (nat1:nat), mult (nat1) (nat1) = plus (mult (ZERO) (nat1)) (nat1)

2 goal(s) more...

2 conjecture(s) more...
Tactic List : 1
simpl in goal(rank:9)
=================================================
Progress: 42


1st goal of : forall (nat1:nat) (nat2:nat) (nat3:nat), mult (mult (qexp (nat1) (nat2) (SUCC (ZERO))) (nat1)) (nat1) = qexp (nat1) (nat2) (plus (mult (nat3) (nat1)) (nat1))
nat2 : nat
Base1 : nat2 = ZERO
nat3 : nat
Base2 : nat3 = ZERO
---------------------------------------
forall (nat1:nat), mult (nat1) (nat1) = plus (mult (ZERO) (nat1)) (nat1)

2 goal(s) more...

2 conjecture(s) more...
>>> simpl in goal(rank : 9)


1st goal of : forall (nat1:nat) (nat2:nat) (nat3:nat), mult (mult (qexp (nat1) (nat2) (SUCC (ZERO))) (nat1)) (nat1) = qexp (nat1) (nat2) (plus (mult (nat3) (nat1)) (nat1))
nat2 : nat
Base1 : nat2 = ZERO
nat3 : nat
Base2 : nat3 = ZERO
---------------------------------------
forall (nat1:nat), mult (nat1) (nat1) = nat1

2 goal(s) more...

2 conjecture(s) more...
Tactic List : 1
induction nat1(rank:10)
=================================================
Progress: 43


1st goal of : forall (nat1:nat) (nat2:nat) (nat3:nat), mult (mult (qexp (nat1) (nat2) (SUCC (ZERO))) (nat1)) (nat1) = qexp (nat1) (nat2) (plus (mult (nat3) (nat1)) (nat1))
nat2 : nat
Base1 : nat2 = ZERO
nat3 : nat
Base2 : nat3 = ZERO
---------------------------------------
forall (nat1:nat), mult (nat1) (nat1) = nat1

2 goal(s) more...

2 conjecture(s) more...
>>> induction nat1(rank : 10)


1st goal of : forall (nat1:nat) (nat2:nat) (nat3:nat), mult (mult (qexp (nat1) (nat2) (SUCC (ZERO))) (nat1)) (nat1) = qexp (nat1) (nat2) (plus (mult (nat3) (nat1)) (nat1))
nat2 : nat
Base1 : nat2 = ZERO
nat3 : nat
Base2 : nat3 = ZERO
nat1 : nat
Base3 : nat1 = ZERO
---------------------------------------
mult (ZERO) (ZERO) = ZERO

3 goal(s) more...

2 conjecture(s) more...
Tactic List : 1
reflexivity(rank:9)
=================================================
Progress: 44


1st goal of : forall (nat1:nat) (nat2:nat) (nat3:nat), mult (mult (qexp (nat1) (nat2) (SUCC (ZERO))) (nat1)) (nat1) = qexp (nat1) (nat2) (plus (mult (nat3) (nat1)) (nat1))
nat2 : nat
Base1 : nat2 = ZERO
nat3 : nat
Base2 : nat3 = ZERO
nat1 : nat
Base3 : nat1 = ZERO
---------------------------------------
mult (ZERO) (ZERO) = ZERO

3 goal(s) more...

2 conjecture(s) more...
>>> reflexivity(rank : 9)


1st goal of : forall (nat1:nat) (nat2:nat) (nat3:nat), mult (mult (qexp (nat1) (nat2) (SUCC (ZERO))) (nat1)) (nat1) = qexp (nat1) (nat2) (plus (mult (nat3) (nat1)) (nat1))
nat2 : nat
Base1 : nat2 = ZERO
nat3 : nat
Base2 : nat3 = ZERO
nat1 : nat
nat4 : nat
IH1 : mult (nat4) (nat4) = nat4
Inductive1 : nat1 = SUCC (nat4)
---------------------------------------
mult (SUCC (nat4)) (SUCC (nat4)) = SUCC (nat4)

2 goal(s) more...

2 conjecture(s) more...
Deduplication: 0
Tactic List : 1
simpl in goal(rank:9)
=================================================
Progress: 45


1st goal of : forall (nat1:nat) (nat2:nat) (nat3:nat), mult (mult (qexp (nat1) (nat2) (SUCC (ZERO))) (nat1)) (nat1) = qexp (nat1) (nat2) (plus (mult (nat3) (nat1)) (nat1))
nat2 : nat
Base1 : nat2 = ZERO
nat3 : nat
Base2 : nat3 = ZERO
nat1 : nat
nat4 : nat
IH1 : mult (nat4) (nat4) = nat4
Inductive1 : nat1 = SUCC (nat4)
---------------------------------------
mult (SUCC (nat4)) (SUCC (nat4)) = SUCC (nat4)

2 goal(s) more...

2 conjecture(s) more...
>>> simpl in goal(rank : 9)


1st goal of : forall (nat1:nat) (nat2:nat) (nat3:nat), mult (mult (qexp (nat1) (nat2) (SUCC (ZERO))) (nat1)) (nat1) = qexp (nat1) (nat2) (plus (mult (nat3) (nat1)) (nat1))
nat2 : nat
Base1 : nat2 = ZERO
nat3 : nat
Base2 : nat3 = ZERO
nat1 : nat
nat4 : nat
IH1 : mult (nat4) (nat4) = nat4
Inductive1 : nat1 = SUCC (nat4)
---------------------------------------
plus (mult (nat4) (SUCC (nat4))) (SUCC (nat4)) = SUCC (nat4)

2 goal(s) more...

2 conjecture(s) more...
Tactic List : 0
previous tactics
simpl in goal
advanced_generalize done
Lemma : forall (arg3:nat) (nat4:nat), plus (mult (nat4) (arg3)) (arg3) = arg3
Model : arg3: ZERO, nat4: ZERO
Model : arg3: SUCC (SUCC (ZERO)), nat4: ZERO
Model : arg3: ZERO, nat4: ZERO
Substituting variables...
Simplifying conditions and property...
Simplifying took 0.000045 seconds
Result : true
New Env

;;
Lemma List
forall (arg3:nat) (nat4:nat), plus (mult (nat4) (arg3)) (arg3) = arg3
End of Lemma List


1st goal of : forall (nat1:nat) (nat2:nat) (nat3:nat), mult (mult (qexp (nat1) (nat2) (SUCC (ZERO))) (nat1)) (nat1) = qexp (nat1) (nat2) (plus (mult (nat3) (nat1)) (nat1))
nat2 : nat
Base1 : nat2 = ZERO
nat3 : nat
Base2 : nat3 = ZERO
nat1 : nat
nat4 : nat
IH1 : mult (nat4) (nat4) = nat4
Inductive1 : nat1 = SUCC (nat4)
---------------------------------------
plus (mult (nat4) (SUCC (nat4))) (SUCC (nat4)) = SUCC (nat4)

2 goal(s) more...

2 conjecture(s) more...
=================================================
Progress: 46


1st goal of : forall (nat1:nat) (nat2:nat) (nat3:nat), mult (mult (qexp (nat1) (nat2) (SUCC (ZERO))) (nat1)) (nat1) = qexp (nat1) (nat2) (plus (mult (nat3) (nat1)) (nat1))
nat2 : nat
Base1 : nat2 = ZERO
nat3 : nat
Base2 : nat3 = ZERO
nat1 : nat
nat4 : nat
IH1 : mult (nat4) (nat4) = nat4
Inductive1 : nat1 = SUCC (nat4)
---------------------------------------
plus (mult (nat4) (SUCC (nat4))) (SUCC (nat4)) = SUCC (nat4)

2 goal(s) more...

2 conjecture(s) more...
>>> assert forall (arg3:nat) (nat4:nat), plus (mult (nat4) (arg3)) (arg3) = arg3(rank : 0)


1st goal of : forall (nat1:nat) (nat2:nat), plus (mult (nat2) (nat1)) (nat1) = nat1

---------------------------------------
forall (nat1:nat) (nat2:nat), plus (mult (nat2) (nat1)) (nat1) = nat1

0 goal(s) more...

3 conjecture(s) more...
Tactic List : 1
induction nat2(rank:10)
=================================================
Progress: 47


1st goal of : forall (nat1:nat) (nat2:nat), plus (mult (nat2) (nat1)) (nat1) = nat1

---------------------------------------
forall (nat1:nat) (nat2:nat), plus (mult (nat2) (nat1)) (nat1) = nat1

0 goal(s) more...

3 conjecture(s) more...
>>> induction nat2(rank : 10)


1st goal of : forall (nat1:nat) (nat2:nat), plus (mult (nat2) (nat1)) (nat1) = nat1
nat2 : nat
Base1 : nat2 = ZERO
---------------------------------------
forall (nat1:nat), plus (mult (ZERO) (nat1)) (nat1) = nat1

1 goal(s) more...

3 conjecture(s) more...
Tactic List : 1
reflexivity(rank:9)
=================================================
Progress: 48


1st goal of : forall (nat1:nat) (nat2:nat), plus (mult (nat2) (nat1)) (nat1) = nat1
nat2 : nat
Base1 : nat2 = ZERO
---------------------------------------
forall (nat1:nat), plus (mult (ZERO) (nat1)) (nat1) = nat1

1 goal(s) more...

3 conjecture(s) more...
>>> reflexivity(rank : 9)


1st goal of : forall (nat1:nat) (nat2:nat), plus (mult (nat2) (nat1)) (nat1) = nat1
nat2 : nat
nat3 : nat
IH1 : forall (nat1:nat), plus (mult (nat3) (nat1)) (nat1) = nat1
Inductive1 : nat2 = SUCC (nat3)
---------------------------------------
forall (nat1:nat), plus (mult (SUCC (nat3)) (nat1)) (nat1) = nat1

0 goal(s) more...

3 conjecture(s) more...
Deduplication: 0
Tactic List : 1
simpl in goal(rank:9)
=================================================
Progress: 49


1st goal of : forall (nat1:nat) (nat2:nat), plus (mult (nat2) (nat1)) (nat1) = nat1
nat2 : nat
nat3 : nat
IH1 : forall (nat1:nat), plus (mult (nat3) (nat1)) (nat1) = nat1
Inductive1 : nat2 = SUCC (nat3)
---------------------------------------
forall (nat1:nat), plus (mult (SUCC (nat3)) (nat1)) (nat1) = nat1

0 goal(s) more...

3 conjecture(s) more...
>>> simpl in goal(rank : 9)


1st goal of : forall (nat1:nat) (nat2:nat), plus (mult (nat2) (nat1)) (nat1) = nat1
nat2 : nat
nat3 : nat
IH1 : forall (nat1:nat), plus (mult (nat3) (nat1)) (nat1) = nat1
Inductive1 : nat2 = SUCC (nat3)
---------------------------------------
forall (nat1:nat), plus (plus (mult (nat3) (nat1)) (nat1)) (nat1) = nat1

0 goal(s) more...

3 conjecture(s) more...
Tactic List : 2
intro nat1(rank:9)
rewrite IH1 in goal at 0(rank:17)
=================================================
Progress: 50


1st goal of : forall (nat1:nat) (nat2:nat), plus (mult (nat2) (nat1)) (nat1) = nat1
nat2 : nat
nat3 : nat
IH1 : forall (nat1:nat), plus (mult (nat3) (nat1)) (nat1) = nat1
Inductive1 : nat2 = SUCC (nat3)
---------------------------------------
forall (nat1:nat), plus (plus (mult (nat3) (nat1)) (nat1)) (nat1) = nat1

0 goal(s) more...

3 conjecture(s) more...
>>> intro nat1(rank : 9)


1st goal of : forall (nat1:nat) (nat2:nat), plus (mult (nat2) (nat1)) (nat1) = nat1
nat2 : nat
nat3 : nat
IH1 : forall (nat1:nat), plus (mult (nat3) (nat1)) (nat1) = nat1
Inductive1 : nat2 = SUCC (nat3)
nat1 : nat
---------------------------------------
plus (plus (mult (nat3) (nat1)) (nat1)) (nat1) = nat1

0 goal(s) more...

3 conjecture(s) more...
Tactic List : 1
rewrite IH1 in goal at 0(rank:9)
=================================================
Progress: 51


1st goal of : forall (nat1:nat) (nat2:nat), plus (mult (nat2) (nat1)) (nat1) = nat1
nat2 : nat
nat3 : nat
IH1 : forall (nat1:nat), plus (mult (nat3) (nat1)) (nat1) = nat1
Inductive1 : nat2 = SUCC (nat3)
nat1 : nat
---------------------------------------
plus (plus (mult (nat3) (nat1)) (nat1)) (nat1) = nat1

0 goal(s) more...

3 conjecture(s) more...
>>> rewrite IH1 in goal at 0(rank : 9)


1st goal of : forall (nat1:nat) (nat2:nat), plus (mult (nat2) (nat1)) (nat1) = nat1
nat2 : nat
nat3 : nat
IH1 : forall (nat1:nat), plus (mult (nat3) (nat1)) (nat1) = nat1
Inductive1 : nat2 = SUCC (nat3)
nat1 : nat
---------------------------------------
plus (nat1) (nat1) = nat1

0 goal(s) more...

3 conjecture(s) more...
Tactic List : 0
previous tactics
simpl in goal
intro nat1
rewrite IH1 in goal at 0
advanced_generalize done
Lemma : forall (nat1:nat), plus (nat1) (nat1) = nat1
Model : nat1: SUCC (SUCC (ZERO))
Model : nat1: SUCC (ZERO)
Model : nat1: ZERO
Substituting variables...
Simplifying conditions and property...
Simplifying took 0.000062 seconds
Result : false
=================================================
Progress: 52


1st goal of : forall (nat1:nat) (nat2:nat), plus (mult (nat2) (nat1)) (nat1) = nat1
nat2 : nat
nat3 : nat
IH1 : forall (nat1:nat), plus (mult (nat3) (nat1)) (nat1) = nat1
Inductive1 : nat2 = SUCC (nat3)
---------------------------------------
forall (nat1:nat), plus (plus (mult (nat3) (nat1)) (nat1)) (nat1) = nat1

0 goal(s) more...

3 conjecture(s) more...
>>> rewrite IH1 in goal at 0(rank : 17)


1st goal of : forall (nat1:nat) (nat2:nat), plus (mult (nat2) (nat1)) (nat1) = nat1
nat2 : nat
nat3 : nat
IH1 : forall (nat1:nat), plus (mult (nat3) (nat1)) (nat1) = nat1
Inductive1 : nat2 = SUCC (nat3)
---------------------------------------
forall (nat1:nat), plus (nat1) (nat1) = nat1

0 goal(s) more...

3 conjecture(s) more...
Tactic List : 1
induction nat1(rank:10)
=================================================
Progress: 53


1st goal of : forall (nat1:nat) (nat2:nat), plus (mult (nat2) (nat1)) (nat1) = nat1
nat2 : nat
nat3 : nat
IH1 : forall (nat1:nat), plus (mult (nat3) (nat1)) (nat1) = nat1
Inductive1 : nat2 = SUCC (nat3)
---------------------------------------
forall (nat1:nat), plus (nat1) (nat1) = nat1

0 goal(s) more...

3 conjecture(s) more...
>>> induction nat1(rank : 10)


1st goal of : forall (nat1:nat) (nat2:nat), plus (mult (nat2) (nat1)) (nat1) = nat1
nat2 : nat
nat3 : nat
IH1 : forall (nat1:nat), plus (mult (nat3) (nat1)) (nat1) = nat1
Inductive1 : nat2 = SUCC (nat3)
nat1 : nat
Base1 : nat1 = ZERO
---------------------------------------
plus (ZERO) (ZERO) = ZERO

1 goal(s) more...

3 conjecture(s) more...
Tactic List : 1
reflexivity(rank:9)
=================================================
Progress: 54


1st goal of : forall (nat1:nat) (nat2:nat), plus (mult (nat2) (nat1)) (nat1) = nat1
nat2 : nat
nat3 : nat
IH1 : forall (nat1:nat), plus (mult (nat3) (nat1)) (nat1) = nat1
Inductive1 : nat2 = SUCC (nat3)
nat1 : nat
Base1 : nat1 = ZERO
---------------------------------------
plus (ZERO) (ZERO) = ZERO

1 goal(s) more...

3 conjecture(s) more...
>>> reflexivity(rank : 9)


1st goal of : forall (nat1:nat) (nat2:nat), plus (mult (nat2) (nat1)) (nat1) = nat1
nat2 : nat
nat3 : nat
IH1 : forall (nat1:nat), plus (mult (nat3) (nat1)) (nat1) = nat1
Inductive1 : nat2 = SUCC (nat3)
nat1 : nat
nat4 : nat
IH2 : plus (nat4) (nat4) = nat4
Inductive2 : nat1 = SUCC (nat4)
---------------------------------------
plus (SUCC (nat4)) (SUCC (nat4)) = SUCC (nat4)

0 goal(s) more...

3 conjecture(s) more...
Deduplication: 0
Tactic List : 1
simpl in goal(rank:9)
=================================================
Progress: 55


1st goal of : forall (nat1:nat) (nat2:nat), plus (mult (nat2) (nat1)) (nat1) = nat1
nat2 : nat
nat3 : nat
IH1 : forall (nat1:nat), plus (mult (nat3) (nat1)) (nat1) = nat1
Inductive1 : nat2 = SUCC (nat3)
nat1 : nat
nat4 : nat
IH2 : plus (nat4) (nat4) = nat4
Inductive2 : nat1 = SUCC (nat4)
---------------------------------------
plus (SUCC (nat4)) (SUCC (nat4)) = SUCC (nat4)

0 goal(s) more...

3 conjecture(s) more...
>>> simpl in goal(rank : 9)


1st goal of : forall (nat1:nat) (nat2:nat), plus (mult (nat2) (nat1)) (nat1) = nat1
nat2 : nat
nat3 : nat
IH1 : forall (nat1:nat), plus (mult (nat3) (nat1)) (nat1) = nat1
Inductive1 : nat2 = SUCC (nat3)
nat1 : nat
nat4 : nat
IH2 : plus (nat4) (nat4) = nat4
Inductive2 : nat1 = SUCC (nat4)
---------------------------------------
SUCC (plus (nat4) (SUCC (nat4))) = SUCC (nat4)

0 goal(s) more...

3 conjecture(s) more...
Tactic List : 0
previous tactics
simpl in goal
advanced_generalize done
Lemma : forall (arg4:nat) (nat4:nat), SUCC (plus (nat4) (arg4)) = arg4
Model : arg4: ZERO, nat4: ZERO
Model : arg4: ZERO, nat4: ZERO
Model : arg4: ZERO, nat4: SUCC (ZERO)
Substituting variables...
Simplifying conditions and property...
Simplifying took 0.000033 seconds
Result : false
=================================================
Progress: 56


1st goal of : forall (nat1:nat) (nat2:nat), plus (mult (nat2) (nat1)) (nat1) = nat1
nat2 : nat
nat3 : nat
IH1 : forall (nat1:nat), plus (mult (nat3) (nat1)) (nat1) = nat1
Inductive1 : nat2 = SUCC (nat3)
---------------------------------------
forall (nat1:nat), plus (plus (mult (nat3) (nat1)) (nat1)) (nat1) = nat1

0 goal(s) more...

3 conjecture(s) more...
>>> rewrite IH1 in goal at 0(rank : 17)


1st goal of : forall (nat1:nat) (nat2:nat), plus (mult (nat2) (nat1)) (nat1) = nat1
nat2 : nat
nat3 : nat
IH1 : forall (nat1:nat), plus (mult (nat3) (nat1)) (nat1) = nat1
Inductive1 : nat2 = SUCC (nat3)
---------------------------------------
forall (nat1:nat), plus (nat1) (nat1) = nat1

0 goal(s) more...

3 conjecture(s) more...
Tactic List : 1
induction nat1(rank:10)
=================================================
Progress: 57


1st goal of : forall (nat1:nat) (nat2:nat), plus (mult (nat2) (nat1)) (nat1) = nat1
nat2 : nat
nat3 : nat
IH1 : forall (nat1:nat), plus (mult (nat3) (nat1)) (nat1) = nat1
Inductive1 : nat2 = SUCC (nat3)
---------------------------------------
forall (nat1:nat), plus (nat1) (nat1) = nat1

0 goal(s) more...

3 conjecture(s) more...
>>> induction nat1(rank : 10)


1st goal of : forall (nat1:nat) (nat2:nat), plus (mult (nat2) (nat1)) (nat1) = nat1
nat2 : nat
nat3 : nat
IH1 : forall (nat1:nat), plus (mult (nat3) (nat1)) (nat1) = nat1
Inductive1 : nat2 = SUCC (nat3)
nat1 : nat
Base1 : nat1 = ZERO
---------------------------------------
plus (ZERO) (ZERO) = ZERO

1 goal(s) more...

3 conjecture(s) more...
Tactic List : 1
reflexivity(rank:9)
=================================================
Progress: 58


1st goal of : forall (nat1:nat) (nat2:nat), plus (mult (nat2) (nat1)) (nat1) = nat1
nat2 : nat
nat3 : nat
IH1 : forall (nat1:nat), plus (mult (nat3) (nat1)) (nat1) = nat1
Inductive1 : nat2 = SUCC (nat3)
nat1 : nat
Base1 : nat1 = ZERO
---------------------------------------
plus (ZERO) (ZERO) = ZERO

1 goal(s) more...

3 conjecture(s) more...
>>> reflexivity(rank : 9)


1st goal of : forall (nat1:nat) (nat2:nat), plus (mult (nat2) (nat1)) (nat1) = nat1
nat2 : nat
nat3 : nat
IH1 : forall (nat1:nat), plus (mult (nat3) (nat1)) (nat1) = nat1
Inductive1 : nat2 = SUCC (nat3)
nat1 : nat
nat4 : nat
IH2 : plus (nat4) (nat4) = nat4
Inductive2 : nat1 = SUCC (nat4)
---------------------------------------
plus (SUCC (nat4)) (SUCC (nat4)) = SUCC (nat4)

0 goal(s) more...

3 conjecture(s) more...
Deduplication: 0
Tactic List : 1
simpl in goal(rank:9)
=================================================
Progress: 59


1st goal of : forall (nat1:nat) (nat2:nat), plus (mult (nat2) (nat1)) (nat1) = nat1
nat2 : nat
nat3 : nat
IH1 : forall (nat1:nat), plus (mult (nat3) (nat1)) (nat1) = nat1
Inductive1 : nat2 = SUCC (nat3)
nat1 : nat
nat4 : nat
IH2 : plus (nat4) (nat4) = nat4
Inductive2 : nat1 = SUCC (nat4)
---------------------------------------
plus (SUCC (nat4)) (SUCC (nat4)) = SUCC (nat4)

0 goal(s) more...

3 conjecture(s) more...
>>> simpl in goal(rank : 9)


1st goal of : forall (nat1:nat) (nat2:nat), plus (mult (nat2) (nat1)) (nat1) = nat1
nat2 : nat
nat3 : nat
IH1 : forall (nat1:nat), plus (mult (nat3) (nat1)) (nat1) = nat1
Inductive1 : nat2 = SUCC (nat3)
nat1 : nat
nat4 : nat
IH2 : plus (nat4) (nat4) = nat4
Inductive2 : nat1 = SUCC (nat4)
---------------------------------------
SUCC (plus (nat4) (SUCC (nat4))) = SUCC (nat4)

0 goal(s) more...

3 conjecture(s) more...
Tactic List : 0
previous tactics
simpl in goal
advanced_generalize done
Lemma : forall (arg5:nat) (nat4:nat), SUCC (plus (nat4) (arg5)) = arg5
Model : arg5: ZERO, nat4: SUCC (SUCC (ZERO))
Model : arg5: SUCC (ZERO), nat4: ZERO
Model : arg5: ZERO, nat4: ZERO
Substituting variables...
Simplifying conditions and property...
Simplifying took 0.000158 seconds
Result : false
=================================================
Progress: 60


1st goal of : forall (nat1:nat) (nat2:nat), exp (nat1) (nat2) = qexp (nat1) (nat2) (SUCC (ZERO))
nat2 : nat
nat3 : nat
IH1 : forall (nat1:nat), exp (nat1) (nat3) = qexp (nat1) (nat3) (SUCC (ZERO))
Inductive1 : nat2 = SUCC (nat3)
---------------------------------------
forall (nat1:nat), mult (exp (nat1) (nat3)) (nat1) = qexp (nat1) (nat3) (nat1)

0 goal(s) more...

0 conjecture(s) more...
>>> rewrite IH1 in goal at 0(rank : 19)


1st goal of : forall (nat1:nat) (nat2:nat), exp (nat1) (nat2) = qexp (nat1) (nat2) (SUCC (ZERO))
nat2 : nat
nat3 : nat
IH1 : forall (nat1:nat), exp (nat1) (nat3) = qexp (nat1) (nat3) (SUCC (ZERO))
Inductive1 : nat2 = SUCC (nat3)
---------------------------------------
forall (nat1:nat), mult (qexp (nat1) (nat3) (SUCC (ZERO))) (nat1) = qexp (nat1) (nat3) (nat1)

0 goal(s) more...

0 conjecture(s) more...
Tactic List : 0
previous tactics
simpl in goal
rewrite IH1 in goal at 0
advanced_generalize done
Lemma : forall (nat1:nat) (nat3:nat), mult (qexp (nat1) (nat3) (SUCC (ZERO))) (nat1) = qexp (nat1) (nat3) (nat1)
Model : nat1: ZERO, nat3: ZERO
Model : nat1: SUCC (SUCC (ZERO)), nat3: ZERO
Model : nat1: ZERO, nat3: ZERO
Substituting variables...
Simplifying conditions and property...
Simplifying took 0.000117 seconds
Result : true
=================================================
Progress: 61


1st goal of : forall (nat1:nat) (nat2:nat), mult (qexp (nat1) (nat2) (SUCC (ZERO))) (nat1) = qexp (nat1) (nat2) (nat1)
nat2 : nat
nat3 : nat
IH1 : forall (nat1:nat), mult (qexp (nat1) (nat3) (SUCC (ZERO))) (nat1) = qexp (nat1) (nat3) (nat1)
Inductive1 : nat2 = SUCC (nat3)
---------------------------------------
forall (nat1:nat), mult (qexp (nat1) (nat3) (nat1)) (nat1) = qexp (nat1) (nat3) (mult (nat1) (nat1))

0 goal(s) more...

1 conjecture(s) more...
>>> rewrite <- IH1 in goal at 0(rank : 21)


1st goal of : forall (nat1:nat) (nat2:nat), mult (qexp (nat1) (nat2) (SUCC (ZERO))) (nat1) = qexp (nat1) (nat2) (nat1)
nat2 : nat
nat3 : nat
IH1 : forall (nat1:nat), mult (qexp (nat1) (nat3) (SUCC (ZERO))) (nat1) = qexp (nat1) (nat3) (nat1)
Inductive1 : nat2 = SUCC (nat3)
---------------------------------------
forall (nat1:nat), mult (mult (qexp (nat1) (nat3) (SUCC (ZERO))) (nat1)) (nat1) = qexp (nat1) (nat3) (mult (nat1) (nat1))

0 goal(s) more...

1 conjecture(s) more...
Tactic List : 1
induction nat1(rank:6)
=================================================
Progress: 62


1st goal of : forall (nat1:nat) (nat2:nat), mult (qexp (nat1) (nat2) (SUCC (ZERO))) (nat1) = qexp (nat1) (nat2) (nat1)
nat2 : nat
nat3 : nat
IH1 : forall (nat1:nat), mult (qexp (nat1) (nat3) (SUCC (ZERO))) (nat1) = qexp (nat1) (nat3) (nat1)
Inductive1 : nat2 = SUCC (nat3)
---------------------------------------
forall (nat1:nat), mult (mult (qexp (nat1) (nat3) (SUCC (ZERO))) (nat1)) (nat1) = qexp (nat1) (nat3) (mult (nat1) (nat1))

0 goal(s) more...

1 conjecture(s) more...
>>> induction nat1(rank : 6)


1st goal of : forall (nat1:nat) (nat2:nat), mult (qexp (nat1) (nat2) (SUCC (ZERO))) (nat1) = qexp (nat1) (nat2) (nat1)
nat2 : nat
nat3 : nat
IH1 : forall (nat1:nat), mult (qexp (nat1) (nat3) (SUCC (ZERO))) (nat1) = qexp (nat1) (nat3) (nat1)
Inductive1 : nat2 = SUCC (nat3)
nat1 : nat
Base1 : nat1 = ZERO
---------------------------------------
mult (mult (qexp (ZERO) (nat3) (SUCC (ZERO))) (ZERO)) (ZERO) = qexp (ZERO) (nat3) (mult (ZERO) (ZERO))

1 goal(s) more...

1 conjecture(s) more...
Tactic List : 1
simpl in goal(rank:6)
=================================================
Progress: 63


1st goal of : forall (nat1:nat) (nat2:nat), mult (qexp (nat1) (nat2) (SUCC (ZERO))) (nat1) = qexp (nat1) (nat2) (nat1)
nat2 : nat
nat3 : nat
IH1 : forall (nat1:nat), mult (qexp (nat1) (nat3) (SUCC (ZERO))) (nat1) = qexp (nat1) (nat3) (nat1)
Inductive1 : nat2 = SUCC (nat3)
nat1 : nat
Base1 : nat1 = ZERO
---------------------------------------
mult (mult (qexp (ZERO) (nat3) (SUCC (ZERO))) (ZERO)) (ZERO) = qexp (ZERO) (nat3) (mult (ZERO) (ZERO))

1 goal(s) more...

1 conjecture(s) more...
>>> simpl in goal(rank : 6)


1st goal of : forall (nat1:nat) (nat2:nat), mult (qexp (nat1) (nat2) (SUCC (ZERO))) (nat1) = qexp (nat1) (nat2) (nat1)
nat2 : nat
nat3 : nat
IH1 : forall (nat1:nat), mult (qexp (nat1) (nat3) (SUCC (ZERO))) (nat1) = qexp (nat1) (nat3) (nat1)
Inductive1 : nat2 = SUCC (nat3)
nat1 : nat
Base1 : nat1 = ZERO
---------------------------------------
mult (mult (qexp (ZERO) (nat3) (SUCC (ZERO))) (ZERO)) (ZERO) = qexp (ZERO) (nat3) (ZERO)

1 goal(s) more...

1 conjecture(s) more...
Tactic List : 2
rewrite IH1 in goal at 0(rank:14)
rewrite <- IH1 in goal at 0(rank:14)
=================================================
Progress: 64


1st goal of : forall (nat1:nat) (nat2:nat), mult (qexp (nat1) (nat2) (SUCC (ZERO))) (nat1) = qexp (nat1) (nat2) (nat1)
nat2 : nat
nat3 : nat
IH1 : forall (nat1:nat), mult (qexp (nat1) (nat3) (SUCC (ZERO))) (nat1) = qexp (nat1) (nat3) (nat1)
Inductive1 : nat2 = SUCC (nat3)
nat1 : nat
Base1 : nat1 = ZERO
---------------------------------------
mult (mult (qexp (ZERO) (nat3) (SUCC (ZERO))) (ZERO)) (ZERO) = qexp (ZERO) (nat3) (ZERO)

1 goal(s) more...

1 conjecture(s) more...
>>> rewrite IH1 in goal at 0(rank : 14)


1st goal of : forall (nat1:nat) (nat2:nat), mult (qexp (nat1) (nat2) (SUCC (ZERO))) (nat1) = qexp (nat1) (nat2) (nat1)
nat2 : nat
nat3 : nat
IH1 : forall (nat1:nat), mult (qexp (nat1) (nat3) (SUCC (ZERO))) (nat1) = qexp (nat1) (nat3) (nat1)
Inductive1 : nat2 = SUCC (nat3)
nat1 : nat
Base1 : nat1 = ZERO
---------------------------------------
mult (qexp (ZERO) (nat3) (ZERO)) (ZERO) = qexp (ZERO) (nat3) (ZERO)

1 goal(s) more...

1 conjecture(s) more...
Tactic List : 0
previous tactics
simpl in goal
rewrite IH1 in goal at 0
advanced_generalize done
Lemma : forall (arg6:nat), mult (arg6) (ZERO) = arg6
Model : arg6: ZERO
Model : arg6: ZERO
Model : arg6: ZERO
Substituting variables...
Simplifying conditions and property...
Simplifying took 0.000023 seconds
Result : true
New Env

;;
Lemma List
forall (arg6:nat), mult (arg6) (ZERO) = arg6
End of Lemma List


1st goal of : forall (nat1:nat) (nat2:nat), mult (qexp (nat1) (nat2) (SUCC (ZERO))) (nat1) = qexp (nat1) (nat2) (nat1)
nat2 : nat
nat3 : nat
IH1 : forall (nat1:nat), mult (qexp (nat1) (nat3) (SUCC (ZERO))) (nat1) = qexp (nat1) (nat3) (nat1)
Inductive1 : nat2 = SUCC (nat3)
nat1 : nat
Base1 : nat1 = ZERO
---------------------------------------
mult (qexp (ZERO) (nat3) (ZERO)) (ZERO) = qexp (ZERO) (nat3) (ZERO)

1 goal(s) more...

1 conjecture(s) more...
=================================================
Progress: 65


1st goal of : forall (nat1:nat) (nat2:nat), mult (qexp (nat1) (nat2) (SUCC (ZERO))) (nat1) = qexp (nat1) (nat2) (nat1)
nat2 : nat
nat3 : nat
IH1 : forall (nat1:nat), mult (qexp (nat1) (nat3) (SUCC (ZERO))) (nat1) = qexp (nat1) (nat3) (nat1)
Inductive1 : nat2 = SUCC (nat3)
nat1 : nat
Base1 : nat1 = ZERO
---------------------------------------
mult (qexp (ZERO) (nat3) (ZERO)) (ZERO) = qexp (ZERO) (nat3) (ZERO)

1 goal(s) more...

1 conjecture(s) more...
>>> assert forall (arg6:nat), mult (arg6) (ZERO) = arg6(rank : 0)


1st goal of : forall (nat1:nat), mult (nat1) (ZERO) = nat1

---------------------------------------
forall (nat1:nat), mult (nat1) (ZERO) = nat1

0 goal(s) more...

2 conjecture(s) more...
Tactic List : 1
induction nat1(rank:8)
=================================================
Progress: 66


1st goal of : forall (nat1:nat), mult (nat1) (ZERO) = nat1

---------------------------------------
forall (nat1:nat), mult (nat1) (ZERO) = nat1

0 goal(s) more...

2 conjecture(s) more...
>>> induction nat1(rank : 8)


1st goal of : forall (nat1:nat), mult (nat1) (ZERO) = nat1
nat1 : nat
Base1 : nat1 = ZERO
---------------------------------------
mult (ZERO) (ZERO) = ZERO

1 goal(s) more...

2 conjecture(s) more...
Tactic List : 1
reflexivity(rank:7)
=================================================
Progress: 67


1st goal of : forall (nat1:nat), mult (nat1) (ZERO) = nat1
nat1 : nat
Base1 : nat1 = ZERO
---------------------------------------
mult (ZERO) (ZERO) = ZERO

1 goal(s) more...

2 conjecture(s) more...
>>> reflexivity(rank : 7)


1st goal of : forall (nat1:nat), mult (nat1) (ZERO) = nat1
nat1 : nat
nat2 : nat
IH1 : mult (nat2) (ZERO) = nat2
Inductive1 : nat1 = SUCC (nat2)
---------------------------------------
mult (SUCC (nat2)) (ZERO) = SUCC (nat2)

0 goal(s) more...

2 conjecture(s) more...
Deduplication: 0
Tactic List : 1
simpl in goal(rank:7)
=================================================
Progress: 68


1st goal of : forall (nat1:nat), mult (nat1) (ZERO) = nat1
nat1 : nat
nat2 : nat
IH1 : mult (nat2) (ZERO) = nat2
Inductive1 : nat1 = SUCC (nat2)
---------------------------------------
mult (SUCC (nat2)) (ZERO) = SUCC (nat2)

0 goal(s) more...

2 conjecture(s) more...
>>> simpl in goal(rank : 7)


1st goal of : forall (nat1:nat), mult (nat1) (ZERO) = nat1
nat1 : nat
nat2 : nat
IH1 : mult (nat2) (ZERO) = nat2
Inductive1 : nat1 = SUCC (nat2)
---------------------------------------
plus (mult (nat2) (ZERO)) (ZERO) = SUCC (nat2)

0 goal(s) more...

2 conjecture(s) more...
Tactic List : 1
rewrite IH1 in goal at 0(rank:7)
=================================================
Progress: 69


1st goal of : forall (nat1:nat), mult (nat1) (ZERO) = nat1
nat1 : nat
nat2 : nat
IH1 : mult (nat2) (ZERO) = nat2
Inductive1 : nat1 = SUCC (nat2)
---------------------------------------
plus (mult (nat2) (ZERO)) (ZERO) = SUCC (nat2)

0 goal(s) more...

2 conjecture(s) more...
>>> rewrite IH1 in goal at 0(rank : 7)


1st goal of : forall (nat1:nat), mult (nat1) (ZERO) = nat1
nat1 : nat
nat2 : nat
IH1 : mult (nat2) (ZERO) = nat2
Inductive1 : nat1 = SUCC (nat2)
---------------------------------------
plus (nat2) (ZERO) = SUCC (nat2)

0 goal(s) more...

2 conjecture(s) more...
Tactic List : 0
previous tactics
simpl in goal
rewrite IH1 in goal at 0
advanced_generalize done
Lemma : forall (nat2:nat), plus (nat2) (ZERO) = SUCC (nat2)
Model : nat2: SUCC (ZERO)
Model : nat2: ZERO
Model : nat2: SUCC (SUCC (ZERO))
Substituting variables...
Simplifying conditions and property...
Simplifying took 0.000054 seconds
Result : false
=================================================
Progress: 70


1st goal of : forall (nat1:nat) (nat2:nat), mult (qexp (nat1) (nat2) (SUCC (ZERO))) (nat1) = qexp (nat1) (nat2) (nat1)
nat2 : nat
nat3 : nat
IH1 : forall (nat1:nat), mult (qexp (nat1) (nat3) (SUCC (ZERO))) (nat1) = qexp (nat1) (nat3) (nat1)
Inductive1 : nat2 = SUCC (nat3)
nat1 : nat
Base1 : nat1 = ZERO
---------------------------------------
mult (mult (qexp (ZERO) (nat3) (SUCC (ZERO))) (ZERO)) (ZERO) = qexp (ZERO) (nat3) (ZERO)

1 goal(s) more...

1 conjecture(s) more...
>>> rewrite <- IH1 in goal at 0(rank : 14)


1st goal of : forall (nat1:nat) (nat2:nat), mult (qexp (nat1) (nat2) (SUCC (ZERO))) (nat1) = qexp (nat1) (nat2) (nat1)
nat2 : nat
nat3 : nat
IH1 : forall (nat1:nat), mult (qexp (nat1) (nat3) (SUCC (ZERO))) (nat1) = qexp (nat1) (nat3) (nat1)
Inductive1 : nat2 = SUCC (nat3)
nat1 : nat
Base1 : nat1 = ZERO
---------------------------------------
mult (mult (qexp (ZERO) (nat3) (SUCC (ZERO))) (ZERO)) (ZERO) = mult (qexp (ZERO) (nat3) (SUCC (ZERO))) (ZERO)

1 goal(s) more...

1 conjecture(s) more...
Tactic List : 0
previous tactics
simpl in goal
rewrite <- IH1 in goal at 0
advanced_generalize done
Lemma : forall (arg7:nat), mult (arg7) (ZERO) = arg7
Model : arg7: ZERO
Model : arg7: ZERO
Model : arg7: ZERO
Substituting variables...
Simplifying conditions and property...
Simplifying took 0.000022 seconds
Result : true
New Env

;;
Lemma List
forall (arg7:nat), mult (arg7) (ZERO) = arg7
End of Lemma List


1st goal of : forall (nat1:nat) (nat2:nat), mult (qexp (nat1) (nat2) (SUCC (ZERO))) (nat1) = qexp (nat1) (nat2) (nat1)
nat2 : nat
nat3 : nat
IH1 : forall (nat1:nat), mult (qexp (nat1) (nat3) (SUCC (ZERO))) (nat1) = qexp (nat1) (nat3) (nat1)
Inductive1 : nat2 = SUCC (nat3)
nat1 : nat
Base1 : nat1 = ZERO
---------------------------------------
mult (mult (qexp (ZERO) (nat3) (SUCC (ZERO))) (ZERO)) (ZERO) = mult (qexp (ZERO) (nat3) (SUCC (ZERO))) (ZERO)

1 goal(s) more...

1 conjecture(s) more...
=================================================
Progress: 71


1st goal of : forall (nat1:nat) (nat2:nat), mult (qexp (nat1) (nat2) (SUCC (ZERO))) (nat1) = qexp (nat1) (nat2) (nat1)
nat2 : nat
nat3 : nat
IH1 : forall (nat1:nat), mult (qexp (nat1) (nat3) (SUCC (ZERO))) (nat1) = qexp (nat1) (nat3) (nat1)
Inductive1 : nat2 = SUCC (nat3)
nat1 : nat
Base1 : nat1 = ZERO
---------------------------------------
mult (mult (qexp (ZERO) (nat3) (SUCC (ZERO))) (ZERO)) (ZERO) = mult (qexp (ZERO) (nat3) (SUCC (ZERO))) (ZERO)

1 goal(s) more...

1 conjecture(s) more...
>>> assert forall (arg7:nat), mult (arg7) (ZERO) = arg7(rank : 0)


1st goal of : forall (nat1:nat), mult (nat1) (ZERO) = nat1

---------------------------------------
forall (nat1:nat), mult (nat1) (ZERO) = nat1

0 goal(s) more...

2 conjecture(s) more...
Tactic List : 1
induction nat1(rank:8)
=================================================
Progress: 72


1st goal of : forall (nat1:nat), mult (nat1) (ZERO) = nat1

---------------------------------------
forall (nat1:nat), mult (nat1) (ZERO) = nat1

0 goal(s) more...

2 conjecture(s) more...
>>> induction nat1(rank : 8)


1st goal of : forall (nat1:nat), mult (nat1) (ZERO) = nat1
nat1 : nat
Base1 : nat1 = ZERO
---------------------------------------
mult (ZERO) (ZERO) = ZERO

1 goal(s) more...

2 conjecture(s) more...
Tactic List : 1
reflexivity(rank:7)
=================================================
Progress: 73


1st goal of : forall (nat1:nat), mult (nat1) (ZERO) = nat1
nat1 : nat
Base1 : nat1 = ZERO
---------------------------------------
mult (ZERO) (ZERO) = ZERO

1 goal(s) more...

2 conjecture(s) more...
>>> reflexivity(rank : 7)


1st goal of : forall (nat1:nat), mult (nat1) (ZERO) = nat1
nat1 : nat
nat2 : nat
IH1 : mult (nat2) (ZERO) = nat2
Inductive1 : nat1 = SUCC (nat2)
---------------------------------------
mult (SUCC (nat2)) (ZERO) = SUCC (nat2)

0 goal(s) more...

2 conjecture(s) more...
Deduplication: 0
Tactic List : 1
simpl in goal(rank:7)
=================================================
Progress: 74


1st goal of : forall (nat1:nat), mult (nat1) (ZERO) = nat1
nat1 : nat
nat2 : nat
IH1 : mult (nat2) (ZERO) = nat2
Inductive1 : nat1 = SUCC (nat2)
---------------------------------------
mult (SUCC (nat2)) (ZERO) = SUCC (nat2)

0 goal(s) more...

2 conjecture(s) more...
>>> simpl in goal(rank : 7)


1st goal of : forall (nat1:nat), mult (nat1) (ZERO) = nat1
nat1 : nat
nat2 : nat
IH1 : mult (nat2) (ZERO) = nat2
Inductive1 : nat1 = SUCC (nat2)
---------------------------------------
plus (mult (nat2) (ZERO)) (ZERO) = SUCC (nat2)

0 goal(s) more...

2 conjecture(s) more...
Tactic List : 1
rewrite IH1 in goal at 0(rank:7)
=================================================
Progress: 75


1st goal of : forall (nat1:nat), mult (nat1) (ZERO) = nat1
nat1 : nat
nat2 : nat
IH1 : mult (nat2) (ZERO) = nat2
Inductive1 : nat1 = SUCC (nat2)
---------------------------------------
plus (mult (nat2) (ZERO)) (ZERO) = SUCC (nat2)

0 goal(s) more...

2 conjecture(s) more...
>>> rewrite IH1 in goal at 0(rank : 7)


1st goal of : forall (nat1:nat), mult (nat1) (ZERO) = nat1
nat1 : nat
nat2 : nat
IH1 : mult (nat2) (ZERO) = nat2
Inductive1 : nat1 = SUCC (nat2)
---------------------------------------
plus (nat2) (ZERO) = SUCC (nat2)

0 goal(s) more...

2 conjecture(s) more...
Tactic List : 0
previous tactics
simpl in goal
rewrite IH1 in goal at 0
advanced_generalize done
Lemma : forall (nat2:nat), plus (nat2) (ZERO) = SUCC (nat2)
Model : nat2: ZERO
Model : nat2: ZERO
Model : nat2: ZERO
Substituting variables...
Simplifying conditions and property...
Simplifying took 0.000024 seconds
Result : false
File "_none_", lines 88-90, characters 2-22:
Warning 8 [partial-match]: this pattern-matching is not exhaustive.
Here is an example of a case that is not matched:
[]

File "_none_", lines 88-90, characters 2-22:
Warning 8 [partial-match]: this pattern-matching is not exhaustive.
Here is an example of a case that is not matched:
[]
Fatal error: exception Failure("worklist is empty")
Raised at Stdlib.failwith in file "stdlib.ml", line 29, characters 17-33
Called from Dilemma__Engine.proof_auto in file "lib/engine.ml", line 196, characters 8-69
Called from Dune__exe__Main.main in file "bin/main.ml", line 24, characters 12-79
