Enter the definition file path (1/2) : 
> Enter the definition file path (2/2) : 
> Choose the proof type :
1) Interactive Mode 	 2) Auto Mode
Enter the goal : =================================================
Progress: 1


No conjecture
>>> assert forall (x:any list), even (len ((x @ x))) = true(rank : 0)


1st goal of : forall (any_list1:any list), even (len ((any_list1 @ any_list1))) = true

---------------------------------------
forall (any_list1:any list), even (len ((any_list1 @ any_list1))) = true

0 goal(s) more...

0 conjecture(s) more...
Tactic List : 1
induction any_list1(rank:4)
=================================================
Progress: 2


1st goal of : forall (any_list1:any list), even (len ((any_list1 @ any_list1))) = true

---------------------------------------
forall (any_list1:any list), even (len ((any_list1 @ any_list1))) = true

0 goal(s) more...

0 conjecture(s) more...
>>> induction any_list1(rank : 4)


1st goal of : forall (any_list1:any list), even (len ((any_list1 @ any_list1))) = true
any_list1 : any list
Base1 : any_list1 = (Nil)
---------------------------------------
even (len (((Nil) @ (Nil)))) = true

1 goal(s) more...

0 conjecture(s) more...
Dilemma timed out for benchmark clam with problem 20.File "_none_", lines 81-83, characters 2-22:
Warning 8 [partial-match]: this pattern-matching is not exhaustive.
Here is an example of a case that is not matched:
[]

File "_none_", lines 81-83, characters 2-22:
Warning 8 [partial-match]: this pattern-matching is not exhaustive.
Here is an example of a case that is not matched:
[]
