Enter the definition file path (1/2) : 
> Enter the definition file path (2/2) : 
> Choose the proof type :
1) Interactive Mode 	 2) Auto Mode
Enter the goal : =================================================
Progress: 1


No conjecture
>>> assert forall (x:nat), even (plus (x) (x)) = true(rank : 0)


1st goal of : forall (nat1:nat), even (plus (nat1) (nat1)) = true

---------------------------------------
forall (nat1:nat), even (plus (nat1) (nat1)) = true

0 goal(s) more...

0 conjecture(s) more...
Tactic List : 1
induction nat1(rank:4)
=================================================
Progress: 2


1st goal of : forall (nat1:nat), even (plus (nat1) (nat1)) = true

---------------------------------------
forall (nat1:nat), even (plus (nat1) (nat1)) = true

0 goal(s) more...

0 conjecture(s) more...
>>> induction nat1(rank : 4)


1st goal of : forall (nat1:nat), even (plus (nat1) (nat1)) = true
nat1 : nat
Base1 : nat1 = ZERO
---------------------------------------
even (plus (ZERO) (ZERO)) = true

1 goal(s) more...

0 conjecture(s) more...
Dilemma timed out for benchmark clam with problem 16.File "_none_", lines 81-83, characters 2-22:
Warning 8 [partial-match]: this pattern-matching is not exhaustive.
Here is an example of a case that is not matched:
[]

File "_none_", lines 81-83, characters 2-22:
Warning 8 [partial-match]: this pattern-matching is not exhaustive.
Here is an example of a case that is not matched:
[]
