Enter the definition file path (1/2) : 
> Enter the definition file path (2/2) : 
> Choose the proof type :
1) Interactive Mode 	 2) Auto Mode
Enter the goal : =================================================
Progress: 1


No conjecture
>>> assert forall (x:any list), rotate (len (x)) (x) = x(rank : 0)


1st goal of : forall (any_list1:any list), rotate (len (any_list1)) (any_list1) = any_list1

---------------------------------------
forall (any_list1:any list), rotate (len (any_list1)) (any_list1) = any_list1

0 goal(s) more...

0 conjecture(s) more...
Tactic List : 1
induction any_list1(rank:4)
=================================================
Progress: 2


1st goal of : forall (any_list1:any list), rotate (len (any_list1)) (any_list1) = any_list1

---------------------------------------
forall (any_list1:any list), rotate (len (any_list1)) (any_list1) = any_list1

0 goal(s) more...

0 conjecture(s) more...
>>> induction any_list1(rank : 4)


1st goal of : forall (any_list1:any list), rotate (len (any_list1)) (any_list1) = any_list1
any_list1 : any list
Base1 : any_list1 = (Nil)
---------------------------------------
rotate (len ((Nil))) ((Nil)) = (Nil)

1 goal(s) more...

0 conjecture(s) more...
Tactic List : 1
reflexivity(rank:3)
=================================================
Progress: 3


1st goal of : forall (any_list1:any list), rotate (len (any_list1)) (any_list1) = any_list1
any_list1 : any list
Base1 : any_list1 = (Nil)
---------------------------------------
rotate (len ((Nil))) ((Nil)) = (Nil)

1 goal(s) more...

0 conjecture(s) more...
>>> reflexivity(rank : 3)


1st goal of : forall (any_list1:any list), rotate (len (any_list1)) (any_list1) = any_list1
any_list1 : any list
any1 : any
any_list2 : any list
IH1 : rotate (len (any_list2)) (any_list2) = any_list2
Inductive1 : any_list1 = (any1::any_list2)
---------------------------------------
rotate (len ((any1::any_list2))) ((any1::any_list2)) = (any1::any_list2)

0 goal(s) more...

0 conjecture(s) more...
Deduplication: 0
Dilemma timed out for benchmark clam with problem 32.File "_none_", lines 81-83, characters 2-22:
Warning 8 [partial-match]: this pattern-matching is not exhaustive.
Here is an example of a case that is not matched:
[]

File "_none_", lines 81-83, characters 2-22:
Warning 8 [partial-match]: this pattern-matching is not exhaustive.
Here is an example of a case that is not matched:
[]
