Enter the definition file path (1/2) : 
> Enter the definition file path (2/2) : 
> Choose the proof type :
1) Interactive Mode 	 2) Auto Mode
Enter the goal : =================================================
Progress: 1


No conjecture
>>> assert forall (x:nat) (y:nat) (z:nat), mult (exp (x) (y)) (z) = qexp (x) (y) (z)(rank : 0)


1st goal of : forall (nat1:nat) (nat2:nat) (nat3:nat), mult (exp (nat1) (nat2)) (nat3) = qexp (nat1) (nat2) (nat3)

---------------------------------------
forall (nat1:nat) (nat2:nat) (nat3:nat), mult (exp (nat1) (nat2)) (nat3) = qexp (nat1) (nat2) (nat3)

0 goal(s) more...

0 conjecture(s) more...
Tactic List : 1
induction nat2(rank:4)
=================================================
Progress: 2


1st goal of : forall (nat1:nat) (nat2:nat) (nat3:nat), mult (exp (nat1) (nat2)) (nat3) = qexp (nat1) (nat2) (nat3)

---------------------------------------
forall (nat1:nat) (nat2:nat) (nat3:nat), mult (exp (nat1) (nat2)) (nat3) = qexp (nat1) (nat2) (nat3)

0 goal(s) more...

0 conjecture(s) more...
>>> induction nat2(rank : 4)


1st goal of : forall (nat1:nat) (nat2:nat) (nat3:nat), mult (exp (nat1) (nat2)) (nat3) = qexp (nat1) (nat2) (nat3)
nat2 : nat
Base1 : nat2 = ZERO
---------------------------------------
forall (nat1:nat) (nat3:nat), mult (exp (nat1) (ZERO)) (nat3) = qexp (nat1) (ZERO) (nat3)

1 goal(s) more...

0 conjecture(s) more...
Tactic List : 1
reflexivity(rank:3)
=================================================
Progress: 3


1st goal of : forall (nat1:nat) (nat2:nat) (nat3:nat), mult (exp (nat1) (nat2)) (nat3) = qexp (nat1) (nat2) (nat3)
nat2 : nat
Base1 : nat2 = ZERO
---------------------------------------
forall (nat1:nat) (nat3:nat), mult (exp (nat1) (ZERO)) (nat3) = qexp (nat1) (ZERO) (nat3)

1 goal(s) more...

0 conjecture(s) more...
>>> reflexivity(rank : 3)


1st goal of : forall (nat1:nat) (nat2:nat) (nat3:nat), mult (exp (nat1) (nat2)) (nat3) = qexp (nat1) (nat2) (nat3)
nat2 : nat
nat4 : nat
IH1 : forall (nat1:nat) (nat3:nat), mult (exp (nat1) (nat4)) (nat3) = qexp (nat1) (nat4) (nat3)
Inductive1 : nat2 = SUCC (nat4)
---------------------------------------
forall (nat1:nat) (nat3:nat), mult (exp (nat1) (SUCC (nat4))) (nat3) = qexp (nat1) (SUCC (nat4)) (nat3)

0 goal(s) more...

0 conjecture(s) more...
Deduplication: 0
Tactic List : 1
simpl in goal(rank:3)
=================================================
Progress: 4


1st goal of : forall (nat1:nat) (nat2:nat) (nat3:nat), mult (exp (nat1) (nat2)) (nat3) = qexp (nat1) (nat2) (nat3)
nat2 : nat
nat4 : nat
IH1 : forall (nat1:nat) (nat3:nat), mult (exp (nat1) (nat4)) (nat3) = qexp (nat1) (nat4) (nat3)
Inductive1 : nat2 = SUCC (nat4)
---------------------------------------
forall (nat1:nat) (nat3:nat), mult (exp (nat1) (SUCC (nat4))) (nat3) = qexp (nat1) (SUCC (nat4)) (nat3)

0 goal(s) more...

0 conjecture(s) more...
>>> simpl in goal(rank : 3)


1st goal of : forall (nat1:nat) (nat2:nat) (nat3:nat), mult (exp (nat1) (nat2)) (nat3) = qexp (nat1) (nat2) (nat3)
nat2 : nat
nat4 : nat
IH1 : forall (nat1:nat) (nat3:nat), mult (exp (nat1) (nat4)) (nat3) = qexp (nat1) (nat4) (nat3)
Inductive1 : nat2 = SUCC (nat4)
---------------------------------------
forall (nat1:nat) (nat3:nat), mult (mult (exp (nat1) (nat4)) (nat1)) (nat3) = qexp (nat1) (nat4) (mult (nat3) (nat1))

0 goal(s) more...

0 conjecture(s) more...
Tactic List : 1
induction nat3(rank:4)
=================================================
Progress: 5


1st goal of : forall (nat1:nat) (nat2:nat) (nat3:nat), mult (exp (nat1) (nat2)) (nat3) = qexp (nat1) (nat2) (nat3)
nat2 : nat
nat4 : nat
IH1 : forall (nat1:nat) (nat3:nat), mult (exp (nat1) (nat4)) (nat3) = qexp (nat1) (nat4) (nat3)
Inductive1 : nat2 = SUCC (nat4)
---------------------------------------
forall (nat1:nat) (nat3:nat), mult (mult (exp (nat1) (nat4)) (nat1)) (nat3) = qexp (nat1) (nat4) (mult (nat3) (nat1))

0 goal(s) more...

0 conjecture(s) more...
>>> induction nat3(rank : 4)


1st goal of : forall (nat1:nat) (nat2:nat) (nat3:nat), mult (exp (nat1) (nat2)) (nat3) = qexp (nat1) (nat2) (nat3)
nat2 : nat
nat4 : nat
IH1 : forall (nat1:nat) (nat3:nat), mult (exp (nat1) (nat4)) (nat3) = qexp (nat1) (nat4) (nat3)
Inductive1 : nat2 = SUCC (nat4)
nat3 : nat
Base1 : nat3 = ZERO
---------------------------------------
forall (nat1:nat), mult (mult (exp (nat1) (nat4)) (nat1)) (ZERO) = qexp (nat1) (nat4) (mult (ZERO) (nat1))

1 goal(s) more...

0 conjecture(s) more...
Tactic List : 1
simpl in goal(rank:4)
=================================================
Progress: 6


1st goal of : forall (nat1:nat) (nat2:nat) (nat3:nat), mult (exp (nat1) (nat2)) (nat3) = qexp (nat1) (nat2) (nat3)
nat2 : nat
nat4 : nat
IH1 : forall (nat1:nat) (nat3:nat), mult (exp (nat1) (nat4)) (nat3) = qexp (nat1) (nat4) (nat3)
Inductive1 : nat2 = SUCC (nat4)
nat3 : nat
Base1 : nat3 = ZERO
---------------------------------------
forall (nat1:nat), mult (mult (exp (nat1) (nat4)) (nat1)) (ZERO) = qexp (nat1) (nat4) (mult (ZERO) (nat1))

1 goal(s) more...

0 conjecture(s) more...
>>> simpl in goal(rank : 4)


1st goal of : forall (nat1:nat) (nat2:nat) (nat3:nat), mult (exp (nat1) (nat2)) (nat3) = qexp (nat1) (nat2) (nat3)
nat2 : nat
nat4 : nat
IH1 : forall (nat1:nat) (nat3:nat), mult (exp (nat1) (nat4)) (nat3) = qexp (nat1) (nat4) (nat3)
Inductive1 : nat2 = SUCC (nat4)
nat3 : nat
Base1 : nat3 = ZERO
---------------------------------------
forall (nat1:nat), mult (mult (exp (nat1) (nat4)) (nat1)) (ZERO) = qexp (nat1) (nat4) (ZERO)

1 goal(s) more...

0 conjecture(s) more...
Tactic List : 3
intro nat1(rank:4)
rewrite IH1 in goal at 0(rank:12)
rewrite <- IH1 in goal at 0(rank:12)
=================================================
Progress: 7


1st goal of : forall (nat1:nat) (nat2:nat) (nat3:nat), mult (exp (nat1) (nat2)) (nat3) = qexp (nat1) (nat2) (nat3)
nat2 : nat
nat4 : nat
IH1 : forall (nat1:nat) (nat3:nat), mult (exp (nat1) (nat4)) (nat3) = qexp (nat1) (nat4) (nat3)
Inductive1 : nat2 = SUCC (nat4)
nat3 : nat
Base1 : nat3 = ZERO
---------------------------------------
forall (nat1:nat), mult (mult (exp (nat1) (nat4)) (nat1)) (ZERO) = qexp (nat1) (nat4) (ZERO)

1 goal(s) more...

0 conjecture(s) more...
>>> intro nat1(rank : 4)


1st goal of : forall (nat1:nat) (nat2:nat) (nat3:nat), mult (exp (nat1) (nat2)) (nat3) = qexp (nat1) (nat2) (nat3)
nat2 : nat
nat4 : nat
IH1 : forall (nat1:nat) (nat3:nat), mult (exp (nat1) (nat4)) (nat3) = qexp (nat1) (nat4) (nat3)
Inductive1 : nat2 = SUCC (nat4)
nat3 : nat
Base1 : nat3 = ZERO
nat1 : nat
---------------------------------------
mult (mult (exp (nat1) (nat4)) (nat1)) (ZERO) = qexp (nat1) (nat4) (ZERO)

1 goal(s) more...

0 conjecture(s) more...
Tactic List : 2
rewrite IH1 in goal at 0(rank:12)
rewrite <- IH1 in goal at 0(rank:12)
=================================================
Progress: 8


1st goal of : forall (nat1:nat) (nat2:nat) (nat3:nat), mult (exp (nat1) (nat2)) (nat3) = qexp (nat1) (nat2) (nat3)
nat2 : nat
nat4 : nat
IH1 : forall (nat1:nat) (nat3:nat), mult (exp (nat1) (nat4)) (nat3) = qexp (nat1) (nat4) (nat3)
Inductive1 : nat2 = SUCC (nat4)
nat3 : nat
Base1 : nat3 = ZERO
---------------------------------------
forall (nat1:nat), mult (mult (exp (nat1) (nat4)) (nat1)) (ZERO) = qexp (nat1) (nat4) (ZERO)

1 goal(s) more...

0 conjecture(s) more...
>>> rewrite IH1 in goal at 0(rank : 12)


1st goal of : forall (nat1:nat) (nat2:nat) (nat3:nat), mult (exp (nat1) (nat2)) (nat3) = qexp (nat1) (nat2) (nat3)
nat2 : nat
nat4 : nat
IH1 : forall (nat1:nat) (nat3:nat), mult (exp (nat1) (nat4)) (nat3) = qexp (nat1) (nat4) (nat3)
Inductive1 : nat2 = SUCC (nat4)
nat3 : nat
Base1 : nat3 = ZERO
---------------------------------------
forall (nat1:nat), mult (qexp (nat1) (nat4) (nat1)) (ZERO) = qexp (nat1) (nat4) (ZERO)

1 goal(s) more...

0 conjecture(s) more...
Tactic List : 1
rewrite <- IH1 in goal at 2(rank:4)
=================================================
Progress: 9


1st goal of : forall (nat1:nat) (nat2:nat) (nat3:nat), mult (exp (nat1) (nat2)) (nat3) = qexp (nat1) (nat2) (nat3)
nat2 : nat
nat4 : nat
IH1 : forall (nat1:nat) (nat3:nat), mult (exp (nat1) (nat4)) (nat3) = qexp (nat1) (nat4) (nat3)
Inductive1 : nat2 = SUCC (nat4)
nat3 : nat
Base1 : nat3 = ZERO
---------------------------------------
forall (nat1:nat), mult (qexp (nat1) (nat4) (nat1)) (ZERO) = qexp (nat1) (nat4) (ZERO)

1 goal(s) more...

0 conjecture(s) more...
>>> rewrite <- IH1 in goal at 2(rank : 4)


1st goal of : forall (nat1:nat) (nat2:nat) (nat3:nat), mult (exp (nat1) (nat2)) (nat3) = qexp (nat1) (nat2) (nat3)
nat2 : nat
nat4 : nat
IH1 : forall (nat1:nat) (nat3:nat), mult (exp (nat1) (nat4)) (nat3) = qexp (nat1) (nat4) (nat3)
Inductive1 : nat2 = SUCC (nat4)
nat3 : nat
Base1 : nat3 = ZERO
---------------------------------------
forall (nat1:nat), mult (qexp (nat1) (nat4) (nat1)) (ZERO) = mult (exp (nat1) (nat4)) (ZERO)

1 goal(s) more...

0 conjecture(s) more...
Tactic List : 1
intro nat1(rank:4)
=================================================
Progress: 10


1st goal of : forall (nat1:nat) (nat2:nat) (nat3:nat), mult (exp (nat1) (nat2)) (nat3) = qexp (nat1) (nat2) (nat3)
nat2 : nat
nat4 : nat
IH1 : forall (nat1:nat) (nat3:nat), mult (exp (nat1) (nat4)) (nat3) = qexp (nat1) (nat4) (nat3)
Inductive1 : nat2 = SUCC (nat4)
nat3 : nat
Base1 : nat3 = ZERO
---------------------------------------
forall (nat1:nat), mult (qexp (nat1) (nat4) (nat1)) (ZERO) = mult (exp (nat1) (nat4)) (ZERO)

1 goal(s) more...

0 conjecture(s) more...
>>> intro nat1(rank : 4)


1st goal of : forall (nat1:nat) (nat2:nat) (nat3:nat), mult (exp (nat1) (nat2)) (nat3) = qexp (nat1) (nat2) (nat3)
nat2 : nat
nat4 : nat
IH1 : forall (nat1:nat) (nat3:nat), mult (exp (nat1) (nat4)) (nat3) = qexp (nat1) (nat4) (nat3)
Inductive1 : nat2 = SUCC (nat4)
nat3 : nat
Base1 : nat3 = ZERO
nat1 : nat
---------------------------------------
mult (qexp (nat1) (nat4) (nat1)) (ZERO) = mult (exp (nat1) (nat4)) (ZERO)

1 goal(s) more...

0 conjecture(s) more...
Tactic List : 0
previous tactics
simpl in goal
rewrite IH1 in goal at 0
rewrite <- IH1 in goal at 2
intro nat1
New Env

;;
Lemma List
forall (nat1:nat) (nat4:nat), mult (qexp (nat1) (nat4) (nat1)) (ZERO) = mult (exp (nat1) (nat4)) (ZERO)
End of Lemma List


1st goal of : forall (nat1:nat) (nat2:nat) (nat3:nat), mult (exp (nat1) (nat2)) (nat3) = qexp (nat1) (nat2) (nat3)
nat2 : nat
nat4 : nat
IH1 : forall (nat1:nat) (nat3:nat), mult (exp (nat1) (nat4)) (nat3) = qexp (nat1) (nat4) (nat3)
Inductive1 : nat2 = SUCC (nat4)
nat3 : nat
Base1 : nat3 = ZERO
nat1 : nat
---------------------------------------
mult (qexp (nat1) (nat4) (nat1)) (ZERO) = mult (exp (nat1) (nat4)) (ZERO)

1 goal(s) more...

0 conjecture(s) more...
=================================================
Progress: 11


1st goal of : forall (nat1:nat) (nat2:nat) (nat3:nat), mult (exp (nat1) (nat2)) (nat3) = qexp (nat1) (nat2) (nat3)
nat2 : nat
nat4 : nat
IH1 : forall (nat1:nat) (nat3:nat), mult (exp (nat1) (nat4)) (nat3) = qexp (nat1) (nat4) (nat3)
Inductive1 : nat2 = SUCC (nat4)
nat3 : nat
Base1 : nat3 = ZERO
nat1 : nat
---------------------------------------
mult (qexp (nat1) (nat4) (nat1)) (ZERO) = mult (exp (nat1) (nat4)) (ZERO)

1 goal(s) more...

0 conjecture(s) more...
>>> assert forall (nat1:nat) (nat4:nat), mult (qexp (nat1) (nat4) (nat1)) (ZERO) = mult (exp (nat1) (nat4)) (ZERO)(rank : 0)


1st goal of : forall (nat1:nat) (nat2:nat), mult (qexp (nat1) (nat2) (nat1)) (ZERO) = mult (exp (nat1) (nat2)) (ZERO)

---------------------------------------
forall (nat1:nat) (nat2:nat), mult (qexp (nat1) (nat2) (nat1)) (ZERO) = mult (exp (nat1) (nat2)) (ZERO)

0 goal(s) more...

1 conjecture(s) more...
Tactic List : 1
induction nat2(rank:6)
=================================================
Progress: 12


1st goal of : forall (nat1:nat) (nat2:nat), mult (qexp (nat1) (nat2) (nat1)) (ZERO) = mult (exp (nat1) (nat2)) (ZERO)

---------------------------------------
forall (nat1:nat) (nat2:nat), mult (qexp (nat1) (nat2) (nat1)) (ZERO) = mult (exp (nat1) (nat2)) (ZERO)

0 goal(s) more...

1 conjecture(s) more...
>>> induction nat2(rank : 6)


1st goal of : forall (nat1:nat) (nat2:nat), mult (qexp (nat1) (nat2) (nat1)) (ZERO) = mult (exp (nat1) (nat2)) (ZERO)
nat2 : nat
Base1 : nat2 = ZERO
---------------------------------------
forall (nat1:nat), mult (qexp (nat1) (ZERO) (nat1)) (ZERO) = mult (exp (nat1) (ZERO)) (ZERO)

1 goal(s) more...

1 conjecture(s) more...
Tactic List : 1
simpl in goal(rank:6)
=================================================
Progress: 13


1st goal of : forall (nat1:nat) (nat2:nat), mult (qexp (nat1) (nat2) (nat1)) (ZERO) = mult (exp (nat1) (nat2)) (ZERO)
nat2 : nat
Base1 : nat2 = ZERO
---------------------------------------
forall (nat1:nat), mult (qexp (nat1) (ZERO) (nat1)) (ZERO) = mult (exp (nat1) (ZERO)) (ZERO)

1 goal(s) more...

1 conjecture(s) more...
>>> simpl in goal(rank : 6)


1st goal of : forall (nat1:nat) (nat2:nat), mult (qexp (nat1) (nat2) (nat1)) (ZERO) = mult (exp (nat1) (nat2)) (ZERO)
nat2 : nat
Base1 : nat2 = ZERO
---------------------------------------
forall (nat1:nat), mult (nat1) (ZERO) = ZERO

1 goal(s) more...

1 conjecture(s) more...
Tactic List : 1
induction nat1(rank:7)
=================================================
Progress: 14


1st goal of : forall (nat1:nat) (nat2:nat), mult (qexp (nat1) (nat2) (nat1)) (ZERO) = mult (exp (nat1) (nat2)) (ZERO)
nat2 : nat
Base1 : nat2 = ZERO
---------------------------------------
forall (nat1:nat), mult (nat1) (ZERO) = ZERO

1 goal(s) more...

1 conjecture(s) more...
>>> induction nat1(rank : 7)


1st goal of : forall (nat1:nat) (nat2:nat), mult (qexp (nat1) (nat2) (nat1)) (ZERO) = mult (exp (nat1) (nat2)) (ZERO)
nat2 : nat
Base1 : nat2 = ZERO
nat1 : nat
Base2 : nat1 = ZERO
---------------------------------------
mult (ZERO) (ZERO) = ZERO

2 goal(s) more...

1 conjecture(s) more...
Tactic List : 1
reflexivity(rank:6)
=================================================
Progress: 15


1st goal of : forall (nat1:nat) (nat2:nat), mult (qexp (nat1) (nat2) (nat1)) (ZERO) = mult (exp (nat1) (nat2)) (ZERO)
nat2 : nat
Base1 : nat2 = ZERO
nat1 : nat
Base2 : nat1 = ZERO
---------------------------------------
mult (ZERO) (ZERO) = ZERO

2 goal(s) more...

1 conjecture(s) more...
>>> reflexivity(rank : 6)


1st goal of : forall (nat1:nat) (nat2:nat), mult (qexp (nat1) (nat2) (nat1)) (ZERO) = mult (exp (nat1) (nat2)) (ZERO)
nat2 : nat
Base1 : nat2 = ZERO
nat1 : nat
nat3 : nat
IH1 : mult (nat3) (ZERO) = ZERO
Inductive1 : nat1 = SUCC (nat3)
---------------------------------------
mult (SUCC (nat3)) (ZERO) = ZERO

1 goal(s) more...

1 conjecture(s) more...
Deduplication: 0
Tactic List : 1
simpl in goal(rank:6)
=================================================
Progress: 16


1st goal of : forall (nat1:nat) (nat2:nat), mult (qexp (nat1) (nat2) (nat1)) (ZERO) = mult (exp (nat1) (nat2)) (ZERO)
nat2 : nat
Base1 : nat2 = ZERO
nat1 : nat
nat3 : nat
IH1 : mult (nat3) (ZERO) = ZERO
Inductive1 : nat1 = SUCC (nat3)
---------------------------------------
mult (SUCC (nat3)) (ZERO) = ZERO

1 goal(s) more...

1 conjecture(s) more...
>>> simpl in goal(rank : 6)


1st goal of : forall (nat1:nat) (nat2:nat), mult (qexp (nat1) (nat2) (nat1)) (ZERO) = mult (exp (nat1) (nat2)) (ZERO)
nat2 : nat
Base1 : nat2 = ZERO
nat1 : nat
nat3 : nat
IH1 : mult (nat3) (ZERO) = ZERO
Inductive1 : nat1 = SUCC (nat3)
---------------------------------------
plus (mult (nat3) (ZERO)) (ZERO) = ZERO

1 goal(s) more...

1 conjecture(s) more...
Tactic List : 1
rewrite IH1 in goal at 0(rank:6)
=================================================
Progress: 17


1st goal of : forall (nat1:nat) (nat2:nat), mult (qexp (nat1) (nat2) (nat1)) (ZERO) = mult (exp (nat1) (nat2)) (ZERO)
nat2 : nat
Base1 : nat2 = ZERO
nat1 : nat
nat3 : nat
IH1 : mult (nat3) (ZERO) = ZERO
Inductive1 : nat1 = SUCC (nat3)
---------------------------------------
plus (mult (nat3) (ZERO)) (ZERO) = ZERO

1 goal(s) more...

1 conjecture(s) more...
>>> rewrite IH1 in goal at 0(rank : 6)


1st goal of : forall (nat1:nat) (nat2:nat), mult (qexp (nat1) (nat2) (nat1)) (ZERO) = mult (exp (nat1) (nat2)) (ZERO)
nat2 : nat
Base1 : nat2 = ZERO
nat1 : nat
nat3 : nat
IH1 : mult (nat3) (ZERO) = ZERO
Inductive1 : nat1 = SUCC (nat3)
---------------------------------------
plus (ZERO) (ZERO) = ZERO

1 goal(s) more...

1 conjecture(s) more...
Tactic List : 1
reflexivity(rank:5)
=================================================
Progress: 18


1st goal of : forall (nat1:nat) (nat2:nat), mult (qexp (nat1) (nat2) (nat1)) (ZERO) = mult (exp (nat1) (nat2)) (ZERO)
nat2 : nat
Base1 : nat2 = ZERO
nat1 : nat
nat3 : nat
IH1 : mult (nat3) (ZERO) = ZERO
Inductive1 : nat1 = SUCC (nat3)
---------------------------------------
plus (ZERO) (ZERO) = ZERO

1 goal(s) more...

1 conjecture(s) more...
>>> reflexivity(rank : 5)


1st goal of : forall (nat1:nat) (nat2:nat), mult (qexp (nat1) (nat2) (nat1)) (ZERO) = mult (exp (nat1) (nat2)) (ZERO)
nat2 : nat
nat3 : nat
IH1 : forall (nat1:nat), mult (qexp (nat1) (nat3) (nat1)) (ZERO) = mult (exp (nat1) (nat3)) (ZERO)
Inductive1 : nat2 = SUCC (nat3)
---------------------------------------
forall (nat1:nat), mult (qexp (nat1) (SUCC (nat3)) (nat1)) (ZERO) = mult (exp (nat1) (SUCC (nat3))) (ZERO)

0 goal(s) more...

1 conjecture(s) more...
Deduplication: 0
Tactic List : 1
simpl in goal(rank:5)
=================================================
Progress: 19


1st goal of : forall (nat1:nat) (nat2:nat), mult (qexp (nat1) (nat2) (nat1)) (ZERO) = mult (exp (nat1) (nat2)) (ZERO)
nat2 : nat
nat3 : nat
IH1 : forall (nat1:nat), mult (qexp (nat1) (nat3) (nat1)) (ZERO) = mult (exp (nat1) (nat3)) (ZERO)
Inductive1 : nat2 = SUCC (nat3)
---------------------------------------
forall (nat1:nat), mult (qexp (nat1) (SUCC (nat3)) (nat1)) (ZERO) = mult (exp (nat1) (SUCC (nat3))) (ZERO)

0 goal(s) more...

1 conjecture(s) more...
>>> simpl in goal(rank : 5)


1st goal of : forall (nat1:nat) (nat2:nat), mult (qexp (nat1) (nat2) (nat1)) (ZERO) = mult (exp (nat1) (nat2)) (ZERO)
nat2 : nat
nat3 : nat
IH1 : forall (nat1:nat), mult (qexp (nat1) (nat3) (nat1)) (ZERO) = mult (exp (nat1) (nat3)) (ZERO)
Inductive1 : nat2 = SUCC (nat3)
---------------------------------------
forall (nat1:nat), mult (qexp (nat1) (nat3) (mult (nat1) (nat1))) (ZERO) = mult (mult (exp (nat1) (nat3)) (nat1)) (ZERO)

0 goal(s) more...

1 conjecture(s) more...
Tactic List : 1
intro nat1(rank:5)
=================================================
Progress: 20


1st goal of : forall (nat1:nat) (nat2:nat), mult (qexp (nat1) (nat2) (nat1)) (ZERO) = mult (exp (nat1) (nat2)) (ZERO)
nat2 : nat
nat3 : nat
IH1 : forall (nat1:nat), mult (qexp (nat1) (nat3) (nat1)) (ZERO) = mult (exp (nat1) (nat3)) (ZERO)
Inductive1 : nat2 = SUCC (nat3)
---------------------------------------
forall (nat1:nat), mult (qexp (nat1) (nat3) (mult (nat1) (nat1))) (ZERO) = mult (mult (exp (nat1) (nat3)) (nat1)) (ZERO)

0 goal(s) more...

1 conjecture(s) more...
>>> intro nat1(rank : 5)


1st goal of : forall (nat1:nat) (nat2:nat), mult (qexp (nat1) (nat2) (nat1)) (ZERO) = mult (exp (nat1) (nat2)) (ZERO)
nat2 : nat
nat3 : nat
IH1 : forall (nat1:nat), mult (qexp (nat1) (nat3) (nat1)) (ZERO) = mult (exp (nat1) (nat3)) (ZERO)
Inductive1 : nat2 = SUCC (nat3)
nat1 : nat
---------------------------------------
mult (qexp (nat1) (nat3) (mult (nat1) (nat1))) (ZERO) = mult (mult (exp (nat1) (nat3)) (nat1)) (ZERO)

0 goal(s) more...

1 conjecture(s) more...
Tactic List : 0
previous tactics
simpl in goal
rewrite IH1 in goal at 0
reflexivity
simpl in goal
intro nat1
New Env

;;
Lemma List
forall (nat1:nat) (nat3:nat), mult (qexp (nat1) (nat3) (mult (nat1) (nat1))) (ZERO) = mult (mult (exp (nat1) (nat3)) (nat1)) (ZERO)
End of Lemma List


1st goal of : forall (nat1:nat) (nat2:nat), mult (qexp (nat1) (nat2) (nat1)) (ZERO) = mult (exp (nat1) (nat2)) (ZERO)
nat2 : nat
nat3 : nat
IH1 : forall (nat1:nat), mult (qexp (nat1) (nat3) (nat1)) (ZERO) = mult (exp (nat1) (nat3)) (ZERO)
Inductive1 : nat2 = SUCC (nat3)
nat1 : nat
---------------------------------------
mult (qexp (nat1) (nat3) (mult (nat1) (nat1))) (ZERO) = mult (mult (exp (nat1) (nat3)) (nat1)) (ZERO)

0 goal(s) more...

1 conjecture(s) more...
=================================================
Progress: 21


1st goal of : forall (nat1:nat) (nat2:nat), mult (qexp (nat1) (nat2) (nat1)) (ZERO) = mult (exp (nat1) (nat2)) (ZERO)
nat2 : nat
nat3 : nat
IH1 : forall (nat1:nat), mult (qexp (nat1) (nat3) (nat1)) (ZERO) = mult (exp (nat1) (nat3)) (ZERO)
Inductive1 : nat2 = SUCC (nat3)
nat1 : nat
---------------------------------------
mult (qexp (nat1) (nat3) (mult (nat1) (nat1))) (ZERO) = mult (mult (exp (nat1) (nat3)) (nat1)) (ZERO)

0 goal(s) more...

1 conjecture(s) more...
>>> assert forall (nat1:nat) (nat3:nat), mult (qexp (nat1) (nat3) (mult (nat1) (nat1))) (ZERO) = mult (mult (exp (nat1) (nat3)) (nat1)) (ZERO)(rank : 0)


1st goal of : forall (nat1:nat) (nat2:nat), mult (qexp (nat1) (nat2) (mult (nat1) (nat1))) (ZERO) = mult (mult (exp (nat1) (nat2)) (nat1)) (ZERO)

---------------------------------------
forall (nat1:nat) (nat2:nat), mult (qexp (nat1) (nat2) (mult (nat1) (nat1))) (ZERO) = mult (mult (exp (nat1) (nat2)) (nat1)) (ZERO)

0 goal(s) more...

2 conjecture(s) more...
Tactic List : 1
induction nat2(rank:8)
=================================================
Progress: 22


1st goal of : forall (nat1:nat) (nat2:nat), mult (qexp (nat1) (nat2) (mult (nat1) (nat1))) (ZERO) = mult (mult (exp (nat1) (nat2)) (nat1)) (ZERO)

---------------------------------------
forall (nat1:nat) (nat2:nat), mult (qexp (nat1) (nat2) (mult (nat1) (nat1))) (ZERO) = mult (mult (exp (nat1) (nat2)) (nat1)) (ZERO)

0 goal(s) more...

2 conjecture(s) more...
>>> induction nat2(rank : 8)


1st goal of : forall (nat1:nat) (nat2:nat), mult (qexp (nat1) (nat2) (mult (nat1) (nat1))) (ZERO) = mult (mult (exp (nat1) (nat2)) (nat1)) (ZERO)
nat2 : nat
Base1 : nat2 = ZERO
---------------------------------------
forall (nat1:nat), mult (qexp (nat1) (ZERO) (mult (nat1) (nat1))) (ZERO) = mult (mult (exp (nat1) (ZERO)) (nat1)) (ZERO)

1 goal(s) more...

2 conjecture(s) more...
Tactic List : 1
simpl in goal(rank:8)
=================================================
Progress: 23


1st goal of : forall (nat1:nat) (nat2:nat), mult (qexp (nat1) (nat2) (mult (nat1) (nat1))) (ZERO) = mult (mult (exp (nat1) (nat2)) (nat1)) (ZERO)
nat2 : nat
Base1 : nat2 = ZERO
---------------------------------------
forall (nat1:nat), mult (qexp (nat1) (ZERO) (mult (nat1) (nat1))) (ZERO) = mult (mult (exp (nat1) (ZERO)) (nat1)) (ZERO)

1 goal(s) more...

2 conjecture(s) more...
>>> simpl in goal(rank : 8)


1st goal of : forall (nat1:nat) (nat2:nat), mult (qexp (nat1) (nat2) (mult (nat1) (nat1))) (ZERO) = mult (mult (exp (nat1) (nat2)) (nat1)) (ZERO)
nat2 : nat
Base1 : nat2 = ZERO
---------------------------------------
forall (nat1:nat), mult (mult (nat1) (nat1)) (ZERO) = mult (nat1) (ZERO)

1 goal(s) more...

2 conjecture(s) more...
Tactic List : 1
induction nat1(rank:9)
=================================================
Progress: 24


1st goal of : forall (nat1:nat) (nat2:nat), mult (qexp (nat1) (nat2) (mult (nat1) (nat1))) (ZERO) = mult (mult (exp (nat1) (nat2)) (nat1)) (ZERO)
nat2 : nat
Base1 : nat2 = ZERO
---------------------------------------
forall (nat1:nat), mult (mult (nat1) (nat1)) (ZERO) = mult (nat1) (ZERO)

1 goal(s) more...

2 conjecture(s) more...
>>> induction nat1(rank : 9)


1st goal of : forall (nat1:nat) (nat2:nat), mult (qexp (nat1) (nat2) (mult (nat1) (nat1))) (ZERO) = mult (mult (exp (nat1) (nat2)) (nat1)) (ZERO)
nat2 : nat
Base1 : nat2 = ZERO
nat1 : nat
Base2 : nat1 = ZERO
---------------------------------------
mult (mult (ZERO) (ZERO)) (ZERO) = mult (ZERO) (ZERO)

2 goal(s) more...

2 conjecture(s) more...
Tactic List : 1
reflexivity(rank:8)
=================================================
Progress: 25


1st goal of : forall (nat1:nat) (nat2:nat), mult (qexp (nat1) (nat2) (mult (nat1) (nat1))) (ZERO) = mult (mult (exp (nat1) (nat2)) (nat1)) (ZERO)
nat2 : nat
Base1 : nat2 = ZERO
nat1 : nat
Base2 : nat1 = ZERO
---------------------------------------
mult (mult (ZERO) (ZERO)) (ZERO) = mult (ZERO) (ZERO)

2 goal(s) more...

2 conjecture(s) more...
>>> reflexivity(rank : 8)


1st goal of : forall (nat1:nat) (nat2:nat), mult (qexp (nat1) (nat2) (mult (nat1) (nat1))) (ZERO) = mult (mult (exp (nat1) (nat2)) (nat1)) (ZERO)
nat2 : nat
Base1 : nat2 = ZERO
nat1 : nat
nat3 : nat
IH1 : mult (mult (nat3) (nat3)) (ZERO) = mult (nat3) (ZERO)
Inductive1 : nat1 = SUCC (nat3)
---------------------------------------
mult (mult (SUCC (nat3)) (SUCC (nat3))) (ZERO) = mult (SUCC (nat3)) (ZERO)

1 goal(s) more...

2 conjecture(s) more...
Deduplication: 0
Tactic List : 1
simpl in goal(rank:8)
=================================================
Progress: 26


1st goal of : forall (nat1:nat) (nat2:nat), mult (qexp (nat1) (nat2) (mult (nat1) (nat1))) (ZERO) = mult (mult (exp (nat1) (nat2)) (nat1)) (ZERO)
nat2 : nat
Base1 : nat2 = ZERO
nat1 : nat
nat3 : nat
IH1 : mult (mult (nat3) (nat3)) (ZERO) = mult (nat3) (ZERO)
Inductive1 : nat1 = SUCC (nat3)
---------------------------------------
mult (mult (SUCC (nat3)) (SUCC (nat3))) (ZERO) = mult (SUCC (nat3)) (ZERO)

1 goal(s) more...

2 conjecture(s) more...
>>> simpl in goal(rank : 8)


1st goal of : forall (nat1:nat) (nat2:nat), mult (qexp (nat1) (nat2) (mult (nat1) (nat1))) (ZERO) = mult (mult (exp (nat1) (nat2)) (nat1)) (ZERO)
nat2 : nat
Base1 : nat2 = ZERO
nat1 : nat
nat3 : nat
IH1 : mult (mult (nat3) (nat3)) (ZERO) = mult (nat3) (ZERO)
Inductive1 : nat1 = SUCC (nat3)
---------------------------------------
mult (plus (mult (nat3) (SUCC (nat3))) (SUCC (nat3))) (ZERO) = plus (mult (nat3) (ZERO)) (ZERO)

1 goal(s) more...

2 conjecture(s) more...
Tactic List : 1
rewrite <- IH1 in goal at 0(rank:8)
=================================================
Progress: 27


1st goal of : forall (nat1:nat) (nat2:nat), mult (qexp (nat1) (nat2) (mult (nat1) (nat1))) (ZERO) = mult (mult (exp (nat1) (nat2)) (nat1)) (ZERO)
nat2 : nat
Base1 : nat2 = ZERO
nat1 : nat
nat3 : nat
IH1 : mult (mult (nat3) (nat3)) (ZERO) = mult (nat3) (ZERO)
Inductive1 : nat1 = SUCC (nat3)
---------------------------------------
mult (plus (mult (nat3) (SUCC (nat3))) (SUCC (nat3))) (ZERO) = plus (mult (nat3) (ZERO)) (ZERO)

1 goal(s) more...

2 conjecture(s) more...
>>> rewrite <- IH1 in goal at 0(rank : 8)


1st goal of : forall (nat1:nat) (nat2:nat), mult (qexp (nat1) (nat2) (mult (nat1) (nat1))) (ZERO) = mult (mult (exp (nat1) (nat2)) (nat1)) (ZERO)
nat2 : nat
Base1 : nat2 = ZERO
nat1 : nat
nat3 : nat
IH1 : mult (mult (nat3) (nat3)) (ZERO) = mult (nat3) (ZERO)
Inductive1 : nat1 = SUCC (nat3)
---------------------------------------
mult (plus (mult (nat3) (SUCC (nat3))) (SUCC (nat3))) (ZERO) = plus (mult (mult (nat3) (nat3)) (ZERO)) (ZERO)

1 goal(s) more...

2 conjecture(s) more...
Tactic List : 0
previous tactics
simpl in goal
rewrite <- IH1 in goal at 0
New Env

;;
Lemma List
forall (nat3:nat), mult (plus (mult (nat3) (SUCC (nat3))) (SUCC (nat3))) (ZERO) = plus (mult (mult (nat3) (nat3)) (ZERO)) (ZERO)
End of Lemma List


1st goal of : forall (nat1:nat) (nat2:nat), mult (qexp (nat1) (nat2) (mult (nat1) (nat1))) (ZERO) = mult (mult (exp (nat1) (nat2)) (nat1)) (ZERO)
nat2 : nat
Base1 : nat2 = ZERO
nat1 : nat
nat3 : nat
IH1 : mult (mult (nat3) (nat3)) (ZERO) = mult (nat3) (ZERO)
Inductive1 : nat1 = SUCC (nat3)
---------------------------------------
mult (plus (mult (nat3) (SUCC (nat3))) (SUCC (nat3))) (ZERO) = plus (mult (mult (nat3) (nat3)) (ZERO)) (ZERO)

1 goal(s) more...

2 conjecture(s) more...
=================================================
Progress: 28


1st goal of : forall (nat1:nat) (nat2:nat), mult (qexp (nat1) (nat2) (mult (nat1) (nat1))) (ZERO) = mult (mult (exp (nat1) (nat2)) (nat1)) (ZERO)
nat2 : nat
Base1 : nat2 = ZERO
nat1 : nat
nat3 : nat
IH1 : mult (mult (nat3) (nat3)) (ZERO) = mult (nat3) (ZERO)
Inductive1 : nat1 = SUCC (nat3)
---------------------------------------
mult (plus (mult (nat3) (SUCC (nat3))) (SUCC (nat3))) (ZERO) = plus (mult (mult (nat3) (nat3)) (ZERO)) (ZERO)

1 goal(s) more...

2 conjecture(s) more...
>>> assert forall (nat3:nat), mult (plus (mult (nat3) (SUCC (nat3))) (SUCC (nat3))) (ZERO) = plus (mult (mult (nat3) (nat3)) (ZERO)) (ZERO)(rank : 0)


1st goal of : forall (nat1:nat), mult (plus (mult (nat1) (SUCC (nat1))) (SUCC (nat1))) (ZERO) = plus (mult (mult (nat1) (nat1)) (ZERO)) (ZERO)

---------------------------------------
forall (nat1:nat), mult (plus (mult (nat1) (SUCC (nat1))) (SUCC (nat1))) (ZERO) = plus (mult (mult (nat1) (nat1)) (ZERO)) (ZERO)

0 goal(s) more...

3 conjecture(s) more...
Tactic List : 1
intro nat1(rank:9)
=================================================
Progress: 29


1st goal of : forall (nat1:nat), mult (plus (mult (nat1) (SUCC (nat1))) (SUCC (nat1))) (ZERO) = plus (mult (mult (nat1) (nat1)) (ZERO)) (ZERO)

---------------------------------------
forall (nat1:nat), mult (plus (mult (nat1) (SUCC (nat1))) (SUCC (nat1))) (ZERO) = plus (mult (mult (nat1) (nat1)) (ZERO)) (ZERO)

0 goal(s) more...

3 conjecture(s) more...
>>> intro nat1(rank : 9)


1st goal of : forall (nat1:nat), mult (plus (mult (nat1) (SUCC (nat1))) (SUCC (nat1))) (ZERO) = plus (mult (mult (nat1) (nat1)) (ZERO)) (ZERO)
nat1 : nat
---------------------------------------
mult (plus (mult (nat1) (SUCC (nat1))) (SUCC (nat1))) (ZERO) = plus (mult (mult (nat1) (nat1)) (ZERO)) (ZERO)

0 goal(s) more...

3 conjecture(s) more...
Tactic List : 0
New Env

;;
Lemma List
forall (nat1:nat), mult (plus (mult (nat1) (SUCC (nat1))) (SUCC (nat1))) (ZERO) = plus (mult (mult (nat1) (nat1)) (ZERO)) (ZERO)
End of Lemma List


1st goal of : forall (nat1:nat), mult (plus (mult (nat1) (SUCC (nat1))) (SUCC (nat1))) (ZERO) = plus (mult (mult (nat1) (nat1)) (ZERO)) (ZERO)
nat1 : nat
---------------------------------------
mult (plus (mult (nat1) (SUCC (nat1))) (SUCC (nat1))) (ZERO) = plus (mult (mult (nat1) (nat1)) (ZERO)) (ZERO)

0 goal(s) more...

3 conjecture(s) more...
=================================================
Progress: 30


1st goal of : forall (nat1:nat), mult (plus (mult (nat1) (SUCC (nat1))) (SUCC (nat1))) (ZERO) = plus (mult (mult (nat1) (nat1)) (ZERO)) (ZERO)
nat1 : nat
---------------------------------------
mult (plus (mult (nat1) (SUCC (nat1))) (SUCC (nat1))) (ZERO) = plus (mult (mult (nat1) (nat1)) (ZERO)) (ZERO)

0 goal(s) more...

3 conjecture(s) more...
>>> assert forall (nat1:nat), mult (plus (mult (nat1) (SUCC (nat1))) (SUCC (nat1))) (ZERO) = plus (mult (mult (nat1) (nat1)) (ZERO)) (ZERO)(rank : 0)


1st goal of : forall (nat1:nat), mult (plus (mult (nat1) (SUCC (nat1))) (SUCC (nat1))) (ZERO) = plus (mult (mult (nat1) (nat1)) (ZERO)) (ZERO)

---------------------------------------
forall (nat1:nat), mult (plus (mult (nat1) (SUCC (nat1))) (SUCC (nat1))) (ZERO) = plus (mult (mult (nat1) (nat1)) (ZERO)) (ZERO)

0 goal(s) more...

4 conjecture(s) more...
Tactic List : 1
intro nat1(rank:11)
=================================================
Progress: 31


1st goal of : forall (nat1:nat), mult (plus (mult (nat1) (SUCC (nat1))) (SUCC (nat1))) (ZERO) = plus (mult (mult (nat1) (nat1)) (ZERO)) (ZERO)

---------------------------------------
forall (nat1:nat), mult (plus (mult (nat1) (SUCC (nat1))) (SUCC (nat1))) (ZERO) = plus (mult (mult (nat1) (nat1)) (ZERO)) (ZERO)

0 goal(s) more...

4 conjecture(s) more...
>>> intro nat1(rank : 11)


1st goal of : forall (nat1:nat), mult (plus (mult (nat1) (SUCC (nat1))) (SUCC (nat1))) (ZERO) = plus (mult (mult (nat1) (nat1)) (ZERO)) (ZERO)
nat1 : nat
---------------------------------------
mult (plus (mult (nat1) (SUCC (nat1))) (SUCC (nat1))) (ZERO) = plus (mult (mult (nat1) (nat1)) (ZERO)) (ZERO)

0 goal(s) more...

4 conjecture(s) more...
Tactic List : 0
=================================================
Progress: 32


1st goal of : forall (nat1:nat) (nat2:nat) (nat3:nat), mult (exp (nat1) (nat2)) (nat3) = qexp (nat1) (nat2) (nat3)
nat2 : nat
nat4 : nat
IH1 : forall (nat1:nat) (nat3:nat), mult (exp (nat1) (nat4)) (nat3) = qexp (nat1) (nat4) (nat3)
Inductive1 : nat2 = SUCC (nat4)
nat3 : nat
Base1 : nat3 = ZERO
---------------------------------------
forall (nat1:nat), mult (mult (exp (nat1) (nat4)) (nat1)) (ZERO) = qexp (nat1) (nat4) (ZERO)

1 goal(s) more...

0 conjecture(s) more...
>>> rewrite <- IH1 in goal at 0(rank : 12)


1st goal of : forall (nat1:nat) (nat2:nat) (nat3:nat), mult (exp (nat1) (nat2)) (nat3) = qexp (nat1) (nat2) (nat3)
nat2 : nat
nat4 : nat
IH1 : forall (nat1:nat) (nat3:nat), mult (exp (nat1) (nat4)) (nat3) = qexp (nat1) (nat4) (nat3)
Inductive1 : nat2 = SUCC (nat4)
nat3 : nat
Base1 : nat3 = ZERO
---------------------------------------
forall (nat1:nat), mult (mult (exp (nat1) (nat4)) (nat1)) (ZERO) = mult (exp (nat1) (nat4)) (ZERO)

1 goal(s) more...

0 conjecture(s) more...
Tactic List : 0
previous tactics
simpl in goal
rewrite <- IH1 in goal at 0
New Env

;;
Lemma List
forall (arg1:nat) (nat1:nat), mult (mult (arg1) (nat1)) (ZERO) = mult (arg1) (ZERO)
End of Lemma List


1st goal of : forall (nat1:nat) (nat2:nat) (nat3:nat), mult (exp (nat1) (nat2)) (nat3) = qexp (nat1) (nat2) (nat3)
nat2 : nat
nat4 : nat
IH1 : forall (nat1:nat) (nat3:nat), mult (exp (nat1) (nat4)) (nat3) = qexp (nat1) (nat4) (nat3)
Inductive1 : nat2 = SUCC (nat4)
nat3 : nat
Base1 : nat3 = ZERO
---------------------------------------
forall (nat1:nat), mult (mult (exp (nat1) (nat4)) (nat1)) (ZERO) = mult (exp (nat1) (nat4)) (ZERO)

1 goal(s) more...

0 conjecture(s) more...
=================================================
Progress: 33


1st goal of : forall (nat1:nat) (nat2:nat) (nat3:nat), mult (exp (nat1) (nat2)) (nat3) = qexp (nat1) (nat2) (nat3)
nat2 : nat
nat4 : nat
IH1 : forall (nat1:nat) (nat3:nat), mult (exp (nat1) (nat4)) (nat3) = qexp (nat1) (nat4) (nat3)
Inductive1 : nat2 = SUCC (nat4)
nat3 : nat
Base1 : nat3 = ZERO
---------------------------------------
forall (nat1:nat), mult (mult (exp (nat1) (nat4)) (nat1)) (ZERO) = mult (exp (nat1) (nat4)) (ZERO)

1 goal(s) more...

0 conjecture(s) more...
>>> assert forall (arg1:nat) (nat1:nat), mult (mult (arg1) (nat1)) (ZERO) = mult (arg1) (ZERO)(rank : 0)


1st goal of : forall (nat1:nat) (nat2:nat), mult (mult (nat1) (nat2)) (ZERO) = mult (nat1) (ZERO)

---------------------------------------
forall (nat1:nat) (nat2:nat), mult (mult (nat1) (nat2)) (ZERO) = mult (nat1) (ZERO)

0 goal(s) more...

1 conjecture(s) more...
Tactic List : 1
induction nat1(rank:6)
=================================================
Progress: 34


1st goal of : forall (nat1:nat) (nat2:nat), mult (mult (nat1) (nat2)) (ZERO) = mult (nat1) (ZERO)

---------------------------------------
forall (nat1:nat) (nat2:nat), mult (mult (nat1) (nat2)) (ZERO) = mult (nat1) (ZERO)

0 goal(s) more...

1 conjecture(s) more...
>>> induction nat1(rank : 6)


1st goal of : forall (nat1:nat) (nat2:nat), mult (mult (nat1) (nat2)) (ZERO) = mult (nat1) (ZERO)
nat1 : nat
Base1 : nat1 = ZERO
---------------------------------------
forall (nat2:nat), mult (mult (ZERO) (nat2)) (ZERO) = mult (ZERO) (ZERO)

1 goal(s) more...

1 conjecture(s) more...
Tactic List : 1
reflexivity(rank:5)
=================================================
Progress: 35


1st goal of : forall (nat1:nat) (nat2:nat), mult (mult (nat1) (nat2)) (ZERO) = mult (nat1) (ZERO)
nat1 : nat
Base1 : nat1 = ZERO
---------------------------------------
forall (nat2:nat), mult (mult (ZERO) (nat2)) (ZERO) = mult (ZERO) (ZERO)

1 goal(s) more...

1 conjecture(s) more...
>>> reflexivity(rank : 5)


1st goal of : forall (nat1:nat) (nat2:nat), mult (mult (nat1) (nat2)) (ZERO) = mult (nat1) (ZERO)
nat1 : nat
nat3 : nat
IH1 : forall (nat2:nat), mult (mult (nat3) (nat2)) (ZERO) = mult (nat3) (ZERO)
Inductive1 : nat1 = SUCC (nat3)
---------------------------------------
forall (nat2:nat), mult (mult (SUCC (nat3)) (nat2)) (ZERO) = mult (SUCC (nat3)) (ZERO)

0 goal(s) more...

1 conjecture(s) more...
Deduplication: 0
Tactic List : 1
simpl in goal(rank:5)
=================================================
Progress: 36


1st goal of : forall (nat1:nat) (nat2:nat), mult (mult (nat1) (nat2)) (ZERO) = mult (nat1) (ZERO)
nat1 : nat
nat3 : nat
IH1 : forall (nat2:nat), mult (mult (nat3) (nat2)) (ZERO) = mult (nat3) (ZERO)
Inductive1 : nat1 = SUCC (nat3)
---------------------------------------
forall (nat2:nat), mult (mult (SUCC (nat3)) (nat2)) (ZERO) = mult (SUCC (nat3)) (ZERO)

0 goal(s) more...

1 conjecture(s) more...
>>> simpl in goal(rank : 5)


1st goal of : forall (nat1:nat) (nat2:nat), mult (mult (nat1) (nat2)) (ZERO) = mult (nat1) (ZERO)
nat1 : nat
nat3 : nat
IH1 : forall (nat2:nat), mult (mult (nat3) (nat2)) (ZERO) = mult (nat3) (ZERO)
Inductive1 : nat1 = SUCC (nat3)
---------------------------------------
forall (nat2:nat), mult (plus (mult (nat3) (nat2)) (nat2)) (ZERO) = plus (mult (nat3) (ZERO)) (ZERO)

0 goal(s) more...

1 conjecture(s) more...
Tactic List : 1
intro nat2(rank:5)
=================================================
Progress: 37


1st goal of : forall (nat1:nat) (nat2:nat), mult (mult (nat1) (nat2)) (ZERO) = mult (nat1) (ZERO)
nat1 : nat
nat3 : nat
IH1 : forall (nat2:nat), mult (mult (nat3) (nat2)) (ZERO) = mult (nat3) (ZERO)
Inductive1 : nat1 = SUCC (nat3)
---------------------------------------
forall (nat2:nat), mult (plus (mult (nat3) (nat2)) (nat2)) (ZERO) = plus (mult (nat3) (ZERO)) (ZERO)

0 goal(s) more...

1 conjecture(s) more...
>>> intro nat2(rank : 5)


1st goal of : forall (nat1:nat) (nat2:nat), mult (mult (nat1) (nat2)) (ZERO) = mult (nat1) (ZERO)
nat1 : nat
nat3 : nat
IH1 : forall (nat2:nat), mult (mult (nat3) (nat2)) (ZERO) = mult (nat3) (ZERO)
Inductive1 : nat1 = SUCC (nat3)
nat2 : nat
---------------------------------------
mult (plus (mult (nat3) (nat2)) (nat2)) (ZERO) = plus (mult (nat3) (ZERO)) (ZERO)

0 goal(s) more...

1 conjecture(s) more...
Tactic List : 0
previous tactics
simpl in goal
intro nat2
New Env

;;
Lemma List
forall (nat2:nat) (nat3:nat), mult (plus (mult (nat3) (nat2)) (nat2)) (ZERO) = plus (mult (nat3) (ZERO)) (ZERO)
End of Lemma List


1st goal of : forall (nat1:nat) (nat2:nat), mult (mult (nat1) (nat2)) (ZERO) = mult (nat1) (ZERO)
nat1 : nat
nat3 : nat
IH1 : forall (nat2:nat), mult (mult (nat3) (nat2)) (ZERO) = mult (nat3) (ZERO)
Inductive1 : nat1 = SUCC (nat3)
nat2 : nat
---------------------------------------
mult (plus (mult (nat3) (nat2)) (nat2)) (ZERO) = plus (mult (nat3) (ZERO)) (ZERO)

0 goal(s) more...

1 conjecture(s) more...
=================================================
Progress: 38


1st goal of : forall (nat1:nat) (nat2:nat), mult (mult (nat1) (nat2)) (ZERO) = mult (nat1) (ZERO)
nat1 : nat
nat3 : nat
IH1 : forall (nat2:nat), mult (mult (nat3) (nat2)) (ZERO) = mult (nat3) (ZERO)
Inductive1 : nat1 = SUCC (nat3)
nat2 : nat
---------------------------------------
mult (plus (mult (nat3) (nat2)) (nat2)) (ZERO) = plus (mult (nat3) (ZERO)) (ZERO)

0 goal(s) more...

1 conjecture(s) more...
>>> assert forall (nat2:nat) (nat3:nat), mult (plus (mult (nat3) (nat2)) (nat2)) (ZERO) = plus (mult (nat3) (ZERO)) (ZERO)(rank : 0)


1st goal of : forall (nat1:nat) (nat2:nat), mult (plus (mult (nat2) (nat1)) (nat1)) (ZERO) = plus (mult (nat2) (ZERO)) (ZERO)

---------------------------------------
forall (nat1:nat) (nat2:nat), mult (plus (mult (nat2) (nat1)) (nat1)) (ZERO) = plus (mult (nat2) (ZERO)) (ZERO)

0 goal(s) more...

2 conjecture(s) more...
Tactic List : 1
induction nat2(rank:8)
=================================================
Progress: 39


1st goal of : forall (nat1:nat) (nat2:nat), mult (plus (mult (nat2) (nat1)) (nat1)) (ZERO) = plus (mult (nat2) (ZERO)) (ZERO)

---------------------------------------
forall (nat1:nat) (nat2:nat), mult (plus (mult (nat2) (nat1)) (nat1)) (ZERO) = plus (mult (nat2) (ZERO)) (ZERO)

0 goal(s) more...

2 conjecture(s) more...
>>> induction nat2(rank : 8)


1st goal of : forall (nat1:nat) (nat2:nat), mult (plus (mult (nat2) (nat1)) (nat1)) (ZERO) = plus (mult (nat2) (ZERO)) (ZERO)
nat2 : nat
Base1 : nat2 = ZERO
---------------------------------------
forall (nat1:nat), mult (plus (mult (ZERO) (nat1)) (nat1)) (ZERO) = plus (mult (ZERO) (ZERO)) (ZERO)

1 goal(s) more...

2 conjecture(s) more...
Tactic List : 1
simpl in goal(rank:8)
=================================================
Progress: 40


1st goal of : forall (nat1:nat) (nat2:nat), mult (plus (mult (nat2) (nat1)) (nat1)) (ZERO) = plus (mult (nat2) (ZERO)) (ZERO)
nat2 : nat
Base1 : nat2 = ZERO
---------------------------------------
forall (nat1:nat), mult (plus (mult (ZERO) (nat1)) (nat1)) (ZERO) = plus (mult (ZERO) (ZERO)) (ZERO)

1 goal(s) more...

2 conjecture(s) more...
>>> simpl in goal(rank : 8)


1st goal of : forall (nat1:nat) (nat2:nat), mult (plus (mult (nat2) (nat1)) (nat1)) (ZERO) = plus (mult (nat2) (ZERO)) (ZERO)
nat2 : nat
Base1 : nat2 = ZERO
---------------------------------------
forall (nat1:nat), mult (nat1) (ZERO) = ZERO

1 goal(s) more...

2 conjecture(s) more...
Tactic List : 1
induction nat1(rank:9)
=================================================
Progress: 41


1st goal of : forall (nat1:nat) (nat2:nat), mult (plus (mult (nat2) (nat1)) (nat1)) (ZERO) = plus (mult (nat2) (ZERO)) (ZERO)
nat2 : nat
Base1 : nat2 = ZERO
---------------------------------------
forall (nat1:nat), mult (nat1) (ZERO) = ZERO

1 goal(s) more...

2 conjecture(s) more...
>>> induction nat1(rank : 9)


1st goal of : forall (nat1:nat) (nat2:nat), mult (plus (mult (nat2) (nat1)) (nat1)) (ZERO) = plus (mult (nat2) (ZERO)) (ZERO)
nat2 : nat
Base1 : nat2 = ZERO
nat1 : nat
Base2 : nat1 = ZERO
---------------------------------------
mult (ZERO) (ZERO) = ZERO

2 goal(s) more...

2 conjecture(s) more...
Tactic List : 1
reflexivity(rank:8)
=================================================
Progress: 42


1st goal of : forall (nat1:nat) (nat2:nat), mult (plus (mult (nat2) (nat1)) (nat1)) (ZERO) = plus (mult (nat2) (ZERO)) (ZERO)
nat2 : nat
Base1 : nat2 = ZERO
nat1 : nat
Base2 : nat1 = ZERO
---------------------------------------
mult (ZERO) (ZERO) = ZERO

2 goal(s) more...

2 conjecture(s) more...
>>> reflexivity(rank : 8)


1st goal of : forall (nat1:nat) (nat2:nat), mult (plus (mult (nat2) (nat1)) (nat1)) (ZERO) = plus (mult (nat2) (ZERO)) (ZERO)
nat2 : nat
Base1 : nat2 = ZERO
nat1 : nat
nat3 : nat
IH1 : mult (nat3) (ZERO) = ZERO
Inductive1 : nat1 = SUCC (nat3)
---------------------------------------
mult (SUCC (nat3)) (ZERO) = ZERO

1 goal(s) more...

2 conjecture(s) more...
Deduplication: 0
Tactic List : 1
simpl in goal(rank:8)
=================================================
Progress: 43


1st goal of : forall (nat1:nat) (nat2:nat), mult (plus (mult (nat2) (nat1)) (nat1)) (ZERO) = plus (mult (nat2) (ZERO)) (ZERO)
nat2 : nat
Base1 : nat2 = ZERO
nat1 : nat
nat3 : nat
IH1 : mult (nat3) (ZERO) = ZERO
Inductive1 : nat1 = SUCC (nat3)
---------------------------------------
mult (SUCC (nat3)) (ZERO) = ZERO

1 goal(s) more...

2 conjecture(s) more...
>>> simpl in goal(rank : 8)


1st goal of : forall (nat1:nat) (nat2:nat), mult (plus (mult (nat2) (nat1)) (nat1)) (ZERO) = plus (mult (nat2) (ZERO)) (ZERO)
nat2 : nat
Base1 : nat2 = ZERO
nat1 : nat
nat3 : nat
IH1 : mult (nat3) (ZERO) = ZERO
Inductive1 : nat1 = SUCC (nat3)
---------------------------------------
plus (mult (nat3) (ZERO)) (ZERO) = ZERO

1 goal(s) more...

2 conjecture(s) more...
Tactic List : 1
rewrite IH1 in goal at 0(rank:8)
=================================================
Progress: 44


1st goal of : forall (nat1:nat) (nat2:nat), mult (plus (mult (nat2) (nat1)) (nat1)) (ZERO) = plus (mult (nat2) (ZERO)) (ZERO)
nat2 : nat
Base1 : nat2 = ZERO
nat1 : nat
nat3 : nat
IH1 : mult (nat3) (ZERO) = ZERO
Inductive1 : nat1 = SUCC (nat3)
---------------------------------------
plus (mult (nat3) (ZERO)) (ZERO) = ZERO

1 goal(s) more...

2 conjecture(s) more...
>>> rewrite IH1 in goal at 0(rank : 8)


1st goal of : forall (nat1:nat) (nat2:nat), mult (plus (mult (nat2) (nat1)) (nat1)) (ZERO) = plus (mult (nat2) (ZERO)) (ZERO)
nat2 : nat
Base1 : nat2 = ZERO
nat1 : nat
nat3 : nat
IH1 : mult (nat3) (ZERO) = ZERO
Inductive1 : nat1 = SUCC (nat3)
---------------------------------------
plus (ZERO) (ZERO) = ZERO

1 goal(s) more...

2 conjecture(s) more...
Tactic List : 1
reflexivity(rank:7)
=================================================
Progress: 45


1st goal of : forall (nat1:nat) (nat2:nat), mult (plus (mult (nat2) (nat1)) (nat1)) (ZERO) = plus (mult (nat2) (ZERO)) (ZERO)
nat2 : nat
Base1 : nat2 = ZERO
nat1 : nat
nat3 : nat
IH1 : mult (nat3) (ZERO) = ZERO
Inductive1 : nat1 = SUCC (nat3)
---------------------------------------
plus (ZERO) (ZERO) = ZERO

1 goal(s) more...

2 conjecture(s) more...
>>> reflexivity(rank : 7)


1st goal of : forall (nat1:nat) (nat2:nat), mult (plus (mult (nat2) (nat1)) (nat1)) (ZERO) = plus (mult (nat2) (ZERO)) (ZERO)
nat2 : nat
nat3 : nat
IH1 : forall (nat1:nat), mult (plus (mult (nat3) (nat1)) (nat1)) (ZERO) = plus (mult (nat3) (ZERO)) (ZERO)
Inductive1 : nat2 = SUCC (nat3)
---------------------------------------
forall (nat1:nat), mult (plus (mult (SUCC (nat3)) (nat1)) (nat1)) (ZERO) = plus (mult (SUCC (nat3)) (ZERO)) (ZERO)

0 goal(s) more...

2 conjecture(s) more...
Deduplication: 0
Tactic List : 1
simpl in goal(rank:7)
=================================================
Progress: 46


1st goal of : forall (nat1:nat) (nat2:nat), mult (plus (mult (nat2) (nat1)) (nat1)) (ZERO) = plus (mult (nat2) (ZERO)) (ZERO)
nat2 : nat
nat3 : nat
IH1 : forall (nat1:nat), mult (plus (mult (nat3) (nat1)) (nat1)) (ZERO) = plus (mult (nat3) (ZERO)) (ZERO)
Inductive1 : nat2 = SUCC (nat3)
---------------------------------------
forall (nat1:nat), mult (plus (mult (SUCC (nat3)) (nat1)) (nat1)) (ZERO) = plus (mult (SUCC (nat3)) (ZERO)) (ZERO)

0 goal(s) more...

2 conjecture(s) more...
>>> simpl in goal(rank : 7)


1st goal of : forall (nat1:nat) (nat2:nat), mult (plus (mult (nat2) (nat1)) (nat1)) (ZERO) = plus (mult (nat2) (ZERO)) (ZERO)
nat2 : nat
nat3 : nat
IH1 : forall (nat1:nat), mult (plus (mult (nat3) (nat1)) (nat1)) (ZERO) = plus (mult (nat3) (ZERO)) (ZERO)
Inductive1 : nat2 = SUCC (nat3)
---------------------------------------
forall (nat1:nat), mult (plus (plus (mult (nat3) (nat1)) (nat1)) (nat1)) (ZERO) = plus (plus (mult (nat3) (ZERO)) (ZERO)) (ZERO)

0 goal(s) more...

2 conjecture(s) more...
Tactic List : 1
intro nat1(rank:7)
=================================================
Progress: 47


1st goal of : forall (nat1:nat) (nat2:nat), mult (plus (mult (nat2) (nat1)) (nat1)) (ZERO) = plus (mult (nat2) (ZERO)) (ZERO)
nat2 : nat
nat3 : nat
IH1 : forall (nat1:nat), mult (plus (mult (nat3) (nat1)) (nat1)) (ZERO) = plus (mult (nat3) (ZERO)) (ZERO)
Inductive1 : nat2 = SUCC (nat3)
---------------------------------------
forall (nat1:nat), mult (plus (plus (mult (nat3) (nat1)) (nat1)) (nat1)) (ZERO) = plus (plus (mult (nat3) (ZERO)) (ZERO)) (ZERO)

0 goal(s) more...

2 conjecture(s) more...
>>> intro nat1(rank : 7)


1st goal of : forall (nat1:nat) (nat2:nat), mult (plus (mult (nat2) (nat1)) (nat1)) (ZERO) = plus (mult (nat2) (ZERO)) (ZERO)
nat2 : nat
nat3 : nat
IH1 : forall (nat1:nat), mult (plus (mult (nat3) (nat1)) (nat1)) (ZERO) = plus (mult (nat3) (ZERO)) (ZERO)
Inductive1 : nat2 = SUCC (nat3)
nat1 : nat
---------------------------------------
mult (plus (plus (mult (nat3) (nat1)) (nat1)) (nat1)) (ZERO) = plus (plus (mult (nat3) (ZERO)) (ZERO)) (ZERO)

0 goal(s) more...

2 conjecture(s) more...
Tactic List : 0
previous tactics
simpl in goal
rewrite IH1 in goal at 0
reflexivity
simpl in goal
intro nat1
New Env

;;
Lemma List
forall (nat1:nat) (nat3:nat), mult (plus (plus (mult (nat3) (nat1)) (nat1)) (nat1)) (ZERO) = plus (plus (mult (nat3) (ZERO)) (ZERO)) (ZERO)
End of Lemma List


1st goal of : forall (nat1:nat) (nat2:nat), mult (plus (mult (nat2) (nat1)) (nat1)) (ZERO) = plus (mult (nat2) (ZERO)) (ZERO)
nat2 : nat
nat3 : nat
IH1 : forall (nat1:nat), mult (plus (mult (nat3) (nat1)) (nat1)) (ZERO) = plus (mult (nat3) (ZERO)) (ZERO)
Inductive1 : nat2 = SUCC (nat3)
nat1 : nat
---------------------------------------
mult (plus (plus (mult (nat3) (nat1)) (nat1)) (nat1)) (ZERO) = plus (plus (mult (nat3) (ZERO)) (ZERO)) (ZERO)

0 goal(s) more...

2 conjecture(s) more...
=================================================
Progress: 48


1st goal of : forall (nat1:nat) (nat2:nat), mult (plus (mult (nat2) (nat1)) (nat1)) (ZERO) = plus (mult (nat2) (ZERO)) (ZERO)
nat2 : nat
nat3 : nat
IH1 : forall (nat1:nat), mult (plus (mult (nat3) (nat1)) (nat1)) (ZERO) = plus (mult (nat3) (ZERO)) (ZERO)
Inductive1 : nat2 = SUCC (nat3)
nat1 : nat
---------------------------------------
mult (plus (plus (mult (nat3) (nat1)) (nat1)) (nat1)) (ZERO) = plus (plus (mult (nat3) (ZERO)) (ZERO)) (ZERO)

0 goal(s) more...

2 conjecture(s) more...
>>> assert forall (nat1:nat) (nat3:nat), mult (plus (plus (mult (nat3) (nat1)) (nat1)) (nat1)) (ZERO) = plus (plus (mult (nat3) (ZERO)) (ZERO)) (ZERO)(rank : 0)


1st goal of : forall (nat1:nat) (nat2:nat), mult (plus (plus (mult (nat2) (nat1)) (nat1)) (nat1)) (ZERO) = plus (plus (mult (nat2) (ZERO)) (ZERO)) (ZERO)

---------------------------------------
forall (nat1:nat) (nat2:nat), mult (plus (plus (mult (nat2) (nat1)) (nat1)) (nat1)) (ZERO) = plus (plus (mult (nat2) (ZERO)) (ZERO)) (ZERO)

0 goal(s) more...

3 conjecture(s) more...
Tactic List : 1
induction nat2(rank:10)
=================================================
Progress: 49


1st goal of : forall (nat1:nat) (nat2:nat), mult (plus (plus (mult (nat2) (nat1)) (nat1)) (nat1)) (ZERO) = plus (plus (mult (nat2) (ZERO)) (ZERO)) (ZERO)

---------------------------------------
forall (nat1:nat) (nat2:nat), mult (plus (plus (mult (nat2) (nat1)) (nat1)) (nat1)) (ZERO) = plus (plus (mult (nat2) (ZERO)) (ZERO)) (ZERO)

0 goal(s) more...

3 conjecture(s) more...
>>> induction nat2(rank : 10)


1st goal of : forall (nat1:nat) (nat2:nat), mult (plus (plus (mult (nat2) (nat1)) (nat1)) (nat1)) (ZERO) = plus (plus (mult (nat2) (ZERO)) (ZERO)) (ZERO)
nat2 : nat
Base1 : nat2 = ZERO
---------------------------------------
forall (nat1:nat), mult (plus (plus (mult (ZERO) (nat1)) (nat1)) (nat1)) (ZERO) = plus (plus (mult (ZERO) (ZERO)) (ZERO)) (ZERO)

1 goal(s) more...

3 conjecture(s) more...
Tactic List : 1
simpl in goal(rank:10)
=================================================
Progress: 50


1st goal of : forall (nat1:nat) (nat2:nat), mult (plus (plus (mult (nat2) (nat1)) (nat1)) (nat1)) (ZERO) = plus (plus (mult (nat2) (ZERO)) (ZERO)) (ZERO)
nat2 : nat
Base1 : nat2 = ZERO
---------------------------------------
forall (nat1:nat), mult (plus (plus (mult (ZERO) (nat1)) (nat1)) (nat1)) (ZERO) = plus (plus (mult (ZERO) (ZERO)) (ZERO)) (ZERO)

1 goal(s) more...

3 conjecture(s) more...
>>> simpl in goal(rank : 10)


1st goal of : forall (nat1:nat) (nat2:nat), mult (plus (plus (mult (nat2) (nat1)) (nat1)) (nat1)) (ZERO) = plus (plus (mult (nat2) (ZERO)) (ZERO)) (ZERO)
nat2 : nat
Base1 : nat2 = ZERO
---------------------------------------
forall (nat1:nat), mult (plus (nat1) (nat1)) (ZERO) = ZERO

1 goal(s) more...

3 conjecture(s) more...
Tactic List : 1
induction nat1(rank:11)
=================================================
Progress: 51


1st goal of : forall (nat1:nat) (nat2:nat), mult (plus (plus (mult (nat2) (nat1)) (nat1)) (nat1)) (ZERO) = plus (plus (mult (nat2) (ZERO)) (ZERO)) (ZERO)
nat2 : nat
Base1 : nat2 = ZERO
---------------------------------------
forall (nat1:nat), mult (plus (nat1) (nat1)) (ZERO) = ZERO

1 goal(s) more...

3 conjecture(s) more...
>>> induction nat1(rank : 11)


1st goal of : forall (nat1:nat) (nat2:nat), mult (plus (plus (mult (nat2) (nat1)) (nat1)) (nat1)) (ZERO) = plus (plus (mult (nat2) (ZERO)) (ZERO)) (ZERO)
nat2 : nat
Base1 : nat2 = ZERO
nat1 : nat
Base2 : nat1 = ZERO
---------------------------------------
mult (plus (ZERO) (ZERO)) (ZERO) = ZERO

2 goal(s) more...

3 conjecture(s) more...
Tactic List : 1
reflexivity(rank:10)
=================================================
Progress: 52


1st goal of : forall (nat1:nat) (nat2:nat), mult (plus (plus (mult (nat2) (nat1)) (nat1)) (nat1)) (ZERO) = plus (plus (mult (nat2) (ZERO)) (ZERO)) (ZERO)
nat2 : nat
Base1 : nat2 = ZERO
nat1 : nat
Base2 : nat1 = ZERO
---------------------------------------
mult (plus (ZERO) (ZERO)) (ZERO) = ZERO

2 goal(s) more...

3 conjecture(s) more...
>>> reflexivity(rank : 10)


1st goal of : forall (nat1:nat) (nat2:nat), mult (plus (plus (mult (nat2) (nat1)) (nat1)) (nat1)) (ZERO) = plus (plus (mult (nat2) (ZERO)) (ZERO)) (ZERO)
nat2 : nat
Base1 : nat2 = ZERO
nat1 : nat
nat3 : nat
IH1 : mult (plus (nat3) (nat3)) (ZERO) = ZERO
Inductive1 : nat1 = SUCC (nat3)
---------------------------------------
mult (plus (SUCC (nat3)) (SUCC (nat3))) (ZERO) = ZERO

1 goal(s) more...

3 conjecture(s) more...
Deduplication: 0
Tactic List : 1
simpl in goal(rank:10)
=================================================
Progress: 53


1st goal of : forall (nat1:nat) (nat2:nat), mult (plus (plus (mult (nat2) (nat1)) (nat1)) (nat1)) (ZERO) = plus (plus (mult (nat2) (ZERO)) (ZERO)) (ZERO)
nat2 : nat
Base1 : nat2 = ZERO
nat1 : nat
nat3 : nat
IH1 : mult (plus (nat3) (nat3)) (ZERO) = ZERO
Inductive1 : nat1 = SUCC (nat3)
---------------------------------------
mult (plus (SUCC (nat3)) (SUCC (nat3))) (ZERO) = ZERO

1 goal(s) more...

3 conjecture(s) more...
>>> simpl in goal(rank : 10)


1st goal of : forall (nat1:nat) (nat2:nat), mult (plus (plus (mult (nat2) (nat1)) (nat1)) (nat1)) (ZERO) = plus (plus (mult (nat2) (ZERO)) (ZERO)) (ZERO)
nat2 : nat
Base1 : nat2 = ZERO
nat1 : nat
nat3 : nat
IH1 : mult (plus (nat3) (nat3)) (ZERO) = ZERO
Inductive1 : nat1 = SUCC (nat3)
---------------------------------------
plus (mult (plus (nat3) (SUCC (nat3))) (ZERO)) (ZERO) = ZERO

1 goal(s) more...

3 conjecture(s) more...
Tactic List : 0
previous tactics
simpl in goal
expr list
mult (plus (nat3) (nat3)) (ZERO)
plus (mult (plus (nat3) (SUCC (nat3))) (ZERO)) (ZERO)
plus (plus (mult (plus (nat4) (SUCC (SUCC (nat4)))) (ZERO)) (ZERO)) (ZERO)
plus (plus (plus (mult (plus (nat5) (SUCC (SUCC (SUCC (nat5))))) (ZERO)) (ZERO)) (ZERO)) (ZERO)
expr list
ZERO
ZERO
ZERO
ZERO
New Env

;;
Lemma List
forall (nat3:nat), plus (mult (plus (nat3) (SUCC (nat3))) (ZERO)) (ZERO) = ZERO
End of Lemma List


1st goal of : forall (nat1:nat) (nat2:nat), mult (plus (plus (mult (nat2) (nat1)) (nat1)) (nat1)) (ZERO) = plus (plus (mult (nat2) (ZERO)) (ZERO)) (ZERO)
nat2 : nat
Base1 : nat2 = ZERO
nat1 : nat
nat3 : nat
IH1 : mult (plus (nat3) (nat3)) (ZERO) = ZERO
Inductive1 : nat1 = SUCC (nat3)
---------------------------------------
plus (mult (plus (nat3) (SUCC (nat3))) (ZERO)) (ZERO) = ZERO

1 goal(s) more...

3 conjecture(s) more...
=================================================
Progress: 54


1st goal of : forall (nat1:nat) (nat2:nat), mult (plus (plus (mult (nat2) (nat1)) (nat1)) (nat1)) (ZERO) = plus (plus (mult (nat2) (ZERO)) (ZERO)) (ZERO)
nat2 : nat
Base1 : nat2 = ZERO
nat1 : nat
nat3 : nat
IH1 : mult (plus (nat3) (nat3)) (ZERO) = ZERO
Inductive1 : nat1 = SUCC (nat3)
---------------------------------------
plus (mult (plus (nat3) (SUCC (nat3))) (ZERO)) (ZERO) = ZERO

1 goal(s) more...

3 conjecture(s) more...
>>> assert forall (nat3:nat), plus (mult (plus (nat3) (SUCC (nat3))) (ZERO)) (ZERO) = ZERO(rank : 0)


1st goal of : forall (nat1:nat), plus (mult (plus (nat1) (SUCC (nat1))) (ZERO)) (ZERO) = ZERO

---------------------------------------
forall (nat1:nat), plus (mult (plus (nat1) (SUCC (nat1))) (ZERO)) (ZERO) = ZERO

0 goal(s) more...

4 conjecture(s) more...
Tactic List : 1
intro nat1(rank:11)
=================================================
Progress: 55


1st goal of : forall (nat1:nat), plus (mult (plus (nat1) (SUCC (nat1))) (ZERO)) (ZERO) = ZERO

---------------------------------------
forall (nat1:nat), plus (mult (plus (nat1) (SUCC (nat1))) (ZERO)) (ZERO) = ZERO

0 goal(s) more...

4 conjecture(s) more...
>>> intro nat1(rank : 11)


1st goal of : forall (nat1:nat), plus (mult (plus (nat1) (SUCC (nat1))) (ZERO)) (ZERO) = ZERO
nat1 : nat
---------------------------------------
plus (mult (plus (nat1) (SUCC (nat1))) (ZERO)) (ZERO) = ZERO

0 goal(s) more...

4 conjecture(s) more...
Tactic List : 0
New Env

;;
Lemma List
forall (nat1:nat), plus (mult (plus (nat1) (SUCC (nat1))) (ZERO)) (ZERO) = ZERO
End of Lemma List


1st goal of : forall (nat1:nat), plus (mult (plus (nat1) (SUCC (nat1))) (ZERO)) (ZERO) = ZERO
nat1 : nat
---------------------------------------
plus (mult (plus (nat1) (SUCC (nat1))) (ZERO)) (ZERO) = ZERO

0 goal(s) more...

4 conjecture(s) more...
=================================================
Progress: 56


1st goal of : forall (nat1:nat), plus (mult (plus (nat1) (SUCC (nat1))) (ZERO)) (ZERO) = ZERO
nat1 : nat
---------------------------------------
plus (mult (plus (nat1) (SUCC (nat1))) (ZERO)) (ZERO) = ZERO

0 goal(s) more...

4 conjecture(s) more...
>>> assert forall (nat1:nat), plus (mult (plus (nat1) (SUCC (nat1))) (ZERO)) (ZERO) = ZERO(rank : 0)


1st goal of : forall (nat1:nat), plus (mult (plus (nat1) (SUCC (nat1))) (ZERO)) (ZERO) = ZERO

---------------------------------------
forall (nat1:nat), plus (mult (plus (nat1) (SUCC (nat1))) (ZERO)) (ZERO) = ZERO

0 goal(s) more...

5 conjecture(s) more...
Tactic List : 1
intro nat1(rank:13)
=================================================
Progress: 57


1st goal of : forall (nat1:nat) (nat2:nat) (nat3:nat), mult (exp (nat1) (nat2)) (nat3) = qexp (nat1) (nat2) (nat3)
nat2 : nat
nat4 : nat
IH1 : forall (nat1:nat) (nat3:nat), mult (exp (nat1) (nat4)) (nat3) = qexp (nat1) (nat4) (nat3)
Inductive1 : nat2 = SUCC (nat4)
nat3 : nat
Base1 : nat3 = ZERO
nat1 : nat
---------------------------------------
mult (mult (exp (nat1) (nat4)) (nat1)) (ZERO) = qexp (nat1) (nat4) (ZERO)

1 goal(s) more...

0 conjecture(s) more...
>>> rewrite IH1 in goal at 0(rank : 12)


1st goal of : forall (nat1:nat) (nat2:nat) (nat3:nat), mult (exp (nat1) (nat2)) (nat3) = qexp (nat1) (nat2) (nat3)
nat2 : nat
nat4 : nat
IH1 : forall (nat1:nat) (nat3:nat), mult (exp (nat1) (nat4)) (nat3) = qexp (nat1) (nat4) (nat3)
Inductive1 : nat2 = SUCC (nat4)
nat3 : nat
Base1 : nat3 = ZERO
nat1 : nat
---------------------------------------
mult (qexp (nat1) (nat4) (nat1)) (ZERO) = qexp (nat1) (nat4) (ZERO)

1 goal(s) more...

0 conjecture(s) more...
Tactic List : 0
previous tactics
simpl in goal
intro nat1
rewrite IH1 in goal at 0
New Env

;;
Lemma List
forall (nat1:nat) (nat4:nat), mult (qexp (nat1) (nat4) (nat1)) (ZERO) = qexp (nat1) (nat4) (ZERO)
End of Lemma List


1st goal of : forall (nat1:nat) (nat2:nat) (nat3:nat), mult (exp (nat1) (nat2)) (nat3) = qexp (nat1) (nat2) (nat3)
nat2 : nat
nat4 : nat
IH1 : forall (nat1:nat) (nat3:nat), mult (exp (nat1) (nat4)) (nat3) = qexp (nat1) (nat4) (nat3)
Inductive1 : nat2 = SUCC (nat4)
nat3 : nat
Base1 : nat3 = ZERO
nat1 : nat
---------------------------------------
mult (qexp (nat1) (nat4) (nat1)) (ZERO) = qexp (nat1) (nat4) (ZERO)

1 goal(s) more...

0 conjecture(s) more...
=================================================
Progress: 58


1st goal of : forall (nat1:nat) (nat2:nat) (nat3:nat), mult (exp (nat1) (nat2)) (nat3) = qexp (nat1) (nat2) (nat3)
nat2 : nat
nat4 : nat
IH1 : forall (nat1:nat) (nat3:nat), mult (exp (nat1) (nat4)) (nat3) = qexp (nat1) (nat4) (nat3)
Inductive1 : nat2 = SUCC (nat4)
nat3 : nat
Base1 : nat3 = ZERO
nat1 : nat
---------------------------------------
mult (qexp (nat1) (nat4) (nat1)) (ZERO) = qexp (nat1) (nat4) (ZERO)

1 goal(s) more...

0 conjecture(s) more...
>>> assert forall (nat1:nat) (nat4:nat), mult (qexp (nat1) (nat4) (nat1)) (ZERO) = qexp (nat1) (nat4) (ZERO)(rank : 0)


1st goal of : forall (nat1:nat) (nat2:nat), mult (qexp (nat1) (nat2) (nat1)) (ZERO) = qexp (nat1) (nat2) (ZERO)

---------------------------------------
forall (nat1:nat) (nat2:nat), mult (qexp (nat1) (nat2) (nat1)) (ZERO) = qexp (nat1) (nat2) (ZERO)

0 goal(s) more...

1 conjecture(s) more...
Tactic List : 1
induction nat2(rank:6)
=================================================
Progress: 59


1st goal of : forall (nat1:nat) (nat2:nat), mult (qexp (nat1) (nat2) (nat1)) (ZERO) = qexp (nat1) (nat2) (ZERO)

---------------------------------------
forall (nat1:nat) (nat2:nat), mult (qexp (nat1) (nat2) (nat1)) (ZERO) = qexp (nat1) (nat2) (ZERO)

0 goal(s) more...

1 conjecture(s) more...
>>> induction nat2(rank : 6)


1st goal of : forall (nat1:nat) (nat2:nat), mult (qexp (nat1) (nat2) (nat1)) (ZERO) = qexp (nat1) (nat2) (ZERO)
nat2 : nat
Base1 : nat2 = ZERO
---------------------------------------
forall (nat1:nat), mult (qexp (nat1) (ZERO) (nat1)) (ZERO) = qexp (nat1) (ZERO) (ZERO)

1 goal(s) more...

1 conjecture(s) more...
Tactic List : 1
simpl in goal(rank:6)
=================================================
Progress: 60


1st goal of : forall (nat1:nat) (nat2:nat), mult (qexp (nat1) (nat2) (nat1)) (ZERO) = qexp (nat1) (nat2) (ZERO)
nat2 : nat
Base1 : nat2 = ZERO
---------------------------------------
forall (nat1:nat), mult (qexp (nat1) (ZERO) (nat1)) (ZERO) = qexp (nat1) (ZERO) (ZERO)

1 goal(s) more...

1 conjecture(s) more...
>>> simpl in goal(rank : 6)


1st goal of : forall (nat1:nat) (nat2:nat), mult (qexp (nat1) (nat2) (nat1)) (ZERO) = qexp (nat1) (nat2) (ZERO)
nat2 : nat
Base1 : nat2 = ZERO
---------------------------------------
forall (nat1:nat), mult (nat1) (ZERO) = ZERO

1 goal(s) more...

1 conjecture(s) more...
Tactic List : 1
induction nat1(rank:7)
=================================================
Progress: 61


1st goal of : forall (nat1:nat) (nat2:nat), mult (qexp (nat1) (nat2) (nat1)) (ZERO) = qexp (nat1) (nat2) (ZERO)
nat2 : nat
Base1 : nat2 = ZERO
---------------------------------------
forall (nat1:nat), mult (nat1) (ZERO) = ZERO

1 goal(s) more...

1 conjecture(s) more...
>>> induction nat1(rank : 7)


1st goal of : forall (nat1:nat) (nat2:nat), mult (qexp (nat1) (nat2) (nat1)) (ZERO) = qexp (nat1) (nat2) (ZERO)
nat2 : nat
Base1 : nat2 = ZERO
nat1 : nat
Base2 : nat1 = ZERO
---------------------------------------
mult (ZERO) (ZERO) = ZERO

2 goal(s) more...

1 conjecture(s) more...
Tactic List : 1
reflexivity(rank:6)
=================================================
Progress: 62


1st goal of : forall (nat1:nat) (nat2:nat), mult (qexp (nat1) (nat2) (nat1)) (ZERO) = qexp (nat1) (nat2) (ZERO)
nat2 : nat
Base1 : nat2 = ZERO
nat1 : nat
Base2 : nat1 = ZERO
---------------------------------------
mult (ZERO) (ZERO) = ZERO

2 goal(s) more...

1 conjecture(s) more...
>>> reflexivity(rank : 6)


1st goal of : forall (nat1:nat) (nat2:nat), mult (qexp (nat1) (nat2) (nat1)) (ZERO) = qexp (nat1) (nat2) (ZERO)
nat2 : nat
Base1 : nat2 = ZERO
nat1 : nat
nat3 : nat
IH1 : mult (nat3) (ZERO) = ZERO
Inductive1 : nat1 = SUCC (nat3)
---------------------------------------
mult (SUCC (nat3)) (ZERO) = ZERO

1 goal(s) more...

1 conjecture(s) more...
Deduplication: 0
Tactic List : 1
simpl in goal(rank:6)
=================================================
Progress: 63


1st goal of : forall (nat1:nat) (nat2:nat), mult (qexp (nat1) (nat2) (nat1)) (ZERO) = qexp (nat1) (nat2) (ZERO)
nat2 : nat
Base1 : nat2 = ZERO
nat1 : nat
nat3 : nat
IH1 : mult (nat3) (ZERO) = ZERO
Inductive1 : nat1 = SUCC (nat3)
---------------------------------------
mult (SUCC (nat3)) (ZERO) = ZERO

1 goal(s) more...

1 conjecture(s) more...
>>> simpl in goal(rank : 6)


1st goal of : forall (nat1:nat) (nat2:nat), mult (qexp (nat1) (nat2) (nat1)) (ZERO) = qexp (nat1) (nat2) (ZERO)
nat2 : nat
Base1 : nat2 = ZERO
nat1 : nat
nat3 : nat
IH1 : mult (nat3) (ZERO) = ZERO
Inductive1 : nat1 = SUCC (nat3)
---------------------------------------
plus (mult (nat3) (ZERO)) (ZERO) = ZERO

1 goal(s) more...

1 conjecture(s) more...
Tactic List : 1
rewrite IH1 in goal at 0(rank:6)
=================================================
Progress: 64


1st goal of : forall (nat1:nat) (nat2:nat), mult (qexp (nat1) (nat2) (nat1)) (ZERO) = qexp (nat1) (nat2) (ZERO)
nat2 : nat
Base1 : nat2 = ZERO
nat1 : nat
nat3 : nat
IH1 : mult (nat3) (ZERO) = ZERO
Inductive1 : nat1 = SUCC (nat3)
---------------------------------------
plus (mult (nat3) (ZERO)) (ZERO) = ZERO

1 goal(s) more...

1 conjecture(s) more...
>>> rewrite IH1 in goal at 0(rank : 6)


1st goal of : forall (nat1:nat) (nat2:nat), mult (qexp (nat1) (nat2) (nat1)) (ZERO) = qexp (nat1) (nat2) (ZERO)
nat2 : nat
Base1 : nat2 = ZERO
nat1 : nat
nat3 : nat
IH1 : mult (nat3) (ZERO) = ZERO
Inductive1 : nat1 = SUCC (nat3)
---------------------------------------
plus (ZERO) (ZERO) = ZERO

1 goal(s) more...

1 conjecture(s) more...
Tactic List : 1
reflexivity(rank:5)
=================================================
Progress: 65


1st goal of : forall (nat1:nat) (nat2:nat), mult (qexp (nat1) (nat2) (nat1)) (ZERO) = qexp (nat1) (nat2) (ZERO)
nat2 : nat
Base1 : nat2 = ZERO
nat1 : nat
nat3 : nat
IH1 : mult (nat3) (ZERO) = ZERO
Inductive1 : nat1 = SUCC (nat3)
---------------------------------------
plus (ZERO) (ZERO) = ZERO

1 goal(s) more...

1 conjecture(s) more...
>>> reflexivity(rank : 5)


1st goal of : forall (nat1:nat) (nat2:nat), mult (qexp (nat1) (nat2) (nat1)) (ZERO) = qexp (nat1) (nat2) (ZERO)
nat2 : nat
nat3 : nat
IH1 : forall (nat1:nat), mult (qexp (nat1) (nat3) (nat1)) (ZERO) = qexp (nat1) (nat3) (ZERO)
Inductive1 : nat2 = SUCC (nat3)
---------------------------------------
forall (nat1:nat), mult (qexp (nat1) (SUCC (nat3)) (nat1)) (ZERO) = qexp (nat1) (SUCC (nat3)) (ZERO)

0 goal(s) more...

1 conjecture(s) more...
Deduplication: 0
Tactic List : 1
simpl in goal(rank:5)
=================================================
Progress: 66


1st goal of : forall (nat1:nat) (nat2:nat), mult (qexp (nat1) (nat2) (nat1)) (ZERO) = qexp (nat1) (nat2) (ZERO)
nat2 : nat
nat3 : nat
IH1 : forall (nat1:nat), mult (qexp (nat1) (nat3) (nat1)) (ZERO) = qexp (nat1) (nat3) (ZERO)
Inductive1 : nat2 = SUCC (nat3)
---------------------------------------
forall (nat1:nat), mult (qexp (nat1) (SUCC (nat3)) (nat1)) (ZERO) = qexp (nat1) (SUCC (nat3)) (ZERO)

0 goal(s) more...

1 conjecture(s) more...
>>> simpl in goal(rank : 5)


1st goal of : forall (nat1:nat) (nat2:nat), mult (qexp (nat1) (nat2) (nat1)) (ZERO) = qexp (nat1) (nat2) (ZERO)
nat2 : nat
nat3 : nat
IH1 : forall (nat1:nat), mult (qexp (nat1) (nat3) (nat1)) (ZERO) = qexp (nat1) (nat3) (ZERO)
Inductive1 : nat2 = SUCC (nat3)
---------------------------------------
forall (nat1:nat), mult (qexp (nat1) (nat3) (mult (nat1) (nat1))) (ZERO) = qexp (nat1) (nat3) (ZERO)

0 goal(s) more...

1 conjecture(s) more...
Tactic List : 2
intro nat1(rank:5)
rewrite <- IH1 in goal at 0(rank:13)
=================================================
Progress: 67


1st goal of : forall (nat1:nat) (nat2:nat), mult (qexp (nat1) (nat2) (nat1)) (ZERO) = qexp (nat1) (nat2) (ZERO)
nat2 : nat
nat3 : nat
IH1 : forall (nat1:nat), mult (qexp (nat1) (nat3) (nat1)) (ZERO) = qexp (nat1) (nat3) (ZERO)
Inductive1 : nat2 = SUCC (nat3)
---------------------------------------
forall (nat1:nat), mult (qexp (nat1) (nat3) (mult (nat1) (nat1))) (ZERO) = qexp (nat1) (nat3) (ZERO)

0 goal(s) more...

1 conjecture(s) more...
>>> intro nat1(rank : 5)


1st goal of : forall (nat1:nat) (nat2:nat), mult (qexp (nat1) (nat2) (nat1)) (ZERO) = qexp (nat1) (nat2) (ZERO)
nat2 : nat
nat3 : nat
IH1 : forall (nat1:nat), mult (qexp (nat1) (nat3) (nat1)) (ZERO) = qexp (nat1) (nat3) (ZERO)
Inductive1 : nat2 = SUCC (nat3)
nat1 : nat
---------------------------------------
mult (qexp (nat1) (nat3) (mult (nat1) (nat1))) (ZERO) = qexp (nat1) (nat3) (ZERO)

0 goal(s) more...

1 conjecture(s) more...
Tactic List : 1
rewrite <- IH1 in goal at 0(rank:5)
=================================================
Progress: 68


1st goal of : forall (nat1:nat) (nat2:nat), mult (qexp (nat1) (nat2) (nat1)) (ZERO) = qexp (nat1) (nat2) (ZERO)
nat2 : nat
nat3 : nat
IH1 : forall (nat1:nat), mult (qexp (nat1) (nat3) (nat1)) (ZERO) = qexp (nat1) (nat3) (ZERO)
Inductive1 : nat2 = SUCC (nat3)
nat1 : nat
---------------------------------------
mult (qexp (nat1) (nat3) (mult (nat1) (nat1))) (ZERO) = qexp (nat1) (nat3) (ZERO)

0 goal(s) more...

1 conjecture(s) more...
>>> rewrite <- IH1 in goal at 0(rank : 5)


1st goal of : forall (nat1:nat) (nat2:nat), mult (qexp (nat1) (nat2) (nat1)) (ZERO) = qexp (nat1) (nat2) (ZERO)
nat2 : nat
nat3 : nat
IH1 : forall (nat1:nat), mult (qexp (nat1) (nat3) (nat1)) (ZERO) = qexp (nat1) (nat3) (ZERO)
Inductive1 : nat2 = SUCC (nat3)
nat1 : nat
---------------------------------------
mult (qexp (nat1) (nat3) (mult (nat1) (nat1))) (ZERO) = mult (qexp (nat1) (nat3) (nat1)) (ZERO)

0 goal(s) more...

1 conjecture(s) more...
Tactic List : 0
previous tactics
simpl in goal
rewrite IH1 in goal at 0
reflexivity
simpl in goal
intro nat1
rewrite <- IH1 in goal at 0
New Env

;;
Lemma List
forall (nat1:nat) (nat3:nat), mult (qexp (nat1) (nat3) (mult (nat1) (nat1))) (ZERO) = mult (qexp (nat1) (nat3) (nat1)) (ZERO)
End of Lemma List


1st goal of : forall (nat1:nat) (nat2:nat), mult (qexp (nat1) (nat2) (nat1)) (ZERO) = qexp (nat1) (nat2) (ZERO)
nat2 : nat
nat3 : nat
IH1 : forall (nat1:nat), mult (qexp (nat1) (nat3) (nat1)) (ZERO) = qexp (nat1) (nat3) (ZERO)
Inductive1 : nat2 = SUCC (nat3)
nat1 : nat
---------------------------------------
mult (qexp (nat1) (nat3) (mult (nat1) (nat1))) (ZERO) = mult (qexp (nat1) (nat3) (nat1)) (ZERO)

0 goal(s) more...

1 conjecture(s) more...
=================================================
Progress: 69


1st goal of : forall (nat1:nat) (nat2:nat), mult (qexp (nat1) (nat2) (nat1)) (ZERO) = qexp (nat1) (nat2) (ZERO)
nat2 : nat
nat3 : nat
IH1 : forall (nat1:nat), mult (qexp (nat1) (nat3) (nat1)) (ZERO) = qexp (nat1) (nat3) (ZERO)
Inductive1 : nat2 = SUCC (nat3)
nat1 : nat
---------------------------------------
mult (qexp (nat1) (nat3) (mult (nat1) (nat1))) (ZERO) = mult (qexp (nat1) (nat3) (nat1)) (ZERO)

0 goal(s) more...

1 conjecture(s) more...
>>> assert forall (nat1:nat) (nat3:nat), mult (qexp (nat1) (nat3) (mult (nat1) (nat1))) (ZERO) = mult (qexp (nat1) (nat3) (nat1)) (ZERO)(rank : 0)


1st goal of : forall (nat1:nat) (nat2:nat), mult (qexp (nat1) (nat2) (mult (nat1) (nat1))) (ZERO) = mult (qexp (nat1) (nat2) (nat1)) (ZERO)

---------------------------------------
forall (nat1:nat) (nat2:nat), mult (qexp (nat1) (nat2) (mult (nat1) (nat1))) (ZERO) = mult (qexp (nat1) (nat2) (nat1)) (ZERO)

0 goal(s) more...

2 conjecture(s) more...
Tactic List : 1
induction nat2(rank:8)
=================================================
Progress: 70


1st goal of : forall (nat1:nat) (nat2:nat), mult (qexp (nat1) (nat2) (mult (nat1) (nat1))) (ZERO) = mult (qexp (nat1) (nat2) (nat1)) (ZERO)

---------------------------------------
forall (nat1:nat) (nat2:nat), mult (qexp (nat1) (nat2) (mult (nat1) (nat1))) (ZERO) = mult (qexp (nat1) (nat2) (nat1)) (ZERO)

0 goal(s) more...

2 conjecture(s) more...
>>> induction nat2(rank : 8)


1st goal of : forall (nat1:nat) (nat2:nat), mult (qexp (nat1) (nat2) (mult (nat1) (nat1))) (ZERO) = mult (qexp (nat1) (nat2) (nat1)) (ZERO)
nat2 : nat
Base1 : nat2 = ZERO
---------------------------------------
forall (nat1:nat), mult (qexp (nat1) (ZERO) (mult (nat1) (nat1))) (ZERO) = mult (qexp (nat1) (ZERO) (nat1)) (ZERO)

1 goal(s) more...

2 conjecture(s) more...
Tactic List : 1
simpl in goal(rank:8)
=================================================
Progress: 71


1st goal of : forall (nat1:nat) (nat2:nat), mult (qexp (nat1) (nat2) (mult (nat1) (nat1))) (ZERO) = mult (qexp (nat1) (nat2) (nat1)) (ZERO)
nat2 : nat
Base1 : nat2 = ZERO
---------------------------------------
forall (nat1:nat), mult (qexp (nat1) (ZERO) (mult (nat1) (nat1))) (ZERO) = mult (qexp (nat1) (ZERO) (nat1)) (ZERO)

1 goal(s) more...

2 conjecture(s) more...
>>> simpl in goal(rank : 8)


1st goal of : forall (nat1:nat) (nat2:nat), mult (qexp (nat1) (nat2) (mult (nat1) (nat1))) (ZERO) = mult (qexp (nat1) (nat2) (nat1)) (ZERO)
nat2 : nat
Base1 : nat2 = ZERO
---------------------------------------
forall (nat1:nat), mult (mult (nat1) (nat1)) (ZERO) = mult (nat1) (ZERO)

1 goal(s) more...

2 conjecture(s) more...
Tactic List : 1
induction nat1(rank:9)
=================================================
Progress: 72


1st goal of : forall (nat1:nat) (nat2:nat), mult (qexp (nat1) (nat2) (mult (nat1) (nat1))) (ZERO) = mult (qexp (nat1) (nat2) (nat1)) (ZERO)
nat2 : nat
Base1 : nat2 = ZERO
---------------------------------------
forall (nat1:nat), mult (mult (nat1) (nat1)) (ZERO) = mult (nat1) (ZERO)

1 goal(s) more...

2 conjecture(s) more...
>>> induction nat1(rank : 9)


1st goal of : forall (nat1:nat) (nat2:nat), mult (qexp (nat1) (nat2) (mult (nat1) (nat1))) (ZERO) = mult (qexp (nat1) (nat2) (nat1)) (ZERO)
nat2 : nat
Base1 : nat2 = ZERO
nat1 : nat
Base2 : nat1 = ZERO
---------------------------------------
mult (mult (ZERO) (ZERO)) (ZERO) = mult (ZERO) (ZERO)

2 goal(s) more...

2 conjecture(s) more...
Tactic List : 1
reflexivity(rank:8)
=================================================
Progress: 73


1st goal of : forall (nat1:nat) (nat2:nat), mult (qexp (nat1) (nat2) (mult (nat1) (nat1))) (ZERO) = mult (qexp (nat1) (nat2) (nat1)) (ZERO)
nat2 : nat
Base1 : nat2 = ZERO
nat1 : nat
Base2 : nat1 = ZERO
---------------------------------------
mult (mult (ZERO) (ZERO)) (ZERO) = mult (ZERO) (ZERO)

2 goal(s) more...

2 conjecture(s) more...
>>> reflexivity(rank : 8)


1st goal of : forall (nat1:nat) (nat2:nat), mult (qexp (nat1) (nat2) (mult (nat1) (nat1))) (ZERO) = mult (qexp (nat1) (nat2) (nat1)) (ZERO)
nat2 : nat
Base1 : nat2 = ZERO
nat1 : nat
nat3 : nat
IH1 : mult (mult (nat3) (nat3)) (ZERO) = mult (nat3) (ZERO)
Inductive1 : nat1 = SUCC (nat3)
---------------------------------------
mult (mult (SUCC (nat3)) (SUCC (nat3))) (ZERO) = mult (SUCC (nat3)) (ZERO)

1 goal(s) more...

2 conjecture(s) more...
Deduplication: 0
Tactic List : 1
simpl in goal(rank:8)
=================================================
Progress: 74


1st goal of : forall (nat1:nat) (nat2:nat), mult (qexp (nat1) (nat2) (mult (nat1) (nat1))) (ZERO) = mult (qexp (nat1) (nat2) (nat1)) (ZERO)
nat2 : nat
Base1 : nat2 = ZERO
nat1 : nat
nat3 : nat
IH1 : mult (mult (nat3) (nat3)) (ZERO) = mult (nat3) (ZERO)
Inductive1 : nat1 = SUCC (nat3)
---------------------------------------
mult (mult (SUCC (nat3)) (SUCC (nat3))) (ZERO) = mult (SUCC (nat3)) (ZERO)

1 goal(s) more...

2 conjecture(s) more...
>>> simpl in goal(rank : 8)


1st goal of : forall (nat1:nat) (nat2:nat), mult (qexp (nat1) (nat2) (mult (nat1) (nat1))) (ZERO) = mult (qexp (nat1) (nat2) (nat1)) (ZERO)
nat2 : nat
Base1 : nat2 = ZERO
nat1 : nat
nat3 : nat
IH1 : mult (mult (nat3) (nat3)) (ZERO) = mult (nat3) (ZERO)
Inductive1 : nat1 = SUCC (nat3)
---------------------------------------
mult (plus (mult (nat3) (SUCC (nat3))) (SUCC (nat3))) (ZERO) = plus (mult (nat3) (ZERO)) (ZERO)

1 goal(s) more...

2 conjecture(s) more...
Tactic List : 1
rewrite <- IH1 in goal at 0(rank:8)
=================================================
Progress: 75


1st goal of : forall (nat1:nat) (nat2:nat), mult (qexp (nat1) (nat2) (mult (nat1) (nat1))) (ZERO) = mult (qexp (nat1) (nat2) (nat1)) (ZERO)
nat2 : nat
Base1 : nat2 = ZERO
nat1 : nat
nat3 : nat
IH1 : mult (mult (nat3) (nat3)) (ZERO) = mult (nat3) (ZERO)
Inductive1 : nat1 = SUCC (nat3)
---------------------------------------
mult (plus (mult (nat3) (SUCC (nat3))) (SUCC (nat3))) (ZERO) = plus (mult (nat3) (ZERO)) (ZERO)

1 goal(s) more...

2 conjecture(s) more...
>>> rewrite <- IH1 in goal at 0(rank : 8)


1st goal of : forall (nat1:nat) (nat2:nat), mult (qexp (nat1) (nat2) (mult (nat1) (nat1))) (ZERO) = mult (qexp (nat1) (nat2) (nat1)) (ZERO)
nat2 : nat
Base1 : nat2 = ZERO
nat1 : nat
nat3 : nat
IH1 : mult (mult (nat3) (nat3)) (ZERO) = mult (nat3) (ZERO)
Inductive1 : nat1 = SUCC (nat3)
---------------------------------------
mult (plus (mult (nat3) (SUCC (nat3))) (SUCC (nat3))) (ZERO) = plus (mult (mult (nat3) (nat3)) (ZERO)) (ZERO)

1 goal(s) more...

2 conjecture(s) more...
Tactic List : 0
previous tactics
simpl in goal
rewrite <- IH1 in goal at 0
New Env

;;
Lemma List
forall (nat3:nat), mult (plus (mult (nat3) (SUCC (nat3))) (SUCC (nat3))) (ZERO) = plus (mult (mult (nat3) (nat3)) (ZERO)) (ZERO)
End of Lemma List


1st goal of : forall (nat1:nat) (nat2:nat), mult (qexp (nat1) (nat2) (mult (nat1) (nat1))) (ZERO) = mult (qexp (nat1) (nat2) (nat1)) (ZERO)
nat2 : nat
Base1 : nat2 = ZERO
nat1 : nat
nat3 : nat
IH1 : mult (mult (nat3) (nat3)) (ZERO) = mult (nat3) (ZERO)
Inductive1 : nat1 = SUCC (nat3)
---------------------------------------
mult (plus (mult (nat3) (SUCC (nat3))) (SUCC (nat3))) (ZERO) = plus (mult (mult (nat3) (nat3)) (ZERO)) (ZERO)

1 goal(s) more...

2 conjecture(s) more...
=================================================
Progress: 76


1st goal of : forall (nat1:nat) (nat2:nat), mult (qexp (nat1) (nat2) (mult (nat1) (nat1))) (ZERO) = mult (qexp (nat1) (nat2) (nat1)) (ZERO)
nat2 : nat
Base1 : nat2 = ZERO
nat1 : nat
nat3 : nat
IH1 : mult (mult (nat3) (nat3)) (ZERO) = mult (nat3) (ZERO)
Inductive1 : nat1 = SUCC (nat3)
---------------------------------------
mult (plus (mult (nat3) (SUCC (nat3))) (SUCC (nat3))) (ZERO) = plus (mult (mult (nat3) (nat3)) (ZERO)) (ZERO)

1 goal(s) more...

2 conjecture(s) more...
>>> assert forall (nat3:nat), mult (plus (mult (nat3) (SUCC (nat3))) (SUCC (nat3))) (ZERO) = plus (mult (mult (nat3) (nat3)) (ZERO)) (ZERO)(rank : 0)


1st goal of : forall (nat1:nat), mult (plus (mult (nat1) (SUCC (nat1))) (SUCC (nat1))) (ZERO) = plus (mult (mult (nat1) (nat1)) (ZERO)) (ZERO)

---------------------------------------
forall (nat1:nat), mult (plus (mult (nat1) (SUCC (nat1))) (SUCC (nat1))) (ZERO) = plus (mult (mult (nat1) (nat1)) (ZERO)) (ZERO)

0 goal(s) more...

3 conjecture(s) more...
Tactic List : 1
intro nat1(rank:9)
=================================================
Progress: 77


1st goal of : forall (nat1:nat), mult (plus (mult (nat1) (SUCC (nat1))) (SUCC (nat1))) (ZERO) = plus (mult (mult (nat1) (nat1)) (ZERO)) (ZERO)

---------------------------------------
forall (nat1:nat), mult (plus (mult (nat1) (SUCC (nat1))) (SUCC (nat1))) (ZERO) = plus (mult (mult (nat1) (nat1)) (ZERO)) (ZERO)

0 goal(s) more...

3 conjecture(s) more...
>>> intro nat1(rank : 9)


1st goal of : forall (nat1:nat), mult (plus (mult (nat1) (SUCC (nat1))) (SUCC (nat1))) (ZERO) = plus (mult (mult (nat1) (nat1)) (ZERO)) (ZERO)
nat1 : nat
---------------------------------------
mult (plus (mult (nat1) (SUCC (nat1))) (SUCC (nat1))) (ZERO) = plus (mult (mult (nat1) (nat1)) (ZERO)) (ZERO)

0 goal(s) more...

3 conjecture(s) more...
Tactic List : 0
=================================================
Progress: 78


1st goal of : forall (nat1:nat) (nat2:nat) (nat3:nat), mult (exp (nat1) (nat2)) (nat3) = qexp (nat1) (nat2) (nat3)
nat2 : nat
nat4 : nat
IH1 : forall (nat1:nat) (nat3:nat), mult (exp (nat1) (nat4)) (nat3) = qexp (nat1) (nat4) (nat3)
Inductive1 : nat2 = SUCC (nat4)
nat3 : nat
Base1 : nat3 = ZERO
nat1 : nat
---------------------------------------
mult (mult (exp (nat1) (nat4)) (nat1)) (ZERO) = qexp (nat1) (nat4) (ZERO)

1 goal(s) more...

0 conjecture(s) more...
>>> rewrite <- IH1 in goal at 0(rank : 12)


1st goal of : forall (nat1:nat) (nat2:nat) (nat3:nat), mult (exp (nat1) (nat2)) (nat3) = qexp (nat1) (nat2) (nat3)
nat2 : nat
nat4 : nat
IH1 : forall (nat1:nat) (nat3:nat), mult (exp (nat1) (nat4)) (nat3) = qexp (nat1) (nat4) (nat3)
Inductive1 : nat2 = SUCC (nat4)
nat3 : nat
Base1 : nat3 = ZERO
nat1 : nat
---------------------------------------
mult (mult (exp (nat1) (nat4)) (nat1)) (ZERO) = mult (exp (nat1) (nat4)) (ZERO)

1 goal(s) more...

0 conjecture(s) more...
Tactic List : 0
previous tactics
simpl in goal
intro nat1
rewrite <- IH1 in goal at 0
New Env

;;
Lemma List
forall (arg2:nat) (nat1:nat), mult (mult (arg2) (nat1)) (ZERO) = mult (arg2) (ZERO)
End of Lemma List


1st goal of : forall (nat1:nat) (nat2:nat) (nat3:nat), mult (exp (nat1) (nat2)) (nat3) = qexp (nat1) (nat2) (nat3)
nat2 : nat
nat4 : nat
IH1 : forall (nat1:nat) (nat3:nat), mult (exp (nat1) (nat4)) (nat3) = qexp (nat1) (nat4) (nat3)
Inductive1 : nat2 = SUCC (nat4)
nat3 : nat
Base1 : nat3 = ZERO
nat1 : nat
---------------------------------------
mult (mult (exp (nat1) (nat4)) (nat1)) (ZERO) = mult (exp (nat1) (nat4)) (ZERO)

1 goal(s) more...

0 conjecture(s) more...
=================================================
Progress: 79


1st goal of : forall (nat1:nat) (nat2:nat) (nat3:nat), mult (exp (nat1) (nat2)) (nat3) = qexp (nat1) (nat2) (nat3)
nat2 : nat
nat4 : nat
IH1 : forall (nat1:nat) (nat3:nat), mult (exp (nat1) (nat4)) (nat3) = qexp (nat1) (nat4) (nat3)
Inductive1 : nat2 = SUCC (nat4)
nat3 : nat
Base1 : nat3 = ZERO
nat1 : nat
---------------------------------------
mult (mult (exp (nat1) (nat4)) (nat1)) (ZERO) = mult (exp (nat1) (nat4)) (ZERO)

1 goal(s) more...

0 conjecture(s) more...
>>> assert forall (arg2:nat) (nat1:nat), mult (mult (arg2) (nat1)) (ZERO) = mult (arg2) (ZERO)(rank : 0)


1st goal of : forall (nat1:nat) (nat2:nat), mult (mult (nat1) (nat2)) (ZERO) = mult (nat1) (ZERO)

---------------------------------------
forall (nat1:nat) (nat2:nat), mult (mult (nat1) (nat2)) (ZERO) = mult (nat1) (ZERO)

0 goal(s) more...

1 conjecture(s) more...
Tactic List : 1
induction nat1(rank:6)
=================================================
Progress: 80


1st goal of : forall (nat1:nat) (nat2:nat), mult (mult (nat1) (nat2)) (ZERO) = mult (nat1) (ZERO)

---------------------------------------
forall (nat1:nat) (nat2:nat), mult (mult (nat1) (nat2)) (ZERO) = mult (nat1) (ZERO)

0 goal(s) more...

1 conjecture(s) more...
>>> induction nat1(rank : 6)


1st goal of : forall (nat1:nat) (nat2:nat), mult (mult (nat1) (nat2)) (ZERO) = mult (nat1) (ZERO)
nat1 : nat
Base1 : nat1 = ZERO
---------------------------------------
forall (nat2:nat), mult (mult (ZERO) (nat2)) (ZERO) = mult (ZERO) (ZERO)

1 goal(s) more...

1 conjecture(s) more...
Tactic List : 1
reflexivity(rank:5)
=================================================
Progress: 81


1st goal of : forall (nat1:nat) (nat2:nat), mult (mult (nat1) (nat2)) (ZERO) = mult (nat1) (ZERO)
nat1 : nat
Base1 : nat1 = ZERO
---------------------------------------
forall (nat2:nat), mult (mult (ZERO) (nat2)) (ZERO) = mult (ZERO) (ZERO)

1 goal(s) more...

1 conjecture(s) more...
>>> reflexivity(rank : 5)


1st goal of : forall (nat1:nat) (nat2:nat), mult (mult (nat1) (nat2)) (ZERO) = mult (nat1) (ZERO)
nat1 : nat
nat3 : nat
IH1 : forall (nat2:nat), mult (mult (nat3) (nat2)) (ZERO) = mult (nat3) (ZERO)
Inductive1 : nat1 = SUCC (nat3)
---------------------------------------
forall (nat2:nat), mult (mult (SUCC (nat3)) (nat2)) (ZERO) = mult (SUCC (nat3)) (ZERO)

0 goal(s) more...

1 conjecture(s) more...
Deduplication: 0
Tactic List : 1
simpl in goal(rank:5)
=================================================
Progress: 82


1st goal of : forall (nat1:nat) (nat2:nat), mult (mult (nat1) (nat2)) (ZERO) = mult (nat1) (ZERO)
nat1 : nat
nat3 : nat
IH1 : forall (nat2:nat), mult (mult (nat3) (nat2)) (ZERO) = mult (nat3) (ZERO)
Inductive1 : nat1 = SUCC (nat3)
---------------------------------------
forall (nat2:nat), mult (mult (SUCC (nat3)) (nat2)) (ZERO) = mult (SUCC (nat3)) (ZERO)

0 goal(s) more...

1 conjecture(s) more...
>>> simpl in goal(rank : 5)


1st goal of : forall (nat1:nat) (nat2:nat), mult (mult (nat1) (nat2)) (ZERO) = mult (nat1) (ZERO)
nat1 : nat
nat3 : nat
IH1 : forall (nat2:nat), mult (mult (nat3) (nat2)) (ZERO) = mult (nat3) (ZERO)
Inductive1 : nat1 = SUCC (nat3)
---------------------------------------
forall (nat2:nat), mult (plus (mult (nat3) (nat2)) (nat2)) (ZERO) = plus (mult (nat3) (ZERO)) (ZERO)

0 goal(s) more...

1 conjecture(s) more...
Tactic List : 1
intro nat2(rank:5)
=================================================
Progress: 83


1st goal of : forall (nat1:nat) (nat2:nat), mult (mult (nat1) (nat2)) (ZERO) = mult (nat1) (ZERO)
nat1 : nat
nat3 : nat
IH1 : forall (nat2:nat), mult (mult (nat3) (nat2)) (ZERO) = mult (nat3) (ZERO)
Inductive1 : nat1 = SUCC (nat3)
---------------------------------------
forall (nat2:nat), mult (plus (mult (nat3) (nat2)) (nat2)) (ZERO) = plus (mult (nat3) (ZERO)) (ZERO)

0 goal(s) more...

1 conjecture(s) more...
>>> intro nat2(rank : 5)


1st goal of : forall (nat1:nat) (nat2:nat), mult (mult (nat1) (nat2)) (ZERO) = mult (nat1) (ZERO)
nat1 : nat
nat3 : nat
IH1 : forall (nat2:nat), mult (mult (nat3) (nat2)) (ZERO) = mult (nat3) (ZERO)
Inductive1 : nat1 = SUCC (nat3)
nat2 : nat
---------------------------------------
mult (plus (mult (nat3) (nat2)) (nat2)) (ZERO) = plus (mult (nat3) (ZERO)) (ZERO)

0 goal(s) more...

1 conjecture(s) more...
Tactic List : 0
previous tactics
simpl in goal
intro nat2
=================================================
Progress: 84


1st goal of : forall (nat1:nat), plus (mult (plus (nat1) (SUCC (nat1))) (ZERO)) (ZERO) = ZERO

---------------------------------------
forall (nat1:nat), plus (mult (plus (nat1) (SUCC (nat1))) (ZERO)) (ZERO) = ZERO

0 goal(s) more...

5 conjecture(s) more...
>>> intro nat1(rank : 13)


1st goal of : forall (nat1:nat), plus (mult (plus (nat1) (SUCC (nat1))) (ZERO)) (ZERO) = ZERO
nat1 : nat
---------------------------------------
plus (mult (plus (nat1) (SUCC (nat1))) (ZERO)) (ZERO) = ZERO

0 goal(s) more...

5 conjecture(s) more...
Tactic List : 0
=================================================
Progress: 85


1st goal of : forall (nat1:nat) (nat2:nat), mult (qexp (nat1) (nat2) (nat1)) (ZERO) = qexp (nat1) (nat2) (ZERO)
nat2 : nat
nat3 : nat
IH1 : forall (nat1:nat), mult (qexp (nat1) (nat3) (nat1)) (ZERO) = qexp (nat1) (nat3) (ZERO)
Inductive1 : nat2 = SUCC (nat3)
---------------------------------------
forall (nat1:nat), mult (qexp (nat1) (nat3) (mult (nat1) (nat1))) (ZERO) = qexp (nat1) (nat3) (ZERO)

0 goal(s) more...

1 conjecture(s) more...
>>> rewrite <- IH1 in goal at 0(rank : 13)


1st goal of : forall (nat1:nat) (nat2:nat), mult (qexp (nat1) (nat2) (nat1)) (ZERO) = qexp (nat1) (nat2) (ZERO)
nat2 : nat
nat3 : nat
IH1 : forall (nat1:nat), mult (qexp (nat1) (nat3) (nat1)) (ZERO) = qexp (nat1) (nat3) (ZERO)
Inductive1 : nat2 = SUCC (nat3)
---------------------------------------
forall (nat1:nat), mult (qexp (nat1) (nat3) (mult (nat1) (nat1))) (ZERO) = mult (qexp (nat1) (nat3) (nat1)) (ZERO)

0 goal(s) more...

1 conjecture(s) more...
Tactic List : 0
previous tactics
simpl in goal
rewrite IH1 in goal at 0
reflexivity
simpl in goal
rewrite <- IH1 in goal at 0
File "_none_", lines 81-83, characters 2-22:
Warning 8 [partial-match]: this pattern-matching is not exhaustive.
Here is an example of a case that is not matched:
[]

File "_none_", lines 81-83, characters 2-22:
Warning 8 [partial-match]: this pattern-matching is not exhaustive.
Here is an example of a case that is not matched:
[]
Fatal error: exception Failure("worklist is empty")
Raised at Stdlib.failwith in file "stdlib.ml", line 29, characters 17-33
Called from Dilemma__Engine.proof_auto in file "lib/engine.ml", line 196, characters 8-69
Called from Dune__exe__Main.main in file "bin/main.ml", line 24, characters 12-79
