Enter the definition file path (1/2) : 
> Enter the definition file path (2/2) : 
> Choose the proof type :
1) Interactive Mode 	 2) Auto Mode
Enter the goal : =================================================
Progress: 1


No conjecture
>>> assert forall (x:nat) (y:nat), mult (x) (y) = qmult (x) (y) (ZERO)(rank : 0)


1st goal of : forall (nat1:nat) (nat2:nat), mult (nat1) (nat2) = qmult (nat1) (nat2) (ZERO)

---------------------------------------
forall (nat1:nat) (nat2:nat), mult (nat1) (nat2) = qmult (nat1) (nat2) (ZERO)

0 goal(s) more...

0 conjecture(s) more...
Tactic List : 1
induction nat1(rank:4)
=================================================
Progress: 2


1st goal of : forall (nat1:nat) (nat2:nat), mult (nat1) (nat2) = qmult (nat1) (nat2) (ZERO)

---------------------------------------
forall (nat1:nat) (nat2:nat), mult (nat1) (nat2) = qmult (nat1) (nat2) (ZERO)

0 goal(s) more...

0 conjecture(s) more...
>>> induction nat1(rank : 4)


1st goal of : forall (nat1:nat) (nat2:nat), mult (nat1) (nat2) = qmult (nat1) (nat2) (ZERO)
nat1 : nat
Base1 : nat1 = ZERO
---------------------------------------
forall (nat2:nat), mult (ZERO) (nat2) = qmult (ZERO) (nat2) (ZERO)

1 goal(s) more...

0 conjecture(s) more...
Tactic List : 1
reflexivity(rank:3)
=================================================
Progress: 3


1st goal of : forall (nat1:nat) (nat2:nat), mult (nat1) (nat2) = qmult (nat1) (nat2) (ZERO)
nat1 : nat
Base1 : nat1 = ZERO
---------------------------------------
forall (nat2:nat), mult (ZERO) (nat2) = qmult (ZERO) (nat2) (ZERO)

1 goal(s) more...

0 conjecture(s) more...
>>> reflexivity(rank : 3)


1st goal of : forall (nat1:nat) (nat2:nat), mult (nat1) (nat2) = qmult (nat1) (nat2) (ZERO)
nat1 : nat
nat3 : nat
IH1 : forall (nat2:nat), mult (nat3) (nat2) = qmult (nat3) (nat2) (ZERO)
Inductive1 : nat1 = SUCC (nat3)
---------------------------------------
forall (nat2:nat), mult (SUCC (nat3)) (nat2) = qmult (SUCC (nat3)) (nat2) (ZERO)

0 goal(s) more...

0 conjecture(s) more...
Deduplication: 0
Tactic List : 1
simpl in goal(rank:3)
=================================================
Progress: 4


1st goal of : forall (nat1:nat) (nat2:nat), mult (nat1) (nat2) = qmult (nat1) (nat2) (ZERO)
nat1 : nat
nat3 : nat
IH1 : forall (nat2:nat), mult (nat3) (nat2) = qmult (nat3) (nat2) (ZERO)
Inductive1 : nat1 = SUCC (nat3)
---------------------------------------
forall (nat2:nat), mult (SUCC (nat3)) (nat2) = qmult (SUCC (nat3)) (nat2) (ZERO)

0 goal(s) more...

0 conjecture(s) more...
>>> simpl in goal(rank : 3)


1st goal of : forall (nat1:nat) (nat2:nat), mult (nat1) (nat2) = qmult (nat1) (nat2) (ZERO)
nat1 : nat
nat3 : nat
IH1 : forall (nat2:nat), mult (nat3) (nat2) = qmult (nat3) (nat2) (ZERO)
Inductive1 : nat1 = SUCC (nat3)
---------------------------------------
forall (nat2:nat), plus (mult (nat3) (nat2)) (nat2) = qmult (nat3) (nat2) (nat2)

0 goal(s) more...

0 conjecture(s) more...
Tactic List : 2
intro nat2(rank:3)
rewrite IH1 in goal at 0(rank:19)
=================================================
Progress: 5


1st goal of : forall (nat1:nat) (nat2:nat), mult (nat1) (nat2) = qmult (nat1) (nat2) (ZERO)
nat1 : nat
nat3 : nat
IH1 : forall (nat2:nat), mult (nat3) (nat2) = qmult (nat3) (nat2) (ZERO)
Inductive1 : nat1 = SUCC (nat3)
---------------------------------------
forall (nat2:nat), plus (mult (nat3) (nat2)) (nat2) = qmult (nat3) (nat2) (nat2)

0 goal(s) more...

0 conjecture(s) more...
>>> intro nat2(rank : 3)


1st goal of : forall (nat1:nat) (nat2:nat), mult (nat1) (nat2) = qmult (nat1) (nat2) (ZERO)
nat1 : nat
nat3 : nat
IH1 : forall (nat2:nat), mult (nat3) (nat2) = qmult (nat3) (nat2) (ZERO)
Inductive1 : nat1 = SUCC (nat3)
nat2 : nat
---------------------------------------
plus (mult (nat3) (nat2)) (nat2) = qmult (nat3) (nat2) (nat2)

0 goal(s) more...

0 conjecture(s) more...
Tactic List : 1
rewrite IH1 in goal at 0(rank:3)
=================================================
Progress: 6


1st goal of : forall (nat1:nat) (nat2:nat), mult (nat1) (nat2) = qmult (nat1) (nat2) (ZERO)
nat1 : nat
nat3 : nat
IH1 : forall (nat2:nat), mult (nat3) (nat2) = qmult (nat3) (nat2) (ZERO)
Inductive1 : nat1 = SUCC (nat3)
nat2 : nat
---------------------------------------
plus (mult (nat3) (nat2)) (nat2) = qmult (nat3) (nat2) (nat2)

0 goal(s) more...

0 conjecture(s) more...
>>> rewrite IH1 in goal at 0(rank : 3)


1st goal of : forall (nat1:nat) (nat2:nat), mult (nat1) (nat2) = qmult (nat1) (nat2) (ZERO)
nat1 : nat
nat3 : nat
IH1 : forall (nat2:nat), mult (nat3) (nat2) = qmult (nat3) (nat2) (ZERO)
Inductive1 : nat1 = SUCC (nat3)
nat2 : nat
---------------------------------------
plus (qmult (nat3) (nat2) (ZERO)) (nat2) = qmult (nat3) (nat2) (nat2)

0 goal(s) more...

0 conjecture(s) more...
Tactic List : 0
previous tactics
simpl in goal
intro nat2
rewrite IH1 in goal at 0
New Env

;;
Lemma List
forall (nat2:nat) (nat3:nat), plus (qmult (nat3) (nat2) (ZERO)) (nat2) = qmult (nat3) (nat2) (nat2)
End of Lemma List


1st goal of : forall (nat1:nat) (nat2:nat), mult (nat1) (nat2) = qmult (nat1) (nat2) (ZERO)
nat1 : nat
nat3 : nat
IH1 : forall (nat2:nat), mult (nat3) (nat2) = qmult (nat3) (nat2) (ZERO)
Inductive1 : nat1 = SUCC (nat3)
nat2 : nat
---------------------------------------
plus (qmult (nat3) (nat2) (ZERO)) (nat2) = qmult (nat3) (nat2) (nat2)

0 goal(s) more...

0 conjecture(s) more...
=================================================
Progress: 7


1st goal of : forall (nat1:nat) (nat2:nat), mult (nat1) (nat2) = qmult (nat1) (nat2) (ZERO)
nat1 : nat
nat3 : nat
IH1 : forall (nat2:nat), mult (nat3) (nat2) = qmult (nat3) (nat2) (ZERO)
Inductive1 : nat1 = SUCC (nat3)
nat2 : nat
---------------------------------------
plus (qmult (nat3) (nat2) (ZERO)) (nat2) = qmult (nat3) (nat2) (nat2)

0 goal(s) more...

0 conjecture(s) more...
>>> assert forall (nat2:nat) (nat3:nat), plus (qmult (nat3) (nat2) (ZERO)) (nat2) = qmult (nat3) (nat2) (nat2)(rank : 0)


1st goal of : forall (nat1:nat) (nat2:nat), plus (qmult (nat2) (nat1) (ZERO)) (nat1) = qmult (nat2) (nat1) (nat1)

---------------------------------------
forall (nat1:nat) (nat2:nat), plus (qmult (nat2) (nat1) (ZERO)) (nat1) = qmult (nat2) (nat1) (nat1)

0 goal(s) more...

1 conjecture(s) more...
Tactic List : 1
induction nat2(rank:6)
=================================================
Progress: 8


1st goal of : forall (nat1:nat) (nat2:nat), plus (qmult (nat2) (nat1) (ZERO)) (nat1) = qmult (nat2) (nat1) (nat1)

---------------------------------------
forall (nat1:nat) (nat2:nat), plus (qmult (nat2) (nat1) (ZERO)) (nat1) = qmult (nat2) (nat1) (nat1)

0 goal(s) more...

1 conjecture(s) more...
>>> induction nat2(rank : 6)


1st goal of : forall (nat1:nat) (nat2:nat), plus (qmult (nat2) (nat1) (ZERO)) (nat1) = qmult (nat2) (nat1) (nat1)
nat2 : nat
Base1 : nat2 = ZERO
---------------------------------------
forall (nat1:nat), plus (qmult (ZERO) (nat1) (ZERO)) (nat1) = qmult (ZERO) (nat1) (nat1)

1 goal(s) more...

1 conjecture(s) more...
Tactic List : 1
reflexivity(rank:5)
=================================================
Progress: 9


1st goal of : forall (nat1:nat) (nat2:nat), plus (qmult (nat2) (nat1) (ZERO)) (nat1) = qmult (nat2) (nat1) (nat1)
nat2 : nat
Base1 : nat2 = ZERO
---------------------------------------
forall (nat1:nat), plus (qmult (ZERO) (nat1) (ZERO)) (nat1) = qmult (ZERO) (nat1) (nat1)

1 goal(s) more...

1 conjecture(s) more...
>>> reflexivity(rank : 5)


1st goal of : forall (nat1:nat) (nat2:nat), plus (qmult (nat2) (nat1) (ZERO)) (nat1) = qmult (nat2) (nat1) (nat1)
nat2 : nat
nat3 : nat
IH1 : forall (nat1:nat), plus (qmult (nat3) (nat1) (ZERO)) (nat1) = qmult (nat3) (nat1) (nat1)
Inductive1 : nat2 = SUCC (nat3)
---------------------------------------
forall (nat1:nat), plus (qmult (SUCC (nat3)) (nat1) (ZERO)) (nat1) = qmult (SUCC (nat3)) (nat1) (nat1)

0 goal(s) more...

1 conjecture(s) more...
Deduplication: 0
Tactic List : 1
simpl in goal(rank:5)
=================================================
Progress: 10


1st goal of : forall (nat1:nat) (nat2:nat), plus (qmult (nat2) (nat1) (ZERO)) (nat1) = qmult (nat2) (nat1) (nat1)
nat2 : nat
nat3 : nat
IH1 : forall (nat1:nat), plus (qmult (nat3) (nat1) (ZERO)) (nat1) = qmult (nat3) (nat1) (nat1)
Inductive1 : nat2 = SUCC (nat3)
---------------------------------------
forall (nat1:nat), plus (qmult (SUCC (nat3)) (nat1) (ZERO)) (nat1) = qmult (SUCC (nat3)) (nat1) (nat1)

0 goal(s) more...

1 conjecture(s) more...
>>> simpl in goal(rank : 5)


1st goal of : forall (nat1:nat) (nat2:nat), plus (qmult (nat2) (nat1) (ZERO)) (nat1) = qmult (nat2) (nat1) (nat1)
nat2 : nat
nat3 : nat
IH1 : forall (nat1:nat), plus (qmult (nat3) (nat1) (ZERO)) (nat1) = qmult (nat3) (nat1) (nat1)
Inductive1 : nat2 = SUCC (nat3)
---------------------------------------
forall (nat1:nat), plus (qmult (nat3) (nat1) (nat1)) (nat1) = qmult (nat3) (nat1) (plus (nat1) (nat1))

0 goal(s) more...

1 conjecture(s) more...
Tactic List : 2
induction nat1(rank:14)
rewrite <- IH1 in goal at 0(rank:21)
=================================================
Progress: 11


1st goal of : forall (nat1:nat) (nat2:nat), plus (qmult (nat2) (nat1) (ZERO)) (nat1) = qmult (nat2) (nat1) (nat1)
nat2 : nat
nat3 : nat
IH1 : forall (nat1:nat), plus (qmult (nat3) (nat1) (ZERO)) (nat1) = qmult (nat3) (nat1) (nat1)
Inductive1 : nat2 = SUCC (nat3)
---------------------------------------
forall (nat1:nat), plus (qmult (nat3) (nat1) (nat1)) (nat1) = qmult (nat3) (nat1) (plus (nat1) (nat1))

0 goal(s) more...

1 conjecture(s) more...
>>> induction nat1(rank : 14)


1st goal of : forall (nat1:nat) (nat2:nat), plus (qmult (nat2) (nat1) (ZERO)) (nat1) = qmult (nat2) (nat1) (nat1)
nat2 : nat
nat3 : nat
IH1 : forall (nat1:nat), plus (qmult (nat3) (nat1) (ZERO)) (nat1) = qmult (nat3) (nat1) (nat1)
Inductive1 : nat2 = SUCC (nat3)
nat1 : nat
Base1 : nat1 = ZERO
---------------------------------------
plus (qmult (nat3) (ZERO) (ZERO)) (ZERO) = qmult (nat3) (ZERO) (plus (ZERO) (ZERO))

1 goal(s) more...

1 conjecture(s) more...
Tactic List : 1
simpl in goal(rank:6)
=================================================
Progress: 12


1st goal of : forall (nat1:nat) (nat2:nat), plus (qmult (nat2) (nat1) (ZERO)) (nat1) = qmult (nat2) (nat1) (nat1)
nat2 : nat
nat3 : nat
IH1 : forall (nat1:nat), plus (qmult (nat3) (nat1) (ZERO)) (nat1) = qmult (nat3) (nat1) (nat1)
Inductive1 : nat2 = SUCC (nat3)
nat1 : nat
Base1 : nat1 = ZERO
---------------------------------------
plus (qmult (nat3) (ZERO) (ZERO)) (ZERO) = qmult (nat3) (ZERO) (plus (ZERO) (ZERO))

1 goal(s) more...

1 conjecture(s) more...
>>> simpl in goal(rank : 6)


1st goal of : forall (nat1:nat) (nat2:nat), plus (qmult (nat2) (nat1) (ZERO)) (nat1) = qmult (nat2) (nat1) (nat1)
nat2 : nat
nat3 : nat
IH1 : forall (nat1:nat), plus (qmult (nat3) (nat1) (ZERO)) (nat1) = qmult (nat3) (nat1) (nat1)
Inductive1 : nat2 = SUCC (nat3)
nat1 : nat
Base1 : nat1 = ZERO
---------------------------------------
plus (qmult (nat3) (ZERO) (ZERO)) (ZERO) = qmult (nat3) (ZERO) (ZERO)

1 goal(s) more...

1 conjecture(s) more...
Tactic List : 4
rewrite IH1 in goal at 0(rank:14)
rewrite <- IH1 in goal at 0(rank:22)
rewrite <- IH1 in goal at 2(rank:14)
rewrite <- IH1 in goal at 1(rank:22)
=================================================
Progress: 13


1st goal of : forall (nat1:nat) (nat2:nat), plus (qmult (nat2) (nat1) (ZERO)) (nat1) = qmult (nat2) (nat1) (nat1)
nat2 : nat
nat3 : nat
IH1 : forall (nat1:nat), plus (qmult (nat3) (nat1) (ZERO)) (nat1) = qmult (nat3) (nat1) (nat1)
Inductive1 : nat2 = SUCC (nat3)
nat1 : nat
Base1 : nat1 = ZERO
---------------------------------------
plus (qmult (nat3) (ZERO) (ZERO)) (ZERO) = qmult (nat3) (ZERO) (ZERO)

1 goal(s) more...

1 conjecture(s) more...
>>> rewrite IH1 in goal at 0(rank : 14)


1st goal of : forall (nat1:nat) (nat2:nat), plus (qmult (nat2) (nat1) (ZERO)) (nat1) = qmult (nat2) (nat1) (nat1)
nat2 : nat
nat3 : nat
IH1 : forall (nat1:nat), plus (qmult (nat3) (nat1) (ZERO)) (nat1) = qmult (nat3) (nat1) (nat1)
Inductive1 : nat2 = SUCC (nat3)
nat1 : nat
Base1 : nat1 = ZERO
---------------------------------------
qmult (nat3) (ZERO) (ZERO) = qmult (nat3) (ZERO) (ZERO)

1 goal(s) more...

1 conjecture(s) more...
Tactic List : 1
reflexivity(rank:5)
=================================================
Progress: 14


1st goal of : forall (nat1:nat) (nat2:nat), plus (qmult (nat2) (nat1) (ZERO)) (nat1) = qmult (nat2) (nat1) (nat1)
nat2 : nat
nat3 : nat
IH1 : forall (nat1:nat), plus (qmult (nat3) (nat1) (ZERO)) (nat1) = qmult (nat3) (nat1) (nat1)
Inductive1 : nat2 = SUCC (nat3)
nat1 : nat
Base1 : nat1 = ZERO
---------------------------------------
qmult (nat3) (ZERO) (ZERO) = qmult (nat3) (ZERO) (ZERO)

1 goal(s) more...

1 conjecture(s) more...
>>> reflexivity(rank : 5)


1st goal of : forall (nat1:nat) (nat2:nat), plus (qmult (nat2) (nat1) (ZERO)) (nat1) = qmult (nat2) (nat1) (nat1)
nat2 : nat
nat3 : nat
IH1 : forall (nat1:nat), plus (qmult (nat3) (nat1) (ZERO)) (nat1) = qmult (nat3) (nat1) (nat1)
Inductive1 : nat2 = SUCC (nat3)
nat1 : nat
nat4 : nat
IH2 : plus (qmult (nat3) (nat4) (nat4)) (nat4) = qmult (nat3) (nat4) (plus (nat4) (nat4))
Inductive2 : nat1 = SUCC (nat4)
---------------------------------------
plus (qmult (nat3) (SUCC (nat4)) (SUCC (nat4))) (SUCC (nat4)) = qmult (nat3) (SUCC (nat4)) (plus (SUCC (nat4)) (SUCC (nat4)))

0 goal(s) more...

1 conjecture(s) more...
Deduplication: 3
Tactic List : 1
simpl in goal(rank:5)
=================================================
Progress: 15


1st goal of : forall (nat1:nat) (nat2:nat), plus (qmult (nat2) (nat1) (ZERO)) (nat1) = qmult (nat2) (nat1) (nat1)
nat2 : nat
nat3 : nat
IH1 : forall (nat1:nat), plus (qmult (nat3) (nat1) (ZERO)) (nat1) = qmult (nat3) (nat1) (nat1)
Inductive1 : nat2 = SUCC (nat3)
nat1 : nat
nat4 : nat
IH2 : plus (qmult (nat3) (nat4) (nat4)) (nat4) = qmult (nat3) (nat4) (plus (nat4) (nat4))
Inductive2 : nat1 = SUCC (nat4)
---------------------------------------
plus (qmult (nat3) (SUCC (nat4)) (SUCC (nat4))) (SUCC (nat4)) = qmult (nat3) (SUCC (nat4)) (plus (SUCC (nat4)) (SUCC (nat4)))

0 goal(s) more...

1 conjecture(s) more...
>>> simpl in goal(rank : 5)


1st goal of : forall (nat1:nat) (nat2:nat), plus (qmult (nat2) (nat1) (ZERO)) (nat1) = qmult (nat2) (nat1) (nat1)
nat2 : nat
nat3 : nat
IH1 : forall (nat1:nat), plus (qmult (nat3) (nat1) (ZERO)) (nat1) = qmult (nat3) (nat1) (nat1)
Inductive1 : nat2 = SUCC (nat3)
nat1 : nat
nat4 : nat
IH2 : plus (qmult (nat3) (nat4) (nat4)) (nat4) = qmult (nat3) (nat4) (plus (nat4) (nat4))
Inductive2 : nat1 = SUCC (nat4)
---------------------------------------
plus (qmult (nat3) (SUCC (nat4)) (SUCC (nat4))) (SUCC (nat4)) = qmult (nat3) (SUCC (nat4)) (SUCC (plus (nat4) (SUCC (nat4))))

0 goal(s) more...

1 conjecture(s) more...
Tactic List : 1
rewrite <- IH1 in goal at 0(rank:5)
=================================================
Progress: 16


1st goal of : forall (nat1:nat) (nat2:nat), plus (qmult (nat2) (nat1) (ZERO)) (nat1) = qmult (nat2) (nat1) (nat1)
nat2 : nat
nat3 : nat
IH1 : forall (nat1:nat), plus (qmult (nat3) (nat1) (ZERO)) (nat1) = qmult (nat3) (nat1) (nat1)
Inductive1 : nat2 = SUCC (nat3)
nat1 : nat
nat4 : nat
IH2 : plus (qmult (nat3) (nat4) (nat4)) (nat4) = qmult (nat3) (nat4) (plus (nat4) (nat4))
Inductive2 : nat1 = SUCC (nat4)
---------------------------------------
plus (qmult (nat3) (SUCC (nat4)) (SUCC (nat4))) (SUCC (nat4)) = qmult (nat3) (SUCC (nat4)) (SUCC (plus (nat4) (SUCC (nat4))))

0 goal(s) more...

1 conjecture(s) more...
>>> rewrite <- IH1 in goal at 0(rank : 5)


1st goal of : forall (nat1:nat) (nat2:nat), plus (qmult (nat2) (nat1) (ZERO)) (nat1) = qmult (nat2) (nat1) (nat1)
nat2 : nat
nat3 : nat
IH1 : forall (nat1:nat), plus (qmult (nat3) (nat1) (ZERO)) (nat1) = qmult (nat3) (nat1) (nat1)
Inductive1 : nat2 = SUCC (nat3)
nat1 : nat
nat4 : nat
IH2 : plus (qmult (nat3) (nat4) (nat4)) (nat4) = qmult (nat3) (nat4) (plus (nat4) (nat4))
Inductive2 : nat1 = SUCC (nat4)
---------------------------------------
plus (plus (qmult (nat3) (SUCC (nat4)) (ZERO)) (SUCC (nat4))) (SUCC (nat4)) = qmult (nat3) (SUCC (nat4)) (SUCC (plus (nat4) (SUCC (nat4))))

0 goal(s) more...

1 conjecture(s) more...
Tactic List : 0
previous tactics
simpl in goal
rewrite <- IH1 in goal at 0
New Env

;;
Lemma List
forall (arg1:nat) (nat3:nat) (nat4:nat), plus (plus (qmult (nat3) (arg1) (ZERO)) (arg1)) (arg1) = qmult (nat3) (arg1) (SUCC (plus (nat4) (arg1)))
End of Lemma List


1st goal of : forall (nat1:nat) (nat2:nat), plus (qmult (nat2) (nat1) (ZERO)) (nat1) = qmult (nat2) (nat1) (nat1)
nat2 : nat
nat3 : nat
IH1 : forall (nat1:nat), plus (qmult (nat3) (nat1) (ZERO)) (nat1) = qmult (nat3) (nat1) (nat1)
Inductive1 : nat2 = SUCC (nat3)
nat1 : nat
nat4 : nat
IH2 : plus (qmult (nat3) (nat4) (nat4)) (nat4) = qmult (nat3) (nat4) (plus (nat4) (nat4))
Inductive2 : nat1 = SUCC (nat4)
---------------------------------------
plus (plus (qmult (nat3) (SUCC (nat4)) (ZERO)) (SUCC (nat4))) (SUCC (nat4)) = qmult (nat3) (SUCC (nat4)) (SUCC (plus (nat4) (SUCC (nat4))))

0 goal(s) more...

1 conjecture(s) more...
=================================================
Progress: 17


1st goal of : forall (nat1:nat) (nat2:nat), plus (qmult (nat2) (nat1) (ZERO)) (nat1) = qmult (nat2) (nat1) (nat1)
nat2 : nat
nat3 : nat
IH1 : forall (nat1:nat), plus (qmult (nat3) (nat1) (ZERO)) (nat1) = qmult (nat3) (nat1) (nat1)
Inductive1 : nat2 = SUCC (nat3)
nat1 : nat
nat4 : nat
IH2 : plus (qmult (nat3) (nat4) (nat4)) (nat4) = qmult (nat3) (nat4) (plus (nat4) (nat4))
Inductive2 : nat1 = SUCC (nat4)
---------------------------------------
plus (plus (qmult (nat3) (SUCC (nat4)) (ZERO)) (SUCC (nat4))) (SUCC (nat4)) = qmult (nat3) (SUCC (nat4)) (SUCC (plus (nat4) (SUCC (nat4))))

0 goal(s) more...

1 conjecture(s) more...
>>> assert forall (arg1:nat) (nat3:nat) (nat4:nat), plus (plus (qmult (nat3) (arg1) (ZERO)) (arg1)) (arg1) = qmult (nat3) (arg1) (SUCC (plus (nat4) (arg1)))(rank : 0)


1st goal of : forall (nat1:nat) (nat2:nat) (nat3:nat), plus (plus (qmult (nat2) (nat1) (ZERO)) (nat1)) (nat1) = qmult (nat2) (nat1) (SUCC (plus (nat3) (nat1)))

---------------------------------------
forall (nat1:nat) (nat2:nat) (nat3:nat), plus (plus (qmult (nat2) (nat1) (ZERO)) (nat1)) (nat1) = qmult (nat2) (nat1) (SUCC (plus (nat3) (nat1)))

0 goal(s) more...

2 conjecture(s) more...
Tactic List : 1
induction nat2(rank:8)
=================================================
Progress: 18


1st goal of : forall (nat1:nat) (nat2:nat) (nat3:nat), plus (plus (qmult (nat2) (nat1) (ZERO)) (nat1)) (nat1) = qmult (nat2) (nat1) (SUCC (plus (nat3) (nat1)))

---------------------------------------
forall (nat1:nat) (nat2:nat) (nat3:nat), plus (plus (qmult (nat2) (nat1) (ZERO)) (nat1)) (nat1) = qmult (nat2) (nat1) (SUCC (plus (nat3) (nat1)))

0 goal(s) more...

2 conjecture(s) more...
>>> induction nat2(rank : 8)


1st goal of : forall (nat1:nat) (nat2:nat) (nat3:nat), plus (plus (qmult (nat2) (nat1) (ZERO)) (nat1)) (nat1) = qmult (nat2) (nat1) (SUCC (plus (nat3) (nat1)))
nat2 : nat
Base1 : nat2 = ZERO
---------------------------------------
forall (nat1:nat) (nat3:nat), plus (plus (qmult (ZERO) (nat1) (ZERO)) (nat1)) (nat1) = qmult (ZERO) (nat1) (SUCC (plus (nat3) (nat1)))

1 goal(s) more...

2 conjecture(s) more...
Tactic List : 1
simpl in goal(rank:8)
=================================================
Progress: 19


1st goal of : forall (nat1:nat) (nat2:nat) (nat3:nat), plus (plus (qmult (nat2) (nat1) (ZERO)) (nat1)) (nat1) = qmult (nat2) (nat1) (SUCC (plus (nat3) (nat1)))
nat2 : nat
Base1 : nat2 = ZERO
---------------------------------------
forall (nat1:nat) (nat3:nat), plus (plus (qmult (ZERO) (nat1) (ZERO)) (nat1)) (nat1) = qmult (ZERO) (nat1) (SUCC (plus (nat3) (nat1)))

1 goal(s) more...

2 conjecture(s) more...
>>> simpl in goal(rank : 8)


1st goal of : forall (nat1:nat) (nat2:nat) (nat3:nat), plus (plus (qmult (nat2) (nat1) (ZERO)) (nat1)) (nat1) = qmult (nat2) (nat1) (SUCC (plus (nat3) (nat1)))
nat2 : nat
Base1 : nat2 = ZERO
---------------------------------------
forall (nat1:nat) (nat3:nat), plus (nat1) (nat1) = SUCC (plus (nat3) (nat1))

1 goal(s) more...

2 conjecture(s) more...
Tactic List : 2
induction nat1(rank:17)
induction nat3(rank:17)
=================================================
Progress: 20


1st goal of : forall (nat1:nat) (nat2:nat) (nat3:nat), plus (plus (qmult (nat2) (nat1) (ZERO)) (nat1)) (nat1) = qmult (nat2) (nat1) (SUCC (plus (nat3) (nat1)))
nat2 : nat
Base1 : nat2 = ZERO
---------------------------------------
forall (nat1:nat) (nat3:nat), plus (nat1) (nat1) = SUCC (plus (nat3) (nat1))

1 goal(s) more...

2 conjecture(s) more...
>>> induction nat1(rank : 17)


1st goal of : forall (nat1:nat) (nat2:nat) (nat3:nat), plus (plus (qmult (nat2) (nat1) (ZERO)) (nat1)) (nat1) = qmult (nat2) (nat1) (SUCC (plus (nat3) (nat1)))
nat2 : nat
Base1 : nat2 = ZERO
nat1 : nat
Base2 : nat1 = ZERO
---------------------------------------
forall (nat3:nat), plus (ZERO) (ZERO) = SUCC (plus (nat3) (ZERO))

2 goal(s) more...

2 conjecture(s) more...
Tactic List : 1
simpl in goal(rank:9)
=================================================
Progress: 21


1st goal of : forall (nat1:nat) (nat2:nat) (nat3:nat), plus (plus (qmult (nat2) (nat1) (ZERO)) (nat1)) (nat1) = qmult (nat2) (nat1) (SUCC (plus (nat3) (nat1)))
nat2 : nat
Base1 : nat2 = ZERO
nat1 : nat
Base2 : nat1 = ZERO
---------------------------------------
forall (nat3:nat), plus (ZERO) (ZERO) = SUCC (plus (nat3) (ZERO))

2 goal(s) more...

2 conjecture(s) more...
>>> simpl in goal(rank : 9)


1st goal of : forall (nat1:nat) (nat2:nat) (nat3:nat), plus (plus (qmult (nat2) (nat1) (ZERO)) (nat1)) (nat1) = qmult (nat2) (nat1) (SUCC (plus (nat3) (nat1)))
nat2 : nat
Base1 : nat2 = ZERO
nat1 : nat
Base2 : nat1 = ZERO
---------------------------------------
forall (nat3:nat), ZERO = SUCC (plus (nat3) (ZERO))

2 goal(s) more...

2 conjecture(s) more...
Tactic List : 1
induction nat3(rank:10)
=================================================
Progress: 22


1st goal of : forall (nat1:nat) (nat2:nat) (nat3:nat), plus (plus (qmult (nat2) (nat1) (ZERO)) (nat1)) (nat1) = qmult (nat2) (nat1) (SUCC (plus (nat3) (nat1)))
nat2 : nat
Base1 : nat2 = ZERO
nat1 : nat
Base2 : nat1 = ZERO
---------------------------------------
forall (nat3:nat), ZERO = SUCC (plus (nat3) (ZERO))

2 goal(s) more...

2 conjecture(s) more...
>>> induction nat3(rank : 10)


1st goal of : forall (nat1:nat) (nat2:nat) (nat3:nat), plus (plus (qmult (nat2) (nat1) (ZERO)) (nat1)) (nat1) = qmult (nat2) (nat1) (SUCC (plus (nat3) (nat1)))
nat2 : nat
Base1 : nat2 = ZERO
nat1 : nat
Base2 : nat1 = ZERO
nat3 : nat
Base3 : nat3 = ZERO
---------------------------------------
ZERO = SUCC (plus (ZERO) (ZERO))

3 goal(s) more...

2 conjecture(s) more...
Tactic List : 1
simpl in goal(rank:10)
=================================================
Progress: 23


1st goal of : forall (nat1:nat) (nat2:nat) (nat3:nat), plus (plus (qmult (nat2) (nat1) (ZERO)) (nat1)) (nat1) = qmult (nat2) (nat1) (SUCC (plus (nat3) (nat1)))
nat2 : nat
Base1 : nat2 = ZERO
nat1 : nat
Base2 : nat1 = ZERO
nat3 : nat
Base3 : nat3 = ZERO
---------------------------------------
ZERO = SUCC (plus (ZERO) (ZERO))

3 goal(s) more...

2 conjecture(s) more...
>>> simpl in goal(rank : 10)


1st goal of : forall (nat1:nat) (nat2:nat) (nat3:nat), plus (plus (qmult (nat2) (nat1) (ZERO)) (nat1)) (nat1) = qmult (nat2) (nat1) (SUCC (plus (nat3) (nat1)))
nat2 : nat
Base1 : nat2 = ZERO
nat1 : nat
Base2 : nat1 = ZERO
nat3 : nat
Base3 : nat3 = ZERO
---------------------------------------
ZERO = SUCC (ZERO)

3 goal(s) more...

2 conjecture(s) more...
Tactic List : 0
previous tactics
simpl in goal
=================================================
Progress: 24


1st goal of : forall (nat1:nat) (nat2:nat) (nat3:nat), plus (plus (qmult (nat2) (nat1) (ZERO)) (nat1)) (nat1) = qmult (nat2) (nat1) (SUCC (plus (nat3) (nat1)))
nat2 : nat
Base1 : nat2 = ZERO
---------------------------------------
forall (nat1:nat) (nat3:nat), plus (nat1) (nat1) = SUCC (plus (nat3) (nat1))

1 goal(s) more...

2 conjecture(s) more...
>>> induction nat3(rank : 17)


1st goal of : forall (nat1:nat) (nat2:nat) (nat3:nat), plus (plus (qmult (nat2) (nat1) (ZERO)) (nat1)) (nat1) = qmult (nat2) (nat1) (SUCC (plus (nat3) (nat1)))
nat2 : nat
Base1 : nat2 = ZERO
nat3 : nat
Base2 : nat3 = ZERO
---------------------------------------
forall (nat1:nat), plus (nat1) (nat1) = SUCC (plus (ZERO) (nat1))

2 goal(s) more...

2 conjecture(s) more...
Tactic List : 1
simpl in goal(rank:9)
=================================================
Progress: 25


1st goal of : forall (nat1:nat) (nat2:nat) (nat3:nat), plus (plus (qmult (nat2) (nat1) (ZERO)) (nat1)) (nat1) = qmult (nat2) (nat1) (SUCC (plus (nat3) (nat1)))
nat2 : nat
Base1 : nat2 = ZERO
nat3 : nat
Base2 : nat3 = ZERO
---------------------------------------
forall (nat1:nat), plus (nat1) (nat1) = SUCC (plus (ZERO) (nat1))

2 goal(s) more...

2 conjecture(s) more...
>>> simpl in goal(rank : 9)


1st goal of : forall (nat1:nat) (nat2:nat) (nat3:nat), plus (plus (qmult (nat2) (nat1) (ZERO)) (nat1)) (nat1) = qmult (nat2) (nat1) (SUCC (plus (nat3) (nat1)))
nat2 : nat
Base1 : nat2 = ZERO
nat3 : nat
Base2 : nat3 = ZERO
---------------------------------------
forall (nat1:nat), plus (nat1) (nat1) = SUCC (nat1)

2 goal(s) more...

2 conjecture(s) more...
Tactic List : 1
induction nat1(rank:10)
=================================================
Progress: 26


1st goal of : forall (nat1:nat) (nat2:nat) (nat3:nat), plus (plus (qmult (nat2) (nat1) (ZERO)) (nat1)) (nat1) = qmult (nat2) (nat1) (SUCC (plus (nat3) (nat1)))
nat2 : nat
Base1 : nat2 = ZERO
nat3 : nat
Base2 : nat3 = ZERO
---------------------------------------
forall (nat1:nat), plus (nat1) (nat1) = SUCC (nat1)

2 goal(s) more...

2 conjecture(s) more...
>>> induction nat1(rank : 10)


1st goal of : forall (nat1:nat) (nat2:nat) (nat3:nat), plus (plus (qmult (nat2) (nat1) (ZERO)) (nat1)) (nat1) = qmult (nat2) (nat1) (SUCC (plus (nat3) (nat1)))
nat2 : nat
Base1 : nat2 = ZERO
nat3 : nat
Base2 : nat3 = ZERO
nat1 : nat
Base3 : nat1 = ZERO
---------------------------------------
plus (ZERO) (ZERO) = SUCC (ZERO)

3 goal(s) more...

2 conjecture(s) more...
Tactic List : 1
simpl in goal(rank:10)
=================================================
Progress: 27


1st goal of : forall (nat1:nat) (nat2:nat) (nat3:nat), plus (plus (qmult (nat2) (nat1) (ZERO)) (nat1)) (nat1) = qmult (nat2) (nat1) (SUCC (plus (nat3) (nat1)))
nat2 : nat
Base1 : nat2 = ZERO
nat3 : nat
Base2 : nat3 = ZERO
nat1 : nat
Base3 : nat1 = ZERO
---------------------------------------
plus (ZERO) (ZERO) = SUCC (ZERO)

3 goal(s) more...

2 conjecture(s) more...
>>> simpl in goal(rank : 10)


1st goal of : forall (nat1:nat) (nat2:nat) (nat3:nat), plus (plus (qmult (nat2) (nat1) (ZERO)) (nat1)) (nat1) = qmult (nat2) (nat1) (SUCC (plus (nat3) (nat1)))
nat2 : nat
Base1 : nat2 = ZERO
nat3 : nat
Base2 : nat3 = ZERO
nat1 : nat
Base3 : nat1 = ZERO
---------------------------------------
ZERO = SUCC (ZERO)

3 goal(s) more...

2 conjecture(s) more...
Tactic List : 0
previous tactics
simpl in goal
=================================================
Progress: 28


1st goal of : forall (nat1:nat) (nat2:nat), mult (nat1) (nat2) = qmult (nat1) (nat2) (ZERO)
nat1 : nat
nat3 : nat
IH1 : forall (nat2:nat), mult (nat3) (nat2) = qmult (nat3) (nat2) (ZERO)
Inductive1 : nat1 = SUCC (nat3)
---------------------------------------
forall (nat2:nat), plus (mult (nat3) (nat2)) (nat2) = qmult (nat3) (nat2) (nat2)

0 goal(s) more...

0 conjecture(s) more...
>>> rewrite IH1 in goal at 0(rank : 19)


1st goal of : forall (nat1:nat) (nat2:nat), mult (nat1) (nat2) = qmult (nat1) (nat2) (ZERO)
nat1 : nat
nat3 : nat
IH1 : forall (nat2:nat), mult (nat3) (nat2) = qmult (nat3) (nat2) (ZERO)
Inductive1 : nat1 = SUCC (nat3)
---------------------------------------
forall (nat2:nat), plus (qmult (nat3) (nat2) (ZERO)) (nat2) = qmult (nat3) (nat2) (nat2)

0 goal(s) more...

0 conjecture(s) more...
Tactic List : 0
previous tactics
simpl in goal
rewrite IH1 in goal at 0
=================================================
Progress: 29


1st goal of : forall (nat1:nat) (nat2:nat), plus (qmult (nat2) (nat1) (ZERO)) (nat1) = qmult (nat2) (nat1) (nat1)
nat2 : nat
nat3 : nat
IH1 : forall (nat1:nat), plus (qmult (nat3) (nat1) (ZERO)) (nat1) = qmult (nat3) (nat1) (nat1)
Inductive1 : nat2 = SUCC (nat3)
---------------------------------------
forall (nat1:nat), plus (qmult (nat3) (nat1) (nat1)) (nat1) = qmult (nat3) (nat1) (plus (nat1) (nat1))

0 goal(s) more...

1 conjecture(s) more...
>>> rewrite <- IH1 in goal at 0(rank : 21)


1st goal of : forall (nat1:nat) (nat2:nat), plus (qmult (nat2) (nat1) (ZERO)) (nat1) = qmult (nat2) (nat1) (nat1)
nat2 : nat
nat3 : nat
IH1 : forall (nat1:nat), plus (qmult (nat3) (nat1) (ZERO)) (nat1) = qmult (nat3) (nat1) (nat1)
Inductive1 : nat2 = SUCC (nat3)
---------------------------------------
forall (nat1:nat), plus (plus (qmult (nat3) (nat1) (ZERO)) (nat1)) (nat1) = qmult (nat3) (nat1) (plus (nat1) (nat1))

0 goal(s) more...

1 conjecture(s) more...
Tactic List : 1
induction nat1(rank:6)
=================================================
Progress: 30


1st goal of : forall (nat1:nat) (nat2:nat), plus (qmult (nat2) (nat1) (ZERO)) (nat1) = qmult (nat2) (nat1) (nat1)
nat2 : nat
nat3 : nat
IH1 : forall (nat1:nat), plus (qmult (nat3) (nat1) (ZERO)) (nat1) = qmult (nat3) (nat1) (nat1)
Inductive1 : nat2 = SUCC (nat3)
---------------------------------------
forall (nat1:nat), plus (plus (qmult (nat3) (nat1) (ZERO)) (nat1)) (nat1) = qmult (nat3) (nat1) (plus (nat1) (nat1))

0 goal(s) more...

1 conjecture(s) more...
>>> induction nat1(rank : 6)


1st goal of : forall (nat1:nat) (nat2:nat), plus (qmult (nat2) (nat1) (ZERO)) (nat1) = qmult (nat2) (nat1) (nat1)
nat2 : nat
nat3 : nat
IH1 : forall (nat1:nat), plus (qmult (nat3) (nat1) (ZERO)) (nat1) = qmult (nat3) (nat1) (nat1)
Inductive1 : nat2 = SUCC (nat3)
nat1 : nat
Base1 : nat1 = ZERO
---------------------------------------
plus (plus (qmult (nat3) (ZERO) (ZERO)) (ZERO)) (ZERO) = qmult (nat3) (ZERO) (plus (ZERO) (ZERO))

1 goal(s) more...

1 conjecture(s) more...
Tactic List : 1
simpl in goal(rank:6)
=================================================
Progress: 31


1st goal of : forall (nat1:nat) (nat2:nat), plus (qmult (nat2) (nat1) (ZERO)) (nat1) = qmult (nat2) (nat1) (nat1)
nat2 : nat
nat3 : nat
IH1 : forall (nat1:nat), plus (qmult (nat3) (nat1) (ZERO)) (nat1) = qmult (nat3) (nat1) (nat1)
Inductive1 : nat2 = SUCC (nat3)
nat1 : nat
Base1 : nat1 = ZERO
---------------------------------------
plus (plus (qmult (nat3) (ZERO) (ZERO)) (ZERO)) (ZERO) = qmult (nat3) (ZERO) (plus (ZERO) (ZERO))

1 goal(s) more...

1 conjecture(s) more...
>>> simpl in goal(rank : 6)


1st goal of : forall (nat1:nat) (nat2:nat), plus (qmult (nat2) (nat1) (ZERO)) (nat1) = qmult (nat2) (nat1) (nat1)
nat2 : nat
nat3 : nat
IH1 : forall (nat1:nat), plus (qmult (nat3) (nat1) (ZERO)) (nat1) = qmult (nat3) (nat1) (nat1)
Inductive1 : nat2 = SUCC (nat3)
nat1 : nat
Base1 : nat1 = ZERO
---------------------------------------
plus (plus (qmult (nat3) (ZERO) (ZERO)) (ZERO)) (ZERO) = qmult (nat3) (ZERO) (ZERO)

1 goal(s) more...

1 conjecture(s) more...
Tactic List : 4
rewrite IH1 in goal at 0(rank:14)
rewrite <- IH1 in goal at 0(rank:22)
rewrite <- IH1 in goal at 2(rank:14)
rewrite <- IH1 in goal at 1(rank:22)
=================================================
Progress: 32


1st goal of : forall (nat1:nat) (nat2:nat), plus (qmult (nat2) (nat1) (ZERO)) (nat1) = qmult (nat2) (nat1) (nat1)
nat2 : nat
nat3 : nat
IH1 : forall (nat1:nat), plus (qmult (nat3) (nat1) (ZERO)) (nat1) = qmult (nat3) (nat1) (nat1)
Inductive1 : nat2 = SUCC (nat3)
nat1 : nat
Base1 : nat1 = ZERO
---------------------------------------
plus (plus (qmult (nat3) (ZERO) (ZERO)) (ZERO)) (ZERO) = qmult (nat3) (ZERO) (ZERO)

1 goal(s) more...

1 conjecture(s) more...
>>> rewrite IH1 in goal at 0(rank : 14)


1st goal of : forall (nat1:nat) (nat2:nat), plus (qmult (nat2) (nat1) (ZERO)) (nat1) = qmult (nat2) (nat1) (nat1)
nat2 : nat
nat3 : nat
IH1 : forall (nat1:nat), plus (qmult (nat3) (nat1) (ZERO)) (nat1) = qmult (nat3) (nat1) (nat1)
Inductive1 : nat2 = SUCC (nat3)
nat1 : nat
Base1 : nat1 = ZERO
---------------------------------------
plus (qmult (nat3) (ZERO) (ZERO)) (ZERO) = qmult (nat3) (ZERO) (ZERO)

1 goal(s) more...

1 conjecture(s) more...
Tactic List : 2
rewrite IH1 in goal at 0(rank:14)
rewrite <- IH1 in goal at 2(rank:14)
=================================================
Progress: 33


1st goal of : forall (nat1:nat) (nat2:nat), plus (qmult (nat2) (nat1) (ZERO)) (nat1) = qmult (nat2) (nat1) (nat1)
nat2 : nat
nat3 : nat
IH1 : forall (nat1:nat), plus (qmult (nat3) (nat1) (ZERO)) (nat1) = qmult (nat3) (nat1) (nat1)
Inductive1 : nat2 = SUCC (nat3)
nat1 : nat
Base1 : nat1 = ZERO
---------------------------------------
plus (plus (qmult (nat3) (ZERO) (ZERO)) (ZERO)) (ZERO) = qmult (nat3) (ZERO) (ZERO)

1 goal(s) more...

1 conjecture(s) more...
>>> rewrite <- IH1 in goal at 2(rank : 14)


1st goal of : forall (nat1:nat) (nat2:nat), plus (qmult (nat2) (nat1) (ZERO)) (nat1) = qmult (nat2) (nat1) (nat1)
nat2 : nat
nat3 : nat
IH1 : forall (nat1:nat), plus (qmult (nat3) (nat1) (ZERO)) (nat1) = qmult (nat3) (nat1) (nat1)
Inductive1 : nat2 = SUCC (nat3)
nat1 : nat
Base1 : nat1 = ZERO
---------------------------------------
plus (plus (qmult (nat3) (ZERO) (ZERO)) (ZERO)) (ZERO) = plus (qmult (nat3) (ZERO) (ZERO)) (ZERO)

1 goal(s) more...

1 conjecture(s) more...
Tactic List : 2
rewrite <- IH1 in goal at 2(rank:14)
rewrite <- IH1 in goal at 0(rank:22)
=================================================
Progress: 34


1st goal of : forall (nat1:nat) (nat2:nat), plus (qmult (nat2) (nat1) (ZERO)) (nat1) = qmult (nat2) (nat1) (nat1)
nat2 : nat
nat3 : nat
IH1 : forall (nat1:nat), plus (qmult (nat3) (nat1) (ZERO)) (nat1) = qmult (nat3) (nat1) (nat1)
Inductive1 : nat2 = SUCC (nat3)
nat1 : nat
Base1 : nat1 = ZERO
---------------------------------------
plus (qmult (nat3) (ZERO) (ZERO)) (ZERO) = qmult (nat3) (ZERO) (ZERO)

1 goal(s) more...

1 conjecture(s) more...
>>> rewrite IH1 in goal at 0(rank : 14)


1st goal of : forall (nat1:nat) (nat2:nat), plus (qmult (nat2) (nat1) (ZERO)) (nat1) = qmult (nat2) (nat1) (nat1)
nat2 : nat
nat3 : nat
IH1 : forall (nat1:nat), plus (qmult (nat3) (nat1) (ZERO)) (nat1) = qmult (nat3) (nat1) (nat1)
Inductive1 : nat2 = SUCC (nat3)
nat1 : nat
Base1 : nat1 = ZERO
---------------------------------------
qmult (nat3) (ZERO) (ZERO) = qmult (nat3) (ZERO) (ZERO)

1 goal(s) more...

1 conjecture(s) more...
Tactic List : 1
reflexivity(rank:5)
=================================================
Progress: 35


1st goal of : forall (nat1:nat) (nat2:nat), plus (qmult (nat2) (nat1) (ZERO)) (nat1) = qmult (nat2) (nat1) (nat1)
nat2 : nat
nat3 : nat
IH1 : forall (nat1:nat), plus (qmult (nat3) (nat1) (ZERO)) (nat1) = qmult (nat3) (nat1) (nat1)
Inductive1 : nat2 = SUCC (nat3)
nat1 : nat
Base1 : nat1 = ZERO
---------------------------------------
qmult (nat3) (ZERO) (ZERO) = qmult (nat3) (ZERO) (ZERO)

1 goal(s) more...

1 conjecture(s) more...
>>> reflexivity(rank : 5)


1st goal of : forall (nat1:nat) (nat2:nat), plus (qmult (nat2) (nat1) (ZERO)) (nat1) = qmult (nat2) (nat1) (nat1)
nat2 : nat
nat3 : nat
IH1 : forall (nat1:nat), plus (qmult (nat3) (nat1) (ZERO)) (nat1) = qmult (nat3) (nat1) (nat1)
Inductive1 : nat2 = SUCC (nat3)
nat1 : nat
nat4 : nat
IH2 : plus (plus (qmult (nat3) (nat4) (ZERO)) (nat4)) (nat4) = qmult (nat3) (nat4) (plus (nat4) (nat4))
Inductive2 : nat1 = SUCC (nat4)
---------------------------------------
plus (plus (qmult (nat3) (SUCC (nat4)) (ZERO)) (SUCC (nat4))) (SUCC (nat4)) = qmult (nat3) (SUCC (nat4)) (plus (SUCC (nat4)) (SUCC (nat4)))

0 goal(s) more...

1 conjecture(s) more...
Deduplication: 5
Tactic List : 1
simpl in goal(rank:5)
=================================================
Progress: 36


1st goal of : forall (nat1:nat) (nat2:nat), plus (qmult (nat2) (nat1) (ZERO)) (nat1) = qmult (nat2) (nat1) (nat1)
nat2 : nat
nat3 : nat
IH1 : forall (nat1:nat), plus (qmult (nat3) (nat1) (ZERO)) (nat1) = qmult (nat3) (nat1) (nat1)
Inductive1 : nat2 = SUCC (nat3)
nat1 : nat
nat4 : nat
IH2 : plus (plus (qmult (nat3) (nat4) (ZERO)) (nat4)) (nat4) = qmult (nat3) (nat4) (plus (nat4) (nat4))
Inductive2 : nat1 = SUCC (nat4)
---------------------------------------
plus (plus (qmult (nat3) (SUCC (nat4)) (ZERO)) (SUCC (nat4))) (SUCC (nat4)) = qmult (nat3) (SUCC (nat4)) (plus (SUCC (nat4)) (SUCC (nat4)))

0 goal(s) more...

1 conjecture(s) more...
>>> simpl in goal(rank : 5)


1st goal of : forall (nat1:nat) (nat2:nat), plus (qmult (nat2) (nat1) (ZERO)) (nat1) = qmult (nat2) (nat1) (nat1)
nat2 : nat
nat3 : nat
IH1 : forall (nat1:nat), plus (qmult (nat3) (nat1) (ZERO)) (nat1) = qmult (nat3) (nat1) (nat1)
Inductive1 : nat2 = SUCC (nat3)
nat1 : nat
nat4 : nat
IH2 : plus (plus (qmult (nat3) (nat4) (ZERO)) (nat4)) (nat4) = qmult (nat3) (nat4) (plus (nat4) (nat4))
Inductive2 : nat1 = SUCC (nat4)
---------------------------------------
plus (plus (qmult (nat3) (SUCC (nat4)) (ZERO)) (SUCC (nat4))) (SUCC (nat4)) = qmult (nat3) (SUCC (nat4)) (SUCC (plus (nat4) (SUCC (nat4))))

0 goal(s) more...

1 conjecture(s) more...
Tactic List : 1
rewrite IH1 in goal at 0(rank:5)
=================================================
Progress: 37


1st goal of : forall (nat1:nat) (nat2:nat), plus (qmult (nat2) (nat1) (ZERO)) (nat1) = qmult (nat2) (nat1) (nat1)
nat2 : nat
nat3 : nat
IH1 : forall (nat1:nat), plus (qmult (nat3) (nat1) (ZERO)) (nat1) = qmult (nat3) (nat1) (nat1)
Inductive1 : nat2 = SUCC (nat3)
nat1 : nat
nat4 : nat
IH2 : plus (plus (qmult (nat3) (nat4) (ZERO)) (nat4)) (nat4) = qmult (nat3) (nat4) (plus (nat4) (nat4))
Inductive2 : nat1 = SUCC (nat4)
---------------------------------------
plus (plus (qmult (nat3) (SUCC (nat4)) (ZERO)) (SUCC (nat4))) (SUCC (nat4)) = qmult (nat3) (SUCC (nat4)) (SUCC (plus (nat4) (SUCC (nat4))))

0 goal(s) more...

1 conjecture(s) more...
>>> rewrite IH1 in goal at 0(rank : 5)


1st goal of : forall (nat1:nat) (nat2:nat), plus (qmult (nat2) (nat1) (ZERO)) (nat1) = qmult (nat2) (nat1) (nat1)
nat2 : nat
nat3 : nat
IH1 : forall (nat1:nat), plus (qmult (nat3) (nat1) (ZERO)) (nat1) = qmult (nat3) (nat1) (nat1)
Inductive1 : nat2 = SUCC (nat3)
nat1 : nat
nat4 : nat
IH2 : plus (plus (qmult (nat3) (nat4) (ZERO)) (nat4)) (nat4) = qmult (nat3) (nat4) (plus (nat4) (nat4))
Inductive2 : nat1 = SUCC (nat4)
---------------------------------------
plus (qmult (nat3) (SUCC (nat4)) (SUCC (nat4))) (SUCC (nat4)) = qmult (nat3) (SUCC (nat4)) (SUCC (plus (nat4) (SUCC (nat4))))

0 goal(s) more...

1 conjecture(s) more...
Tactic List : 0
previous tactics
simpl in goal
rewrite IH1 in goal at 0
New Env

;;
Lemma List
forall (arg2:nat) (nat3:nat) (nat4:nat), plus (qmult (nat3) (arg2) (arg2)) (arg2) = qmult (nat3) (arg2) (SUCC (plus (nat4) (arg2)))
End of Lemma List


1st goal of : forall (nat1:nat) (nat2:nat), plus (qmult (nat2) (nat1) (ZERO)) (nat1) = qmult (nat2) (nat1) (nat1)
nat2 : nat
nat3 : nat
IH1 : forall (nat1:nat), plus (qmult (nat3) (nat1) (ZERO)) (nat1) = qmult (nat3) (nat1) (nat1)
Inductive1 : nat2 = SUCC (nat3)
nat1 : nat
nat4 : nat
IH2 : plus (plus (qmult (nat3) (nat4) (ZERO)) (nat4)) (nat4) = qmult (nat3) (nat4) (plus (nat4) (nat4))
Inductive2 : nat1 = SUCC (nat4)
---------------------------------------
plus (qmult (nat3) (SUCC (nat4)) (SUCC (nat4))) (SUCC (nat4)) = qmult (nat3) (SUCC (nat4)) (SUCC (plus (nat4) (SUCC (nat4))))

0 goal(s) more...

1 conjecture(s) more...
=================================================
Progress: 38


1st goal of : forall (nat1:nat) (nat2:nat), plus (qmult (nat2) (nat1) (ZERO)) (nat1) = qmult (nat2) (nat1) (nat1)
nat2 : nat
nat3 : nat
IH1 : forall (nat1:nat), plus (qmult (nat3) (nat1) (ZERO)) (nat1) = qmult (nat3) (nat1) (nat1)
Inductive1 : nat2 = SUCC (nat3)
nat1 : nat
nat4 : nat
IH2 : plus (plus (qmult (nat3) (nat4) (ZERO)) (nat4)) (nat4) = qmult (nat3) (nat4) (plus (nat4) (nat4))
Inductive2 : nat1 = SUCC (nat4)
---------------------------------------
plus (qmult (nat3) (SUCC (nat4)) (SUCC (nat4))) (SUCC (nat4)) = qmult (nat3) (SUCC (nat4)) (SUCC (plus (nat4) (SUCC (nat4))))

0 goal(s) more...

1 conjecture(s) more...
>>> assert forall (arg2:nat) (nat3:nat) (nat4:nat), plus (qmult (nat3) (arg2) (arg2)) (arg2) = qmult (nat3) (arg2) (SUCC (plus (nat4) (arg2)))(rank : 0)


1st goal of : forall (nat1:nat) (nat2:nat) (nat3:nat), plus (qmult (nat2) (nat1) (nat1)) (nat1) = qmult (nat2) (nat1) (SUCC (plus (nat3) (nat1)))

---------------------------------------
forall (nat1:nat) (nat2:nat) (nat3:nat), plus (qmult (nat2) (nat1) (nat1)) (nat1) = qmult (nat2) (nat1) (SUCC (plus (nat3) (nat1)))

0 goal(s) more...

2 conjecture(s) more...
Tactic List : 1
induction nat2(rank:8)
=================================================
Progress: 39


1st goal of : forall (nat1:nat) (nat2:nat) (nat3:nat), plus (qmult (nat2) (nat1) (nat1)) (nat1) = qmult (nat2) (nat1) (SUCC (plus (nat3) (nat1)))

---------------------------------------
forall (nat1:nat) (nat2:nat) (nat3:nat), plus (qmult (nat2) (nat1) (nat1)) (nat1) = qmult (nat2) (nat1) (SUCC (plus (nat3) (nat1)))

0 goal(s) more...

2 conjecture(s) more...
>>> induction nat2(rank : 8)


1st goal of : forall (nat1:nat) (nat2:nat) (nat3:nat), plus (qmult (nat2) (nat1) (nat1)) (nat1) = qmult (nat2) (nat1) (SUCC (plus (nat3) (nat1)))
nat2 : nat
Base1 : nat2 = ZERO
---------------------------------------
forall (nat1:nat) (nat3:nat), plus (qmult (ZERO) (nat1) (nat1)) (nat1) = qmult (ZERO) (nat1) (SUCC (plus (nat3) (nat1)))

1 goal(s) more...

2 conjecture(s) more...
Tactic List : 1
simpl in goal(rank:8)
=================================================
Progress: 40


1st goal of : forall (nat1:nat) (nat2:nat) (nat3:nat), plus (qmult (nat2) (nat1) (nat1)) (nat1) = qmult (nat2) (nat1) (SUCC (plus (nat3) (nat1)))
nat2 : nat
Base1 : nat2 = ZERO
---------------------------------------
forall (nat1:nat) (nat3:nat), plus (qmult (ZERO) (nat1) (nat1)) (nat1) = qmult (ZERO) (nat1) (SUCC (plus (nat3) (nat1)))

1 goal(s) more...

2 conjecture(s) more...
>>> simpl in goal(rank : 8)


1st goal of : forall (nat1:nat) (nat2:nat) (nat3:nat), plus (qmult (nat2) (nat1) (nat1)) (nat1) = qmult (nat2) (nat1) (SUCC (plus (nat3) (nat1)))
nat2 : nat
Base1 : nat2 = ZERO
---------------------------------------
forall (nat1:nat) (nat3:nat), plus (nat1) (nat1) = SUCC (plus (nat3) (nat1))

1 goal(s) more...

2 conjecture(s) more...
Tactic List : 2
induction nat1(rank:17)
induction nat3(rank:17)
=================================================
Progress: 41


1st goal of : forall (nat1:nat) (nat2:nat) (nat3:nat), plus (qmult (nat2) (nat1) (nat1)) (nat1) = qmult (nat2) (nat1) (SUCC (plus (nat3) (nat1)))
nat2 : nat
Base1 : nat2 = ZERO
---------------------------------------
forall (nat1:nat) (nat3:nat), plus (nat1) (nat1) = SUCC (plus (nat3) (nat1))

1 goal(s) more...

2 conjecture(s) more...
>>> induction nat1(rank : 17)


1st goal of : forall (nat1:nat) (nat2:nat) (nat3:nat), plus (qmult (nat2) (nat1) (nat1)) (nat1) = qmult (nat2) (nat1) (SUCC (plus (nat3) (nat1)))
nat2 : nat
Base1 : nat2 = ZERO
nat1 : nat
Base2 : nat1 = ZERO
---------------------------------------
forall (nat3:nat), plus (ZERO) (ZERO) = SUCC (plus (nat3) (ZERO))

2 goal(s) more...

2 conjecture(s) more...
Tactic List : 1
simpl in goal(rank:9)
=================================================
Progress: 42


1st goal of : forall (nat1:nat) (nat2:nat) (nat3:nat), plus (qmult (nat2) (nat1) (nat1)) (nat1) = qmult (nat2) (nat1) (SUCC (plus (nat3) (nat1)))
nat2 : nat
Base1 : nat2 = ZERO
nat1 : nat
Base2 : nat1 = ZERO
---------------------------------------
forall (nat3:nat), plus (ZERO) (ZERO) = SUCC (plus (nat3) (ZERO))

2 goal(s) more...

2 conjecture(s) more...
>>> simpl in goal(rank : 9)


1st goal of : forall (nat1:nat) (nat2:nat) (nat3:nat), plus (qmult (nat2) (nat1) (nat1)) (nat1) = qmult (nat2) (nat1) (SUCC (plus (nat3) (nat1)))
nat2 : nat
Base1 : nat2 = ZERO
nat1 : nat
Base2 : nat1 = ZERO
---------------------------------------
forall (nat3:nat), ZERO = SUCC (plus (nat3) (ZERO))

2 goal(s) more...

2 conjecture(s) more...
Tactic List : 1
induction nat3(rank:10)
=================================================
Progress: 43


1st goal of : forall (nat1:nat) (nat2:nat) (nat3:nat), plus (qmult (nat2) (nat1) (nat1)) (nat1) = qmult (nat2) (nat1) (SUCC (plus (nat3) (nat1)))
nat2 : nat
Base1 : nat2 = ZERO
nat1 : nat
Base2 : nat1 = ZERO
---------------------------------------
forall (nat3:nat), ZERO = SUCC (plus (nat3) (ZERO))

2 goal(s) more...

2 conjecture(s) more...
>>> induction nat3(rank : 10)


1st goal of : forall (nat1:nat) (nat2:nat) (nat3:nat), plus (qmult (nat2) (nat1) (nat1)) (nat1) = qmult (nat2) (nat1) (SUCC (plus (nat3) (nat1)))
nat2 : nat
Base1 : nat2 = ZERO
nat1 : nat
Base2 : nat1 = ZERO
nat3 : nat
Base3 : nat3 = ZERO
---------------------------------------
ZERO = SUCC (plus (ZERO) (ZERO))

3 goal(s) more...

2 conjecture(s) more...
Tactic List : 1
simpl in goal(rank:10)
=================================================
Progress: 44


1st goal of : forall (nat1:nat) (nat2:nat) (nat3:nat), plus (qmult (nat2) (nat1) (nat1)) (nat1) = qmult (nat2) (nat1) (SUCC (plus (nat3) (nat1)))
nat2 : nat
Base1 : nat2 = ZERO
nat1 : nat
Base2 : nat1 = ZERO
nat3 : nat
Base3 : nat3 = ZERO
---------------------------------------
ZERO = SUCC (plus (ZERO) (ZERO))

3 goal(s) more...

2 conjecture(s) more...
>>> simpl in goal(rank : 10)


1st goal of : forall (nat1:nat) (nat2:nat) (nat3:nat), plus (qmult (nat2) (nat1) (nat1)) (nat1) = qmult (nat2) (nat1) (SUCC (plus (nat3) (nat1)))
nat2 : nat
Base1 : nat2 = ZERO
nat1 : nat
Base2 : nat1 = ZERO
nat3 : nat
Base3 : nat3 = ZERO
---------------------------------------
ZERO = SUCC (ZERO)

3 goal(s) more...

2 conjecture(s) more...
Tactic List : 0
previous tactics
simpl in goal
=================================================
Progress: 45


1st goal of : forall (nat1:nat) (nat2:nat) (nat3:nat), plus (qmult (nat2) (nat1) (nat1)) (nat1) = qmult (nat2) (nat1) (SUCC (plus (nat3) (nat1)))
nat2 : nat
Base1 : nat2 = ZERO
---------------------------------------
forall (nat1:nat) (nat3:nat), plus (nat1) (nat1) = SUCC (plus (nat3) (nat1))

1 goal(s) more...

2 conjecture(s) more...
>>> induction nat3(rank : 17)


1st goal of : forall (nat1:nat) (nat2:nat) (nat3:nat), plus (qmult (nat2) (nat1) (nat1)) (nat1) = qmult (nat2) (nat1) (SUCC (plus (nat3) (nat1)))
nat2 : nat
Base1 : nat2 = ZERO
nat3 : nat
Base2 : nat3 = ZERO
---------------------------------------
forall (nat1:nat), plus (nat1) (nat1) = SUCC (plus (ZERO) (nat1))

2 goal(s) more...

2 conjecture(s) more...
Tactic List : 1
simpl in goal(rank:9)
=================================================
Progress: 46


1st goal of : forall (nat1:nat) (nat2:nat) (nat3:nat), plus (qmult (nat2) (nat1) (nat1)) (nat1) = qmult (nat2) (nat1) (SUCC (plus (nat3) (nat1)))
nat2 : nat
Base1 : nat2 = ZERO
nat3 : nat
Base2 : nat3 = ZERO
---------------------------------------
forall (nat1:nat), plus (nat1) (nat1) = SUCC (plus (ZERO) (nat1))

2 goal(s) more...

2 conjecture(s) more...
>>> simpl in goal(rank : 9)


1st goal of : forall (nat1:nat) (nat2:nat) (nat3:nat), plus (qmult (nat2) (nat1) (nat1)) (nat1) = qmult (nat2) (nat1) (SUCC (plus (nat3) (nat1)))
nat2 : nat
Base1 : nat2 = ZERO
nat3 : nat
Base2 : nat3 = ZERO
---------------------------------------
forall (nat1:nat), plus (nat1) (nat1) = SUCC (nat1)

2 goal(s) more...

2 conjecture(s) more...
Tactic List : 1
induction nat1(rank:10)
=================================================
Progress: 47


1st goal of : forall (nat1:nat) (nat2:nat) (nat3:nat), plus (qmult (nat2) (nat1) (nat1)) (nat1) = qmult (nat2) (nat1) (SUCC (plus (nat3) (nat1)))
nat2 : nat
Base1 : nat2 = ZERO
nat3 : nat
Base2 : nat3 = ZERO
---------------------------------------
forall (nat1:nat), plus (nat1) (nat1) = SUCC (nat1)

2 goal(s) more...

2 conjecture(s) more...
>>> induction nat1(rank : 10)


1st goal of : forall (nat1:nat) (nat2:nat) (nat3:nat), plus (qmult (nat2) (nat1) (nat1)) (nat1) = qmult (nat2) (nat1) (SUCC (plus (nat3) (nat1)))
nat2 : nat
Base1 : nat2 = ZERO
nat3 : nat
Base2 : nat3 = ZERO
nat1 : nat
Base3 : nat1 = ZERO
---------------------------------------
plus (ZERO) (ZERO) = SUCC (ZERO)

3 goal(s) more...

2 conjecture(s) more...
Tactic List : 1
simpl in goal(rank:10)
=================================================
Progress: 48


1st goal of : forall (nat1:nat) (nat2:nat) (nat3:nat), plus (qmult (nat2) (nat1) (nat1)) (nat1) = qmult (nat2) (nat1) (SUCC (plus (nat3) (nat1)))
nat2 : nat
Base1 : nat2 = ZERO
nat3 : nat
Base2 : nat3 = ZERO
nat1 : nat
Base3 : nat1 = ZERO
---------------------------------------
plus (ZERO) (ZERO) = SUCC (ZERO)

3 goal(s) more...

2 conjecture(s) more...
>>> simpl in goal(rank : 10)


1st goal of : forall (nat1:nat) (nat2:nat) (nat3:nat), plus (qmult (nat2) (nat1) (nat1)) (nat1) = qmult (nat2) (nat1) (SUCC (plus (nat3) (nat1)))
nat2 : nat
Base1 : nat2 = ZERO
nat3 : nat
Base2 : nat3 = ZERO
nat1 : nat
Base3 : nat1 = ZERO
---------------------------------------
ZERO = SUCC (ZERO)

3 goal(s) more...

2 conjecture(s) more...
Tactic List : 0
previous tactics
simpl in goal
File "_none_", lines 88-90, characters 2-22:
Warning 8 [partial-match]: this pattern-matching is not exhaustive.
Here is an example of a case that is not matched:
[]

File "_none_", lines 88-90, characters 2-22:
Warning 8 [partial-match]: this pattern-matching is not exhaustive.
Here is an example of a case that is not matched:
[]
Fatal error: exception Failure("worklist is empty")
Raised at Stdlib.failwith in file "stdlib.ml", line 29, characters 17-33
Called from Dilemma__Engine.proof_auto in file "lib/engine.ml", line 196, characters 8-69
Called from Dune__exe__Main.main in file "bin/main.ml", line 24, characters 12-79
