Enter the definition file path (1/2) : 
> Enter the definition file path (2/2) : 
> Choose the proof type :
1) Interactive Mode 	 2) Auto Mode
Enter the goal : =================================================
Progress: 1


No conjecture
>>> assert forall (x:nat) (y:nat), half (plus (x) (y)) = half (plus (y) (x))(rank : 0.)


1st goal of : forall (nat1:nat) (nat2:nat), half (plus (nat1) (nat2)) = half (plus (nat2) (nat1))

---------------------------------------
forall (nat1:nat) (nat2:nat), half (plus (nat1) (nat2)) = half (plus (nat2) (nat1))

0 goal(s) more...

0 conjecture(s) more...
Tactic List : 2
induction nat1(rank:12.)
induction nat2(rank:12.)
=================================================
Progress: 2


1st goal of : forall (nat1:nat) (nat2:nat), half (plus (nat1) (nat2)) = half (plus (nat2) (nat1))

---------------------------------------
forall (nat1:nat) (nat2:nat), half (plus (nat1) (nat2)) = half (plus (nat2) (nat1))

0 goal(s) more...

0 conjecture(s) more...
>>> induction nat1(rank : 12.)


1st goal of : forall (nat1:nat) (nat2:nat), half (plus (nat1) (nat2)) = half (plus (nat2) (nat1))
nat1 : nat
Base1 : nat1 = ZERO
---------------------------------------
forall (nat2:nat), half (plus (ZERO) (nat2)) = half (plus (nat2) (ZERO))

1 goal(s) more...

0 conjecture(s) more...
Tactic List : 1
simpl in goal(rank:4.)
=================================================
Progress: 3


1st goal of : forall (nat1:nat) (nat2:nat), half (plus (nat1) (nat2)) = half (plus (nat2) (nat1))
nat1 : nat
Base1 : nat1 = ZERO
---------------------------------------
forall (nat2:nat), half (plus (ZERO) (nat2)) = half (plus (nat2) (ZERO))

1 goal(s) more...

0 conjecture(s) more...
>>> simpl in goal(rank : 4.)


1st goal of : forall (nat1:nat) (nat2:nat), half (plus (nat1) (nat2)) = half (plus (nat2) (nat1))
nat1 : nat
Base1 : nat1 = ZERO
---------------------------------------
forall (nat2:nat), half (nat2) = half (plus (nat2) (ZERO))

1 goal(s) more...

0 conjecture(s) more...
Tactic List : 1
induction nat2(rank:5.)
=================================================
Progress: 4


1st goal of : forall (nat1:nat) (nat2:nat), half (plus (nat1) (nat2)) = half (plus (nat2) (nat1))
nat1 : nat
Base1 : nat1 = ZERO
---------------------------------------
forall (nat2:nat), half (nat2) = half (plus (nat2) (ZERO))

1 goal(s) more...

0 conjecture(s) more...
>>> induction nat2(rank : 5.)


1st goal of : forall (nat1:nat) (nat2:nat), half (plus (nat1) (nat2)) = half (plus (nat2) (nat1))
nat1 : nat
Base1 : nat1 = ZERO
nat2 : nat
Base2 : nat2 = ZERO
---------------------------------------
half (ZERO) = half (plus (ZERO) (ZERO))

2 goal(s) more...

0 conjecture(s) more...
Tactic List : 1
reflexivity(rank:4.)
=================================================
Progress: 5


1st goal of : forall (nat1:nat) (nat2:nat), half (plus (nat1) (nat2)) = half (plus (nat2) (nat1))
nat1 : nat
Base1 : nat1 = ZERO
nat2 : nat
Base2 : nat2 = ZERO
---------------------------------------
half (ZERO) = half (plus (ZERO) (ZERO))

2 goal(s) more...

0 conjecture(s) more...
>>> reflexivity(rank : 4.)


1st goal of : forall (nat1:nat) (nat2:nat), half (plus (nat1) (nat2)) = half (plus (nat2) (nat1))
nat1 : nat
Base1 : nat1 = ZERO
nat2 : nat
nat3 : nat
IH1 : half (nat3) = half (plus (nat3) (ZERO))
Inductive1 : nat2 = SUCC (nat3)
---------------------------------------
half (SUCC (nat3)) = half (plus (SUCC (nat3)) (ZERO))

1 goal(s) more...

0 conjecture(s) more...
Deduplication: 0
Tactic List : 1
simpl in goal(rank:4.)
=================================================
Progress: 6


1st goal of : forall (nat1:nat) (nat2:nat), half (plus (nat1) (nat2)) = half (plus (nat2) (nat1))
nat1 : nat
Base1 : nat1 = ZERO
nat2 : nat
nat3 : nat
IH1 : half (nat3) = half (plus (nat3) (ZERO))
Inductive1 : nat2 = SUCC (nat3)
---------------------------------------
half (SUCC (nat3)) = half (plus (SUCC (nat3)) (ZERO))

1 goal(s) more...

0 conjecture(s) more...
>>> simpl in goal(rank : 4.)


1st goal of : forall (nat1:nat) (nat2:nat), half (plus (nat1) (nat2)) = half (plus (nat2) (nat1))
nat1 : nat
Base1 : nat1 = ZERO
nat2 : nat
nat3 : nat
IH1 : half (nat3) = half (plus (nat3) (ZERO))
Inductive1 : nat2 = SUCC (nat3)
---------------------------------------
half (SUCC (nat3)) = half (SUCC (plus (nat3) (ZERO)))

1 goal(s) more...

0 conjecture(s) more...
Tactic List : 0
previous tactics
simpl in goal
validate generalize_common_subterm_goal
Prop: ZERO = plus (ZERO) (ZERO)
Prop: SUCC (SUCC (SUCC (ZERO))) = plus (SUCC (SUCC (SUCC (ZERO)))) (ZERO)
Prop: ZERO = plus (ZERO) (ZERO)
Lemma List
forall (nat1:nat), nat1 = plus (nat1) (ZERO)
End of Lemma List


1st goal of : forall (nat1:nat) (nat2:nat), half (plus (nat1) (nat2)) = half (plus (nat2) (nat1))
nat1 : nat
Base1 : nat1 = ZERO
nat2 : nat
nat3 : nat
IH1 : half (nat3) = half (plus (nat3) (ZERO))
Inductive1 : nat2 = SUCC (nat3)
---------------------------------------
half (SUCC (nat3)) = half (SUCC (plus (nat3) (ZERO)))

1 goal(s) more...

0 conjecture(s) more...
=================================================
Progress: 7


1st goal of : forall (nat1:nat) (nat2:nat), half (plus (nat1) (nat2)) = half (plus (nat2) (nat1))
nat1 : nat
Base1 : nat1 = ZERO
nat2 : nat
nat3 : nat
IH1 : half (nat3) = half (plus (nat3) (ZERO))
Inductive1 : nat2 = SUCC (nat3)
---------------------------------------
half (SUCC (nat3)) = half (SUCC (plus (nat3) (ZERO)))

1 goal(s) more...

0 conjecture(s) more...
>>> assert forall (nat1:nat), nat1 = plus (nat1) (ZERO)(rank : 0.)


1st goal of : forall (nat1:nat), nat1 = plus (nat1) (ZERO)

---------------------------------------
forall (nat1:nat), nat1 = plus (nat1) (ZERO)

0 goal(s) more...

1 conjecture(s) more...
Tactic List : 1
induction nat1(rank:6.)
=================================================
Progress: 8


1st goal of : forall (nat1:nat), nat1 = plus (nat1) (ZERO)

---------------------------------------
forall (nat1:nat), nat1 = plus (nat1) (ZERO)

0 goal(s) more...

1 conjecture(s) more...
>>> induction nat1(rank : 6.)


1st goal of : forall (nat1:nat), nat1 = plus (nat1) (ZERO)
nat1 : nat
Base1 : nat1 = ZERO
---------------------------------------
ZERO = plus (ZERO) (ZERO)

1 goal(s) more...

1 conjecture(s) more...
Tactic List : 1
reflexivity(rank:5.)
=================================================
Progress: 9


1st goal of : forall (nat1:nat), nat1 = plus (nat1) (ZERO)
nat1 : nat
Base1 : nat1 = ZERO
---------------------------------------
ZERO = plus (ZERO) (ZERO)

1 goal(s) more...

1 conjecture(s) more...
>>> reflexivity(rank : 5.)


1st goal of : forall (nat1:nat), nat1 = plus (nat1) (ZERO)
nat1 : nat
nat2 : nat
IH1 : nat2 = plus (nat2) (ZERO)
Inductive1 : nat1 = SUCC (nat2)
---------------------------------------
SUCC (nat2) = plus (SUCC (nat2)) (ZERO)

0 goal(s) more...

1 conjecture(s) more...
Deduplication: 0
Tactic List : 1
simpl in goal(rank:5.)
=================================================
Progress: 10


1st goal of : forall (nat1:nat), nat1 = plus (nat1) (ZERO)
nat1 : nat
nat2 : nat
IH1 : nat2 = plus (nat2) (ZERO)
Inductive1 : nat1 = SUCC (nat2)
---------------------------------------
SUCC (nat2) = plus (SUCC (nat2)) (ZERO)

0 goal(s) more...

1 conjecture(s) more...
>>> simpl in goal(rank : 5.)


1st goal of : forall (nat1:nat), nat1 = plus (nat1) (ZERO)
nat1 : nat
nat2 : nat
IH1 : nat2 = plus (nat2) (ZERO)
Inductive1 : nat1 = SUCC (nat2)
---------------------------------------
SUCC (nat2) = SUCC (plus (nat2) (ZERO))

0 goal(s) more...

1 conjecture(s) more...
Tactic List : 1
rewrite <- IH1 in goal at 0(rank:5.)
=================================================
Progress: 11


1st goal of : forall (nat1:nat), nat1 = plus (nat1) (ZERO)
nat1 : nat
nat2 : nat
IH1 : nat2 = plus (nat2) (ZERO)
Inductive1 : nat1 = SUCC (nat2)
---------------------------------------
SUCC (nat2) = SUCC (plus (nat2) (ZERO))

0 goal(s) more...

1 conjecture(s) more...
>>> rewrite <- IH1 in goal at 0(rank : 5.)


1st goal of : forall (nat1:nat), nat1 = plus (nat1) (ZERO)
nat1 : nat
nat2 : nat
IH1 : nat2 = plus (nat2) (ZERO)
Inductive1 : nat1 = SUCC (nat2)
---------------------------------------
SUCC (nat2) = SUCC (nat2)

0 goal(s) more...

1 conjecture(s) more...
Tactic List : 1
reflexivity(rank:4.)
=================================================
Progress: 12


1st goal of : forall (nat1:nat), nat1 = plus (nat1) (ZERO)
nat1 : nat
nat2 : nat
IH1 : nat2 = plus (nat2) (ZERO)
Inductive1 : nat1 = SUCC (nat2)
---------------------------------------
SUCC (nat2) = SUCC (nat2)

0 goal(s) more...

1 conjecture(s) more...
>>> reflexivity(rank : 4.)


1st goal of : forall (nat1:nat) (nat2:nat), half (plus (nat1) (nat2)) = half (plus (nat2) (nat1))
nat1 : nat
Base1 : nat1 = ZERO
nat2 : nat
nat3 : nat
IH1 : half (nat3) = half (plus (nat3) (ZERO))
Inductive1 : nat2 = SUCC (nat3)
---------------------------------------
half (SUCC (nat3)) = half (SUCC (plus (nat3) (ZERO)))

1 goal(s) more...

0 conjecture(s) more...
original goal
forall (nat1:nat) (nat2:nat), half (plus (nat1) (nat2)) = half (plus (nat2) (nat1))
lemma
forall (nat1:nat), nat1 = plus (nat1) (ZERO)
tactics
assert forall (nat1:nat), nat1 = plus (nat1) (ZERO)
induction nat1
reflexivity
simpl in goal
rewrite <- IH1 in goal at 0
reflexivity
Deduplication: 0
Tactic List : 1
rewrite <- lemma3 in goal at 0(rank:4.)
=================================================
Progress: 13


1st goal of : forall (nat1:nat) (nat2:nat), half (plus (nat1) (nat2)) = half (plus (nat2) (nat1))
nat1 : nat
Base1 : nat1 = ZERO
nat2 : nat
nat3 : nat
IH1 : half (nat3) = half (plus (nat3) (ZERO))
Inductive1 : nat2 = SUCC (nat3)
---------------------------------------
half (SUCC (nat3)) = half (SUCC (plus (nat3) (ZERO)))

1 goal(s) more...

0 conjecture(s) more...
>>> rewrite <- lemma3 in goal at 0(rank : 4.)


1st goal of : forall (nat1:nat) (nat2:nat), half (plus (nat1) (nat2)) = half (plus (nat2) (nat1))
nat1 : nat
Base1 : nat1 = ZERO
nat2 : nat
nat3 : nat
IH1 : half (nat3) = half (plus (nat3) (ZERO))
Inductive1 : nat2 = SUCC (nat3)
---------------------------------------
half (SUCC (nat3)) = half (SUCC (nat3))

1 goal(s) more...

0 conjecture(s) more...
Tactic List : 1
reflexivity(rank:3.)
=================================================
Progress: 14


1st goal of : forall (nat1:nat) (nat2:nat), half (plus (nat1) (nat2)) = half (plus (nat2) (nat1))
nat1 : nat
Base1 : nat1 = ZERO
nat2 : nat
nat3 : nat
IH1 : half (nat3) = half (plus (nat3) (ZERO))
Inductive1 : nat2 = SUCC (nat3)
---------------------------------------
half (SUCC (nat3)) = half (SUCC (nat3))

1 goal(s) more...

0 conjecture(s) more...
>>> reflexivity(rank : 3.)


1st goal of : forall (nat1:nat) (nat2:nat), half (plus (nat1) (nat2)) = half (plus (nat2) (nat1))
nat1 : nat
nat3 : nat
IH1 : forall (nat2:nat), half (plus (nat3) (nat2)) = half (plus (nat2) (nat3))
Inductive1 : nat1 = SUCC (nat3)
---------------------------------------
forall (nat2:nat), half (plus (SUCC (nat3)) (nat2)) = half (plus (nat2) (SUCC (nat3)))

0 goal(s) more...

0 conjecture(s) more...
Deduplication: 0
Tactic List : 1
simpl in goal(rank:3.)
=================================================
Progress: 15


1st goal of : forall (nat1:nat) (nat2:nat), half (plus (nat1) (nat2)) = half (plus (nat2) (nat1))
nat1 : nat
nat3 : nat
IH1 : forall (nat2:nat), half (plus (nat3) (nat2)) = half (plus (nat2) (nat3))
Inductive1 : nat1 = SUCC (nat3)
---------------------------------------
forall (nat2:nat), half (plus (SUCC (nat3)) (nat2)) = half (plus (nat2) (SUCC (nat3)))

0 goal(s) more...

0 conjecture(s) more...
>>> simpl in goal(rank : 3.)


1st goal of : forall (nat1:nat) (nat2:nat), half (plus (nat1) (nat2)) = half (plus (nat2) (nat1))
nat1 : nat
nat3 : nat
IH1 : forall (nat2:nat), half (plus (nat3) (nat2)) = half (plus (nat2) (nat3))
Inductive1 : nat1 = SUCC (nat3)
---------------------------------------
forall (nat2:nat), half (SUCC (plus (nat3) (nat2))) = half (plus (nat2) (SUCC (nat3)))

0 goal(s) more...

0 conjecture(s) more...
Tactic List : 1
induction nat2(rank:4.)
=================================================
Progress: 16


1st goal of : forall (nat1:nat) (nat2:nat), half (plus (nat1) (nat2)) = half (plus (nat2) (nat1))
nat1 : nat
nat3 : nat
IH1 : forall (nat2:nat), half (plus (nat3) (nat2)) = half (plus (nat2) (nat3))
Inductive1 : nat1 = SUCC (nat3)
---------------------------------------
forall (nat2:nat), half (SUCC (plus (nat3) (nat2))) = half (plus (nat2) (SUCC (nat3)))

0 goal(s) more...

0 conjecture(s) more...
>>> induction nat2(rank : 4.)


1st goal of : forall (nat1:nat) (nat2:nat), half (plus (nat1) (nat2)) = half (plus (nat2) (nat1))
nat1 : nat
nat3 : nat
IH1 : forall (nat2:nat), half (plus (nat3) (nat2)) = half (plus (nat2) (nat3))
Inductive1 : nat1 = SUCC (nat3)
nat2 : nat
Base1 : nat2 = ZERO
---------------------------------------
half (SUCC (plus (nat3) (ZERO))) = half (plus (ZERO) (SUCC (nat3)))

1 goal(s) more...

0 conjecture(s) more...
Tactic List : 1
simpl in goal(rank:4.)
=================================================
Progress: 17


1st goal of : forall (nat1:nat) (nat2:nat), half (plus (nat1) (nat2)) = half (plus (nat2) (nat1))
nat1 : nat
nat3 : nat
IH1 : forall (nat2:nat), half (plus (nat3) (nat2)) = half (plus (nat2) (nat3))
Inductive1 : nat1 = SUCC (nat3)
nat2 : nat
Base1 : nat2 = ZERO
---------------------------------------
half (SUCC (plus (nat3) (ZERO))) = half (plus (ZERO) (SUCC (nat3)))

1 goal(s) more...

0 conjecture(s) more...
>>> simpl in goal(rank : 4.)


1st goal of : forall (nat1:nat) (nat2:nat), half (plus (nat1) (nat2)) = half (plus (nat2) (nat1))
nat1 : nat
nat3 : nat
IH1 : forall (nat2:nat), half (plus (nat3) (nat2)) = half (plus (nat2) (nat3))
Inductive1 : nat1 = SUCC (nat3)
nat2 : nat
Base1 : nat2 = ZERO
---------------------------------------
half (SUCC (plus (nat3) (ZERO))) = half (SUCC (nat3))

1 goal(s) more...

0 conjecture(s) more...
Tactic List : 1
rewrite <- lemma3 in goal at 0(rank:4.)
=================================================
Progress: 18


1st goal of : forall (nat1:nat) (nat2:nat), half (plus (nat1) (nat2)) = half (plus (nat2) (nat1))
nat1 : nat
nat3 : nat
IH1 : forall (nat2:nat), half (plus (nat3) (nat2)) = half (plus (nat2) (nat3))
Inductive1 : nat1 = SUCC (nat3)
nat2 : nat
Base1 : nat2 = ZERO
---------------------------------------
half (SUCC (plus (nat3) (ZERO))) = half (SUCC (nat3))

1 goal(s) more...

0 conjecture(s) more...
>>> rewrite <- lemma3 in goal at 0(rank : 4.)


1st goal of : forall (nat1:nat) (nat2:nat), half (plus (nat1) (nat2)) = half (plus (nat2) (nat1))
nat1 : nat
nat3 : nat
IH1 : forall (nat2:nat), half (plus (nat3) (nat2)) = half (plus (nat2) (nat3))
Inductive1 : nat1 = SUCC (nat3)
nat2 : nat
Base1 : nat2 = ZERO
---------------------------------------
half (SUCC (nat3)) = half (SUCC (nat3))

1 goal(s) more...

0 conjecture(s) more...
Tactic List : 1
reflexivity(rank:3.)
=================================================
Progress: 19


1st goal of : forall (nat1:nat) (nat2:nat), half (plus (nat1) (nat2)) = half (plus (nat2) (nat1))
nat1 : nat
nat3 : nat
IH1 : forall (nat2:nat), half (plus (nat3) (nat2)) = half (plus (nat2) (nat3))
Inductive1 : nat1 = SUCC (nat3)
nat2 : nat
Base1 : nat2 = ZERO
---------------------------------------
half (SUCC (nat3)) = half (SUCC (nat3))

1 goal(s) more...

0 conjecture(s) more...
>>> reflexivity(rank : 3.)


1st goal of : forall (nat1:nat) (nat2:nat), half (plus (nat1) (nat2)) = half (plus (nat2) (nat1))
nat1 : nat
nat3 : nat
IH1 : forall (nat2:nat), half (plus (nat3) (nat2)) = half (plus (nat2) (nat3))
Inductive1 : nat1 = SUCC (nat3)
nat2 : nat
nat4 : nat
IH2 : half (SUCC (plus (nat3) (nat4))) = half (plus (nat4) (SUCC (nat3)))
Inductive2 : nat2 = SUCC (nat4)
---------------------------------------
half (SUCC (plus (nat3) (SUCC (nat4)))) = half (plus (SUCC (nat4)) (SUCC (nat3)))

0 goal(s) more...

0 conjecture(s) more...
Deduplication: 0
Tactic List : 1
simpl in goal(rank:3.)
=================================================
Progress: 20


1st goal of : forall (nat1:nat) (nat2:nat), half (plus (nat1) (nat2)) = half (plus (nat2) (nat1))
nat1 : nat
nat3 : nat
IH1 : forall (nat2:nat), half (plus (nat3) (nat2)) = half (plus (nat2) (nat3))
Inductive1 : nat1 = SUCC (nat3)
nat2 : nat
nat4 : nat
IH2 : half (SUCC (plus (nat3) (nat4))) = half (plus (nat4) (SUCC (nat3)))
Inductive2 : nat2 = SUCC (nat4)
---------------------------------------
half (SUCC (plus (nat3) (SUCC (nat4)))) = half (plus (SUCC (nat4)) (SUCC (nat3)))

0 goal(s) more...

0 conjecture(s) more...
>>> simpl in goal(rank : 3.)


1st goal of : forall (nat1:nat) (nat2:nat), half (plus (nat1) (nat2)) = half (plus (nat2) (nat1))
nat1 : nat
nat3 : nat
IH1 : forall (nat2:nat), half (plus (nat3) (nat2)) = half (plus (nat2) (nat3))
Inductive1 : nat1 = SUCC (nat3)
nat2 : nat
nat4 : nat
IH2 : half (SUCC (plus (nat3) (nat4))) = half (plus (nat4) (SUCC (nat3)))
Inductive2 : nat2 = SUCC (nat4)
---------------------------------------
half (SUCC (plus (nat3) (SUCC (nat4)))) = half (SUCC (plus (nat4) (SUCC (nat3))))

0 goal(s) more...

0 conjecture(s) more...
Tactic List : 0
previous tactics
simpl in goal
validate generalize_common_subterm_goal
Prop: plus (ZERO) (SUCC (ZERO)) = plus (ZERO) (SUCC (ZERO))
Prop: plus (ZERO) (SUCC (ZERO)) = plus (ZERO) (SUCC (ZERO))
Prop: plus (SUCC (ZERO)) (SUCC (ZERO)) = plus (ZERO) (SUCC (SUCC (ZERO)))
Lemma List
forall (nat1:nat) (nat2:nat), plus (nat1) (SUCC (nat2)) = plus (nat2) (SUCC (nat1))
End of Lemma List


1st goal of : forall (nat1:nat) (nat2:nat), half (plus (nat1) (nat2)) = half (plus (nat2) (nat1))
nat1 : nat
nat3 : nat
IH1 : forall (nat2:nat), half (plus (nat3) (nat2)) = half (plus (nat2) (nat3))
Inductive1 : nat1 = SUCC (nat3)
nat2 : nat
nat4 : nat
IH2 : half (SUCC (plus (nat3) (nat4))) = half (plus (nat4) (SUCC (nat3)))
Inductive2 : nat2 = SUCC (nat4)
---------------------------------------
half (SUCC (plus (nat3) (SUCC (nat4)))) = half (SUCC (plus (nat4) (SUCC (nat3))))

0 goal(s) more...

0 conjecture(s) more...
=================================================
Progress: 21


1st goal of : forall (nat1:nat) (nat2:nat), half (plus (nat1) (nat2)) = half (plus (nat2) (nat1))
nat1 : nat
nat3 : nat
IH1 : forall (nat2:nat), half (plus (nat3) (nat2)) = half (plus (nat2) (nat3))
Inductive1 : nat1 = SUCC (nat3)
nat2 : nat
nat4 : nat
IH2 : half (SUCC (plus (nat3) (nat4))) = half (plus (nat4) (SUCC (nat3)))
Inductive2 : nat2 = SUCC (nat4)
---------------------------------------
half (SUCC (plus (nat3) (SUCC (nat4)))) = half (SUCC (plus (nat4) (SUCC (nat3))))

0 goal(s) more...

0 conjecture(s) more...
>>> assert forall (nat1:nat) (nat2:nat), plus (nat1) (SUCC (nat2)) = plus (nat2) (SUCC (nat1))(rank : 0.)


1st goal of : forall (nat1:nat) (nat2:nat), plus (nat1) (SUCC (nat2)) = plus (nat2) (SUCC (nat1))

---------------------------------------
forall (nat1:nat) (nat2:nat), plus (nat1) (SUCC (nat2)) = plus (nat2) (SUCC (nat1))

0 goal(s) more...

1 conjecture(s) more...
Tactic List : 2
induction nat1(rank:14.)
induction nat2(rank:14.)
=================================================
Progress: 22


1st goal of : forall (nat1:nat) (nat2:nat), half (plus (nat1) (nat2)) = half (plus (nat2) (nat1))

---------------------------------------
forall (nat1:nat) (nat2:nat), half (plus (nat1) (nat2)) = half (plus (nat2) (nat1))

0 goal(s) more...

0 conjecture(s) more...
>>> induction nat2(rank : 12.)


1st goal of : forall (nat1:nat) (nat2:nat), half (plus (nat1) (nat2)) = half (plus (nat2) (nat1))
nat2 : nat
Base1 : nat2 = ZERO
---------------------------------------
forall (nat1:nat), half (plus (nat1) (ZERO)) = half (plus (ZERO) (nat1))

1 goal(s) more...

0 conjecture(s) more...
Tactic List : 1
simpl in goal(rank:4.)
=================================================
Progress: 23


1st goal of : forall (nat1:nat) (nat2:nat), half (plus (nat1) (nat2)) = half (plus (nat2) (nat1))
nat2 : nat
Base1 : nat2 = ZERO
---------------------------------------
forall (nat1:nat), half (plus (nat1) (ZERO)) = half (plus (ZERO) (nat1))

1 goal(s) more...

0 conjecture(s) more...
>>> simpl in goal(rank : 4.)


1st goal of : forall (nat1:nat) (nat2:nat), half (plus (nat1) (nat2)) = half (plus (nat2) (nat1))
nat2 : nat
Base1 : nat2 = ZERO
---------------------------------------
forall (nat1:nat), half (plus (nat1) (ZERO)) = half (nat1)

1 goal(s) more...

0 conjecture(s) more...
Tactic List : 1
induction nat1(rank:5.)
=================================================
Progress: 24


1st goal of : forall (nat1:nat) (nat2:nat), half (plus (nat1) (nat2)) = half (plus (nat2) (nat1))
nat2 : nat
Base1 : nat2 = ZERO
---------------------------------------
forall (nat1:nat), half (plus (nat1) (ZERO)) = half (nat1)

1 goal(s) more...

0 conjecture(s) more...
>>> induction nat1(rank : 5.)


1st goal of : forall (nat1:nat) (nat2:nat), half (plus (nat1) (nat2)) = half (plus (nat2) (nat1))
nat2 : nat
Base1 : nat2 = ZERO
nat1 : nat
Base2 : nat1 = ZERO
---------------------------------------
half (plus (ZERO) (ZERO)) = half (ZERO)

2 goal(s) more...

0 conjecture(s) more...
Tactic List : 1
reflexivity(rank:4.)
=================================================
Progress: 25


1st goal of : forall (nat1:nat) (nat2:nat), half (plus (nat1) (nat2)) = half (plus (nat2) (nat1))
nat2 : nat
Base1 : nat2 = ZERO
nat1 : nat
Base2 : nat1 = ZERO
---------------------------------------
half (plus (ZERO) (ZERO)) = half (ZERO)

2 goal(s) more...

0 conjecture(s) more...
>>> reflexivity(rank : 4.)


1st goal of : forall (nat1:nat) (nat2:nat), half (plus (nat1) (nat2)) = half (plus (nat2) (nat1))
nat2 : nat
Base1 : nat2 = ZERO
nat1 : nat
nat3 : nat
IH1 : half (plus (nat3) (ZERO)) = half (nat3)
Inductive1 : nat1 = SUCC (nat3)
---------------------------------------
half (plus (SUCC (nat3)) (ZERO)) = half (SUCC (nat3))

1 goal(s) more...

0 conjecture(s) more...
Deduplication: 0
Tactic List : 1
simpl in goal(rank:4.)
=================================================
Progress: 26


1st goal of : forall (nat1:nat) (nat2:nat), half (plus (nat1) (nat2)) = half (plus (nat2) (nat1))
nat2 : nat
Base1 : nat2 = ZERO
nat1 : nat
nat3 : nat
IH1 : half (plus (nat3) (ZERO)) = half (nat3)
Inductive1 : nat1 = SUCC (nat3)
---------------------------------------
half (plus (SUCC (nat3)) (ZERO)) = half (SUCC (nat3))

1 goal(s) more...

0 conjecture(s) more...
>>> simpl in goal(rank : 4.)


1st goal of : forall (nat1:nat) (nat2:nat), half (plus (nat1) (nat2)) = half (plus (nat2) (nat1))
nat2 : nat
Base1 : nat2 = ZERO
nat1 : nat
nat3 : nat
IH1 : half (plus (nat3) (ZERO)) = half (nat3)
Inductive1 : nat1 = SUCC (nat3)
---------------------------------------
half (SUCC (plus (nat3) (ZERO))) = half (SUCC (nat3))

1 goal(s) more...

0 conjecture(s) more...
Tactic List : 0
previous tactics
simpl in goal
validate generalize_common_subterm_goal
Prop: plus (ZERO) (ZERO) = ZERO
Prop: plus (ZERO) (ZERO) = ZERO
Prop: plus (SUCC (SUCC (ZERO))) (ZERO) = SUCC (SUCC (ZERO))
Lemma List
forall (nat1:nat), plus (nat1) (ZERO) = nat1
End of Lemma List


1st goal of : forall (nat1:nat) (nat2:nat), half (plus (nat1) (nat2)) = half (plus (nat2) (nat1))
nat2 : nat
Base1 : nat2 = ZERO
nat1 : nat
nat3 : nat
IH1 : half (plus (nat3) (ZERO)) = half (nat3)
Inductive1 : nat1 = SUCC (nat3)
---------------------------------------
half (SUCC (plus (nat3) (ZERO))) = half (SUCC (nat3))

1 goal(s) more...

0 conjecture(s) more...
=================================================
Progress: 27


1st goal of : forall (nat1:nat) (nat2:nat), half (plus (nat1) (nat2)) = half (plus (nat2) (nat1))
nat2 : nat
Base1 : nat2 = ZERO
nat1 : nat
nat3 : nat
IH1 : half (plus (nat3) (ZERO)) = half (nat3)
Inductive1 : nat1 = SUCC (nat3)
---------------------------------------
half (SUCC (plus (nat3) (ZERO))) = half (SUCC (nat3))

1 goal(s) more...

0 conjecture(s) more...
>>> assert forall (nat1:nat), plus (nat1) (ZERO) = nat1(rank : 0.)


1st goal of : forall (nat1:nat), plus (nat1) (ZERO) = nat1

---------------------------------------
forall (nat1:nat), plus (nat1) (ZERO) = nat1

0 goal(s) more...

1 conjecture(s) more...
Tactic List : 1
induction nat1(rank:6.)
=================================================
Progress: 28


1st goal of : forall (nat1:nat), plus (nat1) (ZERO) = nat1

---------------------------------------
forall (nat1:nat), plus (nat1) (ZERO) = nat1

0 goal(s) more...

1 conjecture(s) more...
>>> induction nat1(rank : 6.)


1st goal of : forall (nat1:nat), plus (nat1) (ZERO) = nat1
nat1 : nat
Base1 : nat1 = ZERO
---------------------------------------
plus (ZERO) (ZERO) = ZERO

1 goal(s) more...

1 conjecture(s) more...
Tactic List : 1
reflexivity(rank:5.)
=================================================
Progress: 29


1st goal of : forall (nat1:nat), plus (nat1) (ZERO) = nat1
nat1 : nat
Base1 : nat1 = ZERO
---------------------------------------
plus (ZERO) (ZERO) = ZERO

1 goal(s) more...

1 conjecture(s) more...
>>> reflexivity(rank : 5.)


1st goal of : forall (nat1:nat), plus (nat1) (ZERO) = nat1
nat1 : nat
nat2 : nat
IH1 : plus (nat2) (ZERO) = nat2
Inductive1 : nat1 = SUCC (nat2)
---------------------------------------
plus (SUCC (nat2)) (ZERO) = SUCC (nat2)

0 goal(s) more...

1 conjecture(s) more...
Deduplication: 0
Tactic List : 1
simpl in goal(rank:5.)
=================================================
Progress: 30


1st goal of : forall (nat1:nat), plus (nat1) (ZERO) = nat1
nat1 : nat
nat2 : nat
IH1 : plus (nat2) (ZERO) = nat2
Inductive1 : nat1 = SUCC (nat2)
---------------------------------------
plus (SUCC (nat2)) (ZERO) = SUCC (nat2)

0 goal(s) more...

1 conjecture(s) more...
>>> simpl in goal(rank : 5.)


1st goal of : forall (nat1:nat), plus (nat1) (ZERO) = nat1
nat1 : nat
nat2 : nat
IH1 : plus (nat2) (ZERO) = nat2
Inductive1 : nat1 = SUCC (nat2)
---------------------------------------
SUCC (plus (nat2) (ZERO)) = SUCC (nat2)

0 goal(s) more...

1 conjecture(s) more...
Tactic List : 1
rewrite IH1 in goal at 0(rank:5.)
=================================================
Progress: 31


1st goal of : forall (nat1:nat), plus (nat1) (ZERO) = nat1
nat1 : nat
nat2 : nat
IH1 : plus (nat2) (ZERO) = nat2
Inductive1 : nat1 = SUCC (nat2)
---------------------------------------
SUCC (plus (nat2) (ZERO)) = SUCC (nat2)

0 goal(s) more...

1 conjecture(s) more...
>>> rewrite IH1 in goal at 0(rank : 5.)


1st goal of : forall (nat1:nat), plus (nat1) (ZERO) = nat1
nat1 : nat
nat2 : nat
IH1 : plus (nat2) (ZERO) = nat2
Inductive1 : nat1 = SUCC (nat2)
---------------------------------------
SUCC (nat2) = SUCC (nat2)

0 goal(s) more...

1 conjecture(s) more...
Tactic List : 1
reflexivity(rank:4.)
=================================================
Progress: 32


1st goal of : forall (nat1:nat), plus (nat1) (ZERO) = nat1
nat1 : nat
nat2 : nat
IH1 : plus (nat2) (ZERO) = nat2
Inductive1 : nat1 = SUCC (nat2)
---------------------------------------
SUCC (nat2) = SUCC (nat2)

0 goal(s) more...

1 conjecture(s) more...
>>> reflexivity(rank : 4.)


1st goal of : forall (nat1:nat) (nat2:nat), half (plus (nat1) (nat2)) = half (plus (nat2) (nat1))
nat2 : nat
Base1 : nat2 = ZERO
nat1 : nat
nat3 : nat
IH1 : half (plus (nat3) (ZERO)) = half (nat3)
Inductive1 : nat1 = SUCC (nat3)
---------------------------------------
half (SUCC (plus (nat3) (ZERO))) = half (SUCC (nat3))

1 goal(s) more...

0 conjecture(s) more...
original goal
forall (nat1:nat) (nat2:nat), half (plus (nat1) (nat2)) = half (plus (nat2) (nat1))
lemma
forall (nat1:nat), plus (nat1) (ZERO) = nat1
tactics
assert forall (nat1:nat), plus (nat1) (ZERO) = nat1
induction nat1
reflexivity
simpl in goal
rewrite IH1 in goal at 0
reflexivity
Deduplication: 0
Tactic List : 1
rewrite lemma3 in goal at 0(rank:4.)
=================================================
Progress: 33


1st goal of : forall (nat1:nat) (nat2:nat), half (plus (nat1) (nat2)) = half (plus (nat2) (nat1))
nat2 : nat
Base1 : nat2 = ZERO
nat1 : nat
nat3 : nat
IH1 : half (plus (nat3) (ZERO)) = half (nat3)
Inductive1 : nat1 = SUCC (nat3)
---------------------------------------
half (SUCC (plus (nat3) (ZERO))) = half (SUCC (nat3))

1 goal(s) more...

0 conjecture(s) more...
>>> rewrite lemma3 in goal at 0(rank : 4.)


1st goal of : forall (nat1:nat) (nat2:nat), half (plus (nat1) (nat2)) = half (plus (nat2) (nat1))
nat2 : nat
Base1 : nat2 = ZERO
nat1 : nat
nat3 : nat
IH1 : half (plus (nat3) (ZERO)) = half (nat3)
Inductive1 : nat1 = SUCC (nat3)
---------------------------------------
half (SUCC (nat3)) = half (SUCC (nat3))

1 goal(s) more...

0 conjecture(s) more...
Tactic List : 1
reflexivity(rank:3.)
=================================================
Progress: 34


1st goal of : forall (nat1:nat) (nat2:nat), half (plus (nat1) (nat2)) = half (plus (nat2) (nat1))
nat2 : nat
Base1 : nat2 = ZERO
nat1 : nat
nat3 : nat
IH1 : half (plus (nat3) (ZERO)) = half (nat3)
Inductive1 : nat1 = SUCC (nat3)
---------------------------------------
half (SUCC (nat3)) = half (SUCC (nat3))

1 goal(s) more...

0 conjecture(s) more...
>>> reflexivity(rank : 3.)


1st goal of : forall (nat1:nat) (nat2:nat), half (plus (nat1) (nat2)) = half (plus (nat2) (nat1))
nat2 : nat
nat3 : nat
IH1 : forall (nat1:nat), half (plus (nat1) (nat3)) = half (plus (nat3) (nat1))
Inductive1 : nat2 = SUCC (nat3)
---------------------------------------
forall (nat1:nat), half (plus (nat1) (SUCC (nat3))) = half (plus (SUCC (nat3)) (nat1))

0 goal(s) more...

0 conjecture(s) more...
Deduplication: 0
Tactic List : 1
simpl in goal(rank:3.)
=================================================
Progress: 35


1st goal of : forall (nat1:nat) (nat2:nat), half (plus (nat1) (nat2)) = half (plus (nat2) (nat1))
nat2 : nat
nat3 : nat
IH1 : forall (nat1:nat), half (plus (nat1) (nat3)) = half (plus (nat3) (nat1))
Inductive1 : nat2 = SUCC (nat3)
---------------------------------------
forall (nat1:nat), half (plus (nat1) (SUCC (nat3))) = half (plus (SUCC (nat3)) (nat1))

0 goal(s) more...

0 conjecture(s) more...
>>> simpl in goal(rank : 3.)


1st goal of : forall (nat1:nat) (nat2:nat), half (plus (nat1) (nat2)) = half (plus (nat2) (nat1))
nat2 : nat
nat3 : nat
IH1 : forall (nat1:nat), half (plus (nat1) (nat3)) = half (plus (nat3) (nat1))
Inductive1 : nat2 = SUCC (nat3)
---------------------------------------
forall (nat1:nat), half (plus (nat1) (SUCC (nat3))) = half (SUCC (plus (nat3) (nat1)))

0 goal(s) more...

0 conjecture(s) more...
Tactic List : 1
induction nat1(rank:4.)
=================================================
Progress: 36


1st goal of : forall (nat1:nat) (nat2:nat), half (plus (nat1) (nat2)) = half (plus (nat2) (nat1))
nat2 : nat
nat3 : nat
IH1 : forall (nat1:nat), half (plus (nat1) (nat3)) = half (plus (nat3) (nat1))
Inductive1 : nat2 = SUCC (nat3)
---------------------------------------
forall (nat1:nat), half (plus (nat1) (SUCC (nat3))) = half (SUCC (plus (nat3) (nat1)))

0 goal(s) more...

0 conjecture(s) more...
>>> induction nat1(rank : 4.)


1st goal of : forall (nat1:nat) (nat2:nat), half (plus (nat1) (nat2)) = half (plus (nat2) (nat1))
nat2 : nat
nat3 : nat
IH1 : forall (nat1:nat), half (plus (nat1) (nat3)) = half (plus (nat3) (nat1))
Inductive1 : nat2 = SUCC (nat3)
nat1 : nat
Base1 : nat1 = ZERO
---------------------------------------
half (plus (ZERO) (SUCC (nat3))) = half (SUCC (plus (nat3) (ZERO)))

1 goal(s) more...

0 conjecture(s) more...
Tactic List : 1
simpl in goal(rank:4.)
=================================================
Progress: 37


1st goal of : forall (nat1:nat) (nat2:nat), half (plus (nat1) (nat2)) = half (plus (nat2) (nat1))
nat2 : nat
nat3 : nat
IH1 : forall (nat1:nat), half (plus (nat1) (nat3)) = half (plus (nat3) (nat1))
Inductive1 : nat2 = SUCC (nat3)
nat1 : nat
Base1 : nat1 = ZERO
---------------------------------------
half (plus (ZERO) (SUCC (nat3))) = half (SUCC (plus (nat3) (ZERO)))

1 goal(s) more...

0 conjecture(s) more...
>>> simpl in goal(rank : 4.)


1st goal of : forall (nat1:nat) (nat2:nat), half (plus (nat1) (nat2)) = half (plus (nat2) (nat1))
nat2 : nat
nat3 : nat
IH1 : forall (nat1:nat), half (plus (nat1) (nat3)) = half (plus (nat3) (nat1))
Inductive1 : nat2 = SUCC (nat3)
nat1 : nat
Base1 : nat1 = ZERO
---------------------------------------
half (SUCC (nat3)) = half (SUCC (plus (nat3) (ZERO)))

1 goal(s) more...

0 conjecture(s) more...
Tactic List : 1
rewrite lemma3 in goal at 0(rank:4.)
=================================================
Progress: 38


1st goal of : forall (nat1:nat) (nat2:nat), half (plus (nat1) (nat2)) = half (plus (nat2) (nat1))
nat2 : nat
nat3 : nat
IH1 : forall (nat1:nat), half (plus (nat1) (nat3)) = half (plus (nat3) (nat1))
Inductive1 : nat2 = SUCC (nat3)
nat1 : nat
Base1 : nat1 = ZERO
---------------------------------------
half (SUCC (nat3)) = half (SUCC (plus (nat3) (ZERO)))

1 goal(s) more...

0 conjecture(s) more...
>>> rewrite lemma3 in goal at 0(rank : 4.)


1st goal of : forall (nat1:nat) (nat2:nat), half (plus (nat1) (nat2)) = half (plus (nat2) (nat1))
nat2 : nat
nat3 : nat
IH1 : forall (nat1:nat), half (plus (nat1) (nat3)) = half (plus (nat3) (nat1))
Inductive1 : nat2 = SUCC (nat3)
nat1 : nat
Base1 : nat1 = ZERO
---------------------------------------
half (SUCC (nat3)) = half (SUCC (nat3))

1 goal(s) more...

0 conjecture(s) more...
Tactic List : 1
reflexivity(rank:3.)
=================================================
Progress: 39


1st goal of : forall (nat1:nat) (nat2:nat), half (plus (nat1) (nat2)) = half (plus (nat2) (nat1))
nat2 : nat
nat3 : nat
IH1 : forall (nat1:nat), half (plus (nat1) (nat3)) = half (plus (nat3) (nat1))
Inductive1 : nat2 = SUCC (nat3)
nat1 : nat
Base1 : nat1 = ZERO
---------------------------------------
half (SUCC (nat3)) = half (SUCC (nat3))

1 goal(s) more...

0 conjecture(s) more...
>>> reflexivity(rank : 3.)


1st goal of : forall (nat1:nat) (nat2:nat), half (plus (nat1) (nat2)) = half (plus (nat2) (nat1))
nat2 : nat
nat3 : nat
IH1 : forall (nat1:nat), half (plus (nat1) (nat3)) = half (plus (nat3) (nat1))
Inductive1 : nat2 = SUCC (nat3)
nat1 : nat
nat4 : nat
IH2 : half (plus (nat4) (SUCC (nat3))) = half (SUCC (plus (nat3) (nat4)))
Inductive2 : nat1 = SUCC (nat4)
---------------------------------------
half (plus (SUCC (nat4)) (SUCC (nat3))) = half (SUCC (plus (nat3) (SUCC (nat4))))

0 goal(s) more...

0 conjecture(s) more...
Deduplication: 0
Tactic List : 1
simpl in goal(rank:3.)
=================================================
Progress: 40


1st goal of : forall (nat1:nat) (nat2:nat), half (plus (nat1) (nat2)) = half (plus (nat2) (nat1))
nat2 : nat
nat3 : nat
IH1 : forall (nat1:nat), half (plus (nat1) (nat3)) = half (plus (nat3) (nat1))
Inductive1 : nat2 = SUCC (nat3)
nat1 : nat
nat4 : nat
IH2 : half (plus (nat4) (SUCC (nat3))) = half (SUCC (plus (nat3) (nat4)))
Inductive2 : nat1 = SUCC (nat4)
---------------------------------------
half (plus (SUCC (nat4)) (SUCC (nat3))) = half (SUCC (plus (nat3) (SUCC (nat4))))

0 goal(s) more...

0 conjecture(s) more...
>>> simpl in goal(rank : 3.)


1st goal of : forall (nat1:nat) (nat2:nat), half (plus (nat1) (nat2)) = half (plus (nat2) (nat1))
nat2 : nat
nat3 : nat
IH1 : forall (nat1:nat), half (plus (nat1) (nat3)) = half (plus (nat3) (nat1))
Inductive1 : nat2 = SUCC (nat3)
nat1 : nat
nat4 : nat
IH2 : half (plus (nat4) (SUCC (nat3))) = half (SUCC (plus (nat3) (nat4)))
Inductive2 : nat1 = SUCC (nat4)
---------------------------------------
half (SUCC (plus (nat4) (SUCC (nat3)))) = half (SUCC (plus (nat3) (SUCC (nat4))))

0 goal(s) more...

0 conjecture(s) more...
Tactic List : 0
previous tactics
simpl in goal
validate generalize_common_subterm_goal
Prop: plus (ZERO) (SUCC (ZERO)) = plus (ZERO) (SUCC (ZERO))
Prop: plus (SUCC (ZERO)) (SUCC (SUCC (ZERO))) = plus (SUCC (ZERO)) (SUCC (SUCC (ZERO)))
Prop: plus (SUCC (ZERO)) (SUCC (ZERO)) = plus (ZERO) (SUCC (SUCC (ZERO)))
Lemma List
forall (nat1:nat) (nat2:nat), plus (nat2) (SUCC (nat1)) = plus (nat1) (SUCC (nat2))
End of Lemma List


1st goal of : forall (nat1:nat) (nat2:nat), half (plus (nat1) (nat2)) = half (plus (nat2) (nat1))
nat2 : nat
nat3 : nat
IH1 : forall (nat1:nat), half (plus (nat1) (nat3)) = half (plus (nat3) (nat1))
Inductive1 : nat2 = SUCC (nat3)
nat1 : nat
nat4 : nat
IH2 : half (plus (nat4) (SUCC (nat3))) = half (SUCC (plus (nat3) (nat4)))
Inductive2 : nat1 = SUCC (nat4)
---------------------------------------
half (SUCC (plus (nat4) (SUCC (nat3)))) = half (SUCC (plus (nat3) (SUCC (nat4))))

0 goal(s) more...

0 conjecture(s) more...
=================================================
Progress: 41


1st goal of : forall (nat1:nat) (nat2:nat), half (plus (nat1) (nat2)) = half (plus (nat2) (nat1))
nat2 : nat
nat3 : nat
IH1 : forall (nat1:nat), half (plus (nat1) (nat3)) = half (plus (nat3) (nat1))
Inductive1 : nat2 = SUCC (nat3)
nat1 : nat
nat4 : nat
IH2 : half (plus (nat4) (SUCC (nat3))) = half (SUCC (plus (nat3) (nat4)))
Inductive2 : nat1 = SUCC (nat4)
---------------------------------------
half (SUCC (plus (nat4) (SUCC (nat3)))) = half (SUCC (plus (nat3) (SUCC (nat4))))

0 goal(s) more...

0 conjecture(s) more...
>>> assert forall (nat1:nat) (nat2:nat), plus (nat2) (SUCC (nat1)) = plus (nat1) (SUCC (nat2))(rank : 0.)


1st goal of : forall (nat1:nat) (nat2:nat), plus (nat2) (SUCC (nat1)) = plus (nat1) (SUCC (nat2))

---------------------------------------
forall (nat1:nat) (nat2:nat), plus (nat2) (SUCC (nat1)) = plus (nat1) (SUCC (nat2))

0 goal(s) more...

1 conjecture(s) more...
Tactic List : 2
induction nat1(rank:14.)
induction nat2(rank:14.)
=================================================
Progress: 42


1st goal of : forall (nat1:nat) (nat2:nat), plus (nat1) (SUCC (nat2)) = plus (nat2) (SUCC (nat1))

---------------------------------------
forall (nat1:nat) (nat2:nat), plus (nat1) (SUCC (nat2)) = plus (nat2) (SUCC (nat1))

0 goal(s) more...

1 conjecture(s) more...
>>> induction nat1(rank : 14.)


1st goal of : forall (nat1:nat) (nat2:nat), plus (nat1) (SUCC (nat2)) = plus (nat2) (SUCC (nat1))
nat1 : nat
Base1 : nat1 = ZERO
---------------------------------------
forall (nat2:nat), plus (ZERO) (SUCC (nat2)) = plus (nat2) (SUCC (ZERO))

1 goal(s) more...

1 conjecture(s) more...
Tactic List : 1
simpl in goal(rank:6.)
=================================================
Progress: 43


1st goal of : forall (nat1:nat) (nat2:nat), plus (nat1) (SUCC (nat2)) = plus (nat2) (SUCC (nat1))
nat1 : nat
Base1 : nat1 = ZERO
---------------------------------------
forall (nat2:nat), plus (ZERO) (SUCC (nat2)) = plus (nat2) (SUCC (ZERO))

1 goal(s) more...

1 conjecture(s) more...
>>> simpl in goal(rank : 6.)


1st goal of : forall (nat1:nat) (nat2:nat), plus (nat1) (SUCC (nat2)) = plus (nat2) (SUCC (nat1))
nat1 : nat
Base1 : nat1 = ZERO
---------------------------------------
forall (nat2:nat), SUCC (nat2) = plus (nat2) (SUCC (ZERO))

1 goal(s) more...

1 conjecture(s) more...
Tactic List : 1
induction nat2(rank:7.)
=================================================
Progress: 44


1st goal of : forall (nat1:nat) (nat2:nat), plus (nat1) (SUCC (nat2)) = plus (nat2) (SUCC (nat1))
nat1 : nat
Base1 : nat1 = ZERO
---------------------------------------
forall (nat2:nat), SUCC (nat2) = plus (nat2) (SUCC (ZERO))

1 goal(s) more...

1 conjecture(s) more...
>>> induction nat2(rank : 7.)


1st goal of : forall (nat1:nat) (nat2:nat), plus (nat1) (SUCC (nat2)) = plus (nat2) (SUCC (nat1))
nat1 : nat
Base1 : nat1 = ZERO
nat2 : nat
Base2 : nat2 = ZERO
---------------------------------------
SUCC (ZERO) = plus (ZERO) (SUCC (ZERO))

2 goal(s) more...

1 conjecture(s) more...
Tactic List : 1
reflexivity(rank:6.)
=================================================
Progress: 45


1st goal of : forall (nat1:nat) (nat2:nat), plus (nat1) (SUCC (nat2)) = plus (nat2) (SUCC (nat1))
nat1 : nat
Base1 : nat1 = ZERO
nat2 : nat
Base2 : nat2 = ZERO
---------------------------------------
SUCC (ZERO) = plus (ZERO) (SUCC (ZERO))

2 goal(s) more...

1 conjecture(s) more...
>>> reflexivity(rank : 6.)


1st goal of : forall (nat1:nat) (nat2:nat), plus (nat1) (SUCC (nat2)) = plus (nat2) (SUCC (nat1))
nat1 : nat
Base1 : nat1 = ZERO
nat2 : nat
nat3 : nat
IH1 : SUCC (nat3) = plus (nat3) (SUCC (ZERO))
Inductive1 : nat2 = SUCC (nat3)
---------------------------------------
SUCC (SUCC (nat3)) = plus (SUCC (nat3)) (SUCC (ZERO))

1 goal(s) more...

1 conjecture(s) more...
Deduplication: 0
Tactic List : 1
simpl in goal(rank:6.)
=================================================
Progress: 46


1st goal of : forall (nat1:nat) (nat2:nat), plus (nat1) (SUCC (nat2)) = plus (nat2) (SUCC (nat1))
nat1 : nat
Base1 : nat1 = ZERO
nat2 : nat
nat3 : nat
IH1 : SUCC (nat3) = plus (nat3) (SUCC (ZERO))
Inductive1 : nat2 = SUCC (nat3)
---------------------------------------
SUCC (SUCC (nat3)) = plus (SUCC (nat3)) (SUCC (ZERO))

1 goal(s) more...

1 conjecture(s) more...
>>> simpl in goal(rank : 6.)


1st goal of : forall (nat1:nat) (nat2:nat), plus (nat1) (SUCC (nat2)) = plus (nat2) (SUCC (nat1))
nat1 : nat
Base1 : nat1 = ZERO
nat2 : nat
nat3 : nat
IH1 : SUCC (nat3) = plus (nat3) (SUCC (ZERO))
Inductive1 : nat2 = SUCC (nat3)
---------------------------------------
SUCC (SUCC (nat3)) = SUCC (plus (nat3) (SUCC (ZERO)))

1 goal(s) more...

1 conjecture(s) more...
Tactic List : 2
rewrite IH1 in goal at 0(rank:14.)
rewrite <- IH1 in goal at 0(rank:14.)
=================================================
Progress: 47


1st goal of : forall (nat1:nat) (nat2:nat), plus (nat1) (SUCC (nat2)) = plus (nat2) (SUCC (nat1))

---------------------------------------
forall (nat1:nat) (nat2:nat), plus (nat1) (SUCC (nat2)) = plus (nat2) (SUCC (nat1))

0 goal(s) more...

1 conjecture(s) more...
>>> induction nat2(rank : 14.)


1st goal of : forall (nat1:nat) (nat2:nat), plus (nat1) (SUCC (nat2)) = plus (nat2) (SUCC (nat1))
nat2 : nat
Base1 : nat2 = ZERO
---------------------------------------
forall (nat1:nat), plus (nat1) (SUCC (ZERO)) = plus (ZERO) (SUCC (nat1))

1 goal(s) more...

1 conjecture(s) more...
Tactic List : 1
simpl in goal(rank:6.)
=================================================
Progress: 48


1st goal of : forall (nat1:nat) (nat2:nat), plus (nat1) (SUCC (nat2)) = plus (nat2) (SUCC (nat1))
nat2 : nat
Base1 : nat2 = ZERO
---------------------------------------
forall (nat1:nat), plus (nat1) (SUCC (ZERO)) = plus (ZERO) (SUCC (nat1))

1 goal(s) more...

1 conjecture(s) more...
>>> simpl in goal(rank : 6.)


1st goal of : forall (nat1:nat) (nat2:nat), plus (nat1) (SUCC (nat2)) = plus (nat2) (SUCC (nat1))
nat2 : nat
Base1 : nat2 = ZERO
---------------------------------------
forall (nat1:nat), plus (nat1) (SUCC (ZERO)) = SUCC (nat1)

1 goal(s) more...

1 conjecture(s) more...
Tactic List : 1
induction nat1(rank:7.)
=================================================
Progress: 49


1st goal of : forall (nat1:nat) (nat2:nat), plus (nat1) (SUCC (nat2)) = plus (nat2) (SUCC (nat1))
nat2 : nat
Base1 : nat2 = ZERO
---------------------------------------
forall (nat1:nat), plus (nat1) (SUCC (ZERO)) = SUCC (nat1)

1 goal(s) more...

1 conjecture(s) more...
>>> induction nat1(rank : 7.)


1st goal of : forall (nat1:nat) (nat2:nat), plus (nat1) (SUCC (nat2)) = plus (nat2) (SUCC (nat1))
nat2 : nat
Base1 : nat2 = ZERO
nat1 : nat
Base2 : nat1 = ZERO
---------------------------------------
plus (ZERO) (SUCC (ZERO)) = SUCC (ZERO)

2 goal(s) more...

1 conjecture(s) more...
Tactic List : 1
reflexivity(rank:6.)
=================================================
Progress: 50


1st goal of : forall (nat1:nat) (nat2:nat), plus (nat1) (SUCC (nat2)) = plus (nat2) (SUCC (nat1))
nat2 : nat
Base1 : nat2 = ZERO
nat1 : nat
Base2 : nat1 = ZERO
---------------------------------------
plus (ZERO) (SUCC (ZERO)) = SUCC (ZERO)

2 goal(s) more...

1 conjecture(s) more...
>>> reflexivity(rank : 6.)


1st goal of : forall (nat1:nat) (nat2:nat), plus (nat1) (SUCC (nat2)) = plus (nat2) (SUCC (nat1))
nat2 : nat
Base1 : nat2 = ZERO
nat1 : nat
nat3 : nat
IH1 : plus (nat3) (SUCC (ZERO)) = SUCC (nat3)
Inductive1 : nat1 = SUCC (nat3)
---------------------------------------
plus (SUCC (nat3)) (SUCC (ZERO)) = SUCC (SUCC (nat3))

1 goal(s) more...

1 conjecture(s) more...
Deduplication: 0
Tactic List : 1
simpl in goal(rank:6.)
=================================================
Progress: 51


1st goal of : forall (nat1:nat) (nat2:nat), plus (nat1) (SUCC (nat2)) = plus (nat2) (SUCC (nat1))
nat2 : nat
Base1 : nat2 = ZERO
nat1 : nat
nat3 : nat
IH1 : plus (nat3) (SUCC (ZERO)) = SUCC (nat3)
Inductive1 : nat1 = SUCC (nat3)
---------------------------------------
plus (SUCC (nat3)) (SUCC (ZERO)) = SUCC (SUCC (nat3))

1 goal(s) more...

1 conjecture(s) more...
>>> simpl in goal(rank : 6.)


1st goal of : forall (nat1:nat) (nat2:nat), plus (nat1) (SUCC (nat2)) = plus (nat2) (SUCC (nat1))
nat2 : nat
Base1 : nat2 = ZERO
nat1 : nat
nat3 : nat
IH1 : plus (nat3) (SUCC (ZERO)) = SUCC (nat3)
Inductive1 : nat1 = SUCC (nat3)
---------------------------------------
SUCC (plus (nat3) (SUCC (ZERO))) = SUCC (SUCC (nat3))

1 goal(s) more...

1 conjecture(s) more...
Tactic List : 2
rewrite IH1 in goal at 0(rank:14.)
rewrite <- IH1 in goal at 0(rank:14.)
=================================================
Progress: 52


1st goal of : forall (nat1:nat) (nat2:nat), plus (nat2) (SUCC (nat1)) = plus (nat1) (SUCC (nat2))

---------------------------------------
forall (nat1:nat) (nat2:nat), plus (nat2) (SUCC (nat1)) = plus (nat1) (SUCC (nat2))

0 goal(s) more...

1 conjecture(s) more...
>>> induction nat1(rank : 14.)


1st goal of : forall (nat1:nat) (nat2:nat), plus (nat2) (SUCC (nat1)) = plus (nat1) (SUCC (nat2))
nat1 : nat
Base1 : nat1 = ZERO
---------------------------------------
forall (nat2:nat), plus (nat2) (SUCC (ZERO)) = plus (ZERO) (SUCC (nat2))

1 goal(s) more...

1 conjecture(s) more...
Tactic List : 1
simpl in goal(rank:6.)
=================================================
Progress: 53


1st goal of : forall (nat1:nat) (nat2:nat), plus (nat2) (SUCC (nat1)) = plus (nat1) (SUCC (nat2))
nat1 : nat
Base1 : nat1 = ZERO
---------------------------------------
forall (nat2:nat), plus (nat2) (SUCC (ZERO)) = plus (ZERO) (SUCC (nat2))

1 goal(s) more...

1 conjecture(s) more...
>>> simpl in goal(rank : 6.)


1st goal of : forall (nat1:nat) (nat2:nat), plus (nat2) (SUCC (nat1)) = plus (nat1) (SUCC (nat2))
nat1 : nat
Base1 : nat1 = ZERO
---------------------------------------
forall (nat2:nat), plus (nat2) (SUCC (ZERO)) = SUCC (nat2)

1 goal(s) more...

1 conjecture(s) more...
Tactic List : 1
induction nat2(rank:7.)
=================================================
Progress: 54


1st goal of : forall (nat1:nat) (nat2:nat), plus (nat2) (SUCC (nat1)) = plus (nat1) (SUCC (nat2))
nat1 : nat
Base1 : nat1 = ZERO
---------------------------------------
forall (nat2:nat), plus (nat2) (SUCC (ZERO)) = SUCC (nat2)

1 goal(s) more...

1 conjecture(s) more...
>>> induction nat2(rank : 7.)


1st goal of : forall (nat1:nat) (nat2:nat), plus (nat2) (SUCC (nat1)) = plus (nat1) (SUCC (nat2))
nat1 : nat
Base1 : nat1 = ZERO
nat2 : nat
Base2 : nat2 = ZERO
---------------------------------------
plus (ZERO) (SUCC (ZERO)) = SUCC (ZERO)

2 goal(s) more...

1 conjecture(s) more...
Tactic List : 1
reflexivity(rank:6.)
=================================================
Progress: 55


1st goal of : forall (nat1:nat) (nat2:nat), plus (nat2) (SUCC (nat1)) = plus (nat1) (SUCC (nat2))
nat1 : nat
Base1 : nat1 = ZERO
nat2 : nat
Base2 : nat2 = ZERO
---------------------------------------
plus (ZERO) (SUCC (ZERO)) = SUCC (ZERO)

2 goal(s) more...

1 conjecture(s) more...
>>> reflexivity(rank : 6.)


1st goal of : forall (nat1:nat) (nat2:nat), plus (nat2) (SUCC (nat1)) = plus (nat1) (SUCC (nat2))
nat1 : nat
Base1 : nat1 = ZERO
nat2 : nat
nat3 : nat
IH1 : plus (nat3) (SUCC (ZERO)) = SUCC (nat3)
Inductive1 : nat2 = SUCC (nat3)
---------------------------------------
plus (SUCC (nat3)) (SUCC (ZERO)) = SUCC (SUCC (nat3))

1 goal(s) more...

1 conjecture(s) more...
Deduplication: 0
Tactic List : 1
simpl in goal(rank:6.)
=================================================
Progress: 56


1st goal of : forall (nat1:nat) (nat2:nat), plus (nat2) (SUCC (nat1)) = plus (nat1) (SUCC (nat2))
nat1 : nat
Base1 : nat1 = ZERO
nat2 : nat
nat3 : nat
IH1 : plus (nat3) (SUCC (ZERO)) = SUCC (nat3)
Inductive1 : nat2 = SUCC (nat3)
---------------------------------------
plus (SUCC (nat3)) (SUCC (ZERO)) = SUCC (SUCC (nat3))

1 goal(s) more...

1 conjecture(s) more...
>>> simpl in goal(rank : 6.)


1st goal of : forall (nat1:nat) (nat2:nat), plus (nat2) (SUCC (nat1)) = plus (nat1) (SUCC (nat2))
nat1 : nat
Base1 : nat1 = ZERO
nat2 : nat
nat3 : nat
IH1 : plus (nat3) (SUCC (ZERO)) = SUCC (nat3)
Inductive1 : nat2 = SUCC (nat3)
---------------------------------------
SUCC (plus (nat3) (SUCC (ZERO))) = SUCC (SUCC (nat3))

1 goal(s) more...

1 conjecture(s) more...
Tactic List : 2
rewrite IH1 in goal at 0(rank:14.)
rewrite <- IH1 in goal at 0(rank:14.)
=================================================
Progress: 57


1st goal of : forall (nat1:nat) (nat2:nat), plus (nat2) (SUCC (nat1)) = plus (nat1) (SUCC (nat2))

---------------------------------------
forall (nat1:nat) (nat2:nat), plus (nat2) (SUCC (nat1)) = plus (nat1) (SUCC (nat2))

0 goal(s) more...

1 conjecture(s) more...
>>> induction nat2(rank : 14.)


1st goal of : forall (nat1:nat) (nat2:nat), plus (nat2) (SUCC (nat1)) = plus (nat1) (SUCC (nat2))
nat2 : nat
Base1 : nat2 = ZERO
---------------------------------------
forall (nat1:nat), plus (ZERO) (SUCC (nat1)) = plus (nat1) (SUCC (ZERO))

1 goal(s) more...

1 conjecture(s) more...
Tactic List : 1
simpl in goal(rank:6.)
=================================================
Progress: 58


1st goal of : forall (nat1:nat) (nat2:nat), plus (nat2) (SUCC (nat1)) = plus (nat1) (SUCC (nat2))
nat2 : nat
Base1 : nat2 = ZERO
---------------------------------------
forall (nat1:nat), plus (ZERO) (SUCC (nat1)) = plus (nat1) (SUCC (ZERO))

1 goal(s) more...

1 conjecture(s) more...
>>> simpl in goal(rank : 6.)


1st goal of : forall (nat1:nat) (nat2:nat), plus (nat2) (SUCC (nat1)) = plus (nat1) (SUCC (nat2))
nat2 : nat
Base1 : nat2 = ZERO
---------------------------------------
forall (nat1:nat), SUCC (nat1) = plus (nat1) (SUCC (ZERO))

1 goal(s) more...

1 conjecture(s) more...
Tactic List : 1
induction nat1(rank:7.)
=================================================
Progress: 59


1st goal of : forall (nat1:nat) (nat2:nat), plus (nat2) (SUCC (nat1)) = plus (nat1) (SUCC (nat2))
nat2 : nat
Base1 : nat2 = ZERO
---------------------------------------
forall (nat1:nat), SUCC (nat1) = plus (nat1) (SUCC (ZERO))

1 goal(s) more...

1 conjecture(s) more...
>>> induction nat1(rank : 7.)


1st goal of : forall (nat1:nat) (nat2:nat), plus (nat2) (SUCC (nat1)) = plus (nat1) (SUCC (nat2))
nat2 : nat
Base1 : nat2 = ZERO
nat1 : nat
Base2 : nat1 = ZERO
---------------------------------------
SUCC (ZERO) = plus (ZERO) (SUCC (ZERO))

2 goal(s) more...

1 conjecture(s) more...
Tactic List : 1
reflexivity(rank:6.)
=================================================
Progress: 60


1st goal of : forall (nat1:nat) (nat2:nat), plus (nat2) (SUCC (nat1)) = plus (nat1) (SUCC (nat2))
nat2 : nat
Base1 : nat2 = ZERO
nat1 : nat
Base2 : nat1 = ZERO
---------------------------------------
SUCC (ZERO) = plus (ZERO) (SUCC (ZERO))

2 goal(s) more...

1 conjecture(s) more...
>>> reflexivity(rank : 6.)


1st goal of : forall (nat1:nat) (nat2:nat), plus (nat2) (SUCC (nat1)) = plus (nat1) (SUCC (nat2))
nat2 : nat
Base1 : nat2 = ZERO
nat1 : nat
nat3 : nat
IH1 : SUCC (nat3) = plus (nat3) (SUCC (ZERO))
Inductive1 : nat1 = SUCC (nat3)
---------------------------------------
SUCC (SUCC (nat3)) = plus (SUCC (nat3)) (SUCC (ZERO))

1 goal(s) more...

1 conjecture(s) more...
Deduplication: 0
Tactic List : 1
simpl in goal(rank:6.)
=================================================
Progress: 61


1st goal of : forall (nat1:nat) (nat2:nat), plus (nat2) (SUCC (nat1)) = plus (nat1) (SUCC (nat2))
nat2 : nat
Base1 : nat2 = ZERO
nat1 : nat
nat3 : nat
IH1 : SUCC (nat3) = plus (nat3) (SUCC (ZERO))
Inductive1 : nat1 = SUCC (nat3)
---------------------------------------
SUCC (SUCC (nat3)) = plus (SUCC (nat3)) (SUCC (ZERO))

1 goal(s) more...

1 conjecture(s) more...
>>> simpl in goal(rank : 6.)


1st goal of : forall (nat1:nat) (nat2:nat), plus (nat2) (SUCC (nat1)) = plus (nat1) (SUCC (nat2))
nat2 : nat
Base1 : nat2 = ZERO
nat1 : nat
nat3 : nat
IH1 : SUCC (nat3) = plus (nat3) (SUCC (ZERO))
Inductive1 : nat1 = SUCC (nat3)
---------------------------------------
SUCC (SUCC (nat3)) = SUCC (plus (nat3) (SUCC (ZERO)))

1 goal(s) more...

1 conjecture(s) more...
Tactic List : 2
rewrite IH1 in goal at 0(rank:14.)
rewrite <- IH1 in goal at 0(rank:14.)
=================================================
Progress: 62


1st goal of : forall (nat1:nat) (nat2:nat), plus (nat1) (SUCC (nat2)) = plus (nat2) (SUCC (nat1))
nat1 : nat
Base1 : nat1 = ZERO
nat2 : nat
nat3 : nat
IH1 : SUCC (nat3) = plus (nat3) (SUCC (ZERO))
Inductive1 : nat2 = SUCC (nat3)
---------------------------------------
SUCC (SUCC (nat3)) = SUCC (plus (nat3) (SUCC (ZERO)))

1 goal(s) more...

1 conjecture(s) more...
>>> rewrite IH1 in goal at 0(rank : 14.)


1st goal of : forall (nat1:nat) (nat2:nat), plus (nat1) (SUCC (nat2)) = plus (nat2) (SUCC (nat1))
nat1 : nat
Base1 : nat1 = ZERO
nat2 : nat
nat3 : nat
IH1 : SUCC (nat3) = plus (nat3) (SUCC (ZERO))
Inductive1 : nat2 = SUCC (nat3)
---------------------------------------
SUCC (plus (nat3) (SUCC (ZERO))) = SUCC (plus (nat3) (SUCC (ZERO)))

1 goal(s) more...

1 conjecture(s) more...
Tactic List : 1
reflexivity(rank:5.)
=================================================
Progress: 63


1st goal of : forall (nat1:nat) (nat2:nat), plus (nat1) (SUCC (nat2)) = plus (nat2) (SUCC (nat1))
nat1 : nat
Base1 : nat1 = ZERO
nat2 : nat
nat3 : nat
IH1 : SUCC (nat3) = plus (nat3) (SUCC (ZERO))
Inductive1 : nat2 = SUCC (nat3)
---------------------------------------
SUCC (plus (nat3) (SUCC (ZERO))) = SUCC (plus (nat3) (SUCC (ZERO)))

1 goal(s) more...

1 conjecture(s) more...
>>> reflexivity(rank : 5.)


1st goal of : forall (nat1:nat) (nat2:nat), plus (nat1) (SUCC (nat2)) = plus (nat2) (SUCC (nat1))
nat1 : nat
nat3 : nat
IH1 : forall (nat2:nat), plus (nat3) (SUCC (nat2)) = plus (nat2) (SUCC (nat3))
Inductive1 : nat1 = SUCC (nat3)
---------------------------------------
forall (nat2:nat), plus (SUCC (nat3)) (SUCC (nat2)) = plus (nat2) (SUCC (SUCC (nat3)))

0 goal(s) more...

1 conjecture(s) more...
Deduplication: 1
Tactic List : 1
simpl in goal(rank:5.)
=================================================
Progress: 64


1st goal of : forall (nat1:nat) (nat2:nat), plus (nat1) (SUCC (nat2)) = plus (nat2) (SUCC (nat1))
nat1 : nat
nat3 : nat
IH1 : forall (nat2:nat), plus (nat3) (SUCC (nat2)) = plus (nat2) (SUCC (nat3))
Inductive1 : nat1 = SUCC (nat3)
---------------------------------------
forall (nat2:nat), plus (SUCC (nat3)) (SUCC (nat2)) = plus (nat2) (SUCC (SUCC (nat3)))

0 goal(s) more...

1 conjecture(s) more...
>>> simpl in goal(rank : 5.)


1st goal of : forall (nat1:nat) (nat2:nat), plus (nat1) (SUCC (nat2)) = plus (nat2) (SUCC (nat1))
nat1 : nat
nat3 : nat
IH1 : forall (nat2:nat), plus (nat3) (SUCC (nat2)) = plus (nat2) (SUCC (nat3))
Inductive1 : nat1 = SUCC (nat3)
---------------------------------------
forall (nat2:nat), SUCC (plus (nat3) (SUCC (nat2))) = plus (nat2) (SUCC (SUCC (nat3)))

0 goal(s) more...

1 conjecture(s) more...
Tactic List : 2
rewrite IH1 in goal at 0(rank:13.)
induction nat2(rank:14.)
=================================================
Progress: 65


1st goal of : forall (nat1:nat) (nat2:nat), plus (nat1) (SUCC (nat2)) = plus (nat2) (SUCC (nat1))
nat1 : nat
nat3 : nat
IH1 : forall (nat2:nat), plus (nat3) (SUCC (nat2)) = plus (nat2) (SUCC (nat3))
Inductive1 : nat1 = SUCC (nat3)
---------------------------------------
forall (nat2:nat), SUCC (plus (nat3) (SUCC (nat2))) = plus (nat2) (SUCC (SUCC (nat3)))

0 goal(s) more...

1 conjecture(s) more...
>>> rewrite IH1 in goal at 0(rank : 13.)


1st goal of : forall (nat1:nat) (nat2:nat), plus (nat1) (SUCC (nat2)) = plus (nat2) (SUCC (nat1))
nat1 : nat
nat3 : nat
IH1 : forall (nat2:nat), plus (nat3) (SUCC (nat2)) = plus (nat2) (SUCC (nat3))
Inductive1 : nat1 = SUCC (nat3)
---------------------------------------
forall (nat2:nat), SUCC (plus (nat2) (SUCC (nat3))) = plus (nat2) (SUCC (SUCC (nat3)))

0 goal(s) more...

1 conjecture(s) more...
Tactic List : 1
induction nat2(rank:6.)
=================================================
Progress: 66


1st goal of : forall (nat1:nat) (nat2:nat), plus (nat1) (SUCC (nat2)) = plus (nat2) (SUCC (nat1))
nat1 : nat
nat3 : nat
IH1 : forall (nat2:nat), plus (nat3) (SUCC (nat2)) = plus (nat2) (SUCC (nat3))
Inductive1 : nat1 = SUCC (nat3)
---------------------------------------
forall (nat2:nat), SUCC (plus (nat2) (SUCC (nat3))) = plus (nat2) (SUCC (SUCC (nat3)))

0 goal(s) more...

1 conjecture(s) more...
>>> induction nat2(rank : 6.)


1st goal of : forall (nat1:nat) (nat2:nat), plus (nat1) (SUCC (nat2)) = plus (nat2) (SUCC (nat1))
nat1 : nat
nat3 : nat
IH1 : forall (nat2:nat), plus (nat3) (SUCC (nat2)) = plus (nat2) (SUCC (nat3))
Inductive1 : nat1 = SUCC (nat3)
nat2 : nat
Base1 : nat2 = ZERO
---------------------------------------
SUCC (plus (ZERO) (SUCC (nat3))) = plus (ZERO) (SUCC (SUCC (nat3)))

1 goal(s) more...

1 conjecture(s) more...
Tactic List : 1
reflexivity(rank:5.)
=================================================
Progress: 67


1st goal of : forall (nat1:nat) (nat2:nat), plus (nat1) (SUCC (nat2)) = plus (nat2) (SUCC (nat1))
nat1 : nat
nat3 : nat
IH1 : forall (nat2:nat), plus (nat3) (SUCC (nat2)) = plus (nat2) (SUCC (nat3))
Inductive1 : nat1 = SUCC (nat3)
nat2 : nat
Base1 : nat2 = ZERO
---------------------------------------
SUCC (plus (ZERO) (SUCC (nat3))) = plus (ZERO) (SUCC (SUCC (nat3)))

1 goal(s) more...

1 conjecture(s) more...
>>> reflexivity(rank : 5.)


1st goal of : forall (nat1:nat) (nat2:nat), plus (nat1) (SUCC (nat2)) = plus (nat2) (SUCC (nat1))
nat1 : nat
nat3 : nat
IH1 : forall (nat2:nat), plus (nat3) (SUCC (nat2)) = plus (nat2) (SUCC (nat3))
Inductive1 : nat1 = SUCC (nat3)
nat2 : nat
nat4 : nat
IH2 : SUCC (plus (nat4) (SUCC (nat3))) = plus (nat4) (SUCC (SUCC (nat3)))
Inductive2 : nat2 = SUCC (nat4)
---------------------------------------
SUCC (plus (SUCC (nat4)) (SUCC (nat3))) = plus (SUCC (nat4)) (SUCC (SUCC (nat3)))

0 goal(s) more...

1 conjecture(s) more...
Deduplication: 0
Tactic List : 1
simpl in goal(rank:5.)
=================================================
Progress: 68


1st goal of : forall (nat1:nat) (nat2:nat), plus (nat1) (SUCC (nat2)) = plus (nat2) (SUCC (nat1))
nat1 : nat
nat3 : nat
IH1 : forall (nat2:nat), plus (nat3) (SUCC (nat2)) = plus (nat2) (SUCC (nat3))
Inductive1 : nat1 = SUCC (nat3)
nat2 : nat
nat4 : nat
IH2 : SUCC (plus (nat4) (SUCC (nat3))) = plus (nat4) (SUCC (SUCC (nat3)))
Inductive2 : nat2 = SUCC (nat4)
---------------------------------------
SUCC (plus (SUCC (nat4)) (SUCC (nat3))) = plus (SUCC (nat4)) (SUCC (SUCC (nat3)))

0 goal(s) more...

1 conjecture(s) more...
>>> simpl in goal(rank : 5.)


1st goal of : forall (nat1:nat) (nat2:nat), plus (nat1) (SUCC (nat2)) = plus (nat2) (SUCC (nat1))
nat1 : nat
nat3 : nat
IH1 : forall (nat2:nat), plus (nat3) (SUCC (nat2)) = plus (nat2) (SUCC (nat3))
Inductive1 : nat1 = SUCC (nat3)
nat2 : nat
nat4 : nat
IH2 : SUCC (plus (nat4) (SUCC (nat3))) = plus (nat4) (SUCC (SUCC (nat3)))
Inductive2 : nat2 = SUCC (nat4)
---------------------------------------
SUCC (SUCC (plus (nat4) (SUCC (nat3)))) = SUCC (plus (nat4) (SUCC (SUCC (nat3))))

0 goal(s) more...

1 conjecture(s) more...
Tactic List : 3
rewrite IH2 in goal at 0(rank:13.)
rewrite <- IH1 in goal at 0(rank:21.)
rewrite <- IH2 in goal at 0(rank:13.)
=================================================
Progress: 69


1st goal of : forall (nat1:nat) (nat2:nat), plus (nat1) (SUCC (nat2)) = plus (nat2) (SUCC (nat1))
nat1 : nat
nat3 : nat
IH1 : forall (nat2:nat), plus (nat3) (SUCC (nat2)) = plus (nat2) (SUCC (nat3))
Inductive1 : nat1 = SUCC (nat3)
nat2 : nat
nat4 : nat
IH2 : SUCC (plus (nat4) (SUCC (nat3))) = plus (nat4) (SUCC (SUCC (nat3)))
Inductive2 : nat2 = SUCC (nat4)
---------------------------------------
SUCC (SUCC (plus (nat4) (SUCC (nat3)))) = SUCC (plus (nat4) (SUCC (SUCC (nat3))))

0 goal(s) more...

1 conjecture(s) more...
>>> rewrite IH2 in goal at 0(rank : 13.)


1st goal of : forall (nat1:nat) (nat2:nat), plus (nat1) (SUCC (nat2)) = plus (nat2) (SUCC (nat1))
nat1 : nat
nat3 : nat
IH1 : forall (nat2:nat), plus (nat3) (SUCC (nat2)) = plus (nat2) (SUCC (nat3))
Inductive1 : nat1 = SUCC (nat3)
nat2 : nat
nat4 : nat
IH2 : SUCC (plus (nat4) (SUCC (nat3))) = plus (nat4) (SUCC (SUCC (nat3)))
Inductive2 : nat2 = SUCC (nat4)
---------------------------------------
SUCC (plus (nat4) (SUCC (SUCC (nat3)))) = SUCC (plus (nat4) (SUCC (SUCC (nat3))))

0 goal(s) more...

1 conjecture(s) more...
Tactic List : 1
reflexivity(rank:3.)
=================================================
Progress: 70


1st goal of : forall (nat1:nat) (nat2:nat), plus (nat1) (SUCC (nat2)) = plus (nat2) (SUCC (nat1))
nat1 : nat
nat3 : nat
IH1 : forall (nat2:nat), plus (nat3) (SUCC (nat2)) = plus (nat2) (SUCC (nat3))
Inductive1 : nat1 = SUCC (nat3)
nat2 : nat
nat4 : nat
IH2 : SUCC (plus (nat4) (SUCC (nat3))) = plus (nat4) (SUCC (SUCC (nat3)))
Inductive2 : nat2 = SUCC (nat4)
---------------------------------------
SUCC (plus (nat4) (SUCC (SUCC (nat3)))) = SUCC (plus (nat4) (SUCC (SUCC (nat3))))

0 goal(s) more...

1 conjecture(s) more...
>>> reflexivity(rank : 3.)


1st goal of : forall (nat1:nat) (nat2:nat), half (plus (nat1) (nat2)) = half (plus (nat2) (nat1))
nat1 : nat
nat3 : nat
IH1 : forall (nat2:nat), half (plus (nat3) (nat2)) = half (plus (nat2) (nat3))
Inductive1 : nat1 = SUCC (nat3)
nat2 : nat
nat4 : nat
IH2 : half (SUCC (plus (nat3) (nat4))) = half (plus (nat4) (SUCC (nat3)))
Inductive2 : nat2 = SUCC (nat4)
---------------------------------------
half (SUCC (plus (nat3) (SUCC (nat4)))) = half (SUCC (plus (nat4) (SUCC (nat3))))

0 goal(s) more...

0 conjecture(s) more...
original goal
forall (nat1:nat) (nat2:nat), half (plus (nat1) (nat2)) = half (plus (nat2) (nat1))
lemma
forall (nat1:nat) (nat2:nat), plus (nat1) (SUCC (nat2)) = plus (nat2) (SUCC (nat1))
tactics
assert forall (nat1:nat) (nat2:nat), plus (nat1) (SUCC (nat2)) = plus (nat2) (SUCC (nat1))
induction nat1
simpl in goal
induction nat2
reflexivity
simpl in goal
rewrite IH1 in goal at 0
reflexivity
simpl in goal
rewrite IH1 in goal at 0
induction nat2
reflexivity
simpl in goal
rewrite IH2 in goal at 0
reflexivity
Deduplication: 5
Tactic List : 3
rewrite lemma4 in goal at 1(rank:11.)
rewrite lemma4 in goal at 0(rank:19.)
rewrite lemma4 in goal at 2(rank:11.)
=================================================
Progress: 71


1st goal of : forall (nat1:nat) (nat2:nat), half (plus (nat1) (nat2)) = half (plus (nat2) (nat1))
nat1 : nat
nat3 : nat
IH1 : forall (nat2:nat), half (plus (nat3) (nat2)) = half (plus (nat2) (nat3))
Inductive1 : nat1 = SUCC (nat3)
nat2 : nat
nat4 : nat
IH2 : half (SUCC (plus (nat3) (nat4))) = half (plus (nat4) (SUCC (nat3)))
Inductive2 : nat2 = SUCC (nat4)
---------------------------------------
half (SUCC (plus (nat3) (SUCC (nat4)))) = half (SUCC (plus (nat4) (SUCC (nat3))))

0 goal(s) more...

0 conjecture(s) more...
>>> rewrite lemma4 in goal at 1(rank : 11.)


1st goal of : forall (nat1:nat) (nat2:nat), half (plus (nat1) (nat2)) = half (plus (nat2) (nat1))
nat1 : nat
nat3 : nat
IH1 : forall (nat2:nat), half (plus (nat3) (nat2)) = half (plus (nat2) (nat3))
Inductive1 : nat1 = SUCC (nat3)
nat2 : nat
nat4 : nat
IH2 : half (SUCC (plus (nat3) (nat4))) = half (plus (nat4) (SUCC (nat3)))
Inductive2 : nat2 = SUCC (nat4)
---------------------------------------
half (SUCC (plus (nat4) (SUCC (nat3)))) = half (SUCC (plus (nat4) (SUCC (nat3))))

0 goal(s) more...

0 conjecture(s) more...
Tactic List : 1
reflexivity(rank:0.)
=================================================
Progress: 72


1st goal of : forall (nat1:nat) (nat2:nat), half (plus (nat1) (nat2)) = half (plus (nat2) (nat1))
nat1 : nat
nat3 : nat
IH1 : forall (nat2:nat), half (plus (nat3) (nat2)) = half (plus (nat2) (nat3))
Inductive1 : nat1 = SUCC (nat3)
nat2 : nat
nat4 : nat
IH2 : half (SUCC (plus (nat3) (nat4))) = half (plus (nat4) (SUCC (nat3)))
Inductive2 : nat2 = SUCC (nat4)
---------------------------------------
half (SUCC (plus (nat4) (SUCC (nat3)))) = half (SUCC (plus (nat4) (SUCC (nat3))))

0 goal(s) more...

0 conjecture(s) more...
>>> reflexivity(rank : 0.)


No conjecture
Proof Success
Proof
assert forall (nat1:nat) (nat2:nat), half (plus (nat1) (nat2)) = half (plus (nat2) (nat1))
induction nat1
simpl in goal
induction nat2
reflexivity
simpl in goal
assert forall (nat1:nat), nat1 = plus (nat1) (ZERO)
induction nat1
reflexivity
simpl in goal
rewrite <- IH1 in goal at 0
reflexivity
rewrite <- lemma3 in goal at 0
reflexivity
simpl in goal
induction nat2
simpl in goal
rewrite <- lemma3 in goal at 0
reflexivity
simpl in goal
assert forall (nat1:nat) (nat2:nat), plus (nat1) (SUCC (nat2)) = plus (nat2) (SUCC (nat1))
induction nat1
simpl in goal
induction nat2
reflexivity
simpl in goal
rewrite IH1 in goal at 0
reflexivity
simpl in goal
rewrite IH1 in goal at 0
induction nat2
reflexivity
simpl in goal
rewrite IH2 in goal at 0
reflexivity
rewrite lemma4 in goal at 1
reflexivity
Qed
File "_none_", lines 88-90, characters 2-22:
Warning 8 [partial-match]: this pattern-matching is not exhaustive.
Here is an example of a case that is not matched:
[]

File "_none_", lines 88-90, characters 2-22:
Warning 8 [partial-match]: this pattern-matching is not exhaustive.
Here is an example of a case that is not matched:
[]
