Enter the definition file path (1/2) : 
> Enter the definition file path (2/2) : 
> Choose the proof type :
1) Interactive Mode 	 2) Auto Mode
Enter the goal : File "_none_", lines 81-83, characters 2-22:
Warning 8 [partial-match]: this pattern-matching is not exhaustive.
Here is an example of a case that is not matched:
[]

File "_none_", lines 81-83, characters 2-22:
Warning 8 [partial-match]: this pattern-matching is not exhaustive.
Here is an example of a case that is not matched:
[]
Fatal error: exception Not_found
Raised at Stdlib__List.find in file "list.ml", line 232, characters 10-25
Called from Dilemma__Ir.search_constr_type in file "lib/ir.ml", lines 842-847, characters 4-14
Called from Dilemma__Ir.ir_of_parsetree in file "lib/ir.ml", line 953, characters 36-61
Called from Stdlib__List.map in file "list.ml", line 87, characters 15-19
Called from Dilemma__Ir.ir_of_parsetree in file "lib/ir.ml", line 931, characters 15-89
Called from Stdlib__List.map in file "list.ml", line 86, characters 15-19
Called from Dilemma__Ir.ir_of_parsetree in file "lib/ir.ml", line 931, characters 15-89
Called from Dilemma__Proof.parse_prop in file "lib/proof.ml", line 2128, characters 17-53
Called from Dilemma__Proof.parse_prop in file "lib/proof.ml", line 2136, characters 19-48
Called from Dilemma__Proof.parse_tactic in file "lib/proof.ml", line 2181, characters 23-67
Called from Dilemma__Engine.proof_auto in file "lib/engine.ml", line 190, characters 24-54
Called from Dune__exe__Main.main in file "bin/main.ml", line 24, characters 12-79
