Enter the definition file path (1/2) : 
> Enter the definition file path (2/2) : 
> Choose the proof type :
1) Interactive Mode 	 2) Auto Mode
Enter the goal : =================================================
Progress: 1


No conjecture
>>> assert forall (x:any list), reverse ((reverse (x) @ (Nil))) = x(rank : 0)


1st goal of : forall (any_list1:any list), reverse ((reverse (any_list1) @ (Nil))) = any_list1

---------------------------------------
forall (any_list1:any list), reverse ((reverse (any_list1) @ (Nil))) = any_list1

0 goal(s) more...

0 conjecture(s) more...
Tactic List : 1
intro any_list1(rank:3)
=================================================
Progress: 2


1st goal of : forall (any_list1:any list), reverse ((reverse (any_list1) @ (Nil))) = any_list1

---------------------------------------
forall (any_list1:any list), reverse ((reverse (any_list1) @ (Nil))) = any_list1

0 goal(s) more...

0 conjecture(s) more...
>>> intro any_list1(rank : 3)


1st goal of : forall (any_list1:any list), reverse ((reverse (any_list1) @ (Nil))) = any_list1
any_list1 : any list
---------------------------------------
reverse ((reverse (any_list1) @ (Nil))) = any_list1

0 goal(s) more...

0 conjecture(s) more...
Tactic List : 0
New Env

;;
Lemma List
forall (any_list1:any list), reverse ((reverse (any_list1) @ (Nil))) = any_list1
End of Lemma List


1st goal of : forall (any_list1:any list), reverse ((reverse (any_list1) @ (Nil))) = any_list1
any_list1 : any list
---------------------------------------
reverse ((reverse (any_list1) @ (Nil))) = any_list1

0 goal(s) more...

0 conjecture(s) more...
=================================================
Progress: 3


1st goal of : forall (any_list1:any list), reverse ((reverse (any_list1) @ (Nil))) = any_list1
any_list1 : any list
---------------------------------------
reverse ((reverse (any_list1) @ (Nil))) = any_list1

0 goal(s) more...

0 conjecture(s) more...
>>> assert forall (any_list1:any list), reverse ((reverse (any_list1) @ (Nil))) = any_list1(rank : 0)


1st goal of : forall (any_list1:any list), reverse ((reverse (any_list1) @ (Nil))) = any_list1

---------------------------------------
forall (any_list1:any list), reverse ((reverse (any_list1) @ (Nil))) = any_list1

0 goal(s) more...

1 conjecture(s) more...
Tactic List : 1
intro any_list1(rank:5)
=================================================
Progress: 4


1st goal of : forall (any_list1:any list), reverse ((reverse (any_list1) @ (Nil))) = any_list1

---------------------------------------
forall (any_list1:any list), reverse ((reverse (any_list1) @ (Nil))) = any_list1

0 goal(s) more...

1 conjecture(s) more...
>>> intro any_list1(rank : 5)


1st goal of : forall (any_list1:any list), reverse ((reverse (any_list1) @ (Nil))) = any_list1
any_list1 : any list
---------------------------------------
reverse ((reverse (any_list1) @ (Nil))) = any_list1

0 goal(s) more...

1 conjecture(s) more...
Tactic List : 0
File "_none_", lines 81-83, characters 2-22:
Warning 8 [partial-match]: this pattern-matching is not exhaustive.
Here is an example of a case that is not matched:
[]

File "_none_", lines 81-83, characters 2-22:
Warning 8 [partial-match]: this pattern-matching is not exhaustive.
Here is an example of a case that is not matched:
[]
Fatal error: exception Failure("worklist is empty")
Raised at Stdlib.failwith in file "stdlib.ml", line 29, characters 17-33
Called from Dilemma__Engine.proof_auto in file "lib/engine.ml", line 196, characters 8-69
Called from Dune__exe__Main.main in file "bin/main.ml", line 24, characters 12-79
