Enter the definition file path (1/2) : 
> Enter the definition file path (2/2) : 
> Choose the proof type :
1) Interactive Mode 	 2) Auto Mode
Enter the goal : =================================================
Progress: 1


No conjecture
>>> assert forall (x:nat), fac (x) = qfac (x) (SUCC (ZERO))(rank : 0)


1st goal of : forall (nat1:nat), fac (nat1) = qfac (nat1) (SUCC (ZERO))

---------------------------------------
forall (nat1:nat), fac (nat1) = qfac (nat1) (SUCC (ZERO))

0 goal(s) more...

0 conjecture(s) more...
Tactic List : 1
induction nat1(rank:4)
=================================================
Progress: 2


1st goal of : forall (nat1:nat), fac (nat1) = qfac (nat1) (SUCC (ZERO))

---------------------------------------
forall (nat1:nat), fac (nat1) = qfac (nat1) (SUCC (ZERO))

0 goal(s) more...

0 conjecture(s) more...
>>> induction nat1(rank : 4)


1st goal of : forall (nat1:nat), fac (nat1) = qfac (nat1) (SUCC (ZERO))
nat1 : nat
Base1 : nat1 = ZERO
---------------------------------------
fac (ZERO) = qfac (ZERO) (SUCC (ZERO))

1 goal(s) more...

0 conjecture(s) more...
Tactic List : 1
reflexivity(rank:3)
=================================================
Progress: 3


1st goal of : forall (nat1:nat), fac (nat1) = qfac (nat1) (SUCC (ZERO))
nat1 : nat
Base1 : nat1 = ZERO
---------------------------------------
fac (ZERO) = qfac (ZERO) (SUCC (ZERO))

1 goal(s) more...

0 conjecture(s) more...
>>> reflexivity(rank : 3)


1st goal of : forall (nat1:nat), fac (nat1) = qfac (nat1) (SUCC (ZERO))
nat1 : nat
nat2 : nat
IH1 : fac (nat2) = qfac (nat2) (SUCC (ZERO))
Inductive1 : nat1 = SUCC (nat2)
---------------------------------------
fac (SUCC (nat2)) = qfac (SUCC (nat2)) (SUCC (ZERO))

0 goal(s) more...

0 conjecture(s) more...
Deduplication: 0
Dilemma timed out for benchmark clam with problem 33.File "_none_", lines 81-83, characters 2-22:
Warning 8 [partial-match]: this pattern-matching is not exhaustive.
Here is an example of a case that is not matched:
[]

File "_none_", lines 81-83, characters 2-22:
Warning 8 [partial-match]: this pattern-matching is not exhaustive.
Here is an example of a case that is not matched:
[]
