Enter the definition file path (1/2) : 
> Enter the definition file path (2/2) : 
> Choose the proof type :
1) Interactive Mode 	 2) Auto Mode
Enter the goal : =================================================
Progress: 1


No conjecture
>>> assert forall (nnf:nnfformula), main (nnf) = mainNew (nnf)(rank : 0.)


1st goal of : forall (nnfformula1:nnfformula), main (nnfformula1) = mainNew (nnfformula1)

---------------------------------------
forall (nnfformula1:nnfformula), main (nnfformula1) = mainNew (nnfformula1)

0 goal(s) more...

0 conjecture(s) more...
Tactic List : 1
simpl in goal(rank:3.)
=================================================
Progress: 2


1st goal of : forall (nnfformula1:nnfformula), main (nnfformula1) = mainNew (nnfformula1)

---------------------------------------
forall (nnfformula1:nnfformula), main (nnfformula1) = mainNew (nnfformula1)

0 goal(s) more...

0 conjecture(s) more...
>>> simpl in goal(rank : 3.)


1st goal of : forall (nnfformula1:nnfformula), main (nnfformula1) = mainNew (nnfformula1)

---------------------------------------
forall (nnfformula1:nnfformula), spec (repr (nnfformula1)) = mainNew (nnfformula1)

0 goal(s) more...

0 conjecture(s) more...
Tactic List : 1
induction nnfformula1(rank:6.)
=================================================
Progress: 3


1st goal of : forall (nnfformula1:nnfformula), main (nnfformula1) = mainNew (nnfformula1)

---------------------------------------
forall (nnfformula1:nnfformula), spec (repr (nnfformula1)) = mainNew (nnfformula1)

0 goal(s) more...

0 conjecture(s) more...
>>> induction nnfformula1(rank : 6.)


1st goal of : forall (nnfformula1:nnfformula), main (nnfformula1) = mainNew (nnfformula1)
nnfformula1 : nnfformula
bool1 : bool
Base1 : nnfformula1 = Nfneglit (bool1)
---------------------------------------
spec (repr (Nfneglit (bool1))) = mainNew (Nfneglit (bool1))

3 goal(s) more...

0 conjecture(s) more...
Tactic List : 1
reflexivity(rank:5.)
=================================================
Progress: 4


1st goal of : forall (nnfformula1:nnfformula), main (nnfformula1) = mainNew (nnfformula1)
nnfformula1 : nnfformula
bool1 : bool
Base1 : nnfformula1 = Nfneglit (bool1)
---------------------------------------
spec (repr (Nfneglit (bool1))) = mainNew (Nfneglit (bool1))

3 goal(s) more...

0 conjecture(s) more...
>>> reflexivity(rank : 5.)


1st goal of : forall (nnfformula1:nnfformula), main (nnfformula1) = mainNew (nnfformula1)
nnfformula1 : nnfformula
bool1 : bool
Base1 : nnfformula1 = Nflit (bool1)
---------------------------------------
spec (repr (Nflit (bool1))) = mainNew (Nflit (bool1))

2 goal(s) more...

0 conjecture(s) more...
Deduplication: 0
Tactic List : 1
reflexivity(rank:4.)
=================================================
Progress: 5


1st goal of : forall (nnfformula1:nnfformula), main (nnfformula1) = mainNew (nnfformula1)
nnfformula1 : nnfformula
bool1 : bool
Base1 : nnfformula1 = Nflit (bool1)
---------------------------------------
spec (repr (Nflit (bool1))) = mainNew (Nflit (bool1))

2 goal(s) more...

0 conjecture(s) more...
>>> reflexivity(rank : 4.)


1st goal of : forall (nnfformula1:nnfformula), main (nnfformula1) = mainNew (nnfformula1)
nnfformula1 : nnfformula
nnfformula2 : nnfformula
nnfformula3 : nnfformula
IH1 : spec (repr (nnfformula2)) = mainNew (nnfformula2)
IH2 : spec (repr (nnfformula3)) = mainNew (nnfformula3)
Inductive1 : nnfformula1 = Nfand (nnfformula2) (nnfformula3)
---------------------------------------
spec (repr (Nfand (nnfformula2) (nnfformula3))) = mainNew (Nfand (nnfformula2) (nnfformula3))

1 goal(s) more...

0 conjecture(s) more...
Deduplication: 0
Tactic List : 1
simpl in goal(rank:4.)
=================================================
Progress: 6


1st goal of : forall (nnfformula1:nnfformula), main (nnfformula1) = mainNew (nnfformula1)
nnfformula1 : nnfformula
nnfformula2 : nnfformula
nnfformula3 : nnfformula
IH1 : spec (repr (nnfformula2)) = mainNew (nnfformula2)
IH2 : spec (repr (nnfformula3)) = mainNew (nnfformula3)
Inductive1 : nnfformula1 = Nfand (nnfformula2) (nnfformula3)
---------------------------------------
spec (repr (Nfand (nnfformula2) (nnfformula3))) = mainNew (Nfand (nnfformula2) (nnfformula3))

1 goal(s) more...

0 conjecture(s) more...
>>> simpl in goal(rank : 4.)


1st goal of : forall (nnfformula1:nnfformula), main (nnfformula1) = mainNew (nnfformula1)
nnfformula1 : nnfformula
nnfformula2 : nnfformula
nnfformula3 : nnfformula
IH1 : spec (repr (nnfformula2)) = mainNew (nnfformula2)
IH2 : spec (repr (nnfformula3)) = mainNew (nnfformula3)
Inductive1 : nnfformula1 = Nfand (nnfformula2) (nnfformula3)
---------------------------------------
if spec (repr (nnfformula2)) then spec (repr (nnfformula3)) else false = if mainNew (nnfformula2) then mainNew (nnfformula3) else false

1 goal(s) more...

0 conjecture(s) more...
Tactic List : 6
case spec (repr (nnfformula2))(rank:5.)
rewrite IH1 in goal at 0(rank:12.)
rewrite IH2 in goal at 0(rank:12.)
rewrite <- IH1 in goal at 0(rank:12.)
rewrite <- IH2 in goal at 0(rank:12.)
case mainNew (nnfformula2)(rank:5.)
=================================================
Progress: 7


1st goal of : forall (nnfformula1:nnfformula), main (nnfformula1) = mainNew (nnfformula1)
nnfformula1 : nnfformula
nnfformula2 : nnfformula
nnfformula3 : nnfformula
IH1 : spec (repr (nnfformula2)) = mainNew (nnfformula2)
IH2 : spec (repr (nnfformula3)) = mainNew (nnfformula3)
Inductive1 : nnfformula1 = Nfand (nnfformula2) (nnfformula3)
---------------------------------------
if spec (repr (nnfformula2)) then spec (repr (nnfformula3)) else false = if mainNew (nnfformula2) then mainNew (nnfformula3) else false

1 goal(s) more...

0 conjecture(s) more...
>>> case spec (repr (nnfformula2))(rank : 5.)


1st goal of : forall (nnfformula1:nnfformula), main (nnfformula1) = mainNew (nnfformula1)
nnfformula1 : nnfformula
nnfformula2 : nnfformula
nnfformula3 : nnfformula
IH1 : true = mainNew (nnfformula2)
IH2 : spec (repr (nnfformula3)) = mainNew (nnfformula3)
Inductive1 : nnfformula1 = Nfand (nnfformula2) (nnfformula3)
Case1 : spec (repr (nnfformula2)) = true
---------------------------------------
spec (repr (nnfformula3)) = if mainNew (nnfformula2) then mainNew (nnfformula3) else false

2 goal(s) more...

0 conjecture(s) more...
Tactic List : 4
case mainNew (nnfformula2)(rank:6.)
rewrite <- IH2 in goal at 0(rank:13.)
rewrite IH2 in goal at 0(rank:13.)
rewrite <- IH1 in goal at 0(rank:13.)
=================================================
Progress: 8


1st goal of : forall (nnfformula1:nnfformula), main (nnfformula1) = mainNew (nnfformula1)
nnfformula1 : nnfformula
nnfformula2 : nnfformula
nnfformula3 : nnfformula
IH1 : spec (repr (nnfformula2)) = mainNew (nnfformula2)
IH2 : spec (repr (nnfformula3)) = mainNew (nnfformula3)
Inductive1 : nnfformula1 = Nfand (nnfformula2) (nnfformula3)
---------------------------------------
if spec (repr (nnfformula2)) then spec (repr (nnfformula3)) else false = if mainNew (nnfformula2) then mainNew (nnfformula3) else false

1 goal(s) more...

0 conjecture(s) more...
>>> case mainNew (nnfformula2)(rank : 5.)


1st goal of : forall (nnfformula1:nnfformula), main (nnfformula1) = mainNew (nnfformula1)
nnfformula1 : nnfformula
nnfformula2 : nnfformula
nnfformula3 : nnfformula
IH1 : spec (repr (nnfformula2)) = true
IH2 : spec (repr (nnfformula3)) = mainNew (nnfformula3)
Inductive1 : nnfformula1 = Nfand (nnfformula2) (nnfformula3)
Case1 : mainNew (nnfformula2) = true
---------------------------------------
if spec (repr (nnfformula2)) then spec (repr (nnfformula3)) else false = mainNew (nnfformula3)

2 goal(s) more...

0 conjecture(s) more...
Tactic List : 3
rewrite IH1 in goal at 0(rank:13.)
rewrite IH2 in goal at 0(rank:13.)
rewrite <- IH2 in goal at 0(rank:13.)
=================================================
Progress: 9


1st goal of : forall (nnfformula1:nnfformula), main (nnfformula1) = mainNew (nnfformula1)
nnfformula1 : nnfformula
nnfformula2 : nnfformula
nnfformula3 : nnfformula
IH1 : true = mainNew (nnfformula2)
IH2 : spec (repr (nnfformula3)) = mainNew (nnfformula3)
Inductive1 : nnfformula1 = Nfand (nnfformula2) (nnfformula3)
Case1 : spec (repr (nnfformula2)) = true
---------------------------------------
spec (repr (nnfformula3)) = if mainNew (nnfformula2) then mainNew (nnfformula3) else false

2 goal(s) more...

0 conjecture(s) more...
>>> case mainNew (nnfformula2)(rank : 6.)


1st goal of : forall (nnfformula1:nnfformula), main (nnfformula1) = mainNew (nnfformula1)
nnfformula1 : nnfformula
nnfformula2 : nnfformula
nnfformula3 : nnfformula
IH1 : true = true
IH2 : spec (repr (nnfformula3)) = mainNew (nnfformula3)
Inductive1 : nnfformula1 = Nfand (nnfformula2) (nnfformula3)
Case1 : spec (repr (nnfformula2)) = true
Case2 : mainNew (nnfformula2) = true
---------------------------------------
spec (repr (nnfformula3)) = mainNew (nnfformula3)

3 goal(s) more...

0 conjecture(s) more...
Tactic List : 2
rewrite IH2 in goal at 0(rank:14.)
rewrite <- IH2 in goal at 0(rank:14.)
=================================================
Progress: 10


1st goal of : forall (nnfformula1:nnfformula), main (nnfformula1) = mainNew (nnfformula1)
nnfformula1 : nnfformula
nnfformula2 : nnfformula
nnfformula3 : nnfformula
IH1 : spec (repr (nnfformula2)) = mainNew (nnfformula2)
IH2 : spec (repr (nnfformula3)) = mainNew (nnfformula3)
Inductive1 : nnfformula1 = Nfand (nnfformula2) (nnfformula3)
---------------------------------------
if spec (repr (nnfformula2)) then spec (repr (nnfformula3)) else false = if mainNew (nnfformula2) then mainNew (nnfformula3) else false

1 goal(s) more...

0 conjecture(s) more...
>>> rewrite IH1 in goal at 0(rank : 12.)


1st goal of : forall (nnfformula1:nnfformula), main (nnfformula1) = mainNew (nnfformula1)
nnfformula1 : nnfformula
nnfformula2 : nnfformula
nnfformula3 : nnfformula
IH1 : spec (repr (nnfformula2)) = mainNew (nnfformula2)
IH2 : spec (repr (nnfformula3)) = mainNew (nnfformula3)
Inductive1 : nnfformula1 = Nfand (nnfformula2) (nnfformula3)
---------------------------------------
if mainNew (nnfformula2) then spec (repr (nnfformula3)) else false = if mainNew (nnfformula2) then mainNew (nnfformula3) else false

1 goal(s) more...

0 conjecture(s) more...
Tactic List : 1
case mainNew (nnfformula2)(rank:5.)
=================================================
Progress: 11


1st goal of : forall (nnfformula1:nnfformula), main (nnfformula1) = mainNew (nnfformula1)
nnfformula1 : nnfformula
nnfformula2 : nnfformula
nnfformula3 : nnfformula
IH1 : spec (repr (nnfformula2)) = mainNew (nnfformula2)
IH2 : spec (repr (nnfformula3)) = mainNew (nnfformula3)
Inductive1 : nnfformula1 = Nfand (nnfformula2) (nnfformula3)
---------------------------------------
if mainNew (nnfformula2) then spec (repr (nnfformula3)) else false = if mainNew (nnfformula2) then mainNew (nnfformula3) else false

1 goal(s) more...

0 conjecture(s) more...
>>> case mainNew (nnfformula2)(rank : 5.)


1st goal of : forall (nnfformula1:nnfformula), main (nnfformula1) = mainNew (nnfformula1)
nnfformula1 : nnfformula
nnfformula2 : nnfformula
nnfformula3 : nnfformula
IH1 : spec (repr (nnfformula2)) = true
IH2 : spec (repr (nnfformula3)) = mainNew (nnfformula3)
Inductive1 : nnfformula1 = Nfand (nnfformula2) (nnfformula3)
Case1 : mainNew (nnfformula2) = true
---------------------------------------
spec (repr (nnfformula3)) = mainNew (nnfformula3)

2 goal(s) more...

0 conjecture(s) more...
Tactic List : 2
rewrite IH2 in goal at 0(rank:13.)
rewrite <- IH2 in goal at 0(rank:13.)
=================================================
Progress: 12


1st goal of : forall (nnfformula1:nnfformula), main (nnfformula1) = mainNew (nnfformula1)
nnfformula1 : nnfformula
nnfformula2 : nnfformula
nnfformula3 : nnfformula
IH1 : spec (repr (nnfformula2)) = mainNew (nnfformula2)
IH2 : spec (repr (nnfformula3)) = mainNew (nnfformula3)
Inductive1 : nnfformula1 = Nfand (nnfformula2) (nnfformula3)
---------------------------------------
if spec (repr (nnfformula2)) then spec (repr (nnfformula3)) else false = if mainNew (nnfformula2) then mainNew (nnfformula3) else false

1 goal(s) more...

0 conjecture(s) more...
>>> rewrite IH2 in goal at 0(rank : 12.)


1st goal of : forall (nnfformula1:nnfformula), main (nnfformula1) = mainNew (nnfformula1)
nnfformula1 : nnfformula
nnfformula2 : nnfformula
nnfformula3 : nnfformula
IH1 : spec (repr (nnfformula2)) = mainNew (nnfformula2)
IH2 : spec (repr (nnfformula3)) = mainNew (nnfformula3)
Inductive1 : nnfformula1 = Nfand (nnfformula2) (nnfformula3)
---------------------------------------
if spec (repr (nnfformula2)) then mainNew (nnfformula3) else false = if mainNew (nnfformula2) then mainNew (nnfformula3) else false

1 goal(s) more...

0 conjecture(s) more...
Tactic List : 2
case mainNew (nnfformula2)(rank:5.)
rewrite <- IH1 in goal at 0(rank:12.)
=================================================
Progress: 13


1st goal of : forall (nnfformula1:nnfformula), main (nnfformula1) = mainNew (nnfformula1)
nnfformula1 : nnfformula
nnfformula2 : nnfformula
nnfformula3 : nnfformula
IH1 : spec (repr (nnfformula2)) = mainNew (nnfformula2)
IH2 : spec (repr (nnfformula3)) = mainNew (nnfformula3)
Inductive1 : nnfformula1 = Nfand (nnfformula2) (nnfformula3)
---------------------------------------
if spec (repr (nnfformula2)) then mainNew (nnfformula3) else false = if mainNew (nnfformula2) then mainNew (nnfformula3) else false

1 goal(s) more...

0 conjecture(s) more...
>>> case mainNew (nnfformula2)(rank : 5.)


1st goal of : forall (nnfformula1:nnfformula), main (nnfformula1) = mainNew (nnfformula1)
nnfformula1 : nnfformula
nnfformula2 : nnfformula
nnfformula3 : nnfformula
IH1 : spec (repr (nnfformula2)) = true
IH2 : spec (repr (nnfformula3)) = mainNew (nnfformula3)
Inductive1 : nnfformula1 = Nfand (nnfformula2) (nnfformula3)
Case1 : mainNew (nnfformula2) = true
---------------------------------------
if spec (repr (nnfformula2)) then mainNew (nnfformula3) else false = mainNew (nnfformula3)

2 goal(s) more...

0 conjecture(s) more...
Tactic List : 4
rewrite IH1 in goal at 0(rank:13.)
rewrite <- IH2 in goal at 0(rank:21.)
rewrite <- IH2 in goal at 2(rank:13.)
rewrite <- IH2 in goal at 1(rank:21.)
=================================================
Progress: 14


1st goal of : forall (nnfformula1:nnfformula), main (nnfformula1) = mainNew (nnfformula1)
nnfformula1 : nnfformula
nnfformula2 : nnfformula
nnfformula3 : nnfformula
IH1 : spec (repr (nnfformula2)) = mainNew (nnfformula2)
IH2 : spec (repr (nnfformula3)) = mainNew (nnfformula3)
Inductive1 : nnfformula1 = Nfand (nnfformula2) (nnfformula3)
---------------------------------------
if spec (repr (nnfformula2)) then spec (repr (nnfformula3)) else false = if mainNew (nnfformula2) then mainNew (nnfformula3) else false

1 goal(s) more...

0 conjecture(s) more...
>>> rewrite <- IH1 in goal at 0(rank : 12.)


1st goal of : forall (nnfformula1:nnfformula), main (nnfformula1) = mainNew (nnfformula1)
nnfformula1 : nnfformula
nnfformula2 : nnfformula
nnfformula3 : nnfformula
IH1 : spec (repr (nnfformula2)) = mainNew (nnfformula2)
IH2 : spec (repr (nnfformula3)) = mainNew (nnfformula3)
Inductive1 : nnfformula1 = Nfand (nnfformula2) (nnfformula3)
---------------------------------------
if spec (repr (nnfformula2)) then spec (repr (nnfformula3)) else false = if spec (repr (nnfformula2)) then mainNew (nnfformula3) else false

1 goal(s) more...

0 conjecture(s) more...
Tactic List : 1
case spec (repr (nnfformula2))(rank:5.)
=================================================
Progress: 15


1st goal of : forall (nnfformula1:nnfformula), main (nnfformula1) = mainNew (nnfformula1)
nnfformula1 : nnfformula
nnfformula2 : nnfformula
nnfformula3 : nnfformula
IH1 : spec (repr (nnfformula2)) = mainNew (nnfformula2)
IH2 : spec (repr (nnfformula3)) = mainNew (nnfformula3)
Inductive1 : nnfformula1 = Nfand (nnfformula2) (nnfformula3)
---------------------------------------
if spec (repr (nnfformula2)) then spec (repr (nnfformula3)) else false = if spec (repr (nnfformula2)) then mainNew (nnfformula3) else false

1 goal(s) more...

0 conjecture(s) more...
>>> case spec (repr (nnfformula2))(rank : 5.)


1st goal of : forall (nnfformula1:nnfformula), main (nnfformula1) = mainNew (nnfformula1)
nnfformula1 : nnfformula
nnfformula2 : nnfformula
nnfformula3 : nnfformula
IH1 : true = mainNew (nnfformula2)
IH2 : spec (repr (nnfformula3)) = mainNew (nnfformula3)
Inductive1 : nnfformula1 = Nfand (nnfformula2) (nnfformula3)
Case1 : spec (repr (nnfformula2)) = true
---------------------------------------
spec (repr (nnfformula3)) = mainNew (nnfformula3)

2 goal(s) more...

0 conjecture(s) more...
Tactic List : 2
rewrite IH2 in goal at 0(rank:13.)
rewrite <- IH2 in goal at 0(rank:13.)
=================================================
Progress: 16


1st goal of : forall (nnfformula1:nnfformula), main (nnfformula1) = mainNew (nnfformula1)
nnfformula1 : nnfformula
nnfformula2 : nnfformula
nnfformula3 : nnfformula
IH1 : spec (repr (nnfformula2)) = mainNew (nnfformula2)
IH2 : spec (repr (nnfformula3)) = mainNew (nnfformula3)
Inductive1 : nnfformula1 = Nfand (nnfformula2) (nnfformula3)
---------------------------------------
if spec (repr (nnfformula2)) then spec (repr (nnfformula3)) else false = if mainNew (nnfformula2) then mainNew (nnfformula3) else false

1 goal(s) more...

0 conjecture(s) more...
>>> rewrite <- IH2 in goal at 0(rank : 12.)


1st goal of : forall (nnfformula1:nnfformula), main (nnfformula1) = mainNew (nnfformula1)
nnfformula1 : nnfformula
nnfformula2 : nnfformula
nnfformula3 : nnfformula
IH1 : spec (repr (nnfformula2)) = mainNew (nnfformula2)
IH2 : spec (repr (nnfformula3)) = mainNew (nnfformula3)
Inductive1 : nnfformula1 = Nfand (nnfformula2) (nnfformula3)
---------------------------------------
if spec (repr (nnfformula2)) then spec (repr (nnfformula3)) else false = if mainNew (nnfformula2) then spec (repr (nnfformula3)) else false

1 goal(s) more...

0 conjecture(s) more...
Tactic List : 1
case spec (repr (nnfformula2))(rank:5.)
=================================================
Progress: 17


1st goal of : forall (nnfformula1:nnfformula), main (nnfformula1) = mainNew (nnfformula1)
nnfformula1 : nnfformula
nnfformula2 : nnfformula
nnfformula3 : nnfformula
IH1 : spec (repr (nnfformula2)) = mainNew (nnfformula2)
IH2 : spec (repr (nnfformula3)) = mainNew (nnfformula3)
Inductive1 : nnfformula1 = Nfand (nnfformula2) (nnfformula3)
---------------------------------------
if spec (repr (nnfformula2)) then spec (repr (nnfformula3)) else false = if mainNew (nnfformula2) then spec (repr (nnfformula3)) else false

1 goal(s) more...

0 conjecture(s) more...
>>> case spec (repr (nnfformula2))(rank : 5.)


1st goal of : forall (nnfformula1:nnfformula), main (nnfformula1) = mainNew (nnfformula1)
nnfformula1 : nnfformula
nnfformula2 : nnfformula
nnfformula3 : nnfformula
IH1 : true = mainNew (nnfformula2)
IH2 : spec (repr (nnfformula3)) = mainNew (nnfformula3)
Inductive1 : nnfformula1 = Nfand (nnfformula2) (nnfformula3)
Case1 : spec (repr (nnfformula2)) = true
---------------------------------------
spec (repr (nnfformula3)) = if mainNew (nnfformula2) then spec (repr (nnfformula3)) else false

2 goal(s) more...

0 conjecture(s) more...
Tactic List : 5
case mainNew (nnfformula2)(rank:6.)
rewrite <- IH1 in goal at 0(rank:13.)
rewrite IH2 in goal at 2(rank:21.)
rewrite IH2 in goal at 0(rank:21.)
rewrite IH2 in goal at 1(rank:21.)
=================================================
Progress: 18


1st goal of : forall (nnfformula1:nnfformula), main (nnfformula1) = mainNew (nnfformula1)
nnfformula1 : nnfformula
nnfformula2 : nnfformula
nnfformula3 : nnfformula
IH1 : true = mainNew (nnfformula2)
IH2 : spec (repr (nnfformula3)) = mainNew (nnfformula3)
Inductive1 : nnfformula1 = Nfand (nnfformula2) (nnfformula3)
Case1 : spec (repr (nnfformula2)) = true
---------------------------------------
spec (repr (nnfformula3)) = if mainNew (nnfformula2) then spec (repr (nnfformula3)) else false

2 goal(s) more...

0 conjecture(s) more...
>>> case mainNew (nnfformula2)(rank : 6.)


1st goal of : forall (nnfformula1:nnfformula), main (nnfformula1) = mainNew (nnfformula1)
nnfformula1 : nnfformula
nnfformula2 : nnfformula
nnfformula3 : nnfformula
IH1 : true = true
IH2 : spec (repr (nnfformula3)) = mainNew (nnfformula3)
Inductive1 : nnfformula1 = Nfand (nnfformula2) (nnfformula3)
Case1 : spec (repr (nnfformula2)) = true
Case2 : mainNew (nnfformula2) = true
---------------------------------------
spec (repr (nnfformula3)) = spec (repr (nnfformula3))

3 goal(s) more...

0 conjecture(s) more...
Tactic List : 1
reflexivity(rank:5.)
=================================================
Progress: 19


1st goal of : forall (nnfformula1:nnfformula), main (nnfformula1) = mainNew (nnfformula1)
nnfformula1 : nnfformula
nnfformula2 : nnfformula
nnfformula3 : nnfformula
IH1 : true = true
IH2 : spec (repr (nnfformula3)) = mainNew (nnfformula3)
Inductive1 : nnfformula1 = Nfand (nnfformula2) (nnfformula3)
Case1 : spec (repr (nnfformula2)) = true
Case2 : mainNew (nnfformula2) = true
---------------------------------------
spec (repr (nnfformula3)) = spec (repr (nnfformula3))

3 goal(s) more...

0 conjecture(s) more...
>>> reflexivity(rank : 5.)


1st goal of : forall (nnfformula1:nnfformula), main (nnfformula1) = mainNew (nnfformula1)
nnfformula1 : nnfformula
nnfformula2 : nnfformula
nnfformula3 : nnfformula
IH1 : true = false
IH2 : spec (repr (nnfformula3)) = mainNew (nnfformula3)
Inductive1 : nnfformula1 = Nfand (nnfformula2) (nnfformula3)
Case1 : spec (repr (nnfformula2)) = true
Case2 : mainNew (nnfformula2) = false
---------------------------------------
spec (repr (nnfformula3)) = false

2 goal(s) more...

0 conjecture(s) more...
Deduplication: 0
Tactic List : 1
discriminate(rank:4.)
=================================================
Progress: 20


1st goal of : forall (nnfformula1:nnfformula), main (nnfformula1) = mainNew (nnfformula1)
nnfformula1 : nnfformula
nnfformula2 : nnfformula
nnfformula3 : nnfformula
IH1 : true = false
IH2 : spec (repr (nnfformula3)) = mainNew (nnfformula3)
Inductive1 : nnfformula1 = Nfand (nnfformula2) (nnfformula3)
Case1 : spec (repr (nnfformula2)) = true
Case2 : mainNew (nnfformula2) = false
---------------------------------------
spec (repr (nnfformula3)) = false

2 goal(s) more...

0 conjecture(s) more...
>>> discriminate(rank : 4.)


1st goal of : forall (nnfformula1:nnfformula), main (nnfformula1) = mainNew (nnfformula1)
nnfformula1 : nnfformula
nnfformula2 : nnfformula
nnfformula3 : nnfformula
IH1 : false = mainNew (nnfformula2)
IH2 : spec (repr (nnfformula3)) = mainNew (nnfformula3)
Inductive1 : nnfformula1 = Nfand (nnfformula2) (nnfformula3)
Case1 : spec (repr (nnfformula2)) = false
---------------------------------------
false = if mainNew (nnfformula2) then spec (repr (nnfformula3)) else false

1 goal(s) more...

0 conjecture(s) more...
Deduplication: 4
Tactic List : 9
case mainNew (nnfformula2)(rank:5.)
rewrite IH1 in goal at 1(rank:12.)
rewrite IH2 in goal at 0(rank:12.)
rewrite <- Case1 in goal at 1(rank:12.)
rewrite <- Case1 in goal at 0(rank:20.)
rewrite <- IH1 in goal at 0(rank:12.)
rewrite <- Case1 in goal at 2(rank:20.)
rewrite IH1 in goal at 2(rank:20.)
rewrite IH1 in goal at 0(rank:20.)
=================================================
Progress: 21


1st goal of : forall (nnfformula1:nnfformula), main (nnfformula1) = mainNew (nnfformula1)
nnfformula1 : nnfformula
nnfformula2 : nnfformula
nnfformula3 : nnfformula
IH1 : false = mainNew (nnfformula2)
IH2 : spec (repr (nnfformula3)) = mainNew (nnfformula3)
Inductive1 : nnfformula1 = Nfand (nnfformula2) (nnfformula3)
Case1 : spec (repr (nnfformula2)) = false
---------------------------------------
false = if mainNew (nnfformula2) then spec (repr (nnfformula3)) else false

1 goal(s) more...

0 conjecture(s) more...
>>> case mainNew (nnfformula2)(rank : 5.)


1st goal of : forall (nnfformula1:nnfformula), main (nnfformula1) = mainNew (nnfformula1)
nnfformula1 : nnfformula
nnfformula2 : nnfformula
nnfformula3 : nnfformula
IH1 : false = true
IH2 : spec (repr (nnfformula3)) = mainNew (nnfformula3)
Inductive1 : nnfformula1 = Nfand (nnfformula2) (nnfformula3)
Case1 : spec (repr (nnfformula2)) = false
Case2 : mainNew (nnfformula2) = true
---------------------------------------
false = spec (repr (nnfformula3))

2 goal(s) more...

0 conjecture(s) more...
Tactic List : 1
discriminate(rank:4.)
=================================================
Progress: 22


1st goal of : forall (nnfformula1:nnfformula), main (nnfformula1) = mainNew (nnfformula1)
nnfformula1 : nnfformula
nnfformula2 : nnfformula
nnfformula3 : nnfformula
IH1 : false = true
IH2 : spec (repr (nnfformula3)) = mainNew (nnfformula3)
Inductive1 : nnfformula1 = Nfand (nnfformula2) (nnfformula3)
Case1 : spec (repr (nnfformula2)) = false
Case2 : mainNew (nnfformula2) = true
---------------------------------------
false = spec (repr (nnfformula3))

2 goal(s) more...

0 conjecture(s) more...
>>> discriminate(rank : 4.)


1st goal of : forall (nnfformula1:nnfformula), main (nnfformula1) = mainNew (nnfformula1)
nnfformula1 : nnfformula
nnfformula2 : nnfformula
nnfformula3 : nnfformula
IH1 : false = false
IH2 : spec (repr (nnfformula3)) = mainNew (nnfformula3)
Inductive1 : nnfformula1 = Nfand (nnfformula2) (nnfformula3)
Case1 : spec (repr (nnfformula2)) = false
Case2 : mainNew (nnfformula2) = false
---------------------------------------
false = false

1 goal(s) more...

0 conjecture(s) more...
Deduplication: 0
Tactic List : 1
reflexivity(rank:3.)
=================================================
Progress: 23


1st goal of : forall (nnfformula1:nnfformula), main (nnfformula1) = mainNew (nnfformula1)
nnfformula1 : nnfformula
nnfformula2 : nnfformula
nnfformula3 : nnfformula
IH1 : false = false
IH2 : spec (repr (nnfformula3)) = mainNew (nnfformula3)
Inductive1 : nnfformula1 = Nfand (nnfformula2) (nnfformula3)
Case1 : spec (repr (nnfformula2)) = false
Case2 : mainNew (nnfformula2) = false
---------------------------------------
false = false

1 goal(s) more...

0 conjecture(s) more...
>>> reflexivity(rank : 3.)


1st goal of : forall (nnfformula1:nnfformula), main (nnfformula1) = mainNew (nnfformula1)
nnfformula1 : nnfformula
nnfformula2 : nnfformula
nnfformula3 : nnfformula
IH1 : spec (repr (nnfformula2)) = mainNew (nnfformula2)
IH2 : spec (repr (nnfformula3)) = mainNew (nnfformula3)
Inductive1 : nnfformula1 = Nfor (nnfformula2) (nnfformula3)
---------------------------------------
spec (repr (Nfor (nnfformula2) (nnfformula3))) = mainNew (Nfor (nnfformula2) (nnfformula3))

0 goal(s) more...

0 conjecture(s) more...
Deduplication: 25
Tactic List : 1
simpl in goal(rank:3.)
=================================================
Progress: 24


1st goal of : forall (nnfformula1:nnfformula), main (nnfformula1) = mainNew (nnfformula1)
nnfformula1 : nnfformula
nnfformula2 : nnfformula
nnfformula3 : nnfformula
IH1 : spec (repr (nnfformula2)) = mainNew (nnfformula2)
IH2 : spec (repr (nnfformula3)) = mainNew (nnfformula3)
Inductive1 : nnfformula1 = Nfor (nnfformula2) (nnfformula3)
---------------------------------------
spec (repr (Nfor (nnfformula2) (nnfformula3))) = mainNew (Nfor (nnfformula2) (nnfformula3))

0 goal(s) more...

0 conjecture(s) more...
>>> simpl in goal(rank : 3.)


1st goal of : forall (nnfformula1:nnfformula), main (nnfformula1) = mainNew (nnfformula1)
nnfformula1 : nnfformula
nnfformula2 : nnfformula
nnfformula3 : nnfformula
IH1 : spec (repr (nnfformula2)) = mainNew (nnfformula2)
IH2 : spec (repr (nnfformula3)) = mainNew (nnfformula3)
Inductive1 : nnfformula1 = Nfor (nnfformula2) (nnfformula3)
---------------------------------------
if spec (repr (nnfformula2)) then true else spec (repr (nnfformula3)) = if mainNew (nnfformula2) then true else mainNew (nnfformula3)

0 goal(s) more...

0 conjecture(s) more...
Tactic List : 6
case spec (repr (nnfformula2))(rank:4.)
rewrite IH1 in goal at 0(rank:11.)
rewrite IH2 in goal at 0(rank:11.)
rewrite <- IH1 in goal at 0(rank:11.)
rewrite <- IH2 in goal at 0(rank:11.)
case mainNew (nnfformula2)(rank:4.)
=================================================
Progress: 25


1st goal of : forall (nnfformula1:nnfformula), main (nnfformula1) = mainNew (nnfformula1)
nnfformula1 : nnfformula
nnfformula2 : nnfformula
nnfformula3 : nnfformula
IH1 : spec (repr (nnfformula2)) = mainNew (nnfformula2)
IH2 : spec (repr (nnfformula3)) = mainNew (nnfformula3)
Inductive1 : nnfformula1 = Nfor (nnfformula2) (nnfformula3)
---------------------------------------
if spec (repr (nnfformula2)) then true else spec (repr (nnfformula3)) = if mainNew (nnfformula2) then true else mainNew (nnfformula3)

0 goal(s) more...

0 conjecture(s) more...
>>> case spec (repr (nnfformula2))(rank : 4.)


1st goal of : forall (nnfformula1:nnfformula), main (nnfformula1) = mainNew (nnfformula1)
nnfformula1 : nnfformula
nnfformula2 : nnfformula
nnfformula3 : nnfformula
IH1 : true = mainNew (nnfformula2)
IH2 : spec (repr (nnfformula3)) = mainNew (nnfformula3)
Inductive1 : nnfformula1 = Nfor (nnfformula2) (nnfformula3)
Case1 : spec (repr (nnfformula2)) = true
---------------------------------------
true = if mainNew (nnfformula2) then true else mainNew (nnfformula3)

1 goal(s) more...

0 conjecture(s) more...
Tactic List : 9
case mainNew (nnfformula2)(rank:5.)
rewrite IH1 in goal at 1(rank:12.)
rewrite <- Case1 in goal at 1(rank:12.)
rewrite <- IH1 in goal at 0(rank:12.)
rewrite <- IH2 in goal at 0(rank:20.)
rewrite IH1 in goal at 2(rank:20.)
rewrite <- Case1 in goal at 0(rank:20.)
rewrite <- Case1 in goal at 2(rank:20.)
rewrite IH1 in goal at 0(rank:20.)
=================================================
Progress: 26


1st goal of : forall (nnfformula1:nnfformula), main (nnfformula1) = mainNew (nnfformula1)
nnfformula1 : nnfformula
nnfformula2 : nnfformula
nnfformula3 : nnfformula
IH1 : spec (repr (nnfformula2)) = mainNew (nnfformula2)
IH2 : spec (repr (nnfformula3)) = mainNew (nnfformula3)
Inductive1 : nnfformula1 = Nfor (nnfformula2) (nnfformula3)
---------------------------------------
if spec (repr (nnfformula2)) then true else spec (repr (nnfformula3)) = if mainNew (nnfformula2) then true else mainNew (nnfformula3)

0 goal(s) more...

0 conjecture(s) more...
>>> case mainNew (nnfformula2)(rank : 4.)


1st goal of : forall (nnfformula1:nnfformula), main (nnfformula1) = mainNew (nnfformula1)
nnfformula1 : nnfformula
nnfformula2 : nnfformula
nnfformula3 : nnfformula
IH1 : spec (repr (nnfformula2)) = true
IH2 : spec (repr (nnfformula3)) = mainNew (nnfformula3)
Inductive1 : nnfformula1 = Nfor (nnfformula2) (nnfformula3)
Case1 : mainNew (nnfformula2) = true
---------------------------------------
if spec (repr (nnfformula2)) then true else spec (repr (nnfformula3)) = true

1 goal(s) more...

0 conjecture(s) more...
Tactic List : 8
rewrite IH1 in goal at 0(rank:12.)
rewrite <- Case1 in goal at 2(rank:12.)
rewrite <- IH1 in goal at 2(rank:12.)
rewrite <- IH1 in goal at 1(rank:20.)
rewrite <- Case1 in goal at 0(rank:20.)
rewrite <- Case1 in goal at 1(rank:20.)
rewrite <- IH1 in goal at 0(rank:20.)
rewrite IH2 in goal at 0(rank:12.)
=================================================
Progress: 27


1st goal of : forall (nnfformula1:nnfformula), main (nnfformula1) = mainNew (nnfformula1)
nnfformula1 : nnfformula
nnfformula2 : nnfformula
nnfformula3 : nnfformula
IH1 : true = mainNew (nnfformula2)
IH2 : spec (repr (nnfformula3)) = mainNew (nnfformula3)
Inductive1 : nnfformula1 = Nfor (nnfformula2) (nnfformula3)
Case1 : spec (repr (nnfformula2)) = true
---------------------------------------
true = if mainNew (nnfformula2) then true else mainNew (nnfformula3)

1 goal(s) more...

0 conjecture(s) more...
>>> case mainNew (nnfformula2)(rank : 5.)


1st goal of : forall (nnfformula1:nnfformula), main (nnfformula1) = mainNew (nnfformula1)
nnfformula1 : nnfformula
nnfformula2 : nnfformula
nnfformula3 : nnfformula
IH1 : true = true
IH2 : spec (repr (nnfformula3)) = mainNew (nnfformula3)
Inductive1 : nnfformula1 = Nfor (nnfformula2) (nnfformula3)
Case1 : spec (repr (nnfformula2)) = true
Case2 : mainNew (nnfformula2) = true
---------------------------------------
true = true

2 goal(s) more...

0 conjecture(s) more...
Tactic List : 1
reflexivity(rank:4.)
=================================================
Progress: 28


1st goal of : forall (nnfformula1:nnfformula), main (nnfformula1) = mainNew (nnfformula1)
nnfformula1 : nnfformula
nnfformula2 : nnfformula
nnfformula3 : nnfformula
IH1 : true = true
IH2 : spec (repr (nnfformula3)) = mainNew (nnfformula3)
Inductive1 : nnfformula1 = Nfor (nnfformula2) (nnfformula3)
Case1 : spec (repr (nnfformula2)) = true
Case2 : mainNew (nnfformula2) = true
---------------------------------------
true = true

2 goal(s) more...

0 conjecture(s) more...
>>> reflexivity(rank : 4.)


1st goal of : forall (nnfformula1:nnfformula), main (nnfformula1) = mainNew (nnfformula1)
nnfformula1 : nnfformula
nnfformula2 : nnfformula
nnfformula3 : nnfformula
IH1 : true = false
IH2 : spec (repr (nnfformula3)) = mainNew (nnfformula3)
Inductive1 : nnfformula1 = Nfor (nnfformula2) (nnfformula3)
Case1 : spec (repr (nnfformula2)) = true
Case2 : mainNew (nnfformula2) = false
---------------------------------------
true = mainNew (nnfformula3)

1 goal(s) more...

0 conjecture(s) more...
Deduplication: 0
Tactic List : 1
discriminate(rank:3.)
=================================================
Progress: 29


1st goal of : forall (nnfformula1:nnfformula), main (nnfformula1) = mainNew (nnfformula1)
nnfformula1 : nnfformula
nnfformula2 : nnfformula
nnfformula3 : nnfformula
IH1 : true = false
IH2 : spec (repr (nnfformula3)) = mainNew (nnfformula3)
Inductive1 : nnfformula1 = Nfor (nnfformula2) (nnfformula3)
Case1 : spec (repr (nnfformula2)) = true
Case2 : mainNew (nnfformula2) = false
---------------------------------------
true = mainNew (nnfformula3)

1 goal(s) more...

0 conjecture(s) more...
>>> discriminate(rank : 3.)


1st goal of : forall (nnfformula1:nnfformula), main (nnfformula1) = mainNew (nnfformula1)
nnfformula1 : nnfformula
nnfformula2 : nnfformula
nnfformula3 : nnfformula
IH1 : false = mainNew (nnfformula2)
IH2 : spec (repr (nnfformula3)) = mainNew (nnfformula3)
Inductive1 : nnfformula1 = Nfor (nnfformula2) (nnfformula3)
Case1 : spec (repr (nnfformula2)) = false
---------------------------------------
spec (repr (nnfformula3)) = if mainNew (nnfformula2) then true else mainNew (nnfformula3)

0 goal(s) more...

0 conjecture(s) more...
Deduplication: 8
Tactic List : 4
case mainNew (nnfformula2)(rank:4.)
rewrite <- IH2 in goal at 0(rank:11.)
rewrite IH2 in goal at 0(rank:11.)
rewrite <- IH1 in goal at 0(rank:11.)
=================================================
Progress: 30


1st goal of : forall (nnfformula1:nnfformula), main (nnfformula1) = mainNew (nnfformula1)
nnfformula1 : nnfformula
nnfformula2 : nnfformula
nnfformula3 : nnfformula
IH1 : false = mainNew (nnfformula2)
IH2 : spec (repr (nnfformula3)) = mainNew (nnfformula3)
Inductive1 : nnfformula1 = Nfor (nnfformula2) (nnfformula3)
Case1 : spec (repr (nnfformula2)) = false
---------------------------------------
spec (repr (nnfformula3)) = if mainNew (nnfformula2) then true else mainNew (nnfformula3)

0 goal(s) more...

0 conjecture(s) more...
>>> case mainNew (nnfformula2)(rank : 4.)


1st goal of : forall (nnfformula1:nnfformula), main (nnfformula1) = mainNew (nnfformula1)
nnfformula1 : nnfformula
nnfformula2 : nnfformula
nnfformula3 : nnfformula
IH1 : false = true
IH2 : spec (repr (nnfformula3)) = mainNew (nnfformula3)
Inductive1 : nnfformula1 = Nfor (nnfformula2) (nnfformula3)
Case1 : spec (repr (nnfformula2)) = false
Case2 : mainNew (nnfformula2) = true
---------------------------------------
spec (repr (nnfformula3)) = true

1 goal(s) more...

0 conjecture(s) more...
Tactic List : 1
discriminate(rank:3.)
=================================================
Progress: 31


1st goal of : forall (nnfformula1:nnfformula), main (nnfformula1) = mainNew (nnfformula1)
nnfformula1 : nnfformula
nnfformula2 : nnfformula
nnfformula3 : nnfformula
IH1 : false = true
IH2 : spec (repr (nnfformula3)) = mainNew (nnfformula3)
Inductive1 : nnfformula1 = Nfor (nnfformula2) (nnfformula3)
Case1 : spec (repr (nnfformula2)) = false
Case2 : mainNew (nnfformula2) = true
---------------------------------------
spec (repr (nnfformula3)) = true

1 goal(s) more...

0 conjecture(s) more...
>>> discriminate(rank : 3.)


1st goal of : forall (nnfformula1:nnfformula), main (nnfformula1) = mainNew (nnfformula1)
nnfformula1 : nnfformula
nnfformula2 : nnfformula
nnfformula3 : nnfformula
IH1 : false = false
IH2 : spec (repr (nnfformula3)) = mainNew (nnfformula3)
Inductive1 : nnfformula1 = Nfor (nnfformula2) (nnfformula3)
Case1 : spec (repr (nnfformula2)) = false
Case2 : mainNew (nnfformula2) = false
---------------------------------------
spec (repr (nnfformula3)) = mainNew (nnfformula3)

0 goal(s) more...

0 conjecture(s) more...
Deduplication: 0
Tactic List : 2
rewrite IH2 in goal at 0(rank:11.)
rewrite <- IH2 in goal at 0(rank:11.)
=================================================
Progress: 32


1st goal of : forall (nnfformula1:nnfformula), main (nnfformula1) = mainNew (nnfformula1)
nnfformula1 : nnfformula
nnfformula2 : nnfformula
nnfformula3 : nnfformula
IH1 : spec (repr (nnfformula2)) = mainNew (nnfformula2)
IH2 : spec (repr (nnfformula3)) = mainNew (nnfformula3)
Inductive1 : nnfformula1 = Nfor (nnfformula2) (nnfformula3)
---------------------------------------
if spec (repr (nnfformula2)) then true else spec (repr (nnfformula3)) = if mainNew (nnfformula2) then true else mainNew (nnfformula3)

0 goal(s) more...

0 conjecture(s) more...
>>> rewrite IH1 in goal at 0(rank : 11.)


1st goal of : forall (nnfformula1:nnfformula), main (nnfformula1) = mainNew (nnfformula1)
nnfformula1 : nnfformula
nnfformula2 : nnfformula
nnfformula3 : nnfformula
IH1 : spec (repr (nnfformula2)) = mainNew (nnfformula2)
IH2 : spec (repr (nnfformula3)) = mainNew (nnfformula3)
Inductive1 : nnfformula1 = Nfor (nnfformula2) (nnfformula3)
---------------------------------------
if mainNew (nnfformula2) then true else spec (repr (nnfformula3)) = if mainNew (nnfformula2) then true else mainNew (nnfformula3)

0 goal(s) more...

0 conjecture(s) more...
Tactic List : 1
case mainNew (nnfformula2)(rank:4.)
=================================================
Progress: 33


1st goal of : forall (nnfformula1:nnfformula), main (nnfformula1) = mainNew (nnfformula1)
nnfformula1 : nnfformula
nnfformula2 : nnfformula
nnfformula3 : nnfformula
IH1 : spec (repr (nnfformula2)) = mainNew (nnfformula2)
IH2 : spec (repr (nnfformula3)) = mainNew (nnfformula3)
Inductive1 : nnfformula1 = Nfor (nnfformula2) (nnfformula3)
---------------------------------------
if mainNew (nnfformula2) then true else spec (repr (nnfformula3)) = if mainNew (nnfformula2) then true else mainNew (nnfformula3)

0 goal(s) more...

0 conjecture(s) more...
>>> case mainNew (nnfformula2)(rank : 4.)


1st goal of : forall (nnfformula1:nnfformula), main (nnfformula1) = mainNew (nnfformula1)
nnfformula1 : nnfformula
nnfformula2 : nnfformula
nnfformula3 : nnfformula
IH1 : spec (repr (nnfformula2)) = true
IH2 : spec (repr (nnfformula3)) = mainNew (nnfformula3)
Inductive1 : nnfformula1 = Nfor (nnfformula2) (nnfformula3)
Case1 : mainNew (nnfformula2) = true
---------------------------------------
true = true

1 goal(s) more...

0 conjecture(s) more...
Tactic List : 1
reflexivity(rank:3.)
=================================================
Progress: 34


1st goal of : forall (nnfformula1:nnfformula), main (nnfformula1) = mainNew (nnfformula1)
nnfformula1 : nnfformula
nnfformula2 : nnfformula
nnfformula3 : nnfformula
IH1 : spec (repr (nnfformula2)) = true
IH2 : spec (repr (nnfformula3)) = mainNew (nnfformula3)
Inductive1 : nnfformula1 = Nfor (nnfformula2) (nnfformula3)
Case1 : mainNew (nnfformula2) = true
---------------------------------------
true = true

1 goal(s) more...

0 conjecture(s) more...
>>> reflexivity(rank : 3.)


1st goal of : forall (nnfformula1:nnfformula), main (nnfformula1) = mainNew (nnfformula1)
nnfformula1 : nnfformula
nnfformula2 : nnfformula
nnfformula3 : nnfformula
IH1 : spec (repr (nnfformula2)) = false
IH2 : spec (repr (nnfformula3)) = mainNew (nnfformula3)
Inductive1 : nnfformula1 = Nfor (nnfformula2) (nnfformula3)
Case1 : mainNew (nnfformula2) = false
---------------------------------------
spec (repr (nnfformula3)) = mainNew (nnfformula3)

0 goal(s) more...

0 conjecture(s) more...
Deduplication: 0
Tactic List : 2
rewrite IH2 in goal at 0(rank:11.)
rewrite <- IH2 in goal at 0(rank:11.)
=================================================
Progress: 35


1st goal of : forall (nnfformula1:nnfformula), main (nnfformula1) = mainNew (nnfformula1)
nnfformula1 : nnfformula
nnfformula2 : nnfformula
nnfformula3 : nnfformula
IH1 : spec (repr (nnfformula2)) = mainNew (nnfformula2)
IH2 : spec (repr (nnfformula3)) = mainNew (nnfformula3)
Inductive1 : nnfformula1 = Nfor (nnfformula2) (nnfformula3)
---------------------------------------
if spec (repr (nnfformula2)) then true else spec (repr (nnfformula3)) = if mainNew (nnfformula2) then true else mainNew (nnfformula3)

0 goal(s) more...

0 conjecture(s) more...
>>> rewrite IH2 in goal at 0(rank : 11.)


1st goal of : forall (nnfformula1:nnfformula), main (nnfformula1) = mainNew (nnfformula1)
nnfformula1 : nnfformula
nnfformula2 : nnfformula
nnfformula3 : nnfformula
IH1 : spec (repr (nnfformula2)) = mainNew (nnfformula2)
IH2 : spec (repr (nnfformula3)) = mainNew (nnfformula3)
Inductive1 : nnfformula1 = Nfor (nnfformula2) (nnfformula3)
---------------------------------------
if spec (repr (nnfformula2)) then true else mainNew (nnfformula3) = if mainNew (nnfformula2) then true else mainNew (nnfformula3)

0 goal(s) more...

0 conjecture(s) more...
Tactic List : 3
case spec (repr (nnfformula2))(rank:4.)
rewrite <- IH1 in goal at 0(rank:11.)
case mainNew (nnfformula2)(rank:4.)
=================================================
Progress: 36


1st goal of : forall (nnfformula1:nnfformula), main (nnfformula1) = mainNew (nnfformula1)
nnfformula1 : nnfformula
nnfformula2 : nnfformula
nnfformula3 : nnfformula
IH1 : spec (repr (nnfformula2)) = mainNew (nnfformula2)
IH2 : spec (repr (nnfformula3)) = mainNew (nnfformula3)
Inductive1 : nnfformula1 = Nfor (nnfformula2) (nnfformula3)
---------------------------------------
if spec (repr (nnfformula2)) then true else mainNew (nnfformula3) = if mainNew (nnfformula2) then true else mainNew (nnfformula3)

0 goal(s) more...

0 conjecture(s) more...
>>> case spec (repr (nnfformula2))(rank : 4.)


1st goal of : forall (nnfformula1:nnfformula), main (nnfformula1) = mainNew (nnfformula1)
nnfformula1 : nnfformula
nnfformula2 : nnfformula
nnfformula3 : nnfformula
IH1 : true = mainNew (nnfformula2)
IH2 : spec (repr (nnfformula3)) = mainNew (nnfformula3)
Inductive1 : nnfformula1 = Nfor (nnfformula2) (nnfformula3)
Case1 : spec (repr (nnfformula2)) = true
---------------------------------------
true = if mainNew (nnfformula2) then true else mainNew (nnfformula3)

1 goal(s) more...

0 conjecture(s) more...
Tactic List : 9
case mainNew (nnfformula2)(rank:5.)
rewrite IH1 in goal at 1(rank:12.)
rewrite <- Case1 in goal at 1(rank:12.)
rewrite <- IH1 in goal at 0(rank:12.)
rewrite <- IH2 in goal at 0(rank:20.)
rewrite IH1 in goal at 2(rank:20.)
rewrite <- Case1 in goal at 0(rank:20.)
rewrite <- Case1 in goal at 2(rank:20.)
rewrite IH1 in goal at 0(rank:20.)
=================================================
Progress: 37


1st goal of : forall (nnfformula1:nnfformula), main (nnfformula1) = mainNew (nnfformula1)
nnfformula1 : nnfformula
nnfformula2 : nnfformula
nnfformula3 : nnfformula
IH1 : spec (repr (nnfformula2)) = mainNew (nnfformula2)
IH2 : spec (repr (nnfformula3)) = mainNew (nnfformula3)
Inductive1 : nnfformula1 = Nfor (nnfformula2) (nnfformula3)
---------------------------------------
if spec (repr (nnfformula2)) then true else mainNew (nnfformula3) = if mainNew (nnfformula2) then true else mainNew (nnfformula3)

0 goal(s) more...

0 conjecture(s) more...
>>> case mainNew (nnfformula2)(rank : 4.)


1st goal of : forall (nnfformula1:nnfformula), main (nnfformula1) = mainNew (nnfformula1)
nnfformula1 : nnfformula
nnfformula2 : nnfformula
nnfformula3 : nnfformula
IH1 : spec (repr (nnfformula2)) = true
IH2 : spec (repr (nnfformula3)) = mainNew (nnfformula3)
Inductive1 : nnfformula1 = Nfor (nnfformula2) (nnfformula3)
Case1 : mainNew (nnfformula2) = true
---------------------------------------
if spec (repr (nnfformula2)) then true else mainNew (nnfformula3) = true

1 goal(s) more...

0 conjecture(s) more...
Tactic List : 8
rewrite IH1 in goal at 0(rank:12.)
rewrite <- Case1 in goal at 2(rank:12.)
rewrite <- IH1 in goal at 2(rank:12.)
rewrite <- IH2 in goal at 0(rank:20.)
rewrite <- IH1 in goal at 0(rank:20.)
rewrite <- IH1 in goal at 1(rank:20.)
rewrite <- Case1 in goal at 1(rank:20.)
rewrite <- Case1 in goal at 0(rank:20.)
=================================================
Progress: 38


1st goal of : forall (nnfformula1:nnfformula), main (nnfformula1) = mainNew (nnfformula1)
nnfformula1 : nnfformula
nnfformula2 : nnfformula
nnfformula3 : nnfformula
IH1 : true = mainNew (nnfformula2)
IH2 : spec (repr (nnfformula3)) = mainNew (nnfformula3)
Inductive1 : nnfformula1 = Nfor (nnfformula2) (nnfformula3)
Case1 : spec (repr (nnfformula2)) = true
---------------------------------------
true = if mainNew (nnfformula2) then true else mainNew (nnfformula3)

1 goal(s) more...

0 conjecture(s) more...
>>> case mainNew (nnfformula2)(rank : 5.)


1st goal of : forall (nnfformula1:nnfformula), main (nnfformula1) = mainNew (nnfformula1)
nnfformula1 : nnfformula
nnfformula2 : nnfformula
nnfformula3 : nnfformula
IH1 : true = true
IH2 : spec (repr (nnfformula3)) = mainNew (nnfformula3)
Inductive1 : nnfformula1 = Nfor (nnfformula2) (nnfformula3)
Case1 : spec (repr (nnfformula2)) = true
Case2 : mainNew (nnfformula2) = true
---------------------------------------
true = true

2 goal(s) more...

0 conjecture(s) more...
Tactic List : 1
reflexivity(rank:4.)
=================================================
Progress: 39


1st goal of : forall (nnfformula1:nnfformula), main (nnfformula1) = mainNew (nnfformula1)
nnfformula1 : nnfformula
nnfformula2 : nnfformula
nnfformula3 : nnfformula
IH1 : true = true
IH2 : spec (repr (nnfformula3)) = mainNew (nnfformula3)
Inductive1 : nnfformula1 = Nfor (nnfformula2) (nnfformula3)
Case1 : spec (repr (nnfformula2)) = true
Case2 : mainNew (nnfformula2) = true
---------------------------------------
true = true

2 goal(s) more...

0 conjecture(s) more...
>>> reflexivity(rank : 4.)


1st goal of : forall (nnfformula1:nnfformula), main (nnfformula1) = mainNew (nnfformula1)
nnfformula1 : nnfformula
nnfformula2 : nnfformula
nnfformula3 : nnfformula
IH1 : true = false
IH2 : spec (repr (nnfformula3)) = mainNew (nnfformula3)
Inductive1 : nnfformula1 = Nfor (nnfformula2) (nnfformula3)
Case1 : spec (repr (nnfformula2)) = true
Case2 : mainNew (nnfformula2) = false
---------------------------------------
true = mainNew (nnfformula3)

1 goal(s) more...

0 conjecture(s) more...
Deduplication: 0
Tactic List : 3
rewrite <- Case1 in goal at 0(rank:12.)
rewrite IH1 in goal at 0(rank:20.)
rewrite <- IH2 in goal at 0(rank:20.)
=================================================
Progress: 40


1st goal of : forall (nnfformula1:nnfformula), main (nnfformula1) = mainNew (nnfformula1)
nnfformula1 : nnfformula
nnfformula2 : nnfformula
nnfformula3 : nnfformula
IH1 : spec (repr (nnfformula2)) = mainNew (nnfformula2)
IH2 : spec (repr (nnfformula3)) = mainNew (nnfformula3)
Inductive1 : nnfformula1 = Nfor (nnfformula2) (nnfformula3)
---------------------------------------
if spec (repr (nnfformula2)) then true else spec (repr (nnfformula3)) = if mainNew (nnfformula2) then true else mainNew (nnfformula3)

0 goal(s) more...

0 conjecture(s) more...
>>> rewrite <- IH1 in goal at 0(rank : 11.)


1st goal of : forall (nnfformula1:nnfformula), main (nnfformula1) = mainNew (nnfformula1)
nnfformula1 : nnfformula
nnfformula2 : nnfformula
nnfformula3 : nnfformula
IH1 : spec (repr (nnfformula2)) = mainNew (nnfformula2)
IH2 : spec (repr (nnfformula3)) = mainNew (nnfformula3)
Inductive1 : nnfformula1 = Nfor (nnfformula2) (nnfformula3)
---------------------------------------
if spec (repr (nnfformula2)) then true else spec (repr (nnfformula3)) = if spec (repr (nnfformula2)) then true else mainNew (nnfformula3)

0 goal(s) more...

0 conjecture(s) more...
Tactic List : 1
case spec (repr (nnfformula2))(rank:4.)
=================================================
Progress: 41


1st goal of : forall (nnfformula1:nnfformula), main (nnfformula1) = mainNew (nnfformula1)
nnfformula1 : nnfformula
nnfformula2 : nnfformula
nnfformula3 : nnfformula
IH1 : spec (repr (nnfformula2)) = mainNew (nnfformula2)
IH2 : spec (repr (nnfformula3)) = mainNew (nnfformula3)
Inductive1 : nnfformula1 = Nfor (nnfformula2) (nnfformula3)
---------------------------------------
if spec (repr (nnfformula2)) then true else spec (repr (nnfformula3)) = if spec (repr (nnfformula2)) then true else mainNew (nnfformula3)

0 goal(s) more...

0 conjecture(s) more...
>>> case spec (repr (nnfformula2))(rank : 4.)


1st goal of : forall (nnfformula1:nnfformula), main (nnfformula1) = mainNew (nnfformula1)
nnfformula1 : nnfformula
nnfformula2 : nnfformula
nnfformula3 : nnfformula
IH1 : true = mainNew (nnfformula2)
IH2 : spec (repr (nnfformula3)) = mainNew (nnfformula3)
Inductive1 : nnfformula1 = Nfor (nnfformula2) (nnfformula3)
Case1 : spec (repr (nnfformula2)) = true
---------------------------------------
true = true

1 goal(s) more...

0 conjecture(s) more...
Tactic List : 1
reflexivity(rank:3.)
=================================================
Progress: 42


1st goal of : forall (nnfformula1:nnfformula), main (nnfformula1) = mainNew (nnfformula1)
nnfformula1 : nnfformula
nnfformula2 : nnfformula
nnfformula3 : nnfformula
IH1 : true = mainNew (nnfformula2)
IH2 : spec (repr (nnfformula3)) = mainNew (nnfformula3)
Inductive1 : nnfformula1 = Nfor (nnfformula2) (nnfformula3)
Case1 : spec (repr (nnfformula2)) = true
---------------------------------------
true = true

1 goal(s) more...

0 conjecture(s) more...
>>> reflexivity(rank : 3.)


1st goal of : forall (nnfformula1:nnfformula), main (nnfformula1) = mainNew (nnfformula1)
nnfformula1 : nnfformula
nnfformula2 : nnfformula
nnfformula3 : nnfformula
IH1 : false = mainNew (nnfformula2)
IH2 : spec (repr (nnfformula3)) = mainNew (nnfformula3)
Inductive1 : nnfformula1 = Nfor (nnfformula2) (nnfformula3)
Case1 : spec (repr (nnfformula2)) = false
---------------------------------------
spec (repr (nnfformula3)) = mainNew (nnfformula3)

0 goal(s) more...

0 conjecture(s) more...
Deduplication: 0
Tactic List : 2
rewrite IH2 in goal at 0(rank:11.)
rewrite <- IH2 in goal at 0(rank:11.)
=================================================
Progress: 43


1st goal of : forall (nnfformula1:nnfformula), main (nnfformula1) = mainNew (nnfformula1)
nnfformula1 : nnfformula
nnfformula2 : nnfformula
nnfformula3 : nnfformula
IH1 : spec (repr (nnfformula2)) = mainNew (nnfformula2)
IH2 : spec (repr (nnfformula3)) = mainNew (nnfformula3)
Inductive1 : nnfformula1 = Nfor (nnfformula2) (nnfformula3)
---------------------------------------
if spec (repr (nnfformula2)) then true else spec (repr (nnfformula3)) = if mainNew (nnfformula2) then true else mainNew (nnfformula3)

0 goal(s) more...

0 conjecture(s) more...
>>> rewrite <- IH2 in goal at 0(rank : 11.)


1st goal of : forall (nnfformula1:nnfformula), main (nnfformula1) = mainNew (nnfformula1)
nnfformula1 : nnfformula
nnfformula2 : nnfformula
nnfformula3 : nnfformula
IH1 : spec (repr (nnfformula2)) = mainNew (nnfformula2)
IH2 : spec (repr (nnfformula3)) = mainNew (nnfformula3)
Inductive1 : nnfformula1 = Nfor (nnfformula2) (nnfformula3)
---------------------------------------
if spec (repr (nnfformula2)) then true else spec (repr (nnfformula3)) = if mainNew (nnfformula2) then true else spec (repr (nnfformula3))

0 goal(s) more...

0 conjecture(s) more...
Tactic List : 2
case spec (repr (nnfformula2))(rank:4.)
case mainNew (nnfformula2)(rank:4.)
=================================================
Progress: 44


1st goal of : forall (nnfformula1:nnfformula), main (nnfformula1) = mainNew (nnfformula1)
nnfformula1 : nnfformula
nnfformula2 : nnfformula
nnfformula3 : nnfformula
IH1 : spec (repr (nnfformula2)) = mainNew (nnfformula2)
IH2 : spec (repr (nnfformula3)) = mainNew (nnfformula3)
Inductive1 : nnfformula1 = Nfor (nnfformula2) (nnfformula3)
---------------------------------------
if spec (repr (nnfformula2)) then true else spec (repr (nnfformula3)) = if mainNew (nnfformula2) then true else spec (repr (nnfformula3))

0 goal(s) more...

0 conjecture(s) more...
>>> case spec (repr (nnfformula2))(rank : 4.)


1st goal of : forall (nnfformula1:nnfformula), main (nnfformula1) = mainNew (nnfformula1)
nnfformula1 : nnfformula
nnfformula2 : nnfformula
nnfformula3 : nnfformula
IH1 : true = mainNew (nnfformula2)
IH2 : spec (repr (nnfformula3)) = mainNew (nnfformula3)
Inductive1 : nnfformula1 = Nfor (nnfformula2) (nnfformula3)
Case1 : spec (repr (nnfformula2)) = true
---------------------------------------
true = if mainNew (nnfformula2) then true else spec (repr (nnfformula3))

1 goal(s) more...

0 conjecture(s) more...
Tactic List : 9
case mainNew (nnfformula2)(rank:5.)
rewrite IH1 in goal at 1(rank:12.)
rewrite IH2 in goal at 0(rank:12.)
rewrite <- Case1 in goal at 1(rank:12.)
rewrite <- Case1 in goal at 0(rank:20.)
rewrite <- IH1 in goal at 0(rank:12.)
rewrite <- Case1 in goal at 2(rank:20.)
rewrite IH1 in goal at 2(rank:20.)
rewrite IH1 in goal at 0(rank:20.)
=================================================
Progress: 45


1st goal of : forall (nnfformula1:nnfformula), main (nnfformula1) = mainNew (nnfformula1)
nnfformula1 : nnfformula
nnfformula2 : nnfformula
nnfformula3 : nnfformula
IH1 : spec (repr (nnfformula2)) = mainNew (nnfformula2)
IH2 : spec (repr (nnfformula3)) = mainNew (nnfformula3)
Inductive1 : nnfformula1 = Nfor (nnfformula2) (nnfformula3)
---------------------------------------
if spec (repr (nnfformula2)) then true else spec (repr (nnfformula3)) = if mainNew (nnfformula2) then true else spec (repr (nnfformula3))

0 goal(s) more...

0 conjecture(s) more...
>>> case mainNew (nnfformula2)(rank : 4.)


1st goal of : forall (nnfformula1:nnfformula), main (nnfformula1) = mainNew (nnfformula1)
nnfformula1 : nnfformula
nnfformula2 : nnfformula
nnfformula3 : nnfformula
IH1 : spec (repr (nnfformula2)) = true
IH2 : spec (repr (nnfformula3)) = mainNew (nnfformula3)
Inductive1 : nnfformula1 = Nfor (nnfformula2) (nnfformula3)
Case1 : mainNew (nnfformula2) = true
---------------------------------------
if spec (repr (nnfformula2)) then true else spec (repr (nnfformula3)) = true

1 goal(s) more...

0 conjecture(s) more...
Tactic List : 8
rewrite IH1 in goal at 0(rank:12.)
rewrite <- Case1 in goal at 2(rank:12.)
rewrite <- IH1 in goal at 2(rank:12.)
rewrite <- IH1 in goal at 1(rank:20.)
rewrite <- Case1 in goal at 0(rank:20.)
rewrite <- Case1 in goal at 1(rank:20.)
rewrite <- IH1 in goal at 0(rank:20.)
rewrite IH2 in goal at 0(rank:12.)
=================================================
Progress: 46


1st goal of : forall (nnfformula1:nnfformula), main (nnfformula1) = mainNew (nnfformula1)
nnfformula1 : nnfformula
nnfformula2 : nnfformula
nnfformula3 : nnfformula
IH1 : true = mainNew (nnfformula2)
IH2 : spec (repr (nnfformula3)) = mainNew (nnfformula3)
Inductive1 : nnfformula1 = Nfor (nnfformula2) (nnfformula3)
Case1 : spec (repr (nnfformula2)) = true
---------------------------------------
true = if mainNew (nnfformula2) then true else spec (repr (nnfformula3))

1 goal(s) more...

0 conjecture(s) more...
>>> case mainNew (nnfformula2)(rank : 5.)


1st goal of : forall (nnfformula1:nnfformula), main (nnfformula1) = mainNew (nnfformula1)
nnfformula1 : nnfformula
nnfformula2 : nnfformula
nnfformula3 : nnfformula
IH1 : true = true
IH2 : spec (repr (nnfformula3)) = mainNew (nnfformula3)
Inductive1 : nnfformula1 = Nfor (nnfformula2) (nnfformula3)
Case1 : spec (repr (nnfformula2)) = true
Case2 : mainNew (nnfformula2) = true
---------------------------------------
true = true

2 goal(s) more...

0 conjecture(s) more...
Tactic List : 1
reflexivity(rank:4.)
=================================================
Progress: 47


1st goal of : forall (nnfformula1:nnfformula), main (nnfformula1) = mainNew (nnfformula1)
nnfformula1 : nnfformula
nnfformula2 : nnfformula
nnfformula3 : nnfformula
IH1 : true = true
IH2 : spec (repr (nnfformula3)) = mainNew (nnfformula3)
Inductive1 : nnfformula1 = Nfor (nnfformula2) (nnfformula3)
Case1 : spec (repr (nnfformula2)) = true
Case2 : mainNew (nnfformula2) = true
---------------------------------------
true = true

2 goal(s) more...

0 conjecture(s) more...
>>> reflexivity(rank : 4.)


1st goal of : forall (nnfformula1:nnfformula), main (nnfformula1) = mainNew (nnfformula1)
nnfformula1 : nnfformula
nnfformula2 : nnfformula
nnfformula3 : nnfformula
IH1 : true = false
IH2 : spec (repr (nnfformula3)) = mainNew (nnfformula3)
Inductive1 : nnfformula1 = Nfor (nnfformula2) (nnfformula3)
Case1 : spec (repr (nnfformula2)) = true
Case2 : mainNew (nnfformula2) = false
---------------------------------------
true = spec (repr (nnfformula3))

1 goal(s) more...

0 conjecture(s) more...
Deduplication: 0
Tactic List : 3
rewrite IH2 in goal at 0(rank:12.)
rewrite IH1 in goal at 0(rank:20.)
rewrite <- Case1 in goal at 0(rank:12.)
=================================================
Progress: 48


1st goal of : forall (nnfformula1:nnfformula), main (nnfformula1) = mainNew (nnfformula1)
nnfformula1 : nnfformula
nnfformula2 : nnfformula
nnfformula3 : nnfformula
IH1 : false = mainNew (nnfformula2)
IH2 : spec (repr (nnfformula3)) = mainNew (nnfformula3)
Inductive1 : nnfformula1 = Nfor (nnfformula2) (nnfformula3)
Case1 : spec (repr (nnfformula2)) = false
---------------------------------------
spec (repr (nnfformula3)) = if mainNew (nnfformula2) then true else mainNew (nnfformula3)

0 goal(s) more...

0 conjecture(s) more...
>>> rewrite IH2 in goal at 0(rank : 11.)


1st goal of : forall (nnfformula1:nnfformula), main (nnfformula1) = mainNew (nnfformula1)
nnfformula1 : nnfformula
nnfformula2 : nnfformula
nnfformula3 : nnfformula
IH1 : false = mainNew (nnfformula2)
IH2 : spec (repr (nnfformula3)) = mainNew (nnfformula3)
Inductive1 : nnfformula1 = Nfor (nnfformula2) (nnfformula3)
Case1 : spec (repr (nnfformula2)) = false
---------------------------------------
mainNew (nnfformula3) = if mainNew (nnfformula2) then true else mainNew (nnfformula3)

0 goal(s) more...

0 conjecture(s) more...
Tactic List : 2
case mainNew (nnfformula2)(rank:4.)
rewrite <- IH1 in goal at 0(rank:11.)
=================================================
Progress: 49


1st goal of : forall (nnfformula1:nnfformula), main (nnfformula1) = mainNew (nnfformula1)
nnfformula1 : nnfformula
nnfformula2 : nnfformula
nnfformula3 : nnfformula
IH1 : false = mainNew (nnfformula2)
IH2 : spec (repr (nnfformula3)) = mainNew (nnfformula3)
Inductive1 : nnfformula1 = Nfor (nnfformula2) (nnfformula3)
Case1 : spec (repr (nnfformula2)) = false
---------------------------------------
mainNew (nnfformula3) = if mainNew (nnfformula2) then true else mainNew (nnfformula3)

0 goal(s) more...

0 conjecture(s) more...
>>> case mainNew (nnfformula2)(rank : 4.)


1st goal of : forall (nnfformula1:nnfformula), main (nnfformula1) = mainNew (nnfformula1)
nnfformula1 : nnfformula
nnfformula2 : nnfformula
nnfformula3 : nnfformula
IH1 : false = true
IH2 : spec (repr (nnfformula3)) = mainNew (nnfformula3)
Inductive1 : nnfformula1 = Nfor (nnfformula2) (nnfformula3)
Case1 : spec (repr (nnfformula2)) = false
Case2 : mainNew (nnfformula2) = true
---------------------------------------
mainNew (nnfformula3) = true

1 goal(s) more...

0 conjecture(s) more...
Tactic List : 3
rewrite <- Case2 in goal at 0(rank:12.)
rewrite <- IH1 in goal at 0(rank:20.)
rewrite <- IH2 in goal at 0(rank:20.)
=================================================
Progress: 50


1st goal of : forall (nnfformula1:nnfformula), main (nnfformula1) = mainNew (nnfformula1)
nnfformula1 : nnfformula
nnfformula2 : nnfformula
nnfformula3 : nnfformula
IH1 : false = mainNew (nnfformula2)
IH2 : spec (repr (nnfformula3)) = mainNew (nnfformula3)
Inductive1 : nnfformula1 = Nfor (nnfformula2) (nnfformula3)
Case1 : spec (repr (nnfformula2)) = false
---------------------------------------
spec (repr (nnfformula3)) = if mainNew (nnfformula2) then true else mainNew (nnfformula3)

0 goal(s) more...

0 conjecture(s) more...
>>> rewrite <- IH1 in goal at 0(rank : 11.)


1st goal of : forall (nnfformula1:nnfformula), main (nnfformula1) = mainNew (nnfformula1)
nnfformula1 : nnfformula
nnfformula2 : nnfformula
nnfformula3 : nnfformula
IH1 : false = mainNew (nnfformula2)
IH2 : spec (repr (nnfformula3)) = mainNew (nnfformula3)
Inductive1 : nnfformula1 = Nfor (nnfformula2) (nnfformula3)
Case1 : spec (repr (nnfformula2)) = false
---------------------------------------
spec (repr (nnfformula3)) = if false then true else mainNew (nnfformula3)

0 goal(s) more...

0 conjecture(s) more...
Tactic List : 2
rewrite <- IH2 in goal at 0(rank:11.)
rewrite <- Case1 in goal at 0(rank:19.)
=================================================
Progress: 51


1st goal of : forall (nnfformula1:nnfformula), main (nnfformula1) = mainNew (nnfformula1)
nnfformula1 : nnfformula
nnfformula2 : nnfformula
nnfformula3 : nnfformula
IH1 : false = mainNew (nnfformula2)
IH2 : spec (repr (nnfformula3)) = mainNew (nnfformula3)
Inductive1 : nnfformula1 = Nfor (nnfformula2) (nnfformula3)
Case1 : spec (repr (nnfformula2)) = false
---------------------------------------
spec (repr (nnfformula3)) = if mainNew (nnfformula2) then true else mainNew (nnfformula3)

0 goal(s) more...

0 conjecture(s) more...
>>> rewrite <- IH2 in goal at 0(rank : 11.)


1st goal of : forall (nnfformula1:nnfformula), main (nnfformula1) = mainNew (nnfformula1)
nnfformula1 : nnfformula
nnfformula2 : nnfformula
nnfformula3 : nnfformula
IH1 : false = mainNew (nnfformula2)
IH2 : spec (repr (nnfformula3)) = mainNew (nnfformula3)
Inductive1 : nnfformula1 = Nfor (nnfformula2) (nnfformula3)
Case1 : spec (repr (nnfformula2)) = false
---------------------------------------
spec (repr (nnfformula3)) = if mainNew (nnfformula2) then true else spec (repr (nnfformula3))

0 goal(s) more...

0 conjecture(s) more...
Tactic List : 1
case mainNew (nnfformula2)(rank:4.)
=================================================
Progress: 52


1st goal of : forall (nnfformula1:nnfformula), main (nnfformula1) = mainNew (nnfformula1)
nnfformula1 : nnfformula
nnfformula2 : nnfformula
nnfformula3 : nnfformula
IH1 : false = mainNew (nnfformula2)
IH2 : spec (repr (nnfformula3)) = mainNew (nnfformula3)
Inductive1 : nnfformula1 = Nfor (nnfformula2) (nnfformula3)
Case1 : spec (repr (nnfformula2)) = false
---------------------------------------
spec (repr (nnfformula3)) = if mainNew (nnfformula2) then true else spec (repr (nnfformula3))

0 goal(s) more...

0 conjecture(s) more...
>>> case mainNew (nnfformula2)(rank : 4.)


1st goal of : forall (nnfformula1:nnfformula), main (nnfformula1) = mainNew (nnfformula1)
nnfformula1 : nnfformula
nnfformula2 : nnfformula
nnfformula3 : nnfformula
IH1 : false = true
IH2 : spec (repr (nnfformula3)) = mainNew (nnfformula3)
Inductive1 : nnfformula1 = Nfor (nnfformula2) (nnfformula3)
Case1 : spec (repr (nnfformula2)) = false
Case2 : mainNew (nnfformula2) = true
---------------------------------------
spec (repr (nnfformula3)) = true

1 goal(s) more...

0 conjecture(s) more...
Tactic List : 3
rewrite IH2 in goal at 0(rank:12.)
rewrite <- Case2 in goal at 0(rank:12.)
rewrite <- IH1 in goal at 0(rank:20.)
=================================================
Progress: 53


1st goal of : forall (nnfformula1:nnfformula), main (nnfformula1) = mainNew (nnfformula1)
nnfformula1 : nnfformula
nnfformula2 : nnfformula
nnfformula3 : nnfformula
IH1 : false = false
IH2 : spec (repr (nnfformula3)) = mainNew (nnfformula3)
Inductive1 : nnfformula1 = Nfor (nnfformula2) (nnfformula3)
Case1 : spec (repr (nnfformula2)) = false
Case2 : mainNew (nnfformula2) = false
---------------------------------------
spec (repr (nnfformula3)) = mainNew (nnfformula3)

0 goal(s) more...

0 conjecture(s) more...
>>> rewrite IH2 in goal at 0(rank : 11.)


1st goal of : forall (nnfformula1:nnfformula), main (nnfformula1) = mainNew (nnfformula1)
nnfformula1 : nnfformula
nnfformula2 : nnfformula
nnfformula3 : nnfformula
IH1 : false = false
IH2 : spec (repr (nnfformula3)) = mainNew (nnfformula3)
Inductive1 : nnfformula1 = Nfor (nnfformula2) (nnfformula3)
Case1 : spec (repr (nnfformula2)) = false
Case2 : mainNew (nnfformula2) = false
---------------------------------------
mainNew (nnfformula3) = mainNew (nnfformula3)

0 goal(s) more...

0 conjecture(s) more...
Tactic List : 1
reflexivity(rank:0.)
=================================================
Progress: 54


1st goal of : forall (nnfformula1:nnfformula), main (nnfformula1) = mainNew (nnfformula1)
nnfformula1 : nnfformula
nnfformula2 : nnfformula
nnfformula3 : nnfformula
IH1 : false = false
IH2 : spec (repr (nnfformula3)) = mainNew (nnfformula3)
Inductive1 : nnfformula1 = Nfor (nnfformula2) (nnfformula3)
Case1 : spec (repr (nnfformula2)) = false
Case2 : mainNew (nnfformula2) = false
---------------------------------------
mainNew (nnfformula3) = mainNew (nnfformula3)

0 goal(s) more...

0 conjecture(s) more...
>>> reflexivity(rank : 0.)


No conjecture
Proof Success
Proof
assert forall (nnfformula1:nnfformula), main (nnfformula1) = mainNew (nnfformula1)
simpl in goal
induction nnfformula1
reflexivity
reflexivity
simpl in goal
rewrite <- IH2 in goal at 0
case spec (repr (nnfformula2))
case mainNew (nnfformula2)
reflexivity
discriminate
case mainNew (nnfformula2)
discriminate
reflexivity
simpl in goal
case spec (repr (nnfformula2))
case mainNew (nnfformula2)
reflexivity
discriminate
case mainNew (nnfformula2)
discriminate
rewrite IH2 in goal at 0
reflexivity
Qed
