Enter the definition file path (1/2) : 
> Enter the definition file path (2/2) : 
> Choose the proof type :
1) Interactive Mode 	 2) Auto Mode
Enter the goal : =================================================
Progress: 1


No conjecture
>>> assert forall (lst:ulist), main (lst) = mainNew (lst)(rank : 0.)


1st goal of : forall (ulist1:ulist), main (ulist1) = mainNew (ulist1)

---------------------------------------
forall (ulist1:ulist), main (ulist1) = mainNew (ulist1)

0 goal(s) more...

0 conjecture(s) more...
Tactic List : 1
simpl in goal(rank:3.)
=================================================
Progress: 2


1st goal of : forall (ulist1:ulist), main (ulist1) = mainNew (ulist1)

---------------------------------------
forall (ulist1:ulist), main (ulist1) = mainNew (ulist1)

0 goal(s) more...

0 conjecture(s) more...
>>> simpl in goal(rank : 3.)


1st goal of : forall (ulist1:ulist), main (ulist1) = mainNew (ulist1)

---------------------------------------
forall (ulist1:ulist), if match (tf0 ((Nil)) (ulist1)) with
| Nil -> true
| Cons hd tl -> tf4 (hd) (tl) then spec (repr (target (ulist1))) else ZERO = if match (tf0 ((Nil)) (ulist1)) with
| Nil -> true
| Cons hd tl -> tf4 (hd) (tl) then targetNew (ulist1) else ZERO

0 goal(s) more...

0 conjecture(s) more...
Tactic List : 1
intro ulist1(rank:3.)
=================================================
Progress: 3


1st goal of : forall (ulist1:ulist), main (ulist1) = mainNew (ulist1)

---------------------------------------
forall (ulist1:ulist), if match (tf0 ((Nil)) (ulist1)) with
| Nil -> true
| Cons hd tl -> tf4 (hd) (tl) then spec (repr (target (ulist1))) else ZERO = if match (tf0 ((Nil)) (ulist1)) with
| Nil -> true
| Cons hd tl -> tf4 (hd) (tl) then targetNew (ulist1) else ZERO

0 goal(s) more...

0 conjecture(s) more...
>>> intro ulist1(rank : 3.)


1st goal of : forall (ulist1:ulist), main (ulist1) = mainNew (ulist1)
ulist1 : ulist
---------------------------------------
if match (tf0 ((Nil)) (ulist1)) with
| Nil -> true
| Cons hd tl -> tf4 (hd) (tl) then spec (repr (target (ulist1))) else ZERO = if match (tf0 ((Nil)) (ulist1)) with
| Nil -> true
| Cons hd tl -> tf4 (hd) (tl) then targetNew (ulist1) else ZERO

0 goal(s) more...

0 conjecture(s) more...
