Enter the definition file path (1/2) : 
> Enter the definition file path (2/2) : 
> Choose the proof type :
1) Interactive Mode 	 2) Auto Mode
Enter the goal : =================================================
Progress: 1


No conjecture
>>> assert forall (lst:ulist), main (lst) = mainNew (lst)(rank : 0.)


1st goal of : forall (ulist1:ulist), main (ulist1) = mainNew (ulist1)

---------------------------------------
forall (ulist1:ulist), main (ulist1) = mainNew (ulist1)

0 goal(s) more...

0 conjecture(s) more...
Tactic List : 1
simpl in goal(rank:3.)
=================================================
Progress: 2


1st goal of : forall (ulist1:ulist), main (ulist1) = mainNew (ulist1)

---------------------------------------
forall (ulist1:ulist), main (ulist1) = mainNew (ulist1)

0 goal(s) more...

0 conjecture(s) more...
>>> simpl in goal(rank : 3.)


1st goal of : forall (ulist1:ulist), main (ulist1) = mainNew (ulist1)

---------------------------------------
forall (ulist1:ulist), if match (tf0 ((Nil)) (ulist1)) with
| Nil -> true
| Cons hd tl -> tf4 (hd) (tl) then tf8 (tf0 ((Nil)) (tf10 (ulist1))) else ZERO = if match (tf0 ((Nil)) (ulist1)) with
| Nil -> true
| Cons hd tl -> tf4 (hd) (tl) then tf12 (ulist1) else ZERO

0 goal(s) more...

0 conjecture(s) more...
Tactic List : 1
intro ulist1(rank:3.)
=================================================
Progress: 3


1st goal of : forall (ulist1:ulist), main (ulist1) = mainNew (ulist1)

---------------------------------------
forall (ulist1:ulist), if match (tf0 ((Nil)) (ulist1)) with
| Nil -> true
| Cons hd tl -> tf4 (hd) (tl) then tf8 (tf0 ((Nil)) (tf10 (ulist1))) else ZERO = if match (tf0 ((Nil)) (ulist1)) with
| Nil -> true
| Cons hd tl -> tf4 (hd) (tl) then tf12 (ulist1) else ZERO

0 goal(s) more...

0 conjecture(s) more...
>>> intro ulist1(rank : 3.)


1st goal of : forall (ulist1:ulist), main (ulist1) = mainNew (ulist1)
ulist1 : ulist
---------------------------------------
if match (tf0 ((Nil)) (ulist1)) with
| Nil -> true
| Cons hd tl -> tf4 (hd) (tl) then tf8 (tf0 ((Nil)) (tf10 (ulist1))) else ZERO = if match (tf0 ((Nil)) (ulist1)) with
| Nil -> true
| Cons hd tl -> tf4 (hd) (tl) then tf12 (ulist1) else ZERO

0 goal(s) more...

0 conjecture(s) more...
Tactic List : 1
case match (tf0 ((Nil)) (ulist1)) with
| Nil -> true
| Cons hd tl -> tf4 (hd) (tl)(rank:4.)
=================================================
Progress: 4


1st goal of : forall (ulist1:ulist), main (ulist1) = mainNew (ulist1)
ulist1 : ulist
---------------------------------------
if match (tf0 ((Nil)) (ulist1)) with
| Nil -> true
| Cons hd tl -> tf4 (hd) (tl) then tf8 (tf0 ((Nil)) (tf10 (ulist1))) else ZERO = if match (tf0 ((Nil)) (ulist1)) with
| Nil -> true
| Cons hd tl -> tf4 (hd) (tl) then tf12 (ulist1) else ZERO

0 goal(s) more...

0 conjecture(s) more...
>>> case match (tf0 ((Nil)) (ulist1)) with
| Nil -> true
| Cons hd tl -> tf4 (hd) (tl)(rank : 4.)


1st goal of : forall (ulist1:ulist), main (ulist1) = mainNew (ulist1)
ulist1 : ulist
Case1 : match (tf0 ((Nil)) (ulist1)) with
| Nil -> true
| Cons hd tl -> tf4 (hd) (tl) = true
---------------------------------------
tf8 (tf0 ((Nil)) (tf10 (ulist1))) = tf12 (ulist1)

1 goal(s) more...

0 conjecture(s) more...
Tactic List : 0
validate generalize_common_subterm_goal
Prop: tf8 (tf0 ((Nil)) (tf10 (Uelt (ZERO)))) = tf12 (Uelt (ZERO))
Prop: tf8 (tf0 ((Nil)) (tf10 (Unil))) = tf12 (Unil)
Prop: tf8 (tf0 ((Nil)) (tf10 (Uelt (SUCC (SUCC (ZERO)))))) = tf12 (Uelt (SUCC (SUCC (ZERO))))
Lemma List
forall (ulist1:ulist), match (tf0 ((Nil)) (ulist1)) with
| Nil -> true
| Cons hd tl -> tf4 (hd) (tl) = true -> tf8 (tf0 ((Nil)) (tf10 (ulist1))) = tf12 (ulist1)
End of Lemma List


1st goal of : forall (ulist1:ulist), main (ulist1) = mainNew (ulist1)
ulist1 : ulist
Case1 : match (tf0 ((Nil)) (ulist1)) with
| Nil -> true
| Cons hd tl -> tf4 (hd) (tl) = true
---------------------------------------
tf8 (tf0 ((Nil)) (tf10 (ulist1))) = tf12 (ulist1)

1 goal(s) more...

0 conjecture(s) more...
=================================================
Progress: 5


1st goal of : forall (ulist1:ulist), main (ulist1) = mainNew (ulist1)
ulist1 : ulist
Case1 : match (tf0 ((Nil)) (ulist1)) with
| Nil -> true
| Cons hd tl -> tf4 (hd) (tl) = true
---------------------------------------
tf8 (tf0 ((Nil)) (tf10 (ulist1))) = tf12 (ulist1)

1 goal(s) more...

0 conjecture(s) more...
>>> assert forall (ulist1:ulist), match (tf0 ((Nil)) (ulist1)) with
| Nil -> true
| Cons hd tl -> tf4 (hd) (tl) = true -> tf8 (tf0 ((Nil)) (tf10 (ulist1))) = tf12 (ulist1)(rank : 0.)


1st goal of : forall (ulist1:ulist), match (tf0 ((Nil)) (ulist1)) with
| Nil -> true
| Cons hd tl -> tf4 (hd) (tl) = true -> tf8 (tf0 ((Nil)) (tf10 (ulist1))) = tf12 (ulist1)

---------------------------------------
forall (ulist1:ulist), match (tf0 ((Nil)) (ulist1)) with
| Nil -> true
| Cons hd tl -> tf4 (hd) (tl) = true -> tf8 (tf0 ((Nil)) (tf10 (ulist1))) = tf12 (ulist1)

0 goal(s) more...

1 conjecture(s) more...
Tactic List : 1
intro ulist1(rank:5.)
=================================================
Progress: 6


1st goal of : forall (ulist1:ulist), match (tf0 ((Nil)) (ulist1)) with
| Nil -> true
| Cons hd tl -> tf4 (hd) (tl) = true -> tf8 (tf0 ((Nil)) (tf10 (ulist1))) = tf12 (ulist1)

---------------------------------------
forall (ulist1:ulist), match (tf0 ((Nil)) (ulist1)) with
| Nil -> true
| Cons hd tl -> tf4 (hd) (tl) = true -> tf8 (tf0 ((Nil)) (tf10 (ulist1))) = tf12 (ulist1)

0 goal(s) more...

1 conjecture(s) more...
>>> intro ulist1(rank : 5.)


1st goal of : forall (ulist1:ulist), match (tf0 ((Nil)) (ulist1)) with
| Nil -> true
| Cons hd tl -> tf4 (hd) (tl) = true -> tf8 (tf0 ((Nil)) (tf10 (ulist1))) = tf12 (ulist1)
ulist1 : ulist
---------------------------------------
match (tf0 ((Nil)) (ulist1)) with
| Nil -> true
| Cons hd tl -> tf4 (hd) (tl) = true -> tf8 (tf0 ((Nil)) (tf10 (ulist1))) = tf12 (ulist1)

0 goal(s) more...

1 conjecture(s) more...
Tactic List : 1
intro Cond1(rank:5.)
=================================================
Progress: 7


1st goal of : forall (ulist1:ulist), match (tf0 ((Nil)) (ulist1)) with
| Nil -> true
| Cons hd tl -> tf4 (hd) (tl) = true -> tf8 (tf0 ((Nil)) (tf10 (ulist1))) = tf12 (ulist1)
ulist1 : ulist
---------------------------------------
match (tf0 ((Nil)) (ulist1)) with
| Nil -> true
| Cons hd tl -> tf4 (hd) (tl) = true -> tf8 (tf0 ((Nil)) (tf10 (ulist1))) = tf12 (ulist1)

0 goal(s) more...

1 conjecture(s) more...
>>> intro Cond1(rank : 5.)


1st goal of : forall (ulist1:ulist), match (tf0 ((Nil)) (ulist1)) with
| Nil -> true
| Cons hd tl -> tf4 (hd) (tl) = true -> tf8 (tf0 ((Nil)) (tf10 (ulist1))) = tf12 (ulist1)
ulist1 : ulist
Cond1 : match (tf0 ((Nil)) (ulist1)) with
| Nil -> true
| Cons hd tl -> tf4 (hd) (tl) = true
---------------------------------------
tf8 (tf0 ((Nil)) (tf10 (ulist1))) = tf12 (ulist1)

0 goal(s) more...

1 conjecture(s) more...
Tactic List : 0
validate generalize_common_subterm_goal
Fatal error: exception Failure("pattern matching is ill-formed")
Raised at Stdlib.failwith in file "stdlib.ml", line 29, characters 17-33
Called from Dilemma__Proof.simplify_expr.(fun) in file "lib/proof.ml", line 1582, characters 53-86
Called from Stdlib__List.fold_left in file "list.ml", line 123, characters 24-34
Called from Dilemma__Proof.simplify_expr in file "lib/proof.ml", lines 1572-1608, characters 6-13
Called from Dilemma__Proof.simplify_expr in file "lib/proof.ml", line 1564, characters 27-53
Called from Stdlib__List.map in file "list.ml", line 83, characters 15-19
Called from Dilemma__Proof.simplify_expr in file "lib/proof.ml", line 1570, characters 21-60
Called from Dilemma__Proof.simplify_expr in file "lib/proof.ml", line 1564, characters 27-53
Called from Dilemma__Proof.simplify_expr in file "lib/proof.ml", line 1564, characters 27-53
Called from Dilemma__Proof.simplify_prop in file "lib/proof.ml", line 1638, characters 13-33
Called from Stdlib__List.map in file "list.ml", line 83, characters 15-19
Called from Stdlib__List.map in file "list.ml", line 86, characters 15-19
Called from Dilemma__Validate.validate in file "lib/validate.ml", line 146, characters 4-79
Called from Dilemma__Finder.naive_generalize in file "lib/finder.ml", line 1279, characters 19-63
Called from Dilemma__Finder.advanced_generalize in file "lib/finder.ml", line 1346, characters 37-57
Called from Dilemma__Finder.find_lemma.(fun) in file "lib/finder.ml", line 1376, characters 15-36
Called from Stdlib__List.fold_left in file "list.ml", line 123, characters 24-34
Called from Dilemma__Finder.find_lemma in file "lib/finder.ml", lines 1374-1380, characters 4-12
Called from Dilemma__Engine.progress in file "lib/engine.ml", line 219, characters 30-73
Called from Dilemma__Engine.proof_auto in file "lib/engine.ml", line 284, characters 8-69
Called from Dune__exe__Main.main in file "bin/main.ml", line 24, characters 12-79
