Enter the definition file path (1/2) : 
> Enter the definition file path (2/2) : 
> Choose the proof type :
1) Interactive Mode 	 2) Auto Mode
Enter the goal : =================================================
Progress: 1


No conjecture
>>> assert forall (lst:nlist), main (lst) = mainNew (lst)(rank : 0.)


1st goal of : forall (nlist1:nlist), main (nlist1) = mainNew (nlist1)

---------------------------------------
forall (nlist1:nlist), main (nlist1) = mainNew (nlist1)

0 goal(s) more...

0 conjecture(s) more...
Tactic List : 1
simpl in goal(rank:3.)
=================================================
Progress: 2


1st goal of : forall (nlist1:nlist), main (nlist1) = mainNew (nlist1)

---------------------------------------
forall (nlist1:nlist), main (nlist1) = mainNew (nlist1)

0 goal(s) more...

0 conjecture(s) more...
>>> simpl in goal(rank : 3.)


1st goal of : forall (nlist1:nlist), main (nlist1) = mainNew (nlist1)

---------------------------------------
forall (nlist1:nlist), sum (map (tf7 (nlist1) (nlist1))) = match (tailsNew (nlist1)) with
| Tuple2 a _ -> a

0 goal(s) more...

0 conjecture(s) more...
Tactic List : 1
induction nlist1(rank:4.)
=================================================
Progress: 3


1st goal of : forall (nlist1:nlist), main (nlist1) = mainNew (nlist1)

---------------------------------------
forall (nlist1:nlist), sum (map (tf7 (nlist1) (nlist1))) = match (tailsNew (nlist1)) with
| Tuple2 a _ -> a

0 goal(s) more...

0 conjecture(s) more...
>>> induction nlist1(rank : 4.)


1st goal of : forall (nlist1:nlist), main (nlist1) = mainNew (nlist1)
nlist1 : nlist
nat_list1 : nat list
Base1 : nlist1 = Single (nat_list1)
---------------------------------------
sum (map (tf7 (Single (nat_list1)) (Single (nat_list1)))) = match (tailsNew (Single (nat_list1))) with
| Tuple2 a _ -> a

1 goal(s) more...

0 conjecture(s) more...
Tactic List : 0
previous tactics
Prop: sum (map (tf7 (Single ((ZERO::(ZERO::(Nil))))) (Single ((ZERO::(ZERO::(Nil))))))) = match (tailsNew (Single ((ZERO::(ZERO::(Nil)))))) with
| Tuple2 a _ -> a
Prop: sum (map (tf7 (Single ((Nil))) (Single ((Nil))))) = match (tailsNew (Single ((Nil)))) with
| Tuple2 a _ -> a
Prop: sum (map (tf7 (Ncons ((Nil)) (Single ((Nil)))) (Ncons ((Nil)) (Single ((Nil)))))) = match (tailsNew (Ncons ((Nil)) (Single ((Nil))))) with
| Tuple2 a _ -> a
validate generalize_common_subterm_goal
Prop: sum (map (tf7 (Ncons ((Nil)) (Single ((SUCC (SUCC (ZERO))::(Nil))))) (Ncons ((Nil)) (Single ((SUCC (SUCC (ZERO))::(Nil))))))) = match (tailsNew (Ncons ((Nil)) (Single ((SUCC (SUCC (ZERO))::(Nil)))))) with
| Tuple2 a _ -> a
Prop: sum (map (tf7 (Single ((ZERO::(Nil)))) (Single ((ZERO::(Nil)))))) = match (tailsNew (Single ((ZERO::(Nil))))) with
| Tuple2 a _ -> a
Prop: sum (map (tf7 (Single ((ZERO::(Nil)))) (Single ((ZERO::(Nil)))))) = match (tailsNew (Single ((ZERO::(Nil))))) with
| Tuple2 a _ -> a
Prop: sum (map (tf7 (Single ((Nil))) (Single ((Nil))))) = match (tailsNew (Single ((Nil)))) with
| Tuple2 a _ -> a
Prop: sum (map (tf7 (Single ((Nil))) (Single ((Nil))))) = match (tailsNew (Single ((Nil)))) with
| Tuple2 a _ -> a
Prop: sum (map (tf7 (Single ((Nil))) (Single ((Nil))))) = match (tailsNew (Single ((Nil)))) with
| Tuple2 a _ -> a
asdf
Fatal error: exception Failure("worklist is empty")
Raised at Stdlib.failwith in file "stdlib.ml", line 29, characters 17-33
Called from Dilemma__Engine.proof_auto in file "lib/engine.ml", line 284, characters 8-69
Called from Dune__exe__Main.main in file "bin/main.ml", line 24, characters 12-79
