Enter the definition file path (1/2) : 
> Enter the definition file path (2/2) : 
> Choose the proof type :
1) Interactive Mode 	 2) Auto Mode
Enter the goal : =================================================
Progress: 1


No conjecture
>>> assert forall (lst:bool list), main (lst) = mainNew (lst)(rank : 0.)


1st goal of : forall (bool_list1:bool list), main (bool_list1) = mainNew (bool_list1)

---------------------------------------
forall (bool_list1:bool list), main (bool_list1) = mainNew (bool_list1)

0 goal(s) more...

0 conjecture(s) more...
Tactic List : 1
simpl in goal(rank:3.)
=================================================
Progress: 2


1st goal of : forall (bool_list1:bool list), main (bool_list1) = mainNew (bool_list1)

---------------------------------------
forall (bool_list1:bool list), main (bool_list1) = mainNew (bool_list1)

0 goal(s) more...

0 conjecture(s) more...
>>> simpl in goal(rank : 3.)


1st goal of : forall (bool_list1:bool list), main (bool_list1) = mainNew (bool_list1)

---------------------------------------
forall (bool_list1:bool list), singlepass (bool_list1) = match (tf6 (bool_list1)) with
| Tuple2 a _ -> a

0 goal(s) more...

0 conjecture(s) more...
Tactic List : 1
intro bool_list1(rank:3.)
=================================================
Progress: 3


1st goal of : forall (bool_list1:bool list), main (bool_list1) = mainNew (bool_list1)

---------------------------------------
forall (bool_list1:bool list), singlepass (bool_list1) = match (tf6 (bool_list1)) with
| Tuple2 a _ -> a

0 goal(s) more...

0 conjecture(s) more...
>>> intro bool_list1(rank : 3.)


1st goal of : forall (bool_list1:bool list), main (bool_list1) = mainNew (bool_list1)
bool_list1 : bool list
---------------------------------------
singlepass (bool_list1) = match (tf6 (bool_list1)) with
| Tuple2 a _ -> a

0 goal(s) more...

0 conjecture(s) more...
Tactic List : 0
validate generalize_common_subterm_goal
Prop: singlepass ((Nil)) = match (tf6 ((Nil))) with
| Tuple2 a _ -> a
Prop: singlepass ((true::(Nil))) = match (tf6 ((true::(Nil)))) with
| Tuple2 a _ -> a
Prop: singlepass ((Nil)) = match (tf6 ((Nil))) with
| Tuple2 a _ -> a
Lemma List
forall (bool_list1:bool list), singlepass (bool_list1) = match (tf6 (bool_list1)) with
| Tuple2 a _ -> a
End of Lemma List


1st goal of : forall (bool_list1:bool list), main (bool_list1) = mainNew (bool_list1)
bool_list1 : bool list
---------------------------------------
singlepass (bool_list1) = match (tf6 (bool_list1)) with
| Tuple2 a _ -> a

0 goal(s) more...

0 conjecture(s) more...
=================================================
Progress: 4


1st goal of : forall (bool_list1:bool list), main (bool_list1) = mainNew (bool_list1)
bool_list1 : bool list
---------------------------------------
singlepass (bool_list1) = match (tf6 (bool_list1)) with
| Tuple2 a _ -> a

0 goal(s) more...

0 conjecture(s) more...
>>> assert forall (bool_list1:bool list), singlepass (bool_list1) = match (tf6 (bool_list1)) with
| Tuple2 a _ -> a(rank : 0.)


1st goal of : forall (bool_list1:bool list), singlepass (bool_list1) = match (tf6 (bool_list1)) with
| Tuple2 a _ -> a

---------------------------------------
forall (bool_list1:bool list), singlepass (bool_list1) = match (tf6 (bool_list1)) with
| Tuple2 a _ -> a

0 goal(s) more...

1 conjecture(s) more...
Tactic List : 1
intro bool_list1(rank:5.)
=================================================
Progress: 5


1st goal of : forall (bool_list1:bool list), singlepass (bool_list1) = match (tf6 (bool_list1)) with
| Tuple2 a _ -> a

---------------------------------------
forall (bool_list1:bool list), singlepass (bool_list1) = match (tf6 (bool_list1)) with
| Tuple2 a _ -> a

0 goal(s) more...

1 conjecture(s) more...
>>> intro bool_list1(rank : 5.)


1st goal of : forall (bool_list1:bool list), singlepass (bool_list1) = match (tf6 (bool_list1)) with
| Tuple2 a _ -> a
bool_list1 : bool list
---------------------------------------
singlepass (bool_list1) = match (tf6 (bool_list1)) with
| Tuple2 a _ -> a

0 goal(s) more...

1 conjecture(s) more...
Tactic List : 0
validate generalize_common_subterm_goal
Prop: singlepass ((Nil)) = match (tf6 ((Nil))) with
| Tuple2 a _ -> a
Prop: singlepass ((Nil)) = match (tf6 ((Nil))) with
| Tuple2 a _ -> a
Prop: singlepass ((Nil)) = match (tf6 ((Nil))) with
| Tuple2 a _ -> a
Lemma List
forall (bool_list1:bool list), singlepass (bool_list1) = match (tf6 (bool_list1)) with
| Tuple2 a _ -> a
End of Lemma List


1st goal of : forall (bool_list1:bool list), singlepass (bool_list1) = match (tf6 (bool_list1)) with
| Tuple2 a _ -> a
bool_list1 : bool list
---------------------------------------
singlepass (bool_list1) = match (tf6 (bool_list1)) with
| Tuple2 a _ -> a

0 goal(s) more...

1 conjecture(s) more...
=================================================
Progress: 6


1st goal of : forall (bool_list1:bool list), singlepass (bool_list1) = match (tf6 (bool_list1)) with
| Tuple2 a _ -> a
bool_list1 : bool list
---------------------------------------
singlepass (bool_list1) = match (tf6 (bool_list1)) with
| Tuple2 a _ -> a

0 goal(s) more...

1 conjecture(s) more...
>>> assert forall (bool_list1:bool list), singlepass (bool_list1) = match (tf6 (bool_list1)) with
| Tuple2 a _ -> a(rank : 0.)


1st goal of : forall (bool_list1:bool list), singlepass (bool_list1) = match (tf6 (bool_list1)) with
| Tuple2 a _ -> a

---------------------------------------
forall (bool_list1:bool list), singlepass (bool_list1) = match (tf6 (bool_list1)) with
| Tuple2 a _ -> a

0 goal(s) more...

2 conjecture(s) more...
Tactic List : 1
intro bool_list1(rank:7.)
=================================================
Progress: 7


1st goal of : forall (bool_list1:bool list), singlepass (bool_list1) = match (tf6 (bool_list1)) with
| Tuple2 a _ -> a

---------------------------------------
forall (bool_list1:bool list), singlepass (bool_list1) = match (tf6 (bool_list1)) with
| Tuple2 a _ -> a

0 goal(s) more...

2 conjecture(s) more...
>>> intro bool_list1(rank : 7.)


1st goal of : forall (bool_list1:bool list), singlepass (bool_list1) = match (tf6 (bool_list1)) with
| Tuple2 a _ -> a
bool_list1 : bool list
---------------------------------------
singlepass (bool_list1) = match (tf6 (bool_list1)) with
| Tuple2 a _ -> a

0 goal(s) more...

2 conjecture(s) more...
Tactic List : 0
validate generalize_common_subterm_goal
Prop: singlepass ((true::(Nil))) = match (tf6 ((true::(Nil)))) with
| Tuple2 a _ -> a
Prop: singlepass ((Nil)) = match (tf6 ((Nil))) with
| Tuple2 a _ -> a
Prop: singlepass ((Nil)) = match (tf6 ((Nil))) with
| Tuple2 a _ -> a
Fatal error: exception Failure("worklist is empty")
Raised at Stdlib.failwith in file "stdlib.ml", line 29, characters 17-33
Called from Dilemma__Engine.proof_auto in file "lib/engine.ml", line 284, characters 8-69
Called from Dune__exe__Main.main in file "bin/main.ml", line 24, characters 12-79
