Enter the definition file path (1/2) : 
> Enter the definition file path (2/2) : 
> Choose the proof type :
1) Interactive Mode 	 2) Auto Mode
Enter the goal : =================================================
Progress: 1


No conjecture
>>> assert forall (lst:bool list), main (lst) = mainNew (lst)(rank : 0.)


1st goal of : forall (bool_list1:bool list), main (bool_list1) = mainNew (bool_list1)

---------------------------------------
forall (bool_list1:bool list), main (bool_list1) = mainNew (bool_list1)

0 goal(s) more...

0 conjecture(s) more...
Tactic List : 1
simpl in goal(rank:3.)
=================================================
Progress: 2


1st goal of : forall (bool_list1:bool list), main (bool_list1) = mainNew (bool_list1)

---------------------------------------
forall (bool_list1:bool list), main (bool_list1) = mainNew (bool_list1)

0 goal(s) more...

0 conjecture(s) more...
>>> simpl in goal(rank : 3.)


1st goal of : forall (bool_list1:bool list), main (bool_list1) = mainNew (bool_list1)

---------------------------------------
forall (bool_list1:bool list), tf4 (false) (tf1 (bool_list1) (bool_list1)) = match (tf6 (bool_list1)) with
| Tuple2 a _ -> a

0 goal(s) more...

0 conjecture(s) more...
Tactic List : 1
induction bool_list1(rank:4.)
=================================================
Progress: 3


1st goal of : forall (bool_list1:bool list), main (bool_list1) = mainNew (bool_list1)

---------------------------------------
forall (bool_list1:bool list), tf4 (false) (tf1 (bool_list1) (bool_list1)) = match (tf6 (bool_list1)) with
| Tuple2 a _ -> a

0 goal(s) more...

0 conjecture(s) more...
>>> induction bool_list1(rank : 4.)


1st goal of : forall (bool_list1:bool list), main (bool_list1) = mainNew (bool_list1)
bool_list1 : bool list
Base1 : bool_list1 = (Nil)
---------------------------------------
tf4 (false) (tf1 ((Nil)) ((Nil))) = match (tf6 ((Nil))) with
| Tuple2 a _ -> a

1 goal(s) more...

0 conjecture(s) more...
Tactic List : 1
reflexivity(rank:3.)
=================================================
Progress: 4


1st goal of : forall (bool_list1:bool list), main (bool_list1) = mainNew (bool_list1)
bool_list1 : bool list
Base1 : bool_list1 = (Nil)
---------------------------------------
tf4 (false) (tf1 ((Nil)) ((Nil))) = match (tf6 ((Nil))) with
| Tuple2 a _ -> a

1 goal(s) more...

0 conjecture(s) more...
>>> reflexivity(rank : 3.)


1st goal of : forall (bool_list1:bool list), main (bool_list1) = mainNew (bool_list1)
bool_list1 : bool list
bool1 : bool
bool_list2 : bool list
IH1 : tf4 (false) (tf1 (bool_list2) (bool_list2)) = match (tf6 (bool_list2)) with
| Tuple2 a _ -> a
Inductive1 : bool_list1 = (bool1::bool_list2)
---------------------------------------
tf4 (false) (tf1 ((bool1::bool_list2)) ((bool1::bool_list2))) = match (tf6 ((bool1::bool_list2))) with
| Tuple2 a _ -> a

0 goal(s) more...

0 conjecture(s) more...
Deduplication: 0
Tactic List : 1
simpl in goal(rank:3.)
=================================================
Progress: 5


1st goal of : forall (bool_list1:bool list), main (bool_list1) = mainNew (bool_list1)
bool_list1 : bool list
bool1 : bool
bool_list2 : bool list
IH1 : tf4 (false) (tf1 (bool_list2) (bool_list2)) = match (tf6 (bool_list2)) with
| Tuple2 a _ -> a
Inductive1 : bool_list1 = (bool1::bool_list2)
---------------------------------------
tf4 (false) (tf1 ((bool1::bool_list2)) ((bool1::bool_list2))) = match (tf6 ((bool1::bool_list2))) with
| Tuple2 a _ -> a

0 goal(s) more...

0 conjecture(s) more...
>>> simpl in goal(rank : 3.)


1st goal of : forall (bool_list1:bool list), main (bool_list1) = mainNew (bool_list1)
bool_list1 : bool list
bool1 : bool
bool_list2 : bool list
IH1 : tf4 (false) (tf1 (bool_list2) (bool_list2)) = match (tf6 (bool_list2)) with
| Tuple2 a _ -> a
Inductive1 : bool_list1 = (bool1::bool_list2)
---------------------------------------
tf4 (bool1) (tf1 (bool_list2) (bool_list2)) = if if bool1 then match (match (tf6 (bool_list2)) with
| Tuple2 _ b -> b) with
| true -> false
| false -> true else false then true else match (tf6 (bool_list2)) with
| Tuple2 a _ -> a

0 goal(s) more...

0 conjecture(s) more...
Tactic List : 2
case if bool1 then match (match (tf6 (bool_list2)) with
| Tuple2 _ b -> b) with
| true -> false
| false -> true else false(rank:4.)
rewrite <- IH1 in goal at 0(rank:11.)
=================================================
Progress: 6


1st goal of : forall (bool_list1:bool list), main (bool_list1) = mainNew (bool_list1)
bool_list1 : bool list
bool1 : bool
bool_list2 : bool list
IH1 : tf4 (false) (tf1 (bool_list2) (bool_list2)) = match (tf6 (bool_list2)) with
| Tuple2 a _ -> a
Inductive1 : bool_list1 = (bool1::bool_list2)
---------------------------------------
tf4 (bool1) (tf1 (bool_list2) (bool_list2)) = if if bool1 then match (match (tf6 (bool_list2)) with
| Tuple2 _ b -> b) with
| true -> false
| false -> true else false then true else match (tf6 (bool_list2)) with
| Tuple2 a _ -> a

0 goal(s) more...

0 conjecture(s) more...
>>> case if bool1 then match (match (tf6 (bool_list2)) with
| Tuple2 _ b -> b) with
| true -> false
| false -> true else false(rank : 4.)


1st goal of : forall (bool_list1:bool list), main (bool_list1) = mainNew (bool_list1)
bool_list1 : bool list
bool1 : bool
bool_list2 : bool list
IH1 : tf4 (false) (tf1 (bool_list2) (bool_list2)) = match (tf6 (bool_list2)) with
| Tuple2 a _ -> a
Inductive1 : bool_list1 = (bool1::bool_list2)
Case1 : if bool1 then match (match (tf6 (bool_list2)) with
| Tuple2 _ b -> b) with
| true -> false
| false -> true else false = true
---------------------------------------
tf4 (bool1) (tf1 (bool_list2) (bool_list2)) = true

1 goal(s) more...

0 conjecture(s) more...
Tactic List : 0
previous tactics
simpl in goal
case if bool1 then match (match (tf6 (bool_list2)) with
| Tuple2 _ b -> b) with
| true -> false
| false -> true else false
parent
tf4 (bool1) (tf1 (bool_list2) (bool_list2))
lower
tf4(_, tf1(bool_list2, bool_list2))
upper
_
remove upper
tf4(false(), tf1(bool_list2, bool_list2))
remove lower
tf4(false(), tf1(bool_list2, bool_list2))
remove upper
tf4(bool1, tf1(bool_list2, bool_list2))
remove lower
tf4(bool1, tf1(bool_list2, bool_list2))
remove upper
_
validate generalize_common_subterm_goal
Prop: tf4 (true) (tf1 ((Nil)) ((Nil))) = true
Prop: tf4 (true) (tf1 ((true::(Nil))) ((true::(Nil)))) = true
Prop: tf4 (true) (tf1 ((Nil)) ((Nil))) = true
Lemma List
forall (bool1:bool) (bool_list1:bool list), if bool1 then match (match (tf6 (bool_list1)) with
| Tuple2 _ b -> b) with
| true -> false
| false -> true else false = true -> tf4 (bool1) (tf1 (bool_list1) (bool_list1)) = true
End of Lemma List


1st goal of : forall (bool_list1:bool list), main (bool_list1) = mainNew (bool_list1)
bool_list1 : bool list
bool1 : bool
bool_list2 : bool list
IH1 : tf4 (false) (tf1 (bool_list2) (bool_list2)) = match (tf6 (bool_list2)) with
| Tuple2 a _ -> a
Inductive1 : bool_list1 = (bool1::bool_list2)
Case1 : if bool1 then match (match (tf6 (bool_list2)) with
| Tuple2 _ b -> b) with
| true -> false
| false -> true else false = true
---------------------------------------
tf4 (bool1) (tf1 (bool_list2) (bool_list2)) = true

1 goal(s) more...

0 conjecture(s) more...
=================================================
Progress: 7


1st goal of : forall (bool_list1:bool list), main (bool_list1) = mainNew (bool_list1)
bool_list1 : bool list
bool1 : bool
bool_list2 : bool list
IH1 : tf4 (false) (tf1 (bool_list2) (bool_list2)) = match (tf6 (bool_list2)) with
| Tuple2 a _ -> a
Inductive1 : bool_list1 = (bool1::bool_list2)
Case1 : if bool1 then match (match (tf6 (bool_list2)) with
| Tuple2 _ b -> b) with
| true -> false
| false -> true else false = true
---------------------------------------
tf4 (bool1) (tf1 (bool_list2) (bool_list2)) = true

1 goal(s) more...

0 conjecture(s) more...
>>> assert forall (bool1:bool) (bool_list1:bool list), if bool1 then match (match (tf6 (bool_list1)) with
| Tuple2 _ b -> b) with
| true -> false
| false -> true else false = true -> tf4 (bool1) (tf1 (bool_list1) (bool_list1)) = true(rank : 0.)


1st goal of : forall (bool1:bool) (bool_list1:bool list), if bool1 then match (match (tf6 (bool_list1)) with
| Tuple2 _ b -> b) with
| true -> false
| false -> true else false = true -> tf4 (bool1) (tf1 (bool_list1) (bool_list1)) = true

---------------------------------------
forall (bool1:bool) (bool_list1:bool list), if bool1 then match (match (tf6 (bool_list1)) with
| Tuple2 _ b -> b) with
| true -> false
| false -> true else false = true -> tf4 (bool1) (tf1 (bool_list1) (bool_list1)) = true

0 goal(s) more...

1 conjecture(s) more...
Tactic List : 1
intro bool1(rank:5.)
=================================================
Progress: 8


1st goal of : forall (bool1:bool) (bool_list1:bool list), if bool1 then match (match (tf6 (bool_list1)) with
| Tuple2 _ b -> b) with
| true -> false
| false -> true else false = true -> tf4 (bool1) (tf1 (bool_list1) (bool_list1)) = true

---------------------------------------
forall (bool1:bool) (bool_list1:bool list), if bool1 then match (match (tf6 (bool_list1)) with
| Tuple2 _ b -> b) with
| true -> false
| false -> true else false = true -> tf4 (bool1) (tf1 (bool_list1) (bool_list1)) = true

0 goal(s) more...

1 conjecture(s) more...
>>> intro bool1(rank : 5.)


1st goal of : forall (bool1:bool) (bool_list1:bool list), if bool1 then match (match (tf6 (bool_list1)) with
| Tuple2 _ b -> b) with
| true -> false
| false -> true else false = true -> tf4 (bool1) (tf1 (bool_list1) (bool_list1)) = true
bool1 : bool
---------------------------------------
forall (bool_list1:bool list), if bool1 then match (match (tf6 (bool_list1)) with
| Tuple2 _ b -> b) with
| true -> false
| false -> true else false = true -> tf4 (bool1) (tf1 (bool_list1) (bool_list1)) = true

0 goal(s) more...

1 conjecture(s) more...
Tactic List : 1
induction bool_list1(rank:6.)
=================================================
Progress: 9


1st goal of : forall (bool1:bool) (bool_list1:bool list), if bool1 then match (match (tf6 (bool_list1)) with
| Tuple2 _ b -> b) with
| true -> false
| false -> true else false = true -> tf4 (bool1) (tf1 (bool_list1) (bool_list1)) = true
bool1 : bool
---------------------------------------
forall (bool_list1:bool list), if bool1 then match (match (tf6 (bool_list1)) with
| Tuple2 _ b -> b) with
| true -> false
| false -> true else false = true -> tf4 (bool1) (tf1 (bool_list1) (bool_list1)) = true

0 goal(s) more...

1 conjecture(s) more...
>>> induction bool_list1(rank : 6.)


1st goal of : forall (bool1:bool) (bool_list1:bool list), if bool1 then match (match (tf6 (bool_list1)) with
| Tuple2 _ b -> b) with
| true -> false
| false -> true else false = true -> tf4 (bool1) (tf1 (bool_list1) (bool_list1)) = true
bool1 : bool
bool_list1 : bool list
Base1 : bool_list1 = (Nil)
---------------------------------------
if bool1 then match (match (tf6 ((Nil))) with
| Tuple2 _ b -> b) with
| true -> false
| false -> true else false = true -> tf4 (bool1) (tf1 ((Nil)) ((Nil))) = true

1 goal(s) more...

1 conjecture(s) more...
Tactic List : 1
simpl in goal(rank:6.)
=================================================
Progress: 10


1st goal of : forall (bool1:bool) (bool_list1:bool list), if bool1 then match (match (tf6 (bool_list1)) with
| Tuple2 _ b -> b) with
| true -> false
| false -> true else false = true -> tf4 (bool1) (tf1 (bool_list1) (bool_list1)) = true
bool1 : bool
bool_list1 : bool list
Base1 : bool_list1 = (Nil)
---------------------------------------
if bool1 then match (match (tf6 ((Nil))) with
| Tuple2 _ b -> b) with
| true -> false
| false -> true else false = true -> tf4 (bool1) (tf1 ((Nil)) ((Nil))) = true

1 goal(s) more...

1 conjecture(s) more...
>>> simpl in goal(rank : 6.)


1st goal of : forall (bool1:bool) (bool_list1:bool list), if bool1 then match (match (tf6 (bool_list1)) with
| Tuple2 _ b -> b) with
| true -> false
| false -> true else false = true -> tf4 (bool1) (tf1 (bool_list1) (bool_list1)) = true
bool1 : bool
bool_list1 : bool list
Base1 : bool_list1 = (Nil)
---------------------------------------
if bool1 then match (match (tf6 ((Nil))) with
| Tuple2 _ b -> b) with
| true -> false
| false -> true else false = true -> false = true

1 goal(s) more...

1 conjecture(s) more...
Tactic List : 1
intro Cond1(rank:6.)
=================================================
Progress: 11


1st goal of : forall (bool1:bool) (bool_list1:bool list), if bool1 then match (match (tf6 (bool_list1)) with
| Tuple2 _ b -> b) with
| true -> false
| false -> true else false = true -> tf4 (bool1) (tf1 (bool_list1) (bool_list1)) = true
bool1 : bool
bool_list1 : bool list
Base1 : bool_list1 = (Nil)
---------------------------------------
if bool1 then match (match (tf6 ((Nil))) with
| Tuple2 _ b -> b) with
| true -> false
| false -> true else false = true -> false = true

1 goal(s) more...

1 conjecture(s) more...
>>> intro Cond1(rank : 6.)


1st goal of : forall (bool1:bool) (bool_list1:bool list), if bool1 then match (match (tf6 (bool_list1)) with
| Tuple2 _ b -> b) with
| true -> false
| false -> true else false = true -> tf4 (bool1) (tf1 (bool_list1) (bool_list1)) = true
bool1 : bool
bool_list1 : bool list
Base1 : bool_list1 = (Nil)
Cond1 : if bool1 then match (match (tf6 ((Nil))) with
| Tuple2 _ b -> b) with
| true -> false
| false -> true else false = true
---------------------------------------
false = true

1 goal(s) more...

1 conjecture(s) more...
Tactic List : 0
previous tactics
simpl in goal
intro Cond1
=================================================
Progress: 12


1st goal of : forall (bool_list1:bool list), main (bool_list1) = mainNew (bool_list1)
bool_list1 : bool list
bool1 : bool
bool_list2 : bool list
IH1 : tf4 (false) (tf1 (bool_list2) (bool_list2)) = match (tf6 (bool_list2)) with
| Tuple2 a _ -> a
Inductive1 : bool_list1 = (bool1::bool_list2)
---------------------------------------
tf4 (bool1) (tf1 (bool_list2) (bool_list2)) = if if bool1 then match (match (tf6 (bool_list2)) with
| Tuple2 _ b -> b) with
| true -> false
| false -> true else false then true else match (tf6 (bool_list2)) with
| Tuple2 a _ -> a

0 goal(s) more...

0 conjecture(s) more...
>>> rewrite <- IH1 in goal at 0(rank : 11.)


1st goal of : forall (bool_list1:bool list), main (bool_list1) = mainNew (bool_list1)
bool_list1 : bool list
bool1 : bool
bool_list2 : bool list
IH1 : tf4 (false) (tf1 (bool_list2) (bool_list2)) = match (tf6 (bool_list2)) with
| Tuple2 a _ -> a
Inductive1 : bool_list1 = (bool1::bool_list2)
---------------------------------------
tf4 (bool1) (tf1 (bool_list2) (bool_list2)) = if if bool1 then match (match (tf6 (bool_list2)) with
| Tuple2 _ b -> b) with
| true -> false
| false -> true else false then true else tf4 (false) (tf1 (bool_list2) (bool_list2))

0 goal(s) more...

0 conjecture(s) more...
Tactic List : 0
previous tactics
simpl in goal
rewrite <- IH1 in goal at 0
validate generalize_common_subterm_goal
Prop: tf4 (false) (tf1 ((Nil)) ((Nil))) = if if false then match (match (tf6 ((Nil))) with
| Tuple2 _ b -> b) with
| true -> false
| false -> true else false then true else tf4 (false) (tf1 ((Nil)) ((Nil)))
Prop: tf4 (false) (tf1 ((true::(false::(Nil)))) ((true::(false::(Nil))))) = if if false then match (match (tf6 ((true::(false::(Nil))))) with
| Tuple2 _ b -> b) with
| true -> false
| false -> true else false then true else tf4 (false) (tf1 ((true::(false::(Nil)))) ((true::(false::(Nil)))))
Prop: tf4 (true) (tf1 ((Nil)) ((Nil))) = if if true then match (match (tf6 ((Nil))) with
| Tuple2 _ b -> b) with
| true -> false
| false -> true else false then true else tf4 (false) (tf1 ((Nil)) ((Nil)))
previous tactics
simpl in goal
parent
tf4 (bool1) (tf1 (bool_list2) (bool_list2))
lower
tf4(_, tf1(bool_list2, bool_list2))
upper
_
remove upper
tf4(false(), tf1(bool_list2, bool_list2))
remove lower
tf4(false(), tf1(bool_list2, bool_list2))
remove upper
tf4(bool1, tf1(bool_list2, bool_list2))
remove lower
tf4(bool1, tf1(bool_list2, bool_list2))
remove upper
_
validate generalize_common_subterm_goal
Prop: tf4 (false) (tf1 ((Nil)) ((Nil))) = if if false then match (match (tf6 ((Nil))) with
| Tuple2 _ b -> b) with
| true -> false
| false -> true else false then true else match (tf6 ((Nil))) with
| Tuple2 a _ -> a
Prop: tf4 (false) (tf1 ((Nil)) ((Nil))) = if if false then match (match (tf6 ((Nil))) with
| Tuple2 _ b -> b) with
| true -> false
| false -> true else false then true else match (tf6 ((Nil))) with
| Tuple2 a _ -> a
Prop: tf4 (true) (tf1 ((Nil)) ((Nil))) = if if true then match (match (tf6 ((Nil))) with
| Tuple2 _ b -> b) with
| true -> false
| false -> true else false then true else match (tf6 ((Nil))) with
| Tuple2 a _ -> a
Lemma List
forall (bool1:bool) (bool_list1:bool list), tf4 (bool1) (tf1 (bool_list1) (bool_list1)) = if if bool1 then match (match (tf6 (bool_list1)) with
| Tuple2 _ b -> b) with
| true -> false
| false -> true else false then true else match (tf6 (bool_list1)) with
| Tuple2 a _ -> a
End of Lemma List


1st goal of : forall (bool_list1:bool list), main (bool_list1) = mainNew (bool_list1)
bool_list1 : bool list
bool1 : bool
bool_list2 : bool list
IH1 : tf4 (false) (tf1 (bool_list2) (bool_list2)) = match (tf6 (bool_list2)) with
| Tuple2 a _ -> a
Inductive1 : bool_list1 = (bool1::bool_list2)
---------------------------------------
tf4 (bool1) (tf1 (bool_list2) (bool_list2)) = if if bool1 then match (match (tf6 (bool_list2)) with
| Tuple2 _ b -> b) with
| true -> false
| false -> true else false then true else match (tf6 (bool_list2)) with
| Tuple2 a _ -> a

0 goal(s) more...

0 conjecture(s) more...
Lemma List
forall (bool1:bool) (bool_list1:bool list), tf4 (bool1) (tf1 (bool_list1) (bool_list1)) = if if bool1 then match (match (tf6 (bool_list1)) with
| Tuple2 _ b -> b) with
| true -> false
| false -> true else false then true else tf4 (false) (tf1 (bool_list1) (bool_list1))
End of Lemma List


1st goal of : forall (bool_list1:bool list), main (bool_list1) = mainNew (bool_list1)
bool_list1 : bool list
bool1 : bool
bool_list2 : bool list
IH1 : tf4 (false) (tf1 (bool_list2) (bool_list2)) = match (tf6 (bool_list2)) with
| Tuple2 a _ -> a
Inductive1 : bool_list1 = (bool1::bool_list2)
---------------------------------------
tf4 (bool1) (tf1 (bool_list2) (bool_list2)) = if if bool1 then match (match (tf6 (bool_list2)) with
| Tuple2 _ b -> b) with
| true -> false
| false -> true else false then true else tf4 (false) (tf1 (bool_list2) (bool_list2))

0 goal(s) more...

0 conjecture(s) more...
=================================================
Progress: 13


1st goal of : forall (bool_list1:bool list), main (bool_list1) = mainNew (bool_list1)
bool_list1 : bool list
bool1 : bool
bool_list2 : bool list
IH1 : tf4 (false) (tf1 (bool_list2) (bool_list2)) = match (tf6 (bool_list2)) with
| Tuple2 a _ -> a
Inductive1 : bool_list1 = (bool1::bool_list2)
---------------------------------------
tf4 (bool1) (tf1 (bool_list2) (bool_list2)) = if if bool1 then match (match (tf6 (bool_list2)) with
| Tuple2 _ b -> b) with
| true -> false
| false -> true else false then true else match (tf6 (bool_list2)) with
| Tuple2 a _ -> a

0 goal(s) more...

0 conjecture(s) more...
>>> assert forall (bool1:bool) (bool_list1:bool list), tf4 (bool1) (tf1 (bool_list1) (bool_list1)) = if if bool1 then match (match (tf6 (bool_list1)) with
| Tuple2 _ b -> b) with
| true -> false
| false -> true else false then true else match (tf6 (bool_list1)) with
| Tuple2 a _ -> a(rank : 0.)


1st goal of : forall (bool1:bool) (bool_list1:bool list), tf4 (bool1) (tf1 (bool_list1) (bool_list1)) = if if bool1 then match (match (tf6 (bool_list1)) with
| Tuple2 _ b -> b) with
| true -> false
| false -> true else false then true else match (tf6 (bool_list1)) with
| Tuple2 a _ -> a

---------------------------------------
forall (bool1:bool) (bool_list1:bool list), tf4 (bool1) (tf1 (bool_list1) (bool_list1)) = if if bool1 then match (match (tf6 (bool_list1)) with
| Tuple2 _ b -> b) with
| true -> false
| false -> true else false then true else match (tf6 (bool_list1)) with
| Tuple2 a _ -> a

0 goal(s) more...

1 conjecture(s) more...
Tactic List : 1
intro bool1(rank:5.)
=================================================
Progress: 14


1st goal of : forall (bool_list1:bool list), main (bool_list1) = mainNew (bool_list1)
bool_list1 : bool list
bool1 : bool
bool_list2 : bool list
IH1 : tf4 (false) (tf1 (bool_list2) (bool_list2)) = match (tf6 (bool_list2)) with
| Tuple2 a _ -> a
Inductive1 : bool_list1 = (bool1::bool_list2)
---------------------------------------
tf4 (bool1) (tf1 (bool_list2) (bool_list2)) = if if bool1 then match (match (tf6 (bool_list2)) with
| Tuple2 _ b -> b) with
| true -> false
| false -> true else false then true else tf4 (false) (tf1 (bool_list2) (bool_list2))

0 goal(s) more...

0 conjecture(s) more...
>>> assert forall (bool1:bool) (bool_list1:bool list), tf4 (bool1) (tf1 (bool_list1) (bool_list1)) = if if bool1 then match (match (tf6 (bool_list1)) with
| Tuple2 _ b -> b) with
| true -> false
| false -> true else false then true else tf4 (false) (tf1 (bool_list1) (bool_list1))(rank : 0.)


1st goal of : forall (bool1:bool) (bool_list1:bool list), tf4 (bool1) (tf1 (bool_list1) (bool_list1)) = if if bool1 then match (match (tf6 (bool_list1)) with
| Tuple2 _ b -> b) with
| true -> false
| false -> true else false then true else tf4 (false) (tf1 (bool_list1) (bool_list1))

---------------------------------------
forall (bool1:bool) (bool_list1:bool list), tf4 (bool1) (tf1 (bool_list1) (bool_list1)) = if if bool1 then match (match (tf6 (bool_list1)) with
| Tuple2 _ b -> b) with
| true -> false
| false -> true else false then true else tf4 (false) (tf1 (bool_list1) (bool_list1))

0 goal(s) more...

1 conjecture(s) more...
Tactic List : 1
intro bool1(rank:5.)
=================================================
Progress: 15


1st goal of : forall (bool1:bool) (bool_list1:bool list), tf4 (bool1) (tf1 (bool_list1) (bool_list1)) = if if bool1 then match (match (tf6 (bool_list1)) with
| Tuple2 _ b -> b) with
| true -> false
| false -> true else false then true else match (tf6 (bool_list1)) with
| Tuple2 a _ -> a

---------------------------------------
forall (bool1:bool) (bool_list1:bool list), tf4 (bool1) (tf1 (bool_list1) (bool_list1)) = if if bool1 then match (match (tf6 (bool_list1)) with
| Tuple2 _ b -> b) with
| true -> false
| false -> true else false then true else match (tf6 (bool_list1)) with
| Tuple2 a _ -> a

0 goal(s) more...

1 conjecture(s) more...
>>> intro bool1(rank : 5.)


1st goal of : forall (bool1:bool) (bool_list1:bool list), tf4 (bool1) (tf1 (bool_list1) (bool_list1)) = if if bool1 then match (match (tf6 (bool_list1)) with
| Tuple2 _ b -> b) with
| true -> false
| false -> true else false then true else match (tf6 (bool_list1)) with
| Tuple2 a _ -> a
bool1 : bool
---------------------------------------
forall (bool_list1:bool list), tf4 (bool1) (tf1 (bool_list1) (bool_list1)) = if if bool1 then match (match (tf6 (bool_list1)) with
| Tuple2 _ b -> b) with
| true -> false
| false -> true else false then true else match (tf6 (bool_list1)) with
| Tuple2 a _ -> a

0 goal(s) more...

1 conjecture(s) more...
Tactic List : 1
induction bool_list1(rank:6.)
=================================================
Progress: 16


1st goal of : forall (bool1:bool) (bool_list1:bool list), tf4 (bool1) (tf1 (bool_list1) (bool_list1)) = if if bool1 then match (match (tf6 (bool_list1)) with
| Tuple2 _ b -> b) with
| true -> false
| false -> true else false then true else tf4 (false) (tf1 (bool_list1) (bool_list1))

---------------------------------------
forall (bool1:bool) (bool_list1:bool list), tf4 (bool1) (tf1 (bool_list1) (bool_list1)) = if if bool1 then match (match (tf6 (bool_list1)) with
| Tuple2 _ b -> b) with
| true -> false
| false -> true else false then true else tf4 (false) (tf1 (bool_list1) (bool_list1))

0 goal(s) more...

1 conjecture(s) more...
>>> intro bool1(rank : 5.)


1st goal of : forall (bool1:bool) (bool_list1:bool list), tf4 (bool1) (tf1 (bool_list1) (bool_list1)) = if if bool1 then match (match (tf6 (bool_list1)) with
| Tuple2 _ b -> b) with
| true -> false
| false -> true else false then true else tf4 (false) (tf1 (bool_list1) (bool_list1))
bool1 : bool
---------------------------------------
forall (bool_list1:bool list), tf4 (bool1) (tf1 (bool_list1) (bool_list1)) = if if bool1 then match (match (tf6 (bool_list1)) with
| Tuple2 _ b -> b) with
| true -> false
| false -> true else false then true else tf4 (false) (tf1 (bool_list1) (bool_list1))

0 goal(s) more...

1 conjecture(s) more...
Tactic List : 1
induction bool_list1(rank:6.)
=================================================
Progress: 17


1st goal of : forall (bool1:bool) (bool_list1:bool list), tf4 (bool1) (tf1 (bool_list1) (bool_list1)) = if if bool1 then match (match (tf6 (bool_list1)) with
| Tuple2 _ b -> b) with
| true -> false
| false -> true else false then true else match (tf6 (bool_list1)) with
| Tuple2 a _ -> a
bool1 : bool
---------------------------------------
forall (bool_list1:bool list), tf4 (bool1) (tf1 (bool_list1) (bool_list1)) = if if bool1 then match (match (tf6 (bool_list1)) with
| Tuple2 _ b -> b) with
| true -> false
| false -> true else false then true else match (tf6 (bool_list1)) with
| Tuple2 a _ -> a

0 goal(s) more...

1 conjecture(s) more...
>>> induction bool_list1(rank : 6.)


1st goal of : forall (bool1:bool) (bool_list1:bool list), tf4 (bool1) (tf1 (bool_list1) (bool_list1)) = if if bool1 then match (match (tf6 (bool_list1)) with
| Tuple2 _ b -> b) with
| true -> false
| false -> true else false then true else match (tf6 (bool_list1)) with
| Tuple2 a _ -> a
bool1 : bool
bool_list1 : bool list
Base1 : bool_list1 = (Nil)
---------------------------------------
tf4 (bool1) (tf1 ((Nil)) ((Nil))) = if if bool1 then match (match (tf6 ((Nil))) with
| Tuple2 _ b -> b) with
| true -> false
| false -> true else false then true else match (tf6 ((Nil))) with
| Tuple2 a _ -> a

1 goal(s) more...

1 conjecture(s) more...
Tactic List : 1
simpl in goal(rank:6.)
=================================================
Progress: 18


1st goal of : forall (bool1:bool) (bool_list1:bool list), tf4 (bool1) (tf1 (bool_list1) (bool_list1)) = if if bool1 then match (match (tf6 (bool_list1)) with
| Tuple2 _ b -> b) with
| true -> false
| false -> true else false then true else tf4 (false) (tf1 (bool_list1) (bool_list1))
bool1 : bool
---------------------------------------
forall (bool_list1:bool list), tf4 (bool1) (tf1 (bool_list1) (bool_list1)) = if if bool1 then match (match (tf6 (bool_list1)) with
| Tuple2 _ b -> b) with
| true -> false
| false -> true else false then true else tf4 (false) (tf1 (bool_list1) (bool_list1))

0 goal(s) more...

1 conjecture(s) more...
>>> induction bool_list1(rank : 6.)


1st goal of : forall (bool1:bool) (bool_list1:bool list), tf4 (bool1) (tf1 (bool_list1) (bool_list1)) = if if bool1 then match (match (tf6 (bool_list1)) with
| Tuple2 _ b -> b) with
| true -> false
| false -> true else false then true else tf4 (false) (tf1 (bool_list1) (bool_list1))
bool1 : bool
bool_list1 : bool list
Base1 : bool_list1 = (Nil)
---------------------------------------
tf4 (bool1) (tf1 ((Nil)) ((Nil))) = if if bool1 then match (match (tf6 ((Nil))) with
| Tuple2 _ b -> b) with
| true -> false
| false -> true else false then true else tf4 (false) (tf1 ((Nil)) ((Nil)))

1 goal(s) more...

1 conjecture(s) more...
Tactic List : 1
simpl in goal(rank:6.)
=================================================
Progress: 19


1st goal of : forall (bool1:bool) (bool_list1:bool list), tf4 (bool1) (tf1 (bool_list1) (bool_list1)) = if if bool1 then match (match (tf6 (bool_list1)) with
| Tuple2 _ b -> b) with
| true -> false
| false -> true else false then true else match (tf6 (bool_list1)) with
| Tuple2 a _ -> a
bool1 : bool
bool_list1 : bool list
Base1 : bool_list1 = (Nil)
---------------------------------------
tf4 (bool1) (tf1 ((Nil)) ((Nil))) = if if bool1 then match (match (tf6 ((Nil))) with
| Tuple2 _ b -> b) with
| true -> false
| false -> true else false then true else match (tf6 ((Nil))) with
| Tuple2 a _ -> a

1 goal(s) more...

1 conjecture(s) more...
>>> simpl in goal(rank : 6.)


1st goal of : forall (bool1:bool) (bool_list1:bool list), tf4 (bool1) (tf1 (bool_list1) (bool_list1)) = if if bool1 then match (match (tf6 (bool_list1)) with
| Tuple2 _ b -> b) with
| true -> false
| false -> true else false then true else match (tf6 (bool_list1)) with
| Tuple2 a _ -> a
bool1 : bool
bool_list1 : bool list
Base1 : bool_list1 = (Nil)
---------------------------------------
false = if if bool1 then match (match (tf6 ((Nil))) with
| Tuple2 _ b -> b) with
| true -> false
| false -> true else false then true else match (tf6 ((Nil))) with
| Tuple2 a _ -> a

1 goal(s) more...

1 conjecture(s) more...
Tactic List : 0
previous tactics
simpl in goal
validate generalize_common_subterm_goal
Prop: false = if if true then match (match (tf6 ((Nil))) with
| Tuple2 _ b -> b) with
| true -> false
| false -> true else false then true else match (tf6 ((Nil))) with
| Tuple2 a _ -> a
Prop: false = if if true then match (match (tf6 ((Nil))) with
| Tuple2 _ b -> b) with
| true -> false
| false -> true else false then true else match (tf6 ((Nil))) with
| Tuple2 a _ -> a
Prop: false = if if true then match (match (tf6 ((Nil))) with
| Tuple2 _ b -> b) with
| true -> false
| false -> true else false then true else match (tf6 ((Nil))) with
| Tuple2 a _ -> a
Lemma List
forall (bool1:bool), false = if if bool1 then match (match (tf6 ((Nil))) with
| Tuple2 _ b -> b) with
| true -> false
| false -> true else false then true else match (tf6 ((Nil))) with
| Tuple2 a _ -> a
End of Lemma List


1st goal of : forall (bool1:bool) (bool_list1:bool list), tf4 (bool1) (tf1 (bool_list1) (bool_list1)) = if if bool1 then match (match (tf6 (bool_list1)) with
| Tuple2 _ b -> b) with
| true -> false
| false -> true else false then true else match (tf6 (bool_list1)) with
| Tuple2 a _ -> a
bool1 : bool
bool_list1 : bool list
Base1 : bool_list1 = (Nil)
---------------------------------------
false = if if bool1 then match (match (tf6 ((Nil))) with
| Tuple2 _ b -> b) with
| true -> false
| false -> true else false then true else match (tf6 ((Nil))) with
| Tuple2 a _ -> a

1 goal(s) more...

1 conjecture(s) more...
=================================================
Progress: 20


1st goal of : forall (bool1:bool) (bool_list1:bool list), tf4 (bool1) (tf1 (bool_list1) (bool_list1)) = if if bool1 then match (match (tf6 (bool_list1)) with
| Tuple2 _ b -> b) with
| true -> false
| false -> true else false then true else match (tf6 (bool_list1)) with
| Tuple2 a _ -> a
bool1 : bool
bool_list1 : bool list
Base1 : bool_list1 = (Nil)
---------------------------------------
false = if if bool1 then match (match (tf6 ((Nil))) with
| Tuple2 _ b -> b) with
| true -> false
| false -> true else false then true else match (tf6 ((Nil))) with
| Tuple2 a _ -> a

1 goal(s) more...

1 conjecture(s) more...
>>> assert forall (bool1:bool), false = if if bool1 then match (match (tf6 ((Nil))) with
| Tuple2 _ b -> b) with
| true -> false
| false -> true else false then true else match (tf6 ((Nil))) with
| Tuple2 a _ -> a(rank : 0.)


1st goal of : forall (bool1:bool), false = if if bool1 then match (match (tf6 ((Nil))) with
| Tuple2 _ b -> b) with
| true -> false
| false -> true else false then true else match (tf6 ((Nil))) with
| Tuple2 a _ -> a

---------------------------------------
forall (bool1:bool), false = if if bool1 then match (match (tf6 ((Nil))) with
| Tuple2 _ b -> b) with
| true -> false
| false -> true else false then true else match (tf6 ((Nil))) with
| Tuple2 a _ -> a

0 goal(s) more...

2 conjecture(s) more...
Tactic List : 1
intro bool1(rank:7.)
=================================================
Progress: 21


1st goal of : forall (bool1:bool) (bool_list1:bool list), tf4 (bool1) (tf1 (bool_list1) (bool_list1)) = if if bool1 then match (match (tf6 (bool_list1)) with
| Tuple2 _ b -> b) with
| true -> false
| false -> true else false then true else tf4 (false) (tf1 (bool_list1) (bool_list1))
bool1 : bool
bool_list1 : bool list
Base1 : bool_list1 = (Nil)
---------------------------------------
tf4 (bool1) (tf1 ((Nil)) ((Nil))) = if if bool1 then match (match (tf6 ((Nil))) with
| Tuple2 _ b -> b) with
| true -> false
| false -> true else false then true else tf4 (false) (tf1 ((Nil)) ((Nil)))

1 goal(s) more...

1 conjecture(s) more...
>>> simpl in goal(rank : 6.)


1st goal of : forall (bool1:bool) (bool_list1:bool list), tf4 (bool1) (tf1 (bool_list1) (bool_list1)) = if if bool1 then match (match (tf6 (bool_list1)) with
| Tuple2 _ b -> b) with
| true -> false
| false -> true else false then true else tf4 (false) (tf1 (bool_list1) (bool_list1))
bool1 : bool
bool_list1 : bool list
Base1 : bool_list1 = (Nil)
---------------------------------------
false = if if bool1 then match (match (tf6 ((Nil))) with
| Tuple2 _ b -> b) with
| true -> false
| false -> true else false then true else tf4 (false) (tf1 ((Nil)) ((Nil)))

1 goal(s) more...

1 conjecture(s) more...
Tactic List : 0
previous tactics
simpl in goal
validate generalize_common_subterm_goal
Prop: false = if if true then match (match (tf6 ((Nil))) with
| Tuple2 _ b -> b) with
| true -> false
| false -> true else false then true else tf4 (false) (tf1 ((Nil)) ((Nil)))
Prop: false = if if false then match (match (tf6 ((Nil))) with
| Tuple2 _ b -> b) with
| true -> false
| false -> true else false then true else tf4 (false) (tf1 ((Nil)) ((Nil)))
Prop: false = if if false then match (match (tf6 ((Nil))) with
| Tuple2 _ b -> b) with
| true -> false
| false -> true else false then true else tf4 (false) (tf1 ((Nil)) ((Nil)))
Lemma List
forall (bool1:bool), false = if if bool1 then match (match (tf6 ((Nil))) with
| Tuple2 _ b -> b) with
| true -> false
| false -> true else false then true else tf4 (false) (tf1 ((Nil)) ((Nil)))
End of Lemma List


1st goal of : forall (bool1:bool) (bool_list1:bool list), tf4 (bool1) (tf1 (bool_list1) (bool_list1)) = if if bool1 then match (match (tf6 (bool_list1)) with
| Tuple2 _ b -> b) with
| true -> false
| false -> true else false then true else tf4 (false) (tf1 (bool_list1) (bool_list1))
bool1 : bool
bool_list1 : bool list
Base1 : bool_list1 = (Nil)
---------------------------------------
false = if if bool1 then match (match (tf6 ((Nil))) with
| Tuple2 _ b -> b) with
| true -> false
| false -> true else false then true else tf4 (false) (tf1 ((Nil)) ((Nil)))

1 goal(s) more...

1 conjecture(s) more...
=================================================
Progress: 22


1st goal of : forall (bool1:bool) (bool_list1:bool list), tf4 (bool1) (tf1 (bool_list1) (bool_list1)) = if if bool1 then match (match (tf6 (bool_list1)) with
| Tuple2 _ b -> b) with
| true -> false
| false -> true else false then true else tf4 (false) (tf1 (bool_list1) (bool_list1))
bool1 : bool
bool_list1 : bool list
Base1 : bool_list1 = (Nil)
---------------------------------------
false = if if bool1 then match (match (tf6 ((Nil))) with
| Tuple2 _ b -> b) with
| true -> false
| false -> true else false then true else tf4 (false) (tf1 ((Nil)) ((Nil)))

1 goal(s) more...

1 conjecture(s) more...
>>> assert forall (bool1:bool), false = if if bool1 then match (match (tf6 ((Nil))) with
| Tuple2 _ b -> b) with
| true -> false
| false -> true else false then true else tf4 (false) (tf1 ((Nil)) ((Nil)))(rank : 0.)


1st goal of : forall (bool1:bool), false = if if bool1 then match (match (tf6 ((Nil))) with
| Tuple2 _ b -> b) with
| true -> false
| false -> true else false then true else tf4 (false) (tf1 ((Nil)) ((Nil)))

---------------------------------------
forall (bool1:bool), false = if if bool1 then match (match (tf6 ((Nil))) with
| Tuple2 _ b -> b) with
| true -> false
| false -> true else false then true else tf4 (false) (tf1 ((Nil)) ((Nil)))

0 goal(s) more...

2 conjecture(s) more...
Tactic List : 1
intro bool1(rank:7.)
=================================================
Progress: 23


1st goal of : forall (bool1:bool), false = if if bool1 then match (match (tf6 ((Nil))) with
| Tuple2 _ b -> b) with
| true -> false
| false -> true else false then true else match (tf6 ((Nil))) with
| Tuple2 a _ -> a

---------------------------------------
forall (bool1:bool), false = if if bool1 then match (match (tf6 ((Nil))) with
| Tuple2 _ b -> b) with
| true -> false
| false -> true else false then true else match (tf6 ((Nil))) with
| Tuple2 a _ -> a

0 goal(s) more...

2 conjecture(s) more...
>>> intro bool1(rank : 7.)


1st goal of : forall (bool1:bool), false = if if bool1 then match (match (tf6 ((Nil))) with
| Tuple2 _ b -> b) with
| true -> false
| false -> true else false then true else match (tf6 ((Nil))) with
| Tuple2 a _ -> a
bool1 : bool
---------------------------------------
false = if if bool1 then match (match (tf6 ((Nil))) with
| Tuple2 _ b -> b) with
| true -> false
| false -> true else false then true else match (tf6 ((Nil))) with
| Tuple2 a _ -> a

0 goal(s) more...

2 conjecture(s) more...
Tactic List : 0
validate generalize_common_subterm_goal
Prop: false = if if false then match (match (tf6 ((Nil))) with
| Tuple2 _ b -> b) with
| true -> false
| false -> true else false then true else match (tf6 ((Nil))) with
| Tuple2 a _ -> a
Prop: false = if if false then match (match (tf6 ((Nil))) with
| Tuple2 _ b -> b) with
| true -> false
| false -> true else false then true else match (tf6 ((Nil))) with
| Tuple2 a _ -> a
Prop: false = if if true then match (match (tf6 ((Nil))) with
| Tuple2 _ b -> b) with
| true -> false
| false -> true else false then true else match (tf6 ((Nil))) with
| Tuple2 a _ -> a
Lemma List
forall (bool1:bool), false = if if bool1 then match (match (tf6 ((Nil))) with
| Tuple2 _ b -> b) with
| true -> false
| false -> true else false then true else match (tf6 ((Nil))) with
| Tuple2 a _ -> a
End of Lemma List


1st goal of : forall (bool1:bool), false = if if bool1 then match (match (tf6 ((Nil))) with
| Tuple2 _ b -> b) with
| true -> false
| false -> true else false then true else match (tf6 ((Nil))) with
| Tuple2 a _ -> a
bool1 : bool
---------------------------------------
false = if if bool1 then match (match (tf6 ((Nil))) with
| Tuple2 _ b -> b) with
| true -> false
| false -> true else false then true else match (tf6 ((Nil))) with
| Tuple2 a _ -> a

0 goal(s) more...

2 conjecture(s) more...
=================================================
Progress: 24


1st goal of : forall (bool1:bool), false = if if bool1 then match (match (tf6 ((Nil))) with
| Tuple2 _ b -> b) with
| true -> false
| false -> true else false then true else match (tf6 ((Nil))) with
| Tuple2 a _ -> a
bool1 : bool
---------------------------------------
false = if if bool1 then match (match (tf6 ((Nil))) with
| Tuple2 _ b -> b) with
| true -> false
| false -> true else false then true else match (tf6 ((Nil))) with
| Tuple2 a _ -> a

0 goal(s) more...

2 conjecture(s) more...
>>> assert forall (bool1:bool), false = if if bool1 then match (match (tf6 ((Nil))) with
| Tuple2 _ b -> b) with
| true -> false
| false -> true else false then true else match (tf6 ((Nil))) with
| Tuple2 a _ -> a(rank : 0.)


1st goal of : forall (bool1:bool), false = if if bool1 then match (match (tf6 ((Nil))) with
| Tuple2 _ b -> b) with
| true -> false
| false -> true else false then true else match (tf6 ((Nil))) with
| Tuple2 a _ -> a

---------------------------------------
forall (bool1:bool), false = if if bool1 then match (match (tf6 ((Nil))) with
| Tuple2 _ b -> b) with
| true -> false
| false -> true else false then true else match (tf6 ((Nil))) with
| Tuple2 a _ -> a

0 goal(s) more...

3 conjecture(s) more...
Tactic List : 1
intro bool1(rank:9.)
=================================================
Progress: 25


1st goal of : forall (bool1:bool), false = if if bool1 then match (match (tf6 ((Nil))) with
| Tuple2 _ b -> b) with
| true -> false
| false -> true else false then true else tf4 (false) (tf1 ((Nil)) ((Nil)))

---------------------------------------
forall (bool1:bool), false = if if bool1 then match (match (tf6 ((Nil))) with
| Tuple2 _ b -> b) with
| true -> false
| false -> true else false then true else tf4 (false) (tf1 ((Nil)) ((Nil)))

0 goal(s) more...

2 conjecture(s) more...
>>> intro bool1(rank : 7.)


1st goal of : forall (bool1:bool), false = if if bool1 then match (match (tf6 ((Nil))) with
| Tuple2 _ b -> b) with
| true -> false
| false -> true else false then true else tf4 (false) (tf1 ((Nil)) ((Nil)))
bool1 : bool
---------------------------------------
false = if if bool1 then match (match (tf6 ((Nil))) with
| Tuple2 _ b -> b) with
| true -> false
| false -> true else false then true else tf4 (false) (tf1 ((Nil)) ((Nil)))

0 goal(s) more...

2 conjecture(s) more...
Tactic List : 0
validate generalize_common_subterm_goal
Prop: false = if if true then match (match (tf6 ((Nil))) with
| Tuple2 _ b -> b) with
| true -> false
| false -> true else false then true else tf4 (false) (tf1 ((Nil)) ((Nil)))
Prop: false = if if true then match (match (tf6 ((Nil))) with
| Tuple2 _ b -> b) with
| true -> false
| false -> true else false then true else tf4 (false) (tf1 ((Nil)) ((Nil)))
Prop: false = if if false then match (match (tf6 ((Nil))) with
| Tuple2 _ b -> b) with
| true -> false
| false -> true else false then true else tf4 (false) (tf1 ((Nil)) ((Nil)))
Lemma List
forall (bool1:bool), false = if if bool1 then match (match (tf6 ((Nil))) with
| Tuple2 _ b -> b) with
| true -> false
| false -> true else false then true else tf4 (false) (tf1 ((Nil)) ((Nil)))
End of Lemma List


1st goal of : forall (bool1:bool), false = if if bool1 then match (match (tf6 ((Nil))) with
| Tuple2 _ b -> b) with
| true -> false
| false -> true else false then true else tf4 (false) (tf1 ((Nil)) ((Nil)))
bool1 : bool
---------------------------------------
false = if if bool1 then match (match (tf6 ((Nil))) with
| Tuple2 _ b -> b) with
| true -> false
| false -> true else false then true else tf4 (false) (tf1 ((Nil)) ((Nil)))

0 goal(s) more...

2 conjecture(s) more...
=================================================
Progress: 26


1st goal of : forall (bool1:bool), false = if if bool1 then match (match (tf6 ((Nil))) with
| Tuple2 _ b -> b) with
| true -> false
| false -> true else false then true else tf4 (false) (tf1 ((Nil)) ((Nil)))
bool1 : bool
---------------------------------------
false = if if bool1 then match (match (tf6 ((Nil))) with
| Tuple2 _ b -> b) with
| true -> false
| false -> true else false then true else tf4 (false) (tf1 ((Nil)) ((Nil)))

0 goal(s) more...

2 conjecture(s) more...
>>> assert forall (bool1:bool), false = if if bool1 then match (match (tf6 ((Nil))) with
| Tuple2 _ b -> b) with
| true -> false
| false -> true else false then true else tf4 (false) (tf1 ((Nil)) ((Nil)))(rank : 0.)


1st goal of : forall (bool1:bool), false = if if bool1 then match (match (tf6 ((Nil))) with
| Tuple2 _ b -> b) with
| true -> false
| false -> true else false then true else tf4 (false) (tf1 ((Nil)) ((Nil)))

---------------------------------------
forall (bool1:bool), false = if if bool1 then match (match (tf6 ((Nil))) with
| Tuple2 _ b -> b) with
| true -> false
| false -> true else false then true else tf4 (false) (tf1 ((Nil)) ((Nil)))

0 goal(s) more...

3 conjecture(s) more...
Tactic List : 1
intro bool1(rank:9.)
=================================================
Progress: 27


1st goal of : forall (bool1:bool), false = if if bool1 then match (match (tf6 ((Nil))) with
| Tuple2 _ b -> b) with
| true -> false
| false -> true else false then true else match (tf6 ((Nil))) with
| Tuple2 a _ -> a

---------------------------------------
forall (bool1:bool), false = if if bool1 then match (match (tf6 ((Nil))) with
| Tuple2 _ b -> b) with
| true -> false
| false -> true else false then true else match (tf6 ((Nil))) with
| Tuple2 a _ -> a

0 goal(s) more...

3 conjecture(s) more...
>>> intro bool1(rank : 9.)


1st goal of : forall (bool1:bool), false = if if bool1 then match (match (tf6 ((Nil))) with
| Tuple2 _ b -> b) with
| true -> false
| false -> true else false then true else match (tf6 ((Nil))) with
| Tuple2 a _ -> a
bool1 : bool
---------------------------------------
false = if if bool1 then match (match (tf6 ((Nil))) with
| Tuple2 _ b -> b) with
| true -> false
| false -> true else false then true else match (tf6 ((Nil))) with
| Tuple2 a _ -> a

0 goal(s) more...

3 conjecture(s) more...
Tactic List : 0
validate generalize_common_subterm_goal
Prop: false = if if false then match (match (tf6 ((Nil))) with
| Tuple2 _ b -> b) with
| true -> false
| false -> true else false then true else match (tf6 ((Nil))) with
| Tuple2 a _ -> a
Prop: false = if if true then match (match (tf6 ((Nil))) with
| Tuple2 _ b -> b) with
| true -> false
| false -> true else false then true else match (tf6 ((Nil))) with
| Tuple2 a _ -> a
Prop: false = if if false then match (match (tf6 ((Nil))) with
| Tuple2 _ b -> b) with
| true -> false
| false -> true else false then true else match (tf6 ((Nil))) with
| Tuple2 a _ -> a
=================================================
Progress: 28


1st goal of : forall (bool1:bool), false = if if bool1 then match (match (tf6 ((Nil))) with
| Tuple2 _ b -> b) with
| true -> false
| false -> true else false then true else tf4 (false) (tf1 ((Nil)) ((Nil)))

---------------------------------------
forall (bool1:bool), false = if if bool1 then match (match (tf6 ((Nil))) with
| Tuple2 _ b -> b) with
| true -> false
| false -> true else false then true else tf4 (false) (tf1 ((Nil)) ((Nil)))

0 goal(s) more...

3 conjecture(s) more...
>>> intro bool1(rank : 9.)


1st goal of : forall (bool1:bool), false = if if bool1 then match (match (tf6 ((Nil))) with
| Tuple2 _ b -> b) with
| true -> false
| false -> true else false then true else tf4 (false) (tf1 ((Nil)) ((Nil)))
bool1 : bool
---------------------------------------
false = if if bool1 then match (match (tf6 ((Nil))) with
| Tuple2 _ b -> b) with
| true -> false
| false -> true else false then true else tf4 (false) (tf1 ((Nil)) ((Nil)))

0 goal(s) more...

3 conjecture(s) more...
Tactic List : 0
validate generalize_common_subterm_goal
Prop: false = if if false then match (match (tf6 ((Nil))) with
| Tuple2 _ b -> b) with
| true -> false
| false -> true else false then true else tf4 (false) (tf1 ((Nil)) ((Nil)))
Prop: false = if if false then match (match (tf6 ((Nil))) with
| Tuple2 _ b -> b) with
| true -> false
| false -> true else false then true else tf4 (false) (tf1 ((Nil)) ((Nil)))
Prop: false = if if false then match (match (tf6 ((Nil))) with
| Tuple2 _ b -> b) with
| true -> false
| false -> true else false then true else tf4 (false) (tf1 ((Nil)) ((Nil)))
Fatal error: exception Failure("worklist is empty")
Raised at Stdlib.failwith in file "stdlib.ml", line 29, characters 17-33
Called from Dilemma__Engine.proof_auto in file "lib/engine.ml", line 283, characters 8-69
Called from Dune__exe__Main.main in file "bin/main.ml", line 24, characters 12-79
