Enter the definition file path (1/2) : 
> Enter the definition file path (2/2) : 
> Choose the proof type :
1) Interactive Mode 	 2) Auto Mode
Enter the goal : =================================================
Progress: 1


No conjecture
>>> assert forall (lst:idlist), main (lst) = mainNew (lst)(rank : 0.)


1st goal of : forall (idlist1:idlist), main (idlist1) = mainNew (idlist1)

---------------------------------------
forall (idlist1:idlist), main (idlist1) = mainNew (idlist1)

0 goal(s) more...

0 conjecture(s) more...
Tactic List : 1
simpl in goal(rank:3.)
=================================================
Progress: 2


1st goal of : forall (idlist1:idlist), main (idlist1) = mainNew (idlist1)

---------------------------------------
forall (idlist1:idlist), main (idlist1) = mainNew (idlist1)

0 goal(s) more...

0 conjecture(s) more...
>>> simpl in goal(rank : 3.)


1st goal of : forall (idlist1:idlist), main (idlist1) = mainNew (idlist1)

---------------------------------------
forall (idlist1:idlist), tf4 (tf2 (idlist1)) = tf6 (idlist1)

0 goal(s) more...

0 conjecture(s) more...
Tactic List : 1
intro idlist1(rank:3.)
=================================================
Progress: 3


1st goal of : forall (idlist1:idlist), main (idlist1) = mainNew (idlist1)

---------------------------------------
forall (idlist1:idlist), tf4 (tf2 (idlist1)) = tf6 (idlist1)

0 goal(s) more...

0 conjecture(s) more...
>>> intro idlist1(rank : 3.)


1st goal of : forall (idlist1:idlist), main (idlist1) = mainNew (idlist1)
idlist1 : idlist
---------------------------------------
tf4 (tf2 (idlist1)) = tf6 (idlist1)

0 goal(s) more...

0 conjecture(s) more...
Tactic List : 0
validate generalize_common_subterm_goal
Prop: tf4 (tf2 (Inil)) = tf6 (Inil)
Prop: tf4 (tf2 (Inil)) = tf6 (Inil)
Prop: tf4 (tf2 (Inil)) = tf6 (Inil)
asdf
Fatal error: exception Failure("worklist is empty")
Raised at Stdlib.failwith in file "stdlib.ml", line 29, characters 17-33
Called from Dilemma__Engine.proof_auto in file "lib/engine.ml", line 284, characters 8-69
Called from Dune__exe__Main.main in file "bin/main.ml", line 24, characters 12-79
