Enter the definition file path (1/2) : 
> Enter the definition file path (2/2) : 
> Choose the proof type :
1) Interactive Mode 	 2) Auto Mode
Enter the goal : =================================================
Progress: 1


No conjecture
>>> assert forall (tr:tree), main (tr) = mainNew (tr)(rank : 0.)


1st goal of : forall (tree1:tree), main (tree1) = mainNew (tree1)

---------------------------------------
forall (tree1:tree), main (tree1) = mainNew (tree1)

0 goal(s) more...

0 conjecture(s) more...
Tactic List : 1
simpl in goal(rank:3.)
=================================================
Progress: 2


1st goal of : forall (tree1:tree), main (tree1) = mainNew (tree1)

---------------------------------------
forall (tree1:tree), main (tree1) = mainNew (tree1)

0 goal(s) more...

0 conjecture(s) more...
>>> simpl in goal(rank : 3.)


1st goal of : forall (tree1:tree), main (tree1) = mainNew (tree1)

---------------------------------------
forall (tree1:tree), tf5 (tf0 (tree1)) = match (tf6 (tree1)) with
| Tuple2 a _ -> a

0 goal(s) more...

0 conjecture(s) more...
Tactic List : 1
intro tree1(rank:3.)
=================================================
Progress: 3


1st goal of : forall (tree1:tree), main (tree1) = mainNew (tree1)

---------------------------------------
forall (tree1:tree), tf5 (tf0 (tree1)) = match (tf6 (tree1)) with
| Tuple2 a _ -> a

0 goal(s) more...

0 conjecture(s) more...
>>> intro tree1(rank : 3.)


1st goal of : forall (tree1:tree), main (tree1) = mainNew (tree1)
tree1 : tree
---------------------------------------
tf5 (tf0 (tree1)) = match (tf6 (tree1)) with
| Tuple2 a _ -> a

0 goal(s) more...

0 conjecture(s) more...
Tactic List : 0
validate generalize_common_subterm_goal
Prop: tf5 (tf0 (Tip (SUCC (SUCC (ZERO))))) = match (tf6 (Tip (SUCC (SUCC (ZERO))))) with
| Tuple2 a _ -> a
Prop: tf5 (tf0 (Bin (Tip (ZERO)) (Bin (Tip (ZERO)) (Tip (SUCC (ZERO)))))) = match (tf6 (Bin (Tip (ZERO)) (Bin (Tip (ZERO)) (Tip (SUCC (ZERO)))))) with
| Tuple2 a _ -> a
Prop: tf5 (tf0 (Tip (SUCC (ZERO)))) = match (tf6 (Tip (SUCC (ZERO)))) with
| Tuple2 a _ -> a
Lemma List
forall (tree1:tree), tf5 (tf0 (tree1)) = match (tf6 (tree1)) with
| Tuple2 a _ -> a
End of Lemma List


1st goal of : forall (tree1:tree), main (tree1) = mainNew (tree1)
tree1 : tree
---------------------------------------
tf5 (tf0 (tree1)) = match (tf6 (tree1)) with
| Tuple2 a _ -> a

0 goal(s) more...

0 conjecture(s) more...
=================================================
Progress: 4


1st goal of : forall (tree1:tree), main (tree1) = mainNew (tree1)
tree1 : tree
---------------------------------------
tf5 (tf0 (tree1)) = match (tf6 (tree1)) with
| Tuple2 a _ -> a

0 goal(s) more...

0 conjecture(s) more...
>>> assert forall (tree1:tree), tf5 (tf0 (tree1)) = match (tf6 (tree1)) with
| Tuple2 a _ -> a(rank : 0.)


1st goal of : forall (tree1:tree), tf5 (tf0 (tree1)) = match (tf6 (tree1)) with
| Tuple2 a _ -> a

---------------------------------------
forall (tree1:tree), tf5 (tf0 (tree1)) = match (tf6 (tree1)) with
| Tuple2 a _ -> a

0 goal(s) more...

1 conjecture(s) more...
Tactic List : 1
intro tree1(rank:5.)
=================================================
Progress: 5


1st goal of : forall (tree1:tree), tf5 (tf0 (tree1)) = match (tf6 (tree1)) with
| Tuple2 a _ -> a

---------------------------------------
forall (tree1:tree), tf5 (tf0 (tree1)) = match (tf6 (tree1)) with
| Tuple2 a _ -> a

0 goal(s) more...

1 conjecture(s) more...
>>> intro tree1(rank : 5.)


1st goal of : forall (tree1:tree), tf5 (tf0 (tree1)) = match (tf6 (tree1)) with
| Tuple2 a _ -> a
tree1 : tree
---------------------------------------
tf5 (tf0 (tree1)) = match (tf6 (tree1)) with
| Tuple2 a _ -> a

0 goal(s) more...

1 conjecture(s) more...
Tactic List : 0
validate generalize_common_subterm_goal
Prop: tf5 (tf0 (Tip (SUCC (ZERO)))) = match (tf6 (Tip (SUCC (ZERO)))) with
| Tuple2 a _ -> a
Prop: tf5 (tf0 (Bin (Tip (ZERO)) (Tip (ZERO)))) = match (tf6 (Bin (Tip (ZERO)) (Tip (ZERO)))) with
| Tuple2 a _ -> a
Prop: tf5 (tf0 (Tip (ZERO))) = match (tf6 (Tip (ZERO))) with
| Tuple2 a _ -> a
Lemma List
forall (tree1:tree), tf5 (tf0 (tree1)) = match (tf6 (tree1)) with
| Tuple2 a _ -> a
End of Lemma List


1st goal of : forall (tree1:tree), tf5 (tf0 (tree1)) = match (tf6 (tree1)) with
| Tuple2 a _ -> a
tree1 : tree
---------------------------------------
tf5 (tf0 (tree1)) = match (tf6 (tree1)) with
| Tuple2 a _ -> a

0 goal(s) more...

1 conjecture(s) more...
=================================================
Progress: 6


1st goal of : forall (tree1:tree), tf5 (tf0 (tree1)) = match (tf6 (tree1)) with
| Tuple2 a _ -> a
tree1 : tree
---------------------------------------
tf5 (tf0 (tree1)) = match (tf6 (tree1)) with
| Tuple2 a _ -> a

0 goal(s) more...

1 conjecture(s) more...
>>> assert forall (tree1:tree), tf5 (tf0 (tree1)) = match (tf6 (tree1)) with
| Tuple2 a _ -> a(rank : 0.)


1st goal of : forall (tree1:tree), tf5 (tf0 (tree1)) = match (tf6 (tree1)) with
| Tuple2 a _ -> a

---------------------------------------
forall (tree1:tree), tf5 (tf0 (tree1)) = match (tf6 (tree1)) with
| Tuple2 a _ -> a

0 goal(s) more...

2 conjecture(s) more...
Tactic List : 1
intro tree1(rank:7.)
=================================================
Progress: 7


1st goal of : forall (tree1:tree), tf5 (tf0 (tree1)) = match (tf6 (tree1)) with
| Tuple2 a _ -> a

---------------------------------------
forall (tree1:tree), tf5 (tf0 (tree1)) = match (tf6 (tree1)) with
| Tuple2 a _ -> a

0 goal(s) more...

2 conjecture(s) more...
>>> intro tree1(rank : 7.)


1st goal of : forall (tree1:tree), tf5 (tf0 (tree1)) = match (tf6 (tree1)) with
| Tuple2 a _ -> a
tree1 : tree
---------------------------------------
tf5 (tf0 (tree1)) = match (tf6 (tree1)) with
| Tuple2 a _ -> a

0 goal(s) more...

2 conjecture(s) more...
Tactic List : 0
validate generalize_common_subterm_goal
Prop: tf5 (tf0 (Bin (Tip (ZERO)) (Tip (ZERO)))) = match (tf6 (Bin (Tip (ZERO)) (Tip (ZERO)))) with
| Tuple2 a _ -> a
Prop: tf5 (tf0 (Bin (Bin (Bin (Tip (SUCC (ZERO))) (Tip (ZERO))) (Tip (ZERO))) (Tip (SUCC (ZERO))))) = match (tf6 (Bin (Bin (Bin (Tip (SUCC (ZERO))) (Tip (ZERO))) (Tip (ZERO))) (Tip (SUCC (ZERO))))) with
| Tuple2 a _ -> a
Prop: tf5 (tf0 (Bin (Tip (ZERO)) (Bin (Tip (ZERO)) (Tip (ZERO))))) = match (tf6 (Bin (Tip (ZERO)) (Bin (Tip (ZERO)) (Tip (ZERO))))) with
| Tuple2 a _ -> a
Fatal error: exception Failure("worklist is empty")
Raised at Stdlib.failwith in file "stdlib.ml", line 29, characters 17-33
Called from Dilemma__Engine.proof_auto in file "lib/engine.ml", line 284, characters 8-69
Called from Dune__exe__Main.main in file "bin/main.ml", line 24, characters 12-79
