Enter the definition file path (1/2) : 
> Enter the definition file path (2/2) : 
> Choose the proof type :
1) Interactive Mode 	 2) Auto Mode
Enter the goal : =================================================
Progress: 1


No conjecture
>>> assert forall (tr:tree), main (tr) = mainNew (tr)(rank : 0.)


1st goal of : forall (tree1:tree), main (tree1) = mainNew (tree1)

---------------------------------------
forall (tree1:tree), main (tree1) = mainNew (tree1)

0 goal(s) more...

0 conjecture(s) more...
Tactic List : 1
simpl in goal(rank:3.)
=================================================
Progress: 2


1st goal of : forall (tree1:tree), main (tree1) = mainNew (tree1)

---------------------------------------
forall (tree1:tree), main (tree1) = mainNew (tree1)

0 goal(s) more...

0 conjecture(s) more...
>>> simpl in goal(rank : 3.)


1st goal of : forall (tree1:tree), main (tree1) = mainNew (tree1)

---------------------------------------
forall (tree1:tree), match (tf1 (repr (tree1))) with
| Tuple2 _ b -> b = match (reprNew (tree1)) with
| Tuple2 a _ -> a

0 goal(s) more...

0 conjecture(s) more...
Tactic List : 1
intro tree1(rank:3.)
=================================================
Progress: 3


1st goal of : forall (tree1:tree), main (tree1) = mainNew (tree1)

---------------------------------------
forall (tree1:tree), match (tf1 (repr (tree1))) with
| Tuple2 _ b -> b = match (reprNew (tree1)) with
| Tuple2 a _ -> a

0 goal(s) more...

0 conjecture(s) more...
>>> intro tree1(rank : 3.)


1st goal of : forall (tree1:tree), main (tree1) = mainNew (tree1)
tree1 : tree
---------------------------------------
match (tf1 (repr (tree1))) with
| Tuple2 _ b -> b = match (reprNew (tree1)) with
| Tuple2 a _ -> a

0 goal(s) more...

0 conjecture(s) more...
Tactic List : 2
case reprNew (tree1)(rank:3.)
case tf1 (repr (tree1))(rank:3.)
=================================================
Progress: 4


1st goal of : forall (tree1:tree), main (tree1) = mainNew (tree1)
tree1 : tree
---------------------------------------
match (tf1 (repr (tree1))) with
| Tuple2 _ b -> b = match (reprNew (tree1)) with
| Tuple2 a _ -> a

0 goal(s) more...

0 conjecture(s) more...
>>> case reprNew (tree1)(rank : 3.)


1st goal of : forall (tree1:tree), main (tree1) = mainNew (tree1)
tree1 : tree
Case1 : reprNew (tree1) = Tuple2 (bool1) (bool2)
---------------------------------------
match (tf1 (repr (tree1))) with
| Tuple2 _ b -> b = bool1

0 goal(s) more...

0 conjecture(s) more...
Tactic List : 0
validate generalize_common_subterm_goal
Prop: match (tf1 (repr (Leaf (ZERO)))) with
| Tuple2 _ b -> b = true
Prop: match (tf1 (repr (Leaf (SUCC (ZERO))))) with
| Tuple2 _ b -> b = true
Prop: match (tf1 (repr (Leaf (ZERO)))) with
| Tuple2 _ b -> b = false
asdf
=================================================
Progress: 5


1st goal of : forall (tree1:tree), main (tree1) = mainNew (tree1)
tree1 : tree
---------------------------------------
match (tf1 (repr (tree1))) with
| Tuple2 _ b -> b = match (reprNew (tree1)) with
| Tuple2 a _ -> a

0 goal(s) more...

0 conjecture(s) more...
>>> case tf1 (repr (tree1))(rank : 3.)


1st goal of : forall (tree1:tree), main (tree1) = mainNew (tree1)
tree1 : tree
Case1 : tf1 (repr (tree1)) = Tuple2 (nat1) (nat2)
---------------------------------------
nat2 = match (reprNew (tree1)) with
| Tuple2 a _ -> a

0 goal(s) more...

0 conjecture(s) more...
Tactic List : 0
validate generalize_common_subterm_goal
Prop: ZERO = match (reprNew (Node (ZERO) (Node (ZERO) (Leaf (ZERO)) (Leaf (SUCC (ZERO)))) (Leaf (SUCC (ZERO))))) with
| Tuple2 a _ -> a
Prop: ZERO = match (reprNew (Leaf (ZERO))) with
| Tuple2 a _ -> a
Prop: ZERO = match (reprNew (Leaf (SUCC (ZERO)))) with
| Tuple2 a _ -> a
asdf
Fatal error: exception Failure("worklist is empty")
Raised at Stdlib.failwith in file "stdlib.ml", line 29, characters 17-33
Called from Dilemma__Engine.proof_auto in file "lib/engine.ml", line 284, characters 8-69
Called from Dune__exe__Main.main in file "bin/main.ml", line 24, characters 12-79
