Enter the definition file path (1/2) : 
> Enter the definition file path (2/2) : 
> Choose the proof type :
1) Interactive Mode 	 2) Auto Mode
Enter the goal : =================================================
Progress: 1


No conjecture
>>> assert forall (tr:tree), main (tr) = mainNew (tr)(rank : 0.)


1st goal of : forall (tree1:tree), main (tree1) = mainNew (tree1)

---------------------------------------
forall (tree1:tree), main (tree1) = mainNew (tree1)

0 goal(s) more...

0 conjecture(s) more...
Tactic List : 1
simpl in goal(rank:3.)
=================================================
Progress: 2


1st goal of : forall (tree1:tree), main (tree1) = mainNew (tree1)

---------------------------------------
forall (tree1:tree), main (tree1) = mainNew (tree1)

0 goal(s) more...

0 conjecture(s) more...
>>> simpl in goal(rank : 3.)


1st goal of : forall (tree1:tree), main (tree1) = mainNew (tree1)

---------------------------------------
forall (tree1:tree), if tf4 (tree1) then spec (repr (target (tree1))) else ZERO = if tf4 (tree1) then targetNew (tree1) else ZERO

0 goal(s) more...

0 conjecture(s) more...
Tactic List : 1
intro tree1(rank:3.)
=================================================
Progress: 3


1st goal of : forall (tree1:tree), main (tree1) = mainNew (tree1)

---------------------------------------
forall (tree1:tree), if tf4 (tree1) then spec (repr (target (tree1))) else ZERO = if tf4 (tree1) then targetNew (tree1) else ZERO

0 goal(s) more...

0 conjecture(s) more...
>>> intro tree1(rank : 3.)


1st goal of : forall (tree1:tree), main (tree1) = mainNew (tree1)
tree1 : tree
---------------------------------------
if tf4 (tree1) then spec (repr (target (tree1))) else ZERO = if tf4 (tree1) then targetNew (tree1) else ZERO

0 goal(s) more...

0 conjecture(s) more...
Tactic List : 1
case tf4 (tree1)(rank:4.)
=================================================
Progress: 4


1st goal of : forall (tree1:tree), main (tree1) = mainNew (tree1)
tree1 : tree
---------------------------------------
if tf4 (tree1) then spec (repr (target (tree1))) else ZERO = if tf4 (tree1) then targetNew (tree1) else ZERO

0 goal(s) more...

0 conjecture(s) more...
>>> case tf4 (tree1)(rank : 4.)


1st goal of : forall (tree1:tree), main (tree1) = mainNew (tree1)
tree1 : tree
Case1 : tf4 (tree1) = true
---------------------------------------
tf10 (tf8 (tf12 (tree1))) = tf14 (tree1)

1 goal(s) more...

0 conjecture(s) more...
