Enter the definition file path (1/2) : 
> Enter the definition file path (2/2) : 
> Choose the proof type :
1) Interactive Mode 	 2) Auto Mode
Enter the goal : =================================================
Progress: 1


No conjecture
>>> assert forall (tr:tree), main (tr) = mainNew (tr)(rank : 0.)


1st goal of : forall (tree1:tree), main (tree1) = mainNew (tree1)

---------------------------------------
forall (tree1:tree), main (tree1) = mainNew (tree1)

0 goal(s) more...

0 conjecture(s) more...
Tactic List : 1
simpl in goal(rank:3.)
=================================================
Progress: 2


1st goal of : forall (tree1:tree), main (tree1) = mainNew (tree1)

---------------------------------------
forall (tree1:tree), main (tree1) = mainNew (tree1)

0 goal(s) more...

0 conjecture(s) more...
>>> simpl in goal(rank : 3.)


1st goal of : forall (tree1:tree), main (tree1) = mainNew (tree1)

---------------------------------------
forall (tree1:tree), if tf4 (tree1) then tf6 (tf8 (tree1)) else Tuple2 (ZERO) (ZERO) = if tf4 (tree1) then Tuple2 (match (tf11 (tree1)) with
| Tuple2 a _ -> a) (match (tf11 (tree1)) with
| Tuple2 _ b -> b) else Tuple2 (ZERO) (ZERO)

0 goal(s) more...

0 conjecture(s) more...
Tactic List : 1
intro tree1(rank:3.)
=================================================
Progress: 3


1st goal of : forall (tree1:tree), main (tree1) = mainNew (tree1)

---------------------------------------
forall (tree1:tree), if tf4 (tree1) then tf6 (tf8 (tree1)) else Tuple2 (ZERO) (ZERO) = if tf4 (tree1) then Tuple2 (match (tf11 (tree1)) with
| Tuple2 a _ -> a) (match (tf11 (tree1)) with
| Tuple2 _ b -> b) else Tuple2 (ZERO) (ZERO)

0 goal(s) more...

0 conjecture(s) more...
>>> intro tree1(rank : 3.)


1st goal of : forall (tree1:tree), main (tree1) = mainNew (tree1)
tree1 : tree
---------------------------------------
if tf4 (tree1) then tf6 (tf8 (tree1)) else Tuple2 (ZERO) (ZERO) = if tf4 (tree1) then Tuple2 (match (tf11 (tree1)) with
| Tuple2 a _ -> a) (match (tf11 (tree1)) with
| Tuple2 _ b -> b) else Tuple2 (ZERO) (ZERO)

0 goal(s) more...

0 conjecture(s) more...
Tactic List : 1
case tf4 (tree1)(rank:4.)
=================================================
Progress: 4


1st goal of : forall (tree1:tree), main (tree1) = mainNew (tree1)
tree1 : tree
---------------------------------------
if tf4 (tree1) then tf6 (tf8 (tree1)) else Tuple2 (ZERO) (ZERO) = if tf4 (tree1) then Tuple2 (match (tf11 (tree1)) with
| Tuple2 a _ -> a) (match (tf11 (tree1)) with
| Tuple2 _ b -> b) else Tuple2 (ZERO) (ZERO)

0 goal(s) more...

0 conjecture(s) more...
>>> case tf4 (tree1)(rank : 4.)


1st goal of : forall (tree1:tree), main (tree1) = mainNew (tree1)
tree1 : tree
Case1 : tf4 (tree1) = true
---------------------------------------
tf6 (tf8 (tree1)) = Tuple2 (match (tf11 (tree1)) with
| Tuple2 a _ -> a) (match (tf11 (tree1)) with
| Tuple2 _ b -> b)

1 goal(s) more...

0 conjecture(s) more...
Tactic List : 0
validate generalize_common_subterm_goal
Prop: tf6 (tf8 (Leaf (ZERO))) = Tuple2 (match (tf11 (Leaf (ZERO))) with
| Tuple2 a _ -> a) (match (tf11 (Leaf (ZERO))) with
| Tuple2 _ b -> b)
Prop: tf6 (tf8 (Node (ZERO) (Node (ZERO) (Leaf (ZERO)) (Leaf (ZERO))) (Leaf (ZERO)))) = Tuple2 (match (tf11 (Node (ZERO) (Node (ZERO) (Leaf (ZERO)) (Leaf (ZERO))) (Leaf (ZERO)))) with
| Tuple2 a _ -> a) (match (tf11 (Node (ZERO) (Node (ZERO) (Leaf (ZERO)) (Leaf (ZERO))) (Leaf (ZERO)))) with
| Tuple2 _ b -> b)
Prop: tf6 (tf8 (Leaf (ZERO))) = Tuple2 (match (tf11 (Leaf (ZERO))) with
| Tuple2 a _ -> a) (match (tf11 (Leaf (ZERO))) with
| Tuple2 _ b -> b)
asdf
Fatal error: exception Failure("worklist is empty")
Raised at Stdlib.failwith in file "stdlib.ml", line 29, characters 17-33
Called from Dilemma__Engine.proof_auto in file "lib/engine.ml", line 284, characters 8-69
Called from Dune__exe__Main.main in file "bin/main.ml", line 24, characters 12-79
