Enter the definition file path (1/2) : 
> Enter the definition file path (2/2) : 
> Choose the proof type :
1) Interactive Mode 	 2) Auto Mode
Enter the goal : =================================================
Progress: 1


No conjecture
>>> assert forall (tr:tree), main (tr) = mainNew (tr)(rank : 0.)


1st goal of : forall (tree1:tree), main (tree1) = mainNew (tree1)

---------------------------------------
forall (tree1:tree), main (tree1) = mainNew (tree1)

0 goal(s) more...

0 conjecture(s) more...
Tactic List : 1
simpl in goal(rank:3.)
=================================================
Progress: 2


1st goal of : forall (tree1:tree), main (tree1) = mainNew (tree1)

---------------------------------------
forall (tree1:tree), main (tree1) = mainNew (tree1)

0 goal(s) more...

0 conjecture(s) more...
>>> simpl in goal(rank : 3.)


1st goal of : forall (tree1:tree), main (tree1) = mainNew (tree1)

---------------------------------------
forall (tree1:tree), if isbst (tree1) then spec (match (tree1) with
| Leaf n -> Leaf (n)
| Node n l1 l2 -> Node (n) (l1) (l2)) else Tuple2 (ZERO) (ZERO) = if isbst (tree1) then Tuple2 (match (match (tree1) with
| Leaf n -> Tuple2 (n) (n)
| Node n l1 l2 -> Tuple2 (tmax (l2)) (tmin (l1))) with
| Tuple2 a _ -> a) (match (match (tree1) with
| Leaf n -> Tuple2 (n) (n)
| Node n l1 l2 -> Tuple2 (tmax (l2)) (tmin (l1))) with
| Tuple2 _ b -> b) else Tuple2 (ZERO) (ZERO)

0 goal(s) more...

0 conjecture(s) more...
Tactic List : 1
intro tree1(rank:3.)
=================================================
Progress: 3


1st goal of : forall (tree1:tree), main (tree1) = mainNew (tree1)

---------------------------------------
forall (tree1:tree), if isbst (tree1) then spec (match (tree1) with
| Leaf n -> Leaf (n)
| Node n l1 l2 -> Node (n) (l1) (l2)) else Tuple2 (ZERO) (ZERO) = if isbst (tree1) then Tuple2 (match (match (tree1) with
| Leaf n -> Tuple2 (n) (n)
| Node n l1 l2 -> Tuple2 (tmax (l2)) (tmin (l1))) with
| Tuple2 a _ -> a) (match (match (tree1) with
| Leaf n -> Tuple2 (n) (n)
| Node n l1 l2 -> Tuple2 (tmax (l2)) (tmin (l1))) with
| Tuple2 _ b -> b) else Tuple2 (ZERO) (ZERO)

0 goal(s) more...

0 conjecture(s) more...
>>> intro tree1(rank : 3.)


1st goal of : forall (tree1:tree), main (tree1) = mainNew (tree1)
tree1 : tree
---------------------------------------
if isbst (tree1) then spec (match (tree1) with
| Leaf n -> Leaf (n)
| Node n l1 l2 -> Node (n) (l1) (l2)) else Tuple2 (ZERO) (ZERO) = if isbst (tree1) then Tuple2 (match (match (tree1) with
| Leaf n -> Tuple2 (n) (n)
| Node n l1 l2 -> Tuple2 (tmax (l2)) (tmin (l1))) with
| Tuple2 a _ -> a) (match (match (tree1) with
| Leaf n -> Tuple2 (n) (n)
| Node n l1 l2 -> Tuple2 (tmax (l2)) (tmin (l1))) with
| Tuple2 _ b -> b) else Tuple2 (ZERO) (ZERO)

0 goal(s) more...

0 conjecture(s) more...
Tactic List : 1
case isbst (tree1)(rank:4.)
=================================================
Progress: 4


1st goal of : forall (tree1:tree), main (tree1) = mainNew (tree1)
tree1 : tree
---------------------------------------
if isbst (tree1) then spec (match (tree1) with
| Leaf n -> Leaf (n)
| Node n l1 l2 -> Node (n) (l1) (l2)) else Tuple2 (ZERO) (ZERO) = if isbst (tree1) then Tuple2 (match (match (tree1) with
| Leaf n -> Tuple2 (n) (n)
| Node n l1 l2 -> Tuple2 (tmax (l2)) (tmin (l1))) with
| Tuple2 a _ -> a) (match (match (tree1) with
| Leaf n -> Tuple2 (n) (n)
| Node n l1 l2 -> Tuple2 (tmax (l2)) (tmin (l1))) with
| Tuple2 _ b -> b) else Tuple2 (ZERO) (ZERO)

0 goal(s) more...

0 conjecture(s) more...
>>> case isbst (tree1)(rank : 4.)


1st goal of : forall (tree1:tree), main (tree1) = mainNew (tree1)
tree1 : tree
Case1 : isbst (tree1) = true
---------------------------------------
spec (match (tree1) with
| Leaf n -> Leaf (n)
| Node n l1 l2 -> Node (n) (l1) (l2)) = Tuple2 (match (match (tree1) with
| Leaf n -> Tuple2 (n) (n)
| Node n l1 l2 -> Tuple2 (tmax (l2)) (tmin (l1))) with
| Tuple2 a _ -> a) (match (match (tree1) with
| Leaf n -> Tuple2 (n) (n)
| Node n l1 l2 -> Tuple2 (tmax (l2)) (tmin (l1))) with
| Tuple2 _ b -> b)

1 goal(s) more...

0 conjecture(s) more...
Tactic List : 1
case match (tree1) with
| Leaf n -> Tuple2 (n) (n)
| Node n l1 l2 -> Tuple2 (tmax (l2)) (tmin (l1))(rank:4.)
=================================================
Progress: 5


1st goal of : forall (tree1:tree), main (tree1) = mainNew (tree1)
tree1 : tree
Case1 : isbst (tree1) = true
---------------------------------------
spec (match (tree1) with
| Leaf n -> Leaf (n)
| Node n l1 l2 -> Node (n) (l1) (l2)) = Tuple2 (match (match (tree1) with
| Leaf n -> Tuple2 (n) (n)
| Node n l1 l2 -> Tuple2 (tmax (l2)) (tmin (l1))) with
| Tuple2 a _ -> a) (match (match (tree1) with
| Leaf n -> Tuple2 (n) (n)
| Node n l1 l2 -> Tuple2 (tmax (l2)) (tmin (l1))) with
| Tuple2 _ b -> b)

1 goal(s) more...

0 conjecture(s) more...
>>> case match (tree1) with
| Leaf n -> Tuple2 (n) (n)
| Node n l1 l2 -> Tuple2 (tmax (l2)) (tmin (l1))(rank : 4.)


1st goal of : forall (tree1:tree), main (tree1) = mainNew (tree1)
tree1 : tree
Case1 : isbst (tree1) = true
nat1 : nat
nat2 : nat
Case2 : match (tree1) with
| Leaf n -> Tuple2 (n) (n)
| Node n l1 l2 -> Tuple2 (tmax (l2)) (tmin (l1)) = Tuple2 (nat1) (nat2)
---------------------------------------
spec (match (tree1) with
| Leaf n -> Leaf (n)
| Node n l1 l2 -> Node (n) (l1) (l2)) = Tuple2 (nat1) (nat2)

1 goal(s) more...

0 conjecture(s) more...
Tactic List : 1
rewrite <- Case2 in goal at 0(rank:4.)
=================================================
Progress: 6


1st goal of : forall (tree1:tree), main (tree1) = mainNew (tree1)
tree1 : tree
Case1 : isbst (tree1) = true
nat1 : nat
nat2 : nat
Case2 : match (tree1) with
| Leaf n -> Tuple2 (n) (n)
| Node n l1 l2 -> Tuple2 (tmax (l2)) (tmin (l1)) = Tuple2 (nat1) (nat2)
---------------------------------------
spec (match (tree1) with
| Leaf n -> Leaf (n)
| Node n l1 l2 -> Node (n) (l1) (l2)) = Tuple2 (nat1) (nat2)

1 goal(s) more...

0 conjecture(s) more...
>>> rewrite <- Case2 in goal at 0(rank : 4.)


1st goal of : forall (tree1:tree), main (tree1) = mainNew (tree1)
tree1 : tree
Case1 : isbst (tree1) = true
nat1 : nat
nat2 : nat
Case2 : match (tree1) with
| Leaf n -> Tuple2 (n) (n)
| Node n l1 l2 -> Tuple2 (tmax (l2)) (tmin (l1)) = Tuple2 (nat1) (nat2)
---------------------------------------
spec (match (tree1) with
| Leaf n -> Leaf (n)
| Node n l1 l2 -> Node (n) (l1) (l2)) = match (tree1) with
| Leaf n -> Tuple2 (n) (n)
| Node n l1 l2 -> Tuple2 (tmax (l2)) (tmin (l1))

1 goal(s) more...

0 conjecture(s) more...
Tactic List : 0
validate generalize_common_subterm_goal
Prop: spec (match (Leaf (SUCC (SUCC (ZERO)))) with
| Leaf n -> Leaf (n)
| Node n l1 l2 -> Node (n) (l1) (l2)) = match (Leaf (SUCC (SUCC (ZERO)))) with
| Leaf n -> Tuple2 (n) (n)
| Node n l1 l2 -> Tuple2 (tmax (l2)) (tmin (l1))
Prop: spec (match (Node (ZERO) (Node (ZERO) (Leaf (ZERO)) (Leaf (SUCC (ZERO)))) (Node (SUCC (ZERO)) (Leaf (ZERO)) (Leaf (SUCC (ZERO))))) with
| Leaf n -> Leaf (n)
| Node n l1 l2 -> Node (n) (l1) (l2)) = match (Node (ZERO) (Node (ZERO) (Leaf (ZERO)) (Leaf (SUCC (ZERO)))) (Node (SUCC (ZERO)) (Leaf (ZERO)) (Leaf (SUCC (ZERO))))) with
| Leaf n -> Tuple2 (n) (n)
| Node n l1 l2 -> Tuple2 (tmax (l2)) (tmin (l1))
Prop: spec (match (Node (SUCC (ZERO)) (Leaf (SUCC (ZERO))) (Node (SUCC (ZERO)) (Leaf (SUCC (ZERO))) (Node (SUCC (ZERO)) (Leaf (ZERO)) (Node (ZERO) (Node (ZERO) (Node (SUCC (SUCC (ZERO))) (Leaf (ZERO)) (Node (ZERO) (Node (SUCC (ZERO)) (Node (SUCC (SUCC (ZERO))) (Leaf (ZERO)) (Leaf (ZERO))) (Leaf (ZERO))) (Node (ZERO) (Leaf (ZERO)) (Node (ZERO) (Node (ZERO) (Node (ZERO) (Leaf (SUCC (SUCC (ZERO)))) (Node (SUCC (ZERO)) (Node (ZERO) (Leaf (ZERO)) (Leaf (ZERO))) (Node (SUCC (ZERO)) (Leaf (ZERO)) (Leaf (ZERO))))) (Leaf (SUCC (ZERO)))) (Node (ZERO) (Leaf (ZERO)) (Leaf (ZERO))))))) (Leaf (ZERO))) (Leaf (ZERO)))))) with
| Leaf n -> Leaf (n)
| Node n l1 l2 -> Node (n) (l1) (l2)) = match (Node (SUCC (ZERO)) (Leaf (SUCC (ZERO))) (Node (SUCC (ZERO)) (Leaf (SUCC (ZERO))) (Node (SUCC (ZERO)) (Leaf (ZERO)) (Node (ZERO) (Node (ZERO) (Node (SUCC (SUCC (ZERO))) (Leaf (ZERO)) (Node (ZERO) (Node (SUCC (ZERO)) (Node (SUCC (SUCC (ZERO))) (Leaf (ZERO)) (Leaf (ZERO))) (Leaf (ZERO))) (Node (ZERO) (Leaf (ZERO)) (Node (ZERO) (Node (ZERO) (Node (ZERO) (Leaf (SUCC (SUCC (ZERO)))) (Node (SUCC (ZERO)) (Node (ZERO) (Leaf (ZERO)) (Leaf (ZERO))) (Node (SUCC (ZERO)) (Leaf (ZERO)) (Leaf (ZERO))))) (Leaf (SUCC (ZERO)))) (Node (ZERO) (Leaf (ZERO)) (Leaf (ZERO))))))) (Leaf (ZERO))) (Leaf (ZERO)))))) with
| Leaf n -> Tuple2 (n) (n)
| Node n l1 l2 -> Tuple2 (tmax (l2)) (tmin (l1))
validate generalize_common_subterm_goal
Prop: spec (match (Leaf (ZERO)) with
| Leaf n -> Leaf (n)
| Node n l1 l2 -> Node (n) (l1) (l2)) = Tuple2 (ZERO) (ZERO)
Prop: spec (match (Leaf (ZERO)) with
| Leaf n -> Leaf (n)
| Node n l1 l2 -> Node (n) (l1) (l2)) = Tuple2 (ZERO) (ZERO)
Prop: spec (match (Node (ZERO) (Leaf (ZERO)) (Leaf (ZERO))) with
| Leaf n -> Leaf (n)
| Node n l1 l2 -> Node (n) (l1) (l2)) = Tuple2 (ZERO) (SUCC (ZERO))
Lemma List
forall (nat1:nat) (nat2:nat) (tree1:tree), isbst (tree1) = true->match (tree1) with
| Leaf n -> Tuple2 (n) (n)
| Node n l1 l2 -> Tuple2 (tmax (l2)) (tmin (l1)) = Tuple2 (nat1) (nat2) -> spec (match (tree1) with
| Leaf n -> Leaf (n)
| Node n l1 l2 -> Node (n) (l1) (l2)) = Tuple2 (nat1) (nat2)
End of Lemma List


1st goal of : forall (tree1:tree), main (tree1) = mainNew (tree1)
tree1 : tree
Case1 : isbst (tree1) = true
nat1 : nat
nat2 : nat
Case2 : match (tree1) with
| Leaf n -> Tuple2 (n) (n)
| Node n l1 l2 -> Tuple2 (tmax (l2)) (tmin (l1)) = Tuple2 (nat1) (nat2)
---------------------------------------
spec (match (tree1) with
| Leaf n -> Leaf (n)
| Node n l1 l2 -> Node (n) (l1) (l2)) = Tuple2 (nat1) (nat2)

1 goal(s) more...

0 conjecture(s) more...
Lemma List
forall (tree1:tree), isbst (tree1) = true -> spec (match (tree1) with
| Leaf n -> Leaf (n)
| Node n l1 l2 -> Node (n) (l1) (l2)) = match (tree1) with
| Leaf n -> Tuple2 (n) (n)
| Node n l1 l2 -> Tuple2 (tmax (l2)) (tmin (l1))
End of Lemma List


1st goal of : forall (tree1:tree), main (tree1) = mainNew (tree1)
tree1 : tree
Case1 : isbst (tree1) = true
nat1 : nat
nat2 : nat
Case2 : match (tree1) with
| Leaf n -> Tuple2 (n) (n)
| Node n l1 l2 -> Tuple2 (tmax (l2)) (tmin (l1)) = Tuple2 (nat1) (nat2)
---------------------------------------
spec (match (tree1) with
| Leaf n -> Leaf (n)
| Node n l1 l2 -> Node (n) (l1) (l2)) = match (tree1) with
| Leaf n -> Tuple2 (n) (n)
| Node n l1 l2 -> Tuple2 (tmax (l2)) (tmin (l1))

1 goal(s) more...

0 conjecture(s) more...
=================================================
Progress: 7


1st goal of : forall (tree1:tree), main (tree1) = mainNew (tree1)
tree1 : tree
Case1 : isbst (tree1) = true
nat1 : nat
nat2 : nat
Case2 : match (tree1) with
| Leaf n -> Tuple2 (n) (n)
| Node n l1 l2 -> Tuple2 (tmax (l2)) (tmin (l1)) = Tuple2 (nat1) (nat2)
---------------------------------------
spec (match (tree1) with
| Leaf n -> Leaf (n)
| Node n l1 l2 -> Node (n) (l1) (l2)) = Tuple2 (nat1) (nat2)

1 goal(s) more...

0 conjecture(s) more...
>>> assert forall (nat1:nat) (nat2:nat) (tree1:tree), isbst (tree1) = true->match (tree1) with
| Leaf n -> Tuple2 (n) (n)
| Node n l1 l2 -> Tuple2 (tmax (l2)) (tmin (l1)) = Tuple2 (nat1) (nat2) -> spec (match (tree1) with
| Leaf n -> Leaf (n)
| Node n l1 l2 -> Node (n) (l1) (l2)) = Tuple2 (nat1) (nat2)(rank : 0.)


1st goal of : forall (nat1:nat) (nat2:nat) (tree1:tree), isbst (tree1) = true->match (tree1) with
| Leaf n -> Tuple2 (n) (n)
| Node n l1 l2 -> Tuple2 (tmax (l2)) (tmin (l1)) = Tuple2 (nat1) (nat2) -> spec (match (tree1) with
| Leaf n -> Leaf (n)
| Node n l1 l2 -> Node (n) (l1) (l2)) = Tuple2 (nat1) (nat2)

---------------------------------------
forall (nat1:nat) (nat2:nat) (tree1:tree), isbst (tree1) = true->match (tree1) with
| Leaf n -> Tuple2 (n) (n)
| Node n l1 l2 -> Tuple2 (tmax (l2)) (tmin (l1)) = Tuple2 (nat1) (nat2) -> spec (match (tree1) with
| Leaf n -> Leaf (n)
| Node n l1 l2 -> Node (n) (l1) (l2)) = Tuple2 (nat1) (nat2)

0 goal(s) more...

1 conjecture(s) more...
Tactic List : 1
intro nat1(rank:9.)
=================================================
Progress: 8


1st goal of : forall (tree1:tree), main (tree1) = mainNew (tree1)
tree1 : tree
Case1 : isbst (tree1) = true
nat1 : nat
nat2 : nat
Case2 : match (tree1) with
| Leaf n -> Tuple2 (n) (n)
| Node n l1 l2 -> Tuple2 (tmax (l2)) (tmin (l1)) = Tuple2 (nat1) (nat2)
---------------------------------------
spec (match (tree1) with
| Leaf n -> Leaf (n)
| Node n l1 l2 -> Node (n) (l1) (l2)) = match (tree1) with
| Leaf n -> Tuple2 (n) (n)
| Node n l1 l2 -> Tuple2 (tmax (l2)) (tmin (l1))

1 goal(s) more...

0 conjecture(s) more...
>>> assert forall (tree1:tree), isbst (tree1) = true -> spec (match (tree1) with
| Leaf n -> Leaf (n)
| Node n l1 l2 -> Node (n) (l1) (l2)) = match (tree1) with
| Leaf n -> Tuple2 (n) (n)
| Node n l1 l2 -> Tuple2 (tmax (l2)) (tmin (l1))(rank : 0.)


1st goal of : forall (tree1:tree), isbst (tree1) = true -> spec (match (tree1) with
| Leaf n -> Leaf (n)
| Node n l1 l2 -> Node (n) (l1) (l2)) = match (tree1) with
| Leaf n -> Tuple2 (n) (n)
| Node n l1 l2 -> Tuple2 (tmax (l2)) (tmin (l1))

---------------------------------------
forall (tree1:tree), isbst (tree1) = true -> spec (match (tree1) with
| Leaf n -> Leaf (n)
| Node n l1 l2 -> Node (n) (l1) (l2)) = match (tree1) with
| Leaf n -> Tuple2 (n) (n)
| Node n l1 l2 -> Tuple2 (tmax (l2)) (tmin (l1))

0 goal(s) more...

1 conjecture(s) more...
Tactic List : 1
intro tree1(rank:5.)
=================================================
Progress: 9


1st goal of : forall (tree1:tree), isbst (tree1) = true -> spec (match (tree1) with
| Leaf n -> Leaf (n)
| Node n l1 l2 -> Node (n) (l1) (l2)) = match (tree1) with
| Leaf n -> Tuple2 (n) (n)
| Node n l1 l2 -> Tuple2 (tmax (l2)) (tmin (l1))

---------------------------------------
forall (tree1:tree), isbst (tree1) = true -> spec (match (tree1) with
| Leaf n -> Leaf (n)
| Node n l1 l2 -> Node (n) (l1) (l2)) = match (tree1) with
| Leaf n -> Tuple2 (n) (n)
| Node n l1 l2 -> Tuple2 (tmax (l2)) (tmin (l1))

0 goal(s) more...

1 conjecture(s) more...
>>> intro tree1(rank : 5.)


1st goal of : forall (tree1:tree), isbst (tree1) = true -> spec (match (tree1) with
| Leaf n -> Leaf (n)
| Node n l1 l2 -> Node (n) (l1) (l2)) = match (tree1) with
| Leaf n -> Tuple2 (n) (n)
| Node n l1 l2 -> Tuple2 (tmax (l2)) (tmin (l1))
tree1 : tree
---------------------------------------
isbst (tree1) = true -> spec (match (tree1) with
| Leaf n -> Leaf (n)
| Node n l1 l2 -> Node (n) (l1) (l2)) = match (tree1) with
| Leaf n -> Tuple2 (n) (n)
| Node n l1 l2 -> Tuple2 (tmax (l2)) (tmin (l1))

0 goal(s) more...

1 conjecture(s) more...
Tactic List : 1
intro Cond1(rank:5.)
=================================================
Progress: 10


1st goal of : forall (tree1:tree), isbst (tree1) = true -> spec (match (tree1) with
| Leaf n -> Leaf (n)
| Node n l1 l2 -> Node (n) (l1) (l2)) = match (tree1) with
| Leaf n -> Tuple2 (n) (n)
| Node n l1 l2 -> Tuple2 (tmax (l2)) (tmin (l1))
tree1 : tree
---------------------------------------
isbst (tree1) = true -> spec (match (tree1) with
| Leaf n -> Leaf (n)
| Node n l1 l2 -> Node (n) (l1) (l2)) = match (tree1) with
| Leaf n -> Tuple2 (n) (n)
| Node n l1 l2 -> Tuple2 (tmax (l2)) (tmin (l1))

0 goal(s) more...

1 conjecture(s) more...
>>> intro Cond1(rank : 5.)


1st goal of : forall (tree1:tree), isbst (tree1) = true -> spec (match (tree1) with
| Leaf n -> Leaf (n)
| Node n l1 l2 -> Node (n) (l1) (l2)) = match (tree1) with
| Leaf n -> Tuple2 (n) (n)
| Node n l1 l2 -> Tuple2 (tmax (l2)) (tmin (l1))
tree1 : tree
Cond1 : isbst (tree1) = true
---------------------------------------
spec (match (tree1) with
| Leaf n -> Leaf (n)
| Node n l1 l2 -> Node (n) (l1) (l2)) = match (tree1) with
| Leaf n -> Tuple2 (n) (n)
| Node n l1 l2 -> Tuple2 (tmax (l2)) (tmin (l1))

0 goal(s) more...

1 conjecture(s) more...
Tactic List : 0
validate generalize_common_subterm_goal
Prop: spec (match (Node (SUCC (SUCC (ZERO))) (Leaf (SUCC (ZERO))) (Leaf (ZERO))) with
| Leaf n -> Leaf (n)
| Node n l1 l2 -> Node (n) (l1) (l2)) = match (Node (SUCC (SUCC (ZERO))) (Leaf (SUCC (ZERO))) (Leaf (ZERO))) with
| Leaf n -> Tuple2 (n) (n)
| Node n l1 l2 -> Tuple2 (tmax (l2)) (tmin (l1))
Prop: spec (match (Leaf (ZERO)) with
| Leaf n -> Leaf (n)
| Node n l1 l2 -> Node (n) (l1) (l2)) = match (Leaf (ZERO)) with
| Leaf n -> Tuple2 (n) (n)
| Node n l1 l2 -> Tuple2 (tmax (l2)) (tmin (l1))
Prop: spec (match (Leaf (ZERO)) with
| Leaf n -> Leaf (n)
| Node n l1 l2 -> Node (n) (l1) (l2)) = match (Leaf (ZERO)) with
| Leaf n -> Tuple2 (n) (n)
| Node n l1 l2 -> Tuple2 (tmax (l2)) (tmin (l1))
Lemma List
forall (tree1:tree), isbst (tree1) = true -> spec (match (tree1) with
| Leaf n -> Leaf (n)
| Node n l1 l2 -> Node (n) (l1) (l2)) = match (tree1) with
| Leaf n -> Tuple2 (n) (n)
| Node n l1 l2 -> Tuple2 (tmax (l2)) (tmin (l1))
End of Lemma List


1st goal of : forall (tree1:tree), isbst (tree1) = true -> spec (match (tree1) with
| Leaf n -> Leaf (n)
| Node n l1 l2 -> Node (n) (l1) (l2)) = match (tree1) with
| Leaf n -> Tuple2 (n) (n)
| Node n l1 l2 -> Tuple2 (tmax (l2)) (tmin (l1))
tree1 : tree
Cond1 : isbst (tree1) = true
---------------------------------------
spec (match (tree1) with
| Leaf n -> Leaf (n)
| Node n l1 l2 -> Node (n) (l1) (l2)) = match (tree1) with
| Leaf n -> Tuple2 (n) (n)
| Node n l1 l2 -> Tuple2 (tmax (l2)) (tmin (l1))

0 goal(s) more...

1 conjecture(s) more...
=================================================
Progress: 11


1st goal of : forall (tree1:tree), isbst (tree1) = true -> spec (match (tree1) with
| Leaf n -> Leaf (n)
| Node n l1 l2 -> Node (n) (l1) (l2)) = match (tree1) with
| Leaf n -> Tuple2 (n) (n)
| Node n l1 l2 -> Tuple2 (tmax (l2)) (tmin (l1))
tree1 : tree
Cond1 : isbst (tree1) = true
---------------------------------------
spec (match (tree1) with
| Leaf n -> Leaf (n)
| Node n l1 l2 -> Node (n) (l1) (l2)) = match (tree1) with
| Leaf n -> Tuple2 (n) (n)
| Node n l1 l2 -> Tuple2 (tmax (l2)) (tmin (l1))

0 goal(s) more...

1 conjecture(s) more...
>>> assert forall (tree1:tree), isbst (tree1) = true -> spec (match (tree1) with
| Leaf n -> Leaf (n)
| Node n l1 l2 -> Node (n) (l1) (l2)) = match (tree1) with
| Leaf n -> Tuple2 (n) (n)
| Node n l1 l2 -> Tuple2 (tmax (l2)) (tmin (l1))(rank : 0.)


1st goal of : forall (tree1:tree), isbst (tree1) = true -> spec (match (tree1) with
| Leaf n -> Leaf (n)
| Node n l1 l2 -> Node (n) (l1) (l2)) = match (tree1) with
| Leaf n -> Tuple2 (n) (n)
| Node n l1 l2 -> Tuple2 (tmax (l2)) (tmin (l1))

---------------------------------------
forall (tree1:tree), isbst (tree1) = true -> spec (match (tree1) with
| Leaf n -> Leaf (n)
| Node n l1 l2 -> Node (n) (l1) (l2)) = match (tree1) with
| Leaf n -> Tuple2 (n) (n)
| Node n l1 l2 -> Tuple2 (tmax (l2)) (tmin (l1))

0 goal(s) more...

2 conjecture(s) more...
Tactic List : 1
intro tree1(rank:7.)
=================================================
Progress: 12


1st goal of : forall (tree1:tree), isbst (tree1) = true -> spec (match (tree1) with
| Leaf n -> Leaf (n)
| Node n l1 l2 -> Node (n) (l1) (l2)) = match (tree1) with
| Leaf n -> Tuple2 (n) (n)
| Node n l1 l2 -> Tuple2 (tmax (l2)) (tmin (l1))

---------------------------------------
forall (tree1:tree), isbst (tree1) = true -> spec (match (tree1) with
| Leaf n -> Leaf (n)
| Node n l1 l2 -> Node (n) (l1) (l2)) = match (tree1) with
| Leaf n -> Tuple2 (n) (n)
| Node n l1 l2 -> Tuple2 (tmax (l2)) (tmin (l1))

0 goal(s) more...

2 conjecture(s) more...
>>> intro tree1(rank : 7.)


1st goal of : forall (tree1:tree), isbst (tree1) = true -> spec (match (tree1) with
| Leaf n -> Leaf (n)
| Node n l1 l2 -> Node (n) (l1) (l2)) = match (tree1) with
| Leaf n -> Tuple2 (n) (n)
| Node n l1 l2 -> Tuple2 (tmax (l2)) (tmin (l1))
tree1 : tree
---------------------------------------
isbst (tree1) = true -> spec (match (tree1) with
| Leaf n -> Leaf (n)
| Node n l1 l2 -> Node (n) (l1) (l2)) = match (tree1) with
| Leaf n -> Tuple2 (n) (n)
| Node n l1 l2 -> Tuple2 (tmax (l2)) (tmin (l1))

0 goal(s) more...

2 conjecture(s) more...
Tactic List : 1
intro Cond1(rank:7.)
=================================================
Progress: 13


1st goal of : forall (tree1:tree), isbst (tree1) = true -> spec (match (tree1) with
| Leaf n -> Leaf (n)
| Node n l1 l2 -> Node (n) (l1) (l2)) = match (tree1) with
| Leaf n -> Tuple2 (n) (n)
| Node n l1 l2 -> Tuple2 (tmax (l2)) (tmin (l1))
tree1 : tree
---------------------------------------
isbst (tree1) = true -> spec (match (tree1) with
| Leaf n -> Leaf (n)
| Node n l1 l2 -> Node (n) (l1) (l2)) = match (tree1) with
| Leaf n -> Tuple2 (n) (n)
| Node n l1 l2 -> Tuple2 (tmax (l2)) (tmin (l1))

0 goal(s) more...

2 conjecture(s) more...
>>> intro Cond1(rank : 7.)


1st goal of : forall (tree1:tree), isbst (tree1) = true -> spec (match (tree1) with
| Leaf n -> Leaf (n)
| Node n l1 l2 -> Node (n) (l1) (l2)) = match (tree1) with
| Leaf n -> Tuple2 (n) (n)
| Node n l1 l2 -> Tuple2 (tmax (l2)) (tmin (l1))
tree1 : tree
Cond1 : isbst (tree1) = true
---------------------------------------
spec (match (tree1) with
| Leaf n -> Leaf (n)
| Node n l1 l2 -> Node (n) (l1) (l2)) = match (tree1) with
| Leaf n -> Tuple2 (n) (n)
| Node n l1 l2 -> Tuple2 (tmax (l2)) (tmin (l1))

0 goal(s) more...

2 conjecture(s) more...
Tactic List : 0
validate generalize_common_subterm_goal
Prop: spec (match (Leaf (ZERO)) with
| Leaf n -> Leaf (n)
| Node n l1 l2 -> Node (n) (l1) (l2)) = match (Leaf (ZERO)) with
| Leaf n -> Tuple2 (n) (n)
| Node n l1 l2 -> Tuple2 (tmax (l2)) (tmin (l1))
Prop: spec (match (Leaf (ZERO)) with
| Leaf n -> Leaf (n)
| Node n l1 l2 -> Node (n) (l1) (l2)) = match (Leaf (ZERO)) with
| Leaf n -> Tuple2 (n) (n)
| Node n l1 l2 -> Tuple2 (tmax (l2)) (tmin (l1))
Prop: spec (match (Leaf (ZERO)) with
| Leaf n -> Leaf (n)
| Node n l1 l2 -> Node (n) (l1) (l2)) = match (Leaf (ZERO)) with
| Leaf n -> Tuple2 (n) (n)
| Node n l1 l2 -> Tuple2 (tmax (l2)) (tmin (l1))
=================================================
Progress: 14


1st goal of : forall (nat1:nat) (nat2:nat) (tree1:tree), isbst (tree1) = true->match (tree1) with
| Leaf n -> Tuple2 (n) (n)
| Node n l1 l2 -> Tuple2 (tmax (l2)) (tmin (l1)) = Tuple2 (nat1) (nat2) -> spec (match (tree1) with
| Leaf n -> Leaf (n)
| Node n l1 l2 -> Node (n) (l1) (l2)) = Tuple2 (nat1) (nat2)

---------------------------------------
forall (nat1:nat) (nat2:nat) (tree1:tree), isbst (tree1) = true->match (tree1) with
| Leaf n -> Tuple2 (n) (n)
| Node n l1 l2 -> Tuple2 (tmax (l2)) (tmin (l1)) = Tuple2 (nat1) (nat2) -> spec (match (tree1) with
| Leaf n -> Leaf (n)
| Node n l1 l2 -> Node (n) (l1) (l2)) = Tuple2 (nat1) (nat2)

0 goal(s) more...

1 conjecture(s) more...
>>> intro nat1(rank : 9.)


1st goal of : forall (nat1:nat) (nat2:nat) (tree1:tree), isbst (tree1) = true->match (tree1) with
| Leaf n -> Tuple2 (n) (n)
| Node n l1 l2 -> Tuple2 (tmax (l2)) (tmin (l1)) = Tuple2 (nat1) (nat2) -> spec (match (tree1) with
| Leaf n -> Leaf (n)
| Node n l1 l2 -> Node (n) (l1) (l2)) = Tuple2 (nat1) (nat2)
nat1 : nat
---------------------------------------
forall (nat2:nat) (tree1:tree), isbst (tree1) = true->match (tree1) with
| Leaf n -> Tuple2 (n) (n)
| Node n l1 l2 -> Tuple2 (tmax (l2)) (tmin (l1)) = Tuple2 (nat1) (nat2) -> spec (match (tree1) with
| Leaf n -> Leaf (n)
| Node n l1 l2 -> Node (n) (l1) (l2)) = Tuple2 (nat1) (nat2)

0 goal(s) more...

1 conjecture(s) more...
Tactic List : 1
intro nat2(rank:9.)
=================================================
Progress: 15


1st goal of : forall (nat1:nat) (nat2:nat) (tree1:tree), isbst (tree1) = true->match (tree1) with
| Leaf n -> Tuple2 (n) (n)
| Node n l1 l2 -> Tuple2 (tmax (l2)) (tmin (l1)) = Tuple2 (nat1) (nat2) -> spec (match (tree1) with
| Leaf n -> Leaf (n)
| Node n l1 l2 -> Node (n) (l1) (l2)) = Tuple2 (nat1) (nat2)
nat1 : nat
---------------------------------------
forall (nat2:nat) (tree1:tree), isbst (tree1) = true->match (tree1) with
| Leaf n -> Tuple2 (n) (n)
| Node n l1 l2 -> Tuple2 (tmax (l2)) (tmin (l1)) = Tuple2 (nat1) (nat2) -> spec (match (tree1) with
| Leaf n -> Leaf (n)
| Node n l1 l2 -> Node (n) (l1) (l2)) = Tuple2 (nat1) (nat2)

0 goal(s) more...

1 conjecture(s) more...
>>> intro nat2(rank : 9.)


1st goal of : forall (nat1:nat) (nat2:nat) (tree1:tree), isbst (tree1) = true->match (tree1) with
| Leaf n -> Tuple2 (n) (n)
| Node n l1 l2 -> Tuple2 (tmax (l2)) (tmin (l1)) = Tuple2 (nat1) (nat2) -> spec (match (tree1) with
| Leaf n -> Leaf (n)
| Node n l1 l2 -> Node (n) (l1) (l2)) = Tuple2 (nat1) (nat2)
nat1 : nat
nat2 : nat
---------------------------------------
forall (tree1:tree), isbst (tree1) = true->match (tree1) with
| Leaf n -> Tuple2 (n) (n)
| Node n l1 l2 -> Tuple2 (tmax (l2)) (tmin (l1)) = Tuple2 (nat1) (nat2) -> spec (match (tree1) with
| Leaf n -> Leaf (n)
| Node n l1 l2 -> Node (n) (l1) (l2)) = Tuple2 (nat1) (nat2)

0 goal(s) more...

1 conjecture(s) more...
Tactic List : 1
intro tree1(rank:9.)
=================================================
Progress: 16


1st goal of : forall (nat1:nat) (nat2:nat) (tree1:tree), isbst (tree1) = true->match (tree1) with
| Leaf n -> Tuple2 (n) (n)
| Node n l1 l2 -> Tuple2 (tmax (l2)) (tmin (l1)) = Tuple2 (nat1) (nat2) -> spec (match (tree1) with
| Leaf n -> Leaf (n)
| Node n l1 l2 -> Node (n) (l1) (l2)) = Tuple2 (nat1) (nat2)
nat1 : nat
nat2 : nat
---------------------------------------
forall (tree1:tree), isbst (tree1) = true->match (tree1) with
| Leaf n -> Tuple2 (n) (n)
| Node n l1 l2 -> Tuple2 (tmax (l2)) (tmin (l1)) = Tuple2 (nat1) (nat2) -> spec (match (tree1) with
| Leaf n -> Leaf (n)
| Node n l1 l2 -> Node (n) (l1) (l2)) = Tuple2 (nat1) (nat2)

0 goal(s) more...

1 conjecture(s) more...
>>> intro tree1(rank : 9.)


1st goal of : forall (nat1:nat) (nat2:nat) (tree1:tree), isbst (tree1) = true->match (tree1) with
| Leaf n -> Tuple2 (n) (n)
| Node n l1 l2 -> Tuple2 (tmax (l2)) (tmin (l1)) = Tuple2 (nat1) (nat2) -> spec (match (tree1) with
| Leaf n -> Leaf (n)
| Node n l1 l2 -> Node (n) (l1) (l2)) = Tuple2 (nat1) (nat2)
nat1 : nat
nat2 : nat
tree1 : tree
---------------------------------------
isbst (tree1) = true->match (tree1) with
| Leaf n -> Tuple2 (n) (n)
| Node n l1 l2 -> Tuple2 (tmax (l2)) (tmin (l1)) = Tuple2 (nat1) (nat2) -> spec (match (tree1) with
| Leaf n -> Leaf (n)
| Node n l1 l2 -> Node (n) (l1) (l2)) = Tuple2 (nat1) (nat2)

0 goal(s) more...

1 conjecture(s) more...
Tactic List : 1
intro Cond1(rank:9.)
=================================================
Progress: 17


1st goal of : forall (nat1:nat) (nat2:nat) (tree1:tree), isbst (tree1) = true->match (tree1) with
| Leaf n -> Tuple2 (n) (n)
| Node n l1 l2 -> Tuple2 (tmax (l2)) (tmin (l1)) = Tuple2 (nat1) (nat2) -> spec (match (tree1) with
| Leaf n -> Leaf (n)
| Node n l1 l2 -> Node (n) (l1) (l2)) = Tuple2 (nat1) (nat2)
nat1 : nat
nat2 : nat
tree1 : tree
---------------------------------------
isbst (tree1) = true->match (tree1) with
| Leaf n -> Tuple2 (n) (n)
| Node n l1 l2 -> Tuple2 (tmax (l2)) (tmin (l1)) = Tuple2 (nat1) (nat2) -> spec (match (tree1) with
| Leaf n -> Leaf (n)
| Node n l1 l2 -> Node (n) (l1) (l2)) = Tuple2 (nat1) (nat2)

0 goal(s) more...

1 conjecture(s) more...
>>> intro Cond1(rank : 9.)


1st goal of : forall (nat1:nat) (nat2:nat) (tree1:tree), isbst (tree1) = true->match (tree1) with
| Leaf n -> Tuple2 (n) (n)
| Node n l1 l2 -> Tuple2 (tmax (l2)) (tmin (l1)) = Tuple2 (nat1) (nat2) -> spec (match (tree1) with
| Leaf n -> Leaf (n)
| Node n l1 l2 -> Node (n) (l1) (l2)) = Tuple2 (nat1) (nat2)
nat1 : nat
nat2 : nat
tree1 : tree
Cond1 : isbst (tree1) = true
---------------------------------------
match (tree1) with
| Leaf n -> Tuple2 (n) (n)
| Node n l1 l2 -> Tuple2 (tmax (l2)) (tmin (l1)) = Tuple2 (nat1) (nat2) -> spec (match (tree1) with
| Leaf n -> Leaf (n)
| Node n l1 l2 -> Node (n) (l1) (l2)) = Tuple2 (nat1) (nat2)

0 goal(s) more...

1 conjecture(s) more...
Tactic List : 1
intro Cond2(rank:9.)
=================================================
Progress: 18


1st goal of : forall (nat1:nat) (nat2:nat) (tree1:tree), isbst (tree1) = true->match (tree1) with
| Leaf n -> Tuple2 (n) (n)
| Node n l1 l2 -> Tuple2 (tmax (l2)) (tmin (l1)) = Tuple2 (nat1) (nat2) -> spec (match (tree1) with
| Leaf n -> Leaf (n)
| Node n l1 l2 -> Node (n) (l1) (l2)) = Tuple2 (nat1) (nat2)
nat1 : nat
nat2 : nat
tree1 : tree
Cond1 : isbst (tree1) = true
---------------------------------------
match (tree1) with
| Leaf n -> Tuple2 (n) (n)
| Node n l1 l2 -> Tuple2 (tmax (l2)) (tmin (l1)) = Tuple2 (nat1) (nat2) -> spec (match (tree1) with
| Leaf n -> Leaf (n)
| Node n l1 l2 -> Node (n) (l1) (l2)) = Tuple2 (nat1) (nat2)

0 goal(s) more...

1 conjecture(s) more...
>>> intro Cond2(rank : 9.)


1st goal of : forall (nat1:nat) (nat2:nat) (tree1:tree), isbst (tree1) = true->match (tree1) with
| Leaf n -> Tuple2 (n) (n)
| Node n l1 l2 -> Tuple2 (tmax (l2)) (tmin (l1)) = Tuple2 (nat1) (nat2) -> spec (match (tree1) with
| Leaf n -> Leaf (n)
| Node n l1 l2 -> Node (n) (l1) (l2)) = Tuple2 (nat1) (nat2)
nat1 : nat
nat2 : nat
tree1 : tree
Cond1 : isbst (tree1) = true
Cond2 : match (tree1) with
| Leaf n -> Tuple2 (n) (n)
| Node n l1 l2 -> Tuple2 (tmax (l2)) (tmin (l1)) = Tuple2 (nat1) (nat2)
---------------------------------------
spec (match (tree1) with
| Leaf n -> Leaf (n)
| Node n l1 l2 -> Node (n) (l1) (l2)) = Tuple2 (nat1) (nat2)

0 goal(s) more...

1 conjecture(s) more...
Tactic List : 1
rewrite <- Cond2 in goal at 0(rank:9.)
=================================================
Progress: 19


1st goal of : forall (nat1:nat) (nat2:nat) (tree1:tree), isbst (tree1) = true->match (tree1) with
| Leaf n -> Tuple2 (n) (n)
| Node n l1 l2 -> Tuple2 (tmax (l2)) (tmin (l1)) = Tuple2 (nat1) (nat2) -> spec (match (tree1) with
| Leaf n -> Leaf (n)
| Node n l1 l2 -> Node (n) (l1) (l2)) = Tuple2 (nat1) (nat2)
nat1 : nat
nat2 : nat
tree1 : tree
Cond1 : isbst (tree1) = true
Cond2 : match (tree1) with
| Leaf n -> Tuple2 (n) (n)
| Node n l1 l2 -> Tuple2 (tmax (l2)) (tmin (l1)) = Tuple2 (nat1) (nat2)
---------------------------------------
spec (match (tree1) with
| Leaf n -> Leaf (n)
| Node n l1 l2 -> Node (n) (l1) (l2)) = Tuple2 (nat1) (nat2)

0 goal(s) more...

1 conjecture(s) more...
>>> rewrite <- Cond2 in goal at 0(rank : 9.)


1st goal of : forall (nat1:nat) (nat2:nat) (tree1:tree), isbst (tree1) = true->match (tree1) with
| Leaf n -> Tuple2 (n) (n)
| Node n l1 l2 -> Tuple2 (tmax (l2)) (tmin (l1)) = Tuple2 (nat1) (nat2) -> spec (match (tree1) with
| Leaf n -> Leaf (n)
| Node n l1 l2 -> Node (n) (l1) (l2)) = Tuple2 (nat1) (nat2)
nat1 : nat
nat2 : nat
tree1 : tree
Cond1 : isbst (tree1) = true
Cond2 : match (tree1) with
| Leaf n -> Tuple2 (n) (n)
| Node n l1 l2 -> Tuple2 (tmax (l2)) (tmin (l1)) = Tuple2 (nat1) (nat2)
---------------------------------------
spec (match (tree1) with
| Leaf n -> Leaf (n)
| Node n l1 l2 -> Node (n) (l1) (l2)) = match (tree1) with
| Leaf n -> Tuple2 (n) (n)
| Node n l1 l2 -> Tuple2 (tmax (l2)) (tmin (l1))

0 goal(s) more...

1 conjecture(s) more...
Tactic List : 0
validate generalize_common_subterm_goal
Prop: spec (match (Leaf (ZERO)) with
| Leaf n -> Leaf (n)
| Node n l1 l2 -> Node (n) (l1) (l2)) = match (Leaf (ZERO)) with
| Leaf n -> Tuple2 (n) (n)
| Node n l1 l2 -> Tuple2 (tmax (l2)) (tmin (l1))
Prop: spec (match (Leaf (ZERO)) with
| Leaf n -> Leaf (n)
| Node n l1 l2 -> Node (n) (l1) (l2)) = match (Leaf (ZERO)) with
| Leaf n -> Tuple2 (n) (n)
| Node n l1 l2 -> Tuple2 (tmax (l2)) (tmin (l1))
Prop: spec (match (Node (ZERO) (Leaf (SUCC (ZERO))) (Node (SUCC (SUCC (ZERO))) (Node (ZERO) (Leaf (SUCC (ZERO))) (Leaf (ZERO))) (Leaf (ZERO)))) with
| Leaf n -> Leaf (n)
| Node n l1 l2 -> Node (n) (l1) (l2)) = match (Node (ZERO) (Leaf (SUCC (ZERO))) (Node (SUCC (SUCC (ZERO))) (Node (ZERO) (Leaf (SUCC (ZERO))) (Leaf (ZERO))) (Leaf (ZERO)))) with
| Leaf n -> Tuple2 (n) (n)
| Node n l1 l2 -> Tuple2 (tmax (l2)) (tmin (l1))
validate generalize_common_subterm_goal
Prop: spec (match (Leaf (ZERO)) with
| Leaf n -> Leaf (n)
| Node n l1 l2 -> Node (n) (l1) (l2)) = Tuple2 (ZERO) (SUCC (SUCC (ZERO)))
Prop: spec (match (Leaf (SUCC (ZERO))) with
| Leaf n -> Leaf (n)
| Node n l1 l2 -> Node (n) (l1) (l2)) = Tuple2 (ZERO) (ZERO)
Prop: spec (match (Leaf (ZERO)) with
| Leaf n -> Leaf (n)
| Node n l1 l2 -> Node (n) (l1) (l2)) = Tuple2 (ZERO) (ZERO)
Lemma List
forall (nat1:nat) (nat2:nat) (tree1:tree), isbst (tree1) = true->match (tree1) with
| Leaf n -> Tuple2 (n) (n)
| Node n l1 l2 -> Tuple2 (tmax (l2)) (tmin (l1)) = Tuple2 (nat1) (nat2) -> spec (match (tree1) with
| Leaf n -> Leaf (n)
| Node n l1 l2 -> Node (n) (l1) (l2)) = Tuple2 (nat1) (nat2)
End of Lemma List


1st goal of : forall (nat1:nat) (nat2:nat) (tree1:tree), isbst (tree1) = true->match (tree1) with
| Leaf n -> Tuple2 (n) (n)
| Node n l1 l2 -> Tuple2 (tmax (l2)) (tmin (l1)) = Tuple2 (nat1) (nat2) -> spec (match (tree1) with
| Leaf n -> Leaf (n)
| Node n l1 l2 -> Node (n) (l1) (l2)) = Tuple2 (nat1) (nat2)
nat1 : nat
nat2 : nat
tree1 : tree
Cond1 : isbst (tree1) = true
Cond2 : match (tree1) with
| Leaf n -> Tuple2 (n) (n)
| Node n l1 l2 -> Tuple2 (tmax (l2)) (tmin (l1)) = Tuple2 (nat1) (nat2)
---------------------------------------
spec (match (tree1) with
| Leaf n -> Leaf (n)
| Node n l1 l2 -> Node (n) (l1) (l2)) = Tuple2 (nat1) (nat2)

0 goal(s) more...

1 conjecture(s) more...
Lemma List
forall (tree1:tree), isbst (tree1) = true -> spec (match (tree1) with
| Leaf n -> Leaf (n)
| Node n l1 l2 -> Node (n) (l1) (l2)) = match (tree1) with
| Leaf n -> Tuple2 (n) (n)
| Node n l1 l2 -> Tuple2 (tmax (l2)) (tmin (l1))
End of Lemma List


1st goal of : forall (nat1:nat) (nat2:nat) (tree1:tree), isbst (tree1) = true->match (tree1) with
| Leaf n -> Tuple2 (n) (n)
| Node n l1 l2 -> Tuple2 (tmax (l2)) (tmin (l1)) = Tuple2 (nat1) (nat2) -> spec (match (tree1) with
| Leaf n -> Leaf (n)
| Node n l1 l2 -> Node (n) (l1) (l2)) = Tuple2 (nat1) (nat2)
nat1 : nat
nat2 : nat
tree1 : tree
Cond1 : isbst (tree1) = true
Cond2 : match (tree1) with
| Leaf n -> Tuple2 (n) (n)
| Node n l1 l2 -> Tuple2 (tmax (l2)) (tmin (l1)) = Tuple2 (nat1) (nat2)
---------------------------------------
spec (match (tree1) with
| Leaf n -> Leaf (n)
| Node n l1 l2 -> Node (n) (l1) (l2)) = match (tree1) with
| Leaf n -> Tuple2 (n) (n)
| Node n l1 l2 -> Tuple2 (tmax (l2)) (tmin (l1))

0 goal(s) more...

1 conjecture(s) more...
=================================================
Progress: 20


1st goal of : forall (nat1:nat) (nat2:nat) (tree1:tree), isbst (tree1) = true->match (tree1) with
| Leaf n -> Tuple2 (n) (n)
| Node n l1 l2 -> Tuple2 (tmax (l2)) (tmin (l1)) = Tuple2 (nat1) (nat2) -> spec (match (tree1) with
| Leaf n -> Leaf (n)
| Node n l1 l2 -> Node (n) (l1) (l2)) = Tuple2 (nat1) (nat2)
nat1 : nat
nat2 : nat
tree1 : tree
Cond1 : isbst (tree1) = true
Cond2 : match (tree1) with
| Leaf n -> Tuple2 (n) (n)
| Node n l1 l2 -> Tuple2 (tmax (l2)) (tmin (l1)) = Tuple2 (nat1) (nat2)
---------------------------------------
spec (match (tree1) with
| Leaf n -> Leaf (n)
| Node n l1 l2 -> Node (n) (l1) (l2)) = Tuple2 (nat1) (nat2)

0 goal(s) more...

1 conjecture(s) more...
>>> assert forall (nat1:nat) (nat2:nat) (tree1:tree), isbst (tree1) = true->match (tree1) with
| Leaf n -> Tuple2 (n) (n)
| Node n l1 l2 -> Tuple2 (tmax (l2)) (tmin (l1)) = Tuple2 (nat1) (nat2) -> spec (match (tree1) with
| Leaf n -> Leaf (n)
| Node n l1 l2 -> Node (n) (l1) (l2)) = Tuple2 (nat1) (nat2)(rank : 0.)


1st goal of : forall (nat1:nat) (nat2:nat) (tree1:tree), isbst (tree1) = true->match (tree1) with
| Leaf n -> Tuple2 (n) (n)
| Node n l1 l2 -> Tuple2 (tmax (l2)) (tmin (l1)) = Tuple2 (nat1) (nat2) -> spec (match (tree1) with
| Leaf n -> Leaf (n)
| Node n l1 l2 -> Node (n) (l1) (l2)) = Tuple2 (nat1) (nat2)

---------------------------------------
forall (nat1:nat) (nat2:nat) (tree1:tree), isbst (tree1) = true->match (tree1) with
| Leaf n -> Tuple2 (n) (n)
| Node n l1 l2 -> Tuple2 (tmax (l2)) (tmin (l1)) = Tuple2 (nat1) (nat2) -> spec (match (tree1) with
| Leaf n -> Leaf (n)
| Node n l1 l2 -> Node (n) (l1) (l2)) = Tuple2 (nat1) (nat2)

0 goal(s) more...

2 conjecture(s) more...
Tactic List : 1
intro nat1(rank:11.)
=================================================
Progress: 21


1st goal of : forall (nat1:nat) (nat2:nat) (tree1:tree), isbst (tree1) = true->match (tree1) with
| Leaf n -> Tuple2 (n) (n)
| Node n l1 l2 -> Tuple2 (tmax (l2)) (tmin (l1)) = Tuple2 (nat1) (nat2) -> spec (match (tree1) with
| Leaf n -> Leaf (n)
| Node n l1 l2 -> Node (n) (l1) (l2)) = Tuple2 (nat1) (nat2)
nat1 : nat
nat2 : nat
tree1 : tree
Cond1 : isbst (tree1) = true
Cond2 : match (tree1) with
| Leaf n -> Tuple2 (n) (n)
| Node n l1 l2 -> Tuple2 (tmax (l2)) (tmin (l1)) = Tuple2 (nat1) (nat2)
---------------------------------------
spec (match (tree1) with
| Leaf n -> Leaf (n)
| Node n l1 l2 -> Node (n) (l1) (l2)) = match (tree1) with
| Leaf n -> Tuple2 (n) (n)
| Node n l1 l2 -> Tuple2 (tmax (l2)) (tmin (l1))

0 goal(s) more...

1 conjecture(s) more...
>>> assert forall (tree1:tree), isbst (tree1) = true -> spec (match (tree1) with
| Leaf n -> Leaf (n)
| Node n l1 l2 -> Node (n) (l1) (l2)) = match (tree1) with
| Leaf n -> Tuple2 (n) (n)
| Node n l1 l2 -> Tuple2 (tmax (l2)) (tmin (l1))(rank : 0.)


1st goal of : forall (tree1:tree), isbst (tree1) = true -> spec (match (tree1) with
| Leaf n -> Leaf (n)
| Node n l1 l2 -> Node (n) (l1) (l2)) = match (tree1) with
| Leaf n -> Tuple2 (n) (n)
| Node n l1 l2 -> Tuple2 (tmax (l2)) (tmin (l1))

---------------------------------------
forall (tree1:tree), isbst (tree1) = true -> spec (match (tree1) with
| Leaf n -> Leaf (n)
| Node n l1 l2 -> Node (n) (l1) (l2)) = match (tree1) with
| Leaf n -> Tuple2 (n) (n)
| Node n l1 l2 -> Tuple2 (tmax (l2)) (tmin (l1))

0 goal(s) more...

2 conjecture(s) more...
Tactic List : 1
intro tree1(rank:7.)
=================================================
Progress: 22


1st goal of : forall (tree1:tree), isbst (tree1) = true -> spec (match (tree1) with
| Leaf n -> Leaf (n)
| Node n l1 l2 -> Node (n) (l1) (l2)) = match (tree1) with
| Leaf n -> Tuple2 (n) (n)
| Node n l1 l2 -> Tuple2 (tmax (l2)) (tmin (l1))

---------------------------------------
forall (tree1:tree), isbst (tree1) = true -> spec (match (tree1) with
| Leaf n -> Leaf (n)
| Node n l1 l2 -> Node (n) (l1) (l2)) = match (tree1) with
| Leaf n -> Tuple2 (n) (n)
| Node n l1 l2 -> Tuple2 (tmax (l2)) (tmin (l1))

0 goal(s) more...

2 conjecture(s) more...
>>> intro tree1(rank : 7.)


1st goal of : forall (tree1:tree), isbst (tree1) = true -> spec (match (tree1) with
| Leaf n -> Leaf (n)
| Node n l1 l2 -> Node (n) (l1) (l2)) = match (tree1) with
| Leaf n -> Tuple2 (n) (n)
| Node n l1 l2 -> Tuple2 (tmax (l2)) (tmin (l1))
tree1 : tree
---------------------------------------
isbst (tree1) = true -> spec (match (tree1) with
| Leaf n -> Leaf (n)
| Node n l1 l2 -> Node (n) (l1) (l2)) = match (tree1) with
| Leaf n -> Tuple2 (n) (n)
| Node n l1 l2 -> Tuple2 (tmax (l2)) (tmin (l1))

0 goal(s) more...

2 conjecture(s) more...
Tactic List : 1
intro Cond1(rank:7.)
=================================================
Progress: 23


1st goal of : forall (tree1:tree), isbst (tree1) = true -> spec (match (tree1) with
| Leaf n -> Leaf (n)
| Node n l1 l2 -> Node (n) (l1) (l2)) = match (tree1) with
| Leaf n -> Tuple2 (n) (n)
| Node n l1 l2 -> Tuple2 (tmax (l2)) (tmin (l1))
tree1 : tree
---------------------------------------
isbst (tree1) = true -> spec (match (tree1) with
| Leaf n -> Leaf (n)
| Node n l1 l2 -> Node (n) (l1) (l2)) = match (tree1) with
| Leaf n -> Tuple2 (n) (n)
| Node n l1 l2 -> Tuple2 (tmax (l2)) (tmin (l1))

0 goal(s) more...

2 conjecture(s) more...
>>> intro Cond1(rank : 7.)


1st goal of : forall (tree1:tree), isbst (tree1) = true -> spec (match (tree1) with
| Leaf n -> Leaf (n)
| Node n l1 l2 -> Node (n) (l1) (l2)) = match (tree1) with
| Leaf n -> Tuple2 (n) (n)
| Node n l1 l2 -> Tuple2 (tmax (l2)) (tmin (l1))
tree1 : tree
Cond1 : isbst (tree1) = true
---------------------------------------
spec (match (tree1) with
| Leaf n -> Leaf (n)
| Node n l1 l2 -> Node (n) (l1) (l2)) = match (tree1) with
| Leaf n -> Tuple2 (n) (n)
| Node n l1 l2 -> Tuple2 (tmax (l2)) (tmin (l1))

0 goal(s) more...

2 conjecture(s) more...
Tactic List : 0
validate generalize_common_subterm_goal
Prop: spec (match (Node (ZERO) (Leaf (ZERO)) (Leaf (ZERO))) with
| Leaf n -> Leaf (n)
| Node n l1 l2 -> Node (n) (l1) (l2)) = match (Node (ZERO) (Leaf (ZERO)) (Leaf (ZERO))) with
| Leaf n -> Tuple2 (n) (n)
| Node n l1 l2 -> Tuple2 (tmax (l2)) (tmin (l1))
Prop: spec (match (Leaf (ZERO)) with
| Leaf n -> Leaf (n)
| Node n l1 l2 -> Node (n) (l1) (l2)) = match (Leaf (ZERO)) with
| Leaf n -> Tuple2 (n) (n)
| Node n l1 l2 -> Tuple2 (tmax (l2)) (tmin (l1))
Prop: spec (match (Leaf (SUCC (SUCC (ZERO)))) with
| Leaf n -> Leaf (n)
| Node n l1 l2 -> Node (n) (l1) (l2)) = match (Leaf (SUCC (SUCC (ZERO)))) with
| Leaf n -> Tuple2 (n) (n)
| Node n l1 l2 -> Tuple2 (tmax (l2)) (tmin (l1))
=================================================
Progress: 24


1st goal of : forall (nat1:nat) (nat2:nat) (tree1:tree), isbst (tree1) = true->match (tree1) with
| Leaf n -> Tuple2 (n) (n)
| Node n l1 l2 -> Tuple2 (tmax (l2)) (tmin (l1)) = Tuple2 (nat1) (nat2) -> spec (match (tree1) with
| Leaf n -> Leaf (n)
| Node n l1 l2 -> Node (n) (l1) (l2)) = Tuple2 (nat1) (nat2)

---------------------------------------
forall (nat1:nat) (nat2:nat) (tree1:tree), isbst (tree1) = true->match (tree1) with
| Leaf n -> Tuple2 (n) (n)
| Node n l1 l2 -> Tuple2 (tmax (l2)) (tmin (l1)) = Tuple2 (nat1) (nat2) -> spec (match (tree1) with
| Leaf n -> Leaf (n)
| Node n l1 l2 -> Node (n) (l1) (l2)) = Tuple2 (nat1) (nat2)

0 goal(s) more...

2 conjecture(s) more...
>>> intro nat1(rank : 11.)


1st goal of : forall (nat1:nat) (nat2:nat) (tree1:tree), isbst (tree1) = true->match (tree1) with
| Leaf n -> Tuple2 (n) (n)
| Node n l1 l2 -> Tuple2 (tmax (l2)) (tmin (l1)) = Tuple2 (nat1) (nat2) -> spec (match (tree1) with
| Leaf n -> Leaf (n)
| Node n l1 l2 -> Node (n) (l1) (l2)) = Tuple2 (nat1) (nat2)
nat1 : nat
---------------------------------------
forall (nat2:nat) (tree1:tree), isbst (tree1) = true->match (tree1) with
| Leaf n -> Tuple2 (n) (n)
| Node n l1 l2 -> Tuple2 (tmax (l2)) (tmin (l1)) = Tuple2 (nat1) (nat2) -> spec (match (tree1) with
| Leaf n -> Leaf (n)
| Node n l1 l2 -> Node (n) (l1) (l2)) = Tuple2 (nat1) (nat2)

0 goal(s) more...

2 conjecture(s) more...
Tactic List : 1
intro nat2(rank:11.)
=================================================
Progress: 25


1st goal of : forall (nat1:nat) (nat2:nat) (tree1:tree), isbst (tree1) = true->match (tree1) with
| Leaf n -> Tuple2 (n) (n)
| Node n l1 l2 -> Tuple2 (tmax (l2)) (tmin (l1)) = Tuple2 (nat1) (nat2) -> spec (match (tree1) with
| Leaf n -> Leaf (n)
| Node n l1 l2 -> Node (n) (l1) (l2)) = Tuple2 (nat1) (nat2)
nat1 : nat
---------------------------------------
forall (nat2:nat) (tree1:tree), isbst (tree1) = true->match (tree1) with
| Leaf n -> Tuple2 (n) (n)
| Node n l1 l2 -> Tuple2 (tmax (l2)) (tmin (l1)) = Tuple2 (nat1) (nat2) -> spec (match (tree1) with
| Leaf n -> Leaf (n)
| Node n l1 l2 -> Node (n) (l1) (l2)) = Tuple2 (nat1) (nat2)

0 goal(s) more...

2 conjecture(s) more...
>>> intro nat2(rank : 11.)


1st goal of : forall (nat1:nat) (nat2:nat) (tree1:tree), isbst (tree1) = true->match (tree1) with
| Leaf n -> Tuple2 (n) (n)
| Node n l1 l2 -> Tuple2 (tmax (l2)) (tmin (l1)) = Tuple2 (nat1) (nat2) -> spec (match (tree1) with
| Leaf n -> Leaf (n)
| Node n l1 l2 -> Node (n) (l1) (l2)) = Tuple2 (nat1) (nat2)
nat1 : nat
nat2 : nat
---------------------------------------
forall (tree1:tree), isbst (tree1) = true->match (tree1) with
| Leaf n -> Tuple2 (n) (n)
| Node n l1 l2 -> Tuple2 (tmax (l2)) (tmin (l1)) = Tuple2 (nat1) (nat2) -> spec (match (tree1) with
| Leaf n -> Leaf (n)
| Node n l1 l2 -> Node (n) (l1) (l2)) = Tuple2 (nat1) (nat2)

0 goal(s) more...

2 conjecture(s) more...
Tactic List : 1
intro tree1(rank:11.)
=================================================
Progress: 26


1st goal of : forall (nat1:nat) (nat2:nat) (tree1:tree), isbst (tree1) = true->match (tree1) with
| Leaf n -> Tuple2 (n) (n)
| Node n l1 l2 -> Tuple2 (tmax (l2)) (tmin (l1)) = Tuple2 (nat1) (nat2) -> spec (match (tree1) with
| Leaf n -> Leaf (n)
| Node n l1 l2 -> Node (n) (l1) (l2)) = Tuple2 (nat1) (nat2)
nat1 : nat
nat2 : nat
---------------------------------------
forall (tree1:tree), isbst (tree1) = true->match (tree1) with
| Leaf n -> Tuple2 (n) (n)
| Node n l1 l2 -> Tuple2 (tmax (l2)) (tmin (l1)) = Tuple2 (nat1) (nat2) -> spec (match (tree1) with
| Leaf n -> Leaf (n)
| Node n l1 l2 -> Node (n) (l1) (l2)) = Tuple2 (nat1) (nat2)

0 goal(s) more...

2 conjecture(s) more...
>>> intro tree1(rank : 11.)


1st goal of : forall (nat1:nat) (nat2:nat) (tree1:tree), isbst (tree1) = true->match (tree1) with
| Leaf n -> Tuple2 (n) (n)
| Node n l1 l2 -> Tuple2 (tmax (l2)) (tmin (l1)) = Tuple2 (nat1) (nat2) -> spec (match (tree1) with
| Leaf n -> Leaf (n)
| Node n l1 l2 -> Node (n) (l1) (l2)) = Tuple2 (nat1) (nat2)
nat1 : nat
nat2 : nat
tree1 : tree
---------------------------------------
isbst (tree1) = true->match (tree1) with
| Leaf n -> Tuple2 (n) (n)
| Node n l1 l2 -> Tuple2 (tmax (l2)) (tmin (l1)) = Tuple2 (nat1) (nat2) -> spec (match (tree1) with
| Leaf n -> Leaf (n)
| Node n l1 l2 -> Node (n) (l1) (l2)) = Tuple2 (nat1) (nat2)

0 goal(s) more...

2 conjecture(s) more...
Tactic List : 1
intro Cond1(rank:11.)
=================================================
Progress: 27


1st goal of : forall (nat1:nat) (nat2:nat) (tree1:tree), isbst (tree1) = true->match (tree1) with
| Leaf n -> Tuple2 (n) (n)
| Node n l1 l2 -> Tuple2 (tmax (l2)) (tmin (l1)) = Tuple2 (nat1) (nat2) -> spec (match (tree1) with
| Leaf n -> Leaf (n)
| Node n l1 l2 -> Node (n) (l1) (l2)) = Tuple2 (nat1) (nat2)
nat1 : nat
nat2 : nat
tree1 : tree
---------------------------------------
isbst (tree1) = true->match (tree1) with
| Leaf n -> Tuple2 (n) (n)
| Node n l1 l2 -> Tuple2 (tmax (l2)) (tmin (l1)) = Tuple2 (nat1) (nat2) -> spec (match (tree1) with
| Leaf n -> Leaf (n)
| Node n l1 l2 -> Node (n) (l1) (l2)) = Tuple2 (nat1) (nat2)

0 goal(s) more...

2 conjecture(s) more...
>>> intro Cond1(rank : 11.)


1st goal of : forall (nat1:nat) (nat2:nat) (tree1:tree), isbst (tree1) = true->match (tree1) with
| Leaf n -> Tuple2 (n) (n)
| Node n l1 l2 -> Tuple2 (tmax (l2)) (tmin (l1)) = Tuple2 (nat1) (nat2) -> spec (match (tree1) with
| Leaf n -> Leaf (n)
| Node n l1 l2 -> Node (n) (l1) (l2)) = Tuple2 (nat1) (nat2)
nat1 : nat
nat2 : nat
tree1 : tree
Cond1 : isbst (tree1) = true
---------------------------------------
match (tree1) with
| Leaf n -> Tuple2 (n) (n)
| Node n l1 l2 -> Tuple2 (tmax (l2)) (tmin (l1)) = Tuple2 (nat1) (nat2) -> spec (match (tree1) with
| Leaf n -> Leaf (n)
| Node n l1 l2 -> Node (n) (l1) (l2)) = Tuple2 (nat1) (nat2)

0 goal(s) more...

2 conjecture(s) more...
Tactic List : 1
intro Cond2(rank:11.)
=================================================
Progress: 28


1st goal of : forall (nat1:nat) (nat2:nat) (tree1:tree), isbst (tree1) = true->match (tree1) with
| Leaf n -> Tuple2 (n) (n)
| Node n l1 l2 -> Tuple2 (tmax (l2)) (tmin (l1)) = Tuple2 (nat1) (nat2) -> spec (match (tree1) with
| Leaf n -> Leaf (n)
| Node n l1 l2 -> Node (n) (l1) (l2)) = Tuple2 (nat1) (nat2)
nat1 : nat
nat2 : nat
tree1 : tree
Cond1 : isbst (tree1) = true
---------------------------------------
match (tree1) with
| Leaf n -> Tuple2 (n) (n)
| Node n l1 l2 -> Tuple2 (tmax (l2)) (tmin (l1)) = Tuple2 (nat1) (nat2) -> spec (match (tree1) with
| Leaf n -> Leaf (n)
| Node n l1 l2 -> Node (n) (l1) (l2)) = Tuple2 (nat1) (nat2)

0 goal(s) more...

2 conjecture(s) more...
>>> intro Cond2(rank : 11.)


1st goal of : forall (nat1:nat) (nat2:nat) (tree1:tree), isbst (tree1) = true->match (tree1) with
| Leaf n -> Tuple2 (n) (n)
| Node n l1 l2 -> Tuple2 (tmax (l2)) (tmin (l1)) = Tuple2 (nat1) (nat2) -> spec (match (tree1) with
| Leaf n -> Leaf (n)
| Node n l1 l2 -> Node (n) (l1) (l2)) = Tuple2 (nat1) (nat2)
nat1 : nat
nat2 : nat
tree1 : tree
Cond1 : isbst (tree1) = true
Cond2 : match (tree1) with
| Leaf n -> Tuple2 (n) (n)
| Node n l1 l2 -> Tuple2 (tmax (l2)) (tmin (l1)) = Tuple2 (nat1) (nat2)
---------------------------------------
spec (match (tree1) with
| Leaf n -> Leaf (n)
| Node n l1 l2 -> Node (n) (l1) (l2)) = Tuple2 (nat1) (nat2)

0 goal(s) more...

2 conjecture(s) more...
Tactic List : 1
rewrite <- Cond2 in goal at 0(rank:11.)
=================================================
Progress: 29


1st goal of : forall (nat1:nat) (nat2:nat) (tree1:tree), isbst (tree1) = true->match (tree1) with
| Leaf n -> Tuple2 (n) (n)
| Node n l1 l2 -> Tuple2 (tmax (l2)) (tmin (l1)) = Tuple2 (nat1) (nat2) -> spec (match (tree1) with
| Leaf n -> Leaf (n)
| Node n l1 l2 -> Node (n) (l1) (l2)) = Tuple2 (nat1) (nat2)
nat1 : nat
nat2 : nat
tree1 : tree
Cond1 : isbst (tree1) = true
Cond2 : match (tree1) with
| Leaf n -> Tuple2 (n) (n)
| Node n l1 l2 -> Tuple2 (tmax (l2)) (tmin (l1)) = Tuple2 (nat1) (nat2)
---------------------------------------
spec (match (tree1) with
| Leaf n -> Leaf (n)
| Node n l1 l2 -> Node (n) (l1) (l2)) = Tuple2 (nat1) (nat2)

0 goal(s) more...

2 conjecture(s) more...
>>> rewrite <- Cond2 in goal at 0(rank : 11.)


1st goal of : forall (nat1:nat) (nat2:nat) (tree1:tree), isbst (tree1) = true->match (tree1) with
| Leaf n -> Tuple2 (n) (n)
| Node n l1 l2 -> Tuple2 (tmax (l2)) (tmin (l1)) = Tuple2 (nat1) (nat2) -> spec (match (tree1) with
| Leaf n -> Leaf (n)
| Node n l1 l2 -> Node (n) (l1) (l2)) = Tuple2 (nat1) (nat2)
nat1 : nat
nat2 : nat
tree1 : tree
Cond1 : isbst (tree1) = true
Cond2 : match (tree1) with
| Leaf n -> Tuple2 (n) (n)
| Node n l1 l2 -> Tuple2 (tmax (l2)) (tmin (l1)) = Tuple2 (nat1) (nat2)
---------------------------------------
spec (match (tree1) with
| Leaf n -> Leaf (n)
| Node n l1 l2 -> Node (n) (l1) (l2)) = match (tree1) with
| Leaf n -> Tuple2 (n) (n)
| Node n l1 l2 -> Tuple2 (tmax (l2)) (tmin (l1))

0 goal(s) more...

2 conjecture(s) more...
Tactic List : 0
validate generalize_common_subterm_goal
Prop: spec (match (Leaf (SUCC (ZERO))) with
| Leaf n -> Leaf (n)
| Node n l1 l2 -> Node (n) (l1) (l2)) = match (Leaf (SUCC (ZERO))) with
| Leaf n -> Tuple2 (n) (n)
| Node n l1 l2 -> Tuple2 (tmax (l2)) (tmin (l1))
Prop: spec (match (Leaf (SUCC (SUCC (ZERO)))) with
| Leaf n -> Leaf (n)
| Node n l1 l2 -> Node (n) (l1) (l2)) = match (Leaf (SUCC (SUCC (ZERO)))) with
| Leaf n -> Tuple2 (n) (n)
| Node n l1 l2 -> Tuple2 (tmax (l2)) (tmin (l1))
Prop: spec (match (Node (SUCC (SUCC (SUCC (ZERO)))) (Leaf (SUCC (ZERO))) (Node (ZERO) (Node (ZERO) (Leaf (ZERO)) (Leaf (SUCC (ZERO)))) (Leaf (ZERO)))) with
| Leaf n -> Leaf (n)
| Node n l1 l2 -> Node (n) (l1) (l2)) = match (Node (SUCC (SUCC (SUCC (ZERO)))) (Leaf (SUCC (ZERO))) (Node (ZERO) (Node (ZERO) (Leaf (ZERO)) (Leaf (SUCC (ZERO)))) (Leaf (ZERO)))) with
| Leaf n -> Tuple2 (n) (n)
| Node n l1 l2 -> Tuple2 (tmax (l2)) (tmin (l1))
validate generalize_common_subterm_goal
Prop: spec (match (Leaf (ZERO)) with
| Leaf n -> Leaf (n)
| Node n l1 l2 -> Node (n) (l1) (l2)) = Tuple2 (ZERO) (SUCC (ZERO))
Prop: spec (match (Node (ZERO) (Leaf (ZERO)) (Leaf (ZERO))) with
| Leaf n -> Leaf (n)
| Node n l1 l2 -> Node (n) (l1) (l2)) = Tuple2 (ZERO) (SUCC (SUCC (SUCC (SUCC (ZERO)))))
Prop: spec (match (Leaf (ZERO)) with
| Leaf n -> Leaf (n)
| Node n l1 l2 -> Node (n) (l1) (l2)) = Tuple2 (SUCC (SUCC (ZERO))) (SUCC (ZERO))
Fatal error: exception Failure("worklist is empty")
Raised at Stdlib.failwith in file "stdlib.ml", line 29, characters 17-33
Called from Dilemma__Engine.proof_auto in file "lib/engine.ml", line 283, characters 8-69
Called from Dune__exe__Main.main in file "bin/main.ml", line 24, characters 12-79
