Enter the definition file path (1/2) : 
> Enter the definition file path (2/2) : 
> Choose the proof type :
1) Interactive Mode 	 2) Auto Mode
Enter the goal : =================================================
Progress: 1


No conjecture
>>> assert forall (tr:tree), main (tr) = mainNew (tr)(rank : 0.)


1st goal of : forall (tree1:tree), main (tree1) = mainNew (tree1)

---------------------------------------
forall (tree1:tree), main (tree1) = mainNew (tree1)

0 goal(s) more...

0 conjecture(s) more...
Tactic List : 1
simpl in goal(rank:3.)
=================================================
Progress: 2


1st goal of : forall (tree1:tree), main (tree1) = mainNew (tree1)

---------------------------------------
forall (tree1:tree), main (tree1) = mainNew (tree1)

0 goal(s) more...

0 conjecture(s) more...
>>> simpl in goal(rank : 3.)


1st goal of : forall (tree1:tree), main (tree1) = mainNew (tree1)

---------------------------------------
forall (tree1:tree), tf6 (tf2 (tf4 (tree1))) = Tuple2 (match (tf8 (tree1)) with
| Tuple2 a _ -> a) (match (tf8 (tree1)) with
| Tuple2 _ b -> b)

0 goal(s) more...

0 conjecture(s) more...
Tactic List : 1
intro tree1(rank:3.)
=================================================
Progress: 3


1st goal of : forall (tree1:tree), main (tree1) = mainNew (tree1)

---------------------------------------
forall (tree1:tree), tf6 (tf2 (tf4 (tree1))) = Tuple2 (match (tf8 (tree1)) with
| Tuple2 a _ -> a) (match (tf8 (tree1)) with
| Tuple2 _ b -> b)

0 goal(s) more...

0 conjecture(s) more...
>>> intro tree1(rank : 3.)


1st goal of : forall (tree1:tree), main (tree1) = mainNew (tree1)
tree1 : tree
---------------------------------------
tf6 (tf2 (tf4 (tree1))) = Tuple2 (match (tf8 (tree1)) with
| Tuple2 a _ -> a) (match (tf8 (tree1)) with
| Tuple2 _ b -> b)

0 goal(s) more...

0 conjecture(s) more...
