Enter the definition file path (1/2) : 
> Enter the definition file path (2/2) : 
> Choose the proof type :
1) Interactive Mode 	 2) Auto Mode
Enter the goal : =================================================
Progress: 1


No conjecture
>>> assert forall (zip:zipper), main (zip) = mainNew (zip)(rank : 0.)


1st goal of : forall (zipper1:zipper), main (zipper1) = mainNew (zipper1)

---------------------------------------
forall (zipper1:zipper), main (zipper1) = mainNew (zipper1)

0 goal(s) more...

0 conjecture(s) more...
Tactic List : 1
simpl in goal(rank:3.)
=================================================
Progress: 2


1st goal of : forall (zipper1:zipper), main (zipper1) = mainNew (zipper1)

---------------------------------------
forall (zipper1:zipper), main (zipper1) = mainNew (zipper1)

0 goal(s) more...

0 conjecture(s) more...
>>> simpl in goal(rank : 3.)


1st goal of : forall (zipper1:zipper), main (zipper1) = mainNew (zipper1)

---------------------------------------
forall (zipper1:zipper), sum (repr (zipper1)) = mainNew (zipper1)

0 goal(s) more...

0 conjecture(s) more...
Tactic List : 1
induction zipper1(rank:5.)
=================================================
Progress: 3


1st goal of : forall (zipper1:zipper), main (zipper1) = mainNew (zipper1)

---------------------------------------
forall (zipper1:zipper), sum (repr (zipper1)) = mainNew (zipper1)

0 goal(s) more...

0 conjecture(s) more...
>>> induction zipper1(rank : 5.)


1st goal of : forall (zipper1:zipper), main (zipper1) = mainNew (zipper1)
zipper1 : zipper
Base1 : zipper1 = Top
---------------------------------------
sum (repr (Top)) = mainNew (Top)

2 goal(s) more...

0 conjecture(s) more...
Tactic List : 1
reflexivity(rank:4.)
=================================================
Progress: 4


1st goal of : forall (zipper1:zipper), main (zipper1) = mainNew (zipper1)
zipper1 : zipper
Base1 : zipper1 = Top
---------------------------------------
sum (repr (Top)) = mainNew (Top)

2 goal(s) more...

0 conjecture(s) more...
>>> reflexivity(rank : 4.)


1st goal of : forall (zipper1:zipper), main (zipper1) = mainNew (zipper1)
zipper1 : zipper
nat1 : nat
btree1 : btree
zipper2 : zipper
IH1 : sum (repr (zipper2)) = mainNew (zipper2)
Inductive1 : zipper1 = Left (nat1) (btree1) (zipper2)
---------------------------------------
sum (repr (Left (nat1) (btree1) (zipper2))) = mainNew (Left (nat1) (btree1) (zipper2))

1 goal(s) more...

0 conjecture(s) more...
Deduplication: 0
