Enter the definition file path (1/2) : 
> Enter the definition file path (2/2) : 
> Choose the proof type :
1) Interactive Mode 	 2) Auto Mode
Enter the goal : =================================================
Progress: 1


No conjecture
>>> assert forall (zip:zipper), main (zip) = mainNew (zip)(rank : 0.)


1st goal of : forall (zipper1:zipper), main (zipper1) = mainNew (zipper1)

---------------------------------------
forall (zipper1:zipper), main (zipper1) = mainNew (zipper1)

0 goal(s) more...

0 conjecture(s) more...
Tactic List : 1
simpl in goal(rank:3.)
=================================================
Progress: 2


1st goal of : forall (zipper1:zipper), main (zipper1) = mainNew (zipper1)

---------------------------------------
forall (zipper1:zipper), main (zipper1) = mainNew (zipper1)

0 goal(s) more...

0 conjecture(s) more...
>>> simpl in goal(rank : 3.)


1st goal of : forall (zipper1:zipper), main (zipper1) = mainNew (zipper1)

---------------------------------------
forall (zipper1:zipper), tf0 (tf2 (zipper1)) = tf4 (zipper1)

0 goal(s) more...

0 conjecture(s) more...
Tactic List : 1
intro zipper1(rank:3.)
=================================================
Progress: 3


1st goal of : forall (zipper1:zipper), main (zipper1) = mainNew (zipper1)

---------------------------------------
forall (zipper1:zipper), tf0 (tf2 (zipper1)) = tf4 (zipper1)

0 goal(s) more...

0 conjecture(s) more...
>>> intro zipper1(rank : 3.)


1st goal of : forall (zipper1:zipper), main (zipper1) = mainNew (zipper1)
zipper1 : zipper
---------------------------------------
tf0 (tf2 (zipper1)) = tf4 (zipper1)

0 goal(s) more...

0 conjecture(s) more...
Tactic List : 0
validate generalize_common_subterm_goal
Prop: tf0 (tf2 (Left (SUCC (ZERO)) (Empty) (Left (SUCC (SUCC (ZERO))) (Empty) (Top)))) = tf4 (Left (SUCC (ZERO)) (Empty) (Left (SUCC (SUCC (ZERO))) (Empty) (Top)))
Prop: tf0 (tf2 (Left (ZERO) (Empty) (Top))) = tf4 (Left (ZERO) (Empty) (Top))
Prop: tf0 (tf2 (Top)) = tf4 (Top)
Lemma List
forall (zipper1:zipper), tf0 (tf2 (zipper1)) = tf4 (zipper1)
End of Lemma List


1st goal of : forall (zipper1:zipper), main (zipper1) = mainNew (zipper1)
zipper1 : zipper
---------------------------------------
tf0 (tf2 (zipper1)) = tf4 (zipper1)

0 goal(s) more...

0 conjecture(s) more...
=================================================
Progress: 4


1st goal of : forall (zipper1:zipper), main (zipper1) = mainNew (zipper1)
zipper1 : zipper
---------------------------------------
tf0 (tf2 (zipper1)) = tf4 (zipper1)

0 goal(s) more...

0 conjecture(s) more...
>>> assert forall (zipper1:zipper), tf0 (tf2 (zipper1)) = tf4 (zipper1)(rank : 0.)


1st goal of : forall (zipper1:zipper), tf0 (tf2 (zipper1)) = tf4 (zipper1)

---------------------------------------
forall (zipper1:zipper), tf0 (tf2 (zipper1)) = tf4 (zipper1)

0 goal(s) more...

1 conjecture(s) more...
Tactic List : 1
intro zipper1(rank:5.)
=================================================
Progress: 5


1st goal of : forall (zipper1:zipper), tf0 (tf2 (zipper1)) = tf4 (zipper1)

---------------------------------------
forall (zipper1:zipper), tf0 (tf2 (zipper1)) = tf4 (zipper1)

0 goal(s) more...

1 conjecture(s) more...
>>> intro zipper1(rank : 5.)


1st goal of : forall (zipper1:zipper), tf0 (tf2 (zipper1)) = tf4 (zipper1)
zipper1 : zipper
---------------------------------------
tf0 (tf2 (zipper1)) = tf4 (zipper1)

0 goal(s) more...

1 conjecture(s) more...
Tactic List : 0
validate generalize_common_subterm_goal
Prop: tf0 (tf2 (Right (ZERO) (Empty) (Top))) = tf4 (Right (ZERO) (Empty) (Top))
Prop: tf0 (tf2 (Top)) = tf4 (Top)
Prop: tf0 (tf2 (Left (ZERO) (Empty) (Right (ZERO) (Empty) (Top)))) = tf4 (Left (ZERO) (Empty) (Right (ZERO) (Empty) (Top)))
Lemma List
forall (zipper1:zipper), tf0 (tf2 (zipper1)) = tf4 (zipper1)
End of Lemma List


1st goal of : forall (zipper1:zipper), tf0 (tf2 (zipper1)) = tf4 (zipper1)
zipper1 : zipper
---------------------------------------
tf0 (tf2 (zipper1)) = tf4 (zipper1)

0 goal(s) more...

1 conjecture(s) more...
=================================================
Progress: 6


1st goal of : forall (zipper1:zipper), tf0 (tf2 (zipper1)) = tf4 (zipper1)
zipper1 : zipper
---------------------------------------
tf0 (tf2 (zipper1)) = tf4 (zipper1)

0 goal(s) more...

1 conjecture(s) more...
>>> assert forall (zipper1:zipper), tf0 (tf2 (zipper1)) = tf4 (zipper1)(rank : 0.)


1st goal of : forall (zipper1:zipper), tf0 (tf2 (zipper1)) = tf4 (zipper1)

---------------------------------------
forall (zipper1:zipper), tf0 (tf2 (zipper1)) = tf4 (zipper1)

0 goal(s) more...

2 conjecture(s) more...
Tactic List : 1
intro zipper1(rank:7.)
=================================================
Progress: 7


1st goal of : forall (zipper1:zipper), tf0 (tf2 (zipper1)) = tf4 (zipper1)

---------------------------------------
forall (zipper1:zipper), tf0 (tf2 (zipper1)) = tf4 (zipper1)

0 goal(s) more...

2 conjecture(s) more...
>>> intro zipper1(rank : 7.)


1st goal of : forall (zipper1:zipper), tf0 (tf2 (zipper1)) = tf4 (zipper1)
zipper1 : zipper
---------------------------------------
tf0 (tf2 (zipper1)) = tf4 (zipper1)

0 goal(s) more...

2 conjecture(s) more...
Tactic List : 0
validate generalize_common_subterm_goal
Prop: tf0 (tf2 (Top)) = tf4 (Top)
Prop: tf0 (tf2 (Left (ZERO) (Empty) (Right (ZERO) (Empty) (Top)))) = tf4 (Left (ZERO) (Empty) (Right (ZERO) (Empty) (Top)))
Prop: tf0 (tf2 (Top)) = tf4 (Top)
Fatal error: exception Failure("worklist is empty")
Raised at Stdlib.failwith in file "stdlib.ml", line 29, characters 17-33
Called from Dilemma__Engine.proof_auto in file "lib/engine.ml", line 284, characters 8-69
Called from Dune__exe__Main.main in file "bin/main.ml", line 24, characters 12-79
