Enter the definition file path (1/2) : 
> Enter the definition file path (2/2) : 
> Choose the proof type :
1) Interactive Mode 	 2) Auto Mode
Enter the goal : =================================================
Progress: 1


No conjecture
>>> assert forall (zip:zipper), main (zip) = mainNew (zip)(rank : 0.)


1st goal of : forall (zipper1:zipper), main (zipper1) = mainNew (zipper1)

---------------------------------------
forall (zipper1:zipper), main (zipper1) = mainNew (zipper1)

0 goal(s) more...

0 conjecture(s) more...
Tactic List : 1
simpl in goal(rank:3.)
=================================================
Progress: 2


1st goal of : forall (zipper1:zipper), main (zipper1) = mainNew (zipper1)

---------------------------------------
forall (zipper1:zipper), main (zipper1) = mainNew (zipper1)

0 goal(s) more...

0 conjecture(s) more...
>>> simpl in goal(rank : 3.)


1st goal of : forall (zipper1:zipper), main (zipper1) = mainNew (zipper1)

---------------------------------------
forall (zipper1:zipper), sum (match (match (zipper1) with
| Zip l1 l2 -> Zip (l1) (l2)) with
| Zip l1 l2 -> concat (rev (l1)) (l2)) = match (zipper1) with
| Zip l1 l2 -> plus (sum (l1)) (sum (l2))

0 goal(s) more...

0 conjecture(s) more...
Tactic List : 1
intro zipper1(rank:3.)
=================================================
Progress: 3


1st goal of : forall (zipper1:zipper), main (zipper1) = mainNew (zipper1)

---------------------------------------
forall (zipper1:zipper), sum (match (match (zipper1) with
| Zip l1 l2 -> Zip (l1) (l2)) with
| Zip l1 l2 -> concat (rev (l1)) (l2)) = match (zipper1) with
| Zip l1 l2 -> plus (sum (l1)) (sum (l2))

0 goal(s) more...

0 conjecture(s) more...
>>> intro zipper1(rank : 3.)


1st goal of : forall (zipper1:zipper), main (zipper1) = mainNew (zipper1)
zipper1 : zipper
---------------------------------------
sum (match (match (zipper1) with
| Zip l1 l2 -> Zip (l1) (l2)) with
| Zip l1 l2 -> concat (rev (l1)) (l2)) = match (zipper1) with
| Zip l1 l2 -> plus (sum (l1)) (sum (l2))

0 goal(s) more...

0 conjecture(s) more...
Tactic List : 1
case match (zipper1) with
| Zip l1 l2 -> Zip (l1) (l2)(rank:3.)
=================================================
Progress: 4


1st goal of : forall (zipper1:zipper), main (zipper1) = mainNew (zipper1)
zipper1 : zipper
---------------------------------------
sum (match (match (zipper1) with
| Zip l1 l2 -> Zip (l1) (l2)) with
| Zip l1 l2 -> concat (rev (l1)) (l2)) = match (zipper1) with
| Zip l1 l2 -> plus (sum (l1)) (sum (l2))

0 goal(s) more...

0 conjecture(s) more...
>>> case match (zipper1) with
| Zip l1 l2 -> Zip (l1) (l2)(rank : 3.)


1st goal of : forall (zipper1:zipper), main (zipper1) = mainNew (zipper1)
zipper1 : zipper
Case1 : match (zipper1) with
| Zip l1 l2 -> Zip (l1) (l2) = Zip (nat_list1) (nat_list2)
---------------------------------------
sum (tf1 (nat_list2) (rev (nat_list1))) = match (zipper1) with
| Zip l1 l2 -> plus (sum (l1)) (sum (l2))

0 goal(s) more...

0 conjecture(s) more...
Tactic List : 0
validate generalize_common_subterm_goal
Prop: sum (tf1 ((Nil)) (rev ((Nil)))) = match (Zip ((Nil)) ((Nil))) with
| Zip l1 l2 -> plus (sum (l1)) (sum (l2))
Prop: sum (tf1 ((Nil)) (rev ((Nil)))) = match (Zip ((SUCC (ZERO)::(Nil))) ((Nil))) with
| Zip l1 l2 -> plus (sum (l1)) (sum (l2))
Prop: sum (tf1 ((Nil)) (rev ((Nil)))) = match (Zip ((ZERO::(Nil))) ((ZERO::(Nil)))) with
| Zip l1 l2 -> plus (sum (l1)) (sum (l2))
Lemma List
forall (nat_list1:nat list) (nat_list2:nat list) (zipper1:zipper), match (zipper1) with
| Zip l1 l2 -> Zip (l1) (l2) = Zip (nat_list1) (nat_list2) -> sum (tf1 (nat_list2) (rev (nat_list1))) = match (zipper1) with
| Zip l1 l2 -> plus (sum (l1)) (sum (l2))
End of Lemma List


1st goal of : forall (zipper1:zipper), main (zipper1) = mainNew (zipper1)
zipper1 : zipper
Case1 : match (zipper1) with
| Zip l1 l2 -> Zip (l1) (l2) = Zip (nat_list1) (nat_list2)
---------------------------------------
sum (tf1 (nat_list2) (rev (nat_list1))) = match (zipper1) with
| Zip l1 l2 -> plus (sum (l1)) (sum (l2))

0 goal(s) more...

0 conjecture(s) more...
=================================================
Progress: 5


1st goal of : forall (zipper1:zipper), main (zipper1) = mainNew (zipper1)
zipper1 : zipper
Case1 : match (zipper1) with
| Zip l1 l2 -> Zip (l1) (l2) = Zip (nat_list1) (nat_list2)
---------------------------------------
sum (tf1 (nat_list2) (rev (nat_list1))) = match (zipper1) with
| Zip l1 l2 -> plus (sum (l1)) (sum (l2))

0 goal(s) more...

0 conjecture(s) more...
>>> assert forall (nat_list1:nat list) (nat_list2:nat list) (zipper1:zipper), match (zipper1) with
| Zip l1 l2 -> Zip (l1) (l2) = Zip (nat_list1) (nat_list2) -> sum (tf1 (nat_list2) (rev (nat_list1))) = match (zipper1) with
| Zip l1 l2 -> plus (sum (l1)) (sum (l2))(rank : 0.)


1st goal of : forall (nat_list1:nat list) (nat_list2:nat list) (zipper1:zipper), match (zipper1) with
| Zip l1 l2 -> Zip (l1) (l2) = Zip (nat_list1) (nat_list2) -> sum (tf1 (nat_list2) (rev (nat_list1))) = match (zipper1) with
| Zip l1 l2 -> plus (sum (l1)) (sum (l2))

---------------------------------------
forall (nat_list1:nat list) (nat_list2:nat list) (zipper1:zipper), match (zipper1) with
| Zip l1 l2 -> Zip (l1) (l2) = Zip (nat_list1) (nat_list2) -> sum (tf1 (nat_list2) (rev (nat_list1))) = match (zipper1) with
| Zip l1 l2 -> plus (sum (l1)) (sum (l2))

0 goal(s) more...

1 conjecture(s) more...
Tactic List : 1
intro nat_list1(rank:5.)
=================================================
Progress: 6


1st goal of : forall (nat_list1:nat list) (nat_list2:nat list) (zipper1:zipper), match (zipper1) with
| Zip l1 l2 -> Zip (l1) (l2) = Zip (nat_list1) (nat_list2) -> sum (tf1 (nat_list2) (rev (nat_list1))) = match (zipper1) with
| Zip l1 l2 -> plus (sum (l1)) (sum (l2))

---------------------------------------
forall (nat_list1:nat list) (nat_list2:nat list) (zipper1:zipper), match (zipper1) with
| Zip l1 l2 -> Zip (l1) (l2) = Zip (nat_list1) (nat_list2) -> sum (tf1 (nat_list2) (rev (nat_list1))) = match (zipper1) with
| Zip l1 l2 -> plus (sum (l1)) (sum (l2))

0 goal(s) more...

1 conjecture(s) more...
>>> intro nat_list1(rank : 5.)


1st goal of : forall (nat_list1:nat list) (nat_list2:nat list) (zipper1:zipper), match (zipper1) with
| Zip l1 l2 -> Zip (l1) (l2) = Zip (nat_list1) (nat_list2) -> sum (tf1 (nat_list2) (rev (nat_list1))) = match (zipper1) with
| Zip l1 l2 -> plus (sum (l1)) (sum (l2))
nat_list1 : nat list
---------------------------------------
forall (nat_list2:nat list) (zipper1:zipper), match (zipper1) with
| Zip l1 l2 -> Zip (l1) (l2) = Zip (nat_list1) (nat_list2) -> sum (tf1 (nat_list2) (rev (nat_list1))) = match (zipper1) with
| Zip l1 l2 -> plus (sum (l1)) (sum (l2))

0 goal(s) more...

1 conjecture(s) more...
Tactic List : 1
intro nat_list2(rank:5.)
=================================================
Progress: 7


1st goal of : forall (nat_list1:nat list) (nat_list2:nat list) (zipper1:zipper), match (zipper1) with
| Zip l1 l2 -> Zip (l1) (l2) = Zip (nat_list1) (nat_list2) -> sum (tf1 (nat_list2) (rev (nat_list1))) = match (zipper1) with
| Zip l1 l2 -> plus (sum (l1)) (sum (l2))
nat_list1 : nat list
---------------------------------------
forall (nat_list2:nat list) (zipper1:zipper), match (zipper1) with
| Zip l1 l2 -> Zip (l1) (l2) = Zip (nat_list1) (nat_list2) -> sum (tf1 (nat_list2) (rev (nat_list1))) = match (zipper1) with
| Zip l1 l2 -> plus (sum (l1)) (sum (l2))

0 goal(s) more...

1 conjecture(s) more...
>>> intro nat_list2(rank : 5.)


1st goal of : forall (nat_list1:nat list) (nat_list2:nat list) (zipper1:zipper), match (zipper1) with
| Zip l1 l2 -> Zip (l1) (l2) = Zip (nat_list1) (nat_list2) -> sum (tf1 (nat_list2) (rev (nat_list1))) = match (zipper1) with
| Zip l1 l2 -> plus (sum (l1)) (sum (l2))
nat_list1 : nat list
nat_list2 : nat list
---------------------------------------
forall (zipper1:zipper), match (zipper1) with
| Zip l1 l2 -> Zip (l1) (l2) = Zip (nat_list1) (nat_list2) -> sum (tf1 (nat_list2) (rev (nat_list1))) = match (zipper1) with
| Zip l1 l2 -> plus (sum (l1)) (sum (l2))

0 goal(s) more...

1 conjecture(s) more...
Tactic List : 1
intro zipper1(rank:5.)
=================================================
Progress: 8


1st goal of : forall (nat_list1:nat list) (nat_list2:nat list) (zipper1:zipper), match (zipper1) with
| Zip l1 l2 -> Zip (l1) (l2) = Zip (nat_list1) (nat_list2) -> sum (tf1 (nat_list2) (rev (nat_list1))) = match (zipper1) with
| Zip l1 l2 -> plus (sum (l1)) (sum (l2))
nat_list1 : nat list
nat_list2 : nat list
---------------------------------------
forall (zipper1:zipper), match (zipper1) with
| Zip l1 l2 -> Zip (l1) (l2) = Zip (nat_list1) (nat_list2) -> sum (tf1 (nat_list2) (rev (nat_list1))) = match (zipper1) with
| Zip l1 l2 -> plus (sum (l1)) (sum (l2))

0 goal(s) more...

1 conjecture(s) more...
>>> intro zipper1(rank : 5.)


1st goal of : forall (nat_list1:nat list) (nat_list2:nat list) (zipper1:zipper), match (zipper1) with
| Zip l1 l2 -> Zip (l1) (l2) = Zip (nat_list1) (nat_list2) -> sum (tf1 (nat_list2) (rev (nat_list1))) = match (zipper1) with
| Zip l1 l2 -> plus (sum (l1)) (sum (l2))
nat_list1 : nat list
nat_list2 : nat list
zipper1 : zipper
---------------------------------------
match (zipper1) with
| Zip l1 l2 -> Zip (l1) (l2) = Zip (nat_list1) (nat_list2) -> sum (tf1 (nat_list2) (rev (nat_list1))) = match (zipper1) with
| Zip l1 l2 -> plus (sum (l1)) (sum (l2))

0 goal(s) more...

1 conjecture(s) more...
Tactic List : 1
intro Cond1(rank:5.)
=================================================
Progress: 9


1st goal of : forall (nat_list1:nat list) (nat_list2:nat list) (zipper1:zipper), match (zipper1) with
| Zip l1 l2 -> Zip (l1) (l2) = Zip (nat_list1) (nat_list2) -> sum (tf1 (nat_list2) (rev (nat_list1))) = match (zipper1) with
| Zip l1 l2 -> plus (sum (l1)) (sum (l2))
nat_list1 : nat list
nat_list2 : nat list
zipper1 : zipper
---------------------------------------
match (zipper1) with
| Zip l1 l2 -> Zip (l1) (l2) = Zip (nat_list1) (nat_list2) -> sum (tf1 (nat_list2) (rev (nat_list1))) = match (zipper1) with
| Zip l1 l2 -> plus (sum (l1)) (sum (l2))

0 goal(s) more...

1 conjecture(s) more...
>>> intro Cond1(rank : 5.)


1st goal of : forall (nat_list1:nat list) (nat_list2:nat list) (zipper1:zipper), match (zipper1) with
| Zip l1 l2 -> Zip (l1) (l2) = Zip (nat_list1) (nat_list2) -> sum (tf1 (nat_list2) (rev (nat_list1))) = match (zipper1) with
| Zip l1 l2 -> plus (sum (l1)) (sum (l2))
nat_list1 : nat list
nat_list2 : nat list
zipper1 : zipper
Cond1 : match (zipper1) with
| Zip l1 l2 -> Zip (l1) (l2) = Zip (nat_list1) (nat_list2)
---------------------------------------
sum (tf1 (nat_list2) (rev (nat_list1))) = match (zipper1) with
| Zip l1 l2 -> plus (sum (l1)) (sum (l2))

0 goal(s) more...

1 conjecture(s) more...
Tactic List : 0
validate generalize_common_subterm_goal
Prop: sum (tf1 ((Nil)) (rev ((ZERO::(Nil))))) = match (Zip ((Nil)) ((ZERO::(Nil)))) with
| Zip l1 l2 -> plus (sum (l1)) (sum (l2))
Prop: sum (tf1 ((ZERO::(ZERO::(Nil)))) (rev ((Nil)))) = match (Zip ((Nil)) ((ZERO::(ZERO::(Nil))))) with
| Zip l1 l2 -> plus (sum (l1)) (sum (l2))
Prop: sum (tf1 ((Nil)) (rev ((SUCC (ZERO)::(Nil))))) = match (Zip ((Nil)) ((Nil))) with
| Zip l1 l2 -> plus (sum (l1)) (sum (l2))
Lemma List
forall (nat_list1:nat list) (nat_list2:nat list) (zipper1:zipper), match (zipper1) with
| Zip l1 l2 -> Zip (l1) (l2) = Zip (nat_list1) (nat_list2) -> sum (tf1 (nat_list2) (rev (nat_list1))) = match (zipper1) with
| Zip l1 l2 -> plus (sum (l1)) (sum (l2))
End of Lemma List


1st goal of : forall (nat_list1:nat list) (nat_list2:nat list) (zipper1:zipper), match (zipper1) with
| Zip l1 l2 -> Zip (l1) (l2) = Zip (nat_list1) (nat_list2) -> sum (tf1 (nat_list2) (rev (nat_list1))) = match (zipper1) with
| Zip l1 l2 -> plus (sum (l1)) (sum (l2))
nat_list1 : nat list
nat_list2 : nat list
zipper1 : zipper
Cond1 : match (zipper1) with
| Zip l1 l2 -> Zip (l1) (l2) = Zip (nat_list1) (nat_list2)
---------------------------------------
sum (tf1 (nat_list2) (rev (nat_list1))) = match (zipper1) with
| Zip l1 l2 -> plus (sum (l1)) (sum (l2))

0 goal(s) more...

1 conjecture(s) more...
=================================================
Progress: 10


1st goal of : forall (nat_list1:nat list) (nat_list2:nat list) (zipper1:zipper), match (zipper1) with
| Zip l1 l2 -> Zip (l1) (l2) = Zip (nat_list1) (nat_list2) -> sum (tf1 (nat_list2) (rev (nat_list1))) = match (zipper1) with
| Zip l1 l2 -> plus (sum (l1)) (sum (l2))
nat_list1 : nat list
nat_list2 : nat list
zipper1 : zipper
Cond1 : match (zipper1) with
| Zip l1 l2 -> Zip (l1) (l2) = Zip (nat_list1) (nat_list2)
---------------------------------------
sum (tf1 (nat_list2) (rev (nat_list1))) = match (zipper1) with
| Zip l1 l2 -> plus (sum (l1)) (sum (l2))

0 goal(s) more...

1 conjecture(s) more...
>>> assert forall (nat_list1:nat list) (nat_list2:nat list) (zipper1:zipper), match (zipper1) with
| Zip l1 l2 -> Zip (l1) (l2) = Zip (nat_list1) (nat_list2) -> sum (tf1 (nat_list2) (rev (nat_list1))) = match (zipper1) with
| Zip l1 l2 -> plus (sum (l1)) (sum (l2))(rank : 0.)


1st goal of : forall (nat_list1:nat list) (nat_list2:nat list) (zipper1:zipper), match (zipper1) with
| Zip l1 l2 -> Zip (l1) (l2) = Zip (nat_list1) (nat_list2) -> sum (tf1 (nat_list2) (rev (nat_list1))) = match (zipper1) with
| Zip l1 l2 -> plus (sum (l1)) (sum (l2))

---------------------------------------
forall (nat_list1:nat list) (nat_list2:nat list) (zipper1:zipper), match (zipper1) with
| Zip l1 l2 -> Zip (l1) (l2) = Zip (nat_list1) (nat_list2) -> sum (tf1 (nat_list2) (rev (nat_list1))) = match (zipper1) with
| Zip l1 l2 -> plus (sum (l1)) (sum (l2))

0 goal(s) more...

2 conjecture(s) more...
Tactic List : 1
intro nat_list1(rank:7.)
=================================================
Progress: 11


1st goal of : forall (nat_list1:nat list) (nat_list2:nat list) (zipper1:zipper), match (zipper1) with
| Zip l1 l2 -> Zip (l1) (l2) = Zip (nat_list1) (nat_list2) -> sum (tf1 (nat_list2) (rev (nat_list1))) = match (zipper1) with
| Zip l1 l2 -> plus (sum (l1)) (sum (l2))

---------------------------------------
forall (nat_list1:nat list) (nat_list2:nat list) (zipper1:zipper), match (zipper1) with
| Zip l1 l2 -> Zip (l1) (l2) = Zip (nat_list1) (nat_list2) -> sum (tf1 (nat_list2) (rev (nat_list1))) = match (zipper1) with
| Zip l1 l2 -> plus (sum (l1)) (sum (l2))

0 goal(s) more...

2 conjecture(s) more...
>>> intro nat_list1(rank : 7.)


1st goal of : forall (nat_list1:nat list) (nat_list2:nat list) (zipper1:zipper), match (zipper1) with
| Zip l1 l2 -> Zip (l1) (l2) = Zip (nat_list1) (nat_list2) -> sum (tf1 (nat_list2) (rev (nat_list1))) = match (zipper1) with
| Zip l1 l2 -> plus (sum (l1)) (sum (l2))
nat_list1 : nat list
---------------------------------------
forall (nat_list2:nat list) (zipper1:zipper), match (zipper1) with
| Zip l1 l2 -> Zip (l1) (l2) = Zip (nat_list1) (nat_list2) -> sum (tf1 (nat_list2) (rev (nat_list1))) = match (zipper1) with
| Zip l1 l2 -> plus (sum (l1)) (sum (l2))

0 goal(s) more...

2 conjecture(s) more...
Tactic List : 1
intro nat_list2(rank:7.)
=================================================
Progress: 12


1st goal of : forall (nat_list1:nat list) (nat_list2:nat list) (zipper1:zipper), match (zipper1) with
| Zip l1 l2 -> Zip (l1) (l2) = Zip (nat_list1) (nat_list2) -> sum (tf1 (nat_list2) (rev (nat_list1))) = match (zipper1) with
| Zip l1 l2 -> plus (sum (l1)) (sum (l2))
nat_list1 : nat list
---------------------------------------
forall (nat_list2:nat list) (zipper1:zipper), match (zipper1) with
| Zip l1 l2 -> Zip (l1) (l2) = Zip (nat_list1) (nat_list2) -> sum (tf1 (nat_list2) (rev (nat_list1))) = match (zipper1) with
| Zip l1 l2 -> plus (sum (l1)) (sum (l2))

0 goal(s) more...

2 conjecture(s) more...
>>> intro nat_list2(rank : 7.)


1st goal of : forall (nat_list1:nat list) (nat_list2:nat list) (zipper1:zipper), match (zipper1) with
| Zip l1 l2 -> Zip (l1) (l2) = Zip (nat_list1) (nat_list2) -> sum (tf1 (nat_list2) (rev (nat_list1))) = match (zipper1) with
| Zip l1 l2 -> plus (sum (l1)) (sum (l2))
nat_list1 : nat list
nat_list2 : nat list
---------------------------------------
forall (zipper1:zipper), match (zipper1) with
| Zip l1 l2 -> Zip (l1) (l2) = Zip (nat_list1) (nat_list2) -> sum (tf1 (nat_list2) (rev (nat_list1))) = match (zipper1) with
| Zip l1 l2 -> plus (sum (l1)) (sum (l2))

0 goal(s) more...

2 conjecture(s) more...
Tactic List : 1
intro zipper1(rank:7.)
=================================================
Progress: 13


1st goal of : forall (nat_list1:nat list) (nat_list2:nat list) (zipper1:zipper), match (zipper1) with
| Zip l1 l2 -> Zip (l1) (l2) = Zip (nat_list1) (nat_list2) -> sum (tf1 (nat_list2) (rev (nat_list1))) = match (zipper1) with
| Zip l1 l2 -> plus (sum (l1)) (sum (l2))
nat_list1 : nat list
nat_list2 : nat list
---------------------------------------
forall (zipper1:zipper), match (zipper1) with
| Zip l1 l2 -> Zip (l1) (l2) = Zip (nat_list1) (nat_list2) -> sum (tf1 (nat_list2) (rev (nat_list1))) = match (zipper1) with
| Zip l1 l2 -> plus (sum (l1)) (sum (l2))

0 goal(s) more...

2 conjecture(s) more...
>>> intro zipper1(rank : 7.)


1st goal of : forall (nat_list1:nat list) (nat_list2:nat list) (zipper1:zipper), match (zipper1) with
| Zip l1 l2 -> Zip (l1) (l2) = Zip (nat_list1) (nat_list2) -> sum (tf1 (nat_list2) (rev (nat_list1))) = match (zipper1) with
| Zip l1 l2 -> plus (sum (l1)) (sum (l2))
nat_list1 : nat list
nat_list2 : nat list
zipper1 : zipper
---------------------------------------
match (zipper1) with
| Zip l1 l2 -> Zip (l1) (l2) = Zip (nat_list1) (nat_list2) -> sum (tf1 (nat_list2) (rev (nat_list1))) = match (zipper1) with
| Zip l1 l2 -> plus (sum (l1)) (sum (l2))

0 goal(s) more...

2 conjecture(s) more...
Tactic List : 1
intro Cond1(rank:7.)
=================================================
Progress: 14


1st goal of : forall (nat_list1:nat list) (nat_list2:nat list) (zipper1:zipper), match (zipper1) with
| Zip l1 l2 -> Zip (l1) (l2) = Zip (nat_list1) (nat_list2) -> sum (tf1 (nat_list2) (rev (nat_list1))) = match (zipper1) with
| Zip l1 l2 -> plus (sum (l1)) (sum (l2))
nat_list1 : nat list
nat_list2 : nat list
zipper1 : zipper
---------------------------------------
match (zipper1) with
| Zip l1 l2 -> Zip (l1) (l2) = Zip (nat_list1) (nat_list2) -> sum (tf1 (nat_list2) (rev (nat_list1))) = match (zipper1) with
| Zip l1 l2 -> plus (sum (l1)) (sum (l2))

0 goal(s) more...

2 conjecture(s) more...
>>> intro Cond1(rank : 7.)


1st goal of : forall (nat_list1:nat list) (nat_list2:nat list) (zipper1:zipper), match (zipper1) with
| Zip l1 l2 -> Zip (l1) (l2) = Zip (nat_list1) (nat_list2) -> sum (tf1 (nat_list2) (rev (nat_list1))) = match (zipper1) with
| Zip l1 l2 -> plus (sum (l1)) (sum (l2))
nat_list1 : nat list
nat_list2 : nat list
zipper1 : zipper
Cond1 : match (zipper1) with
| Zip l1 l2 -> Zip (l1) (l2) = Zip (nat_list1) (nat_list2)
---------------------------------------
sum (tf1 (nat_list2) (rev (nat_list1))) = match (zipper1) with
| Zip l1 l2 -> plus (sum (l1)) (sum (l2))

0 goal(s) more...

2 conjecture(s) more...
Tactic List : 0
validate generalize_common_subterm_goal
Prop: sum (tf1 ((Nil)) (rev ((Nil)))) = match (Zip ((Nil)) ((ZERO::(ZERO::(Nil))))) with
| Zip l1 l2 -> plus (sum (l1)) (sum (l2))
Prop: sum (tf1 ((Nil)) (rev ((SUCC (ZERO)::(Nil))))) = match (Zip ((Nil)) ((Nil))) with
| Zip l1 l2 -> plus (sum (l1)) (sum (l2))
Prop: sum (tf1 ((ZERO::(Nil))) (rev ((ZERO::(Nil))))) = match (Zip ((SUCC (ZERO)::(Nil))) ((Nil))) with
| Zip l1 l2 -> plus (sum (l1)) (sum (l2))
Fatal error: exception Failure("worklist is empty")
Raised at Stdlib.failwith in file "stdlib.ml", line 29, characters 17-33
Called from Dilemma__Engine.proof_auto in file "lib/engine.ml", line 284, characters 8-69
Called from Dune__exe__Main.main in file "bin/main.ml", line 24, characters 12-79
