Enter the definition file path (1/2) : 
> Enter the definition file path (2/2) : 
> Choose the proof type :
1) Interactive Mode 	 2) Auto Mode
Enter the goal : =================================================
Progress: 1


No conjecture
>>> assert forall (zip:zipper), main (zip) = mainNew (zip)(rank : 0.)


1st goal of : forall (zipper1:zipper), main (zipper1) = mainNew (zipper1)

---------------------------------------
forall (zipper1:zipper), main (zipper1) = mainNew (zipper1)

0 goal(s) more...

0 conjecture(s) more...
Tactic List : 1
simpl in goal(rank:3.)
=================================================
Progress: 2


1st goal of : forall (zipper1:zipper), main (zipper1) = mainNew (zipper1)

---------------------------------------
forall (zipper1:zipper), main (zipper1) = mainNew (zipper1)

0 goal(s) more...

0 conjecture(s) more...
>>> simpl in goal(rank : 3.)


1st goal of : forall (zipper1:zipper), main (zipper1) = mainNew (zipper1)

---------------------------------------
forall (zipper1:zipper), tf0 (tf2 (zipper1)) = tf4 (zipper1)

0 goal(s) more...

0 conjecture(s) more...
Tactic List : 1
intro zipper1(rank:3.)
=================================================
Progress: 3


1st goal of : forall (zipper1:zipper), main (zipper1) = mainNew (zipper1)

---------------------------------------
forall (zipper1:zipper), tf0 (tf2 (zipper1)) = tf4 (zipper1)

0 goal(s) more...

0 conjecture(s) more...
>>> intro zipper1(rank : 3.)


1st goal of : forall (zipper1:zipper), main (zipper1) = mainNew (zipper1)
zipper1 : zipper
---------------------------------------
tf0 (tf2 (zipper1)) = tf4 (zipper1)

0 goal(s) more...

0 conjecture(s) more...
