Enter the definition file path (1/2) : 
> Enter the definition file path (2/2) : 
> Choose the proof type :
1) Interactive Mode 	 2) Auto Mode
Enter the goal : =================================================
Progress: 1


No conjecture
>>> assert forall (t:term2), main (t) = mainNew (t)(rank : 0.)


1st goal of : forall (term21:term2), main (term21) = mainNew (term21)

---------------------------------------
forall (term21:term2), main (term21) = mainNew (term21)

0 goal(s) more...

0 conjecture(s) more...
Tactic List : 1
simpl in goal(rank:3.)
=================================================
Progress: 2


1st goal of : forall (term21:term2), main (term21) = mainNew (term21)

---------------------------------------
forall (term21:term2), main (term21) = mainNew (term21)

0 goal(s) more...

0 conjecture(s) more...
>>> simpl in goal(rank : 3.)


1st goal of : forall (term21:term2), main (term21) = mainNew (term21)

---------------------------------------
forall (term21:term2), tf4 (tf2 (tf6 (term21))) = tf8 (term21)

0 goal(s) more...

0 conjecture(s) more...
Tactic List : 1
intro term21(rank:3.)
=================================================
Progress: 3


1st goal of : forall (term21:term2), main (term21) = mainNew (term21)

---------------------------------------
forall (term21:term2), tf4 (tf2 (tf6 (term21))) = tf8 (term21)

0 goal(s) more...

0 conjecture(s) more...
>>> intro term21(rank : 3.)


1st goal of : forall (term21:term2), main (term21) = mainNew (term21)
term21 : term2
---------------------------------------
tf4 (tf2 (tf6 (term21))) = tf8 (term21)

0 goal(s) more...

0 conjecture(s) more...
Tactic List : 0
validate generalize_common_subterm_goal
Prop: tf4 (tf2 (tf6 (Var (SUCC (ZERO))))) = tf8 (Var (SUCC (ZERO)))
Prop: tf4 (tf2 (tf6 (Bin (Opplus) (Bin (Opor) (Cint (SUCC (ZERO))) (Var (ZERO))) (Un (Opnot) (Var (ZERO)))))) = tf8 (Bin (Opplus) (Bin (Opor) (Cint (SUCC (ZERO))) (Var (ZERO))) (Un (Opnot) (Var (ZERO))))
Prop: tf4 (tf2 (tf6 (Un (Opand) (Cbool (false))))) = tf8 (Un (Opand) (Cbool (false)))
Lemma List
forall (term21:term2), tf4 (tf2 (tf6 (term21))) = tf8 (term21)
End of Lemma List


1st goal of : forall (term21:term2), main (term21) = mainNew (term21)
term21 : term2
---------------------------------------
tf4 (tf2 (tf6 (term21))) = tf8 (term21)

0 goal(s) more...

0 conjecture(s) more...
=================================================
Progress: 4


1st goal of : forall (term21:term2), main (term21) = mainNew (term21)
term21 : term2
---------------------------------------
tf4 (tf2 (tf6 (term21))) = tf8 (term21)

0 goal(s) more...

0 conjecture(s) more...
>>> assert forall (term21:term2), tf4 (tf2 (tf6 (term21))) = tf8 (term21)(rank : 0.)


1st goal of : forall (term21:term2), tf4 (tf2 (tf6 (term21))) = tf8 (term21)

---------------------------------------
forall (term21:term2), tf4 (tf2 (tf6 (term21))) = tf8 (term21)

0 goal(s) more...

1 conjecture(s) more...
Tactic List : 1
intro term21(rank:5.)
=================================================
Progress: 5


1st goal of : forall (term21:term2), tf4 (tf2 (tf6 (term21))) = tf8 (term21)

---------------------------------------
forall (term21:term2), tf4 (tf2 (tf6 (term21))) = tf8 (term21)

0 goal(s) more...

1 conjecture(s) more...
>>> intro term21(rank : 5.)


1st goal of : forall (term21:term2), tf4 (tf2 (tf6 (term21))) = tf8 (term21)
term21 : term2
---------------------------------------
tf4 (tf2 (tf6 (term21))) = tf8 (term21)

0 goal(s) more...

1 conjecture(s) more...
Tactic List : 0
validate generalize_common_subterm_goal
Prop: tf4 (tf2 (tf6 (Var (ZERO)))) = tf8 (Var (ZERO))
Prop: tf4 (tf2 (tf6 (Cint (ZERO)))) = tf8 (Cint (ZERO))
Prop: tf4 (tf2 (tf6 (Bin (Opand) (Cint (ZERO)) (Cint (SUCC (ZERO)))))) = tf8 (Bin (Opand) (Cint (ZERO)) (Cint (SUCC (ZERO))))
Lemma List
forall (term21:term2), tf4 (tf2 (tf6 (term21))) = tf8 (term21)
End of Lemma List


1st goal of : forall (term21:term2), tf4 (tf2 (tf6 (term21))) = tf8 (term21)
term21 : term2
---------------------------------------
tf4 (tf2 (tf6 (term21))) = tf8 (term21)

0 goal(s) more...

1 conjecture(s) more...
=================================================
Progress: 6


1st goal of : forall (term21:term2), tf4 (tf2 (tf6 (term21))) = tf8 (term21)
term21 : term2
---------------------------------------
tf4 (tf2 (tf6 (term21))) = tf8 (term21)

0 goal(s) more...

1 conjecture(s) more...
>>> assert forall (term21:term2), tf4 (tf2 (tf6 (term21))) = tf8 (term21)(rank : 0.)


1st goal of : forall (term21:term2), tf4 (tf2 (tf6 (term21))) = tf8 (term21)

---------------------------------------
forall (term21:term2), tf4 (tf2 (tf6 (term21))) = tf8 (term21)

0 goal(s) more...

2 conjecture(s) more...
Tactic List : 1
intro term21(rank:7.)
=================================================
Progress: 7


1st goal of : forall (term21:term2), tf4 (tf2 (tf6 (term21))) = tf8 (term21)

---------------------------------------
forall (term21:term2), tf4 (tf2 (tf6 (term21))) = tf8 (term21)

0 goal(s) more...

2 conjecture(s) more...
>>> intro term21(rank : 7.)


1st goal of : forall (term21:term2), tf4 (tf2 (tf6 (term21))) = tf8 (term21)
term21 : term2
---------------------------------------
tf4 (tf2 (tf6 (term21))) = tf8 (term21)

0 goal(s) more...

2 conjecture(s) more...
Tactic List : 0
validate generalize_common_subterm_goal
Prop: tf4 (tf2 (tf6 (Un (Opminus) (Var (ZERO))))) = tf8 (Un (Opminus) (Var (ZERO)))
Prop: tf4 (tf2 (tf6 (Cbool (false)))) = tf8 (Cbool (false))
Prop: tf4 (tf2 (tf6 (Un (Opeq) (Cint (ZERO))))) = tf8 (Un (Opeq) (Cint (ZERO)))
Fatal error: exception Failure("worklist is empty")
Raised at Stdlib.failwith in file "stdlib.ml", line 29, characters 17-33
Called from Dilemma__Engine.proof_auto in file "lib/engine.ml", line 284, characters 8-69
Called from Dune__exe__Main.main in file "bin/main.ml", line 24, characters 12-79
