Enter the definition file path (1/2) : 
> Enter the definition file path (2/2) : 
> Choose the proof type :
1) Interactive Mode 	 2) Auto Mode
Enter the goal : =================================================
Progress: 1


No conjecture
>>> assert forall (lst:nat list), main (lst) = mainNew (lst)(rank : 0.)


1st goal of : forall (nat_list1:nat list), main (nat_list1) = mainNew (nat_list1)

---------------------------------------
forall (nat_list1:nat list), main (nat_list1) = mainNew (nat_list1)

0 goal(s) more...

0 conjecture(s) more...
Tactic List : 1
simpl in goal(rank:3.)
=================================================
Progress: 2


1st goal of : forall (nat_list1:nat list), main (nat_list1) = mainNew (nat_list1)

---------------------------------------
forall (nat_list1:nat list), main (nat_list1) = mainNew (nat_list1)

0 goal(s) more...

0 conjecture(s) more...
>>> simpl in goal(rank : 3.)


1st goal of : forall (nat_list1:nat list), main (nat_list1) = mainNew (nat_list1)

---------------------------------------
forall (nat_list1:nat list), atoi (tf1 (nat_list1) (nat_list1)) = mainNew (nat_list1)

0 goal(s) more...

0 conjecture(s) more...
Tactic List : 1
induction nat_list1(rank:4.)
=================================================
Progress: 3


1st goal of : forall (nat_list1:nat list), main (nat_list1) = mainNew (nat_list1)

---------------------------------------
forall (nat_list1:nat list), atoi (tf1 (nat_list1) (nat_list1)) = mainNew (nat_list1)

0 goal(s) more...

0 conjecture(s) more...
>>> induction nat_list1(rank : 4.)


1st goal of : forall (nat_list1:nat list), main (nat_list1) = mainNew (nat_list1)
nat_list1 : nat list
Base1 : nat_list1 = (Nil)
---------------------------------------
atoi (tf1 ((Nil)) ((Nil))) = mainNew ((Nil))

1 goal(s) more...

0 conjecture(s) more...
Tactic List : 1
reflexivity(rank:3.)
=================================================
Progress: 4


1st goal of : forall (nat_list1:nat list), main (nat_list1) = mainNew (nat_list1)
nat_list1 : nat list
Base1 : nat_list1 = (Nil)
---------------------------------------
atoi (tf1 ((Nil)) ((Nil))) = mainNew ((Nil))

1 goal(s) more...

0 conjecture(s) more...
>>> reflexivity(rank : 3.)


1st goal of : forall (nat_list1:nat list), main (nat_list1) = mainNew (nat_list1)
nat_list1 : nat list
nat1 : nat
nat_list2 : nat list
IH1 : atoi (tf1 (nat_list2) (nat_list2)) = mainNew (nat_list2)
Inductive1 : nat_list1 = (nat1::nat_list2)
---------------------------------------
atoi (tf1 ((nat1::nat_list2)) ((nat1::nat_list2))) = mainNew ((nat1::nat_list2))

0 goal(s) more...

0 conjecture(s) more...
Deduplication: 0
Tactic List : 1
simpl in goal(rank:3.)
=================================================
Progress: 5


1st goal of : forall (nat_list1:nat list), main (nat_list1) = mainNew (nat_list1)
nat_list1 : nat list
nat1 : nat
nat_list2 : nat list
IH1 : atoi (tf1 (nat_list2) (nat_list2)) = mainNew (nat_list2)
Inductive1 : nat_list1 = (nat1::nat_list2)
---------------------------------------
atoi (tf1 ((nat1::nat_list2)) ((nat1::nat_list2))) = mainNew ((nat1::nat_list2))

0 goal(s) more...

0 conjecture(s) more...
>>> simpl in goal(rank : 3.)


1st goal of : forall (nat_list1:nat list), main (nat_list1) = mainNew (nat_list1)
nat_list1 : nat list
nat1 : nat
nat_list2 : nat list
IH1 : atoi (tf1 (nat_list2) (nat_list2)) = mainNew (nat_list2)
Inductive1 : nat_list1 = (nat1::nat_list2)
---------------------------------------
plus (plus (plus (plus (plus (plus (plus (plus (plus (plus (atoi (tf1 (nat_list2) (nat_list2))) (atoi (tf1 (nat_list2) (nat_list2)))) (atoi (tf1 (nat_list2) (nat_list2)))) (atoi (tf1 (nat_list2) (nat_list2)))) (atoi (tf1 (nat_list2) (nat_list2)))) (atoi (tf1 (nat_list2) (nat_list2)))) (atoi (tf1 (nat_list2) (nat_list2)))) (atoi (tf1 (nat_list2) (nat_list2)))) (atoi (tf1 (nat_list2) (nat_list2)))) (atoi (tf1 (nat_list2) (nat_list2)))) (nat1) = plus (nat1) (times (mainNew (nat_list2)) (SUCC (SUCC (SUCC (SUCC (SUCC (SUCC (SUCC (SUCC (SUCC (SUCC (ZERO))))))))))))

0 goal(s) more...

0 conjecture(s) more...
