Enter the definition file path (1/2) : 
> Enter the definition file path (2/2) : 
> Choose the proof type :
1) Interactive Mode 	 2) Auto Mode
Enter the goal : =================================================
Progress: 1


No conjecture
>>> assert forall (lst:nat list), main (lst) = mainNew (lst)(rank : 0.)


1st goal of : forall (nat_list1:nat list), main (nat_list1) = mainNew (nat_list1)

---------------------------------------
forall (nat_list1:nat list), main (nat_list1) = mainNew (nat_list1)

0 goal(s) more...

0 conjecture(s) more...
Tactic List : 1
simpl in goal(rank:3.)
=================================================
Progress: 2


1st goal of : forall (nat_list1:nat list), main (nat_list1) = mainNew (nat_list1)

---------------------------------------
forall (nat_list1:nat list), main (nat_list1) = mainNew (nat_list1)

0 goal(s) more...

0 conjecture(s) more...
>>> simpl in goal(rank : 3.)


1st goal of : forall (nat_list1:nat list), main (nat_list1) = mainNew (nat_list1)

---------------------------------------
forall (nat_list1:nat list), match (tf3 (tf0 (nat_list1))) with
| Tuple2 a _ -> a = match (tf5 (nat_list1)) with
| Tuple2 a _ -> a

0 goal(s) more...

0 conjecture(s) more...
Tactic List : 1
intro nat_list1(rank:3.)
=================================================
Progress: 3


1st goal of : forall (nat_list1:nat list), main (nat_list1) = mainNew (nat_list1)

---------------------------------------
forall (nat_list1:nat list), match (tf3 (tf0 (nat_list1))) with
| Tuple2 a _ -> a = match (tf5 (nat_list1)) with
| Tuple2 a _ -> a

0 goal(s) more...

0 conjecture(s) more...
>>> intro nat_list1(rank : 3.)


1st goal of : forall (nat_list1:nat list), main (nat_list1) = mainNew (nat_list1)
nat_list1 : nat list
---------------------------------------
match (tf3 (tf0 (nat_list1))) with
| Tuple2 a _ -> a = match (tf5 (nat_list1)) with
| Tuple2 a _ -> a

0 goal(s) more...

0 conjecture(s) more...
Tactic List : 2
case tf3 (tf0 (nat_list1))(rank:3.)
case tf5 (nat_list1)(rank:3.)
=================================================
Progress: 4


1st goal of : forall (nat_list1:nat list), main (nat_list1) = mainNew (nat_list1)
nat_list1 : nat list
---------------------------------------
match (tf3 (tf0 (nat_list1))) with
| Tuple2 a _ -> a = match (tf5 (nat_list1)) with
| Tuple2 a _ -> a

0 goal(s) more...

0 conjecture(s) more...
>>> case tf3 (tf0 (nat_list1))(rank : 3.)


1st goal of : forall (nat_list1:nat list), main (nat_list1) = mainNew (nat_list1)
nat_list1 : nat list
Case1 : tf3 (tf0 (nat_list1)) = Tuple2 (nat1) (nat2)
---------------------------------------
nat1 = match (tf5 (nat_list1)) with
| Tuple2 a _ -> a

0 goal(s) more...

0 conjecture(s) more...
Tactic List : 0
validate generalize_common_subterm_goal
Prop: ZERO = match (tf5 ((Nil))) with
| Tuple2 a _ -> a
Prop: ZERO = match (tf5 ((ZERO::(ZERO::(ZERO::(Nil)))))) with
| Tuple2 a _ -> a
Prop: ZERO = match (tf5 ((Nil))) with
| Tuple2 a _ -> a
Lemma List
forall (nat1:nat) (nat_list1:nat list), nat1 = match (tf5 (nat_list1)) with
| Tuple2 a _ -> a
End of Lemma List


1st goal of : forall (nat_list1:nat list), main (nat_list1) = mainNew (nat_list1)
nat_list1 : nat list
Case1 : tf3 (tf0 (nat_list1)) = Tuple2 (nat1) (nat2)
---------------------------------------
nat1 = match (tf5 (nat_list1)) with
| Tuple2 a _ -> a

0 goal(s) more...

0 conjecture(s) more...
=================================================
Progress: 5


1st goal of : forall (nat_list1:nat list), main (nat_list1) = mainNew (nat_list1)
nat_list1 : nat list
Case1 : tf3 (tf0 (nat_list1)) = Tuple2 (nat1) (nat2)
---------------------------------------
nat1 = match (tf5 (nat_list1)) with
| Tuple2 a _ -> a

0 goal(s) more...

0 conjecture(s) more...
>>> assert forall (nat1:nat) (nat_list1:nat list), nat1 = match (tf5 (nat_list1)) with
| Tuple2 a _ -> a(rank : 0.)


1st goal of : forall (nat1:nat) (nat_list1:nat list), nat1 = match (tf5 (nat_list1)) with
| Tuple2 a _ -> a

---------------------------------------
forall (nat1:nat) (nat_list1:nat list), nat1 = match (tf5 (nat_list1)) with
| Tuple2 a _ -> a

0 goal(s) more...

1 conjecture(s) more...
Tactic List : 2
intro nat1(rank:5.)
intro nat_list1(rank:5.)
=================================================
Progress: 6


1st goal of : forall (nat_list1:nat list), main (nat_list1) = mainNew (nat_list1)
nat_list1 : nat list
---------------------------------------
match (tf3 (tf0 (nat_list1))) with
| Tuple2 a _ -> a = match (tf5 (nat_list1)) with
| Tuple2 a _ -> a

0 goal(s) more...

0 conjecture(s) more...
>>> case tf5 (nat_list1)(rank : 3.)


1st goal of : forall (nat_list1:nat list), main (nat_list1) = mainNew (nat_list1)
nat_list1 : nat list
Case1 : tf5 (nat_list1) = Tuple2 (nat1) (nat2)
---------------------------------------
match (tf3 (tf0 (nat_list1))) with
| Tuple2 a _ -> a = nat1

0 goal(s) more...

0 conjecture(s) more...
Tactic List : 0
validate generalize_common_subterm_goal
Prop: match (tf3 (tf0 ((Nil)))) with
| Tuple2 a _ -> a = ZERO
Prop: match (tf3 (tf0 ((SUCC (SUCC (ZERO))::(Nil))))) with
| Tuple2 a _ -> a = ZERO
Prop: match (tf3 (tf0 ((Nil)))) with
| Tuple2 a _ -> a = ZERO
asdf
=================================================
Progress: 7


1st goal of : forall (nat1:nat) (nat_list1:nat list), nat1 = match (tf5 (nat_list1)) with
| Tuple2 a _ -> a

---------------------------------------
forall (nat1:nat) (nat_list1:nat list), nat1 = match (tf5 (nat_list1)) with
| Tuple2 a _ -> a

0 goal(s) more...

1 conjecture(s) more...
>>> intro nat1(rank : 5.)


1st goal of : forall (nat1:nat) (nat_list1:nat list), nat1 = match (tf5 (nat_list1)) with
| Tuple2 a _ -> a
nat1 : nat
---------------------------------------
forall (nat_list1:nat list), nat1 = match (tf5 (nat_list1)) with
| Tuple2 a _ -> a

0 goal(s) more...

1 conjecture(s) more...
Tactic List : 1
intro nat_list1(rank:5.)
=================================================
Progress: 8


1st goal of : forall (nat1:nat) (nat_list1:nat list), nat1 = match (tf5 (nat_list1)) with
| Tuple2 a _ -> a

---------------------------------------
forall (nat1:nat) (nat_list1:nat list), nat1 = match (tf5 (nat_list1)) with
| Tuple2 a _ -> a

0 goal(s) more...

1 conjecture(s) more...
>>> intro nat_list1(rank : 5.)


1st goal of : forall (nat1:nat) (nat_list1:nat list), nat1 = match (tf5 (nat_list1)) with
| Tuple2 a _ -> a
nat_list1 : nat list
---------------------------------------
forall (nat1:nat), nat1 = match (tf5 (nat_list1)) with
| Tuple2 a _ -> a

0 goal(s) more...

1 conjecture(s) more...
Tactic List : 0
validate generalize_common_subterm_goal
Prop: ZERO = match (tf5 ((Nil))) with
| Tuple2 a _ -> a
Prop: ZERO = match (tf5 ((Nil))) with
| Tuple2 a _ -> a
Prop: ZERO = match (tf5 ((SUCC (SUCC (SUCC (ZERO)))::(Nil)))) with
| Tuple2 a _ -> a
asdf
=================================================
Progress: 9


1st goal of : forall (nat1:nat) (nat_list1:nat list), nat1 = match (tf5 (nat_list1)) with
| Tuple2 a _ -> a
nat1 : nat
---------------------------------------
forall (nat_list1:nat list), nat1 = match (tf5 (nat_list1)) with
| Tuple2 a _ -> a

0 goal(s) more...

1 conjecture(s) more...
>>> intro nat_list1(rank : 5.)


1st goal of : forall (nat1:nat) (nat_list1:nat list), nat1 = match (tf5 (nat_list1)) with
| Tuple2 a _ -> a
nat1 : nat
nat_list1 : nat list
---------------------------------------
nat1 = match (tf5 (nat_list1)) with
| Tuple2 a _ -> a

0 goal(s) more...

1 conjecture(s) more...
Tactic List : 0
validate generalize_common_subterm_goal
Prop: ZERO = match (tf5 ((ZERO::(Nil)))) with
| Tuple2 a _ -> a
Prop: ZERO = match (tf5 ((Nil))) with
| Tuple2 a _ -> a
Prop: ZERO = match (tf5 ((Nil))) with
| Tuple2 a _ -> a
Lemma List
forall (nat1:nat) (nat_list1:nat list), nat1 = match (tf5 (nat_list1)) with
| Tuple2 a _ -> a
End of Lemma List


1st goal of : forall (nat1:nat) (nat_list1:nat list), nat1 = match (tf5 (nat_list1)) with
| Tuple2 a _ -> a
nat1 : nat
nat_list1 : nat list
---------------------------------------
nat1 = match (tf5 (nat_list1)) with
| Tuple2 a _ -> a

0 goal(s) more...

1 conjecture(s) more...
=================================================
Progress: 10


1st goal of : forall (nat1:nat) (nat_list1:nat list), nat1 = match (tf5 (nat_list1)) with
| Tuple2 a _ -> a
nat1 : nat
nat_list1 : nat list
---------------------------------------
nat1 = match (tf5 (nat_list1)) with
| Tuple2 a _ -> a

0 goal(s) more...

1 conjecture(s) more...
>>> assert forall (nat1:nat) (nat_list1:nat list), nat1 = match (tf5 (nat_list1)) with
| Tuple2 a _ -> a(rank : 0.)


1st goal of : forall (nat1:nat) (nat_list1:nat list), nat1 = match (tf5 (nat_list1)) with
| Tuple2 a _ -> a

---------------------------------------
forall (nat1:nat) (nat_list1:nat list), nat1 = match (tf5 (nat_list1)) with
| Tuple2 a _ -> a

0 goal(s) more...

2 conjecture(s) more...
Tactic List : 2
intro nat1(rank:7.)
intro nat_list1(rank:7.)
=================================================
Progress: 11


1st goal of : forall (nat1:nat) (nat_list1:nat list), nat1 = match (tf5 (nat_list1)) with
| Tuple2 a _ -> a

---------------------------------------
forall (nat1:nat) (nat_list1:nat list), nat1 = match (tf5 (nat_list1)) with
| Tuple2 a _ -> a

0 goal(s) more...

2 conjecture(s) more...
>>> intro nat1(rank : 7.)


1st goal of : forall (nat1:nat) (nat_list1:nat list), nat1 = match (tf5 (nat_list1)) with
| Tuple2 a _ -> a
nat1 : nat
---------------------------------------
forall (nat_list1:nat list), nat1 = match (tf5 (nat_list1)) with
| Tuple2 a _ -> a

0 goal(s) more...

2 conjecture(s) more...
Tactic List : 1
intro nat_list1(rank:7.)
=================================================
Progress: 12


1st goal of : forall (nat1:nat) (nat_list1:nat list), nat1 = match (tf5 (nat_list1)) with
| Tuple2 a _ -> a

---------------------------------------
forall (nat1:nat) (nat_list1:nat list), nat1 = match (tf5 (nat_list1)) with
| Tuple2 a _ -> a

0 goal(s) more...

2 conjecture(s) more...
>>> intro nat_list1(rank : 7.)


1st goal of : forall (nat1:nat) (nat_list1:nat list), nat1 = match (tf5 (nat_list1)) with
| Tuple2 a _ -> a
nat_list1 : nat list
---------------------------------------
forall (nat1:nat), nat1 = match (tf5 (nat_list1)) with
| Tuple2 a _ -> a

0 goal(s) more...

2 conjecture(s) more...
Tactic List : 0
validate generalize_common_subterm_goal
Prop: SUCC (ZERO) = match (tf5 ((Nil))) with
| Tuple2 a _ -> a
Prop: ZERO = match (tf5 ((ZERO::(Nil)))) with
| Tuple2 a _ -> a
Prop: ZERO = match (tf5 ((Nil))) with
| Tuple2 a _ -> a
asdf
=================================================
Progress: 13


1st goal of : forall (nat1:nat) (nat_list1:nat list), nat1 = match (tf5 (nat_list1)) with
| Tuple2 a _ -> a
nat1 : nat
---------------------------------------
forall (nat_list1:nat list), nat1 = match (tf5 (nat_list1)) with
| Tuple2 a _ -> a

0 goal(s) more...

2 conjecture(s) more...
>>> intro nat_list1(rank : 7.)


1st goal of : forall (nat1:nat) (nat_list1:nat list), nat1 = match (tf5 (nat_list1)) with
| Tuple2 a _ -> a
nat1 : nat
nat_list1 : nat list
---------------------------------------
nat1 = match (tf5 (nat_list1)) with
| Tuple2 a _ -> a

0 goal(s) more...

2 conjecture(s) more...
Tactic List : 0
validate generalize_common_subterm_goal
Prop: ZERO = match (tf5 ((Nil))) with
| Tuple2 a _ -> a
Prop: ZERO = match (tf5 ((ZERO::(Nil)))) with
| Tuple2 a _ -> a
Prop: ZERO = match (tf5 ((SUCC (ZERO)::(Nil)))) with
| Tuple2 a _ -> a
asdf
Fatal error: exception Failure("worklist is empty")
Raised at Stdlib.failwith in file "stdlib.ml", line 29, characters 17-33
Called from Dilemma__Engine.proof_auto in file "lib/engine.ml", line 284, characters 8-69
Called from Dune__exe__Main.main in file "bin/main.ml", line 24, characters 12-79
