Enter the definition file path (1/2) : 
> Enter the definition file path (2/2) : 
> Choose the proof type :
1) Interactive Mode 	 2) Auto Mode
Enter the goal : =================================================
Progress: 1


No conjecture
>>> assert forall (lst:nat list), main (lst) = mainNew (lst)(rank : 0.)


1st goal of : forall (nat_list1:nat list), main (nat_list1) = mainNew (nat_list1)

---------------------------------------
forall (nat_list1:nat list), main (nat_list1) = mainNew (nat_list1)

0 goal(s) more...

0 conjecture(s) more...
Tactic List : 1
simpl in goal(rank:3.)
=================================================
Progress: 2


1st goal of : forall (nat_list1:nat list), main (nat_list1) = mainNew (nat_list1)

---------------------------------------
forall (nat_list1:nat list), main (nat_list1) = mainNew (nat_list1)

0 goal(s) more...

0 conjecture(s) more...
>>> simpl in goal(rank : 3.)


1st goal of : forall (nat_list1:nat list), main (nat_list1) = mainNew (nat_list1)

---------------------------------------
forall (nat_list1:nat list), tf4 (false) (false) (tf1 (nat_list1) (nat_list1)) = match (tf7 (nat_list1)) with
| Tuple2 a _ -> a

0 goal(s) more...

0 conjecture(s) more...
Tactic List : 1
induction nat_list1(rank:4.)
=================================================
Progress: 3


1st goal of : forall (nat_list1:nat list), main (nat_list1) = mainNew (nat_list1)

---------------------------------------
forall (nat_list1:nat list), tf4 (false) (false) (tf1 (nat_list1) (nat_list1)) = match (tf7 (nat_list1)) with
| Tuple2 a _ -> a

0 goal(s) more...

0 conjecture(s) more...
>>> induction nat_list1(rank : 4.)


1st goal of : forall (nat_list1:nat list), main (nat_list1) = mainNew (nat_list1)
nat_list1 : nat list
Base1 : nat_list1 = (Nil)
---------------------------------------
tf4 (false) (false) (tf1 ((Nil)) ((Nil))) = match (tf7 ((Nil))) with
| Tuple2 a _ -> a

1 goal(s) more...

0 conjecture(s) more...
Tactic List : 1
reflexivity(rank:3.)
=================================================
Progress: 4


1st goal of : forall (nat_list1:nat list), main (nat_list1) = mainNew (nat_list1)
nat_list1 : nat list
Base1 : nat_list1 = (Nil)
---------------------------------------
tf4 (false) (false) (tf1 ((Nil)) ((Nil))) = match (tf7 ((Nil))) with
| Tuple2 a _ -> a

1 goal(s) more...

0 conjecture(s) more...
>>> reflexivity(rank : 3.)


1st goal of : forall (nat_list1:nat list), main (nat_list1) = mainNew (nat_list1)
nat_list1 : nat list
nat1 : nat
nat_list2 : nat list
IH1 : tf4 (false) (false) (tf1 (nat_list2) (nat_list2)) = match (tf7 (nat_list2)) with
| Tuple2 a _ -> a
Inductive1 : nat_list1 = (nat1::nat_list2)
---------------------------------------
tf4 (false) (false) (tf1 ((nat1::nat_list2)) ((nat1::nat_list2))) = match (tf7 ((nat1::nat_list2))) with
| Tuple2 a _ -> a

0 goal(s) more...

0 conjecture(s) more...
Deduplication: 0
Tactic List : 1
simpl in goal(rank:3.)
=================================================
Progress: 5


1st goal of : forall (nat_list1:nat list), main (nat_list1) = mainNew (nat_list1)
nat_list1 : nat list
nat1 : nat
nat_list2 : nat list
IH1 : tf4 (false) (false) (tf1 (nat_list2) (nat_list2)) = match (tf7 (nat_list2)) with
| Tuple2 a _ -> a
Inductive1 : nat_list1 = (nat1::nat_list2)
---------------------------------------
tf4 (false) (false) (tf1 ((nat1::nat_list2)) ((nat1::nat_list2))) = match (tf7 ((nat1::nat_list2))) with
| Tuple2 a _ -> a

0 goal(s) more...

0 conjecture(s) more...
>>> simpl in goal(rank : 3.)


1st goal of : forall (nat_list1:nat list), main (nat_list1) = mainNew (nat_list1)
nat_list1 : nat list
nat1 : nat
nat_list2 : nat list
IH1 : tf4 (false) (false) (tf1 (nat_list2) (nat_list2)) = match (tf7 (nat_list2)) with
| Tuple2 a _ -> a
Inductive1 : nat_list1 = (nat1::nat_list2)
---------------------------------------
tf4 (nat1) (if match (nat1) with
| true -> false
| false -> true then false else false) (tf1 (nat_list2) (nat_list2)) = if if match (nat1) with
| true -> false
| false -> true then true else if nat_eq (match (tf7 (nat_list2)) with
| Tuple2 a _ -> a) (match (tf7 (nat_list2)) with
| Tuple2 _ b -> b) then true else match (nat_list2) with
| Nil -> false
| Cons hd _ -> hd then fst (tf7 (nat_list2)) else plus (SUCC (ZERO)) (fst2 (tf7 (nat_list2)))

0 goal(s) more...

0 conjecture(s) more...
Tactic List : 1
case match (nat1) with
| true -> false
| false -> true(rank:4.)
=================================================
Progress: 6


1st goal of : forall (nat_list1:nat list), main (nat_list1) = mainNew (nat_list1)
nat_list1 : nat list
nat1 : nat
nat_list2 : nat list
IH1 : tf4 (false) (false) (tf1 (nat_list2) (nat_list2)) = match (tf7 (nat_list2)) with
| Tuple2 a _ -> a
Inductive1 : nat_list1 = (nat1::nat_list2)
---------------------------------------
tf4 (nat1) (if match (nat1) with
| true -> false
| false -> true then false else false) (tf1 (nat_list2) (nat_list2)) = if if match (nat1) with
| true -> false
| false -> true then true else if nat_eq (match (tf7 (nat_list2)) with
| Tuple2 a _ -> a) (match (tf7 (nat_list2)) with
| Tuple2 _ b -> b) then true else match (nat_list2) with
| Nil -> false
| Cons hd _ -> hd then fst (tf7 (nat_list2)) else plus (SUCC (ZERO)) (fst2 (tf7 (nat_list2)))

0 goal(s) more...

0 conjecture(s) more...
>>> case match (nat1) with
| true -> false
| false -> true(rank : 4.)


1st goal of : forall (nat_list1:nat list), main (nat_list1) = mainNew (nat_list1)
nat_list1 : nat list
nat1 : nat
nat_list2 : nat list
IH1 : tf4 (false) (false) (tf1 (nat_list2) (nat_list2)) = match (tf7 (nat_list2)) with
| Tuple2 a _ -> a
Inductive1 : nat_list1 = (nat1::nat_list2)
Case1 : match (nat1) with
| true -> false
| false -> true = true
---------------------------------------
tf4 (nat1) (false) (tf1 (nat_list2) (nat_list2)) = fst (tf7 (nat_list2))

1 goal(s) more...

0 conjecture(s) more...
Tactic List : 0
previous tactics
simpl in goal
case match (nat1) with
| true -> false
| false -> true
parent
tf4 (nat1) (false) (tf1 (nat_list2) (nat_list2))
lower
tf4(_, false(), tf1(nat_list2, nat_list2))
upper
_
remove upper
tf4(false(), false(), tf1(nat_list2, nat_list2))
remove lower
tf4(false(), false(), tf1(nat_list2, nat_list2))
remove upper
tf4(nat1, false(), tf1(nat_list2, nat_list2))
remove lower
tf4(nat1, false(), tf1(nat_list2, nat_list2))
remove upper
tf4(nat2, _, tf1(nat_list3, nat_list3))
remove lower
tf4(nat2, _, tf1(nat_list3, nat_list3))
remove upper
plus(_, tf4(nat3, _, tf1(nat_list4, nat_list4)))
remove lower
plus(_, tf4(nat3, _, tf1(nat_list4, nat_list4)))
validate generalize_common_subterm_goal
Prop: tf4 (SUCC (ZERO)) (false) (tf1 ((Nil)) ((Nil))) = fst (tf7 ((Nil)))
Prop: tf4 (SUCC (ZERO)) (false) (tf1 ((Nil)) ((Nil))) = fst (tf7 ((Nil)))
Prop: tf4 (ZERO) (false) (tf1 ((Nil)) ((Nil))) = fst (tf7 ((Nil)))
Lemma List
forall (nat1:nat) (nat_list1:nat list), match (nat1) with
| true -> false
| false -> true = true -> tf4 (nat1) (false) (tf1 (nat_list1) (nat_list1)) = fst (tf7 (nat_list1))
End of Lemma List


1st goal of : forall (nat_list1:nat list), main (nat_list1) = mainNew (nat_list1)
nat_list1 : nat list
nat1 : nat
nat_list2 : nat list
IH1 : tf4 (false) (false) (tf1 (nat_list2) (nat_list2)) = match (tf7 (nat_list2)) with
| Tuple2 a _ -> a
Inductive1 : nat_list1 = (nat1::nat_list2)
Case1 : match (nat1) with
| true -> false
| false -> true = true
---------------------------------------
tf4 (nat1) (false) (tf1 (nat_list2) (nat_list2)) = fst (tf7 (nat_list2))

1 goal(s) more...

0 conjecture(s) more...
=================================================
Progress: 7


1st goal of : forall (nat_list1:nat list), main (nat_list1) = mainNew (nat_list1)
nat_list1 : nat list
nat1 : nat
nat_list2 : nat list
IH1 : tf4 (false) (false) (tf1 (nat_list2) (nat_list2)) = match (tf7 (nat_list2)) with
| Tuple2 a _ -> a
Inductive1 : nat_list1 = (nat1::nat_list2)
Case1 : match (nat1) with
| true -> false
| false -> true = true
---------------------------------------
tf4 (nat1) (false) (tf1 (nat_list2) (nat_list2)) = fst (tf7 (nat_list2))

1 goal(s) more...

0 conjecture(s) more...
>>> assert forall (nat1:nat) (nat_list1:nat list), match (nat1) with
| true -> false
| false -> true = true -> tf4 (nat1) (false) (tf1 (nat_list1) (nat_list1)) = fst (tf7 (nat_list1))(rank : 0.)


1st goal of : forall (nat1:nat) (nat_list1:nat list), match (nat1) with
| true -> false
| false -> true = true -> tf4 (nat1) (false) (tf1 (nat_list1) (nat_list1)) = fst (tf7 (nat_list1))

---------------------------------------
forall (nat1:nat) (nat_list1:nat list), match (nat1) with
| true -> false
| false -> true = true -> tf4 (nat1) (false) (tf1 (nat_list1) (nat_list1)) = fst (tf7 (nat_list1))

0 goal(s) more...

1 conjecture(s) more...
Tactic List : 1
intro nat1(rank:5.)
=================================================
Progress: 8


1st goal of : forall (nat1:nat) (nat_list1:nat list), match (nat1) with
| true -> false
| false -> true = true -> tf4 (nat1) (false) (tf1 (nat_list1) (nat_list1)) = fst (tf7 (nat_list1))

---------------------------------------
forall (nat1:nat) (nat_list1:nat list), match (nat1) with
| true -> false
| false -> true = true -> tf4 (nat1) (false) (tf1 (nat_list1) (nat_list1)) = fst (tf7 (nat_list1))

0 goal(s) more...

1 conjecture(s) more...
>>> intro nat1(rank : 5.)


1st goal of : forall (nat1:nat) (nat_list1:nat list), match (nat1) with
| true -> false
| false -> true = true -> tf4 (nat1) (false) (tf1 (nat_list1) (nat_list1)) = fst (tf7 (nat_list1))
nat1 : nat
---------------------------------------
forall (nat_list1:nat list), match (nat1) with
| true -> false
| false -> true = true -> tf4 (nat1) (false) (tf1 (nat_list1) (nat_list1)) = fst (tf7 (nat_list1))

0 goal(s) more...

1 conjecture(s) more...
Tactic List : 1
intro Cond1(rank:5.)
=================================================
Progress: 9


1st goal of : forall (nat1:nat) (nat_list1:nat list), match (nat1) with
| true -> false
| false -> true = true -> tf4 (nat1) (false) (tf1 (nat_list1) (nat_list1)) = fst (tf7 (nat_list1))
nat1 : nat
---------------------------------------
forall (nat_list1:nat list), match (nat1) with
| true -> false
| false -> true = true -> tf4 (nat1) (false) (tf1 (nat_list1) (nat_list1)) = fst (tf7 (nat_list1))

0 goal(s) more...

1 conjecture(s) more...
>>> intro Cond1(rank : 5.)


1st goal of : forall (nat1:nat) (nat_list1:nat list), match (nat1) with
| true -> false
| false -> true = true -> tf4 (nat1) (false) (tf1 (nat_list1) (nat_list1)) = fst (tf7 (nat_list1))
nat1 : nat
Cond1 : match (nat1) with
| true -> false
| false -> true = true
---------------------------------------
forall (nat_list1:nat list), tf4 (nat1) (false) (tf1 (nat_list1) (nat_list1)) = fst (tf7 (nat_list1))

0 goal(s) more...

1 conjecture(s) more...
Tactic List : 1
induction nat_list1(rank:6.)
=================================================
Progress: 10


1st goal of : forall (nat1:nat) (nat_list1:nat list), match (nat1) with
| true -> false
| false -> true = true -> tf4 (nat1) (false) (tf1 (nat_list1) (nat_list1)) = fst (tf7 (nat_list1))
nat1 : nat
Cond1 : match (nat1) with
| true -> false
| false -> true = true
---------------------------------------
forall (nat_list1:nat list), tf4 (nat1) (false) (tf1 (nat_list1) (nat_list1)) = fst (tf7 (nat_list1))

0 goal(s) more...

1 conjecture(s) more...
>>> induction nat_list1(rank : 6.)


1st goal of : forall (nat1:nat) (nat_list1:nat list), match (nat1) with
| true -> false
| false -> true = true -> tf4 (nat1) (false) (tf1 (nat_list1) (nat_list1)) = fst (tf7 (nat_list1))
nat1 : nat
Cond1 : match (nat1) with
| true -> false
| false -> true = true
nat_list1 : nat list
Base1 : nat_list1 = (Nil)
---------------------------------------
tf4 (nat1) (false) (tf1 ((Nil)) ((Nil))) = fst (tf7 ((Nil)))

1 goal(s) more...

1 conjecture(s) more...
Tactic List : 1
simpl in goal(rank:6.)
=================================================
Progress: 11


1st goal of : forall (nat1:nat) (nat_list1:nat list), match (nat1) with
| true -> false
| false -> true = true -> tf4 (nat1) (false) (tf1 (nat_list1) (nat_list1)) = fst (tf7 (nat_list1))
nat1 : nat
Cond1 : match (nat1) with
| true -> false
| false -> true = true
nat_list1 : nat list
Base1 : nat_list1 = (Nil)
---------------------------------------
tf4 (nat1) (false) (tf1 ((Nil)) ((Nil))) = fst (tf7 ((Nil)))

1 goal(s) more...

1 conjecture(s) more...
>>> simpl in goal(rank : 6.)


1st goal of : forall (nat1:nat) (nat_list1:nat list), match (nat1) with
| true -> false
| false -> true = true -> tf4 (nat1) (false) (tf1 (nat_list1) (nat_list1)) = fst (tf7 (nat_list1))
nat1 : nat
Cond1 : match (nat1) with
| true -> false
| false -> true = true
nat_list1 : nat list
Base1 : nat_list1 = (Nil)
---------------------------------------
ZERO = fst (Tuple2 (ZERO) (ZERO))

1 goal(s) more...

1 conjecture(s) more...
Tactic List : 0
previous tactics
simpl in goal
Fatal error: exception Failure("worklist is empty")
Raised at Stdlib.failwith in file "stdlib.ml", line 29, characters 17-33
Called from Dilemma__Engine.proof_auto in file "lib/engine.ml", line 283, characters 8-69
Called from Dune__exe__Main.main in file "bin/main.ml", line 24, characters 12-79
