Enter the definition file path (1/2) : 
> Enter the definition file path (2/2) : 
> Choose the proof type :
1) Interactive Mode 	 2) Auto Mode
Enter the goal : =================================================
Progress: 1


No conjecture
>>> assert forall (lst:nat list), main (lst) = mainNew (lst)(rank : 0.)


1st goal of : forall (nat_list1:nat list), main (nat_list1) = mainNew (nat_list1)

---------------------------------------
forall (nat_list1:nat list), main (nat_list1) = mainNew (nat_list1)

0 goal(s) more...

0 conjecture(s) more...
Tactic List : 1
simpl in goal(rank:3.)
=================================================
Progress: 2


1st goal of : forall (nat_list1:nat list), main (nat_list1) = mainNew (nat_list1)

---------------------------------------
forall (nat_list1:nat list), main (nat_list1) = mainNew (nat_list1)

0 goal(s) more...

0 conjecture(s) more...
>>> simpl in goal(rank : 3.)


1st goal of : forall (nat_list1:nat list), main (nat_list1) = mainNew (nat_list1)

---------------------------------------
forall (nat_list1:nat list), tf4 (false) (ZERO) (tf1 (nat_list1) (nat_list1)) = match (tf6 (nat_list1)) with
| Tuple2 a _ -> a

0 goal(s) more...

0 conjecture(s) more...
Tactic List : 1
induction nat_list1(rank:4.)
=================================================
Progress: 3


1st goal of : forall (nat_list1:nat list), main (nat_list1) = mainNew (nat_list1)

---------------------------------------
forall (nat_list1:nat list), tf4 (false) (ZERO) (tf1 (nat_list1) (nat_list1)) = match (tf6 (nat_list1)) with
| Tuple2 a _ -> a

0 goal(s) more...

0 conjecture(s) more...
>>> induction nat_list1(rank : 4.)


1st goal of : forall (nat_list1:nat list), main (nat_list1) = mainNew (nat_list1)
nat_list1 : nat list
Base1 : nat_list1 = (Nil)
---------------------------------------
tf4 (false) (ZERO) (tf1 ((Nil)) ((Nil))) = match (tf6 ((Nil))) with
| Tuple2 a _ -> a

1 goal(s) more...

0 conjecture(s) more...
Tactic List : 1
reflexivity(rank:3.)
=================================================
Progress: 4


1st goal of : forall (nat_list1:nat list), main (nat_list1) = mainNew (nat_list1)
nat_list1 : nat list
Base1 : nat_list1 = (Nil)
---------------------------------------
tf4 (false) (ZERO) (tf1 ((Nil)) ((Nil))) = match (tf6 ((Nil))) with
| Tuple2 a _ -> a

1 goal(s) more...

0 conjecture(s) more...
>>> reflexivity(rank : 3.)


1st goal of : forall (nat_list1:nat list), main (nat_list1) = mainNew (nat_list1)
nat_list1 : nat list
nat1 : nat
nat_list2 : nat list
IH1 : tf4 (false) (ZERO) (tf1 (nat_list2) (nat_list2)) = match (tf6 (nat_list2)) with
| Tuple2 a _ -> a
Inductive1 : nat_list1 = (nat1::nat_list2)
---------------------------------------
tf4 (false) (ZERO) (tf1 ((nat1::nat_list2)) ((nat1::nat_list2))) = match (tf6 ((nat1::nat_list2))) with
| Tuple2 a _ -> a

0 goal(s) more...

0 conjecture(s) more...
Deduplication: 0
Tactic List : 1
simpl in goal(rank:3.)
=================================================
Progress: 5


1st goal of : forall (nat_list1:nat list), main (nat_list1) = mainNew (nat_list1)
nat_list1 : nat list
nat1 : nat
nat_list2 : nat list
IH1 : tf4 (false) (ZERO) (tf1 (nat_list2) (nat_list2)) = match (tf6 (nat_list2)) with
| Tuple2 a _ -> a
Inductive1 : nat_list1 = (nat1::nat_list2)
---------------------------------------
tf4 (false) (ZERO) (tf1 ((nat1::nat_list2)) ((nat1::nat_list2))) = match (tf6 ((nat1::nat_list2))) with
| Tuple2 a _ -> a

0 goal(s) more...

0 conjecture(s) more...
>>> simpl in goal(rank : 3.)


1st goal of : forall (nat_list1:nat list), main (nat_list1) = mainNew (nat_list1)
nat_list1 : nat list
nat1 : nat
nat_list2 : nat list
IH1 : tf4 (false) (ZERO) (tf1 (nat_list2) (nat_list2)) = match (tf6 (nat_list2)) with
| Tuple2 a _ -> a
Inductive1 : nat_list1 = (nat1::nat_list2)
---------------------------------------
tf4 (nat1) (match (nat1) with
| true -> plus (ZERO) (SUCC (ZERO))
| false -> ZERO) (tf1 (nat_list2) (nat_list2)) = if if match (nat1) with
| true -> false
| false -> true then true else match (tf6 (nat_list2)) with
| Tuple2 _ b -> b then fst2 (tf6 (nat_list2)) else plus (SUCC (ZERO)) (fst2 (tf6 (nat_list2)))

0 goal(s) more...

0 conjecture(s) more...
Tactic List : 1
case if match (nat1) with
| true -> false
| false -> true then true else match (tf6 (nat_list2)) with
| Tuple2 _ b -> b(rank:4.)
=================================================
Progress: 6


1st goal of : forall (nat_list1:nat list), main (nat_list1) = mainNew (nat_list1)
nat_list1 : nat list
nat1 : nat
nat_list2 : nat list
IH1 : tf4 (false) (ZERO) (tf1 (nat_list2) (nat_list2)) = match (tf6 (nat_list2)) with
| Tuple2 a _ -> a
Inductive1 : nat_list1 = (nat1::nat_list2)
---------------------------------------
tf4 (nat1) (match (nat1) with
| true -> plus (ZERO) (SUCC (ZERO))
| false -> ZERO) (tf1 (nat_list2) (nat_list2)) = if if match (nat1) with
| true -> false
| false -> true then true else match (tf6 (nat_list2)) with
| Tuple2 _ b -> b then fst2 (tf6 (nat_list2)) else plus (SUCC (ZERO)) (fst2 (tf6 (nat_list2)))

0 goal(s) more...

0 conjecture(s) more...
>>> case if match (nat1) with
| true -> false
| false -> true then true else match (tf6 (nat_list2)) with
| Tuple2 _ b -> b(rank : 4.)


1st goal of : forall (nat_list1:nat list), main (nat_list1) = mainNew (nat_list1)
nat_list1 : nat list
nat1 : nat
nat_list2 : nat list
IH1 : tf4 (false) (ZERO) (tf1 (nat_list2) (nat_list2)) = match (tf6 (nat_list2)) with
| Tuple2 a _ -> a
Inductive1 : nat_list1 = (nat1::nat_list2)
Case1 : if match (nat1) with
| true -> false
| false -> true then true else match (tf6 (nat_list2)) with
| Tuple2 _ b -> b = true
---------------------------------------
tf4 (nat1) (match (nat1) with
| true -> plus (ZERO) (SUCC (ZERO))
| false -> ZERO) (tf1 (nat_list2) (nat_list2)) = match (tf6 (nat_list2)) with
| Tuple2 a _ -> a

1 goal(s) more...

0 conjecture(s) more...
Tactic List : 2
rewrite <- IH1 in goal at 0(rank:12.)
case tf6 (nat_list2)(rank:28.)
=================================================
Progress: 7


1st goal of : forall (nat_list1:nat list), main (nat_list1) = mainNew (nat_list1)
nat_list1 : nat list
nat1 : nat
nat_list2 : nat list
IH1 : tf4 (false) (ZERO) (tf1 (nat_list2) (nat_list2)) = match (tf6 (nat_list2)) with
| Tuple2 a _ -> a
Inductive1 : nat_list1 = (nat1::nat_list2)
Case1 : if match (nat1) with
| true -> false
| false -> true then true else match (tf6 (nat_list2)) with
| Tuple2 _ b -> b = true
---------------------------------------
tf4 (nat1) (match (nat1) with
| true -> plus (ZERO) (SUCC (ZERO))
| false -> ZERO) (tf1 (nat_list2) (nat_list2)) = match (tf6 (nat_list2)) with
| Tuple2 a _ -> a

1 goal(s) more...

0 conjecture(s) more...
>>> rewrite <- IH1 in goal at 0(rank : 12.)


1st goal of : forall (nat_list1:nat list), main (nat_list1) = mainNew (nat_list1)
nat_list1 : nat list
nat1 : nat
nat_list2 : nat list
IH1 : tf4 (false) (ZERO) (tf1 (nat_list2) (nat_list2)) = match (tf6 (nat_list2)) with
| Tuple2 a _ -> a
Inductive1 : nat_list1 = (nat1::nat_list2)
Case1 : if match (nat1) with
| true -> false
| false -> true then true else match (tf6 (nat_list2)) with
| Tuple2 _ b -> b = true
---------------------------------------
tf4 (nat1) (match (nat1) with
| true -> plus (ZERO) (SUCC (ZERO))
| false -> ZERO) (tf1 (nat_list2) (nat_list2)) = tf4 (false) (ZERO) (tf1 (nat_list2) (nat_list2))

1 goal(s) more...

0 conjecture(s) more...
Tactic List : 0
previous tactics
simpl in goal
case if match (nat1) with
| true -> false
| false -> true then true else match (tf6 (nat_list2)) with
| Tuple2 _ b -> b
rewrite <- IH1 in goal at 0
validate generalize_common_subterm_goal
Prop: tf4 (ZERO) (match (ZERO) with
| true -> plus (ZERO) (SUCC (ZERO))
| false -> ZERO) (tf1 ((Nil)) ((Nil))) = tf4 (false) (ZERO) (tf1 ((Nil)) ((Nil)))
Prop: tf4 (SUCC (SUCC (ZERO))) (match (SUCC (SUCC (ZERO))) with
| true -> plus (ZERO) (SUCC (ZERO))
| false -> ZERO) (tf1 ((Nil)) ((Nil))) = tf4 (false) (ZERO) (tf1 ((Nil)) ((Nil)))
Prop: tf4 (ZERO) (match (ZERO) with
| true -> plus (ZERO) (SUCC (ZERO))
| false -> ZERO) (tf1 ((Nil)) ((Nil))) = tf4 (false) (ZERO) (tf1 ((Nil)) ((Nil)))
previous tactics
simpl in goal
case if match (nat1) with
| true -> false
| false -> true then true else match (tf6 (nat_list2)) with
| Tuple2 _ b -> b
parent
tf4 (nat1) (match (nat1) with
| true -> plus (ZERO) (SUCC (ZERO))
| false -> ZERO) (tf1 (nat_list2) (nat_list2))
lower
tf4(_, _, tf1(nat_list2, nat_list2))
upper
_
remove upper
tf4(false(), ZERO(), tf1(nat_list2, nat_list2))
remove lower
tf4(false(), ZERO(), tf1(nat_list2, nat_list2))
remove upper
tf4(nat1, _, tf1(nat_list2, nat_list2))
remove lower
tf4(nat1, _, tf1(nat_list2, nat_list2))
remove upper
tf4(nat2, _, tf1(nat_list3, nat_list3))
remove lower
tf4(nat2, _, tf1(nat_list3, nat_list3))
remove upper
tf4(nat3, _, tf1(nat_list4, nat_list4))
remove lower
tf4(nat3, _, tf1(nat_list4, nat_list4))
validate generalize_common_subterm_goal
Prop: tf4 (ZERO) (match (ZERO) with
| true -> plus (ZERO) (SUCC (ZERO))
| false -> ZERO) (tf1 ((Nil)) ((Nil))) = match (tf6 ((Nil))) with
| Tuple2 a _ -> a
Prop: tf4 (SUCC (SUCC (ZERO))) (match (SUCC (SUCC (ZERO))) with
| true -> plus (ZERO) (SUCC (ZERO))
| false -> ZERO) (tf1 ((Nil)) ((Nil))) = match (tf6 ((Nil))) with
| Tuple2 a _ -> a
Prop: tf4 (SUCC (SUCC (ZERO))) (match (SUCC (SUCC (ZERO))) with
| true -> plus (ZERO) (SUCC (ZERO))
| false -> ZERO) (tf1 ((SUCC (ZERO)::(Nil))) ((SUCC (ZERO)::(Nil)))) = match (tf6 ((SUCC (ZERO)::(Nil)))) with
| Tuple2 a _ -> a
Lemma List
forall (nat1:nat) (nat_list1:nat list), if match (nat1) with
| true -> false
| false -> true then true else match (tf6 (nat_list1)) with
| Tuple2 _ b -> b = true -> tf4 (nat1) (match (nat1) with
| true -> plus (ZERO) (SUCC (ZERO))
| false -> ZERO) (tf1 (nat_list1) (nat_list1)) = match (tf6 (nat_list1)) with
| Tuple2 a _ -> a
End of Lemma List


1st goal of : forall (nat_list1:nat list), main (nat_list1) = mainNew (nat_list1)
nat_list1 : nat list
nat1 : nat
nat_list2 : nat list
IH1 : tf4 (false) (ZERO) (tf1 (nat_list2) (nat_list2)) = match (tf6 (nat_list2)) with
| Tuple2 a _ -> a
Inductive1 : nat_list1 = (nat1::nat_list2)
Case1 : if match (nat1) with
| true -> false
| false -> true then true else match (tf6 (nat_list2)) with
| Tuple2 _ b -> b = true
---------------------------------------
tf4 (nat1) (match (nat1) with
| true -> plus (ZERO) (SUCC (ZERO))
| false -> ZERO) (tf1 (nat_list2) (nat_list2)) = match (tf6 (nat_list2)) with
| Tuple2 a _ -> a

1 goal(s) more...

0 conjecture(s) more...
Lemma List
forall (nat1:nat) (nat_list1:nat list), if match (nat1) with
| true -> false
| false -> true then true else match (tf6 (nat_list1)) with
| Tuple2 _ b -> b = true -> tf4 (nat1) (match (nat1) with
| true -> plus (ZERO) (SUCC (ZERO))
| false -> ZERO) (tf1 (nat_list1) (nat_list1)) = tf4 (false) (ZERO) (tf1 (nat_list1) (nat_list1))
End of Lemma List


1st goal of : forall (nat_list1:nat list), main (nat_list1) = mainNew (nat_list1)
nat_list1 : nat list
nat1 : nat
nat_list2 : nat list
IH1 : tf4 (false) (ZERO) (tf1 (nat_list2) (nat_list2)) = match (tf6 (nat_list2)) with
| Tuple2 a _ -> a
Inductive1 : nat_list1 = (nat1::nat_list2)
Case1 : if match (nat1) with
| true -> false
| false -> true then true else match (tf6 (nat_list2)) with
| Tuple2 _ b -> b = true
---------------------------------------
tf4 (nat1) (match (nat1) with
| true -> plus (ZERO) (SUCC (ZERO))
| false -> ZERO) (tf1 (nat_list2) (nat_list2)) = tf4 (false) (ZERO) (tf1 (nat_list2) (nat_list2))

1 goal(s) more...

0 conjecture(s) more...
=================================================
Progress: 8


1st goal of : forall (nat_list1:nat list), main (nat_list1) = mainNew (nat_list1)
nat_list1 : nat list
nat1 : nat
nat_list2 : nat list
IH1 : tf4 (false) (ZERO) (tf1 (nat_list2) (nat_list2)) = match (tf6 (nat_list2)) with
| Tuple2 a _ -> a
Inductive1 : nat_list1 = (nat1::nat_list2)
Case1 : if match (nat1) with
| true -> false
| false -> true then true else match (tf6 (nat_list2)) with
| Tuple2 _ b -> b = true
---------------------------------------
tf4 (nat1) (match (nat1) with
| true -> plus (ZERO) (SUCC (ZERO))
| false -> ZERO) (tf1 (nat_list2) (nat_list2)) = match (tf6 (nat_list2)) with
| Tuple2 a _ -> a

1 goal(s) more...

0 conjecture(s) more...
>>> assert forall (nat1:nat) (nat_list1:nat list), if match (nat1) with
| true -> false
| false -> true then true else match (tf6 (nat_list1)) with
| Tuple2 _ b -> b = true -> tf4 (nat1) (match (nat1) with
| true -> plus (ZERO) (SUCC (ZERO))
| false -> ZERO) (tf1 (nat_list1) (nat_list1)) = match (tf6 (nat_list1)) with
| Tuple2 a _ -> a(rank : 0.)


1st goal of : forall (nat1:nat) (nat_list1:nat list), if match (nat1) with
| true -> false
| false -> true then true else match (tf6 (nat_list1)) with
| Tuple2 _ b -> b = true -> tf4 (nat1) (match (nat1) with
| true -> plus (ZERO) (SUCC (ZERO))
| false -> ZERO) (tf1 (nat_list1) (nat_list1)) = match (tf6 (nat_list1)) with
| Tuple2 a _ -> a

---------------------------------------
forall (nat1:nat) (nat_list1:nat list), if match (nat1) with
| true -> false
| false -> true then true else match (tf6 (nat_list1)) with
| Tuple2 _ b -> b = true -> tf4 (nat1) (match (nat1) with
| true -> plus (ZERO) (SUCC (ZERO))
| false -> ZERO) (tf1 (nat_list1) (nat_list1)) = match (tf6 (nat_list1)) with
| Tuple2 a _ -> a

0 goal(s) more...

1 conjecture(s) more...
Tactic List : 1
intro nat1(rank:5.)
=================================================
Progress: 9


1st goal of : forall (nat_list1:nat list), main (nat_list1) = mainNew (nat_list1)
nat_list1 : nat list
nat1 : nat
nat_list2 : nat list
IH1 : tf4 (false) (ZERO) (tf1 (nat_list2) (nat_list2)) = match (tf6 (nat_list2)) with
| Tuple2 a _ -> a
Inductive1 : nat_list1 = (nat1::nat_list2)
Case1 : if match (nat1) with
| true -> false
| false -> true then true else match (tf6 (nat_list2)) with
| Tuple2 _ b -> b = true
---------------------------------------
tf4 (nat1) (match (nat1) with
| true -> plus (ZERO) (SUCC (ZERO))
| false -> ZERO) (tf1 (nat_list2) (nat_list2)) = tf4 (false) (ZERO) (tf1 (nat_list2) (nat_list2))

1 goal(s) more...

0 conjecture(s) more...
>>> assert forall (nat1:nat) (nat_list1:nat list), if match (nat1) with
| true -> false
| false -> true then true else match (tf6 (nat_list1)) with
| Tuple2 _ b -> b = true -> tf4 (nat1) (match (nat1) with
| true -> plus (ZERO) (SUCC (ZERO))
| false -> ZERO) (tf1 (nat_list1) (nat_list1)) = tf4 (false) (ZERO) (tf1 (nat_list1) (nat_list1))(rank : 0.)


1st goal of : forall (nat1:nat) (nat_list1:nat list), if match (nat1) with
| true -> false
| false -> true then true else match (tf6 (nat_list1)) with
| Tuple2 _ b -> b = true -> tf4 (nat1) (match (nat1) with
| true -> plus (ZERO) (SUCC (ZERO))
| false -> ZERO) (tf1 (nat_list1) (nat_list1)) = tf4 (false) (ZERO) (tf1 (nat_list1) (nat_list1))

---------------------------------------
forall (nat1:nat) (nat_list1:nat list), if match (nat1) with
| true -> false
| false -> true then true else match (tf6 (nat_list1)) with
| Tuple2 _ b -> b = true -> tf4 (nat1) (match (nat1) with
| true -> plus (ZERO) (SUCC (ZERO))
| false -> ZERO) (tf1 (nat_list1) (nat_list1)) = tf4 (false) (ZERO) (tf1 (nat_list1) (nat_list1))

0 goal(s) more...

1 conjecture(s) more...
Tactic List : 1
intro nat1(rank:5.)
=================================================
Progress: 10


1st goal of : forall (nat1:nat) (nat_list1:nat list), if match (nat1) with
| true -> false
| false -> true then true else match (tf6 (nat_list1)) with
| Tuple2 _ b -> b = true -> tf4 (nat1) (match (nat1) with
| true -> plus (ZERO) (SUCC (ZERO))
| false -> ZERO) (tf1 (nat_list1) (nat_list1)) = match (tf6 (nat_list1)) with
| Tuple2 a _ -> a

---------------------------------------
forall (nat1:nat) (nat_list1:nat list), if match (nat1) with
| true -> false
| false -> true then true else match (tf6 (nat_list1)) with
| Tuple2 _ b -> b = true -> tf4 (nat1) (match (nat1) with
| true -> plus (ZERO) (SUCC (ZERO))
| false -> ZERO) (tf1 (nat_list1) (nat_list1)) = match (tf6 (nat_list1)) with
| Tuple2 a _ -> a

0 goal(s) more...

1 conjecture(s) more...
>>> intro nat1(rank : 5.)


1st goal of : forall (nat1:nat) (nat_list1:nat list), if match (nat1) with
| true -> false
| false -> true then true else match (tf6 (nat_list1)) with
| Tuple2 _ b -> b = true -> tf4 (nat1) (match (nat1) with
| true -> plus (ZERO) (SUCC (ZERO))
| false -> ZERO) (tf1 (nat_list1) (nat_list1)) = match (tf6 (nat_list1)) with
| Tuple2 a _ -> a
nat1 : nat
---------------------------------------
forall (nat_list1:nat list), if match (nat1) with
| true -> false
| false -> true then true else match (tf6 (nat_list1)) with
| Tuple2 _ b -> b = true -> tf4 (nat1) (match (nat1) with
| true -> plus (ZERO) (SUCC (ZERO))
| false -> ZERO) (tf1 (nat_list1) (nat_list1)) = match (tf6 (nat_list1)) with
| Tuple2 a _ -> a

0 goal(s) more...

1 conjecture(s) more...
Tactic List : 1
induction nat_list1(rank:6.)
=================================================
Progress: 11


1st goal of : forall (nat1:nat) (nat_list1:nat list), if match (nat1) with
| true -> false
| false -> true then true else match (tf6 (nat_list1)) with
| Tuple2 _ b -> b = true -> tf4 (nat1) (match (nat1) with
| true -> plus (ZERO) (SUCC (ZERO))
| false -> ZERO) (tf1 (nat_list1) (nat_list1)) = tf4 (false) (ZERO) (tf1 (nat_list1) (nat_list1))

---------------------------------------
forall (nat1:nat) (nat_list1:nat list), if match (nat1) with
| true -> false
| false -> true then true else match (tf6 (nat_list1)) with
| Tuple2 _ b -> b = true -> tf4 (nat1) (match (nat1) with
| true -> plus (ZERO) (SUCC (ZERO))
| false -> ZERO) (tf1 (nat_list1) (nat_list1)) = tf4 (false) (ZERO) (tf1 (nat_list1) (nat_list1))

0 goal(s) more...

1 conjecture(s) more...
>>> intro nat1(rank : 5.)


1st goal of : forall (nat1:nat) (nat_list1:nat list), if match (nat1) with
| true -> false
| false -> true then true else match (tf6 (nat_list1)) with
| Tuple2 _ b -> b = true -> tf4 (nat1) (match (nat1) with
| true -> plus (ZERO) (SUCC (ZERO))
| false -> ZERO) (tf1 (nat_list1) (nat_list1)) = tf4 (false) (ZERO) (tf1 (nat_list1) (nat_list1))
nat1 : nat
---------------------------------------
forall (nat_list1:nat list), if match (nat1) with
| true -> false
| false -> true then true else match (tf6 (nat_list1)) with
| Tuple2 _ b -> b = true -> tf4 (nat1) (match (nat1) with
| true -> plus (ZERO) (SUCC (ZERO))
| false -> ZERO) (tf1 (nat_list1) (nat_list1)) = tf4 (false) (ZERO) (tf1 (nat_list1) (nat_list1))

0 goal(s) more...

1 conjecture(s) more...
Tactic List : 1
induction nat_list1(rank:6.)
=================================================
Progress: 12


1st goal of : forall (nat1:nat) (nat_list1:nat list), if match (nat1) with
| true -> false
| false -> true then true else match (tf6 (nat_list1)) with
| Tuple2 _ b -> b = true -> tf4 (nat1) (match (nat1) with
| true -> plus (ZERO) (SUCC (ZERO))
| false -> ZERO) (tf1 (nat_list1) (nat_list1)) = match (tf6 (nat_list1)) with
| Tuple2 a _ -> a
nat1 : nat
---------------------------------------
forall (nat_list1:nat list), if match (nat1) with
| true -> false
| false -> true then true else match (tf6 (nat_list1)) with
| Tuple2 _ b -> b = true -> tf4 (nat1) (match (nat1) with
| true -> plus (ZERO) (SUCC (ZERO))
| false -> ZERO) (tf1 (nat_list1) (nat_list1)) = match (tf6 (nat_list1)) with
| Tuple2 a _ -> a

0 goal(s) more...

1 conjecture(s) more...
>>> induction nat_list1(rank : 6.)


1st goal of : forall (nat1:nat) (nat_list1:nat list), if match (nat1) with
| true -> false
| false -> true then true else match (tf6 (nat_list1)) with
| Tuple2 _ b -> b = true -> tf4 (nat1) (match (nat1) with
| true -> plus (ZERO) (SUCC (ZERO))
| false -> ZERO) (tf1 (nat_list1) (nat_list1)) = match (tf6 (nat_list1)) with
| Tuple2 a _ -> a
nat1 : nat
nat_list1 : nat list
Base1 : nat_list1 = (Nil)
---------------------------------------
if match (nat1) with
| true -> false
| false -> true then true else match (tf6 ((Nil))) with
| Tuple2 _ b -> b = true -> tf4 (nat1) (match (nat1) with
| true -> plus (ZERO) (SUCC (ZERO))
| false -> ZERO) (tf1 ((Nil)) ((Nil))) = match (tf6 ((Nil))) with
| Tuple2 a _ -> a

1 goal(s) more...

1 conjecture(s) more...
Tactic List : 1
simpl in goal(rank:6.)
=================================================
Progress: 13


1st goal of : forall (nat1:nat) (nat_list1:nat list), if match (nat1) with
| true -> false
| false -> true then true else match (tf6 (nat_list1)) with
| Tuple2 _ b -> b = true -> tf4 (nat1) (match (nat1) with
| true -> plus (ZERO) (SUCC (ZERO))
| false -> ZERO) (tf1 (nat_list1) (nat_list1)) = tf4 (false) (ZERO) (tf1 (nat_list1) (nat_list1))
nat1 : nat
---------------------------------------
forall (nat_list1:nat list), if match (nat1) with
| true -> false
| false -> true then true else match (tf6 (nat_list1)) with
| Tuple2 _ b -> b = true -> tf4 (nat1) (match (nat1) with
| true -> plus (ZERO) (SUCC (ZERO))
| false -> ZERO) (tf1 (nat_list1) (nat_list1)) = tf4 (false) (ZERO) (tf1 (nat_list1) (nat_list1))

0 goal(s) more...

1 conjecture(s) more...
>>> induction nat_list1(rank : 6.)


1st goal of : forall (nat1:nat) (nat_list1:nat list), if match (nat1) with
| true -> false
| false -> true then true else match (tf6 (nat_list1)) with
| Tuple2 _ b -> b = true -> tf4 (nat1) (match (nat1) with
| true -> plus (ZERO) (SUCC (ZERO))
| false -> ZERO) (tf1 (nat_list1) (nat_list1)) = tf4 (false) (ZERO) (tf1 (nat_list1) (nat_list1))
nat1 : nat
nat_list1 : nat list
Base1 : nat_list1 = (Nil)
---------------------------------------
if match (nat1) with
| true -> false
| false -> true then true else match (tf6 ((Nil))) with
| Tuple2 _ b -> b = true -> tf4 (nat1) (match (nat1) with
| true -> plus (ZERO) (SUCC (ZERO))
| false -> ZERO) (tf1 ((Nil)) ((Nil))) = tf4 (false) (ZERO) (tf1 ((Nil)) ((Nil)))

1 goal(s) more...

1 conjecture(s) more...
Tactic List : 1
simpl in goal(rank:6.)
=================================================
Progress: 14


1st goal of : forall (nat1:nat) (nat_list1:nat list), if match (nat1) with
| true -> false
| false -> true then true else match (tf6 (nat_list1)) with
| Tuple2 _ b -> b = true -> tf4 (nat1) (match (nat1) with
| true -> plus (ZERO) (SUCC (ZERO))
| false -> ZERO) (tf1 (nat_list1) (nat_list1)) = match (tf6 (nat_list1)) with
| Tuple2 a _ -> a
nat1 : nat
nat_list1 : nat list
Base1 : nat_list1 = (Nil)
---------------------------------------
if match (nat1) with
| true -> false
| false -> true then true else match (tf6 ((Nil))) with
| Tuple2 _ b -> b = true -> tf4 (nat1) (match (nat1) with
| true -> plus (ZERO) (SUCC (ZERO))
| false -> ZERO) (tf1 ((Nil)) ((Nil))) = match (tf6 ((Nil))) with
| Tuple2 a _ -> a

1 goal(s) more...

1 conjecture(s) more...
>>> simpl in goal(rank : 6.)


1st goal of : forall (nat1:nat) (nat_list1:nat list), if match (nat1) with
| true -> false
| false -> true then true else match (tf6 (nat_list1)) with
| Tuple2 _ b -> b = true -> tf4 (nat1) (match (nat1) with
| true -> plus (ZERO) (SUCC (ZERO))
| false -> ZERO) (tf1 (nat_list1) (nat_list1)) = match (tf6 (nat_list1)) with
| Tuple2 a _ -> a
nat1 : nat
nat_list1 : nat list
Base1 : nat_list1 = (Nil)
---------------------------------------
if match (nat1) with
| true -> false
| false -> true then true else match (tf6 ((Nil))) with
| Tuple2 _ b -> b = true -> match (nat1) with
| true -> plus (ZERO) (SUCC (ZERO))
| false -> ZERO = ZERO

1 goal(s) more...

1 conjecture(s) more...
Tactic List : 1
intro Cond1(rank:6.)
=================================================
Progress: 15


1st goal of : forall (nat1:nat) (nat_list1:nat list), if match (nat1) with
| true -> false
| false -> true then true else match (tf6 (nat_list1)) with
| Tuple2 _ b -> b = true -> tf4 (nat1) (match (nat1) with
| true -> plus (ZERO) (SUCC (ZERO))
| false -> ZERO) (tf1 (nat_list1) (nat_list1)) = tf4 (false) (ZERO) (tf1 (nat_list1) (nat_list1))
nat1 : nat
nat_list1 : nat list
Base1 : nat_list1 = (Nil)
---------------------------------------
if match (nat1) with
| true -> false
| false -> true then true else match (tf6 ((Nil))) with
| Tuple2 _ b -> b = true -> tf4 (nat1) (match (nat1) with
| true -> plus (ZERO) (SUCC (ZERO))
| false -> ZERO) (tf1 ((Nil)) ((Nil))) = tf4 (false) (ZERO) (tf1 ((Nil)) ((Nil)))

1 goal(s) more...

1 conjecture(s) more...
>>> simpl in goal(rank : 6.)


1st goal of : forall (nat1:nat) (nat_list1:nat list), if match (nat1) with
| true -> false
| false -> true then true else match (tf6 (nat_list1)) with
| Tuple2 _ b -> b = true -> tf4 (nat1) (match (nat1) with
| true -> plus (ZERO) (SUCC (ZERO))
| false -> ZERO) (tf1 (nat_list1) (nat_list1)) = tf4 (false) (ZERO) (tf1 (nat_list1) (nat_list1))
nat1 : nat
nat_list1 : nat list
Base1 : nat_list1 = (Nil)
---------------------------------------
if match (nat1) with
| true -> false
| false -> true then true else match (tf6 ((Nil))) with
| Tuple2 _ b -> b = true -> match (nat1) with
| true -> plus (ZERO) (SUCC (ZERO))
| false -> ZERO = ZERO

1 goal(s) more...

1 conjecture(s) more...
Tactic List : 1
intro Cond1(rank:6.)
=================================================
Progress: 16


1st goal of : forall (nat1:nat) (nat_list1:nat list), if match (nat1) with
| true -> false
| false -> true then true else match (tf6 (nat_list1)) with
| Tuple2 _ b -> b = true -> tf4 (nat1) (match (nat1) with
| true -> plus (ZERO) (SUCC (ZERO))
| false -> ZERO) (tf1 (nat_list1) (nat_list1)) = match (tf6 (nat_list1)) with
| Tuple2 a _ -> a
nat1 : nat
nat_list1 : nat list
Base1 : nat_list1 = (Nil)
---------------------------------------
if match (nat1) with
| true -> false
| false -> true then true else match (tf6 ((Nil))) with
| Tuple2 _ b -> b = true -> match (nat1) with
| true -> plus (ZERO) (SUCC (ZERO))
| false -> ZERO = ZERO

1 goal(s) more...

1 conjecture(s) more...
>>> intro Cond1(rank : 6.)


1st goal of : forall (nat1:nat) (nat_list1:nat list), if match (nat1) with
| true -> false
| false -> true then true else match (tf6 (nat_list1)) with
| Tuple2 _ b -> b = true -> tf4 (nat1) (match (nat1) with
| true -> plus (ZERO) (SUCC (ZERO))
| false -> ZERO) (tf1 (nat_list1) (nat_list1)) = match (tf6 (nat_list1)) with
| Tuple2 a _ -> a
nat1 : nat
nat_list1 : nat list
Base1 : nat_list1 = (Nil)
Cond1 : if match (nat1) with
| true -> false
| false -> true then true else match (tf6 ((Nil))) with
| Tuple2 _ b -> b = true
---------------------------------------
match (nat1) with
| true -> plus (ZERO) (SUCC (ZERO))
| false -> ZERO = ZERO

1 goal(s) more...

1 conjecture(s) more...
Tactic List : 0
previous tactics
simpl in goal
intro Cond1
validate generalize_common_subterm_goal
Prop: match (ZERO) with
| true -> plus (ZERO) (SUCC (ZERO))
| false -> ZERO = ZERO
Prop: match (ZERO) with
| true -> plus (ZERO) (SUCC (ZERO))
| false -> ZERO = ZERO
Prop: match (ZERO) with
| true -> plus (ZERO) (SUCC (ZERO))
| false -> ZERO = ZERO
Lemma List
forall (nat1:nat), if match (nat1) with
| true -> false
| false -> true then true else match (tf6 ((Nil))) with
| Tuple2 _ b -> b = true -> match (nat1) with
| true -> plus (ZERO) (SUCC (ZERO))
| false -> ZERO = ZERO
End of Lemma List


1st goal of : forall (nat1:nat) (nat_list1:nat list), if match (nat1) with
| true -> false
| false -> true then true else match (tf6 (nat_list1)) with
| Tuple2 _ b -> b = true -> tf4 (nat1) (match (nat1) with
| true -> plus (ZERO) (SUCC (ZERO))
| false -> ZERO) (tf1 (nat_list1) (nat_list1)) = match (tf6 (nat_list1)) with
| Tuple2 a _ -> a
nat1 : nat
nat_list1 : nat list
Base1 : nat_list1 = (Nil)
Cond1 : if match (nat1) with
| true -> false
| false -> true then true else match (tf6 ((Nil))) with
| Tuple2 _ b -> b = true
---------------------------------------
match (nat1) with
| true -> plus (ZERO) (SUCC (ZERO))
| false -> ZERO = ZERO

1 goal(s) more...

1 conjecture(s) more...
=================================================
Progress: 17


1st goal of : forall (nat1:nat) (nat_list1:nat list), if match (nat1) with
| true -> false
| false -> true then true else match (tf6 (nat_list1)) with
| Tuple2 _ b -> b = true -> tf4 (nat1) (match (nat1) with
| true -> plus (ZERO) (SUCC (ZERO))
| false -> ZERO) (tf1 (nat_list1) (nat_list1)) = match (tf6 (nat_list1)) with
| Tuple2 a _ -> a
nat1 : nat
nat_list1 : nat list
Base1 : nat_list1 = (Nil)
Cond1 : if match (nat1) with
| true -> false
| false -> true then true else match (tf6 ((Nil))) with
| Tuple2 _ b -> b = true
---------------------------------------
match (nat1) with
| true -> plus (ZERO) (SUCC (ZERO))
| false -> ZERO = ZERO

1 goal(s) more...

1 conjecture(s) more...
>>> assert forall (nat1:nat), if match (nat1) with
| true -> false
| false -> true then true else match (tf6 ((Nil))) with
| Tuple2 _ b -> b = true -> match (nat1) with
| true -> plus (ZERO) (SUCC (ZERO))
| false -> ZERO = ZERO(rank : 0.)


1st goal of : forall (nat1:nat), if match (nat1) with
| true -> false
| false -> true then true else match (tf6 ((Nil))) with
| Tuple2 _ b -> b = true -> match (nat1) with
| true -> plus (ZERO) (SUCC (ZERO))
| false -> ZERO = ZERO

---------------------------------------
forall (nat1:nat), if match (nat1) with
| true -> false
| false -> true then true else match (tf6 ((Nil))) with
| Tuple2 _ b -> b = true -> match (nat1) with
| true -> plus (ZERO) (SUCC (ZERO))
| false -> ZERO = ZERO

0 goal(s) more...

2 conjecture(s) more...
Tactic List : 1
intro nat1(rank:7.)
=================================================
Progress: 18


1st goal of : forall (nat1:nat) (nat_list1:nat list), if match (nat1) with
| true -> false
| false -> true then true else match (tf6 (nat_list1)) with
| Tuple2 _ b -> b = true -> tf4 (nat1) (match (nat1) with
| true -> plus (ZERO) (SUCC (ZERO))
| false -> ZERO) (tf1 (nat_list1) (nat_list1)) = tf4 (false) (ZERO) (tf1 (nat_list1) (nat_list1))
nat1 : nat
nat_list1 : nat list
Base1 : nat_list1 = (Nil)
---------------------------------------
if match (nat1) with
| true -> false
| false -> true then true else match (tf6 ((Nil))) with
| Tuple2 _ b -> b = true -> match (nat1) with
| true -> plus (ZERO) (SUCC (ZERO))
| false -> ZERO = ZERO

1 goal(s) more...

1 conjecture(s) more...
>>> intro Cond1(rank : 6.)


1st goal of : forall (nat1:nat) (nat_list1:nat list), if match (nat1) with
| true -> false
| false -> true then true else match (tf6 (nat_list1)) with
| Tuple2 _ b -> b = true -> tf4 (nat1) (match (nat1) with
| true -> plus (ZERO) (SUCC (ZERO))
| false -> ZERO) (tf1 (nat_list1) (nat_list1)) = tf4 (false) (ZERO) (tf1 (nat_list1) (nat_list1))
nat1 : nat
nat_list1 : nat list
Base1 : nat_list1 = (Nil)
Cond1 : if match (nat1) with
| true -> false
| false -> true then true else match (tf6 ((Nil))) with
| Tuple2 _ b -> b = true
---------------------------------------
match (nat1) with
| true -> plus (ZERO) (SUCC (ZERO))
| false -> ZERO = ZERO

1 goal(s) more...

1 conjecture(s) more...
Tactic List : 0
previous tactics
simpl in goal
intro Cond1
validate generalize_common_subterm_goal
Prop: match (ZERO) with
| true -> plus (ZERO) (SUCC (ZERO))
| false -> ZERO = ZERO
Prop: match (ZERO) with
| true -> plus (ZERO) (SUCC (ZERO))
| false -> ZERO = ZERO
Prop: match (ZERO) with
| true -> plus (ZERO) (SUCC (ZERO))
| false -> ZERO = ZERO
Lemma List
forall (nat1:nat), if match (nat1) with
| true -> false
| false -> true then true else match (tf6 ((Nil))) with
| Tuple2 _ b -> b = true -> match (nat1) with
| true -> plus (ZERO) (SUCC (ZERO))
| false -> ZERO = ZERO
End of Lemma List


1st goal of : forall (nat1:nat) (nat_list1:nat list), if match (nat1) with
| true -> false
| false -> true then true else match (tf6 (nat_list1)) with
| Tuple2 _ b -> b = true -> tf4 (nat1) (match (nat1) with
| true -> plus (ZERO) (SUCC (ZERO))
| false -> ZERO) (tf1 (nat_list1) (nat_list1)) = tf4 (false) (ZERO) (tf1 (nat_list1) (nat_list1))
nat1 : nat
nat_list1 : nat list
Base1 : nat_list1 = (Nil)
Cond1 : if match (nat1) with
| true -> false
| false -> true then true else match (tf6 ((Nil))) with
| Tuple2 _ b -> b = true
---------------------------------------
match (nat1) with
| true -> plus (ZERO) (SUCC (ZERO))
| false -> ZERO = ZERO

1 goal(s) more...

1 conjecture(s) more...
=================================================
Progress: 19


1st goal of : forall (nat1:nat) (nat_list1:nat list), if match (nat1) with
| true -> false
| false -> true then true else match (tf6 (nat_list1)) with
| Tuple2 _ b -> b = true -> tf4 (nat1) (match (nat1) with
| true -> plus (ZERO) (SUCC (ZERO))
| false -> ZERO) (tf1 (nat_list1) (nat_list1)) = tf4 (false) (ZERO) (tf1 (nat_list1) (nat_list1))
nat1 : nat
nat_list1 : nat list
Base1 : nat_list1 = (Nil)
Cond1 : if match (nat1) with
| true -> false
| false -> true then true else match (tf6 ((Nil))) with
| Tuple2 _ b -> b = true
---------------------------------------
match (nat1) with
| true -> plus (ZERO) (SUCC (ZERO))
| false -> ZERO = ZERO

1 goal(s) more...

1 conjecture(s) more...
>>> assert forall (nat1:nat), if match (nat1) with
| true -> false
| false -> true then true else match (tf6 ((Nil))) with
| Tuple2 _ b -> b = true -> match (nat1) with
| true -> plus (ZERO) (SUCC (ZERO))
| false -> ZERO = ZERO(rank : 0.)


1st goal of : forall (nat1:nat), if match (nat1) with
| true -> false
| false -> true then true else match (tf6 ((Nil))) with
| Tuple2 _ b -> b = true -> match (nat1) with
| true -> plus (ZERO) (SUCC (ZERO))
| false -> ZERO = ZERO

---------------------------------------
forall (nat1:nat), if match (nat1) with
| true -> false
| false -> true then true else match (tf6 ((Nil))) with
| Tuple2 _ b -> b = true -> match (nat1) with
| true -> plus (ZERO) (SUCC (ZERO))
| false -> ZERO = ZERO

0 goal(s) more...

2 conjecture(s) more...
Tactic List : 1
intro nat1(rank:7.)
=================================================
Progress: 20


1st goal of : forall (nat1:nat), if match (nat1) with
| true -> false
| false -> true then true else match (tf6 ((Nil))) with
| Tuple2 _ b -> b = true -> match (nat1) with
| true -> plus (ZERO) (SUCC (ZERO))
| false -> ZERO = ZERO

---------------------------------------
forall (nat1:nat), if match (nat1) with
| true -> false
| false -> true then true else match (tf6 ((Nil))) with
| Tuple2 _ b -> b = true -> match (nat1) with
| true -> plus (ZERO) (SUCC (ZERO))
| false -> ZERO = ZERO

0 goal(s) more...

2 conjecture(s) more...
>>> intro nat1(rank : 7.)


1st goal of : forall (nat1:nat), if match (nat1) with
| true -> false
| false -> true then true else match (tf6 ((Nil))) with
| Tuple2 _ b -> b = true -> match (nat1) with
| true -> plus (ZERO) (SUCC (ZERO))
| false -> ZERO = ZERO
nat1 : nat
---------------------------------------
if match (nat1) with
| true -> false
| false -> true then true else match (tf6 ((Nil))) with
| Tuple2 _ b -> b = true -> match (nat1) with
| true -> plus (ZERO) (SUCC (ZERO))
| false -> ZERO = ZERO

0 goal(s) more...

2 conjecture(s) more...
Tactic List : 1
intro Cond1(rank:7.)
=================================================
Progress: 21


1st goal of : forall (nat1:nat), if match (nat1) with
| true -> false
| false -> true then true else match (tf6 ((Nil))) with
| Tuple2 _ b -> b = true -> match (nat1) with
| true -> plus (ZERO) (SUCC (ZERO))
| false -> ZERO = ZERO

---------------------------------------
forall (nat1:nat), if match (nat1) with
| true -> false
| false -> true then true else match (tf6 ((Nil))) with
| Tuple2 _ b -> b = true -> match (nat1) with
| true -> plus (ZERO) (SUCC (ZERO))
| false -> ZERO = ZERO

0 goal(s) more...

2 conjecture(s) more...
>>> intro nat1(rank : 7.)


1st goal of : forall (nat1:nat), if match (nat1) with
| true -> false
| false -> true then true else match (tf6 ((Nil))) with
| Tuple2 _ b -> b = true -> match (nat1) with
| true -> plus (ZERO) (SUCC (ZERO))
| false -> ZERO = ZERO
nat1 : nat
---------------------------------------
if match (nat1) with
| true -> false
| false -> true then true else match (tf6 ((Nil))) with
| Tuple2 _ b -> b = true -> match (nat1) with
| true -> plus (ZERO) (SUCC (ZERO))
| false -> ZERO = ZERO

0 goal(s) more...

2 conjecture(s) more...
Tactic List : 1
intro Cond1(rank:7.)
=================================================
Progress: 22


1st goal of : forall (nat1:nat), if match (nat1) with
| true -> false
| false -> true then true else match (tf6 ((Nil))) with
| Tuple2 _ b -> b = true -> match (nat1) with
| true -> plus (ZERO) (SUCC (ZERO))
| false -> ZERO = ZERO
nat1 : nat
---------------------------------------
if match (nat1) with
| true -> false
| false -> true then true else match (tf6 ((Nil))) with
| Tuple2 _ b -> b = true -> match (nat1) with
| true -> plus (ZERO) (SUCC (ZERO))
| false -> ZERO = ZERO

0 goal(s) more...

2 conjecture(s) more...
>>> intro Cond1(rank : 7.)


1st goal of : forall (nat1:nat), if match (nat1) with
| true -> false
| false -> true then true else match (tf6 ((Nil))) with
| Tuple2 _ b -> b = true -> match (nat1) with
| true -> plus (ZERO) (SUCC (ZERO))
| false -> ZERO = ZERO
nat1 : nat
Cond1 : if match (nat1) with
| true -> false
| false -> true then true else match (tf6 ((Nil))) with
| Tuple2 _ b -> b = true
---------------------------------------
match (nat1) with
| true -> plus (ZERO) (SUCC (ZERO))
| false -> ZERO = ZERO

0 goal(s) more...

2 conjecture(s) more...
Tactic List : 0
validate generalize_common_subterm_goal
Prop: match (ZERO) with
| true -> plus (ZERO) (SUCC (ZERO))
| false -> ZERO = ZERO
Prop: match (ZERO) with
| true -> plus (ZERO) (SUCC (ZERO))
| false -> ZERO = ZERO
Prop: match (ZERO) with
| true -> plus (ZERO) (SUCC (ZERO))
| false -> ZERO = ZERO
Lemma List
forall (nat1:nat), if match (nat1) with
| true -> false
| false -> true then true else match (tf6 ((Nil))) with
| Tuple2 _ b -> b = true -> match (nat1) with
| true -> plus (ZERO) (SUCC (ZERO))
| false -> ZERO = ZERO
End of Lemma List


1st goal of : forall (nat1:nat), if match (nat1) with
| true -> false
| false -> true then true else match (tf6 ((Nil))) with
| Tuple2 _ b -> b = true -> match (nat1) with
| true -> plus (ZERO) (SUCC (ZERO))
| false -> ZERO = ZERO
nat1 : nat
Cond1 : if match (nat1) with
| true -> false
| false -> true then true else match (tf6 ((Nil))) with
| Tuple2 _ b -> b = true
---------------------------------------
match (nat1) with
| true -> plus (ZERO) (SUCC (ZERO))
| false -> ZERO = ZERO

0 goal(s) more...

2 conjecture(s) more...
=================================================
Progress: 23


1st goal of : forall (nat1:nat), if match (nat1) with
| true -> false
| false -> true then true else match (tf6 ((Nil))) with
| Tuple2 _ b -> b = true -> match (nat1) with
| true -> plus (ZERO) (SUCC (ZERO))
| false -> ZERO = ZERO
nat1 : nat
Cond1 : if match (nat1) with
| true -> false
| false -> true then true else match (tf6 ((Nil))) with
| Tuple2 _ b -> b = true
---------------------------------------
match (nat1) with
| true -> plus (ZERO) (SUCC (ZERO))
| false -> ZERO = ZERO

0 goal(s) more...

2 conjecture(s) more...
>>> assert forall (nat1:nat), if match (nat1) with
| true -> false
| false -> true then true else match (tf6 ((Nil))) with
| Tuple2 _ b -> b = true -> match (nat1) with
| true -> plus (ZERO) (SUCC (ZERO))
| false -> ZERO = ZERO(rank : 0.)


1st goal of : forall (nat1:nat), if match (nat1) with
| true -> false
| false -> true then true else match (tf6 ((Nil))) with
| Tuple2 _ b -> b = true -> match (nat1) with
| true -> plus (ZERO) (SUCC (ZERO))
| false -> ZERO = ZERO

---------------------------------------
forall (nat1:nat), if match (nat1) with
| true -> false
| false -> true then true else match (tf6 ((Nil))) with
| Tuple2 _ b -> b = true -> match (nat1) with
| true -> plus (ZERO) (SUCC (ZERO))
| false -> ZERO = ZERO

0 goal(s) more...

3 conjecture(s) more...
Tactic List : 1
intro nat1(rank:9.)
=================================================
Progress: 24


1st goal of : forall (nat1:nat), if match (nat1) with
| true -> false
| false -> true then true else match (tf6 ((Nil))) with
| Tuple2 _ b -> b = true -> match (nat1) with
| true -> plus (ZERO) (SUCC (ZERO))
| false -> ZERO = ZERO
nat1 : nat
---------------------------------------
if match (nat1) with
| true -> false
| false -> true then true else match (tf6 ((Nil))) with
| Tuple2 _ b -> b = true -> match (nat1) with
| true -> plus (ZERO) (SUCC (ZERO))
| false -> ZERO = ZERO

0 goal(s) more...

2 conjecture(s) more...
>>> intro Cond1(rank : 7.)


1st goal of : forall (nat1:nat), if match (nat1) with
| true -> false
| false -> true then true else match (tf6 ((Nil))) with
| Tuple2 _ b -> b = true -> match (nat1) with
| true -> plus (ZERO) (SUCC (ZERO))
| false -> ZERO = ZERO
nat1 : nat
Cond1 : if match (nat1) with
| true -> false
| false -> true then true else match (tf6 ((Nil))) with
| Tuple2 _ b -> b = true
---------------------------------------
match (nat1) with
| true -> plus (ZERO) (SUCC (ZERO))
| false -> ZERO = ZERO

0 goal(s) more...

2 conjecture(s) more...
Tactic List : 0
validate generalize_common_subterm_goal
Prop: match (SUCC (ZERO)) with
| true -> plus (ZERO) (SUCC (ZERO))
| false -> ZERO = ZERO
Prop: match (ZERO) with
| true -> plus (ZERO) (SUCC (ZERO))
| false -> ZERO = ZERO
Prop: match (ZERO) with
| true -> plus (ZERO) (SUCC (ZERO))
| false -> ZERO = ZERO
=================================================
Progress: 25


1st goal of : forall (nat1:nat), if match (nat1) with
| true -> false
| false -> true then true else match (tf6 ((Nil))) with
| Tuple2 _ b -> b = true -> match (nat1) with
| true -> plus (ZERO) (SUCC (ZERO))
| false -> ZERO = ZERO

---------------------------------------
forall (nat1:nat), if match (nat1) with
| true -> false
| false -> true then true else match (tf6 ((Nil))) with
| Tuple2 _ b -> b = true -> match (nat1) with
| true -> plus (ZERO) (SUCC (ZERO))
| false -> ZERO = ZERO

0 goal(s) more...

3 conjecture(s) more...
>>> intro nat1(rank : 9.)


1st goal of : forall (nat1:nat), if match (nat1) with
| true -> false
| false -> true then true else match (tf6 ((Nil))) with
| Tuple2 _ b -> b = true -> match (nat1) with
| true -> plus (ZERO) (SUCC (ZERO))
| false -> ZERO = ZERO
nat1 : nat
---------------------------------------
if match (nat1) with
| true -> false
| false -> true then true else match (tf6 ((Nil))) with
| Tuple2 _ b -> b = true -> match (nat1) with
| true -> plus (ZERO) (SUCC (ZERO))
| false -> ZERO = ZERO

0 goal(s) more...

3 conjecture(s) more...
Tactic List : 1
intro Cond1(rank:9.)
=================================================
Progress: 26


1st goal of : forall (nat1:nat), if match (nat1) with
| true -> false
| false -> true then true else match (tf6 ((Nil))) with
| Tuple2 _ b -> b = true -> match (nat1) with
| true -> plus (ZERO) (SUCC (ZERO))
| false -> ZERO = ZERO
nat1 : nat
---------------------------------------
if match (nat1) with
| true -> false
| false -> true then true else match (tf6 ((Nil))) with
| Tuple2 _ b -> b = true -> match (nat1) with
| true -> plus (ZERO) (SUCC (ZERO))
| false -> ZERO = ZERO

0 goal(s) more...

3 conjecture(s) more...
>>> intro Cond1(rank : 9.)


1st goal of : forall (nat1:nat), if match (nat1) with
| true -> false
| false -> true then true else match (tf6 ((Nil))) with
| Tuple2 _ b -> b = true -> match (nat1) with
| true -> plus (ZERO) (SUCC (ZERO))
| false -> ZERO = ZERO
nat1 : nat
Cond1 : if match (nat1) with
| true -> false
| false -> true then true else match (tf6 ((Nil))) with
| Tuple2 _ b -> b = true
---------------------------------------
match (nat1) with
| true -> plus (ZERO) (SUCC (ZERO))
| false -> ZERO = ZERO

0 goal(s) more...

3 conjecture(s) more...
Tactic List : 0
validate generalize_common_subterm_goal
Prop: match (SUCC (ZERO)) with
| true -> plus (ZERO) (SUCC (ZERO))
| false -> ZERO = ZERO
Prop: match (SUCC (ZERO)) with
| true -> plus (ZERO) (SUCC (ZERO))
| false -> ZERO = ZERO
Prop: match (ZERO) with
| true -> plus (ZERO) (SUCC (ZERO))
| false -> ZERO = ZERO
=================================================
Progress: 27


1st goal of : forall (nat_list1:nat list), main (nat_list1) = mainNew (nat_list1)
nat_list1 : nat list
nat1 : nat
nat_list2 : nat list
IH1 : tf4 (false) (ZERO) (tf1 (nat_list2) (nat_list2)) = match (tf6 (nat_list2)) with
| Tuple2 a _ -> a
Inductive1 : nat_list1 = (nat1::nat_list2)
Case1 : if match (nat1) with
| true -> false
| false -> true then true else match (tf6 (nat_list2)) with
| Tuple2 _ b -> b = true
---------------------------------------
tf4 (nat1) (match (nat1) with
| true -> plus (ZERO) (SUCC (ZERO))
| false -> ZERO) (tf1 (nat_list2) (nat_list2)) = match (tf6 (nat_list2)) with
| Tuple2 a _ -> a

1 goal(s) more...

0 conjecture(s) more...
>>> case tf6 (nat_list2)(rank : 28.)


1st goal of : forall (nat_list1:nat list), main (nat_list1) = mainNew (nat_list1)
nat_list1 : nat list
nat1 : nat
nat_list2 : nat list
IH1 : tf4 (false) (ZERO) (tf1 (nat_list2) (nat_list2)) = nat2
Inductive1 : nat_list1 = (nat1::nat_list2)
Case1 : if match (nat1) with
| true -> false
| false -> true then true else match (Tuple2 (nat2) (nat3)) with
| Tuple2 _ b -> b = true
Case2 : tf6 (nat_list2) = Tuple2 (nat2) (nat3)
---------------------------------------
tf4 (nat1) (match (nat1) with
| true -> plus (ZERO) (SUCC (ZERO))
| false -> ZERO) (tf1 (nat_list2) (nat_list2)) = nat2

1 goal(s) more...

0 conjecture(s) more...
Tactic List : 1
rewrite <- IH1 in goal at 0(rank:4.)
=================================================
Progress: 28


1st goal of : forall (nat_list1:nat list), main (nat_list1) = mainNew (nat_list1)
nat_list1 : nat list
nat1 : nat
nat_list2 : nat list
IH1 : tf4 (false) (ZERO) (tf1 (nat_list2) (nat_list2)) = nat2
Inductive1 : nat_list1 = (nat1::nat_list2)
Case1 : if match (nat1) with
| true -> false
| false -> true then true else match (Tuple2 (nat2) (nat3)) with
| Tuple2 _ b -> b = true
Case2 : tf6 (nat_list2) = Tuple2 (nat2) (nat3)
---------------------------------------
tf4 (nat1) (match (nat1) with
| true -> plus (ZERO) (SUCC (ZERO))
| false -> ZERO) (tf1 (nat_list2) (nat_list2)) = nat2

1 goal(s) more...

0 conjecture(s) more...
>>> rewrite <- IH1 in goal at 0(rank : 4.)


1st goal of : forall (nat_list1:nat list), main (nat_list1) = mainNew (nat_list1)
nat_list1 : nat list
nat1 : nat
nat_list2 : nat list
IH1 : tf4 (false) (ZERO) (tf1 (nat_list2) (nat_list2)) = nat2
Inductive1 : nat_list1 = (nat1::nat_list2)
Case1 : if match (nat1) with
| true -> false
| false -> true then true else match (Tuple2 (nat2) (nat3)) with
| Tuple2 _ b -> b = true
Case2 : tf6 (nat_list2) = Tuple2 (nat2) (nat3)
---------------------------------------
tf4 (nat1) (match (nat1) with
| true -> plus (ZERO) (SUCC (ZERO))
| false -> ZERO) (tf1 (nat_list2) (nat_list2)) = tf4 (false) (ZERO) (tf1 (nat_list2) (nat_list2))

1 goal(s) more...

0 conjecture(s) more...
Tactic List : 0
previous tactics
simpl in goal
case if match (nat1) with
| true -> false
| false -> true then true else match (tf6 (nat_list2)) with
| Tuple2 _ b -> b
case tf6 (nat_list2)
rewrite <- IH1 in goal at 0
validate generalize_common_subterm_goal
Prop: tf4 (ZERO) (match (ZERO) with
| true -> plus (ZERO) (SUCC (ZERO))
| false -> ZERO) (tf1 ((Nil)) ((Nil))) = tf4 (false) (ZERO) (tf1 ((Nil)) ((Nil)))
Prop: tf4 (SUCC (SUCC (SUCC (SUCC (ZERO))))) (match (SUCC (SUCC (SUCC (SUCC (ZERO))))) with
| true -> plus (ZERO) (SUCC (ZERO))
| false -> ZERO) (tf1 ((SUCC (SUCC (ZERO))::(Nil))) ((SUCC (SUCC (ZERO))::(Nil)))) = tf4 (false) (ZERO) (tf1 ((SUCC (SUCC (ZERO))::(Nil))) ((SUCC (SUCC (ZERO))::(Nil))))
Prop: tf4 (ZERO) (match (ZERO) with
| true -> plus (ZERO) (SUCC (ZERO))
| false -> ZERO) (tf1 ((SUCC (ZERO)::(Nil))) ((SUCC (ZERO)::(Nil)))) = tf4 (false) (ZERO) (tf1 ((SUCC (ZERO)::(Nil))) ((SUCC (ZERO)::(Nil))))
asdf
previous tactics
simpl in goal
case if match (nat1) with
| true -> false
| false -> true then true else match (tf6 (nat_list2)) with
| Tuple2 _ b -> b
case tf6 (nat_list2)
parent
tf4 (nat1) (match (nat1) with
| true -> plus (ZERO) (SUCC (ZERO))
| false -> ZERO) (tf1 (nat_list2) (nat_list2))
lower
tf4(_, _, tf1(nat_list2, nat_list2))
upper
_
remove upper
tf4(false(), ZERO(), tf1(nat_list2, nat_list2))
remove lower
tf4(false(), ZERO(), tf1(nat_list2, nat_list2))
remove upper
tf4(nat1, _, tf1(nat_list2, nat_list2))
remove lower
tf4(nat1, _, tf1(nat_list2, nat_list2))
remove upper
tf4(nat2, _, tf1(nat_list3, nat_list3))
remove lower
tf4(nat2, _, tf1(nat_list3, nat_list3))
remove upper
tf4(nat3, _, tf1(nat_list4, nat_list4))
remove lower
tf4(nat3, _, tf1(nat_list4, nat_list4))
validate generalize_common_subterm_goal
Prop: tf4 (ZERO) (match (ZERO) with
| true -> plus (ZERO) (SUCC (ZERO))
| false -> ZERO) (tf1 ((SUCC (ZERO)::(Nil))) ((SUCC (ZERO)::(Nil)))) = ZERO
Prop: tf4 (ZERO) (match (ZERO) with
| true -> plus (ZERO) (SUCC (ZERO))
| false -> ZERO) (tf1 ((Nil)) ((Nil))) = ZERO
Prop: tf4 (ZERO) (match (ZERO) with
| true -> plus (ZERO) (SUCC (ZERO))
| false -> ZERO) (tf1 ((SUCC (ZERO)::(Nil))) ((SUCC (ZERO)::(Nil)))) = ZERO
asdf
Fatal error: exception Failure("worklist is empty")
Raised at Stdlib.failwith in file "stdlib.ml", line 29, characters 17-33
Called from Dilemma__Engine.proof_auto in file "lib/engine.ml", line 284, characters 8-69
Called from Dune__exe__Main.main in file "bin/main.ml", line 24, characters 12-79
