Enter the definition file path (1/2) : 
> Enter the definition file path (2/2) : 
> Choose the proof type :
1) Interactive Mode 	 2) Auto Mode
Enter the goal : =================================================
Progress: 1


No conjecture
>>> assert forall (lst:nat list), main (lst) = mainNew (lst)(rank : 0.)


1st goal of : forall (nat_list1:nat list), main (nat_list1) = mainNew (nat_list1)

---------------------------------------
forall (nat_list1:nat list), main (nat_list1) = mainNew (nat_list1)

0 goal(s) more...

0 conjecture(s) more...
Tactic List : 1
simpl in goal(rank:3.)
=================================================
Progress: 2


1st goal of : forall (nat_list1:nat list), main (nat_list1) = mainNew (nat_list1)

---------------------------------------
forall (nat_list1:nat list), main (nat_list1) = mainNew (nat_list1)

0 goal(s) more...

0 conjecture(s) more...
>>> simpl in goal(rank : 3.)


1st goal of : forall (nat_list1:nat list), main (nat_list1) = mainNew (nat_list1)

---------------------------------------
forall (nat_list1:nat list), mps (tf1 (nat_list1) (nat_list1)) = mainNew (nat_list1)

0 goal(s) more...

0 conjecture(s) more...
Tactic List : 1
induction nat_list1(rank:4.)
=================================================
Progress: 3


1st goal of : forall (nat_list1:nat list), main (nat_list1) = mainNew (nat_list1)

---------------------------------------
forall (nat_list1:nat list), mps (tf1 (nat_list1) (nat_list1)) = mainNew (nat_list1)

0 goal(s) more...

0 conjecture(s) more...
>>> induction nat_list1(rank : 4.)


1st goal of : forall (nat_list1:nat list), main (nat_list1) = mainNew (nat_list1)
nat_list1 : nat list
Base1 : nat_list1 = (Nil)
---------------------------------------
mps (tf1 ((Nil)) ((Nil))) = mainNew ((Nil))

1 goal(s) more...

0 conjecture(s) more...
Tactic List : 1
reflexivity(rank:3.)
=================================================
Progress: 4


1st goal of : forall (nat_list1:nat list), main (nat_list1) = mainNew (nat_list1)
nat_list1 : nat list
Base1 : nat_list1 = (Nil)
---------------------------------------
mps (tf1 ((Nil)) ((Nil))) = mainNew ((Nil))

1 goal(s) more...

0 conjecture(s) more...
>>> reflexivity(rank : 3.)


1st goal of : forall (nat_list1:nat list), main (nat_list1) = mainNew (nat_list1)
nat_list1 : nat list
nat1 : nat
nat_list2 : nat list
IH1 : mps (tf1 (nat_list2) (nat_list2)) = mainNew (nat_list2)
Inductive1 : nat_list1 = (nat1::nat_list2)
---------------------------------------
mps (tf1 ((nat1::nat_list2)) ((nat1::nat_list2))) = mainNew ((nat1::nat_list2))

0 goal(s) more...

0 conjecture(s) more...
Deduplication: 0
Tactic List : 1
simpl in goal(rank:3.)
=================================================
Progress: 5


1st goal of : forall (nat_list1:nat list), main (nat_list1) = mainNew (nat_list1)
nat_list1 : nat list
nat1 : nat
nat_list2 : nat list
IH1 : mps (tf1 (nat_list2) (nat_list2)) = mainNew (nat_list2)
Inductive1 : nat_list1 = (nat1::nat_list2)
---------------------------------------
mps (tf1 ((nat1::nat_list2)) ((nat1::nat_list2))) = mainNew ((nat1::nat_list2))

0 goal(s) more...

0 conjecture(s) more...
>>> simpl in goal(rank : 3.)


1st goal of : forall (nat_list1:nat list), main (nat_list1) = mainNew (nat_list1)
nat_list1 : nat list
nat1 : nat
nat_list2 : nat list
IH1 : mps (tf1 (nat_list2) (nat_list2)) = mainNew (nat_list2)
Inductive1 : nat_list1 = (nat1::nat_list2)
---------------------------------------
if lq (ZERO) (plus (mps (tf1 (nat_list2) (nat_list2))) (nat1)) then ZERO else plus (mps (tf1 (nat_list2) (nat_list2))) (nat1) = ZERO

0 goal(s) more...

0 conjecture(s) more...
Tactic List : 4
case lq (ZERO) (plus (mps (tf1 (nat_list2) (nat_list2))) (nat1))(rank:4.)
rewrite IH1 in goal at 2(rank:11.)
rewrite IH1 in goal at 0(rank:11.)
rewrite IH1 in goal at 1(rank:11.)
=================================================
Progress: 6


1st goal of : forall (nat_list1:nat list), main (nat_list1) = mainNew (nat_list1)
nat_list1 : nat list
nat1 : nat
nat_list2 : nat list
IH1 : mps (tf1 (nat_list2) (nat_list2)) = mainNew (nat_list2)
Inductive1 : nat_list1 = (nat1::nat_list2)
---------------------------------------
if lq (ZERO) (plus (mps (tf1 (nat_list2) (nat_list2))) (nat1)) then ZERO else plus (mps (tf1 (nat_list2) (nat_list2))) (nat1) = ZERO

0 goal(s) more...

0 conjecture(s) more...
>>> case lq (ZERO) (plus (mps (tf1 (nat_list2) (nat_list2))) (nat1))(rank : 4.)


1st goal of : forall (nat_list1:nat list), main (nat_list1) = mainNew (nat_list1)
nat_list1 : nat list
nat1 : nat
nat_list2 : nat list
IH1 : mps (tf1 (nat_list2) (nat_list2)) = mainNew (nat_list2)
Inductive1 : nat_list1 = (nat1::nat_list2)
Case1 : lq (ZERO) (plus (mps (tf1 (nat_list2) (nat_list2))) (nat1)) = true
---------------------------------------
ZERO = ZERO

1 goal(s) more...

0 conjecture(s) more...
Tactic List : 1
reflexivity(rank:3.)
=================================================
Progress: 7


1st goal of : forall (nat_list1:nat list), main (nat_list1) = mainNew (nat_list1)
nat_list1 : nat list
nat1 : nat
nat_list2 : nat list
IH1 : mps (tf1 (nat_list2) (nat_list2)) = mainNew (nat_list2)
Inductive1 : nat_list1 = (nat1::nat_list2)
Case1 : lq (ZERO) (plus (mps (tf1 (nat_list2) (nat_list2))) (nat1)) = true
---------------------------------------
ZERO = ZERO

1 goal(s) more...

0 conjecture(s) more...
>>> reflexivity(rank : 3.)


1st goal of : forall (nat_list1:nat list), main (nat_list1) = mainNew (nat_list1)
nat_list1 : nat list
nat1 : nat
nat_list2 : nat list
IH1 : mps (tf1 (nat_list2) (nat_list2)) = mainNew (nat_list2)
Inductive1 : nat_list1 = (nat1::nat_list2)
Case1 : lq (ZERO) (plus (mps (tf1 (nat_list2) (nat_list2))) (nat1)) = false
---------------------------------------
plus (mps (tf1 (nat_list2) (nat_list2))) (nat1) = ZERO

0 goal(s) more...

0 conjecture(s) more...
Deduplication: 0
Tactic List : 1
rewrite IH1 in goal at 0(rank:3.)
=================================================
Progress: 8


1st goal of : forall (nat_list1:nat list), main (nat_list1) = mainNew (nat_list1)
nat_list1 : nat list
nat1 : nat
nat_list2 : nat list
IH1 : mps (tf1 (nat_list2) (nat_list2)) = mainNew (nat_list2)
Inductive1 : nat_list1 = (nat1::nat_list2)
Case1 : lq (ZERO) (plus (mps (tf1 (nat_list2) (nat_list2))) (nat1)) = false
---------------------------------------
plus (mps (tf1 (nat_list2) (nat_list2))) (nat1) = ZERO

0 goal(s) more...

0 conjecture(s) more...
>>> rewrite IH1 in goal at 0(rank : 3.)


1st goal of : forall (nat_list1:nat list), main (nat_list1) = mainNew (nat_list1)
nat_list1 : nat list
nat1 : nat
nat_list2 : nat list
IH1 : mps (tf1 (nat_list2) (nat_list2)) = mainNew (nat_list2)
Inductive1 : nat_list1 = (nat1::nat_list2)
Case1 : lq (ZERO) (plus (mps (tf1 (nat_list2) (nat_list2))) (nat1)) = false
---------------------------------------
plus (mainNew (nat_list2)) (nat1) = ZERO

0 goal(s) more...

0 conjecture(s) more...
Tactic List : 0
previous tactics
simpl in goal
case lq (ZERO) (plus (mps (tf1 (nat_list2) (nat_list2))) (nat1))
reflexivity
rewrite IH1 in goal at 0
validate generalize_common_subterm_goal
Prop: plus (mainNew ((Nil))) (ZERO) = ZERO
Prop: plus (mainNew ((ZERO::(Nil)))) (ZERO) = ZERO
Prop: plus (mainNew ((Nil))) (ZERO) = ZERO
previous tactics
simpl in goal
case lq (ZERO) (plus (mps (tf1 (nat_list2) (nat_list2))) (nat1))
reflexivity
validate generalize_common_subterm_goal
Prop: plus (mps (tf1 ((ZERO::(ZERO::(Nil)))) ((ZERO::(ZERO::(Nil)))))) (ZERO) = ZERO
Prop: plus (mps (tf1 ((SUCC (SUCC (ZERO))::(Nil))) ((SUCC (SUCC (ZERO))::(Nil))))) (SUCC (SUCC (ZERO))) = ZERO
Prop: plus (mps (tf1 ((ZERO::(Nil))) ((ZERO::(Nil))))) (SUCC (ZERO)) = ZERO
Lemma List
forall (nat1:nat) (nat_list1:nat list), lq (ZERO) (plus (mps (tf1 (nat_list1) (nat_list1))) (nat1)) = false -> plus (mps (tf1 (nat_list1) (nat_list1))) (nat1) = ZERO
End of Lemma List


1st goal of : forall (nat_list1:nat list), main (nat_list1) = mainNew (nat_list1)
nat_list1 : nat list
nat1 : nat
nat_list2 : nat list
IH1 : mps (tf1 (nat_list2) (nat_list2)) = mainNew (nat_list2)
Inductive1 : nat_list1 = (nat1::nat_list2)
Case1 : lq (ZERO) (plus (mps (tf1 (nat_list2) (nat_list2))) (nat1)) = false
---------------------------------------
plus (mps (tf1 (nat_list2) (nat_list2))) (nat1) = ZERO

0 goal(s) more...

0 conjecture(s) more...
Lemma List
forall (nat1:nat) (nat_list1:nat list), lq (ZERO) (plus (mps (tf1 (nat_list1) (nat_list1))) (nat1)) = false -> plus (mainNew (nat_list1)) (nat1) = ZERO
End of Lemma List


1st goal of : forall (nat_list1:nat list), main (nat_list1) = mainNew (nat_list1)
nat_list1 : nat list
nat1 : nat
nat_list2 : nat list
IH1 : mps (tf1 (nat_list2) (nat_list2)) = mainNew (nat_list2)
Inductive1 : nat_list1 = (nat1::nat_list2)
Case1 : lq (ZERO) (plus (mps (tf1 (nat_list2) (nat_list2))) (nat1)) = false
---------------------------------------
plus (mainNew (nat_list2)) (nat1) = ZERO

0 goal(s) more...

0 conjecture(s) more...
=================================================
Progress: 9


1st goal of : forall (nat_list1:nat list), main (nat_list1) = mainNew (nat_list1)
nat_list1 : nat list
nat1 : nat
nat_list2 : nat list
IH1 : mps (tf1 (nat_list2) (nat_list2)) = mainNew (nat_list2)
Inductive1 : nat_list1 = (nat1::nat_list2)
Case1 : lq (ZERO) (plus (mps (tf1 (nat_list2) (nat_list2))) (nat1)) = false
---------------------------------------
plus (mps (tf1 (nat_list2) (nat_list2))) (nat1) = ZERO

0 goal(s) more...

0 conjecture(s) more...
>>> assert forall (nat1:nat) (nat_list1:nat list), lq (ZERO) (plus (mps (tf1 (nat_list1) (nat_list1))) (nat1)) = false -> plus (mps (tf1 (nat_list1) (nat_list1))) (nat1) = ZERO(rank : 0.)


1st goal of : forall (nat1:nat) (nat_list1:nat list), lq (ZERO) (plus (mps (tf1 (nat_list1) (nat_list1))) (nat1)) = false -> plus (mps (tf1 (nat_list1) (nat_list1))) (nat1) = ZERO

---------------------------------------
forall (nat1:nat) (nat_list1:nat list), lq (ZERO) (plus (mps (tf1 (nat_list1) (nat_list1))) (nat1)) = false -> plus (mps (tf1 (nat_list1) (nat_list1))) (nat1) = ZERO

0 goal(s) more...

1 conjecture(s) more...
Tactic List : 1
intro nat1(rank:5.)
=================================================
Progress: 10


1st goal of : forall (nat_list1:nat list), main (nat_list1) = mainNew (nat_list1)
nat_list1 : nat list
nat1 : nat
nat_list2 : nat list
IH1 : mps (tf1 (nat_list2) (nat_list2)) = mainNew (nat_list2)
Inductive1 : nat_list1 = (nat1::nat_list2)
Case1 : lq (ZERO) (plus (mps (tf1 (nat_list2) (nat_list2))) (nat1)) = false
---------------------------------------
plus (mainNew (nat_list2)) (nat1) = ZERO

0 goal(s) more...

0 conjecture(s) more...
>>> assert forall (nat1:nat) (nat_list1:nat list), lq (ZERO) (plus (mps (tf1 (nat_list1) (nat_list1))) (nat1)) = false -> plus (mainNew (nat_list1)) (nat1) = ZERO(rank : 0.)


1st goal of : forall (nat1:nat) (nat_list1:nat list), lq (ZERO) (plus (mps (tf1 (nat_list1) (nat_list1))) (nat1)) = false -> plus (mainNew (nat_list1)) (nat1) = ZERO

---------------------------------------
forall (nat1:nat) (nat_list1:nat list), lq (ZERO) (plus (mps (tf1 (nat_list1) (nat_list1))) (nat1)) = false -> plus (mainNew (nat_list1)) (nat1) = ZERO

0 goal(s) more...

1 conjecture(s) more...
Tactic List : 1
intro nat1(rank:5.)
=================================================
Progress: 11


1st goal of : forall (nat1:nat) (nat_list1:nat list), lq (ZERO) (plus (mps (tf1 (nat_list1) (nat_list1))) (nat1)) = false -> plus (mps (tf1 (nat_list1) (nat_list1))) (nat1) = ZERO

---------------------------------------
forall (nat1:nat) (nat_list1:nat list), lq (ZERO) (plus (mps (tf1 (nat_list1) (nat_list1))) (nat1)) = false -> plus (mps (tf1 (nat_list1) (nat_list1))) (nat1) = ZERO

0 goal(s) more...

1 conjecture(s) more...
>>> intro nat1(rank : 5.)


1st goal of : forall (nat1:nat) (nat_list1:nat list), lq (ZERO) (plus (mps (tf1 (nat_list1) (nat_list1))) (nat1)) = false -> plus (mps (tf1 (nat_list1) (nat_list1))) (nat1) = ZERO
nat1 : nat
---------------------------------------
forall (nat_list1:nat list), lq (ZERO) (plus (mps (tf1 (nat_list1) (nat_list1))) (nat1)) = false -> plus (mps (tf1 (nat_list1) (nat_list1))) (nat1) = ZERO

0 goal(s) more...

1 conjecture(s) more...
Tactic List : 1
induction nat_list1(rank:6.)
=================================================
Progress: 12


1st goal of : forall (nat1:nat) (nat_list1:nat list), lq (ZERO) (plus (mps (tf1 (nat_list1) (nat_list1))) (nat1)) = false -> plus (mainNew (nat_list1)) (nat1) = ZERO

---------------------------------------
forall (nat1:nat) (nat_list1:nat list), lq (ZERO) (plus (mps (tf1 (nat_list1) (nat_list1))) (nat1)) = false -> plus (mainNew (nat_list1)) (nat1) = ZERO

0 goal(s) more...

1 conjecture(s) more...
>>> intro nat1(rank : 5.)


1st goal of : forall (nat1:nat) (nat_list1:nat list), lq (ZERO) (plus (mps (tf1 (nat_list1) (nat_list1))) (nat1)) = false -> plus (mainNew (nat_list1)) (nat1) = ZERO
nat1 : nat
---------------------------------------
forall (nat_list1:nat list), lq (ZERO) (plus (mps (tf1 (nat_list1) (nat_list1))) (nat1)) = false -> plus (mainNew (nat_list1)) (nat1) = ZERO

0 goal(s) more...

1 conjecture(s) more...
Tactic List : 1
induction nat_list1(rank:6.)
=================================================
Progress: 13


1st goal of : forall (nat1:nat) (nat_list1:nat list), lq (ZERO) (plus (mps (tf1 (nat_list1) (nat_list1))) (nat1)) = false -> plus (mps (tf1 (nat_list1) (nat_list1))) (nat1) = ZERO
nat1 : nat
---------------------------------------
forall (nat_list1:nat list), lq (ZERO) (plus (mps (tf1 (nat_list1) (nat_list1))) (nat1)) = false -> plus (mps (tf1 (nat_list1) (nat_list1))) (nat1) = ZERO

0 goal(s) more...

1 conjecture(s) more...
>>> induction nat_list1(rank : 6.)


1st goal of : forall (nat1:nat) (nat_list1:nat list), lq (ZERO) (plus (mps (tf1 (nat_list1) (nat_list1))) (nat1)) = false -> plus (mps (tf1 (nat_list1) (nat_list1))) (nat1) = ZERO
nat1 : nat
nat_list1 : nat list
Base1 : nat_list1 = (Nil)
---------------------------------------
lq (ZERO) (plus (mps (tf1 ((Nil)) ((Nil)))) (nat1)) = false -> plus (mps (tf1 ((Nil)) ((Nil)))) (nat1) = ZERO

1 goal(s) more...

1 conjecture(s) more...
Tactic List : 1
simpl in goal(rank:6.)
=================================================
Progress: 14


1st goal of : forall (nat1:nat) (nat_list1:nat list), lq (ZERO) (plus (mps (tf1 (nat_list1) (nat_list1))) (nat1)) = false -> plus (mainNew (nat_list1)) (nat1) = ZERO
nat1 : nat
---------------------------------------
forall (nat_list1:nat list), lq (ZERO) (plus (mps (tf1 (nat_list1) (nat_list1))) (nat1)) = false -> plus (mainNew (nat_list1)) (nat1) = ZERO

0 goal(s) more...

1 conjecture(s) more...
>>> induction nat_list1(rank : 6.)


1st goal of : forall (nat1:nat) (nat_list1:nat list), lq (ZERO) (plus (mps (tf1 (nat_list1) (nat_list1))) (nat1)) = false -> plus (mainNew (nat_list1)) (nat1) = ZERO
nat1 : nat
nat_list1 : nat list
Base1 : nat_list1 = (Nil)
---------------------------------------
lq (ZERO) (plus (mps (tf1 ((Nil)) ((Nil)))) (nat1)) = false -> plus (mainNew ((Nil))) (nat1) = ZERO

1 goal(s) more...

1 conjecture(s) more...
Tactic List : 1
simpl in goal(rank:6.)
=================================================
Progress: 15


1st goal of : forall (nat1:nat) (nat_list1:nat list), lq (ZERO) (plus (mps (tf1 (nat_list1) (nat_list1))) (nat1)) = false -> plus (mps (tf1 (nat_list1) (nat_list1))) (nat1) = ZERO
nat1 : nat
nat_list1 : nat list
Base1 : nat_list1 = (Nil)
---------------------------------------
lq (ZERO) (plus (mps (tf1 ((Nil)) ((Nil)))) (nat1)) = false -> plus (mps (tf1 ((Nil)) ((Nil)))) (nat1) = ZERO

1 goal(s) more...

1 conjecture(s) more...
>>> simpl in goal(rank : 6.)


1st goal of : forall (nat1:nat) (nat_list1:nat list), lq (ZERO) (plus (mps (tf1 (nat_list1) (nat_list1))) (nat1)) = false -> plus (mps (tf1 (nat_list1) (nat_list1))) (nat1) = ZERO
nat1 : nat
nat_list1 : nat list
Base1 : nat_list1 = (Nil)
---------------------------------------
lq (ZERO) (nat1) = false -> nat1 = ZERO

1 goal(s) more...

1 conjecture(s) more...
Tactic List : 1
intro Cond1(rank:6.)
=================================================
Progress: 16


1st goal of : forall (nat1:nat) (nat_list1:nat list), lq (ZERO) (plus (mps (tf1 (nat_list1) (nat_list1))) (nat1)) = false -> plus (mainNew (nat_list1)) (nat1) = ZERO
nat1 : nat
nat_list1 : nat list
Base1 : nat_list1 = (Nil)
---------------------------------------
lq (ZERO) (plus (mps (tf1 ((Nil)) ((Nil)))) (nat1)) = false -> plus (mainNew ((Nil))) (nat1) = ZERO

1 goal(s) more...

1 conjecture(s) more...
>>> simpl in goal(rank : 6.)


1st goal of : forall (nat1:nat) (nat_list1:nat list), lq (ZERO) (plus (mps (tf1 (nat_list1) (nat_list1))) (nat1)) = false -> plus (mainNew (nat_list1)) (nat1) = ZERO
nat1 : nat
nat_list1 : nat list
Base1 : nat_list1 = (Nil)
---------------------------------------
lq (ZERO) (nat1) = false -> nat1 = ZERO

1 goal(s) more...

1 conjecture(s) more...
Tactic List : 1
intro Cond1(rank:6.)
=================================================
Progress: 17


1st goal of : forall (nat1:nat) (nat_list1:nat list), lq (ZERO) (plus (mps (tf1 (nat_list1) (nat_list1))) (nat1)) = false -> plus (mps (tf1 (nat_list1) (nat_list1))) (nat1) = ZERO
nat1 : nat
nat_list1 : nat list
Base1 : nat_list1 = (Nil)
---------------------------------------
lq (ZERO) (nat1) = false -> nat1 = ZERO

1 goal(s) more...

1 conjecture(s) more...
>>> intro Cond1(rank : 6.)


1st goal of : forall (nat1:nat) (nat_list1:nat list), lq (ZERO) (plus (mps (tf1 (nat_list1) (nat_list1))) (nat1)) = false -> plus (mps (tf1 (nat_list1) (nat_list1))) (nat1) = ZERO
nat1 : nat
nat_list1 : nat list
Base1 : nat_list1 = (Nil)
Cond1 : lq (ZERO) (nat1) = false
---------------------------------------
nat1 = ZERO

1 goal(s) more...

1 conjecture(s) more...
Tactic List : 0
previous tactics
simpl in goal
intro Cond1
validate generalize_common_subterm_goal
Prop: ZERO = ZERO
Prop: SUCC (ZERO) = ZERO
Prop: ZERO = ZERO
Lemma List
forall (nat1:nat), lq (ZERO) (nat1) = false -> nat1 = ZERO
End of Lemma List


1st goal of : forall (nat1:nat) (nat_list1:nat list), lq (ZERO) (plus (mps (tf1 (nat_list1) (nat_list1))) (nat1)) = false -> plus (mps (tf1 (nat_list1) (nat_list1))) (nat1) = ZERO
nat1 : nat
nat_list1 : nat list
Base1 : nat_list1 = (Nil)
Cond1 : lq (ZERO) (nat1) = false
---------------------------------------
nat1 = ZERO

1 goal(s) more...

1 conjecture(s) more...
=================================================
Progress: 18


1st goal of : forall (nat1:nat) (nat_list1:nat list), lq (ZERO) (plus (mps (tf1 (nat_list1) (nat_list1))) (nat1)) = false -> plus (mps (tf1 (nat_list1) (nat_list1))) (nat1) = ZERO
nat1 : nat
nat_list1 : nat list
Base1 : nat_list1 = (Nil)
Cond1 : lq (ZERO) (nat1) = false
---------------------------------------
nat1 = ZERO

1 goal(s) more...

1 conjecture(s) more...
>>> assert forall (nat1:nat), lq (ZERO) (nat1) = false -> nat1 = ZERO(rank : 0.)


1st goal of : forall (nat1:nat), lq (ZERO) (nat1) = false -> nat1 = ZERO

---------------------------------------
forall (nat1:nat), lq (ZERO) (nat1) = false -> nat1 = ZERO

0 goal(s) more...

2 conjecture(s) more...
Tactic List : 1
intro nat1(rank:7.)
=================================================
Progress: 19


1st goal of : forall (nat1:nat) (nat_list1:nat list), lq (ZERO) (plus (mps (tf1 (nat_list1) (nat_list1))) (nat1)) = false -> plus (mainNew (nat_list1)) (nat1) = ZERO
nat1 : nat
nat_list1 : nat list
Base1 : nat_list1 = (Nil)
---------------------------------------
lq (ZERO) (nat1) = false -> nat1 = ZERO

1 goal(s) more...

1 conjecture(s) more...
>>> intro Cond1(rank : 6.)


1st goal of : forall (nat1:nat) (nat_list1:nat list), lq (ZERO) (plus (mps (tf1 (nat_list1) (nat_list1))) (nat1)) = false -> plus (mainNew (nat_list1)) (nat1) = ZERO
nat1 : nat
nat_list1 : nat list
Base1 : nat_list1 = (Nil)
Cond1 : lq (ZERO) (nat1) = false
---------------------------------------
nat1 = ZERO

1 goal(s) more...

1 conjecture(s) more...
Tactic List : 0
previous tactics
simpl in goal
intro Cond1
validate generalize_common_subterm_goal
Prop: ZERO = ZERO
Prop: SUCC (ZERO) = ZERO
Prop: ZERO = ZERO
Lemma List
forall (nat1:nat), lq (ZERO) (nat1) = false -> nat1 = ZERO
End of Lemma List


1st goal of : forall (nat1:nat) (nat_list1:nat list), lq (ZERO) (plus (mps (tf1 (nat_list1) (nat_list1))) (nat1)) = false -> plus (mainNew (nat_list1)) (nat1) = ZERO
nat1 : nat
nat_list1 : nat list
Base1 : nat_list1 = (Nil)
Cond1 : lq (ZERO) (nat1) = false
---------------------------------------
nat1 = ZERO

1 goal(s) more...

1 conjecture(s) more...
=================================================
Progress: 20


1st goal of : forall (nat1:nat) (nat_list1:nat list), lq (ZERO) (plus (mps (tf1 (nat_list1) (nat_list1))) (nat1)) = false -> plus (mainNew (nat_list1)) (nat1) = ZERO
nat1 : nat
nat_list1 : nat list
Base1 : nat_list1 = (Nil)
Cond1 : lq (ZERO) (nat1) = false
---------------------------------------
nat1 = ZERO

1 goal(s) more...

1 conjecture(s) more...
>>> assert forall (nat1:nat), lq (ZERO) (nat1) = false -> nat1 = ZERO(rank : 0.)


1st goal of : forall (nat1:nat), lq (ZERO) (nat1) = false -> nat1 = ZERO

---------------------------------------
forall (nat1:nat), lq (ZERO) (nat1) = false -> nat1 = ZERO

0 goal(s) more...

2 conjecture(s) more...
Tactic List : 1
intro nat1(rank:7.)
=================================================
Progress: 21


1st goal of : forall (nat1:nat), lq (ZERO) (nat1) = false -> nat1 = ZERO

---------------------------------------
forall (nat1:nat), lq (ZERO) (nat1) = false -> nat1 = ZERO

0 goal(s) more...

2 conjecture(s) more...
>>> intro nat1(rank : 7.)


1st goal of : forall (nat1:nat), lq (ZERO) (nat1) = false -> nat1 = ZERO
nat1 : nat
---------------------------------------
lq (ZERO) (nat1) = false -> nat1 = ZERO

0 goal(s) more...

2 conjecture(s) more...
Tactic List : 1
intro Cond1(rank:7.)
=================================================
Progress: 22


1st goal of : forall (nat1:nat), lq (ZERO) (nat1) = false -> nat1 = ZERO

---------------------------------------
forall (nat1:nat), lq (ZERO) (nat1) = false -> nat1 = ZERO

0 goal(s) more...

2 conjecture(s) more...
>>> intro nat1(rank : 7.)


1st goal of : forall (nat1:nat), lq (ZERO) (nat1) = false -> nat1 = ZERO
nat1 : nat
---------------------------------------
lq (ZERO) (nat1) = false -> nat1 = ZERO

0 goal(s) more...

2 conjecture(s) more...
Tactic List : 1
intro Cond1(rank:7.)
=================================================
Progress: 23


1st goal of : forall (nat1:nat), lq (ZERO) (nat1) = false -> nat1 = ZERO
nat1 : nat
---------------------------------------
lq (ZERO) (nat1) = false -> nat1 = ZERO

0 goal(s) more...

2 conjecture(s) more...
>>> intro Cond1(rank : 7.)


1st goal of : forall (nat1:nat), lq (ZERO) (nat1) = false -> nat1 = ZERO
nat1 : nat
Cond1 : lq (ZERO) (nat1) = false
---------------------------------------
nat1 = ZERO

0 goal(s) more...

2 conjecture(s) more...
Tactic List : 0
validate generalize_common_subterm_goal
Prop: ZERO = ZERO
Prop: ZERO = ZERO
Prop: ZERO = ZERO
Lemma List
forall (nat1:nat), lq (ZERO) (nat1) = false -> nat1 = ZERO
End of Lemma List


1st goal of : forall (nat1:nat), lq (ZERO) (nat1) = false -> nat1 = ZERO
nat1 : nat
Cond1 : lq (ZERO) (nat1) = false
---------------------------------------
nat1 = ZERO

0 goal(s) more...

2 conjecture(s) more...
=================================================
Progress: 24


1st goal of : forall (nat1:nat), lq (ZERO) (nat1) = false -> nat1 = ZERO
nat1 : nat
Cond1 : lq (ZERO) (nat1) = false
---------------------------------------
nat1 = ZERO

0 goal(s) more...

2 conjecture(s) more...
>>> assert forall (nat1:nat), lq (ZERO) (nat1) = false -> nat1 = ZERO(rank : 0.)


1st goal of : forall (nat1:nat), lq (ZERO) (nat1) = false -> nat1 = ZERO

---------------------------------------
forall (nat1:nat), lq (ZERO) (nat1) = false -> nat1 = ZERO

0 goal(s) more...

3 conjecture(s) more...
Tactic List : 1
intro nat1(rank:9.)
=================================================
Progress: 25


1st goal of : forall (nat1:nat), lq (ZERO) (nat1) = false -> nat1 = ZERO
nat1 : nat
---------------------------------------
lq (ZERO) (nat1) = false -> nat1 = ZERO

0 goal(s) more...

2 conjecture(s) more...
>>> intro Cond1(rank : 7.)


1st goal of : forall (nat1:nat), lq (ZERO) (nat1) = false -> nat1 = ZERO
nat1 : nat
Cond1 : lq (ZERO) (nat1) = false
---------------------------------------
nat1 = ZERO

0 goal(s) more...

2 conjecture(s) more...
Tactic List : 0
validate generalize_common_subterm_goal
Prop: ZERO = ZERO
Prop: SUCC (ZERO) = ZERO
Prop: ZERO = ZERO
=================================================
Progress: 26


1st goal of : forall (nat1:nat), lq (ZERO) (nat1) = false -> nat1 = ZERO

---------------------------------------
forall (nat1:nat), lq (ZERO) (nat1) = false -> nat1 = ZERO

0 goal(s) more...

3 conjecture(s) more...
>>> intro nat1(rank : 9.)


1st goal of : forall (nat1:nat), lq (ZERO) (nat1) = false -> nat1 = ZERO
nat1 : nat
---------------------------------------
lq (ZERO) (nat1) = false -> nat1 = ZERO

0 goal(s) more...

3 conjecture(s) more...
Tactic List : 1
intro Cond1(rank:9.)
=================================================
Progress: 27


1st goal of : forall (nat1:nat), lq (ZERO) (nat1) = false -> nat1 = ZERO
nat1 : nat
---------------------------------------
lq (ZERO) (nat1) = false -> nat1 = ZERO

0 goal(s) more...

3 conjecture(s) more...
>>> intro Cond1(rank : 9.)


1st goal of : forall (nat1:nat), lq (ZERO) (nat1) = false -> nat1 = ZERO
nat1 : nat
Cond1 : lq (ZERO) (nat1) = false
---------------------------------------
nat1 = ZERO

0 goal(s) more...

3 conjecture(s) more...
Tactic List : 0
validate generalize_common_subterm_goal
Prop: ZERO = ZERO
Prop: ZERO = ZERO
Prop: ZERO = ZERO
=================================================
Progress: 28


1st goal of : forall (nat_list1:nat list), main (nat_list1) = mainNew (nat_list1)
nat_list1 : nat list
nat1 : nat
nat_list2 : nat list
IH1 : mps (tf1 (nat_list2) (nat_list2)) = mainNew (nat_list2)
Inductive1 : nat_list1 = (nat1::nat_list2)
---------------------------------------
if lq (ZERO) (plus (mps (tf1 (nat_list2) (nat_list2))) (nat1)) then ZERO else plus (mps (tf1 (nat_list2) (nat_list2))) (nat1) = ZERO

0 goal(s) more...

0 conjecture(s) more...
>>> rewrite IH1 in goal at 0(rank : 11.)


1st goal of : forall (nat_list1:nat list), main (nat_list1) = mainNew (nat_list1)
nat_list1 : nat list
nat1 : nat
nat_list2 : nat list
IH1 : mps (tf1 (nat_list2) (nat_list2)) = mainNew (nat_list2)
Inductive1 : nat_list1 = (nat1::nat_list2)
---------------------------------------
if lq (ZERO) (plus (mainNew (nat_list2)) (nat1)) then ZERO else plus (mainNew (nat_list2)) (nat1) = ZERO

0 goal(s) more...

0 conjecture(s) more...
Tactic List : 1
case lq (ZERO) (plus (mainNew (nat_list2)) (nat1))(rank:4.)
=================================================
Progress: 29


1st goal of : forall (nat_list1:nat list), main (nat_list1) = mainNew (nat_list1)
nat_list1 : nat list
nat1 : nat
nat_list2 : nat list
IH1 : mps (tf1 (nat_list2) (nat_list2)) = mainNew (nat_list2)
Inductive1 : nat_list1 = (nat1::nat_list2)
---------------------------------------
if lq (ZERO) (plus (mainNew (nat_list2)) (nat1)) then ZERO else plus (mainNew (nat_list2)) (nat1) = ZERO

0 goal(s) more...

0 conjecture(s) more...
>>> case lq (ZERO) (plus (mainNew (nat_list2)) (nat1))(rank : 4.)


1st goal of : forall (nat_list1:nat list), main (nat_list1) = mainNew (nat_list1)
nat_list1 : nat list
nat1 : nat
nat_list2 : nat list
IH1 : mps (tf1 (nat_list2) (nat_list2)) = mainNew (nat_list2)
Inductive1 : nat_list1 = (nat1::nat_list2)
Case1 : lq (ZERO) (plus (mainNew (nat_list2)) (nat1)) = true
---------------------------------------
ZERO = ZERO

1 goal(s) more...

0 conjecture(s) more...
Tactic List : 1
reflexivity(rank:3.)
=================================================
Progress: 30


1st goal of : forall (nat_list1:nat list), main (nat_list1) = mainNew (nat_list1)
nat_list1 : nat list
nat1 : nat
nat_list2 : nat list
IH1 : mps (tf1 (nat_list2) (nat_list2)) = mainNew (nat_list2)
Inductive1 : nat_list1 = (nat1::nat_list2)
Case1 : lq (ZERO) (plus (mainNew (nat_list2)) (nat1)) = true
---------------------------------------
ZERO = ZERO

1 goal(s) more...

0 conjecture(s) more...
>>> reflexivity(rank : 3.)


1st goal of : forall (nat_list1:nat list), main (nat_list1) = mainNew (nat_list1)
nat_list1 : nat list
nat1 : nat
nat_list2 : nat list
IH1 : mps (tf1 (nat_list2) (nat_list2)) = mainNew (nat_list2)
Inductive1 : nat_list1 = (nat1::nat_list2)
Case1 : lq (ZERO) (plus (mainNew (nat_list2)) (nat1)) = false
---------------------------------------
plus (mainNew (nat_list2)) (nat1) = ZERO

0 goal(s) more...

0 conjecture(s) more...
Deduplication: 0
Tactic List : 1
rewrite <- IH1 in goal at 0(rank:3.)
=================================================
Progress: 31


1st goal of : forall (nat_list1:nat list), main (nat_list1) = mainNew (nat_list1)
nat_list1 : nat list
nat1 : nat
nat_list2 : nat list
IH1 : mps (tf1 (nat_list2) (nat_list2)) = mainNew (nat_list2)
Inductive1 : nat_list1 = (nat1::nat_list2)
Case1 : lq (ZERO) (plus (mainNew (nat_list2)) (nat1)) = false
---------------------------------------
plus (mainNew (nat_list2)) (nat1) = ZERO

0 goal(s) more...

0 conjecture(s) more...
>>> rewrite <- IH1 in goal at 0(rank : 3.)


1st goal of : forall (nat_list1:nat list), main (nat_list1) = mainNew (nat_list1)
nat_list1 : nat list
nat1 : nat
nat_list2 : nat list
IH1 : mps (tf1 (nat_list2) (nat_list2)) = mainNew (nat_list2)
Inductive1 : nat_list1 = (nat1::nat_list2)
Case1 : lq (ZERO) (plus (mainNew (nat_list2)) (nat1)) = false
---------------------------------------
plus (mps (tf1 (nat_list2) (nat_list2))) (nat1) = ZERO

0 goal(s) more...

0 conjecture(s) more...
Tactic List : 0
previous tactics
simpl in goal
rewrite IH1 in goal at 0
case lq (ZERO) (plus (mainNew (nat_list2)) (nat1))
reflexivity
rewrite <- IH1 in goal at 0
validate generalize_common_subterm_goal
Prop: plus (mps (tf1 ((Nil)) ((Nil)))) (ZERO) = ZERO
Prop: plus (mps (tf1 ((Nil)) ((Nil)))) (ZERO) = ZERO
Prop: plus (mps (tf1 ((Nil)) ((Nil)))) (ZERO) = ZERO
previous tactics
simpl in goal
rewrite IH1 in goal at 0
case lq (ZERO) (plus (mainNew (nat_list2)) (nat1))
reflexivity
validate generalize_common_subterm_goal
Prop: plus (mainNew ((Nil))) (ZERO) = ZERO
Prop: plus (mainNew ((SUCC (ZERO)::(ZERO::(Nil))))) (ZERO) = ZERO
Prop: plus (mainNew ((Nil))) (ZERO) = ZERO
Lemma List
forall (nat1:nat) (nat_list1:nat list), lq (ZERO) (plus (mainNew (nat_list1)) (nat1)) = false -> plus (mainNew (nat_list1)) (nat1) = ZERO
End of Lemma List


1st goal of : forall (nat_list1:nat list), main (nat_list1) = mainNew (nat_list1)
nat_list1 : nat list
nat1 : nat
nat_list2 : nat list
IH1 : mps (tf1 (nat_list2) (nat_list2)) = mainNew (nat_list2)
Inductive1 : nat_list1 = (nat1::nat_list2)
Case1 : lq (ZERO) (plus (mainNew (nat_list2)) (nat1)) = false
---------------------------------------
plus (mainNew (nat_list2)) (nat1) = ZERO

0 goal(s) more...

0 conjecture(s) more...
Lemma List
forall (nat1:nat) (nat_list1:nat list), lq (ZERO) (plus (mainNew (nat_list1)) (nat1)) = false -> plus (mps (tf1 (nat_list1) (nat_list1))) (nat1) = ZERO
End of Lemma List


1st goal of : forall (nat_list1:nat list), main (nat_list1) = mainNew (nat_list1)
nat_list1 : nat list
nat1 : nat
nat_list2 : nat list
IH1 : mps (tf1 (nat_list2) (nat_list2)) = mainNew (nat_list2)
Inductive1 : nat_list1 = (nat1::nat_list2)
Case1 : lq (ZERO) (plus (mainNew (nat_list2)) (nat1)) = false
---------------------------------------
plus (mps (tf1 (nat_list2) (nat_list2))) (nat1) = ZERO

0 goal(s) more...

0 conjecture(s) more...
=================================================
Progress: 32


1st goal of : forall (nat_list1:nat list), main (nat_list1) = mainNew (nat_list1)
nat_list1 : nat list
nat1 : nat
nat_list2 : nat list
IH1 : mps (tf1 (nat_list2) (nat_list2)) = mainNew (nat_list2)
Inductive1 : nat_list1 = (nat1::nat_list2)
Case1 : lq (ZERO) (plus (mainNew (nat_list2)) (nat1)) = false
---------------------------------------
plus (mainNew (nat_list2)) (nat1) = ZERO

0 goal(s) more...

0 conjecture(s) more...
>>> assert forall (nat1:nat) (nat_list1:nat list), lq (ZERO) (plus (mainNew (nat_list1)) (nat1)) = false -> plus (mainNew (nat_list1)) (nat1) = ZERO(rank : 0.)


1st goal of : forall (nat1:nat) (nat_list1:nat list), lq (ZERO) (plus (mainNew (nat_list1)) (nat1)) = false -> plus (mainNew (nat_list1)) (nat1) = ZERO

---------------------------------------
forall (nat1:nat) (nat_list1:nat list), lq (ZERO) (plus (mainNew (nat_list1)) (nat1)) = false -> plus (mainNew (nat_list1)) (nat1) = ZERO

0 goal(s) more...

1 conjecture(s) more...
Tactic List : 1
intro nat1(rank:5.)
=================================================
Progress: 33


1st goal of : forall (nat_list1:nat list), main (nat_list1) = mainNew (nat_list1)
nat_list1 : nat list
nat1 : nat
nat_list2 : nat list
IH1 : mps (tf1 (nat_list2) (nat_list2)) = mainNew (nat_list2)
Inductive1 : nat_list1 = (nat1::nat_list2)
Case1 : lq (ZERO) (plus (mainNew (nat_list2)) (nat1)) = false
---------------------------------------
plus (mps (tf1 (nat_list2) (nat_list2))) (nat1) = ZERO

0 goal(s) more...

0 conjecture(s) more...
>>> assert forall (nat1:nat) (nat_list1:nat list), lq (ZERO) (plus (mainNew (nat_list1)) (nat1)) = false -> plus (mps (tf1 (nat_list1) (nat_list1))) (nat1) = ZERO(rank : 0.)


1st goal of : forall (nat1:nat) (nat_list1:nat list), lq (ZERO) (plus (mainNew (nat_list1)) (nat1)) = false -> plus (mps (tf1 (nat_list1) (nat_list1))) (nat1) = ZERO

---------------------------------------
forall (nat1:nat) (nat_list1:nat list), lq (ZERO) (plus (mainNew (nat_list1)) (nat1)) = false -> plus (mps (tf1 (nat_list1) (nat_list1))) (nat1) = ZERO

0 goal(s) more...

1 conjecture(s) more...
Tactic List : 1
intro nat1(rank:5.)
=================================================
Progress: 34


1st goal of : forall (nat1:nat) (nat_list1:nat list), lq (ZERO) (plus (mainNew (nat_list1)) (nat1)) = false -> plus (mainNew (nat_list1)) (nat1) = ZERO

---------------------------------------
forall (nat1:nat) (nat_list1:nat list), lq (ZERO) (plus (mainNew (nat_list1)) (nat1)) = false -> plus (mainNew (nat_list1)) (nat1) = ZERO

0 goal(s) more...

1 conjecture(s) more...
>>> intro nat1(rank : 5.)


1st goal of : forall (nat1:nat) (nat_list1:nat list), lq (ZERO) (plus (mainNew (nat_list1)) (nat1)) = false -> plus (mainNew (nat_list1)) (nat1) = ZERO
nat1 : nat
---------------------------------------
forall (nat_list1:nat list), lq (ZERO) (plus (mainNew (nat_list1)) (nat1)) = false -> plus (mainNew (nat_list1)) (nat1) = ZERO

0 goal(s) more...

1 conjecture(s) more...
Tactic List : 1
induction nat_list1(rank:6.)
=================================================
Progress: 35


1st goal of : forall (nat1:nat) (nat_list1:nat list), lq (ZERO) (plus (mainNew (nat_list1)) (nat1)) = false -> plus (mps (tf1 (nat_list1) (nat_list1))) (nat1) = ZERO

---------------------------------------
forall (nat1:nat) (nat_list1:nat list), lq (ZERO) (plus (mainNew (nat_list1)) (nat1)) = false -> plus (mps (tf1 (nat_list1) (nat_list1))) (nat1) = ZERO

0 goal(s) more...

1 conjecture(s) more...
>>> intro nat1(rank : 5.)


1st goal of : forall (nat1:nat) (nat_list1:nat list), lq (ZERO) (plus (mainNew (nat_list1)) (nat1)) = false -> plus (mps (tf1 (nat_list1) (nat_list1))) (nat1) = ZERO
nat1 : nat
---------------------------------------
forall (nat_list1:nat list), lq (ZERO) (plus (mainNew (nat_list1)) (nat1)) = false -> plus (mps (tf1 (nat_list1) (nat_list1))) (nat1) = ZERO

0 goal(s) more...

1 conjecture(s) more...
Tactic List : 1
induction nat_list1(rank:6.)
=================================================
Progress: 36


1st goal of : forall (nat1:nat) (nat_list1:nat list), lq (ZERO) (plus (mainNew (nat_list1)) (nat1)) = false -> plus (mainNew (nat_list1)) (nat1) = ZERO
nat1 : nat
---------------------------------------
forall (nat_list1:nat list), lq (ZERO) (plus (mainNew (nat_list1)) (nat1)) = false -> plus (mainNew (nat_list1)) (nat1) = ZERO

0 goal(s) more...

1 conjecture(s) more...
>>> induction nat_list1(rank : 6.)


1st goal of : forall (nat1:nat) (nat_list1:nat list), lq (ZERO) (plus (mainNew (nat_list1)) (nat1)) = false -> plus (mainNew (nat_list1)) (nat1) = ZERO
nat1 : nat
nat_list1 : nat list
Base1 : nat_list1 = (Nil)
---------------------------------------
lq (ZERO) (plus (mainNew ((Nil))) (nat1)) = false -> plus (mainNew ((Nil))) (nat1) = ZERO

1 goal(s) more...

1 conjecture(s) more...
Tactic List : 1
simpl in goal(rank:6.)
=================================================
Progress: 37


1st goal of : forall (nat1:nat) (nat_list1:nat list), lq (ZERO) (plus (mainNew (nat_list1)) (nat1)) = false -> plus (mps (tf1 (nat_list1) (nat_list1))) (nat1) = ZERO
nat1 : nat
---------------------------------------
forall (nat_list1:nat list), lq (ZERO) (plus (mainNew (nat_list1)) (nat1)) = false -> plus (mps (tf1 (nat_list1) (nat_list1))) (nat1) = ZERO

0 goal(s) more...

1 conjecture(s) more...
>>> induction nat_list1(rank : 6.)


1st goal of : forall (nat1:nat) (nat_list1:nat list), lq (ZERO) (plus (mainNew (nat_list1)) (nat1)) = false -> plus (mps (tf1 (nat_list1) (nat_list1))) (nat1) = ZERO
nat1 : nat
nat_list1 : nat list
Base1 : nat_list1 = (Nil)
---------------------------------------
lq (ZERO) (plus (mainNew ((Nil))) (nat1)) = false -> plus (mps (tf1 ((Nil)) ((Nil)))) (nat1) = ZERO

1 goal(s) more...

1 conjecture(s) more...
Tactic List : 1
simpl in goal(rank:6.)
=================================================
Progress: 38


1st goal of : forall (nat1:nat) (nat_list1:nat list), lq (ZERO) (plus (mainNew (nat_list1)) (nat1)) = false -> plus (mainNew (nat_list1)) (nat1) = ZERO
nat1 : nat
nat_list1 : nat list
Base1 : nat_list1 = (Nil)
---------------------------------------
lq (ZERO) (plus (mainNew ((Nil))) (nat1)) = false -> plus (mainNew ((Nil))) (nat1) = ZERO

1 goal(s) more...

1 conjecture(s) more...
>>> simpl in goal(rank : 6.)


1st goal of : forall (nat1:nat) (nat_list1:nat list), lq (ZERO) (plus (mainNew (nat_list1)) (nat1)) = false -> plus (mainNew (nat_list1)) (nat1) = ZERO
nat1 : nat
nat_list1 : nat list
Base1 : nat_list1 = (Nil)
---------------------------------------
lq (ZERO) (nat1) = false -> nat1 = ZERO

1 goal(s) more...

1 conjecture(s) more...
Tactic List : 1
intro Cond1(rank:6.)
=================================================
Progress: 39


1st goal of : forall (nat1:nat) (nat_list1:nat list), lq (ZERO) (plus (mainNew (nat_list1)) (nat1)) = false -> plus (mps (tf1 (nat_list1) (nat_list1))) (nat1) = ZERO
nat1 : nat
nat_list1 : nat list
Base1 : nat_list1 = (Nil)
---------------------------------------
lq (ZERO) (plus (mainNew ((Nil))) (nat1)) = false -> plus (mps (tf1 ((Nil)) ((Nil)))) (nat1) = ZERO

1 goal(s) more...

1 conjecture(s) more...
>>> simpl in goal(rank : 6.)


1st goal of : forall (nat1:nat) (nat_list1:nat list), lq (ZERO) (plus (mainNew (nat_list1)) (nat1)) = false -> plus (mps (tf1 (nat_list1) (nat_list1))) (nat1) = ZERO
nat1 : nat
nat_list1 : nat list
Base1 : nat_list1 = (Nil)
---------------------------------------
lq (ZERO) (nat1) = false -> nat1 = ZERO

1 goal(s) more...

1 conjecture(s) more...
Tactic List : 1
intro Cond1(rank:6.)
=================================================
Progress: 40


1st goal of : forall (nat1:nat) (nat_list1:nat list), lq (ZERO) (plus (mainNew (nat_list1)) (nat1)) = false -> plus (mainNew (nat_list1)) (nat1) = ZERO
nat1 : nat
nat_list1 : nat list
Base1 : nat_list1 = (Nil)
---------------------------------------
lq (ZERO) (nat1) = false -> nat1 = ZERO

1 goal(s) more...

1 conjecture(s) more...
>>> intro Cond1(rank : 6.)


1st goal of : forall (nat1:nat) (nat_list1:nat list), lq (ZERO) (plus (mainNew (nat_list1)) (nat1)) = false -> plus (mainNew (nat_list1)) (nat1) = ZERO
nat1 : nat
nat_list1 : nat list
Base1 : nat_list1 = (Nil)
Cond1 : lq (ZERO) (nat1) = false
---------------------------------------
nat1 = ZERO

1 goal(s) more...

1 conjecture(s) more...
Tactic List : 0
previous tactics
simpl in goal
intro Cond1
validate generalize_common_subterm_goal
Prop: ZERO = ZERO
Prop: SUCC (SUCC (ZERO)) = ZERO
Prop: SUCC (ZERO) = ZERO
Lemma List
forall (nat1:nat), lq (ZERO) (nat1) = false -> nat1 = ZERO
End of Lemma List


1st goal of : forall (nat1:nat) (nat_list1:nat list), lq (ZERO) (plus (mainNew (nat_list1)) (nat1)) = false -> plus (mainNew (nat_list1)) (nat1) = ZERO
nat1 : nat
nat_list1 : nat list
Base1 : nat_list1 = (Nil)
Cond1 : lq (ZERO) (nat1) = false
---------------------------------------
nat1 = ZERO

1 goal(s) more...

1 conjecture(s) more...
=================================================
Progress: 41


1st goal of : forall (nat1:nat) (nat_list1:nat list), lq (ZERO) (plus (mainNew (nat_list1)) (nat1)) = false -> plus (mainNew (nat_list1)) (nat1) = ZERO
nat1 : nat
nat_list1 : nat list
Base1 : nat_list1 = (Nil)
Cond1 : lq (ZERO) (nat1) = false
---------------------------------------
nat1 = ZERO

1 goal(s) more...

1 conjecture(s) more...
>>> assert forall (nat1:nat), lq (ZERO) (nat1) = false -> nat1 = ZERO(rank : 0.)


1st goal of : forall (nat1:nat), lq (ZERO) (nat1) = false -> nat1 = ZERO

---------------------------------------
forall (nat1:nat), lq (ZERO) (nat1) = false -> nat1 = ZERO

0 goal(s) more...

2 conjecture(s) more...
Tactic List : 1
intro nat1(rank:7.)
=================================================
Progress: 42


1st goal of : forall (nat1:nat) (nat_list1:nat list), lq (ZERO) (plus (mainNew (nat_list1)) (nat1)) = false -> plus (mps (tf1 (nat_list1) (nat_list1))) (nat1) = ZERO
nat1 : nat
nat_list1 : nat list
Base1 : nat_list1 = (Nil)
---------------------------------------
lq (ZERO) (nat1) = false -> nat1 = ZERO

1 goal(s) more...

1 conjecture(s) more...
>>> intro Cond1(rank : 6.)


1st goal of : forall (nat1:nat) (nat_list1:nat list), lq (ZERO) (plus (mainNew (nat_list1)) (nat1)) = false -> plus (mps (tf1 (nat_list1) (nat_list1))) (nat1) = ZERO
nat1 : nat
nat_list1 : nat list
Base1 : nat_list1 = (Nil)
Cond1 : lq (ZERO) (nat1) = false
---------------------------------------
nat1 = ZERO

1 goal(s) more...

1 conjecture(s) more...
Tactic List : 0
previous tactics
simpl in goal
intro Cond1
validate generalize_common_subterm_goal
Prop: ZERO = ZERO
Prop: ZERO = ZERO
Prop: ZERO = ZERO
Lemma List
forall (nat1:nat), lq (ZERO) (nat1) = false -> nat1 = ZERO
End of Lemma List


1st goal of : forall (nat1:nat) (nat_list1:nat list), lq (ZERO) (plus (mainNew (nat_list1)) (nat1)) = false -> plus (mps (tf1 (nat_list1) (nat_list1))) (nat1) = ZERO
nat1 : nat
nat_list1 : nat list
Base1 : nat_list1 = (Nil)
Cond1 : lq (ZERO) (nat1) = false
---------------------------------------
nat1 = ZERO

1 goal(s) more...

1 conjecture(s) more...
=================================================
Progress: 43


1st goal of : forall (nat1:nat) (nat_list1:nat list), lq (ZERO) (plus (mainNew (nat_list1)) (nat1)) = false -> plus (mps (tf1 (nat_list1) (nat_list1))) (nat1) = ZERO
nat1 : nat
nat_list1 : nat list
Base1 : nat_list1 = (Nil)
Cond1 : lq (ZERO) (nat1) = false
---------------------------------------
nat1 = ZERO

1 goal(s) more...

1 conjecture(s) more...
>>> assert forall (nat1:nat), lq (ZERO) (nat1) = false -> nat1 = ZERO(rank : 0.)


1st goal of : forall (nat1:nat), lq (ZERO) (nat1) = false -> nat1 = ZERO

---------------------------------------
forall (nat1:nat), lq (ZERO) (nat1) = false -> nat1 = ZERO

0 goal(s) more...

2 conjecture(s) more...
Tactic List : 1
intro nat1(rank:7.)
=================================================
Progress: 44


1st goal of : forall (nat1:nat), lq (ZERO) (nat1) = false -> nat1 = ZERO

---------------------------------------
forall (nat1:nat), lq (ZERO) (nat1) = false -> nat1 = ZERO

0 goal(s) more...

2 conjecture(s) more...
>>> intro nat1(rank : 7.)


1st goal of : forall (nat1:nat), lq (ZERO) (nat1) = false -> nat1 = ZERO
nat1 : nat
---------------------------------------
lq (ZERO) (nat1) = false -> nat1 = ZERO

0 goal(s) more...

2 conjecture(s) more...
Tactic List : 1
intro Cond1(rank:7.)
=================================================
Progress: 45


1st goal of : forall (nat1:nat), lq (ZERO) (nat1) = false -> nat1 = ZERO

---------------------------------------
forall (nat1:nat), lq (ZERO) (nat1) = false -> nat1 = ZERO

0 goal(s) more...

2 conjecture(s) more...
>>> intro nat1(rank : 7.)


1st goal of : forall (nat1:nat), lq (ZERO) (nat1) = false -> nat1 = ZERO
nat1 : nat
---------------------------------------
lq (ZERO) (nat1) = false -> nat1 = ZERO

0 goal(s) more...

2 conjecture(s) more...
Tactic List : 1
intro Cond1(rank:7.)
=================================================
Progress: 46


1st goal of : forall (nat1:nat), lq (ZERO) (nat1) = false -> nat1 = ZERO
nat1 : nat
---------------------------------------
lq (ZERO) (nat1) = false -> nat1 = ZERO

0 goal(s) more...

2 conjecture(s) more...
>>> intro Cond1(rank : 7.)


1st goal of : forall (nat1:nat), lq (ZERO) (nat1) = false -> nat1 = ZERO
nat1 : nat
Cond1 : lq (ZERO) (nat1) = false
---------------------------------------
nat1 = ZERO

0 goal(s) more...

2 conjecture(s) more...
Tactic List : 0
validate generalize_common_subterm_goal
Prop: ZERO = ZERO
Prop: ZERO = ZERO
Prop: SUCC (SUCC (ZERO)) = ZERO
=================================================
Progress: 47


1st goal of : forall (nat1:nat), lq (ZERO) (nat1) = false -> nat1 = ZERO
nat1 : nat
---------------------------------------
lq (ZERO) (nat1) = false -> nat1 = ZERO

0 goal(s) more...

2 conjecture(s) more...
>>> intro Cond1(rank : 7.)


1st goal of : forall (nat1:nat), lq (ZERO) (nat1) = false -> nat1 = ZERO
nat1 : nat
Cond1 : lq (ZERO) (nat1) = false
---------------------------------------
nat1 = ZERO

0 goal(s) more...

2 conjecture(s) more...
Tactic List : 0
validate generalize_common_subterm_goal
Prop: SUCC (ZERO) = ZERO
Prop: ZERO = ZERO
Prop: SUCC (SUCC (SUCC (SUCC (ZERO)))) = ZERO
=================================================
Progress: 48


1st goal of : forall (nat_list1:nat list), main (nat_list1) = mainNew (nat_list1)
nat_list1 : nat list
nat1 : nat
nat_list2 : nat list
IH1 : mps (tf1 (nat_list2) (nat_list2)) = mainNew (nat_list2)
Inductive1 : nat_list1 = (nat1::nat_list2)
---------------------------------------
if lq (ZERO) (plus (mps (tf1 (nat_list2) (nat_list2))) (nat1)) then ZERO else plus (mps (tf1 (nat_list2) (nat_list2))) (nat1) = ZERO

0 goal(s) more...

0 conjecture(s) more...
>>> rewrite IH1 in goal at 1(rank : 11.)


1st goal of : forall (nat_list1:nat list), main (nat_list1) = mainNew (nat_list1)
nat_list1 : nat list
nat1 : nat
nat_list2 : nat list
IH1 : mps (tf1 (nat_list2) (nat_list2)) = mainNew (nat_list2)
Inductive1 : nat_list1 = (nat1::nat_list2)
---------------------------------------
if lq (ZERO) (plus (mainNew (nat_list2)) (nat1)) then ZERO else plus (mps (tf1 (nat_list2) (nat_list2))) (nat1) = ZERO

0 goal(s) more...

0 conjecture(s) more...
Tactic List : 1
case lq (ZERO) (plus (mainNew (nat_list2)) (nat1))(rank:4.)
=================================================
Progress: 49


1st goal of : forall (nat_list1:nat list), main (nat_list1) = mainNew (nat_list1)
nat_list1 : nat list
nat1 : nat
nat_list2 : nat list
IH1 : mps (tf1 (nat_list2) (nat_list2)) = mainNew (nat_list2)
Inductive1 : nat_list1 = (nat1::nat_list2)
---------------------------------------
if lq (ZERO) (plus (mainNew (nat_list2)) (nat1)) then ZERO else plus (mps (tf1 (nat_list2) (nat_list2))) (nat1) = ZERO

0 goal(s) more...

0 conjecture(s) more...
>>> case lq (ZERO) (plus (mainNew (nat_list2)) (nat1))(rank : 4.)


1st goal of : forall (nat_list1:nat list), main (nat_list1) = mainNew (nat_list1)
nat_list1 : nat list
nat1 : nat
nat_list2 : nat list
IH1 : mps (tf1 (nat_list2) (nat_list2)) = mainNew (nat_list2)
Inductive1 : nat_list1 = (nat1::nat_list2)
Case1 : lq (ZERO) (plus (mainNew (nat_list2)) (nat1)) = true
---------------------------------------
ZERO = ZERO

1 goal(s) more...

0 conjecture(s) more...
Tactic List : 0
=================================================
Progress: 50


1st goal of : forall (nat_list1:nat list), main (nat_list1) = mainNew (nat_list1)
nat_list1 : nat list
nat1 : nat
nat_list2 : nat list
IH1 : mps (tf1 (nat_list2) (nat_list2)) = mainNew (nat_list2)
Inductive1 : nat_list1 = (nat1::nat_list2)
---------------------------------------
if lq (ZERO) (plus (mps (tf1 (nat_list2) (nat_list2))) (nat1)) then ZERO else plus (mps (tf1 (nat_list2) (nat_list2))) (nat1) = ZERO

0 goal(s) more...

0 conjecture(s) more...
>>> rewrite IH1 in goal at 2(rank : 11.)


1st goal of : forall (nat_list1:nat list), main (nat_list1) = mainNew (nat_list1)
nat_list1 : nat list
nat1 : nat
nat_list2 : nat list
IH1 : mps (tf1 (nat_list2) (nat_list2)) = mainNew (nat_list2)
Inductive1 : nat_list1 = (nat1::nat_list2)
---------------------------------------
if lq (ZERO) (plus (mps (tf1 (nat_list2) (nat_list2))) (nat1)) then ZERO else plus (mainNew (nat_list2)) (nat1) = ZERO

0 goal(s) more...

0 conjecture(s) more...
Tactic List : 1
case lq (ZERO) (plus (mps (tf1 (nat_list2) (nat_list2))) (nat1))(rank:4.)
=================================================
Progress: 51


1st goal of : forall (nat_list1:nat list), main (nat_list1) = mainNew (nat_list1)
nat_list1 : nat list
nat1 : nat
nat_list2 : nat list
IH1 : mps (tf1 (nat_list2) (nat_list2)) = mainNew (nat_list2)
Inductive1 : nat_list1 = (nat1::nat_list2)
---------------------------------------
if lq (ZERO) (plus (mps (tf1 (nat_list2) (nat_list2))) (nat1)) then ZERO else plus (mainNew (nat_list2)) (nat1) = ZERO

0 goal(s) more...

0 conjecture(s) more...
>>> case lq (ZERO) (plus (mps (tf1 (nat_list2) (nat_list2))) (nat1))(rank : 4.)


1st goal of : forall (nat_list1:nat list), main (nat_list1) = mainNew (nat_list1)
nat_list1 : nat list
nat1 : nat
nat_list2 : nat list
IH1 : mps (tf1 (nat_list2) (nat_list2)) = mainNew (nat_list2)
Inductive1 : nat_list1 = (nat1::nat_list2)
Case1 : lq (ZERO) (plus (mps (tf1 (nat_list2) (nat_list2))) (nat1)) = true
---------------------------------------
ZERO = ZERO

1 goal(s) more...

0 conjecture(s) more...
Tactic List : 0
Fatal error: exception Failure("worklist is empty")
Raised at Stdlib.failwith in file "stdlib.ml", line 29, characters 17-33
Called from Dilemma__Engine.proof_auto in file "lib/engine.ml", line 283, characters 8-69
Called from Dune__exe__Main.main in file "bin/main.ml", line 24, characters 12-79
