Enter the definition file path (1/2) : 
> Enter the definition file path (2/2) : 
> Choose the proof type :
1) Interactive Mode 	 2) Auto Mode
Enter the goal : =================================================
Progress: 1


No conjecture
>>> assert forall (lst:nat list), main (lst) = mainNew (lst)(rank : 0.)


1st goal of : forall (nat_list1:nat list), main (nat_list1) = mainNew (nat_list1)

---------------------------------------
forall (nat_list1:nat list), main (nat_list1) = mainNew (nat_list1)

0 goal(s) more...

0 conjecture(s) more...
Tactic List : 1
simpl in goal(rank:3.)
=================================================
Progress: 2


1st goal of : forall (nat_list1:nat list), main (nat_list1) = mainNew (nat_list1)

---------------------------------------
forall (nat_list1:nat list), main (nat_list1) = mainNew (nat_list1)

0 goal(s) more...

0 conjecture(s) more...
>>> simpl in goal(rank : 3.)


1st goal of : forall (nat_list1:nat list), main (nat_list1) = mainNew (nat_list1)

---------------------------------------
forall (nat_list1:nat list), tsum (tri (nat_list1)) = match (triNew (nat_list1)) with
| Tuple2 a _ -> a

0 goal(s) more...

0 conjecture(s) more...
Tactic List : 1
induction nat_list1(rank:4.)
=================================================
Progress: 3


1st goal of : forall (nat_list1:nat list), main (nat_list1) = mainNew (nat_list1)

---------------------------------------
forall (nat_list1:nat list), tsum (tri (nat_list1)) = match (triNew (nat_list1)) with
| Tuple2 a _ -> a

0 goal(s) more...

0 conjecture(s) more...
>>> induction nat_list1(rank : 4.)


1st goal of : forall (nat_list1:nat list), main (nat_list1) = mainNew (nat_list1)
nat_list1 : nat list
Base1 : nat_list1 = (Nil)
---------------------------------------
tsum (tri ((Nil))) = match (triNew ((Nil))) with
| Tuple2 a _ -> a

1 goal(s) more...

0 conjecture(s) more...
Tactic List : 1
reflexivity(rank:3.)
=================================================
Progress: 4


1st goal of : forall (nat_list1:nat list), main (nat_list1) = mainNew (nat_list1)
nat_list1 : nat list
Base1 : nat_list1 = (Nil)
---------------------------------------
tsum (tri ((Nil))) = match (triNew ((Nil))) with
| Tuple2 a _ -> a

1 goal(s) more...

0 conjecture(s) more...
>>> reflexivity(rank : 3.)


1st goal of : forall (nat_list1:nat list), main (nat_list1) = mainNew (nat_list1)
nat_list1 : nat list
nat1 : nat
nat_list2 : nat list
IH1 : tsum (tri (nat_list2)) = match (triNew (nat_list2)) with
| Tuple2 a _ -> a
Inductive1 : nat_list1 = (nat1::nat_list2)
---------------------------------------
tsum (tri ((nat1::nat_list2))) = match (triNew ((nat1::nat_list2))) with
| Tuple2 a _ -> a

0 goal(s) more...

0 conjecture(s) more...
Deduplication: 0
Tactic List : 1
simpl in goal(rank:3.)
=================================================
Progress: 5


1st goal of : forall (nat_list1:nat list), main (nat_list1) = mainNew (nat_list1)
nat_list1 : nat list
nat1 : nat
nat_list2 : nat list
IH1 : tsum (tri (nat_list2)) = match (triNew (nat_list2)) with
| Tuple2 a _ -> a
Inductive1 : nat_list1 = (nat1::nat_list2)
---------------------------------------
tsum (tri ((nat1::nat_list2))) = match (triNew ((nat1::nat_list2))) with
| Tuple2 a _ -> a

0 goal(s) more...

0 conjecture(s) more...
>>> simpl in goal(rank : 3.)


1st goal of : forall (nat_list1:nat list), main (nat_list1) = mainNew (nat_list1)
nat_list1 : nat list
nat1 : nat
nat_list2 : nat list
IH1 : tsum (tri (nat_list2)) = match (triNew (nat_list2)) with
| Tuple2 a _ -> a
Inductive1 : nat_list1 = (nat1::nat_list2)
---------------------------------------
tsum (tf3 (tri (nat_list2))) = plus (match (triNew (nat_list2)) with
| Tuple2 a _ -> a) (match (triNew (nat_list2)) with
| Tuple2 _ b -> b)

0 goal(s) more...

0 conjecture(s) more...
Tactic List : 1
rewrite <- IH1 in goal at 0(rank:3.)
=================================================
Progress: 6


1st goal of : forall (nat_list1:nat list), main (nat_list1) = mainNew (nat_list1)
nat_list1 : nat list
nat1 : nat
nat_list2 : nat list
IH1 : tsum (tri (nat_list2)) = match (triNew (nat_list2)) with
| Tuple2 a _ -> a
Inductive1 : nat_list1 = (nat1::nat_list2)
---------------------------------------
tsum (tf3 (tri (nat_list2))) = plus (match (triNew (nat_list2)) with
| Tuple2 a _ -> a) (match (triNew (nat_list2)) with
| Tuple2 _ b -> b)

0 goal(s) more...

0 conjecture(s) more...
>>> rewrite <- IH1 in goal at 0(rank : 3.)


1st goal of : forall (nat_list1:nat list), main (nat_list1) = mainNew (nat_list1)
nat_list1 : nat list
nat1 : nat
nat_list2 : nat list
IH1 : tsum (tri (nat_list2)) = match (triNew (nat_list2)) with
| Tuple2 a _ -> a
Inductive1 : nat_list1 = (nat1::nat_list2)
---------------------------------------
tsum (tf3 (tri (nat_list2))) = plus (tsum (tri (nat_list2))) (match (triNew (nat_list2)) with
| Tuple2 _ b -> b)

0 goal(s) more...

0 conjecture(s) more...
Tactic List : 0
previous tactics
simpl in goal
rewrite <- IH1 in goal at 0
Prop: tsum (tf3 (Pnil)) = plus (tsum (Pnil)) (match (triNew ((ZERO::(ZERO::(ZERO::(Nil)))))) with
| Tuple2 _ b -> b)
Prop: tsum (tf3 (Pcons (ZERO) (ZERO) (Pnil))) = plus (tsum (Pcons (ZERO) (ZERO) (Pnil))) (match (triNew ((Nil))) with
| Tuple2 _ b -> b)
Prop: tsum (tf3 (Pnil)) = plus (tsum (Pnil)) (match (triNew ((SUCC (ZERO)::(Nil)))) with
| Tuple2 _ b -> b)
validate generalize_common_subterm_goal
Prop: tsum (tf3 (Pnil)) = plus (tsum (Pnil)) (match (triNew ((Nil))) with
| Tuple2 _ b -> b)
Prop: tsum (tf3 (Pcons (SUCC (ZERO)) (ZERO) (Pnil))) = plus (tsum (Pcons (SUCC (ZERO)) (ZERO) (Pnil))) (match (triNew ((Nil))) with
| Tuple2 _ b -> b)
Prop: tsum (tf3 (Pcons (ZERO) (SUCC (SUCC (ZERO))) (Pnil))) = plus (tsum (Pcons (ZERO) (SUCC (SUCC (ZERO))) (Pnil))) (match (triNew ((ZERO::(Nil)))) with
| Tuple2 _ b -> b)
Prop: tsum (tf3 (tri ((Nil)))) = plus (tsum (tri ((Nil)))) (match (triNew ((Nil))) with
| Tuple2 _ b -> b)
Prop: tsum (tf3 (tri ((SUCC (ZERO)::(SUCC (SUCC (ZERO))::(Nil)))))) = plus (tsum (tri ((SUCC (ZERO)::(SUCC (SUCC (ZERO))::(Nil)))))) (match (triNew ((SUCC (ZERO)::(SUCC (SUCC (ZERO))::(Nil))))) with
| Tuple2 _ b -> b)
Prop: tsum (tf3 (tri ((ZERO::(Nil))))) = plus (tsum (tri ((ZERO::(Nil))))) (match (triNew ((ZERO::(Nil)))) with
| Tuple2 _ b -> b)
previous tactics
simpl in goal
validate generalize_common_subterm_goal
Prop: tsum (tf3 (tri ((ZERO::(Nil))))) = plus (match (triNew ((ZERO::(Nil)))) with
| Tuple2 a _ -> a) (match (triNew ((ZERO::(Nil)))) with
| Tuple2 _ b -> b)
Prop: tsum (tf3 (tri ((ZERO::(Nil))))) = plus (match (triNew ((ZERO::(Nil)))) with
| Tuple2 a _ -> a) (match (triNew ((ZERO::(Nil)))) with
| Tuple2 _ b -> b)
Prop: tsum (tf3 (tri ((ZERO::(ZERO::(Nil)))))) = plus (match (triNew ((ZERO::(ZERO::(Nil))))) with
| Tuple2 a _ -> a) (match (triNew ((ZERO::(ZERO::(Nil))))) with
| Tuple2 _ b -> b)
Lemma List
forall (nat_list1:nat list), tsum (tf3 (tri (nat_list1))) = plus (match (triNew (nat_list1)) with
| Tuple2 a _ -> a) (match (triNew (nat_list1)) with
| Tuple2 _ b -> b)
End of Lemma List


1st goal of : forall (nat_list1:nat list), main (nat_list1) = mainNew (nat_list1)
nat_list1 : nat list
nat1 : nat
nat_list2 : nat list
IH1 : tsum (tri (nat_list2)) = match (triNew (nat_list2)) with
| Tuple2 a _ -> a
Inductive1 : nat_list1 = (nat1::nat_list2)
---------------------------------------
tsum (tf3 (tri (nat_list2))) = plus (match (triNew (nat_list2)) with
| Tuple2 a _ -> a) (match (triNew (nat_list2)) with
| Tuple2 _ b -> b)

0 goal(s) more...

0 conjecture(s) more...
Lemma List
forall (nat_list1:nat list), tsum (tf3 (tri (nat_list1))) = plus (tsum (tri (nat_list1))) (match (triNew (nat_list1)) with
| Tuple2 _ b -> b)
End of Lemma List


1st goal of : forall (nat_list1:nat list), main (nat_list1) = mainNew (nat_list1)
nat_list1 : nat list
nat1 : nat
nat_list2 : nat list
IH1 : tsum (tri (nat_list2)) = match (triNew (nat_list2)) with
| Tuple2 a _ -> a
Inductive1 : nat_list1 = (nat1::nat_list2)
---------------------------------------
tsum (tf3 (tri (nat_list2))) = plus (tsum (tri (nat_list2))) (match (triNew (nat_list2)) with
| Tuple2 _ b -> b)

0 goal(s) more...

0 conjecture(s) more...
=================================================
Progress: 7


1st goal of : forall (nat_list1:nat list), main (nat_list1) = mainNew (nat_list1)
nat_list1 : nat list
nat1 : nat
nat_list2 : nat list
IH1 : tsum (tri (nat_list2)) = match (triNew (nat_list2)) with
| Tuple2 a _ -> a
Inductive1 : nat_list1 = (nat1::nat_list2)
---------------------------------------
tsum (tf3 (tri (nat_list2))) = plus (match (triNew (nat_list2)) with
| Tuple2 a _ -> a) (match (triNew (nat_list2)) with
| Tuple2 _ b -> b)

0 goal(s) more...

0 conjecture(s) more...
>>> assert forall (nat_list1:nat list), tsum (tf3 (tri (nat_list1))) = plus (match (triNew (nat_list1)) with
| Tuple2 a _ -> a) (match (triNew (nat_list1)) with
| Tuple2 _ b -> b)(rank : 0.)


1st goal of : forall (nat_list1:nat list), tsum (tf3 (tri (nat_list1))) = plus (match (triNew (nat_list1)) with
| Tuple2 a _ -> a) (match (triNew (nat_list1)) with
| Tuple2 _ b -> b)

---------------------------------------
forall (nat_list1:nat list), tsum (tf3 (tri (nat_list1))) = plus (match (triNew (nat_list1)) with
| Tuple2 a _ -> a) (match (triNew (nat_list1)) with
| Tuple2 _ b -> b)

0 goal(s) more...

1 conjecture(s) more...
Tactic List : 1
induction nat_list1(rank:6.)
=================================================
Progress: 8


1st goal of : forall (nat_list1:nat list), main (nat_list1) = mainNew (nat_list1)
nat_list1 : nat list
nat1 : nat
nat_list2 : nat list
IH1 : tsum (tri (nat_list2)) = match (triNew (nat_list2)) with
| Tuple2 a _ -> a
Inductive1 : nat_list1 = (nat1::nat_list2)
---------------------------------------
tsum (tf3 (tri (nat_list2))) = plus (tsum (tri (nat_list2))) (match (triNew (nat_list2)) with
| Tuple2 _ b -> b)

0 goal(s) more...

0 conjecture(s) more...
>>> assert forall (nat_list1:nat list), tsum (tf3 (tri (nat_list1))) = plus (tsum (tri (nat_list1))) (match (triNew (nat_list1)) with
| Tuple2 _ b -> b)(rank : 0.)


1st goal of : forall (nat_list1:nat list), tsum (tf3 (tri (nat_list1))) = plus (tsum (tri (nat_list1))) (match (triNew (nat_list1)) with
| Tuple2 _ b -> b)

---------------------------------------
forall (nat_list1:nat list), tsum (tf3 (tri (nat_list1))) = plus (tsum (tri (nat_list1))) (match (triNew (nat_list1)) with
| Tuple2 _ b -> b)

0 goal(s) more...

1 conjecture(s) more...
Tactic List : 1
induction nat_list1(rank:6.)
=================================================
Progress: 9


1st goal of : forall (nat_list1:nat list), tsum (tf3 (tri (nat_list1))) = plus (match (triNew (nat_list1)) with
| Tuple2 a _ -> a) (match (triNew (nat_list1)) with
| Tuple2 _ b -> b)

---------------------------------------
forall (nat_list1:nat list), tsum (tf3 (tri (nat_list1))) = plus (match (triNew (nat_list1)) with
| Tuple2 a _ -> a) (match (triNew (nat_list1)) with
| Tuple2 _ b -> b)

0 goal(s) more...

1 conjecture(s) more...
>>> induction nat_list1(rank : 6.)


1st goal of : forall (nat_list1:nat list), tsum (tf3 (tri (nat_list1))) = plus (match (triNew (nat_list1)) with
| Tuple2 a _ -> a) (match (triNew (nat_list1)) with
| Tuple2 _ b -> b)
nat_list1 : nat list
Base1 : nat_list1 = (Nil)
---------------------------------------
tsum (tf3 (tri ((Nil)))) = plus (match (triNew ((Nil))) with
| Tuple2 a _ -> a) (match (triNew ((Nil))) with
| Tuple2 _ b -> b)

1 goal(s) more...

1 conjecture(s) more...
Tactic List : 1
reflexivity(rank:5.)
=================================================
Progress: 10


1st goal of : forall (nat_list1:nat list), tsum (tf3 (tri (nat_list1))) = plus (match (triNew (nat_list1)) with
| Tuple2 a _ -> a) (match (triNew (nat_list1)) with
| Tuple2 _ b -> b)
nat_list1 : nat list
Base1 : nat_list1 = (Nil)
---------------------------------------
tsum (tf3 (tri ((Nil)))) = plus (match (triNew ((Nil))) with
| Tuple2 a _ -> a) (match (triNew ((Nil))) with
| Tuple2 _ b -> b)

1 goal(s) more...

1 conjecture(s) more...
>>> reflexivity(rank : 5.)


1st goal of : forall (nat_list1:nat list), tsum (tf3 (tri (nat_list1))) = plus (match (triNew (nat_list1)) with
| Tuple2 a _ -> a) (match (triNew (nat_list1)) with
| Tuple2 _ b -> b)
nat_list1 : nat list
nat1 : nat
nat_list2 : nat list
IH1 : tsum (tf3 (tri (nat_list2))) = plus (match (triNew (nat_list2)) with
| Tuple2 a _ -> a) (match (triNew (nat_list2)) with
| Tuple2 _ b -> b)
Inductive1 : nat_list1 = (nat1::nat_list2)
---------------------------------------
tsum (tf3 (tri ((nat1::nat_list2)))) = plus (match (triNew ((nat1::nat_list2))) with
| Tuple2 a _ -> a) (match (triNew ((nat1::nat_list2))) with
| Tuple2 _ b -> b)

0 goal(s) more...

1 conjecture(s) more...
Deduplication: 0
Tactic List : 1
simpl in goal(rank:5.)
=================================================
Progress: 11


1st goal of : forall (nat_list1:nat list), tsum (tf3 (tri (nat_list1))) = plus (match (triNew (nat_list1)) with
| Tuple2 a _ -> a) (match (triNew (nat_list1)) with
| Tuple2 _ b -> b)
nat_list1 : nat list
nat1 : nat
nat_list2 : nat list
IH1 : tsum (tf3 (tri (nat_list2))) = plus (match (triNew (nat_list2)) with
| Tuple2 a _ -> a) (match (triNew (nat_list2)) with
| Tuple2 _ b -> b)
Inductive1 : nat_list1 = (nat1::nat_list2)
---------------------------------------
tsum (tf3 (tri ((nat1::nat_list2)))) = plus (match (triNew ((nat1::nat_list2))) with
| Tuple2 a _ -> a) (match (triNew ((nat1::nat_list2))) with
| Tuple2 _ b -> b)

0 goal(s) more...

1 conjecture(s) more...
>>> simpl in goal(rank : 5.)


1st goal of : forall (nat_list1:nat list), tsum (tf3 (tri (nat_list1))) = plus (match (triNew (nat_list1)) with
| Tuple2 a _ -> a) (match (triNew (nat_list1)) with
| Tuple2 _ b -> b)
nat_list1 : nat list
nat1 : nat
nat_list2 : nat list
IH1 : tsum (tf3 (tri (nat_list2))) = plus (match (triNew (nat_list2)) with
| Tuple2 a _ -> a) (match (triNew (nat_list2)) with
| Tuple2 _ b -> b)
Inductive1 : nat_list1 = (nat1::nat_list2)
---------------------------------------
plus (nat1) (tsum (tf3 (tf3 (tri (nat_list2))))) = plus (plus (match (triNew (nat_list2)) with
| Tuple2 a _ -> a) (match (triNew (nat_list2)) with
| Tuple2 _ b -> b)) (plus (match (triNew (nat_list2)) with
| Tuple2 _ b -> b) (nat1))

0 goal(s) more...

1 conjecture(s) more...
Tactic List : 1
rewrite <- IH1 in goal at 0(rank:5.)
=================================================
Progress: 12


1st goal of : forall (nat_list1:nat list), tsum (tf3 (tri (nat_list1))) = plus (match (triNew (nat_list1)) with
| Tuple2 a _ -> a) (match (triNew (nat_list1)) with
| Tuple2 _ b -> b)
nat_list1 : nat list
nat1 : nat
nat_list2 : nat list
IH1 : tsum (tf3 (tri (nat_list2))) = plus (match (triNew (nat_list2)) with
| Tuple2 a _ -> a) (match (triNew (nat_list2)) with
| Tuple2 _ b -> b)
Inductive1 : nat_list1 = (nat1::nat_list2)
---------------------------------------
plus (nat1) (tsum (tf3 (tf3 (tri (nat_list2))))) = plus (plus (match (triNew (nat_list2)) with
| Tuple2 a _ -> a) (match (triNew (nat_list2)) with
| Tuple2 _ b -> b)) (plus (match (triNew (nat_list2)) with
| Tuple2 _ b -> b) (nat1))

0 goal(s) more...

1 conjecture(s) more...
>>> rewrite <- IH1 in goal at 0(rank : 5.)


1st goal of : forall (nat_list1:nat list), tsum (tf3 (tri (nat_list1))) = plus (match (triNew (nat_list1)) with
| Tuple2 a _ -> a) (match (triNew (nat_list1)) with
| Tuple2 _ b -> b)
nat_list1 : nat list
nat1 : nat
nat_list2 : nat list
IH1 : tsum (tf3 (tri (nat_list2))) = plus (match (triNew (nat_list2)) with
| Tuple2 a _ -> a) (match (triNew (nat_list2)) with
| Tuple2 _ b -> b)
Inductive1 : nat_list1 = (nat1::nat_list2)
---------------------------------------
plus (nat1) (tsum (tf3 (tf3 (tri (nat_list2))))) = plus (tsum (tf3 (tri (nat_list2)))) (plus (match (triNew (nat_list2)) with
| Tuple2 _ b -> b) (nat1))

0 goal(s) more...

1 conjecture(s) more...
Tactic List : 0
previous tactics
simpl in goal
rewrite <- IH1 in goal at 0
Prop: plus (SUCC (ZERO)) (tsum (tf3 (Pcons (ZERO) (ZERO) (Pcons (ZERO) (ZERO) (Pnil))))) = plus (tsum (Pcons (ZERO) (ZERO) (Pcons (ZERO) (ZERO) (Pnil)))) (plus (match (triNew ((Nil))) with
| Tuple2 _ b -> b) (SUCC (ZERO)))
Prop: plus (SUCC (ZERO)) (tsum (tf3 (Pnil))) = plus (tsum (Pnil)) (plus (match (triNew ((SUCC (ZERO)::(Nil)))) with
| Tuple2 _ b -> b) (SUCC (ZERO)))
Prop: plus (SUCC (ZERO)) (tsum (tf3 (Pnil))) = plus (tsum (Pnil)) (plus (match (triNew ((Nil))) with
| Tuple2 _ b -> b) (SUCC (ZERO)))
validate generalize_common_subterm_goal
Prop: plus (SUCC (ZERO)) (tsum (tf3 (Pnil))) = plus (tsum (Pnil)) (plus (match (triNew ((Nil))) with
| Tuple2 _ b -> b) (SUCC (ZERO)))
Prop: plus (SUCC (SUCC (SUCC (SUCC (ZERO))))) (tsum (tf3 (Pnil))) = plus (tsum (Pnil)) (plus (match (triNew ((Nil))) with
| Tuple2 _ b -> b) (SUCC (SUCC (SUCC (SUCC (ZERO))))))
Prop: plus (ZERO) (tsum (tf3 (Pcons (ZERO) (ZERO) (Pnil)))) = plus (tsum (Pcons (ZERO) (ZERO) (Pnil))) (plus (match (triNew ((Nil))) with
| Tuple2 _ b -> b) (ZERO))
previous tactics
simpl in goal
parent
plus (nat1) (tsum (tf3 (tf3 (tri (nat_list2)))))
lower
plus(_, tsum(tf3(tf3(tri(nat_list2)))))
upper
_
remove upper
tsum(tf3(tri(nat_list2)))
remove lower
tsum(tf3(tri(nat_list2)))
remove upper
plus(nat1, tsum(tf3(tf3(tri(nat_list2)))))
remove lower
plus(nat1, tsum(tf3(tf3(tri(nat_list2)))))
remove upper
plus(nat1, plus(plus(nat2, nat2), tsum(tf3(tf3(tf3(tri(nat_list3)))))))
remove lower
plus(nat1, plus(plus(nat2, nat2), tsum(tf3(tf3(tf3(tri(nat_list3)))))))
remove upper
plus(nat1, plus(plus(nat2, nat2), plus(plus(plus(nat3, nat3), nat3), tsum(tf3(tf3(tf3(tf3(tri(nat_list4)))))))))
remove lower
plus(nat1, plus(plus(nat2, nat2), plus(plus(plus(nat3, nat3), nat3), tsum(tf3(tf3(tf3(tf3(tri(nat_list4)))))))))
parent
plus (match (triNew (nat_list2)) with
| Tuple2 _ b -> b) (nat1)
lower
plus(_, _)
upper
plus(plus(_, _), _)
remove upper
plus(_, nat1)
validate generalize_common_subterm_goal
Prop: plus (ZERO) (tsum (tf3 (tf3 (tri ((SUCC (SUCC (SUCC (ZERO)))::(Nil))))))) = plus (plus (match (triNew ((SUCC (SUCC (SUCC (ZERO)))::(Nil)))) with
| Tuple2 a _ -> a) (match (triNew ((SUCC (SUCC (SUCC (ZERO)))::(Nil)))) with
| Tuple2 _ b -> b)) (plus (match (triNew ((SUCC (SUCC (SUCC (ZERO)))::(Nil)))) with
| Tuple2 _ b -> b) (ZERO))
Prop: plus (ZERO) (tsum (tf3 (tf3 (tri ((Nil)))))) = plus (plus (match (triNew ((Nil))) with
| Tuple2 a _ -> a) (match (triNew ((Nil))) with
| Tuple2 _ b -> b)) (plus (match (triNew ((Nil))) with
| Tuple2 _ b -> b) (ZERO))
Prop: plus (SUCC (ZERO)) (tsum (tf3 (tf3 (tri ((Nil)))))) = plus (plus (match (triNew ((Nil))) with
| Tuple2 a _ -> a) (match (triNew ((Nil))) with
| Tuple2 _ b -> b)) (plus (match (triNew ((Nil))) with
| Tuple2 _ b -> b) (SUCC (ZERO)))
Lemma List
forall (plist1:plist) (nat1:nat) (nat_list1:nat list), plus (nat1) (tsum (tf3 (plist1))) = plus (tsum (plist1)) (plus (match (triNew (nat_list1)) with
| Tuple2 _ b -> b) (nat1))
End of Lemma List


1st goal of : forall (nat_list1:nat list), tsum (tf3 (tri (nat_list1))) = plus (match (triNew (nat_list1)) with
| Tuple2 a _ -> a) (match (triNew (nat_list1)) with
| Tuple2 _ b -> b)
nat_list1 : nat list
nat1 : nat
nat_list2 : nat list
IH1 : tsum (tf3 (tri (nat_list2))) = plus (match (triNew (nat_list2)) with
| Tuple2 a _ -> a) (match (triNew (nat_list2)) with
| Tuple2 _ b -> b)
Inductive1 : nat_list1 = (nat1::nat_list2)
---------------------------------------
plus (nat1) (tsum (tf3 (tf3 (tri (nat_list2))))) = plus (tsum (tf3 (tri (nat_list2)))) (plus (match (triNew (nat_list2)) with
| Tuple2 _ b -> b) (nat1))

0 goal(s) more...

1 conjecture(s) more...
=================================================
Progress: 13


1st goal of : forall (nat_list1:nat list), tsum (tf3 (tri (nat_list1))) = plus (match (triNew (nat_list1)) with
| Tuple2 a _ -> a) (match (triNew (nat_list1)) with
| Tuple2 _ b -> b)
nat_list1 : nat list
nat1 : nat
nat_list2 : nat list
IH1 : tsum (tf3 (tri (nat_list2))) = plus (match (triNew (nat_list2)) with
| Tuple2 a _ -> a) (match (triNew (nat_list2)) with
| Tuple2 _ b -> b)
Inductive1 : nat_list1 = (nat1::nat_list2)
---------------------------------------
plus (nat1) (tsum (tf3 (tf3 (tri (nat_list2))))) = plus (tsum (tf3 (tri (nat_list2)))) (plus (match (triNew (nat_list2)) with
| Tuple2 _ b -> b) (nat1))

0 goal(s) more...

1 conjecture(s) more...
>>> assert forall (plist1:plist) (nat1:nat) (nat_list1:nat list), plus (nat1) (tsum (tf3 (plist1))) = plus (tsum (plist1)) (plus (match (triNew (nat_list1)) with
| Tuple2 _ b -> b) (nat1))(rank : 0.)


1st goal of : forall (plist1:plist) (nat1:nat) (nat_list1:nat list), plus (nat1) (tsum (tf3 (plist1))) = plus (tsum (plist1)) (plus (match (triNew (nat_list1)) with
| Tuple2 _ b -> b) (nat1))

---------------------------------------
forall (plist1:plist) (nat1:nat) (nat_list1:nat list), plus (nat1) (tsum (tf3 (plist1))) = plus (tsum (plist1)) (plus (match (triNew (nat_list1)) with
| Tuple2 _ b -> b) (nat1))

0 goal(s) more...

2 conjecture(s) more...
Tactic List : 1
induction nat1(rank:8.)
=================================================
Progress: 14


1st goal of : forall (nat_list1:nat list), tsum (tf3 (tri (nat_list1))) = plus (tsum (tri (nat_list1))) (match (triNew (nat_list1)) with
| Tuple2 _ b -> b)

---------------------------------------
forall (nat_list1:nat list), tsum (tf3 (tri (nat_list1))) = plus (tsum (tri (nat_list1))) (match (triNew (nat_list1)) with
| Tuple2 _ b -> b)

0 goal(s) more...

1 conjecture(s) more...
>>> induction nat_list1(rank : 6.)


1st goal of : forall (nat_list1:nat list), tsum (tf3 (tri (nat_list1))) = plus (tsum (tri (nat_list1))) (match (triNew (nat_list1)) with
| Tuple2 _ b -> b)
nat_list1 : nat list
Base1 : nat_list1 = (Nil)
---------------------------------------
tsum (tf3 (tri ((Nil)))) = plus (tsum (tri ((Nil)))) (match (triNew ((Nil))) with
| Tuple2 _ b -> b)

1 goal(s) more...

1 conjecture(s) more...
Tactic List : 1
reflexivity(rank:5.)
=================================================
Progress: 15


1st goal of : forall (nat_list1:nat list), tsum (tf3 (tri (nat_list1))) = plus (tsum (tri (nat_list1))) (match (triNew (nat_list1)) with
| Tuple2 _ b -> b)
nat_list1 : nat list
Base1 : nat_list1 = (Nil)
---------------------------------------
tsum (tf3 (tri ((Nil)))) = plus (tsum (tri ((Nil)))) (match (triNew ((Nil))) with
| Tuple2 _ b -> b)

1 goal(s) more...

1 conjecture(s) more...
>>> reflexivity(rank : 5.)


1st goal of : forall (nat_list1:nat list), tsum (tf3 (tri (nat_list1))) = plus (tsum (tri (nat_list1))) (match (triNew (nat_list1)) with
| Tuple2 _ b -> b)
nat_list1 : nat list
nat1 : nat
nat_list2 : nat list
IH1 : tsum (tf3 (tri (nat_list2))) = plus (tsum (tri (nat_list2))) (match (triNew (nat_list2)) with
| Tuple2 _ b -> b)
Inductive1 : nat_list1 = (nat1::nat_list2)
---------------------------------------
tsum (tf3 (tri ((nat1::nat_list2)))) = plus (tsum (tri ((nat1::nat_list2)))) (match (triNew ((nat1::nat_list2))) with
| Tuple2 _ b -> b)

0 goal(s) more...

1 conjecture(s) more...
Deduplication: 0
Tactic List : 1
simpl in goal(rank:5.)
=================================================
Progress: 16


1st goal of : forall (nat_list1:nat list), tsum (tf3 (tri (nat_list1))) = plus (tsum (tri (nat_list1))) (match (triNew (nat_list1)) with
| Tuple2 _ b -> b)
nat_list1 : nat list
nat1 : nat
nat_list2 : nat list
IH1 : tsum (tf3 (tri (nat_list2))) = plus (tsum (tri (nat_list2))) (match (triNew (nat_list2)) with
| Tuple2 _ b -> b)
Inductive1 : nat_list1 = (nat1::nat_list2)
---------------------------------------
tsum (tf3 (tri ((nat1::nat_list2)))) = plus (tsum (tri ((nat1::nat_list2)))) (match (triNew ((nat1::nat_list2))) with
| Tuple2 _ b -> b)

0 goal(s) more...

1 conjecture(s) more...
>>> simpl in goal(rank : 5.)


1st goal of : forall (nat_list1:nat list), tsum (tf3 (tri (nat_list1))) = plus (tsum (tri (nat_list1))) (match (triNew (nat_list1)) with
| Tuple2 _ b -> b)
nat_list1 : nat list
nat1 : nat
nat_list2 : nat list
IH1 : tsum (tf3 (tri (nat_list2))) = plus (tsum (tri (nat_list2))) (match (triNew (nat_list2)) with
| Tuple2 _ b -> b)
Inductive1 : nat_list1 = (nat1::nat_list2)
---------------------------------------
plus (nat1) (tsum (tf3 (tf3 (tri (nat_list2))))) = plus (tsum (tf3 (tri (nat_list2)))) (plus (match (triNew (nat_list2)) with
| Tuple2 _ b -> b) (nat1))

0 goal(s) more...

1 conjecture(s) more...
Tactic List : 1
rewrite IH1 in goal at 0(rank:5.)
=================================================
Progress: 17


1st goal of : forall (nat_list1:nat list), tsum (tf3 (tri (nat_list1))) = plus (tsum (tri (nat_list1))) (match (triNew (nat_list1)) with
| Tuple2 _ b -> b)
nat_list1 : nat list
nat1 : nat
nat_list2 : nat list
IH1 : tsum (tf3 (tri (nat_list2))) = plus (tsum (tri (nat_list2))) (match (triNew (nat_list2)) with
| Tuple2 _ b -> b)
Inductive1 : nat_list1 = (nat1::nat_list2)
---------------------------------------
plus (nat1) (tsum (tf3 (tf3 (tri (nat_list2))))) = plus (tsum (tf3 (tri (nat_list2)))) (plus (match (triNew (nat_list2)) with
| Tuple2 _ b -> b) (nat1))

0 goal(s) more...

1 conjecture(s) more...
>>> rewrite IH1 in goal at 0(rank : 5.)


1st goal of : forall (nat_list1:nat list), tsum (tf3 (tri (nat_list1))) = plus (tsum (tri (nat_list1))) (match (triNew (nat_list1)) with
| Tuple2 _ b -> b)
nat_list1 : nat list
nat1 : nat
nat_list2 : nat list
IH1 : tsum (tf3 (tri (nat_list2))) = plus (tsum (tri (nat_list2))) (match (triNew (nat_list2)) with
| Tuple2 _ b -> b)
Inductive1 : nat_list1 = (nat1::nat_list2)
---------------------------------------
plus (nat1) (tsum (tf3 (tf3 (tri (nat_list2))))) = plus (plus (tsum (tri (nat_list2))) (match (triNew (nat_list2)) with
| Tuple2 _ b -> b)) (plus (match (triNew (nat_list2)) with
| Tuple2 _ b -> b) (nat1))

0 goal(s) more...

1 conjecture(s) more...
Tactic List : 0
previous tactics
simpl in goal
rewrite IH1 in goal at 0
Prop: plus (SUCC (SUCC (ZERO))) (tsum (tf3 (tf3 (Pnil)))) = plus (plus (tsum (Pnil)) (match (triNew ((Nil))) with
| Tuple2 _ b -> b)) (plus (match (triNew ((Nil))) with
| Tuple2 _ b -> b) (SUCC (SUCC (ZERO))))
Prop: plus (ZERO) (tsum (tf3 (tf3 (Pnil)))) = plus (plus (tsum (Pnil)) (match (triNew ((Nil))) with
| Tuple2 _ b -> b)) (plus (match (triNew ((Nil))) with
| Tuple2 _ b -> b) (ZERO))
Prop: plus (SUCC (ZERO)) (tsum (tf3 (tf3 (Pnil)))) = plus (plus (tsum (Pnil)) (match (triNew ((Nil))) with
| Tuple2 _ b -> b)) (plus (match (triNew ((Nil))) with
| Tuple2 _ b -> b) (SUCC (ZERO)))
previous tactics
simpl in goal
parent
plus (nat1) (tsum (tf3 (tf3 (tri (nat_list2)))))
lower
plus(_, tsum(tf3(tf3(tri(nat_list2)))))
upper
_
remove upper
tsum(tf3(tri(nat_list2)))
remove lower
tsum(tf3(tri(nat_list2)))
remove upper
plus(nat1, tsum(tf3(tf3(tri(nat_list2)))))
remove lower
plus(nat1, tsum(tf3(tf3(tri(nat_list2)))))
remove upper
plus(nat1, plus(plus(nat2, nat2), tsum(tf3(tf3(tf3(tri(nat_list3)))))))
remove lower
plus(nat1, plus(plus(nat2, nat2), tsum(tf3(tf3(tf3(tri(nat_list3)))))))
remove upper
plus(nat1, plus(plus(nat2, nat2), plus(plus(plus(nat3, nat3), nat3), tsum(tf3(tf3(tf3(tf3(tri(nat_list4)))))))))
remove lower
plus(nat1, plus(plus(nat2, nat2), plus(plus(plus(nat3, nat3), nat3), tsum(tf3(tf3(tf3(tf3(tri(nat_list4)))))))))
parent
plus (match (triNew (nat_list2)) with
| Tuple2 _ b -> b) (nat1)
lower
plus(_, _)
upper
plus(tsum(tf3(tri(nat_list2))), _)
remove upper
plus(_, nat1)
Prop: plus (ZERO) (tsum (tf3 (Pnil))) = plus (tsum (Pnil)) (plus (match (triNew ((Nil))) with
| Tuple2 _ b -> b) (ZERO))
Prop: plus (SUCC (ZERO)) (tsum (tf3 (Pnil))) = plus (tsum (Pnil)) (plus (match (triNew ((Nil))) with
| Tuple2 _ b -> b) (SUCC (ZERO)))
Prop: plus (ZERO) (tsum (tf3 (Pcons (ZERO) (SUCC (SUCC (SUCC (ZERO)))) (Pnil)))) = plus (tsum (Pcons (ZERO) (SUCC (SUCC (SUCC (ZERO)))) (Pnil))) (plus (match (triNew ((Nil))) with
| Tuple2 _ b -> b) (ZERO))
validate generalize_common_subterm_goal
Prop: plus (ZERO) (tsum (tf3 (Pnil))) = plus (tsum (Pnil)) (plus (match (triNew ((SUCC (ZERO)::(Nil)))) with
| Tuple2 _ b -> b) (ZERO))
Prop: plus (ZERO) (tsum (tf3 (Pcons (ZERO) (ZERO) (Pnil)))) = plus (tsum (Pcons (ZERO) (ZERO) (Pnil))) (plus (match (triNew ((Nil))) with
| Tuple2 _ b -> b) (ZERO))
Prop: plus (ZERO) (tsum (tf3 (Pcons (SUCC (SUCC (SUCC (ZERO)))) (ZERO) (Pcons (SUCC (ZERO)) (ZERO) (Pnil))))) = plus (tsum (Pcons (SUCC (SUCC (SUCC (ZERO)))) (ZERO) (Pcons (SUCC (ZERO)) (ZERO) (Pnil)))) (plus (match (triNew ((Nil))) with
| Tuple2 _ b -> b) (ZERO))
Prop: plus (ZERO) (tsum (tf3 (tf3 (tri ((Nil)))))) = plus (tsum (tf3 (tri ((Nil))))) (plus (match (triNew ((Nil))) with
| Tuple2 _ b -> b) (ZERO))
Prop: plus (ZERO) (tsum (tf3 (tf3 (tri ((SUCC (ZERO)::(Nil))))))) = plus (tsum (tf3 (tri ((SUCC (ZERO)::(Nil)))))) (plus (match (triNew ((SUCC (ZERO)::(Nil)))) with
| Tuple2 _ b -> b) (ZERO))
Prop: plus (ZERO) (tsum (tf3 (tf3 (tri ((Nil)))))) = plus (tsum (tf3 (tri ((Nil))))) (plus (match (triNew ((Nil))) with
| Tuple2 _ b -> b) (ZERO))
Lemma List
forall (plist1:plist) (nat1:nat) (nat_list1:nat list), plus (nat1) (tsum (tf3 (tf3 (plist1)))) = plus (plus (tsum (plist1)) (match (triNew (nat_list1)) with
| Tuple2 _ b -> b)) (plus (match (triNew (nat_list1)) with
| Tuple2 _ b -> b) (nat1))
End of Lemma List


1st goal of : forall (nat_list1:nat list), tsum (tf3 (tri (nat_list1))) = plus (tsum (tri (nat_list1))) (match (triNew (nat_list1)) with
| Tuple2 _ b -> b)
nat_list1 : nat list
nat1 : nat
nat_list2 : nat list
IH1 : tsum (tf3 (tri (nat_list2))) = plus (tsum (tri (nat_list2))) (match (triNew (nat_list2)) with
| Tuple2 _ b -> b)
Inductive1 : nat_list1 = (nat1::nat_list2)
---------------------------------------
plus (nat1) (tsum (tf3 (tf3 (tri (nat_list2))))) = plus (plus (tsum (tri (nat_list2))) (match (triNew (nat_list2)) with
| Tuple2 _ b -> b)) (plus (match (triNew (nat_list2)) with
| Tuple2 _ b -> b) (nat1))

0 goal(s) more...

1 conjecture(s) more...
=================================================
Progress: 18


1st goal of : forall (nat_list1:nat list), tsum (tf3 (tri (nat_list1))) = plus (tsum (tri (nat_list1))) (match (triNew (nat_list1)) with
| Tuple2 _ b -> b)
nat_list1 : nat list
nat1 : nat
nat_list2 : nat list
IH1 : tsum (tf3 (tri (nat_list2))) = plus (tsum (tri (nat_list2))) (match (triNew (nat_list2)) with
| Tuple2 _ b -> b)
Inductive1 : nat_list1 = (nat1::nat_list2)
---------------------------------------
plus (nat1) (tsum (tf3 (tf3 (tri (nat_list2))))) = plus (plus (tsum (tri (nat_list2))) (match (triNew (nat_list2)) with
| Tuple2 _ b -> b)) (plus (match (triNew (nat_list2)) with
| Tuple2 _ b -> b) (nat1))

0 goal(s) more...

1 conjecture(s) more...
>>> assert forall (plist1:plist) (nat1:nat) (nat_list1:nat list), plus (nat1) (tsum (tf3 (tf3 (plist1)))) = plus (plus (tsum (plist1)) (match (triNew (nat_list1)) with
| Tuple2 _ b -> b)) (plus (match (triNew (nat_list1)) with
| Tuple2 _ b -> b) (nat1))(rank : 0.)


1st goal of : forall (plist1:plist) (nat1:nat) (nat_list1:nat list), plus (nat1) (tsum (tf3 (tf3 (plist1)))) = plus (plus (tsum (plist1)) (match (triNew (nat_list1)) with
| Tuple2 _ b -> b)) (plus (match (triNew (nat_list1)) with
| Tuple2 _ b -> b) (nat1))

---------------------------------------
forall (plist1:plist) (nat1:nat) (nat_list1:nat list), plus (nat1) (tsum (tf3 (tf3 (plist1)))) = plus (plus (tsum (plist1)) (match (triNew (nat_list1)) with
| Tuple2 _ b -> b)) (plus (match (triNew (nat_list1)) with
| Tuple2 _ b -> b) (nat1))

0 goal(s) more...

2 conjecture(s) more...
Tactic List : 1
induction nat1(rank:8.)
=================================================
Progress: 19


1st goal of : forall (plist1:plist) (nat1:nat) (nat_list1:nat list), plus (nat1) (tsum (tf3 (plist1))) = plus (tsum (plist1)) (plus (match (triNew (nat_list1)) with
| Tuple2 _ b -> b) (nat1))

---------------------------------------
forall (plist1:plist) (nat1:nat) (nat_list1:nat list), plus (nat1) (tsum (tf3 (plist1))) = plus (tsum (plist1)) (plus (match (triNew (nat_list1)) with
| Tuple2 _ b -> b) (nat1))

0 goal(s) more...

2 conjecture(s) more...
>>> induction nat1(rank : 8.)


1st goal of : forall (plist1:plist) (nat1:nat) (nat_list1:nat list), plus (nat1) (tsum (tf3 (plist1))) = plus (tsum (plist1)) (plus (match (triNew (nat_list1)) with
| Tuple2 _ b -> b) (nat1))
nat1 : nat
Base1 : nat1 = ZERO
---------------------------------------
forall (plist1:plist) (nat_list1:nat list), plus (ZERO) (tsum (tf3 (plist1))) = plus (tsum (plist1)) (plus (match (triNew (nat_list1)) with
| Tuple2 _ b -> b) (ZERO))

1 goal(s) more...

2 conjecture(s) more...
Tactic List : 1
simpl in goal(rank:8.)
=================================================
Progress: 20


1st goal of : forall (plist1:plist) (nat1:nat) (nat_list1:nat list), plus (nat1) (tsum (tf3 (tf3 (plist1)))) = plus (plus (tsum (plist1)) (match (triNew (nat_list1)) with
| Tuple2 _ b -> b)) (plus (match (triNew (nat_list1)) with
| Tuple2 _ b -> b) (nat1))

---------------------------------------
forall (plist1:plist) (nat1:nat) (nat_list1:nat list), plus (nat1) (tsum (tf3 (tf3 (plist1)))) = plus (plus (tsum (plist1)) (match (triNew (nat_list1)) with
| Tuple2 _ b -> b)) (plus (match (triNew (nat_list1)) with
| Tuple2 _ b -> b) (nat1))

0 goal(s) more...

2 conjecture(s) more...
>>> induction nat1(rank : 8.)


1st goal of : forall (plist1:plist) (nat1:nat) (nat_list1:nat list), plus (nat1) (tsum (tf3 (tf3 (plist1)))) = plus (plus (tsum (plist1)) (match (triNew (nat_list1)) with
| Tuple2 _ b -> b)) (plus (match (triNew (nat_list1)) with
| Tuple2 _ b -> b) (nat1))
nat1 : nat
Base1 : nat1 = ZERO
---------------------------------------
forall (plist1:plist) (nat_list1:nat list), plus (ZERO) (tsum (tf3 (tf3 (plist1)))) = plus (plus (tsum (plist1)) (match (triNew (nat_list1)) with
| Tuple2 _ b -> b)) (plus (match (triNew (nat_list1)) with
| Tuple2 _ b -> b) (ZERO))

1 goal(s) more...

2 conjecture(s) more...
Tactic List : 1
simpl in goal(rank:8.)
=================================================
Progress: 21


1st goal of : forall (plist1:plist) (nat1:nat) (nat_list1:nat list), plus (nat1) (tsum (tf3 (plist1))) = plus (tsum (plist1)) (plus (match (triNew (nat_list1)) with
| Tuple2 _ b -> b) (nat1))
nat1 : nat
Base1 : nat1 = ZERO
---------------------------------------
forall (plist1:plist) (nat_list1:nat list), plus (ZERO) (tsum (tf3 (plist1))) = plus (tsum (plist1)) (plus (match (triNew (nat_list1)) with
| Tuple2 _ b -> b) (ZERO))

1 goal(s) more...

2 conjecture(s) more...
>>> simpl in goal(rank : 8.)


1st goal of : forall (plist1:plist) (nat1:nat) (nat_list1:nat list), plus (nat1) (tsum (tf3 (plist1))) = plus (tsum (plist1)) (plus (match (triNew (nat_list1)) with
| Tuple2 _ b -> b) (nat1))
nat1 : nat
Base1 : nat1 = ZERO
---------------------------------------
forall (plist1:plist) (nat_list1:nat list), tsum (tf3 (plist1)) = plus (tsum (plist1)) (plus (match (triNew (nat_list1)) with
| Tuple2 _ b -> b) (ZERO))

1 goal(s) more...

2 conjecture(s) more...
Tactic List : 1
induction plist1(rank:9.)
=================================================
Progress: 22


1st goal of : forall (plist1:plist) (nat1:nat) (nat_list1:nat list), plus (nat1) (tsum (tf3 (tf3 (plist1)))) = plus (plus (tsum (plist1)) (match (triNew (nat_list1)) with
| Tuple2 _ b -> b)) (plus (match (triNew (nat_list1)) with
| Tuple2 _ b -> b) (nat1))
nat1 : nat
Base1 : nat1 = ZERO
---------------------------------------
forall (plist1:plist) (nat_list1:nat list), plus (ZERO) (tsum (tf3 (tf3 (plist1)))) = plus (plus (tsum (plist1)) (match (triNew (nat_list1)) with
| Tuple2 _ b -> b)) (plus (match (triNew (nat_list1)) with
| Tuple2 _ b -> b) (ZERO))

1 goal(s) more...

2 conjecture(s) more...
>>> simpl in goal(rank : 8.)


1st goal of : forall (plist1:plist) (nat1:nat) (nat_list1:nat list), plus (nat1) (tsum (tf3 (tf3 (plist1)))) = plus (plus (tsum (plist1)) (match (triNew (nat_list1)) with
| Tuple2 _ b -> b)) (plus (match (triNew (nat_list1)) with
| Tuple2 _ b -> b) (nat1))
nat1 : nat
Base1 : nat1 = ZERO
---------------------------------------
forall (plist1:plist) (nat_list1:nat list), tsum (tf3 (tf3 (plist1))) = plus (plus (tsum (plist1)) (match (triNew (nat_list1)) with
| Tuple2 _ b -> b)) (plus (match (triNew (nat_list1)) with
| Tuple2 _ b -> b) (ZERO))

1 goal(s) more...

2 conjecture(s) more...
Tactic List : 1
induction plist1(rank:9.)
=================================================
Progress: 23


1st goal of : forall (plist1:plist) (nat1:nat) (nat_list1:nat list), plus (nat1) (tsum (tf3 (plist1))) = plus (tsum (plist1)) (plus (match (triNew (nat_list1)) with
| Tuple2 _ b -> b) (nat1))
nat1 : nat
Base1 : nat1 = ZERO
---------------------------------------
forall (plist1:plist) (nat_list1:nat list), tsum (tf3 (plist1)) = plus (tsum (plist1)) (plus (match (triNew (nat_list1)) with
| Tuple2 _ b -> b) (ZERO))

1 goal(s) more...

2 conjecture(s) more...
>>> induction plist1(rank : 9.)


1st goal of : forall (plist1:plist) (nat1:nat) (nat_list1:nat list), plus (nat1) (tsum (tf3 (plist1))) = plus (tsum (plist1)) (plus (match (triNew (nat_list1)) with
| Tuple2 _ b -> b) (nat1))
nat1 : nat
Base1 : nat1 = ZERO
plist1 : plist
Base2 : plist1 = Pnil
---------------------------------------
forall (nat_list1:nat list), tsum (tf3 (Pnil)) = plus (tsum (Pnil)) (plus (match (triNew (nat_list1)) with
| Tuple2 _ b -> b) (ZERO))

2 goal(s) more...

2 conjecture(s) more...
Tactic List : 1
simpl in goal(rank:9.)
=================================================
Progress: 24


1st goal of : forall (plist1:plist) (nat1:nat) (nat_list1:nat list), plus (nat1) (tsum (tf3 (tf3 (plist1)))) = plus (plus (tsum (plist1)) (match (triNew (nat_list1)) with
| Tuple2 _ b -> b)) (plus (match (triNew (nat_list1)) with
| Tuple2 _ b -> b) (nat1))
nat1 : nat
Base1 : nat1 = ZERO
---------------------------------------
forall (plist1:plist) (nat_list1:nat list), tsum (tf3 (tf3 (plist1))) = plus (plus (tsum (plist1)) (match (triNew (nat_list1)) with
| Tuple2 _ b -> b)) (plus (match (triNew (nat_list1)) with
| Tuple2 _ b -> b) (ZERO))

1 goal(s) more...

2 conjecture(s) more...
>>> induction plist1(rank : 9.)


1st goal of : forall (plist1:plist) (nat1:nat) (nat_list1:nat list), plus (nat1) (tsum (tf3 (tf3 (plist1)))) = plus (plus (tsum (plist1)) (match (triNew (nat_list1)) with
| Tuple2 _ b -> b)) (plus (match (triNew (nat_list1)) with
| Tuple2 _ b -> b) (nat1))
nat1 : nat
Base1 : nat1 = ZERO
plist1 : plist
Base2 : plist1 = Pnil
---------------------------------------
forall (nat_list1:nat list), tsum (tf3 (tf3 (Pnil))) = plus (plus (tsum (Pnil)) (match (triNew (nat_list1)) with
| Tuple2 _ b -> b)) (plus (match (triNew (nat_list1)) with
| Tuple2 _ b -> b) (ZERO))

2 goal(s) more...

2 conjecture(s) more...
Tactic List : 1
simpl in goal(rank:9.)
=================================================
Progress: 25


1st goal of : forall (plist1:plist) (nat1:nat) (nat_list1:nat list), plus (nat1) (tsum (tf3 (plist1))) = plus (tsum (plist1)) (plus (match (triNew (nat_list1)) with
| Tuple2 _ b -> b) (nat1))
nat1 : nat
Base1 : nat1 = ZERO
plist1 : plist
Base2 : plist1 = Pnil
---------------------------------------
forall (nat_list1:nat list), tsum (tf3 (Pnil)) = plus (tsum (Pnil)) (plus (match (triNew (nat_list1)) with
| Tuple2 _ b -> b) (ZERO))

2 goal(s) more...

2 conjecture(s) more...
>>> simpl in goal(rank : 9.)


1st goal of : forall (plist1:plist) (nat1:nat) (nat_list1:nat list), plus (nat1) (tsum (tf3 (plist1))) = plus (tsum (plist1)) (plus (match (triNew (nat_list1)) with
| Tuple2 _ b -> b) (nat1))
nat1 : nat
Base1 : nat1 = ZERO
plist1 : plist
Base2 : plist1 = Pnil
---------------------------------------
forall (nat_list1:nat list), ZERO = plus (match (triNew (nat_list1)) with
| Tuple2 _ b -> b) (ZERO)

2 goal(s) more...

2 conjecture(s) more...
Tactic List : 1
intro nat_list1(rank:9.)
=================================================
Progress: 26


1st goal of : forall (plist1:plist) (nat1:nat) (nat_list1:nat list), plus (nat1) (tsum (tf3 (tf3 (plist1)))) = plus (plus (tsum (plist1)) (match (triNew (nat_list1)) with
| Tuple2 _ b -> b)) (plus (match (triNew (nat_list1)) with
| Tuple2 _ b -> b) (nat1))
nat1 : nat
Base1 : nat1 = ZERO
plist1 : plist
Base2 : plist1 = Pnil
---------------------------------------
forall (nat_list1:nat list), tsum (tf3 (tf3 (Pnil))) = plus (plus (tsum (Pnil)) (match (triNew (nat_list1)) with
| Tuple2 _ b -> b)) (plus (match (triNew (nat_list1)) with
| Tuple2 _ b -> b) (ZERO))

2 goal(s) more...

2 conjecture(s) more...
>>> simpl in goal(rank : 9.)


1st goal of : forall (plist1:plist) (nat1:nat) (nat_list1:nat list), plus (nat1) (tsum (tf3 (tf3 (plist1)))) = plus (plus (tsum (plist1)) (match (triNew (nat_list1)) with
| Tuple2 _ b -> b)) (plus (match (triNew (nat_list1)) with
| Tuple2 _ b -> b) (nat1))
nat1 : nat
Base1 : nat1 = ZERO
plist1 : plist
Base2 : plist1 = Pnil
---------------------------------------
forall (nat_list1:nat list), ZERO = plus (match (triNew (nat_list1)) with
| Tuple2 _ b -> b) (plus (match (triNew (nat_list1)) with
| Tuple2 _ b -> b) (ZERO))

2 goal(s) more...

2 conjecture(s) more...
Tactic List : 1
intro nat_list1(rank:9.)
=================================================
Progress: 27


1st goal of : forall (plist1:plist) (nat1:nat) (nat_list1:nat list), plus (nat1) (tsum (tf3 (plist1))) = plus (tsum (plist1)) (plus (match (triNew (nat_list1)) with
| Tuple2 _ b -> b) (nat1))
nat1 : nat
Base1 : nat1 = ZERO
plist1 : plist
Base2 : plist1 = Pnil
---------------------------------------
forall (nat_list1:nat list), ZERO = plus (match (triNew (nat_list1)) with
| Tuple2 _ b -> b) (ZERO)

2 goal(s) more...

2 conjecture(s) more...
>>> intro nat_list1(rank : 9.)


1st goal of : forall (plist1:plist) (nat1:nat) (nat_list1:nat list), plus (nat1) (tsum (tf3 (plist1))) = plus (tsum (plist1)) (plus (match (triNew (nat_list1)) with
| Tuple2 _ b -> b) (nat1))
nat1 : nat
Base1 : nat1 = ZERO
plist1 : plist
Base2 : plist1 = Pnil
nat_list1 : nat list
---------------------------------------
ZERO = plus (match (triNew (nat_list1)) with
| Tuple2 _ b -> b) (ZERO)

2 goal(s) more...

2 conjecture(s) more...
Tactic List : 0
previous tactics
simpl in goal
intro nat_list1
validate generalize_common_subterm_goal
Prop: ZERO = plus (match (triNew ((Nil))) with
| Tuple2 _ b -> b) (ZERO)
Prop: ZERO = plus (match (triNew ((Nil))) with
| Tuple2 _ b -> b) (ZERO)
Prop: ZERO = plus (match (triNew ((Nil))) with
| Tuple2 _ b -> b) (ZERO)
Lemma List
forall (nat_list1:nat list), ZERO = plus (match (triNew (nat_list1)) with
| Tuple2 _ b -> b) (ZERO)
End of Lemma List


1st goal of : forall (plist1:plist) (nat1:nat) (nat_list1:nat list), plus (nat1) (tsum (tf3 (plist1))) = plus (tsum (plist1)) (plus (match (triNew (nat_list1)) with
| Tuple2 _ b -> b) (nat1))
nat1 : nat
Base1 : nat1 = ZERO
plist1 : plist
Base2 : plist1 = Pnil
nat_list1 : nat list
---------------------------------------
ZERO = plus (match (triNew (nat_list1)) with
| Tuple2 _ b -> b) (ZERO)

2 goal(s) more...

2 conjecture(s) more...
=================================================
Progress: 28


1st goal of : forall (plist1:plist) (nat1:nat) (nat_list1:nat list), plus (nat1) (tsum (tf3 (plist1))) = plus (tsum (plist1)) (plus (match (triNew (nat_list1)) with
| Tuple2 _ b -> b) (nat1))
nat1 : nat
Base1 : nat1 = ZERO
plist1 : plist
Base2 : plist1 = Pnil
nat_list1 : nat list
---------------------------------------
ZERO = plus (match (triNew (nat_list1)) with
| Tuple2 _ b -> b) (ZERO)

2 goal(s) more...

2 conjecture(s) more...
>>> assert forall (nat_list1:nat list), ZERO = plus (match (triNew (nat_list1)) with
| Tuple2 _ b -> b) (ZERO)(rank : 0.)


1st goal of : forall (nat_list1:nat list), ZERO = plus (match (triNew (nat_list1)) with
| Tuple2 _ b -> b) (ZERO)

---------------------------------------
forall (nat_list1:nat list), ZERO = plus (match (triNew (nat_list1)) with
| Tuple2 _ b -> b) (ZERO)

0 goal(s) more...

3 conjecture(s) more...
Tactic List : 1
intro nat_list1(rank:9.)
=================================================
Progress: 29


1st goal of : forall (plist1:plist) (nat1:nat) (nat_list1:nat list), plus (nat1) (tsum (tf3 (tf3 (plist1)))) = plus (plus (tsum (plist1)) (match (triNew (nat_list1)) with
| Tuple2 _ b -> b)) (plus (match (triNew (nat_list1)) with
| Tuple2 _ b -> b) (nat1))
nat1 : nat
Base1 : nat1 = ZERO
plist1 : plist
Base2 : plist1 = Pnil
---------------------------------------
forall (nat_list1:nat list), ZERO = plus (match (triNew (nat_list1)) with
| Tuple2 _ b -> b) (plus (match (triNew (nat_list1)) with
| Tuple2 _ b -> b) (ZERO))

2 goal(s) more...

2 conjecture(s) more...
>>> intro nat_list1(rank : 9.)


1st goal of : forall (plist1:plist) (nat1:nat) (nat_list1:nat list), plus (nat1) (tsum (tf3 (tf3 (plist1)))) = plus (plus (tsum (plist1)) (match (triNew (nat_list1)) with
| Tuple2 _ b -> b)) (plus (match (triNew (nat_list1)) with
| Tuple2 _ b -> b) (nat1))
nat1 : nat
Base1 : nat1 = ZERO
plist1 : plist
Base2 : plist1 = Pnil
nat_list1 : nat list
---------------------------------------
ZERO = plus (match (triNew (nat_list1)) with
| Tuple2 _ b -> b) (plus (match (triNew (nat_list1)) with
| Tuple2 _ b -> b) (ZERO))

2 goal(s) more...

2 conjecture(s) more...
Tactic List : 0
previous tactics
simpl in goal
intro nat_list1
validate generalize_common_subterm_goal
Prop: ZERO = plus (match (triNew ((Nil))) with
| Tuple2 _ b -> b) (plus (match (triNew ((Nil))) with
| Tuple2 _ b -> b) (ZERO))
Prop: ZERO = plus (match (triNew ((Nil))) with
| Tuple2 _ b -> b) (plus (match (triNew ((Nil))) with
| Tuple2 _ b -> b) (ZERO))
Prop: ZERO = plus (match (triNew ((ZERO::(ZERO::(Nil))))) with
| Tuple2 _ b -> b) (plus (match (triNew ((ZERO::(ZERO::(Nil))))) with
| Tuple2 _ b -> b) (ZERO))
Lemma List
forall (nat_list1:nat list), ZERO = plus (match (triNew (nat_list1)) with
| Tuple2 _ b -> b) (plus (match (triNew (nat_list1)) with
| Tuple2 _ b -> b) (ZERO))
End of Lemma List


1st goal of : forall (plist1:plist) (nat1:nat) (nat_list1:nat list), plus (nat1) (tsum (tf3 (tf3 (plist1)))) = plus (plus (tsum (plist1)) (match (triNew (nat_list1)) with
| Tuple2 _ b -> b)) (plus (match (triNew (nat_list1)) with
| Tuple2 _ b -> b) (nat1))
nat1 : nat
Base1 : nat1 = ZERO
plist1 : plist
Base2 : plist1 = Pnil
nat_list1 : nat list
---------------------------------------
ZERO = plus (match (triNew (nat_list1)) with
| Tuple2 _ b -> b) (plus (match (triNew (nat_list1)) with
| Tuple2 _ b -> b) (ZERO))

2 goal(s) more...

2 conjecture(s) more...
=================================================
Progress: 30


1st goal of : forall (plist1:plist) (nat1:nat) (nat_list1:nat list), plus (nat1) (tsum (tf3 (tf3 (plist1)))) = plus (plus (tsum (plist1)) (match (triNew (nat_list1)) with
| Tuple2 _ b -> b)) (plus (match (triNew (nat_list1)) with
| Tuple2 _ b -> b) (nat1))
nat1 : nat
Base1 : nat1 = ZERO
plist1 : plist
Base2 : plist1 = Pnil
nat_list1 : nat list
---------------------------------------
ZERO = plus (match (triNew (nat_list1)) with
| Tuple2 _ b -> b) (plus (match (triNew (nat_list1)) with
| Tuple2 _ b -> b) (ZERO))

2 goal(s) more...

2 conjecture(s) more...
>>> assert forall (nat_list1:nat list), ZERO = plus (match (triNew (nat_list1)) with
| Tuple2 _ b -> b) (plus (match (triNew (nat_list1)) with
| Tuple2 _ b -> b) (ZERO))(rank : 0.)


1st goal of : forall (nat_list1:nat list), ZERO = plus (match (triNew (nat_list1)) with
| Tuple2 _ b -> b) (plus (match (triNew (nat_list1)) with
| Tuple2 _ b -> b) (ZERO))

---------------------------------------
forall (nat_list1:nat list), ZERO = plus (match (triNew (nat_list1)) with
| Tuple2 _ b -> b) (plus (match (triNew (nat_list1)) with
| Tuple2 _ b -> b) (ZERO))

0 goal(s) more...

3 conjecture(s) more...
Tactic List : 1
intro nat_list1(rank:9.)
=================================================
Progress: 31


1st goal of : forall (nat_list1:nat list), ZERO = plus (match (triNew (nat_list1)) with
| Tuple2 _ b -> b) (ZERO)

---------------------------------------
forall (nat_list1:nat list), ZERO = plus (match (triNew (nat_list1)) with
| Tuple2 _ b -> b) (ZERO)

0 goal(s) more...

3 conjecture(s) more...
>>> intro nat_list1(rank : 9.)


1st goal of : forall (nat_list1:nat list), ZERO = plus (match (triNew (nat_list1)) with
| Tuple2 _ b -> b) (ZERO)
nat_list1 : nat list
---------------------------------------
ZERO = plus (match (triNew (nat_list1)) with
| Tuple2 _ b -> b) (ZERO)

0 goal(s) more...

3 conjecture(s) more...
Tactic List : 0
validate generalize_common_subterm_goal
Prop: ZERO = plus (match (triNew ((Nil))) with
| Tuple2 _ b -> b) (ZERO)
Prop: ZERO = plus (match (triNew ((Nil))) with
| Tuple2 _ b -> b) (ZERO)
Prop: ZERO = plus (match (triNew ((Nil))) with
| Tuple2 _ b -> b) (ZERO)
Lemma List
forall (nat_list1:nat list), ZERO = plus (match (triNew (nat_list1)) with
| Tuple2 _ b -> b) (ZERO)
End of Lemma List


1st goal of : forall (nat_list1:nat list), ZERO = plus (match (triNew (nat_list1)) with
| Tuple2 _ b -> b) (ZERO)
nat_list1 : nat list
---------------------------------------
ZERO = plus (match (triNew (nat_list1)) with
| Tuple2 _ b -> b) (ZERO)

0 goal(s) more...

3 conjecture(s) more...
=================================================
Progress: 32


1st goal of : forall (nat_list1:nat list), ZERO = plus (match (triNew (nat_list1)) with
| Tuple2 _ b -> b) (ZERO)
nat_list1 : nat list
---------------------------------------
ZERO = plus (match (triNew (nat_list1)) with
| Tuple2 _ b -> b) (ZERO)

0 goal(s) more...

3 conjecture(s) more...
>>> assert forall (nat_list1:nat list), ZERO = plus (match (triNew (nat_list1)) with
| Tuple2 _ b -> b) (ZERO)(rank : 0.)


1st goal of : forall (nat_list1:nat list), ZERO = plus (match (triNew (nat_list1)) with
| Tuple2 _ b -> b) (ZERO)

---------------------------------------
forall (nat_list1:nat list), ZERO = plus (match (triNew (nat_list1)) with
| Tuple2 _ b -> b) (ZERO)

0 goal(s) more...

4 conjecture(s) more...
Tactic List : 1
intro nat_list1(rank:11.)
=================================================
Progress: 33


1st goal of : forall (nat_list1:nat list), ZERO = plus (match (triNew (nat_list1)) with
| Tuple2 _ b -> b) (plus (match (triNew (nat_list1)) with
| Tuple2 _ b -> b) (ZERO))

---------------------------------------
forall (nat_list1:nat list), ZERO = plus (match (triNew (nat_list1)) with
| Tuple2 _ b -> b) (plus (match (triNew (nat_list1)) with
| Tuple2 _ b -> b) (ZERO))

0 goal(s) more...

3 conjecture(s) more...
>>> intro nat_list1(rank : 9.)


1st goal of : forall (nat_list1:nat list), ZERO = plus (match (triNew (nat_list1)) with
| Tuple2 _ b -> b) (plus (match (triNew (nat_list1)) with
| Tuple2 _ b -> b) (ZERO))
nat_list1 : nat list
---------------------------------------
ZERO = plus (match (triNew (nat_list1)) with
| Tuple2 _ b -> b) (plus (match (triNew (nat_list1)) with
| Tuple2 _ b -> b) (ZERO))

0 goal(s) more...

3 conjecture(s) more...
Tactic List : 0
validate generalize_common_subterm_goal
Prop: ZERO = plus (match (triNew ((Nil))) with
| Tuple2 _ b -> b) (plus (match (triNew ((Nil))) with
| Tuple2 _ b -> b) (ZERO))
Prop: ZERO = plus (match (triNew ((Nil))) with
| Tuple2 _ b -> b) (plus (match (triNew ((Nil))) with
| Tuple2 _ b -> b) (ZERO))
Prop: ZERO = plus (match (triNew ((Nil))) with
| Tuple2 _ b -> b) (plus (match (triNew ((Nil))) with
| Tuple2 _ b -> b) (ZERO))
Lemma List
forall (nat_list1:nat list), ZERO = plus (match (triNew (nat_list1)) with
| Tuple2 _ b -> b) (plus (match (triNew (nat_list1)) with
| Tuple2 _ b -> b) (ZERO))
End of Lemma List


1st goal of : forall (nat_list1:nat list), ZERO = plus (match (triNew (nat_list1)) with
| Tuple2 _ b -> b) (plus (match (triNew (nat_list1)) with
| Tuple2 _ b -> b) (ZERO))
nat_list1 : nat list
---------------------------------------
ZERO = plus (match (triNew (nat_list1)) with
| Tuple2 _ b -> b) (plus (match (triNew (nat_list1)) with
| Tuple2 _ b -> b) (ZERO))

0 goal(s) more...

3 conjecture(s) more...
=================================================
Progress: 34


1st goal of : forall (nat_list1:nat list), ZERO = plus (match (triNew (nat_list1)) with
| Tuple2 _ b -> b) (plus (match (triNew (nat_list1)) with
| Tuple2 _ b -> b) (ZERO))
nat_list1 : nat list
---------------------------------------
ZERO = plus (match (triNew (nat_list1)) with
| Tuple2 _ b -> b) (plus (match (triNew (nat_list1)) with
| Tuple2 _ b -> b) (ZERO))

0 goal(s) more...

3 conjecture(s) more...
>>> assert forall (nat_list1:nat list), ZERO = plus (match (triNew (nat_list1)) with
| Tuple2 _ b -> b) (plus (match (triNew (nat_list1)) with
| Tuple2 _ b -> b) (ZERO))(rank : 0.)


1st goal of : forall (nat_list1:nat list), ZERO = plus (match (triNew (nat_list1)) with
| Tuple2 _ b -> b) (plus (match (triNew (nat_list1)) with
| Tuple2 _ b -> b) (ZERO))

---------------------------------------
forall (nat_list1:nat list), ZERO = plus (match (triNew (nat_list1)) with
| Tuple2 _ b -> b) (plus (match (triNew (nat_list1)) with
| Tuple2 _ b -> b) (ZERO))

0 goal(s) more...

4 conjecture(s) more...
Tactic List : 1
intro nat_list1(rank:11.)
=================================================
Progress: 35


1st goal of : forall (nat_list1:nat list), ZERO = plus (match (triNew (nat_list1)) with
| Tuple2 _ b -> b) (ZERO)

---------------------------------------
forall (nat_list1:nat list), ZERO = plus (match (triNew (nat_list1)) with
| Tuple2 _ b -> b) (ZERO)

0 goal(s) more...

4 conjecture(s) more...
>>> intro nat_list1(rank : 11.)


1st goal of : forall (nat_list1:nat list), ZERO = plus (match (triNew (nat_list1)) with
| Tuple2 _ b -> b) (ZERO)
nat_list1 : nat list
---------------------------------------
ZERO = plus (match (triNew (nat_list1)) with
| Tuple2 _ b -> b) (ZERO)

0 goal(s) more...

4 conjecture(s) more...
Tactic List : 0
validate generalize_common_subterm_goal
Prop: ZERO = plus (match (triNew ((ZERO::(Nil)))) with
| Tuple2 _ b -> b) (ZERO)
Prop: ZERO = plus (match (triNew ((Nil))) with
| Tuple2 _ b -> b) (ZERO)
Prop: ZERO = plus (match (triNew ((Nil))) with
| Tuple2 _ b -> b) (ZERO)
=================================================
Progress: 36


1st goal of : forall (nat_list1:nat list), ZERO = plus (match (triNew (nat_list1)) with
| Tuple2 _ b -> b) (plus (match (triNew (nat_list1)) with
| Tuple2 _ b -> b) (ZERO))

---------------------------------------
forall (nat_list1:nat list), ZERO = plus (match (triNew (nat_list1)) with
| Tuple2 _ b -> b) (plus (match (triNew (nat_list1)) with
| Tuple2 _ b -> b) (ZERO))

0 goal(s) more...

4 conjecture(s) more...
>>> intro nat_list1(rank : 11.)


1st goal of : forall (nat_list1:nat list), ZERO = plus (match (triNew (nat_list1)) with
| Tuple2 _ b -> b) (plus (match (triNew (nat_list1)) with
| Tuple2 _ b -> b) (ZERO))
nat_list1 : nat list
---------------------------------------
ZERO = plus (match (triNew (nat_list1)) with
| Tuple2 _ b -> b) (plus (match (triNew (nat_list1)) with
| Tuple2 _ b -> b) (ZERO))

0 goal(s) more...

4 conjecture(s) more...
Tactic List : 0
validate generalize_common_subterm_goal
Prop: ZERO = plus (match (triNew ((SUCC (ZERO)::(Nil)))) with
| Tuple2 _ b -> b) (plus (match (triNew ((SUCC (ZERO)::(Nil)))) with
| Tuple2 _ b -> b) (ZERO))
Prop: ZERO = plus (match (triNew ((SUCC (ZERO)::(ZERO::(ZERO::(Nil)))))) with
| Tuple2 _ b -> b) (plus (match (triNew ((SUCC (ZERO)::(ZERO::(ZERO::(Nil)))))) with
| Tuple2 _ b -> b) (ZERO))
Prop: ZERO = plus (match (triNew ((ZERO::(Nil)))) with
| Tuple2 _ b -> b) (plus (match (triNew ((ZERO::(Nil)))) with
| Tuple2 _ b -> b) (ZERO))
asdf
Fatal error: exception Failure("worklist is empty")
Raised at Stdlib.failwith in file "stdlib.ml", line 29, characters 17-33
Called from Dilemma__Engine.proof_auto in file "lib/engine.ml", line 284, characters 8-69
Called from Dune__exe__Main.main in file "bin/main.ml", line 24, characters 12-79
